{'company_name_zoominfo': 'Plantee Bioplastics', 'website': 'www.plantee.ca', 'headquarters': '1457 W Hastings St, Vancouver, British Columbia, V6G 3J9, Canada', 'SIC Code': '87,873', 'NAICS Code': '54,541', 'revenue': '<$5M', 'Number of Employees': '<25', 'LinkedIn url': '!not-found'}
{'company_name_zoominfo': 'Empower Environmental Solutions', 'website': 'www.empowerenvironmental.com', 'headquarters': '7046 Brown St, Delta, British Columbia, V4G 1G8, Canada', 'SIC Code': '89,899', 'NAICS Code': '54,541', 'revenue': '<$5M', 'Number of Employees': '<25', 'LinkedIn url': 'http://www.linkedin.com/company/empower-environmental-solutions'}
{'company_name_zoominfo': 'Anaconda Systems', 'website': 'www.anacondasystems.ca', 'headquarters': '8601 Main St, Vancouver, British Columbia, V5X 3L8, Canada', 'SIC Code': '28,287', 'NAICS Code': '32,325', 'revenue': '<$5M', 'Number of Employees': '<25', 'LinkedIn url': '!not-found'}
{'company_name_zoominfo': 'Innocorps Research', 'website': 'www.innocorps.com', 'headquarters': '204-4014 Arthur Rose Ave, Saskatoon, Saskatchewan, S7P 0C8, Canada', 'SIC Code': '87,873', 'NAICS Code': '54,541', 'revenue': '<$5M', 'Number of Employees': '<25', 'LinkedIn url': 'http://www.linkedin.com/company/1187661'}
{'company_name_zoominfo': 'Suntech Recycle', 'website': 'www.suntechrecycle.com', 'headquarters': '2193 Rue De La Metropole, Longueuil, Quebec, J4G 1S5, Canada', 'SIC Code': '49,495', 'NAICS Code': '56,562', 'revenue': '<$5M', 'Number of Employees': '<25', 'LinkedIn url': 'http://www.linkedin.com/company/suntech-recycle'}
{'company_name_zoominfo': 'Unwasted', 'website': 'www.unwastedtrash.com', 'headquarters': '2770 Matheson Blvd East, Mississauga, Ontario, L4W 4M5, Canada', 'SIC Code': '49', 'NAICS Code': '22,221', 'revenue': '<$5M', 'Number of Employees': '<25', 'LinkedIn url': 'http://www.linkedin.com/company/unwastedtrash'}
{'company_name_zoominfo': 'Stablex', 'website': 'www.stablex.com', 'headquarters': '760 Boulevard Industriel, Blainville, Quebec, J7C 3V4, Canada', 'SIC Code': '15,152', 'NAICS Code': '23,236', 'revenue': '$50.4M', 'Number of Employees': '119', 'LinkedIn url': 'http://www.linkedin.com/company/stablex'}
{'company_name_zoominfo': 'StrategX Elements', 'website': 'www.strategxcorp.com', 'headquarters': '#514-55 Water St, Vancouver, British Columbia, V6B 1A1, Canada', 'SIC Code': '10,109', 'NAICS Code': '21,212', 'revenue': '<$5M', 'Number of Employees': '<25', 'LinkedIn url': '!not-found'}
{'company_name_zoominfo': 'Koester Associates', 'website': 'www.koesterassociates.com', 'headquarters': '3101 Seneca Tpke, Canastota, New York, 13032, United States', 'SIC Code': '49,15', 'NAICS Code': '33,334', 'revenue': '$17M', 'Number of Employees': '58', 'LinkedIn url': 'http://www.linkedin.com/company/koester-associates-inc.'}
{'company_name_zoominfo': '!not-found', 'website': '!not-found', 'headquarters': '!not-found', 'SIC Code': '!not-found', 'NAICS Code': '!not-found', 'revenue': '!not-found', 'Number of Employees': '!not-found', 'LinkedIn url': '!not-found'}
{'company_name_zoominfo': 'Whitewater Management', 'website': 'www.whitewatermanagement.ca', 'headquarters': '605 5 Ave SW Ste 2610, Calgary, Alberta, T2P 3H5, Canada', 'SIC Code': '87,874', 'NAICS Code': '56,561', 'revenue': '$36.2M', 'Number of Employees': '118', 'LinkedIn url': 'http://www.linkedin.com/company/white-water-management'}
{'company_name_zoominfo': 'Clean Valley', 'website': 'www.cleanvalleycic.com', 'headquarters': '371 Prince Albert Rd, Dartmouth, Nova Scotia, B2Y 1N8, Canada', 'SIC Code': '87,873', 'NAICS Code': '54,541', 'revenue': '<$5M', 'Number of Employees': '<25', 'LinkedIn url': 'http://www.linkedin.com/company/clean-valley-cic'}
{'company_name_zoominfo': 'Recyc-Québec', 'website': 'recyc-quebec.gouv.qc.ca', 'headquarters': '420 Boul. Charest Est Bureau 200, Quebec, Quebec, G1K 8M4, Canada', 'SIC Code': '50,509', 'NAICS Code': '42,423', 'revenue': '$16.9M', 'Number of Employees': '111', 'LinkedIn url': 'http://www.linkedin.com/company/recyc-qu-bec'}
renewing ip
429
2a03:e600:100::15
{'company_name_zoominfo': 'Cypher Environmental', 'website': 'www.cypherenvironmental.com', 'headquarters': '1149 St Matthews Ave Fl 2, Winnipeg, Manitoba, R3G 0J8, Canada', 'SIC Code': '89,899', 'NAICS Code': '54,541', 'revenue': '<$5M', 'Number of Employees': '<25', 'LinkedIn url': 'http://www.linkedin.com/company/cypher-environmental-ltd'}
{'company_name_zoominfo': 'GreenLid Smoothies', 'website': 'www.greenlid.com', 'headquarters': 'San Francisco, California, United States', 'SIC Code': '26,265', 'NAICS Code': '32,322', 'revenue': '<$5M', 'Number of Employees': '<25', 'LinkedIn url': '!not-found'}
{'company_name_zoominfo': 'RSI Environnement', 'website': 'www.rsienvironnement.com', 'headquarters': '80 Melezes St, Saint Ambroise, Quebec, G7P 2N4, Canada', 'SIC Code': '89,899', 'NAICS Code': '54,541', 'revenue': '$6.4M', 'Number of Employees': '<25', 'LinkedIn url': 'http://www.linkedin.com/company/rsienvironnement'}
{'company_name_zoominfo': 'Eco-Tec', 'website': 'www.eco-tec.com', 'headquarters': '1145 Squires Beach Rd, Pickering, Ontario, L1W 3T9, Canada', 'SIC Code': '49,35', 'NAICS Code': '22,221', 'revenue': '$38M', 'Number of Employees': '161', 'LinkedIn url': 'http://www.linkedin.com/company/eco-tec-inc'}
{'company_name_zoominfo': 'Berga Recycling', 'website': 'www.bergarecycling.com', 'headquarters': '3055 Boul. Saint-Martin Ouest Ste T500, Laval, Quebec, H7T 0J3, Canada', 'SIC Code': '49,495', 'NAICS Code': '56,562', 'revenue': '$6.5M', 'Number of Employees': '<25', 'LinkedIn url': 'http://www.linkedin.com/company/berga-recycling'}
{'company_name_zoominfo': 'River Birch Global Water', 'website': 'www.riverbirchwater.com', 'headquarters': '401 Bay St Ste 2410, Toronto, Ontario, M5H 2Y4, Canada', 'SIC Code': '49,494', 'NAICS Code': '22,221', 'revenue': '$5.1M', 'Number of Employees': '<25', 'LinkedIn url': '!not-found'}
{'company_name_zoominfo': 'Enbiorganic Technologies', 'website': 'www.enbiorganic.com', 'headquarters': '1816 Crowchild Trl NW Ste 700, Calgary, Alberta, T2M 3Y7, Canada', 'SIC Code': '35,358', 'NAICS Code': '33,333', 'revenue': '$5.2M', 'Number of Employees': '<25', 'LinkedIn url': 'http://www.linkedin.com/company/enbiorganic'}
{'company_name_zoominfo': 'Ecotec', 'website': 'www.ecotecco.com', 'headquarters': '850 S Via Lata Ste 115, Colton, California, 92324, United States', 'SIC Code': '38,382', 'NAICS Code': '33,334', 'revenue': '$5M', 'Number of Employees': '<25', 'LinkedIn url': 'http://www.linkedin.com/company/ecotec-solutions-inc.'}
{'company_name_zoominfo': 'Viqua', 'website': 'www.viqua.com', 'headquarters': '425 Clair Rd W, Guelph, Ontario, N1L 1R1, Canada', 'SIC Code': '35,358', 'NAICS Code': '33,333', 'revenue': '$16.4M', 'Number of Employees': '77', 'LinkedIn url': 'http://www.linkedin.com/company/viqua'}
{'company_name_zoominfo': 'Pressure', 'website': 'www.pressurecorp.com', 'headquarters': '!not-found', 'SIC Code': '73,733', 'NAICS Code': '54,541', 'revenue': '<$5M', 'Number of Employees': '<25', 'LinkedIn url': 'http://www.linkedin.com/company/pressurecorp'}
{'company_name_zoominfo': 'Western Pump', 'website': 'www.westernpump.ca', 'headquarters': '11346 42 St SE, Calgary, Alberta, T2C 5C4, Canada', 'SIC Code': '35,356', 'NAICS Code': '33,333', 'revenue': '$6.6M', 'Number of Employees': '<25', 'LinkedIn url': 'http://www.linkedin.com/company/western-pump-solutions-ltd-'}
{'company_name_zoominfo': 'The ZCL', 'website': 'www.zcl.com.pk', 'headquarters': '501 Bank & Business Centre, Karachi, Sindh, Pakistan', 'SIC Code': '15,154', 'NAICS Code': '23,236', 'revenue': '$36.7M', 'Number of Employees': '131', 'LinkedIn url': 'http://www.linkedin.com/company/zcl---ziauddin-ahmed-&-company-pvt-ltd.'}
renewing ip
429
2001:67c:6ec:203:192:42:116:198
{'company_name_zoominfo': '!not-found', 'website': 'OMNI Conversion Technologies', 'headquarters': '!not-found', 'SIC Code': '!not-found', 'NAICS Code': '!not-found', 'revenue': '!not-found', 'Number of Employees': '!not-found', 'LinkedIn url': '!not-found'}
{'company_name_zoominfo': 'Binners Project', 'website': 'www.binnersproject.org', 'headquarters': 'Vancouver, British Columbia, Canada', 'SIC Code': '83,839', 'NAICS Code': '81,813', 'revenue': '<$5M', 'Number of Employees': '<25', 'LinkedIn url': 'http://www.linkedin.com/company/binnersproject'}
{'company_name_zoominfo': 'Comforts of Home', 'website': 'www.tcohllc.com', 'headquarters': '244145 Po Box, Anchorage, Alaska, 99524, United States', 'SIC Code': '50,507', 'NAICS Code': '42,423', 'revenue': '<$5M', 'Number of Employees': '<25', 'LinkedIn url': '!not-found'}
{'company_name_zoominfo': 'Enpar Group', 'website': 'www.enpargroup.com', 'headquarters': '309 W 7th St Ste 1100, Fort Worth, Texas, 76102, United States', 'SIC Code': '61,611', 'NAICS Code': '52,522', 'revenue': '<$5M', 'Number of Employees': '<25', 'LinkedIn url': '!not-found'}
{'company_name_zoominfo': 'Septic Tank Emptying Staffordshire', 'website': 'www.septictankemptyingstafford.co.uk', 'headquarters': 'Parton Field House Farm, Stafford, Staffordshire, ST21 6LX, United Kin...', 'SIC Code': '76,769', 'NAICS Code': '56,562', 'revenue': '<$5M', 'Number of Employees': '<25', 'LinkedIn url': '!not-found'}
{'company_name_zoominfo': 'RPRA', 'website': 'www.rpra.ca', 'headquarters': '4711 Yonge St Ste 408, Toronto, Ontario, M2N 6K8, Canada', 'SIC Code': '95,951', 'NAICS Code': '92,924', 'revenue': '$7.6M', 'Number of Employees': '30', 'LinkedIn url': 'http://www.linkedin.com/company/rpraont'}
{'company_name_zoominfo': 'Water Depot', 'website': 'www.waterdepot.com', 'headquarters': '92 Commerce Park Dr Unit 2, Barrie, Ontario, L4N 8W8, Canada', 'SIC Code': '50,507', 'NAICS Code': '22,221', 'revenue': '$15.7M', 'Number of Employees': '44', 'LinkedIn url': 'http://www.linkedin.com/company/drinking-water-depot'}
{'company_name_zoominfo': 'BinXpress Waste Management', 'website': 'www.binxpress.com', 'headquarters': '79 Fenmar Dr, North York, Ontario, M9L 1M3, Canada', 'SIC Code': '49,495', 'NAICS Code': '22,221', 'revenue': '<$5M', 'Number of Employees': '<25', 'LinkedIn url': '!not-found'}
{'company_name_zoominfo': 'Jonli Water Services', 'website': 'www.jonli.com', 'headquarters': '8255 Mountain Sights Ave Ste 414, Montreal, Quebec, H4P 2B5, Canada', 'SIC Code': '49,494', 'NAICS Code': '22,221', 'revenue': '$5.6M', 'Number of Employees': '<25', 'LinkedIn url': 'http://www.linkedin.com/company/jonli-water-services-inc.'}
{'company_name_zoominfo': 'KC Recycling', 'website': 'www.kc-recycling.com', 'headquarters': '9350 Hwy 22a, Trail, British Columbia, V0G 1L0, Canada', 'SIC Code': '49,495', 'NAICS Code': '56,562', 'revenue': '$14.5M', 'Number of Employees': '36', 'LinkedIn url': '!not-found'}
{'company_name_zoominfo': 'MiniBins.com', 'website': 'www.minibins.com', 'headquarters': '20085 96 Ave, Langley, British Columbia, V1M 3C6, Canada', 'SIC Code': '49,495', 'NAICS Code': '56,562', 'revenue': '<$5M', 'Number of Employees': '<25', 'LinkedIn url': 'http://www.linkedin.com/company/minibins-com'}
{'company_name_zoominfo': 'Sani Dumps', 'website': 'www.sanidumps.com', 'headquarters': '675 Hwy 180, Springerville, Arizona, 85938, United States', 'SIC Code': '55,551', 'NAICS Code': '44,441', 'revenue': '$8.4M', 'Number of Employees': '32', 'LinkedIn url': 'http://www.linkedin.com/company/sanidumps.com'}
renewing ip
429
2a06:1700:0:12::4
{'company_name_zoominfo': 'PolyGone Technologies', 'website': 'www.polygonetechnologies.com', 'headquarters': '266a Northlake Dr, Waterloo, Ontario, N2V 1A9, Canada', 'SIC Code': '95,951', 'NAICS Code': '92,924', 'revenue': '<$5M', 'Number of Employees': '<25', 'LinkedIn url': '!not-found'}
{'company_name_zoominfo': 'Aclarus', 'website': 'www.aclarus.ca', 'headquarters': '1901 Fisher Dr, Peterborough, Ontario, K9J 6X6, Canada', 'SIC Code': '35,358', 'NAICS Code': '33,333', 'revenue': '<$5M', 'Number of Employees': '<25', 'LinkedIn url': 'http://www.linkedin.com/company/2934706'}
{'company_name_zoominfo': 'EnviroApps', 'website': 'www.enviroapps.com', 'headquarters': '400 5 Th Ave SW 800, Calgary, Alberta, T2P 0L6, Canada', 'SIC Code': '73,737', 'NAICS Code': '54,541', 'revenue': '<$5M', 'Number of Employees': '<25', 'LinkedIn url': 'http://www.linkedin.com/company/enviroapps-inc'}
{'company_name_zoominfo': 'Yava Technologies', 'website': 'www.yavatechnologies.com', 'headquarters': '300 Dwight Ave Ste 101, Toronto, Ontario, M8V 2W7, Canada', 'SIC Code': '10,106', 'NAICS Code': '21,212', 'revenue': '$5.5M', 'Number of Employees': '<25', 'LinkedIn url': 'http://www.linkedin.com/company/yava-technologies-inc'}
{'company_name_zoominfo': 'Wastenot Farms', 'website': 'www.wastenotfarms.com', 'headquarters': '5 Sideroad, Mono, Ontario, L9W 6K9, Canada', 'SIC Code': '28,287', 'NAICS Code': '32,325', 'revenue': '<$5M', 'Number of Employees': '<25', 'LinkedIn url': 'http://www.linkedin.com/company/wastenot-farm'}
{'company_name_zoominfo': 'Modern Waste Products', 'website': 'www.binpak.com', 'headquarters': '23 Craig St Unit 6, Brantford, Ontario, N3R 7H8, Canada', 'SIC Code': '49,495', 'NAICS Code': '22,221', 'revenue': '$16.9M', 'Number of Employees': '78', 'LinkedIn url': 'http://www.linkedin.com/company/modern-waste-products-inc'}
{'company_name_zoominfo': '!not-found', 'website': 'Collective Waste', 'headquarters': '!not-found', 'SIC Code': '!not-found', 'NAICS Code': '!not-found', 'revenue': '!not-found', 'Number of Employees': '!not-found', 'LinkedIn url': '!not-found'}
{'company_name_zoominfo': 'Amplytica', 'website': 'www.amplytica.io', 'headquarters': '348 Tranquille Rd, Kamloops, British Columbia, V2B 3G6, Canada', 'SIC Code': '73,738', 'NAICS Code': '56,561', 'revenue': '<$5M', 'Number of Employees': '<25', 'LinkedIn url': 'http://www.linkedin.com/company/amplytica-inc.'}
{'company_name_zoominfo': 'Klenzoid', 'website': 'www.klenzoidinc.com', 'headquarters': '912 Spring Mill Ave, Conshohocken, Pennsylvania, 19428, United States', 'SIC Code': '49,495', 'NAICS Code': '22,221', 'revenue': '$20.6M', 'Number of Employees': '<25', 'LinkedIn url': 'http://www.linkedin.com/company/klenzoid-company-limited'}
{'company_name_zoominfo': 'CVW CleanTech', 'website': 'www.cvwcleantech.com', 'headquarters': 'suite 800 736-8th Ave SW, Calgary, Alberta, T2P 1H4, Canada', 'SIC Code': '73,734', 'NAICS Code': '56,561', 'revenue': '<$5M', 'Number of Employees': '<25', 'LinkedIn url': '!not-found'}
{'company_name_zoominfo': 'Green Chair Recycling', 'website': 'www.greenchairrecycling.com', 'headquarters': '312 268 Keefer St, Vancouver, British Columbia, V6A 1X5, Canada', 'SIC Code': '49,495', 'NAICS Code': '56,562', 'revenue': '$5.2M', 'Number of Employees': '<25', 'LinkedIn url': 'http://www.linkedin.com/company/1156532'}
{'company_name_zoominfo': 'NPower Clean Tech', 'website': 'www.npowercleantech.com', 'headquarters': '2391 Oak St, Vancouver, British Columbia, V6H 2J8, Canada', 'SIC Code': '95,951', 'NAICS Code': '92,924', 'revenue': '<$5M', 'Number of Employees': '<25', 'LinkedIn url': '!not-found'}
{'company_name_zoominfo': 'NotAvailable', 'website': 'NotAvailable', 'headquarters': 'NotAvailable', 'SIC Code': 'NotAvailable', 'NAICS Code': 'NotAvailable', 'revenue': 'NotAvailable', 'Number of Employees': 'NotAvailable', 'LinkedIn url': 'NotAvailable'}
renewing ip
429
2a03:4000:15:928:dead:beef:ca1f:1337
{'company_name_zoominfo': 'Boydel Wastewater Technologies', 'website': 'www.boydel.ca', 'headquarters': '102 9382 Shirley Rd, Chemainus, British Columbia, V0R 1K4, Canada', 'SIC Code': '35,358', 'NAICS Code': '33,333', 'revenue': '<$5M', 'Number of Employees': '<25', 'LinkedIn url': '!not-found'}
{'company_name_zoominfo': 'One Environmental', 'website': 'www.oneenvironmentalinc.com', 'headquarters': '261131 Wagon Wheel Way, Rocky View, Alberta, T4A 0E2, Canada', 'SIC Code': '42,421', 'NAICS Code': '56,562', 'revenue': '<$5M', 'Number of Employees': '<25', 'LinkedIn url': 'http://www.linkedin.com/company/one-environmental-inc'}
{'company_name_zoominfo': 'Muddy River Technologies', 'website': 'www.muddyriver.ca', 'headquarters': '7198 Vantage Way, Delta, British Columbia, V4G 1K7, Canada', 'SIC Code': '35,358', 'NAICS Code': '33,333', 'revenue': '<$5M', 'Number of Employees': '<25', 'LinkedIn url': 'http://www.linkedin.com/company/muddy-river-technologies-inc-'}
