{'company_name_zoominfo': 'Quest Disposal & Recycling', 'website': 'www.questdisposal.ca', 'headquarters': '4309-50 St, Vegreville, Alberta, T9C 1B7, Canada', 'SIC Code': '49,495', 'NAICS Code': '56,562', 'revenue': '$5.9M', 'Number of Employees': '<25', 'LinkedIn url': 'http://www.linkedin.com/company/3536962'}
{'company_name_zoominfo': 'Crestwood Equity Partners', 'website': 'www.crestwoodlp.com', 'headquarters': '811 Main St Ste 3400, Houston, Texas, 77002, United States', 'SIC Code': '49,492', 'NAICS Code': '23,237', 'revenue': '$5.1B', 'Number of Employees': '645', 'LinkedIn url': 'http://www.linkedin.com/company/crestwood-east'}
{'company_name_zoominfo': 'Del-Co Water', 'website': 'www.delcowater.org', 'headquarters': '6658 Olentangy River Rd, Delaware, Ohio, 43015, United States', 'SIC Code': '49,494', 'NAICS Code': '22,221', 'revenue': '$82M', 'Number of Employees': '103', 'LinkedIn url': 'http://www.linkedin.com/company/del-co-water-company'}
{'company_name_zoominfo': 'Q Water', 'website': 'www.qwater.ca', 'headquarters': '5 Shields Ct Ste 109, Markham, Ontario, L3R 0G3, Canada', 'SIC Code': '50,507', 'NAICS Code': '42,423', 'revenue': '$23.2M', 'Number of Employees': '80', 'LinkedIn url': 'https://www.linkedin.com/company/q-water'}
{'company_name_zoominfo': 'Reclaim Plastics', 'website': 'www.reclaimplastics.com', 'headquarters': '6120 Trapp Ave, Burnaby, British Columbia, V3N 2V4, Canada', 'SIC Code': '49,495', 'NAICS Code': '56,562', 'revenue': '<$5M', 'Number of Employees': '<25', 'LinkedIn url': 'http://www.linkedin.com/company/reclaim-plastics'}
{'company_name_zoominfo': 'Grounded', 'website': 'www.shopgrounded.com', 'headquarters': '897 S Coast Hwy Ste 105, Encinitas, California, 92024, United States', 'SIC Code': '57,571', 'NAICS Code': '44,442', 'revenue': '<$5M', 'Number of Employees': '<25', 'LinkedIn url': 'http://www.linkedin.com/company/grounded-modern-living'}
{'company_name_zoominfo': 'Canadian Wood Waste Recycling Business Group', 'website': 'www.cdnwoodwasterecycling.ca', 'headquarters': 'PO Box 113, Saskatoon, Saskatchewan, S7K 3K1, Canada', 'SIC Code': '49,495', 'NAICS Code': '56,562', 'revenue': '$22.2M', 'Number of Employees': '94', 'LinkedIn url': '!not-found'}
{'company_name_zoominfo': 'NotAvailable', 'website': 'NotAvailable', 'headquarters': 'NotAvailable', 'SIC Code': 'NotAvailable', 'NAICS Code': 'NotAvailable', 'revenue': 'NotAvailable', 'Number of Employees': 'NotAvailable', 'LinkedIn url': 'NotAvailable'}
{'company_name_zoominfo': 'TerraShift Engineering', 'website': 'www.terrashift.ca', 'headquarters': '4409 94 St NW, Edmonton, Alberta, T6E 6T7, Canada', 'SIC Code': '87,871', 'NAICS Code': '54,541', 'revenue': '<$5M', 'Number of Employees': '<25', 'LinkedIn url': 'http://www.linkedin.com/company/terrashifteng'}
{'company_name_zoominfo': 'EcoAction Recycling', 'website': 'www.ecoactionrecycling.com', 'headquarters': '159 Ave W.7TH, Vancouver, British Columbia, V5Y 1L8, Canada', 'SIC Code': '49,495', 'NAICS Code': '56,562', 'revenue': '<$5M', 'Number of Employees': '<25', 'LinkedIn url': 'http://www.linkedin.com/company/ecoaction-recycling'}
{'company_name_zoominfo': 'RTS Consulting', 'website': 'www.rtsperfectplant.com', 'headquarters': '1997 Annapolis Exchange Pkwy Ste 300, Annapolis, Maryland, 21401, Unit...', 'SIC Code': '73,737', 'NAICS Code': '51,518', 'revenue': '$6.4M', 'Number of Employees': '<25', 'LinkedIn url': 'http://www.linkedin.com/company/rts-consulting-engineers'}
{'company_name_zoominfo': '!not-found', 'website': 'EDBI', 'headquarters': '!not-found', 'SIC Code': '!not-found', 'NAICS Code': '!not-found', 'revenue': '!not-found', 'Number of Employees': '!not-found', 'LinkedIn url': '!not-found'}
{'company_name_zoominfo': 'ZooShare', 'website': 'www.zooshare.ca', 'headquarters': '170 The Donway West Ste 153, Toronto, Ontario, M3C 2E8, Canada', 'SIC Code': '49,495', 'NAICS Code': '56,562', 'revenue': '<$5M', 'Number of Employees': '<25', 'LinkedIn url': 'http://www.linkedin.com/company/zooshare-biogas-co-operative'}
{'company_name_zoominfo': 'Collective Waste', 'website': 'www.collectivewaste.ca', 'headquarters': '405 10 Ave SE Ste 210, Calgary, Alberta, T2G 0W3, Canada', 'SIC Code': '49,495', 'NAICS Code': '56,562', 'revenue': '$19.2M', 'Number of Employees': '36', 'LinkedIn url': 'http://www.linkedin.com/company/collectivewaste'}
renewing ip
429
2a0b:f4c1:2::244
{'company_name_zoominfo': 'Flowmetrics', 'website': 'www.flowmetrics.com', 'headquarters': '9201 Independence Ave, Chatsworth, California, 91311, United States', 'SIC Code': '38,382', 'NAICS Code': '33,334', 'revenue': '$5.7M', 'Number of Employees': '<25', 'LinkedIn url': 'http://www.linkedin.com/company/flowmetrics-inc-'}
{'company_name_zoominfo': 'North Mason Resources', 'website': 'www.nmresources.org', 'headquarters': '140 NE State Rte 300, Belfair, Washington, 98528, United States', 'SIC Code': '83,832', 'NAICS Code': '62,624', 'revenue': '<$5M', 'Number of Employees': '<25', 'LinkedIn url': '!not-found'}
{'company_name_zoominfo': 'Aquatera', 'website': 'www.aquatera.ca', 'headquarters': '11101 104 Ave, Grande Prairie, Alberta, T8V 8H6, Canada', 'SIC Code': '49,497', 'NAICS Code': '22,221', 'revenue': '$39.5M', 'Number of Employees': '139', 'LinkedIn url': 'http://www.linkedin.com/company/aquatera-utilities-inc'}
{'company_name_zoominfo': 'Royal Mat', 'website': 'www.royalmat.com', 'headquarters': '132 181e Rue, Beauceville, Quebec, G5X 2S8, Canada', 'SIC Code': '22,227', 'NAICS Code': '31,314', 'revenue': '$21.6M', 'Number of Employees': '73', 'LinkedIn url': 'http://www.linkedin.com/company/royal-mat-inc.'}
{'company_name_zoominfo': '!not-found', 'website': 'GFL Environmental', 'headquarters': '!not-found', 'SIC Code': '!not-found', 'NAICS Code': '!not-found', 'revenue': '!not-found', 'Number of Employees': '!not-found', 'LinkedIn url': '!not-found'}
{'company_name_zoominfo': 'Biomaxx Environmental', 'website': 'www.biomaxx.ca', 'headquarters': '1-7163 Vantage Way, Delta, British Columbia, V4G 1N1, Canada', 'SIC Code': '89,899', 'NAICS Code': '54,541', 'revenue': '<$5M', 'Number of Employees': '<25', 'LinkedIn url': '!not-found'}
{'company_name_zoominfo': 'Tecta PDS', 'website': 'www.tecta-pds.ca', 'headquarters': '382 King St E, Kingston, Ontario, K7K 2Y2, Canada', 'SIC Code': '87,873', 'NAICS Code': '54,541', 'revenue': '$5.3M', 'Number of Employees': '<25', 'LinkedIn url': 'http://www.linkedin.com/company/pathogen-detection-systems-inc-'}
{'company_name_zoominfo': 'Delsan-aim Environmental Services', 'website': 'www.delsan-aim.com', 'headquarters': '2187 Montée Masson, Laval, Quebec, H7E 4P2, Canada', 'SIC Code': '89,899', 'NAICS Code': '54,541', 'revenue': '$73.3M', 'Number of Employees': '365', 'LinkedIn url': 'http://www.linkedin.com/company/delsan-a.i.m.-environmental-services-inc.'}
{'company_name_zoominfo': 'ReWaste', 'website': 'www.rewaste.ca', 'headquarters': 'Canada', 'SIC Code': '91,912', 'NAICS Code': '92,921', 'revenue': '<$5M', 'Number of Employees': '<25', 'LinkedIn url': 'http://www.linkedin.com/company/rewaste'}
{'company_name_zoominfo': 'Mr Recycle', 'website': 'www.mrrecycle.com', 'headquarters': '756 13th Ave, Vancouver, British Columbia, V5T 2L3, Canada', 'SIC Code': '49,495', 'NAICS Code': '22,221', 'revenue': '<$5M', 'Number of Employees': '<25', 'LinkedIn url': 'http://www.linkedin.com/company/misterrecycle'}
{'company_name_zoominfo': 'Davis Index', 'website': 'www.davisindex.com', 'headquarters': '160 Robinson Rd Ste 20-03, Singapore, 068914, Singapore', 'SIC Code': '73,737', 'NAICS Code': '51,517', 'revenue': '<$5M', 'Number of Employees': '<25', 'LinkedIn url': 'http://www.linkedin.com/company/davisindex'}
{'company_name_zoominfo': 'DataXile', 'website': 'www.dataxile.com', 'headquarters': '90 Basaltic Rd Unit 10, Concord, Ontario, L4K 1G6, Canada', 'SIC Code': '49,495', 'NAICS Code': '56,562', 'revenue': '<$5M', 'Number of Employees': '<25', 'LinkedIn url': 'http://www.linkedin.com/company/dataxile-corp-'}
renewing ip
429
2001:67c:6ec:203:192:42:116:198
{'company_name_zoominfo': 'Alter NRG Corp.', 'website': 'www.alternrg.com', 'headquarters': '10201 Southport Rd SW, Calgary, Alberta, T2W 4X9, Canada', 'SIC Code': '49,491', 'NAICS Code': '22,221', 'revenue': '<$5M', 'Number of Employees': '<25', 'LinkedIn url': 'http://www.linkedin.com/company/alter-nrg'}
{'company_name_zoominfo': 'Global Remediation Services', 'website': 'www.globalremediation.com', 'headquarters': '680 Richmond St E, Taunton, Massachusetts, 02780, United States', 'SIC Code': '49,495', 'NAICS Code': '56,562', 'revenue': '$6.7M', 'Number of Employees': '<25', 'LinkedIn url': 'http://www.linkedin.com/company/global-remediation-services-inc.'}
{'company_name_zoominfo': 'Clean Water Works', 'website': 'www.cwwcanada.com', 'headquarters': '1800 Bantree St, Ottawa, Ontario, K1B 5L6, Canada', 'SIC Code': '49,494', 'NAICS Code': '22,221', 'revenue': '$33.6M', 'Number of Employees': '131', 'LinkedIn url': 'http://www.linkedin.com/company/clean-water-works'}
{'company_name_zoominfo': 'Aslan Technologies', 'website': 'www.aslantech.ca', 'headquarters': '5044 S Service Rd, Burlington, Ontario, L7L 5Y7, Canada', 'SIC Code': '35,358', 'NAICS Code': '33,333', 'revenue': '$5.7M', 'Number of Employees': '<25', 'LinkedIn url': 'http://www.linkedin.com/company/aslan-technologies-inc'}
{'company_name_zoominfo': 'Miller Waste Systems', 'website': 'www.millerwaste.ca', 'headquarters': '8050 Woodbine Ave, Markham, Ontario, L3R 2N8, Canada', 'SIC Code': '49,495', 'NAICS Code': '56,562', 'revenue': '$134.4M', 'Number of Employees': '1,492', 'LinkedIn url': 'http://www.linkedin.com/company/miller-waste-systems'}
{'company_name_zoominfo': 'AquaDiversities', 'website': 'www.aquadiversities.com', 'headquarters': '625 Front St Ste 304, Nelson, British Columbia, V1L 4B6, Canada', 'SIC Code': '35,358', 'NAICS Code': '33,333', 'revenue': '<$5M', 'Number of Employees': '<25', 'LinkedIn url': '!not-found'}
{'company_name_zoominfo': 'NotAvailable', 'website': 'NotAvailable', 'headquarters': 'NotAvailable', 'SIC Code': 'NotAvailable', 'NAICS Code': 'NotAvailable', 'revenue': 'NotAvailable', 'Number of Employees': 'NotAvailable', 'LinkedIn url': 'NotAvailable'}
{'company_name_zoominfo': 'NotAvailable', 'website': 'NotAvailable', 'headquarters': 'NotAvailable', 'SIC Code': 'NotAvailable', 'NAICS Code': 'NotAvailable', 'revenue': 'NotAvailable', 'Number of Employees': 'NotAvailable', 'LinkedIn url': 'NotAvailable'}
{'company_name_zoominfo': 'Flipside Plastics', 'website': 'www.flipsideplastics.com', 'headquarters': '402 Harbour Rd, Victoria, British Columbia, Canada', 'SIC Code': '30,308', 'NAICS Code': '32,326', 'revenue': '<$5M', 'Number of Employees': '<25', 'LinkedIn url': 'http://www.linkedin.com/company/flipside-plastics'}
{'company_name_zoominfo': 'Proteus Waters', 'website': 'www.proteuswaters.com', 'headquarters': '702-601 Spadina Cres E, Saskatoon, Saskatchewan, S7K 3G8, Canada', 'SIC Code': '49,495', 'NAICS Code': '22,221', 'revenue': '<$5M', 'Number of Employees': '<25', 'LinkedIn url': '!not-found'}
{'company_name_zoominfo': 'Solutions Ecotime', 'website': 'www.ecotime.ca', 'headquarters': 'Canada', 'SIC Code': '15,152', 'NAICS Code': '23,236', 'revenue': '<$5M', 'Number of Employees': '<25', 'LinkedIn url': 'http://www.linkedin.com/company/ecotime-ca'}
{'company_name_zoominfo': 'Permalution', 'website': 'www.permalutiontech.com', 'headquarters': '4510 Cayer, Sherbrooke, Quebec, J1L 2J9, Canada', 'SIC Code': '87,873', 'NAICS Code': '54,541', 'revenue': '<$5M', 'Number of Employees': '<25', 'LinkedIn url': 'http://www.linkedin.com/company/permalution'}
{'company_name_zoominfo': 'Aqua Intelligent Technology', 'website': 'www.aquaintelligent.ca', 'headquarters': '800 Robson St, Vancouver, British Columbia, V6Z 1A1, Canada', 'SIC Code': '87,874', 'NAICS Code': '54,541', 'revenue': '<$5M', 'Number of Employees': '<25', 'LinkedIn url': 'http://www.linkedin.com/company/33292900'}
{'company_name_zoominfo': 'Blue Eden CleanTech Solutions', 'website': 'www.blueeden.ca', 'headquarters': '520 5th Ave SW, Calgary, Alberta, T2P 3R7, Canada', 'SIC Code': '35,358', 'NAICS Code': '33,333', 'revenue': '<$5M', 'Number of Employees': '<25', 'LinkedIn url': '!not-found'}
renewing ip
429
2a06:1700:0:12::4
{'company_name_zoominfo': 'Tiger Bins', 'website': 'www.tigerbins.ca', 'headquarters': 'Cochrane Andorra, Calgary, Alberta, Canada', 'SIC Code': '49,495', 'NAICS Code': '56,562', 'revenue': '<$5M', 'Number of Employees': '<25', 'LinkedIn url': 'http://www.linkedin.com/company/tiger-bins'}
{'company_name_zoominfo': 'One Drop', 'website': 'www.onedrop.org', 'headquarters': '550 Beaumont Ave Ste 400, Montreal, Quebec, H3N 1V1, Canada', 'SIC Code': '83,839', 'NAICS Code': '81,813', 'revenue': '$11.3M', 'Number of Employees': '55', 'LinkedIn url': 'http://www.linkedin.com/company/one-drop'}
{'company_name_zoominfo': 'Singer Valve', 'website': 'www.singervalve.com', 'headquarters': '1200 Abernathy Rd Ste 1200, Atlanta, Georgia, 30028, United States', 'SIC Code': '34,349', 'NAICS Code': '33,332', 'revenue': '$33.2M', 'Number of Employees': '161', 'LinkedIn url': 'http://www.linkedin.com/company/singer-valve-inc'}
{'company_name_zoominfo': 'Evolution Water', 'website': 'www.evowater.ca', 'headquarters': '731 Rosemary Dr, Middle Sackville, Nova Scotia, B4E 3N9, Canada', 'SIC Code': '35,358', 'NAICS Code': '33,333', 'revenue': '<$5M', 'Number of Employees': '<25', 'LinkedIn url': '!not-found'}
{'company_name_zoominfo': 'ProActive Recycling', 'website': 'www.proactiveink.com', 'headquarters': '1580 20th St E, Owen Sound, Ontario, N4K 3H1, Canada', 'SIC Code': '49,28', 'NAICS Code': '22,221', 'revenue': '<$5M', 'Number of Employees': '<25', 'LinkedIn url': '!not-found'}
{'company_name_zoominfo': 'Keytech Water Management', 'website': 'www.keytech.ca', 'headquarters': '33a Mcintyre Dr, Kitchener, Ontario, N2R 1E4, Canada', 'SIC Code': '49,494', 'NAICS Code': '22,221', 'revenue': '<$5M', 'Number of Employees': '<25', 'LinkedIn url': 'http://www.linkedin.com/company/keytech-water-management'}
{'company_name_zoominfo': 'Piteau Associates Engineering', 'website': 'www.piteau.com', 'headquarters': '788 Copping St Ste 300, North Vancouver, British Columbia, V7M 3G6, Ca...', 'SIC Code': '89,899', 'NAICS Code': '54,541', 'revenue': '$26.6M', 'Number of Employees': '104', 'LinkedIn url': 'http://www.linkedin.com/company/piteau-associates-engineering'}
{'company_name_zoominfo': 'Xogen Technologies', 'website': 'www.xogen.ca', 'headquarters': '5800 Amber Dr Ste 118, Mississauga, Ontario, L4W 4J4, Canada', 'SIC Code': '87,873', 'NAICS Code': '54,541', 'revenue': '$5.3M', 'Number of Employees': '<25', 'LinkedIn url': 'http://www.linkedin.com/company/xogen-technologies-inc-'}
{'company_name_zoominfo': 'Aqua Pure Technologies', 'website': 'www.aquapuretech.com', 'headquarters': '78 Ave, Grande Prairie, Alberta, T8V 4Z3, Canada', 'SIC Code': '35,358', 'NAICS Code': '33,333', 'revenue': '<$5M', 'Number of Employees': '<25', 'LinkedIn url': 'http://www.linkedin.com/company/aqua-pure-technologies'}
{'company_name_zoominfo': 'ECONSE Water Purification Systems', 'website': 'www.econse.com', 'headquarters': '1305 Morningside Ave Unit 12 & 13, Scarborough, Ontario, M1B 4Z5, Cana...', 'SIC Code': '35,358', 'NAICS Code': '33,333', 'revenue': '<$5M', 'Number of Employees': '<25', 'LinkedIn url': 'http://www.linkedin.com/company/econse-water-purification-systems-inc'}
{'company_name_zoominfo': 'Polar Septic Systems', 'website': 'www.polarseptic.ca', 'headquarters': '18 60051 Hwy 668, Grande Prairie, Alberta, T8W 5C5, Canada', 'SIC Code': '76,769', 'NAICS Code': '56,562', 'revenue': '<$5M', 'Number of Employees': '<25', 'LinkedIn url': 'http://www.linkedin.com/company/polar-septic-systems'}
{'company_name_zoominfo': 'Fine Recycling & Disposal', 'website': 'www.finerecycling.com', 'headquarters': '400 Eastern Ave Ste 202, Toronto, Ontario, M4M 1B9, Canada', 'SIC Code': '49,495', 'NAICS Code': '56,562', 'revenue': '$5.6M', 'Number of Employees': '<25', 'LinkedIn url': '!not-found'}
renewing ip
429
2001:67c:289c:4::78
{'company_name_zoominfo': '!not-found', 'website': '!not-found', 'headquarters': '!not-found', 'SIC Code': '!not-found', 'NAICS Code': '!not-found', 'revenue': '!not-found', 'Number of Employees': '!not-found', 'LinkedIn url': '!not-found'}
