{'company_name_zoominfo': 'Eco Mini Bins', 'website': 'www.ecominibins.com', 'headquarters': '50 Bertal Rd, Toronto, Ontario, M6M 4M4, Canada', 'SIC Code': '49,495', 'NAICS Code': '56,562', 'revenue': '<$5M', 'Number of Employees': '<25', 'LinkedIn url': 'http://www.linkedin.com/company/eco-mini-bins-inc'}
{'company_name_zoominfo': 'Regional Recycling', 'website': 'www.regionalrecycling.ca', 'headquarters': '750 Riverside Rd, Abbotsford, British Columbia, V2S 7P6, Canada', 'SIC Code': '49,495', 'NAICS Code': '56,562', 'revenue': '$25.1M', 'Number of Employees': '66', 'LinkedIn url': 'http://www.linkedin.com/company/regional-recycling'}
{'company_name_zoominfo': 'Plains Environmental', 'website': 'www.plainsenvironmental.com', 'headquarters': '717 7th Ave SW 510, Calgary, Alberta, T2P 0Z3, Canada', 'SIC Code': '89,899', 'NAICS Code': '54,541', 'revenue': '<$5M', 'Number of Employees': '<25', 'LinkedIn url': 'http://www.linkedin.com/company/plains-environmental-services'}
{'company_name_zoominfo': 'Responsible Boat Recycling', 'website': 'www.recyclemyboat.com', 'headquarters': '9386 Alaska Way, Delta, British Columbia, V4C 4R8, Canada', 'SIC Code': '49,495', 'NAICS Code': '56,562', 'revenue': '<$5M', 'Number of Employees': '<25', 'LinkedIn url': '!not-found'}
{'company_name_zoominfo': 'Wise Water Solutions', 'website': 'www.wisewater.ca', 'headquarters': '13340 Hwy 27, Nobleton, Ontario, L0G 1N0, Canada', 'SIC Code': '49,494', 'NAICS Code': '22,221', 'revenue': '$6.9M', 'Number of Employees': '<25', 'LinkedIn url': 'http://www.linkedin.com/company/wise-water-solutions'}
{'company_name_zoominfo': 'Kayden Industries', 'website': 'www.kaydenindustries.com', 'headquarters': '734 Conroe Park North Dr, Conroe, Texas, 77303, United States', 'SIC Code': '35,353', 'NAICS Code': '33,333', 'revenue': '$21.7M', 'Number of Employees': '105', 'LinkedIn url': 'http://www.linkedin.com/company/kayden-industries-inc'}
{'company_name_zoominfo': 'EarthWorks', 'website': 'earth.works', 'headquarters': '12105 E Fm 917, Alvarado, Texas, 76009, United States', 'SIC Code': '87,871', 'NAICS Code': '54,541', 'revenue': '$39.3M', 'Number of Employees': '138', 'LinkedIn url': 'http://www.linkedin.com/company/earthworks-inc-'}
{'company_name_zoominfo': 'Trashco Solutions', 'website': 'www.trashcosolutions.com', 'headquarters': '43 Goldthorne Ave, Etobicoke, Ontario, M8Z 5S7, Canada', 'SIC Code': '49,495', 'NAICS Code': '56,562', 'revenue': '<$5M', 'Number of Employees': '<25', 'LinkedIn url': '!not-found'}
{'company_name_zoominfo': 'Graham Waste Services', 'website': 'www.grahamwaste.com', 'headquarters': '69 Norman St, Everett, Massachusetts, 02149, United States', 'SIC Code': '49,42', 'NAICS Code': '56,562', 'revenue': '$18.6M', 'Number of Employees': '63', 'LinkedIn url': 'http://www.linkedin.com/company/graham-waste'}
{'company_name_zoominfo': 'CO2Neutral Technology', 'website': 'www.co2neutral.ca', 'headquarters': 'Canada', 'SIC Code': '50,504', 'NAICS Code': '42,423', 'revenue': '<$5M', 'Number of Employees': '<25', 'LinkedIn url': 'http://www.linkedin.com/company/co2neutral-technology'}
{'company_name_zoominfo': 'Super Save Group', 'website': 'www.supersave.ca', 'headquarters': '19395 Langley By-pass, Surrey, British Columbia, V3S 6K1, Canada', 'SIC Code': '55,554', 'NAICS Code': '44,447', 'revenue': '$130.3M', 'Number of Employees': '243', 'LinkedIn url': 'http://www.linkedin.com/company/493120'}
site-not-indexed

{'company_name_zoominfo': '!not-found', 'website': '!not-found', 'headquarters': '!not-found', 'SIC Code': '!not-found', 'NAICS Code': '!not-found', 'revenue': '!not-found', 'Number of Employees': '!not-found', 'LinkedIn url': '!not-found'}
{'company_name_zoominfo': 'Hi Tech Recyclers', 'website': 'www.hitechrecyclers.ca', 'headquarters': '16427 118 Ave NW, Edmonton, Alberta, T5V 1H2, Canada', 'SIC Code': '49,495', 'NAICS Code': '56,562', 'revenue': '<$5M', 'Number of Employees': '<25', 'LinkedIn url': '!not-found'}
{'company_name_zoominfo': 'Purifics', 'website': 'www.purifics.com', 'headquarters': '340 Sovereign Rd, London, Ontario, N6M 1A8, Canada', 'SIC Code': '35,358', 'NAICS Code': '33,333', 'revenue': '$5.4M', 'Number of Employees': '<25', 'LinkedIn url': 'http://www.linkedin.com/company/purifics'}
renewing ip
429
2a0b:f4c1:2::244
{'company_name_zoominfo': 'R-H Industries', 'website': 'www.rhindustries.com', 'headquarters': '3155 W 33rd St, Cleveland, Ohio, 44109, United States', 'SIC Code': '33,336', 'NAICS Code': '33,331', 'revenue': '<$5M', 'Number of Employees': '<25', 'LinkedIn url': 'http://www.linkedin.com/company/r-&-h-industries'}
{'company_name_zoominfo': '!not-found', 'website': '!not-found', 'headquarters': '!not-found', 'SIC Code': '!not-found', 'NAICS Code': '!not-found', 'revenue': '!not-found', 'Number of Employees': '!not-found', 'LinkedIn url': '!not-found'}
{'company_name_zoominfo': 'Polyplastics Co.', 'website': 'www.polyplastics.com', 'headquarters': '27240 Haggerty Rd Ste E20, Farmington Hills, Michigan, 48331, United S...', 'SIC Code': '28,282', 'NAICS Code': '32,325', 'revenue': '$38.5M', 'Number of Employees': '229', 'LinkedIn url': 'http://www.linkedin.com/company/polyplastics'}
{'company_name_zoominfo': 'Soapstandle', 'website': 'www.soapstandle.com', 'headquarters': '2785 Lombardy Ave, Memphis, Tennessee, 38111, United States', 'SIC Code': '28,284', 'NAICS Code': '32,325', 'revenue': '<$5M', 'Number of Employees': '<25', 'LinkedIn url': '!not-found'}
{'company_name_zoominfo': 'IQ Energy', 'website': 'www.iqenergy.ca', 'headquarters': '22 54129 Rg Rd 275, Spruce Grove, Alberta, T7X 3S4, Canada', 'SIC Code': '49,491', 'NAICS Code': '22,221', 'revenue': '<$5M', 'Number of Employees': '<25', 'LinkedIn url': 'http://www.linkedin.com/company/iq-energy-inc'}
{'company_name_zoominfo': 'NotAvailable', 'website': 'NotAvailable', 'headquarters': 'NotAvailable', 'SIC Code': 'NotAvailable', 'NAICS Code': 'NotAvailable', 'revenue': 'NotAvailable', 'Number of Employees': 'NotAvailable', 'LinkedIn url': 'NotAvailable'}
{'company_name_zoominfo': 'Axys Analytical Services', 'website': 'www.sgsaxys.com', 'headquarters': '2045 Mills Rd W, Sidney, British Columbia, V8L 5X2, Canada', 'SIC Code': '87,873', 'NAICS Code': '54,541', 'revenue': '$11M', 'Number of Employees': '39', 'LinkedIn url': 'http://www.linkedin.com/company/sgs'}
{'company_name_zoominfo': '!not-found', 'website': 'PhilRice', 'headquarters': '!not-found', 'SIC Code': '!not-found', 'NAICS Code': '!not-found', 'revenue': '!not-found', 'Number of Employees': '!not-found', 'LinkedIn url': '!not-found'}
{'company_name_zoominfo': 'ChemBrains', 'website': 'www.chembrains.ca', 'headquarters': '400 Montfort, Montreal, Quebec, H3C 4J9, Canada', 'SIC Code': '87,871', 'NAICS Code': '54,541', 'revenue': '<$5M', 'Number of Employees': '<25', 'LinkedIn url': '!not-found'}
{'company_name_zoominfo': 'Port Fuels & Materials Services', 'website': 'www.pfmsi.net', 'headquarters': '1 Main St East, Hamilton, Ontario, L8M 1N1, Canada', 'SIC Code': '49,495', 'NAICS Code': '56,562', 'revenue': '<$5M', 'Number of Employees': '<25', 'LinkedIn url': '!not-found'}
{'company_name_zoominfo': 'EcoMister', 'website': 'www.ecomister.ca', 'headquarters': '559 Okanagan Ave E, Penticton, British Columbia, V2A 3K4, Canada', 'SIC Code': '35,353', 'NAICS Code': '33,333', 'revenue': '<$5M', 'Number of Employees': '<25', 'LinkedIn url': '!not-found'}
{'company_name_zoominfo': 'Alliance Disposal', 'website': 'www.alliancedisposal.com', 'headquarters': '4001 99 St, Grande Prairie, Alberta, T8W 5A8, Canada', 'SIC Code': '49,495', 'NAICS Code': '56,562', 'revenue': '<$5M', 'Number of Employees': '<25', 'LinkedIn url': '!not-found'}
{'company_name_zoominfo': 'K & K Recycling Services', 'website': 'www.kkrecycling.ca', 'headquarters': '870 Mckay Rd, Pickering, Ontario, L1W 2Y4, Canada', 'SIC Code': '50,509', 'NAICS Code': '42,423', 'revenue': '<$5M', 'Number of Employees': '<25', 'LinkedIn url': '!not-found'}
renewing ip
429
2001:67c:6ec:203:192:42:116:198
{'company_name_zoominfo': 'Marrex Construction & Excavating', 'website': 'www.marrexconstruction.com', 'headquarters': '12640 Innis Lake Rd, Caledon, Ontario, L7C 2Y4, Canada', 'SIC Code': '17,179', 'NAICS Code': '23,238', 'revenue': '<$5M', 'Number of Employees': '<25', 'LinkedIn url': 'http://www.linkedin.com/company/rexwell'}
{'company_name_zoominfo': 'Overland Waste & Recycling', 'website': 'www.overlandwaste.ca', 'headquarters': '620 Richmond Ave E Fl 2, Brandon, Manitoba, R7A 7G8, Canada', 'SIC Code': '49,495', 'NAICS Code': '56,562', 'revenue': '<$5M', 'Number of Employees': '<25', 'LinkedIn url': '!not-found'}
{'company_name_zoominfo': 'Envirogreen Technologies', 'website': 'www.envirogreentech.com', 'headquarters': '9770 196a St Ste 106, Langley, British Columbia, V1M 2X5, Canada', 'SIC Code': '89,899', 'NAICS Code': '54,541', 'revenue': '$8.6M', 'Number of Employees': '<25', 'LinkedIn url': 'http://www.linkedin.com/company/envirogreen-technologies-llc'}
{'company_name_zoominfo': 'NotAvailable', 'website': 'NotAvailable', 'headquarters': 'NotAvailable', 'SIC Code': 'NotAvailable', 'NAICS Code': 'NotAvailable', 'revenue': 'NotAvailable', 'Number of Employees': 'NotAvailable', 'LinkedIn url': 'NotAvailable'}
{'company_name_zoominfo': 'NotAvailable', 'website': 'NotAvailable', 'headquarters': 'NotAvailable', 'SIC Code': 'NotAvailable', 'NAICS Code': 'NotAvailable', 'revenue': 'NotAvailable', 'Number of Employees': 'NotAvailable', 'LinkedIn url': 'NotAvailable'}
{'company_name_zoominfo': 'Pak-Man Disposal', 'website': 'www.pakmandisposal.com', 'headquarters': '1860 Appleby Line Ste 503, Burlington, Ontario, L7N 7H7, Canada', 'SIC Code': '49,495', 'NAICS Code': '56,562', 'revenue': '<$5M', 'Number of Employees': '<25', 'LinkedIn url': 'http://www.linkedin.com/company/pak-man-disposal'}
{'company_name_zoominfo': 'BioLargo Water', 'website': 'www.biolargowater.ca', 'headquarters': '6020 118 St NW, Edmonton, Alberta, T6H 2V8, Canada', 'SIC Code': '35,358', 'NAICS Code': '33,333', 'revenue': '<$5M', 'Number of Employees': '27', 'LinkedIn url': '!not-found'}
{'company_name_zoominfo': 'Classic Global', 'website': 'www.classicgloballtd.com', 'headquarters': '140 Mclevin Ave Unit 8, Scarborough, Ontario, M1B 3V1, Canada', 'SIC Code': '50,509', 'NAICS Code': '42,423', 'revenue': '<$5M', 'Number of Employees': '<25', 'LinkedIn url': '!not-found'}
{'company_name_zoominfo': 'Triple Waste Management', 'website': 'www.triplewastemanagement.com', 'headquarters': '48 Millwick Dr, Toronto, Ontario, M9L 1Y3, Canada', 'SIC Code': '49,495', 'NAICS Code': '56,562', 'revenue': '$5.2M', 'Number of Employees': '<25', 'LinkedIn url': '!not-found'}
{'company_name_zoominfo': 'NotAvailable', 'website': 'NotAvailable', 'headquarters': 'NotAvailable', 'SIC Code': 'NotAvailable', 'NAICS Code': 'NotAvailable', 'revenue': 'NotAvailable', 'Number of Employees': 'NotAvailable', 'LinkedIn url': 'NotAvailable'}
{'company_name_zoominfo': 'CSRplus Vermicast Industries', 'website': 'www.csrplus.com', 'headquarters': '37 Brownstone Etobicoke Ln, Toronto, Ontario, M8X 2Z6, Canada', 'SIC Code': '28,287', 'NAICS Code': '32,325', 'revenue': '<$5M', 'Number of Employees': '<25', 'LinkedIn url': 'http://www.linkedin.com/company/csr--vermicast-industries-inc'}
{'company_name_zoominfo': 'Moonstone Enterprises', 'website': 'www.moonstonewater.com', 'headquarters': '5166 15 Line, Clifford, Ontario, N0G 1M0, Canada', 'SIC Code': '35,358', 'NAICS Code': '33,333', 'revenue': '<$5M', 'Number of Employees': '<25', 'LinkedIn url': 'http://www.linkedin.com/company/moonstone-water'}
{'company_name_zoominfo': 'Fleet Energy', 'website': 'www.fleetenergy.ca', 'headquarters': 'PO Box 1000, Indian Head, Saskatchewan, S0G 2K0, Canada', 'SIC Code': '13,138', 'NAICS Code': '21,213', 'revenue': '$5.4M', 'Number of Employees': '<25', 'LinkedIn url': 'http://www.linkedin.com/company/fleet-energy-ltd-'}
{'company_name_zoominfo': 'EcoMed Services', 'website': 'www.ecomedservices.com', 'headquarters': '#3-839 W 1st St, North Vancouver, British Columbia, V7P 1A4, Canada', 'SIC Code': '49,495', 'NAICS Code': '56,562', 'revenue': '$5.7M', 'Number of Employees': '<25', 'LinkedIn url': 'http://www.linkedin.com/company/ecomed-services'}
{'company_name_zoominfo': 'Affordable Disposal', 'website': 'www.affordabledisposal.ca', 'headquarters': '101-1865 Dilworth Dr, Kelowna, British Columbia, V1Y 9T1, Canada', 'SIC Code': '49,495', 'NAICS Code': '56,562', 'revenue': '<$5M', 'Number of Employees': '<25', 'LinkedIn url': '!not-found'}
renewing ip
429
2607:5300:203:b842::72:315
{'company_name_zoominfo': 'Quartz Disposal', 'website': 'www.quartzdisposal.com', 'headquarters': '300 Hunt St, Ajax, Ontario, L1S 1P7, Canada', 'SIC Code': '49,495', 'NAICS Code': '56,562', 'revenue': '<$5M', 'Number of Employees': '<25', 'LinkedIn url': '!not-found'}
{'company_name_zoominfo': 'Recycling Specialties', 'website': 'www.recyclingspecialties.com', 'headquarters': '8903 Simcoe Rd 56, Utopia, Ontario, L0M 1T0, Canada', 'SIC Code': '49,495', 'NAICS Code': '56,562', 'revenue': '$5.9M', 'Number of Employees': '<25', 'LinkedIn url': '!not-found'}
{'company_name_zoominfo': 'RPR Environmental', 'website': 'www.rpr-environmental.com', 'headquarters': '164 166 S Service Rd, Stoney Creek, Ontario, L8E 3H6, Canada', 'SIC Code': '49,495', 'NAICS Code': '22,221', 'revenue': '$5.6M', 'Number of Employees': '<25', 'LinkedIn url': 'http://www.linkedin.com/company/rpr-environmental'}
{'company_name_zoominfo': '!not-found', 'website': '!not-found', 'headquarters': '!not-found', 'SIC Code': '!not-found', 'NAICS Code': '!not-found', 'revenue': '!not-found', 'Number of Employees': '!not-found', 'LinkedIn url': '!not-found'}
{'company_name_zoominfo': 'Recycling', 'website': 'www.awrrecycle.com', 'headquarters': '12192 Symons Valley Rd, Calgary, Alberta, T3P 0B9, Canada', 'SIC Code': '49,495', 'NAICS Code': '56,562', 'revenue': '$14M', 'Number of Employees': '62', 'LinkedIn url': 'http://www.linkedin.com/company/alberta-waste-&-recycle'}
{'company_name_zoominfo': 'Empringham Disposal', 'website': 'www.empringhamdisposal.com', 'headquarters': 'PO Box 25146, Red Deer, Alberta, T4R 2M2, Canada', 'SIC Code': '49,495', 'NAICS Code': '56,562', 'revenue': '<$5M', 'Number of Employees': '<25', 'LinkedIn url': '!not-found'}
{'company_name_zoominfo': 'Provincial Waste Systems', 'website': 'www.provincialwastesystems.com', 'headquarters': '25 Earl Martin Dr, Elmira, Ontario, N3B 3L4, Canada', 'SIC Code': '42,421', 'NAICS Code': '56,562', 'revenue': '<$5M', 'Number of Employees': '<25', 'LinkedIn url': '!not-found'}
{'company_name_zoominfo': 'MTM Waste Management Solutions', 'website': 'www.mtmwastesolutions.com', 'headquarters': '1865 Dilworth Dr, Kelowna, British Columbia, V1Y 9T1, Canada', 'SIC Code': '49,495', 'NAICS Code': '56,562', 'revenue': '$6.5M', 'Number of Employees': '<25', 'LinkedIn url': '!not-found'}
{'company_name_zoominfo': 'NotAvailable', 'website': 'NotAvailable', 'headquarters': 'NotAvailable', 'SIC Code': 'NotAvailable', 'NAICS Code': 'NotAvailable', 'revenue': 'NotAvailable', 'Number of Employees': 'NotAvailable', 'LinkedIn url': 'NotAvailable'}
{'company_name_zoominfo': 'Bioform', 'website': 'www.bioform.no', 'headquarters': 'Skøelv, Sørreisa, 9310, Norway', 'SIC Code': '51,512', 'NAICS Code': '42,424', 'revenue': '<$5M', 'Number of Employees': '<25', 'LinkedIn url': '!not-found'}
{'company_name_zoominfo': 'NotAvailable', 'website': 'NotAvailable', 'headquarters': 'NotAvailable', 'SIC Code': 'NotAvailable', 'NAICS Code': 'NotAvailable', 'revenue': 'NotAvailable', 'Number of Employees': 'NotAvailable', 'LinkedIn url': 'NotAvailable'}
