{'company_name_zoominfo': 'LockBird', 'website': 'www.lockbird.com', 'headquarters': '400 Rue Montfort Bureau C1100, Montreal, Quebec, H3C 4J9, Canada', 'SIC Code': '28,287', 'NAICS Code': '32,325', 'revenue': '$6.1M', 'Number of Employees': '<25', 'LinkedIn url': 'http://www.linkedin.com/company/lockbird'}
{'company_name_zoominfo': 'PexCor Manufacturing', 'website': 'www.yelp.com/biz/pexcor-manufacturing-company-calgary', 'headquarters': '3615 32 St NE, Calgary, Alberta, T1Y 5Y9, Canada', 'SIC Code': '34,343', 'NAICS Code': '33,332', 'revenue': '$5.4M', 'Number of Employees': '<25', 'LinkedIn url': '!not-found'}
{'company_name_zoominfo': 'Intergild Advanced Recycling Technologies', 'website': 'www.intergild.com', 'headquarters': 'United States', 'SIC Code': '49,495', 'NAICS Code': '56,562', 'revenue': '<$5M', 'Number of Employees': '<25', 'LinkedIn url': '!not-found'}
{'company_name_zoominfo': 'Aero Water', 'website': 'www.aerowater.ca', 'headquarters': 'Canada', 'SIC Code': '47,473', 'NAICS Code': '48,484', 'revenue': '<$5M', 'Number of Employees': '<25', 'LinkedIn url': '!not-found'}
{'company_name_zoominfo': 'Westcoast Plastic Recycling', 'website': 'www.westcoastplasticrecycling.com', 'headquarters': '215-7080 River Rd, Richmond, British Columbia, V6X 1X5, Canada', 'SIC Code': '49,495', 'NAICS Code': '56,562', 'revenue': '<$5M', 'Number of Employees': '<25', 'LinkedIn url': 'http://www.linkedin.com/company/westcoast-plastic-recycling'}
{'company_name_zoominfo': 'Sofame Technologies', 'website': 'www.sofameenergy.com', 'headquarters': '9 Rue De Louvain, Courbevoie, Ile-de-France, 92400, France', 'SIC Code': '35,356', 'NAICS Code': '33,333', 'revenue': '<$5M', 'Number of Employees': '<25', 'LinkedIn url': 'http://www.linkedin.com/company/sofame-technologies-inc'}
{'company_name_zoominfo': 'Liquid Force', 'website': 'www.liquidforce.com', 'headquarters': '1815 Aston Ave Ste 105, Carlsbad, California, 92008, United States', 'SIC Code': '50,509', 'NAICS Code': '33,339', 'revenue': '<$5M', 'Number of Employees': '<25', 'LinkedIn url': 'http://www.linkedin.com/company/liquid-force'}
{'company_name_zoominfo': 'United Environmental', 'website': 'www.unitedenvironmental.ca', 'headquarters': '63a Medulla Ave, Etobicoke, Ontario, M8Z 5L6, Canada', 'SIC Code': '49,495', 'NAICS Code': '56,562', 'revenue': '<$5M', 'Number of Employees': '<25', 'LinkedIn url': '!not-found'}
{'company_name_zoominfo': 'Vitreous Glass', 'website': 'www.vitreousglass.ca', 'headquarters': '212 E Lake Blvd NE, Airdrie, Alberta, T4A 2G2, Canada', 'SIC Code': '32,322', 'NAICS Code': '32,327', 'revenue': '$8M', 'Number of Employees': '<25', 'LinkedIn url': '!not-found'}
{'company_name_zoominfo': 'EmbedDev', 'website': 'www.embeddev.se', 'headquarters': 'Sweden', 'SIC Code': '73,737', 'NAICS Code': '54,541', 'revenue': '<$5M', 'Number of Employees': '<25', 'LinkedIn url': 'http://www.linkedin.com/company/embeddev-ab'}
{'company_name_zoominfo': 'Budget Environmental Disposal', 'website': 'www.budgetbin.ca', 'headquarters': '375 Gage Ave N, Hamilton, Ontario, L8L 7B1, Canada', 'SIC Code': '49,495', 'NAICS Code': '56,562', 'revenue': '$19.6M', 'Number of Employees': '54', 'LinkedIn url': 'http://www.linkedin.com/company/budget-environmental-disposal-inc'}
{'company_name_zoominfo': 'Planet Earth Recycling', 'website': 'www.planetearthcanada.com', 'headquarters': '149 Bowes Rd, Concord, Ontario, L4K 1H3, Canada', 'SIC Code': '49,495', 'NAICS Code': '56,562', 'revenue': '<$5M', 'Number of Employees': '<25', 'LinkedIn url': '!not-found'}
{'company_name_zoominfo': '!not-found', 'website': 'Columbia Recycle', 'headquarters': '!not-found', 'SIC Code': '!not-found', 'NAICS Code': '!not-found', 'revenue': '!not-found', 'Number of Employees': '!not-found', 'LinkedIn url': '!not-found'}
{'company_name_zoominfo': 'Waterworks Technologies', 'website': 'www.waterworks.ca', 'headquarters': '2024 12 Ave NW, Calgary, Alberta, T2N 1J7, Canada', 'SIC Code': '49,494', 'NAICS Code': '22,221', 'revenue': '<$5M', 'Number of Employees': '<25', 'LinkedIn url': 'http://www.linkedin.com/company/waterworks-technologies'}
renewing ip
429
2a0b:f4c1:2::244
{'company_name_zoominfo': 'Eagleridge Innovations', 'website': 'www.eagleridgeinnovation.com', 'headquarters': 'Vancouver, British Columbia, Canada', 'SIC Code': '49,495', 'NAICS Code': '22,221', 'revenue': '<$5M', 'Number of Employees': '<25', 'LinkedIn url': '!not-found'}
{'company_name_zoominfo': 'Kantan Water', 'website': 'www.kanatanwater.ca', 'headquarters': 'Canada', 'SIC Code': '49,494', 'NAICS Code': '22,221', 'revenue': '<$5M', 'Number of Employees': '54', 'LinkedIn url': 'http://www.linkedin.com/company/kantan-water'}
{'company_name_zoominfo': 'Vdq Nrg', 'website': 'www.vdqnrg.ca', 'headquarters': '101-733 Broadway Ave, Saskatoon, Saskatchewan, S7N 1B3, Canada', 'SIC Code': '91,912', 'NAICS Code': '92,921', 'revenue': '<$5M', 'Number of Employees': '<25', 'LinkedIn url': '!not-found'}
{'company_name_zoominfo': 'Blue Drop Solutions', 'website': 'www.bluedropsolutions.ca', 'headquarters': '25 Creek Springs Rd NW, Airdrie, Alberta, T4B 2X8, Canada', 'SIC Code': '73,735', 'NAICS Code': '53,532', 'revenue': '<$5M', 'Number of Employees': '<25', 'LinkedIn url': '!not-found'}
{'company_name_zoominfo': '!not-found', 'website': '!not-found', 'headquarters': '!not-found', 'SIC Code': '!not-found', 'NAICS Code': '!not-found', 'revenue': '!not-found', 'Number of Employees': '!not-found', 'LinkedIn url': '!not-found'}
{'company_name_zoominfo': 'Scalehound Water Systems', 'website': 'www.scalehoundwater.com', 'headquarters': '2011 10 Ave SW, Calgary, Alberta, T3C 0K4, Canada', 'SIC Code': '52,525', 'NAICS Code': '42,423', 'revenue': '<$5M', 'Number of Employees': '<25', 'LinkedIn url': '!not-found'}
{'company_name_zoominfo': 'Aquaovo', 'website': 'www.aquaovo.com', 'headquarters': '5251 Boul. Saint-laurent, Montreal, Quebec, H2T 1S4, Canada', 'SIC Code': '20,208', 'NAICS Code': '31,312', 'revenue': '<$5M', 'Number of Employees': '<25', 'LinkedIn url': 'http://www.linkedin.com/company/aquaovo'}
{'company_name_zoominfo': 'No Food Waste', 'website': 'www.nofoodwaste.org', 'headquarters': 'United States', 'SIC Code': '83,832', 'NAICS Code': '62,624', 'revenue': '<$5M', 'Number of Employees': '<25', 'LinkedIn url': '!not-found'}
{'company_name_zoominfo': 'Zero Energy Water', 'website': 'www.zeroenergywater.com', 'headquarters': 'United States', 'SIC Code': '35,358', 'NAICS Code': '33,333', 'revenue': '<$5M', 'Number of Employees': '<25', 'LinkedIn url': '!not-found'}
{'company_name_zoominfo': 'Interpump', 'website': 'www.interpump.ca', 'headquarters': '580 Gartshore St, Fergus, Ontario, N1M 2B2, Canada', 'SIC Code': '35,356', 'NAICS Code': '33,333', 'revenue': '$7.2M', 'Number of Employees': '<25', 'LinkedIn url': 'http://www.linkedin.com/company/interpump'}
{'company_name_zoominfo': 'Anything Rubbish', 'website': 'www.anythingrubbish.ca', 'headquarters': '12210 102a Ave, Surrey, British Columbia, V3V 8A7, Canada', 'SIC Code': '91,912', 'NAICS Code': '92,921', 'revenue': '<$5M', 'Number of Employees': '<25', 'LinkedIn url': '!not-found'}
{'company_name_zoominfo': 'Keep It Green Recycling', 'website': 'www.keepitgreenrecycling.ca', 'headquarters': '110-1772 Broadway St, Port Coquitlam, British Columbia, V3C 2M8, Canad...', 'SIC Code': '49,495', 'NAICS Code': '56,562', 'revenue': '<$5M', 'Number of Employees': '<25', 'LinkedIn url': '!not-found'}
renewing ip
429
2001:67c:6ec:203:192:42:116:198
{'company_name_zoominfo': 'Ocean Diagnostics', 'website': 'www.oceandiagnostics.com', 'headquarters': '336 S Ocean Ave, Freeport, New York, 11520, United States', 'SIC Code': '87,873', 'NAICS Code': '54,541', 'revenue': '<$5M', 'Number of Employees': '<25', 'LinkedIn url': 'http://www.linkedin.com/company/ocean-diagnostics-inc'}
{'company_name_zoominfo': 'CellFor', 'website': 'www.cellfor.ca', 'headquarters': '355 Burrard St Ste 408, Vancouver, British Columbia, V6C 2G8, Canada', 'SIC Code': '01,87', 'NAICS Code': '53,531', 'revenue': '$17.7M', 'Number of Employees': '81', 'LinkedIn url': '!not-found'}
{'company_name_zoominfo': 'Waterite', 'website': 'www.waterite.com', 'headquarters': '6411 Parkland Dr Ste 103, Sarasota, Florida, 34243, United States', 'SIC Code': '50,507', 'NAICS Code': '42,423', 'revenue': '$7.8M', 'Number of Employees': '28', 'LinkedIn url': 'http://www.linkedin.com/company/waterite-technologies'}
{'company_name_zoominfo': 'Northwest Indiana Community Action', 'website': 'www.nwi-ca.com', 'headquarters': '5240 Fountain Dr, Crown Point, Indiana, 46307, United States', 'SIC Code': '83,839', 'NAICS Code': '81,813', 'revenue': '$22.8M', 'Number of Employees': '86', 'LinkedIn url': 'http://www.linkedin.com/company/northwest-indiana-community-action-corporation'}
{'company_name_zoominfo': 'Re-Matt', 'website': 'www.re-matt.com', 'headquarters': '3234 9th St SE, Calgary, Alberta, T2G 3C3, Canada', 'SIC Code': '49,495', 'NAICS Code': '56,562', 'revenue': '<$5M', 'Number of Employees': '<25', 'LinkedIn url': 'http://www.linkedin.com/company/re-matt-inc-'}
{'company_name_zoominfo': 'Scicorp International', 'website': 'www.scicorp.net', 'headquarters': '3300 Ridgeway Dr Unit 13, Mississauga, Ontario, L5L 5Y6, Canada', 'SIC Code': '87,873', 'NAICS Code': '54,541', 'revenue': '<$5M', 'Number of Employees': '<25', 'LinkedIn url': 'http://www.linkedin.com/company/scicorp-international-corp'}
{'company_name_zoominfo': 'Eco-Tech Waterloo', 'website': 'www.eco-techrecycling.com', 'headquarters': '505 Dotzert Ct Unit 2, Waterloo, Ontario, N2L 6A7, Canada', 'SIC Code': '49,495', 'NAICS Code': '56,562', 'revenue': '<$5M', 'Number of Employees': '<25', 'LinkedIn url': 'http://www.linkedin.com/company/eco-tech-recycling-canada'}
{'company_name_zoominfo': 'Water Ionizer Expert', 'website': 'www.yelp.com/biz/water-ionizer-expert-carlsbad', 'headquarters': '887 Island Ave, San Diego, California, 92101, United States', 'SIC Code': '54,543', 'NAICS Code': '45,454', 'revenue': '<$5M', 'Number of Employees': '<25', 'LinkedIn url': '!not-found'}
{'company_name_zoominfo': 'MSU Mississauga', 'website': 'www.msumississauga.com', 'headquarters': '2222 S Sheridan Way Unit 300 Bldg 3, Mississauga, Ontario, L5J 2M4, Ca...', 'SIC Code': '34,344', 'NAICS Code': '33,332', 'revenue': '$5M', 'Number of Employees': '<25', 'LinkedIn url': 'http://www.linkedin.com/company/ck-solutions-ltd'}
{'company_name_zoominfo': 'Aquabiotech', 'website': 'www.aquabiotech.com', 'headquarters': '936 Rte 141, Coaticook, Quebec, J1A 2S5, Canada', 'SIC Code': '50,507', 'NAICS Code': '42,423', 'revenue': '$5.1M', 'Number of Employees': '<25', 'LinkedIn url': 'http://www.linkedin.com/company/aquabiotech-inc.'}
{'company_name_zoominfo': 'Can Pak Environmental', 'website': 'www.canpakenviro.ca', 'headquarters': '4916 50th St, Alix, Alberta, T0C 0B0, Canada', 'SIC Code': '89,899', 'NAICS Code': '54,541', 'revenue': '<$5M', 'Number of Employees': '<25', 'LinkedIn url': 'http://www.linkedin.com/company/canpak-environmental'}
{'company_name_zoominfo': 'BluPlanet Recycling', 'website': 'www.bprecycling.ca', 'headquarters': '4025 96 Ave SE, Calgary, Alberta, T2C 4T7, Canada', 'SIC Code': '49,495', 'NAICS Code': '56,562', 'revenue': '$5.1M', 'Number of Employees': '<25', 'LinkedIn url': 'http://www.linkedin.com/company/bluplanetrecycling'}
renewing ip
429
2a06:1700:0:12::4
{'company_name_zoominfo': 'Terrapin Water', 'website': 'www.terrapinwater.com', 'headquarters': '063589 Sunny Valley Rd, Owen Sound, Ontario, N4K 5N8, Canada', 'SIC Code': '49,494', 'NAICS Code': '22,221', 'revenue': '<$5M', 'Number of Employees': '<25', 'LinkedIn url': 'http://www.linkedin.com/company/terrapin-water'}
{'company_name_zoominfo': 'Quantex Security & Integration', 'website': 'www.quantexsecurity.com', 'headquarters': '1810 N Mckelvy Ave, Clovis, California, 93619, United States', 'SIC Code': '73,738', 'NAICS Code': '56,561', 'revenue': '<$5M', 'Number of Employees': '<25', 'LinkedIn url': '!not-found'}
{'company_name_zoominfo': '!not-found', 'website': 'Info Panama Service', 'headquarters': '!not-found', 'SIC Code': '!not-found', 'NAICS Code': '!not-found', 'revenue': '!not-found', 'Number of Employees': '!not-found', 'LinkedIn url': '!not-found'}
{'company_name_zoominfo': 'Smr-Metal Technology', 'website': 'www.smrmanufacturing.com', 'headquarters': '524 Sullivan Ave Ste 15, South Windsor, Connecticut, 06074, United Sta...', 'SIC Code': '35,359', 'NAICS Code': '33,332', 'revenue': '<$5M', 'Number of Employees': '<25', 'LinkedIn url': '!not-found'}
{'company_name_zoominfo': 'MPE Engineering', 'website': 'www.mpe.ca', 'headquarters': '714 5th Ave S Ste 300, Lethbridge, Alberta, T1J 0V1, Canada', 'SIC Code': '87,871', 'NAICS Code': '54,541', 'revenue': '$58.6M', 'Number of Employees': '232', 'LinkedIn url': 'http://www.linkedin.com/company/mpe-engineering-ltd.'}
{'company_name_zoominfo': 'ACES Waste Services', 'website': 'www.aceswaste.com', 'headquarters': '6500 Buena Vista Rd, Ione, California, 95640, United States', 'SIC Code': '49,495', 'NAICS Code': '56,562', 'revenue': '$6.2M', 'Number of Employees': '<25', 'LinkedIn url': 'http://www.linkedin.com/company/aces-waste-services-inc'}
{'company_name_zoominfo': 'Smithrite Delivery Services', 'website': 'www.smithritedelivery.com', 'headquarters': '217 Schoolhouse St, Coquitlam, British Columbia, V3K 4X9, Canada', 'SIC Code': '47,473', 'NAICS Code': '48,484', 'revenue': '<$5M', 'Number of Employees': '<25', 'LinkedIn url': '!not-found'}
{'company_name_zoominfo': 'Ontario Excavac', 'website': 'www.ontarioexcavac.ca', 'headquarters': '550 Bowes Rd, Vaughan, Ontario, L4K 1K2, Canada', 'SIC Code': '17,179', 'NAICS Code': '23,238', 'revenue': '$16.7M', 'Number of Employees': '50', 'LinkedIn url': 'http://www.linkedin.com/company/ontario-excavac'}
{'company_name_zoominfo': 'Québec - O - Chimie', 'website': 'www.quebecochimie.com', 'headquarters': '90 Rue J.-a.-bombardier, Boucherville, Quebec, J4B 8N4, Canada', 'SIC Code': '50,507', 'NAICS Code': '42,423', 'revenue': '<$5M', 'Number of Employees': '<25', 'LinkedIn url': 'http://www.linkedin.com/company/quebec-o-chimie'}
{'company_name_zoominfo': 'Wds Group', 'website': 'www.wdsgroup.org', 'headquarters': '839 Broadway Ste N208, Gary, Indiana, 46402, United States', 'SIC Code': '83,832', 'NAICS Code': '62,624', 'revenue': '<$5M', 'Number of Employees': '<25', 'LinkedIn url': '!not-found'}
{'company_name_zoominfo': 'Southern California Disposal & Recycling', 'website': 'www.scdisposal.com', 'headquarters': '1908 Frank St, Santa Monica, California, 90404, United States', 'SIC Code': '49,495', 'NAICS Code': '56,562', 'revenue': '$6.1M', 'Number of Employees': '<25', 'LinkedIn url': 'http://www.linkedin.com/company/southern-california-disposal'}
{'company_name_zoominfo': '!not-found', 'website': 'Wasteco', 'headquarters': '!not-found', 'SIC Code': '!not-found', 'NAICS Code': '!not-found', 'revenue': '!not-found', 'Number of Employees': '!not-found', 'LinkedIn url': '!not-found'}
renewing ip
429
2001:67c:289c:4::78
{'company_name_zoominfo': '!not-found', 'website': '!not-found', 'headquarters': '!not-found', 'SIC Code': '!not-found', 'NAICS Code': '!not-found', 'revenue': '!not-found', 'Number of Employees': '!not-found', 'LinkedIn url': '!not-found'}
{'company_name_zoominfo': 'NotAvailable', 'website': 'NotAvailable', 'headquarters': 'NotAvailable', 'SIC Code': 'NotAvailable', 'NAICS Code': 'NotAvailable', 'revenue': 'NotAvailable', 'Number of Employees': 'NotAvailable', 'LinkedIn url': 'NotAvailable'}
{'company_name_zoominfo': 'Maple Leaf Disposal', 'website': 'www.mapleleafdisposal.com', 'headquarters': '20380 Langley Byp, Langley, British Columbia, V3A 5E7, Canada', 'SIC Code': '49,495', 'NAICS Code': '56,562', 'revenue': '$14.5M', 'Number of Employees': '34', 'LinkedIn url': 'http://www.linkedin.com/company/maple-leaf-disposal-ltd'}
