{'company_name_zoominfo': 'GFL Environmental', 'website': 'www.gflenv.com', 'headquarters': '100 New Park Pl Ste 500, Vaughan, Ontario, L4K 0H9, Canada', 'SIC Code': '49,495', 'NAICS Code': '54,541', 'revenue': '$4.5B', 'Number of Employees': '18,000', 'LinkedIn url': 'http://www.linkedin.com/company/gflenvironmental'}
{'company_name_zoominfo': 'Anaergia', 'website': 'www.anaergia.com', 'headquarters': '4210 S Service Rd, Burlington, Ontario, L7L 4X5, Canada', 'SIC Code': '49,493', 'NAICS Code': '32,325', 'revenue': '$120.9M', 'Number of Employees': '345', 'LinkedIn url': 'http://www.linkedin.com/company/anaergia-inc-'}
{'company_name_zoominfo': '!not-found', 'website': '!not-found', 'headquarters': '!not-found', 'SIC Code': '!not-found', 'NAICS Code': '!not-found', 'revenue': '!not-found', 'Number of Employees': '!not-found', 'LinkedIn url': '!not-found'}
{'company_name_zoominfo': 'Acuva Technologies', 'website': 'www.acuvatech.com', 'headquarters': '3771 N Fraser Way Unit 1, Burnaby, British Columbia, V5J 5G5, Canada', 'SIC Code': '35,358', 'NAICS Code': '33,333', 'revenue': '<$5M', 'Number of Employees': '26', 'LinkedIn url': 'http://www.linkedin.com/company/acuva-technologies-inc'}
{'company_name_zoominfo': 'StormFisher', 'website': 'www.stormfisher.com', 'headquarters': '1087 Green Valley Rd, London, Ontario, N6N 1E4, Canada', 'SIC Code': '49,495', 'NAICS Code': '56,562', 'revenue': '$6.4M', 'Number of Employees': '<25', 'LinkedIn url': 'http://www.linkedin.com/company/stormfisher-environmental-ltd-'}
{'company_name_zoominfo': 'Greenlane Renewables', 'website': 'www.greenlanerenewables.com', 'headquarters': '3605 Gilmore Way Ste 110, Burnaby, British Columbia, V5G 4X5, Canada', 'SIC Code': '28,281', 'NAICS Code': '32,325', 'revenue': '$46.1M', 'Number of Employees': '110', 'LinkedIn url': 'http://www.linkedin.com/company/greenlane'}
{'company_name_zoominfo': 'Saltworks Technologies', 'website': 'www.saltworkstech.com', 'headquarters': '13800 Steveston Hwy, Richmond, British Columbia, V6W 1A8, Canada', 'SIC Code': '49,494', 'NAICS Code': '22,221', 'revenue': '$37.4M', 'Number of Employees': '79', 'LinkedIn url': 'http://www.linkedin.com/company/saltworkstech'}
{'company_name_zoominfo': 'Hydrogen Optimized', 'website': 'www.hydrogenoptimized.com', 'headquarters': '1800 17th Street East, Owen Sound, Ontario, N4K 1Z4, Canada', 'SIC Code': '28,281', 'NAICS Code': '32,325', 'revenue': '<$5M', 'Number of Employees': '<25', 'LinkedIn url': 'http://www.linkedin.com/company/hydrogen-optimized'}
{'company_name_zoominfo': 'Polystyvert', 'website': 'www.polystyvert.com', 'headquarters': "9350 Rue De L'innovation, Anjou, Quebec, H1J 2X9, Canada", 'SIC Code': '49,495', 'NAICS Code': '56,562', 'revenue': '<$5M', 'Number of Employees': '<25', 'LinkedIn url': 'http://www.linkedin.com/company/polystyvert'}
{'company_name_zoominfo': 'Clearford Water Systems', 'website': 'www.clearford.com', 'headquarters': '515 Legget Dr, Ottawa, Ontario, K2K 3G4, Canada', 'SIC Code': '49,495', 'NAICS Code': '22,221', 'revenue': '$12.7M', 'Number of Employees': '93', 'LinkedIn url': 'http://www.linkedin.com/company/clearford-industries-inc.'}
{'company_name_zoominfo': 'Envirogold Global', 'website': 'www.envirogoldglobal.com', 'headquarters': '789 W Pender St Ste 810, Vancouver, British Columbia, V6C 1H2, Canada', 'SIC Code': '10,108', 'NAICS Code': '21,213', 'revenue': '$11M', 'Number of Employees': '<25', 'LinkedIn url': 'http://www.linkedin.com/company/envirogold-global'}
{'company_name_zoominfo': 'Ovivo', 'website': 'www.ovivowater.com', 'headquarters': '48 Alliance Blvd Ste 117, Barrie, Ontario, L4M 5K3, Canada', 'SIC Code': '49,497', 'NAICS Code': '22,221', 'revenue': '$232.3M', 'Number of Employees': '588', 'LinkedIn url': 'http://www.linkedin.com/company/ovivo'}
{'company_name_zoominfo': 'BQE Water', 'website': 'www.bqewater.com', 'headquarters': '900 Howe St Ste 250, Vancouver, British Columbia, V6Z 2M4, Canada', 'SIC Code': '49,494', 'NAICS Code': '22,221', 'revenue': '$7M', 'Number of Employees': '26', 'LinkedIn url': 'http://www.linkedin.com/company/bqewater'}
renewing ip
429
2a0b:f4c1:2::244
{'company_name_zoominfo': 'Sustane Technologies', 'website': 'www.sustanetech.com', 'headquarters': '3770 Kempt Rd Ste 110, Halifax, Nova Scotia, B3K 4X8, Canada', 'SIC Code': '49,495', 'NAICS Code': '56,562', 'revenue': '<$5M', 'Number of Employees': '<25', 'LinkedIn url': '!not-found'}
{'company_name_zoominfo': 'Questor', 'website': 'www.questortech.com', 'headquarters': '140-4 Ave Sw Ste 2240, Calgary, Alberta, T2P 3N3, Canada', 'SIC Code': '49,495', 'NAICS Code': '56,562', 'revenue': '$5.1M', 'Number of Employees': '<25', 'LinkedIn url': 'http://www.linkedin.com/company/questor'}
{'company_name_zoominfo': 'Environmental 360 Solutions', 'website': 'www.e360s.ca', 'headquarters': '95 Eric T. Smith Way Unit 3, Aurora, Ontario, L4G 0Z6, Canada', 'SIC Code': '49,42', 'NAICS Code': '56,562', 'revenue': '$68.7M', 'Number of Employees': '226', 'LinkedIn url': 'http://www.linkedin.com/company/e-360-a-s'}
{'company_name_zoominfo': 'Greyter Water Systems', 'website': 'www.greyter.com', 'headquarters': '2345 Stanfield Rd Ste 300, Mississauga, Ontario, L4Y 3Y3, Canada', 'SIC Code': '35,358', 'NAICS Code': '33,333', 'revenue': '$5.5M', 'Number of Employees': '<25', 'LinkedIn url': 'http://www.linkedin.com/company/greyter-systems-inc'}
{'company_name_zoominfo': 'UV Pure Technologies', 'website': 'www.uvpure.com', 'headquarters': '60 Venture Dr Unit 8, Toronto, Ontario, M1B 3S4, Canada', 'SIC Code': '35,358', 'NAICS Code': '33,333', 'revenue': '$5.3M', 'Number of Employees': '<25', 'LinkedIn url': 'http://www.linkedin.com/company/1680638'}
{'company_name_zoominfo': 'Checksammy', 'website': 'www.checksammy.com', 'headquarters': '102-19181 34a Ave, Surrey, British Columbia, V3Z 0Z7, Canada', 'SIC Code': '49,495', 'NAICS Code': '51,511', 'revenue': '<$5M', 'Number of Employees': '<25', 'LinkedIn url': 'http://www.linkedin.com/company/checksammy'}
{'company_name_zoominfo': 'Evanesce', 'website': 'www.evanesce.com', 'headquarters': '700-666 Burrard St, Vancouver, British Columbia, V6C 2X8, Canada', 'SIC Code': '26,265', 'NAICS Code': '32,322', 'revenue': '<$5M', 'Number of Employees': '<25', 'LinkedIn url': '!not-found'}
{'company_name_zoominfo': 'Nexterra Systems', 'website': 'www.nexterra.ca', 'headquarters': '650 W Georgia St Ste 1218, Vancouver, British Columbia, V6B 4N8, Canad...', 'SIC Code': '28,286', 'NAICS Code': '32,325', 'revenue': '$5.9M', 'Number of Employees': '<25', 'LinkedIn url': 'http://www.linkedin.com/company/nexterra-systems-corp.'}
{'company_name_zoominfo': 'Newterra', 'website': 'www.newterra.com', 'headquarters': '1291 California Ave, Brockville, Ontario, K6V 5Y6, Canada', 'SIC Code': '49,497', 'NAICS Code': '22,221', 'revenue': '$154.7M', 'Number of Employees': '200', 'LinkedIn url': 'http://www.linkedin.com/company/newterra'}
{'company_name_zoominfo': 'MetaFLO Technologies', 'website': 'www.metaflotech.com', 'headquarters': '874 Walker Rd Ste C, Dover, Delaware, 19904, United States', 'SIC Code': '42,421', 'NAICS Code': '56,562', 'revenue': '<$5M', 'Number of Employees': '<25', 'LinkedIn url': 'http://www.linkedin.com/company/metaflo-technologies-inc-'}
{'company_name_zoominfo': 'GoJava', 'website': 'www.gojava.ca', 'headquarters': '31 Progress Ave Unit 10, Toronto, Ontario, M1P 4S6, Canada', 'SIC Code': '59,596', 'NAICS Code': '45,454', 'revenue': '<$5M', 'Number of Employees': '<25', 'LinkedIn url': 'http://www.linkedin.com/company/gojava'}
renewing ip
429
2001:67c:6ec:203:192:42:116:198
site-not-indexed

{'company_name_zoominfo': '!not-found', 'website': '!not-found', 'headquarters': '!not-found', 'SIC Code': '!not-found', 'NAICS Code': '!not-found', 'revenue': '!not-found', 'Number of Employees': '!not-found', 'LinkedIn url': '!not-found'}
{'company_name_zoominfo': 'Island Water Technologies', 'website': 'www.islandwatertech.com', 'headquarters': '65 Watts Ave, Charlottetown, Prince Edward Island, C1E 2B7, Canada', 'SIC Code': '87,873', 'NAICS Code': '54,541', 'revenue': '$6.9M', 'Number of Employees': '<25', 'LinkedIn url': 'http://www.linkedin.com/company/island-water-technologies'}
{'company_name_zoominfo': 'Mangrove Water Technologies', 'website': 'www.mangrovewater.com', 'headquarters': '3800 Wesbrook Mall Ste 216, Vancouver, British Columbia, V6S 2L9, Cana...', 'SIC Code': '89,899', 'NAICS Code': '54,541', 'revenue': '<$5M', 'Number of Employees': '<25', 'LinkedIn url': 'http://www.linkedin.com/company/18098549'}
{'company_name_zoominfo': 'McCloskey International', 'website': 'www.mccloskeyinternational.com', 'headquarters': '1 Mccloskey Rd Ste 9, Keene, Ontario, K0L 2G0, Canada', 'SIC Code': '35,353', 'NAICS Code': '33,333', 'revenue': '$80.2M', 'Number of Employees': '456', 'LinkedIn url': 'http://www.linkedin.com/company/mccloskey-international-ltd'}
{'company_name_zoominfo': 'Livestock Water Recycling', 'website': 'www.livestockwaterrecycling.com', 'headquarters': '147 5946 86th Ave SE, Calgary, Alberta, T2C 4L7, Canada', 'SIC Code': '49,495', 'NAICS Code': '56,562', 'revenue': '$5.4M', 'Number of Employees': '<25', 'LinkedIn url': 'http://www.linkedin.com/company/2546788'}
{'company_name_zoominfo': 'NEXE Innovations', 'website': 'www.nexeinnovations.com', 'headquarters': '109-19353 22 Ave, Surrey, British Columbia, V3Z 3S6, Canada', 'SIC Code': '58,581', 'NAICS Code': '44,446', 'revenue': '<$5M', 'Number of Employees': '<25', 'LinkedIn url': '!not-found'}
{'company_name_zoominfo': 'Ecolomondo', 'website': 'www.ecolomondo.com', 'headquarters': '3435 Pitfield Blvd, Montreal, Quebec, H4S 1H7, Canada', 'SIC Code': '87,871', 'NAICS Code': '54,541', 'revenue': '<$5M', 'Number of Employees': '<25', 'LinkedIn url': 'http://www.linkedin.com/company/ecolomondo'}
{'company_name_zoominfo': 'Flexible Solutions International', 'website': 'www.flexiblesolutions.com', 'headquarters': '6001 54 Ave, Taber, Alberta, T1G 1X4, Canada', 'SIC Code': '28,281', 'NAICS Code': '32,325', 'revenue': '$37.6M', 'Number of Employees': '39', 'LinkedIn url': 'http://www.linkedin.com/company/flexible-solutions_2'}
{'company_name_zoominfo': 'Solmax', 'website': 'www.solmax.com', 'headquarters': '2801 Marie Victorin Blvd, Varennes, Quebec, J3X 0J4, Canada', 'SIC Code': '30,308', 'NAICS Code': '32,327', 'revenue': '$73.1M', 'Number of Employees': '230', 'LinkedIn url': 'http://www.linkedin.com/company/2130429'}
{'company_name_zoominfo': 'Genalta Power', 'website': 'www.genaltapower.com', 'headquarters': '400 3 Ave SW 1470, Calgary, Alberta, T2P 4H2, Canada', 'SIC Code': '49,491', 'NAICS Code': '22,221', 'revenue': '$26.5M', 'Number of Employees': '100', 'LinkedIn url': 'http://www.linkedin.com/company/genalta-power'}
{'company_name_zoominfo': 'Bionetix International', 'website': 'www.bionetix-international.com', 'headquarters': '21 040 Rue Daoust, Sainte Anne De Bellevue, Quebec, H9X 4C7, Canada', 'SIC Code': '28,283', 'NAICS Code': '32,325', 'revenue': '$6.3M', 'Number of Employees': '<25', 'LinkedIn url': 'http://www.linkedin.com/company/bionetix-international'}
{'company_name_zoominfo': 'Mineworx Technologies', 'website': 'www.mineworx.net', 'headquarters': '101 Lafleur Dr, St. Albert, Alberta, T8N 7M8, Canada', 'SIC Code': '10,109', 'NAICS Code': '21,212', 'revenue': '$5.2M', 'Number of Employees': '<25', 'LinkedIn url': 'http://www.linkedin.com/company/mineworxtechnologiesltd.'}
renewing ip
429
2607:5300:203:b842::72:315
{'company_name_zoominfo': 'Cielo Waste Solutions', 'website': 'www.cielows.com', 'headquarters': '5114 58 St Ste 115, Red Deer, Alberta, T4N 2L8, Canada', 'SIC Code': '73,737', 'NAICS Code': '51,518', 'revenue': '<$5M', 'Number of Employees': '<25', 'LinkedIn url': 'http://www.linkedin.com/company/cielo-waste-solutions-inc'}
{'company_name_zoominfo': 'Nexom', 'website': 'www.nexom.com', 'headquarters': '5 Burks Way, Winnipeg, Manitoba, R2J 3R8, Canada', 'SIC Code': '35,358', 'NAICS Code': '33,333', 'revenue': '$13.5M', 'Number of Employees': '85', 'LinkedIn url': 'http://www.linkedin.com/company/nexom'}
{'company_name_zoominfo': '!not-found', 'website': '!not-found', 'headquarters': '!not-found', 'SIC Code': '!not-found', 'NAICS Code': '!not-found', 'revenue': '!not-found', 'Number of Employees': '!not-found', 'LinkedIn url': '!not-found'}
{'company_name_zoominfo': 'Current Water Technologies', 'website': 'www.currentwatertechnologies.com', 'headquarters': '70 Southgate Dr Unit 4, Guelph, Ontario, N1G 4P5, Canada', 'SIC Code': '35,358', 'NAICS Code': '33,333', 'revenue': '<$5M', 'Number of Employees': '<25', 'LinkedIn url': '!not-found'}
{'company_name_zoominfo': 'Sanexen Environmental Services', 'website': 'www.sanexen.com', 'headquarters': '200-9935 Catania Ave, Brossard, Quebec, J4Z 3V4, Canada', 'SIC Code': '42,421', 'NAICS Code': '56,562', 'revenue': '$106M', 'Number of Employees': '308', 'LinkedIn url': 'http://www.linkedin.com/company/sanexen-service-environnementaux'}
{'company_name_zoominfo': 'BacTech Environmental', 'website': 'www.bactechgreen.com', 'headquarters': '37 King St East Ste 409, Toronto, Ontario, M5C 1E9, Canada', 'SIC Code': '10,108', 'NAICS Code': '21,213', 'revenue': '<$5M', 'Number of Employees': '<25', 'LinkedIn url': 'http://www.linkedin.com/company/1613873'}
{'company_name_zoominfo': 'Planetary Technologies', 'website': 'www.planetarytech.com', 'headquarters': '294 Beechgrove Ave, Ottawa, Ontario, K1Z 6R3, Canada', 'SIC Code': '49,495', 'NAICS Code': '56,562', 'revenue': '$11.5M', 'Number of Employees': '38', 'LinkedIn url': 'http://www.linkedin.com/company/planetary-tech'}
{'company_name_zoominfo': 'American Manganese', 'website': 'www.americanmanganeseinc.com', 'headquarters': '17942 55 Ave Ste 2, Surrey, British Columbia, V3S 6C8, Canada', 'SIC Code': '10,109', 'NAICS Code': '21,212', 'revenue': '<$5M', 'Number of Employees': '<25', 'LinkedIn url': 'http://www.linkedin.com/company/american-manganese-inc-amy-'}
{'company_name_zoominfo': 'Synauta', 'website': 'www.synauta.com', 'headquarters': '1120 Railway Ave, Canmore, Alberta, T1W 1P4, Canada', 'SIC Code': '87,873', 'NAICS Code': '54,541', 'revenue': '<$5M', 'Number of Employees': '<25', 'LinkedIn url': 'http://www.linkedin.com/company/synauta'}
{'company_name_zoominfo': 'E2metrix', 'website': 'www.e2metrix.com', 'headquarters': '3905 Lesage St, Sherbrooke, Quebec, J1L 2Z9, Canada', 'SIC Code': '35,358', 'NAICS Code': '33,333', 'revenue': '<$5M', 'Number of Employees': '<25', 'LinkedIn url': 'http://www.linkedin.com/company/e2metrix'}
{'company_name_zoominfo': 'FilterBoxx Water & Environmental', 'website': 'www.filterboxx.com', 'headquarters': '200 Rivercrest Dr Se 160, Calgary, Alberta, T2C 2X5, Canada', 'SIC Code': '49,35', 'NAICS Code': '22,221', 'revenue': '$29.9M', 'Number of Employees': '126', 'LinkedIn url': 'http://www.linkedin.com/company/filterboxx-water-and-environmental'}
{'company_name_zoominfo': 'Hyperion Global Energy', 'website': 'www.hyperionenergy.ca', 'headquarters': '7 Bayview Station Rd, Ottawa, Ontario, K1Y 2C5, Canada', 'SIC Code': '49,491', 'NAICS Code': '22,221', 'revenue': '<$5M', 'Number of Employees': '<25', 'LinkedIn url': '!not-found'}
renewing ip
429
2001:67c:289c:4::78
{'company_name_zoominfo': 'Minus Global Holdings', 'website': 'www.minusglobal.com', 'headquarters': '2 Bloor St West, Toronto, Ontario, M4W 3E2, Canada', 'SIC Code': '49,495', 'NAICS Code': '55,551', 'revenue': '<$5M', 'Number of Employees': '<25', 'LinkedIn url': '!not-found'}
{'company_name_zoominfo': 'Sterling Resources', 'website': 'www.sterlingresources.com', 'headquarters': '175 Derby St Ste 33, Hingham, Massachusetts, 02043, United States', 'SIC Code': '64,641', 'NAICS Code': '52,524', 'revenue': '$5.4M', 'Number of Employees': '<25', 'LinkedIn url': 'http://www.linkedin.com/company/sterling-resources'}
{'company_name_zoominfo': 'Tomlinson', 'website': 'www.tomlinsongroup.com', 'headquarters': '100 Citigate Dr, Ottawa, Ontario, K2J 6K7, Canada', 'SIC Code': '42,421', 'NAICS Code': '56,562', 'revenue': '$140.2M', 'Number of Employees': '682', 'LinkedIn url': 'http://www.linkedin.com/company/tomlinson-group-of-companies'}
{'company_name_zoominfo': 'Oxford Pallet & Recyclers', 'website': 'www.oxfordpallet.com', 'headquarters': '285725 Airport Rd, Norwich, Ontario, N0J 1P0, Canada', 'SIC Code': '24,244', 'NAICS Code': '32,321', 'revenue': '<$5M', 'Number of Employees': '<25', 'LinkedIn url': '!not-found'}
{'company_name_zoominfo': 'eCycle Solutions', 'website': 'www.ecyclesolutions.com', 'headquarters': '7510 Bren Rd Unit 1, Mississauga, Ontario, L4T 4H1, Canada', 'SIC Code': '49,495', 'NAICS Code': '56,562', 'revenue': '$151.5M', 'Number of Employees': '460', 'LinkedIn url': 'http://www.linkedin.com/company/ecycle-solutions'}
