{'company_name_zoominfo': 'Rubellite', 'website': 'www.rubelliteenergy.com', 'headquarters': '605 5 Ave SW Ste 3200, Calgary, Alberta, T2P 3H5, Canada', 'SIC Code': '13,138', 'NAICS Code': '21,213', 'revenue': '$10.3M', 'Number of Employees': '<25', 'LinkedIn url': '!not-found'}
{'company_name_zoominfo': 'Archipelago Marine Research', 'website': 'www.archipelago.ca', 'headquarters': '525 Head St, Victoria, British Columbia, V9A 5S1, Canada', 'SIC Code': '87,873', 'NAICS Code': '54,541', 'revenue': '$21.3M', 'Number of Employees': '97', 'LinkedIn url': 'http://www.linkedin.com/company/archipelago-marine-research'}
{'company_name_zoominfo': 'Ceiba Energy', 'website': 'www.ceibaenergy.com', 'headquarters': '7676 Woodway Dr Ste 325, Houston, Texas, 77063, United States', 'SIC Code': '49,495', 'NAICS Code': '21,213', 'revenue': '$6.3M', 'Number of Employees': '<25', 'LinkedIn url': 'http://www.linkedin.com/company/ceiba-energy'}
{'company_name_zoominfo': 'Lystek', 'website': 'www.lystek.com', 'headquarters': '125 Mcgovern Dr Unit 1, Cambridge, Ontario, N3H 4R7, Canada', 'SIC Code': '49,495', 'NAICS Code': '22,221', 'revenue': '$13.3M', 'Number of Employees': '46', 'LinkedIn url': 'http://www.linkedin.com/company/lystek-international'}
{'company_name_zoominfo': 'Bishop Water Technologies', 'website': 'www.bishopwater.ca', 'headquarters': '220 Carswell St, Renfrew, Ontario, K7V 2G4, Canada', 'SIC Code': '35,358', 'NAICS Code': '33,333', 'revenue': '<$5M', 'Number of Employees': '<25', 'LinkedIn url': 'http://www.linkedin.com/company/1414624'}
{'company_name_zoominfo': 'Quest Water Global', 'website': 'www.questwatersolutions.com', 'headquarters': '828 Harbourside Dr Ste 209, North Vancouver, British Columbia, V7P 3R9...', 'SIC Code': '50,507', 'NAICS Code': '42,423', 'revenue': '<$5M', 'Number of Employees': '<25', 'LinkedIn url': 'http://www.linkedin.com/company/2081417'}
{'company_name_zoominfo': 'ASI Group', 'website': 'www.asi-group.com', 'headquarters': '566 Arvin Ave, Stoney Creek, Ontario, L8E 5P1, Canada', 'SIC Code': '87,871', 'NAICS Code': '54,541', 'revenue': '$24.3M', 'Number of Employees': '94', 'LinkedIn url': 'http://www.linkedin.com/company/asi-group---'}
{'company_name_zoominfo': 'Terrapure', 'website': 'www.terrapureenv.com', 'headquarters': '1100 Burloak Dr Ste 500, Burlington, Ontario, L7L 6B2, Canada', 'SIC Code': '49,495', 'NAICS Code': '56,562', 'revenue': '$623.9M', 'Number of Employees': '1,206', 'LinkedIn url': 'http://www.linkedin.com/company/terrapure-environmental'}
{'company_name_zoominfo': 'Drinkable Air', 'website': 'drinkableair.tech', 'headquarters': '2944 NW 27th 14 St Bldg, Lauderdale Lakes, Florida, 33311, United Stat...', 'SIC Code': '35,358', 'NAICS Code': '33,333', 'revenue': '$8.6M', 'Number of Employees': '<25', 'LinkedIn url': 'http://www.linkedin.com/company/drinkable-air-inc-'}
{'company_name_zoominfo': 'Ronin8 Technologies', 'website': 'www.ronin8.com', 'headquarters': '11411 Blacksmith Pl, Richmond, British Columbia, V7A 4T7, Canada', 'SIC Code': '33,334', 'NAICS Code': '33,331', 'revenue': '<$5M', 'Number of Employees': '<25', 'LinkedIn url': 'http://www.linkedin.com/company/ronin8technologies'}
{'company_name_zoominfo': 'Glacierclean Technologies', 'website': 'www.glaciercleantech.com', 'headquarters': '404-140 Lincoln Rd, Waterloo, Ontario, N2J 4N4, Canada', 'SIC Code': '87,873', 'NAICS Code': '54,541', 'revenue': '<$5M', 'Number of Employees': '<25', 'LinkedIn url': 'http://www.linkedin.com/company/glacierclean-technologies-inc.'}
{'company_name_zoominfo': 'Progressive Waste Solutions', 'website': 'www.progressivewaste.co.uk', 'headquarters': '4 Sherwood Industrial Est Unit, Edinburgh, Midlothian, EH19 3LW, Unite...', 'SIC Code': '49,495', 'NAICS Code': '22,221', 'revenue': '<$5M', 'Number of Employees': '<25', 'LinkedIn url': 'http://www.linkedin.com/company/progressivewaste'}
{'company_name_zoominfo': 'Reusables', 'website': 'www.reusables.com', 'headquarters': '905 W Pender St Fl 6, Vancouver, British Columbia, V6C 1L6, Canada', 'SIC Code': '59,596', 'NAICS Code': '45,454', 'revenue': '<$5M', 'Number of Employees': '<25', 'LinkedIn url': 'http://www.linkedin.com/company/reusables'}
{'company_name_zoominfo': 'Groupe Helios', 'website': 'www.groupehelios.com', 'headquarters': '2099 Boulevard Fernand-lafontaine, Longueuil, Quebec, J4G 2J4, Canada', 'SIC Code': '87,871', 'NAICS Code': '54,541', 'revenue': '$50.3M', 'Number of Employees': '383', 'LinkedIn url': 'http://www.linkedin.com/company/groupe-helios'}
renewing ip
429
2a0b:f4c1:2::244
{'company_name_zoominfo': '1-800-GOT-JUNK', 'website': 'www.1800gotjunk.com', 'headquarters': 'Long, Lansing, Michigan, United States', 'SIC Code': '49,47', 'NAICS Code': '56,562', 'revenue': '<$5M', 'Number of Employees': '<25', 'LinkedIn url': 'http://www.linkedin.com/company/1-800-got-junk'}
{'company_name_zoominfo': 'Cindrigo', 'website': 'www.cindrigo.com', 'headquarters': 'Berkeley Sq, London, Essex, W1J 6BD, United Kingdom', 'SIC Code': '49,495', 'NAICS Code': '56,562', 'revenue': '$7.3M', 'Number of Employees': '<25', 'LinkedIn url': '!not-found'}
{'company_name_zoominfo': 'Ridgeline Canada', 'website': 'www.ridgelinecanada.com', 'headquarters': '3016 19 St Ne 101, Calgary, Alberta, T2E 6Y9, Canada', 'SIC Code': '89,899', 'NAICS Code': '23,237', 'revenue': '$16.2M', 'Number of Employees': '48', 'LinkedIn url': 'http://www.linkedin.com/company/ridgeline-energy-services-inc-'}
{'company_name_zoominfo': 'Wisewell', 'website': 'www.wisewell.com', 'headquarters': '!not-found', 'SIC Code': '49,494', 'NAICS Code': '22,221', 'revenue': '<$5M', 'Number of Employees': '<25', 'LinkedIn url': 'http://www.linkedin.com/company/wise-well'}
{'company_name_zoominfo': 'FER-PAL Construction', 'website': 'www.ferpalinfrastructure.com', 'headquarters': '171 Fenmar Dr, Toronto, Ontario, M9L 1M7, Canada', 'SIC Code': '16,162', 'NAICS Code': '23,237', 'revenue': '$15.2M', 'Number of Employees': '86', 'LinkedIn url': 'http://www.linkedin.com/company/2600433'}
{'company_name_zoominfo': 'Klean Industries', 'website': 'www.kleanindustries.com', 'headquarters': '700 Georgia St W Ste 2500, Vancouver, British Columbia, V7Y 1B3, Canad...', 'SIC Code': '49,495', 'NAICS Code': '56,562', 'revenue': '$6.5M', 'Number of Employees': '25', 'LinkedIn url': 'http://www.linkedin.com/company/klean-industries-inc'}
{'company_name_zoominfo': 'Roshan Water Solutions', 'website': 'www.roshanwater.com', 'headquarters': '5042 Andison Close SW, Edmonton, Alberta, T6W 3T4, Canada', 'SIC Code': '49,494', 'NAICS Code': '22,221', 'revenue': '<$5M', 'Number of Employees': '<25', 'LinkedIn url': 'http://www.linkedin.com/company/roshan-water-solutions'}
{'company_name_zoominfo': 'Maratek Environmental', 'website': 'www.maratek.com', 'headquarters': '39 Nixon Rd, Bolton, Ontario, L7E 1K1, Canada', 'SIC Code': '35,355', 'NAICS Code': '33,333', 'revenue': '<$5M', 'Number of Employees': '<25', 'LinkedIn url': 'http://www.linkedin.com/company/maratek-environmental-inc-'}
{'company_name_zoominfo': 'Green Impact Partners', 'website': 'www.greenipi.com', 'headquarters': '666 Burrard St 2500, Vancouver, British Columbia, V6C 2X8, Canada', 'SIC Code': '49,495', 'NAICS Code': '56,562', 'revenue': '$113.2M', 'Number of Employees': '315', 'LinkedIn url': 'http://www.linkedin.com/company/green-impact-partners-inc'}
{'company_name_zoominfo': 'Tecta PDS', 'website': 'www.tecta-pds.ca', 'headquarters': '382 King St E, Kingston, Ontario, K7K 2Y2, Canada', 'SIC Code': '87,873', 'NAICS Code': '54,541', 'revenue': '$5.3M', 'Number of Employees': '<25', 'LinkedIn url': 'http://www.linkedin.com/company/pathogen-detection-systems-inc-'}
renewing ip
429
2001:67c:6ec:203:192:42:116:198
{'company_name_zoominfo': 'Calgary Aggregate Recycling', 'website': 'www.calgaryaggregate.com', 'headquarters': '6020 94 Ave SE, Calgary, Alberta, T2C 3Z3, Canada', 'SIC Code': '14,144', 'NAICS Code': '21,212', 'revenue': '<$5M', 'Number of Employees': '<25', 'LinkedIn url': '!not-found'}
{'company_name_zoominfo': 'Trojan Technologies', 'website': 'www.trojantechnologies.com', 'headquarters': '3020 Gore Rd, London, Ontario, N5V 4T7, Canada', 'SIC Code': '49,494', 'NAICS Code': '22,221', 'revenue': '$58M', 'Number of Employees': '662', 'LinkedIn url': 'http://www.linkedin.com/company/trojan-technologies'}
{'company_name_zoominfo': 'White Owl Energy Services', 'website': 'www.whiteowl-services.com', 'headquarters': '2252 Hwy 68, Alexander, North Dakota, 58831, United States', 'SIC Code': '13,138', 'NAICS Code': '21,213', 'revenue': '$7.1M', 'Number of Employees': '<25', 'LinkedIn url': '!not-found'}
{'company_name_zoominfo': '!not-found', 'website': 'Noventa Energy Partners', 'headquarters': '!not-found', 'SIC Code': '!not-found', 'NAICS Code': '!not-found', 'revenue': '!not-found', 'Number of Employees': '!not-found', 'LinkedIn url': '!not-found'}
{'company_name_zoominfo': 'Quantum Lifecycle', 'website': 'www.quantumlifecycle.com', 'headquarters': '700 Ormont Dr, Toronto, Ontario, M9L 2V4, Canada', 'SIC Code': '49,495', 'NAICS Code': '56,562', 'revenue': '$121.2M', 'Number of Employees': '399', 'LinkedIn url': 'http://www.linkedin.com/company/quantum-lifecycle-partners-lp'}
{'company_name_zoominfo': 'Koenders Water Solutions', 'website': 'www.koenderswatersolutions.com', 'headquarters': '3426 Saskatchewan Dr, Regina, Saskatchewan, S4T 1H1, Canada', 'SIC Code': '49,494', 'NAICS Code': '22,221', 'revenue': '$6.2M', 'Number of Employees': '<25', 'LinkedIn url': 'http://www.linkedin.com/company/koenders-water-solutions'}
{'company_name_zoominfo': 'Wolverine Energy & Infrastructure', 'website': 'www.wnrgi.com', 'headquarters': '1711 9 St, Nisku, Alberta, T9E 0R3, Canada', 'SIC Code': '13,138', 'NAICS Code': '21,213', 'revenue': '$61.6M', 'Number of Employees': '308', 'LinkedIn url': '!not-found'}
{'company_name_zoominfo': 'Waste Services', 'website': 'www.wasteservices.com', 'headquarters': '11601 Ironton Cut Off Rd, Little Rock, Arkansas, 72206, United States', 'SIC Code': '42,421', 'NAICS Code': '56,562', 'revenue': '<$5M', 'Number of Employees': '<25', 'LinkedIn url': '!not-found'}
{'company_name_zoominfo': 'Delco Automation', 'website': 'www.delcoautomation.com', 'headquarters': '3714 Kinnear Pl, Saskatoon, Saskatchewan, S7P 0A6, Canada', 'SIC Code': '49,494', 'NAICS Code': '54,541', 'revenue': '$22.1M', 'Number of Employees': '190', 'LinkedIn url': 'http://www.linkedin.com/company/delco-automation-inc.'}
{'company_name_zoominfo': 'Bosk Bioproducts', 'website': 'www.bosk-bioproducts.com', 'headquarters': '399 Rue Jacquard Ste 100, Quebec, Quebec, G1N 4J6, Canada', 'SIC Code': '28,282', 'NAICS Code': '32,325', 'revenue': '<$5M', 'Number of Employees': '<25', 'LinkedIn url': '!not-found'}
{'company_name_zoominfo': 'Les Industries JPB', 'website': 'www.industriesjpb.com', 'headquarters': '940 Boul Des Érables, Salaberry De Valleyfield, Quebec, J6T 6G4, Canad...', 'SIC Code': '50,509', 'NAICS Code': '42,423', 'revenue': '<$5M', 'Number of Employees': '<25', 'LinkedIn url': 'http://www.linkedin.com/company/jpb-industries-inc'}
{'company_name_zoominfo': 'Fibracast', 'website': 'www.fibracast.com', 'headquarters': '525 Glover Rd, Hannon, Ontario, L0R 1P0, Canada', 'SIC Code': '35,358', 'NAICS Code': '33,333', 'revenue': '<$5M', 'Number of Employees': '<25', 'LinkedIn url': 'http://www.linkedin.com/company/fibracast-company'}
renewing ip
429
2a06:1700:0:12::4
{'company_name_zoominfo': 'Canada Fibers', 'website': 'www.canadafibersltd.com', 'headquarters': '130 Arrow Rd, Toronto, Ontario, M9M 2M1, Canada', 'SIC Code': '49,495', 'NAICS Code': '56,562', 'revenue': '$70.4M', 'Number of Employees': '354', 'LinkedIn url': 'http://www.linkedin.com/company/canada-fibers-ltd'}
{'company_name_zoominfo': 'Metro Compactor Service', 'website': 'www.metrocompactor.com', 'headquarters': '145 Heart Lake Rd South, Brampton, Ontario, L6W 3K3, Canada', 'SIC Code': '50,508', 'NAICS Code': '42,423', 'revenue': '$6.4M', 'Number of Employees': '25', 'LinkedIn url': 'http://www.linkedin.com/company/metro-compactor-service-inc'}
{'company_name_zoominfo': 'Digital Water Solutions', 'website': 'digitalwater.solutions', 'headquarters': '650 Woodlawn Rd West Block C Unit 4, Guelph, Ontario, N1K 1B8, Canada', 'SIC Code': '52,525', 'NAICS Code': '45,454', 'revenue': '<$5M', 'Number of Employees': '<25', 'LinkedIn url': 'http://www.linkedin.com/company/digital-water-solutions-inc'}
{'company_name_zoominfo': '!not-found', 'website': 'GEEP Global', 'headquarters': '!not-found', 'SIC Code': '!not-found', 'NAICS Code': '!not-found', 'revenue': '!not-found', 'Number of Employees': '!not-found', 'LinkedIn url': '!not-found'}
{'company_name_zoominfo': 'Global Clean Energy', 'website': 'www.globalcleanenergy.net', 'headquarters': '6040 Upshaw Dr Ste 105, Humble, Texas, 77396, United States', 'SIC Code': '49,491', 'NAICS Code': '22,221', 'revenue': '<$5M', 'Number of Employees': '<25', 'LinkedIn url': 'http://www.linkedin.com/company/global-clean-energy-technologies'}
{'company_name_zoominfo': 'Ulteig Engineers', 'website': 'www.ulteig.com', 'headquarters': '1412 Basin Ave, Bismarck, North Dakota, 58504, United States', 'SIC Code': '87,871', 'NAICS Code': '54,541', 'revenue': '$109.3M', 'Number of Employees': '520', 'LinkedIn url': 'http://www.linkedin.com/company/nlsengineering'}
{'company_name_zoominfo': 'WaterPuris', 'website': 'www.waterpuris.com', 'headquarters': '151 Charles St W, Kitchener, Ontario, N2G 1H6, Canada', 'SIC Code': '49,495', 'NAICS Code': '22,221', 'revenue': '<$5M', 'Number of Employees': '<25', 'LinkedIn url': '!not-found'}
{'company_name_zoominfo': 'U-Pak Group of Companies', 'website': 'www.upak.net', 'headquarters': '15 Tidemore Ave, Etobicoke, Ontario, M9W 7E9, Canada', 'SIC Code': '49,495', 'NAICS Code': '56,562', 'revenue': '$54M', 'Number of Employees': '254', 'LinkedIn url': 'http://www.linkedin.com/company/u-pak-group-of-companies'}
{'company_name_zoominfo': 'White Swan Environmental', 'website': 'www.whiteswanltd.com', 'headquarters': '542 Laura Ave Ste 100, Red Deer County, Alberta, T4E 0A5, Canada', 'SIC Code': '89,899', 'NAICS Code': '54,541', 'revenue': '<$5M', 'Number of Employees': '<25', 'LinkedIn url': 'http://www.linkedin.com/company/white-swan-environmental-ltd-'}
{'company_name_zoominfo': 'Avizo ExpertsConseils', 'website': 'www.avizo.ca', 'headquarters': '1125 De Cherbourg St, Sherbrooke, Quebec, J1K 0A8, Canada', 'SIC Code': '49,495', 'NAICS Code': '22,221', 'revenue': '$20.5M', 'Number of Employees': '56', 'LinkedIn url': 'http://www.linkedin.com/company/avizo-experts-conseils'}
{'company_name_zoominfo': 'BioAlert Solutions', 'website': 'www.bioalert.ca', 'headquarters': '2650 Rue Maximilien-chagnon Ste 4, Sherbrooke, Quebec, J1E 0M8, Canada', 'SIC Code': '38,384', 'NAICS Code': '33,339', 'revenue': '<$5M', 'Number of Employees': '<25', 'LinkedIn url': 'http://www.linkedin.com/company/spi-biosensing'}
{'company_name_zoominfo': 'Waste Connections of Canada', 'website': 'www.wasteconnectionscanada.com', 'headquarters': '610 Applewood Cres Fl 2, Vaughan, Ontario, L4K 0E3, Canada', 'SIC Code': '49,495', 'NAICS Code': '56,562', 'revenue': '$10.8M', 'Number of Employees': '38', 'LinkedIn url': 'http://www.linkedin.com/company/bfi-canada'}
renewing ip
429
2a03:4000:15:928:dead:beef:ca1f:1337
{'company_name_zoominfo': 'Redishred Capital', 'website': 'www.redishred.com', 'headquarters': '!not-found', 'SIC Code': '62,621', 'NAICS Code': '52,523', 'revenue': '$32.1M', 'Number of Employees': '164', 'LinkedIn url': 'http://www.linkedin.com/company/2284279'}
{'company_name_zoominfo': 'Tidewater Environmental Services', 'website': 'www.tidewaterenv.com', 'headquarters': 'United States', 'SIC Code': '89,899', 'NAICS Code': '54,541', 'revenue': '$5.7M', 'Number of Employees': '<25', 'LinkedIn url': '!not-found'}
{'company_name_zoominfo': 'Sherbrooke OEM', 'website': 'www.sherbrooke-oem.com', 'headquarters': '3425 Industriel Blvd, Sherbrooke, Quebec, J1L 2W1, Canada', 'SIC Code': '35,355', 'NAICS Code': '33,333', 'revenue': '$20.7M', 'Number of Employees': '65', 'LinkedIn url': 'http://www.linkedin.com/company/487192'}
{'company_name_zoominfo': 'SCG Process', 'website': 'www.scgprocess.com', 'headquarters': '4424 76th Ave NW, Edmonton, Alberta, T6B 0A5, Canada', 'SIC Code': '49,50', 'NAICS Code': '42,423', 'revenue': '$22.9M', 'Number of Employees': '93', 'LinkedIn url': 'http://www.linkedin.com/company/scgprocess'}
{'company_name_zoominfo': 'New Wave Energy Services', 'website': 'www.newwavees.com', 'headquarters': '140-4th Ave SW Ste 1955, Calgary, Alberta, T2P 3N3, Canada', 'SIC Code': '13,138', 'NAICS Code': '21,213', 'revenue': '$7.9M', 'Number of Employees': '<25', 'LinkedIn url': 'http://www.linkedin.com/company/new-wave-energy-services'}
