{'company_name_zoominfo': 'Terragon Environmental Technologies', 'website': 'www.terragon.net', 'headquarters': '9130 Parc Ave, Montreal, Quebec, H2N 1Z2, Canada', 'SIC Code': '95,951', 'NAICS Code': '92,924', 'revenue': '$6M', 'Number of Employees': '<25', 'LinkedIn url': 'http://www.linkedin.com/company/terragon-environmental-technologies'}
{'company_name_zoominfo': 'Diversys Software', 'website': 'www.diversys.com', 'headquarters': '95 St Clair Ave West Ste 1606, Toronto, Ontario, M4V 1N6, Canada', 'SIC Code': '73,737', 'NAICS Code': '51,511', 'revenue': '<$5M', 'Number of Employees': '<25', 'LinkedIn url': 'http://www.linkedin.com/company/diversys-software-inc'}
{'company_name_zoominfo': 'EMC Software', 'website': 'www.emcsoftw.com', 'headquarters': 'Venezuela', 'SIC Code': '50,504', 'NAICS Code': '42,423', 'revenue': '<$5M', 'Number of Employees': '<25', 'LinkedIn url': '!not-found'}
{'company_name_zoominfo': 'Garbage Day', 'website': 'www.garbageday.co', 'headquarters': '20 Bay St Fl 17, Toronto, Ontario, M5J 2N8, Canada', 'SIC Code': '49,495', 'NAICS Code': '56,562', 'revenue': '<$5M', 'Number of Employees': '<25', 'LinkedIn url': '!not-found'}
{'company_name_zoominfo': 'Trux', 'website': 'www.truxnow.com', 'headquarters': '1601 Trapelo Rd Ste 140, Waltham, Massachusetts, 02451, United States', 'SIC Code': '47,473', 'NAICS Code': '48,488', 'revenue': '$13.9M', 'Number of Employees': '34', 'LinkedIn url': 'http://www.linkedin.com/company/trux-inc-'}
{'company_name_zoominfo': 'Galatea Technologies', 'website': 'www.galateatech.com', 'headquarters': '215 10th Ave Southwest Ste 201, Calgary, Alberta, T2R 0A4, Canada', 'SIC Code': '73,737', 'NAICS Code': '51,511', 'revenue': '<$5M', 'Number of Employees': '<25', 'LinkedIn url': 'http://www.linkedin.com/company/galateatech'}
{'company_name_zoominfo': 'Green Circle Salons', 'website': 'www.greencirclesalons.com', 'headquarters': '535 Wilson Ave, Toronto, Ontario, M3H 1V1, Canada', 'SIC Code': '49,495', 'NAICS Code': '56,562', 'revenue': '$9.5M', 'Number of Employees': '26', 'LinkedIn url': 'http://www.linkedin.com/company/green-circle-salons'}
{'company_name_zoominfo': 'NotAvailable', 'website': 'NotAvailable', 'headquarters': 'NotAvailable', 'SIC Code': 'NotAvailable', 'NAICS Code': 'NotAvailable', 'revenue': 'NotAvailable', 'Number of Employees': 'NotAvailable', 'LinkedIn url': 'NotAvailable'}
{'company_name_zoominfo': '!not-found', 'website': 'Advanced BioCarbon 3D', 'headquarters': '!not-found', 'SIC Code': '!not-found', 'NAICS Code': '!not-found', 'revenue': '!not-found', 'Number of Employees': '!not-found', 'LinkedIn url': '!not-found'}
{'company_name_zoominfo': 'No Food Waste', 'website': 'www.nofoodwaste.in', 'headquarters': 'India', 'SIC Code': '42,421', 'NAICS Code': '56,562', 'revenue': '<$5M', 'Number of Employees': '<25', 'LinkedIn url': 'http://www.linkedin.com/company/nofoodwaste'}
{'company_name_zoominfo': 'FoodCycler', 'website': 'www.foodcycler.com', 'headquarters': 'Cornwall, Ontario, Canada', 'SIC Code': '35,355', 'NAICS Code': '33,333', 'revenue': '<$5M', 'Number of Employees': '<25', 'LinkedIn url': 'http://www.linkedin.com/company/foodcycler'}
{'company_name_zoominfo': 'Lateral Innovations', 'website': 'www.lateralinnovations.com', 'headquarters': '250 Grande Allée Ouest Ste 006, Quebec, Quebec, G1R 2H4, Canada', 'SIC Code': '87,871', 'NAICS Code': '54,541', 'revenue': '<$5M', 'Number of Employees': '<25', 'LinkedIn url': 'http://www.linkedin.com/company/pg-solutions'}
{'company_name_zoominfo': 'Houston Natural Energy', 'website': 'www.houstonnaturalenergy.com', 'headquarters': '103 Ranger Dr, Boerne, Texas, 78006, United States', 'SIC Code': '36,362', 'NAICS Code': '33,335', 'revenue': '<$5M', 'Number of Employees': '<25', 'LinkedIn url': '!not-found'}
{'company_name_zoominfo': 'Base Station Supply', 'website': 'www.basestationsupply.com', 'headquarters': '3648 Keen Ave, Mountville, Pennsylvania, 17554, United States', 'SIC Code': '36,366', 'NAICS Code': '33,334', 'revenue': '<$5M', 'Number of Employees': '<25', 'LinkedIn url': '!not-found'}
{'company_name_zoominfo': 'NotAvailable', 'website': 'NotAvailable', 'headquarters': 'NotAvailable', 'SIC Code': 'NotAvailable', 'NAICS Code': 'NotAvailable', 'revenue': 'NotAvailable', 'Number of Employees': 'NotAvailable', 'LinkedIn url': 'NotAvailable'}
{'company_name_zoominfo': 'Tero', 'website': 'www.tero.gr', 'headquarters': '21 Antoni Tritsi St Bldg Bp.o. PO Box, Thessaloniki, Central Macedonia...', 'SIC Code': '87,874', 'NAICS Code': '54,541', 'revenue': '<$5M', 'Number of Employees': '<25', 'LinkedIn url': 'http://www.linkedin.com/company/tero-ltd'}
{'company_name_zoominfo': 'NotAvailable', 'website': 'NotAvailable', 'headquarters': 'NotAvailable', 'SIC Code': 'NotAvailable', 'NAICS Code': 'NotAvailable', 'revenue': 'NotAvailable', 'Number of Employees': 'NotAvailable', 'LinkedIn url': 'NotAvailable'}
renewing ip
429
2a03:e600:100::15
{'company_name_zoominfo': 'BioRefinex Canada', 'website': 'www.biorefinex.com', 'headquarters': '909 17th Ave SW Ste 400, Calgary, Alberta, T2T 0A4, Canada', 'SIC Code': '28,287', 'NAICS Code': '32,325', 'revenue': '<$5M', 'Number of Employees': '<25', 'LinkedIn url': 'http://www.linkedin.com/company/biorefinex-canada-inc.'}
{'company_name_zoominfo': 'Echo Managed Services', 'website': 'www.echo-ms.com', 'headquarters': 'The Quorum Bond St S, Bristol, Bristol, BS1 3AE, United Kingdom', 'SIC Code': '73,737', 'NAICS Code': '51,518', 'revenue': '$57.4M', 'Number of Employees': '458', 'LinkedIn url': 'http://www.linkedin.com/company/echo-managed-services'}
{'company_name_zoominfo': 'Bottle House', 'website': 'www.bottledrop.ca', 'headquarters': '102 10 St NW, Calgary, Alberta, T2N 1V3, Canada', 'SIC Code': '58,581', 'NAICS Code': '72,722', 'revenue': '<$5M', 'Number of Employees': '<25', 'LinkedIn url': '!not-found'}
{'company_name_zoominfo': 'Recycle NB', 'website': 'www.recyclenb.com', 'headquarters': '277 Main St, Fredericton, New Brunswick, E3A 1E1, Canada', 'SIC Code': '49,495', 'NAICS Code': '56,562', 'revenue': '<$5M', 'Number of Employees': '<25', 'LinkedIn url': 'http://www.linkedin.com/company/recycle-nb'}
{'company_name_zoominfo': 'Container Depot Express', 'website': 'www.containerdepotexpress.com', 'headquarters': '54 Matheson Blvd, Mississauga, Ontario, L4T 1A1, Canada', 'SIC Code': '51,511', 'NAICS Code': '42,424', 'revenue': '<$5M', 'Number of Employees': '<25', 'LinkedIn url': 'http://www.linkedin.com/company/container-depot-express'}
{'company_name_zoominfo': 'NotAvailable', 'website': 'NotAvailable', 'headquarters': 'NotAvailable', 'SIC Code': 'NotAvailable', 'NAICS Code': 'NotAvailable', 'revenue': 'NotAvailable', 'Number of Employees': 'NotAvailable', 'LinkedIn url': 'NotAvailable'}
{'company_name_zoominfo': 'NotAvailable', 'website': 'NotAvailable', 'headquarters': 'NotAvailable', 'SIC Code': 'NotAvailable', 'NAICS Code': 'NotAvailable', 'revenue': 'NotAvailable', 'Number of Employees': 'NotAvailable', 'LinkedIn url': 'NotAvailable'}
{'company_name_zoominfo': 'Ecocycle', 'website': 'www.ecocycle.ca', 'headquarters': '165 Shropshire Dr, Toronto, Ontario, M1P 1Z6, Canada', 'SIC Code': '72,729', 'NAICS Code': '54,541', 'revenue': '<$5M', 'Number of Employees': '<25', 'LinkedIn url': '!not-found'}
{'company_name_zoominfo': 'Geoware', 'website': 'www.geowareinc.com', 'headquarters': '564 Weber St N Unit 9, Waterloo, Ontario, N2L 5C6, Canada', 'SIC Code': '73,737', 'NAICS Code': '54,541', 'revenue': '$11.8M', 'Number of Employees': '27', 'LinkedIn url': 'http://www.linkedin.com/company/geowaste'}
{'company_name_zoominfo': 'Eco Entreprises Quebec', 'website': 'www.eeq.ca', 'headquarters': '1600 René-lévesque Blvd West Ste 600, Montreal, Quebec, H3H 1P9, Canad...', 'SIC Code': '86,861', 'NAICS Code': '81,813', 'revenue': '$8.7M', 'Number of Employees': '36', 'LinkedIn url': 'http://www.linkedin.com/company/9257375'}
{'company_name_zoominfo': 'NotAvailable', 'website': 'NotAvailable', 'headquarters': 'NotAvailable', 'SIC Code': 'NotAvailable', 'NAICS Code': 'NotAvailable', 'revenue': 'NotAvailable', 'Number of Employees': 'NotAvailable', 'LinkedIn url': 'NotAvailable'}
{'company_name_zoominfo': 'NotAvailable', 'website': 'NotAvailable', 'headquarters': 'NotAvailable', 'SIC Code': 'NotAvailable', 'NAICS Code': 'NotAvailable', 'revenue': 'NotAvailable', 'Number of Employees': 'NotAvailable', 'LinkedIn url': 'NotAvailable'}
{'company_name_zoominfo': 'NotAvailable', 'website': 'NotAvailable', 'headquarters': 'NotAvailable', 'SIC Code': 'NotAvailable', 'NAICS Code': 'NotAvailable', 'revenue': 'NotAvailable', 'Number of Employees': 'NotAvailable', 'LinkedIn url': 'NotAvailable'}
{'company_name_zoominfo': 'NotAvailable', 'website': 'NotAvailable', 'headquarters': 'NotAvailable', 'SIC Code': 'NotAvailable', 'NAICS Code': 'NotAvailable', 'revenue': 'NotAvailable', 'Number of Employees': 'NotAvailable', 'LinkedIn url': 'NotAvailable'}
{'company_name_zoominfo': '!not-found', 'website': '!not-found', 'headquarters': '!not-found', 'SIC Code': '!not-found', 'NAICS Code': '!not-found', 'revenue': '!not-found', 'Number of Employees': '!not-found', 'LinkedIn url': '!not-found'}
{'company_name_zoominfo': 'REthink CRM', 'website': 'www.rethinkcrm.com', 'headquarters': '5323 Levander Loop, Austin, Texas, 78702, United States', 'SIC Code': '73,737', 'NAICS Code': '51,511', 'revenue': '<$5M', 'Number of Employees': '<25', 'LinkedIn url': 'http://www.linkedin.com/company/rethinkcrm'}
{'company_name_zoominfo': 'Green Depot', 'website': 'www.greendepotnl.ca', 'headquarters': '16 1st St, Wabush, Newfoundland and Labrador, A0R 1B0, Canada', 'SIC Code': '50,509', 'NAICS Code': '42,423', 'revenue': '<$5M', 'Number of Employees': '<25', 'LinkedIn url': 'http://www.linkedin.com/company/932589'}
renewing ip
429
2001:67c:6ec:203:192:42:116:198
{'company_name_zoominfo': 'Littr.com', 'website': 'www.littr.com', 'headquarters': 'United States', 'SIC Code': '67,679', 'NAICS Code': '52,523', 'revenue': '<$5M', 'Number of Employees': '<25', 'LinkedIn url': '!not-found'}
{'company_name_zoominfo': 'Toronto Wizard', 'website': 'www.torontowizard.ca', 'headquarters': 'Canada', 'SIC Code': '82,822', 'NAICS Code': '61,611', 'revenue': '<$5M', 'Number of Employees': '<25', 'LinkedIn url': 'http://www.linkedin.com/company/toronto-wizard'}
{'company_name_zoominfo': 'CloudBlue', 'website': 'www.cloudblue.com', 'headquarters': '3351 Michelson Dr 100, Irvine, California, 92612, United States', 'SIC Code': '73,737', 'NAICS Code': '51,518', 'revenue': '$85.4M', 'Number of Employees': '430', 'LinkedIn url': 'http://www.linkedin.com/company/cloudblue'}
{'company_name_zoominfo': 'Kamps Pallets', 'website': 'www.kampspallets.com', 'headquarters': '2900 Peach Rdg, Grand Rapids, Michigan, 49534, United States', 'SIC Code': '24,244', 'NAICS Code': '32,321', 'revenue': '$950.5M', 'Number of Employees': '3,500', 'LinkedIn url': 'http://www.linkedin.com/company/kamps-pallets'}
{'company_name_zoominfo': 'J&B Pallet', 'website': 'www.jbpallet.com', 'headquarters': '120 S Lakeshore Dr, Lake City, Minnesota, 55041, United States', 'SIC Code': '24,244', 'NAICS Code': '32,321', 'revenue': '$26.8M', 'Number of Employees': '147', 'LinkedIn url': 'http://www.linkedin.com/company/jbpallet'}
{'company_name_zoominfo': 'L & R Pallet', 'website': 'www.lrpallet.com', 'headquarters': '3855 Lima St, Denver, Colorado, 80239, United States', 'SIC Code': '24,244', 'NAICS Code': '32,321', 'revenue': '$25.1M', 'Number of Employees': '117', 'LinkedIn url': '!not-found'}
{'company_name_zoominfo': 'Pal-Serv', 'website': 'www.pal-serv.com', 'headquarters': '1200 Brother Paul Dr, North Little Rock, Arkansas, 72114, United State...', 'SIC Code': '24,244', 'NAICS Code': '32,321', 'revenue': '$20.7M', 'Number of Employees': '54', 'LinkedIn url': 'http://www.linkedin.com/company/pal-serv'}
{'company_name_zoominfo': 'Chip Energy', 'website': 'www.chipenergy.com', 'headquarters': '395 W Martin Dr, Goodfield, Illinois, 61742, United States', 'SIC Code': '50,505', 'NAICS Code': '42,423', 'revenue': '<$5M', 'Number of Employees': '<25', 'LinkedIn url': 'http://www.linkedin.com/company/chip-energy-inc'}
{'company_name_zoominfo': 'Palletways', 'website': 'www.palletways.com', 'headquarters': 'Fradley Distribution Park Wood End Fradley Park Ln, Lichfield, Staffor...', 'SIC Code': '47,473', 'NAICS Code': '48,488', 'revenue': '$242.5M', 'Number of Employees': '570', 'LinkedIn url': 'http://www.linkedin.com/company/palletways-uk-ltd'}
{'company_name_zoominfo': 'Heritage Interactive', 'website': 'www.heritageinteractive.co.uk', 'headquarters': 'North Dr, Old Dalby Ward, Leicester, LE14 3HY, United Kingdom', 'SIC Code': '84,841', 'NAICS Code': '71,712', 'revenue': '<$5M', 'Number of Employees': '<25', 'LinkedIn url': 'http://www.linkedin.com/company/heritage-interactive-ltd'}
{'company_name_zoominfo': 'MPS Group', 'website': 'www.mpsgrp.com', 'headquarters': '38755 Hills Tech Dr, Farmington Hills, Michigan, 48331, United States', 'SIC Code': '87,874', 'NAICS Code': '56,561', 'revenue': '$134.1M', 'Number of Employees': '631', 'LinkedIn url': 'http://www.linkedin.com/company/mps-group_2'}
{'company_name_zoominfo': 'Organic Waste Management', 'website': 'www.owaste.com', 'headquarters': '1130 Eastern Ave, Malden, Massachusetts, 02148, United States', 'SIC Code': '49,495', 'NAICS Code': '56,562', 'revenue': '<$5M', 'Number of Employees': '<25', 'LinkedIn url': 'http://www.linkedin.com/company/organic-waste-management'}
renewing ip
429
2a06:1700:0:12::4
{'company_name_zoominfo': 'Catalight Foundation', 'website': 'www.catalight.org', 'headquarters': '2730 Shadelands Dr Bldg 10, Walnut Creek, California, 94598, United St...', 'SIC Code': '86,864', 'NAICS Code': '81,813', 'revenue': '$112.7M', 'Number of Employees': '82', 'LinkedIn url': 'http://www.linkedin.com/company/catalightfoundation'}
{'company_name_zoominfo': 'Continental Carbon', 'website': 'www.continentalcarbon.com', 'headquarters': '16850 Park Row, Houston, Texas, 77084, United States', 'SIC Code': '35,359', 'NAICS Code': '33,332', 'revenue': '$66.3M', 'Number of Employees': '273', 'LinkedIn url': 'http://www.linkedin.com/company/continental-carbon'}
{'company_name_zoominfo': 'AWC Water Solutions', 'website': 'www.awcwater.com', 'headquarters': '19074 22nd Ave, Surrey, British Columbia, V3Z 3S6, Canada', 'SIC Code': '35,358', 'NAICS Code': '33,333', 'revenue': '<$5M', 'Number of Employees': '<25', 'LinkedIn url': 'http://www.linkedin.com/company/awc-process-solutions'}
{'company_name_zoominfo': 'CUT Membrane Technologies', 'website': 'www.cutmembranes.com', 'headquarters': '72 Ditton Dr Unit B, Hamilton, Ontario, L8W 3N2, Canada', 'SIC Code': '35,358', 'NAICS Code': '33,333', 'revenue': '$6.1M', 'Number of Employees': '<25', 'LinkedIn url': 'http://www.linkedin.com/company/cut-membrane-technology'}
{'company_name_zoominfo': 'NotAvailable', 'website': 'NotAvailable', 'headquarters': 'NotAvailable', 'SIC Code': 'NotAvailable', 'NAICS Code': 'NotAvailable', 'revenue': 'NotAvailable', 'Number of Employees': 'NotAvailable', 'LinkedIn url': 'NotAvailable'}
{'company_name_zoominfo': 'Li-Cycle', 'website': 'www.li-cycle.com', 'headquarters': '207 Queens Quay West Ste 590, Toronto, Ontario, M5J 1A7, Canada', 'SIC Code': '76,769', 'NAICS Code': '56,562', 'revenue': '$18.6M', 'Number of Employees': '155', 'LinkedIn url': 'http://www.linkedin.com/company/li-cycle-corp.'}
{'company_name_zoominfo': 'Lithion', 'website': 'www.lithionrecycling.com', 'headquarters': '7100 Jean-talon East Ste 410, Anjou, Quebec, H1M 3S3, Canada', 'SIC Code': '49,495', 'NAICS Code': '56,562', 'revenue': '<$5M', 'Number of Employees': '<25', 'LinkedIn url': 'http://www.linkedin.com/company/recyclage-lithion'}
