{'company_name_zoominfo': 'ReCollect Systems', 'website': 'www.recollect.net', 'headquarters': '3381 Cambie St Ste 528, Vancouver, British Columbia, V5Z 4R3, Canada', 'SIC Code': '49,495', 'NAICS Code': '56,562', 'revenue': '$6.4M', 'Number of Employees': '26', 'LinkedIn url': 'http://www.linkedin.com/company/openwest-systems'}
{'company_name_zoominfo': 'Genecis', 'website': 'www.genecis.co', 'headquarters': '633 Coronation Dr, Scarborough, Ontario, M1E 2K4, Canada', 'SIC Code': '87,873', 'NAICS Code': '54,541', 'revenue': '<$5M', 'Number of Employees': '<25', 'LinkedIn url': 'http://www.linkedin.com/company/genecis-envirotech-inc.'}
{'company_name_zoominfo': 'Enerkem', 'website': 'www.enerkem.com', 'headquarters': '1130 Sherbrooke St West Ste 600, Montreal, Quebec, H3A 2M8, Canada', 'SIC Code': '28,286', 'NAICS Code': '32,325', 'revenue': '$78.4M', 'Number of Employees': '221', 'LinkedIn url': 'http://www.linkedin.com/company/enerkem'}
{'company_name_zoominfo': 'Ostara', 'website': 'www.ostara.com', 'headquarters': '490 Mainland 01122 St, Vancouver, British Columbia, V6B 5L1, Canada', 'SIC Code': '49,494', 'NAICS Code': '22,221', 'revenue': '$25.9M', 'Number of Employees': '197', 'LinkedIn url': 'http://www.linkedin.com/company/the-ostara-group'}
{'company_name_zoominfo': 'GreenMantra Technologies', 'website': 'www.greenmantra.com', 'headquarters': '81 Elgin St, Brantford, Ontario, N3S 5A1, Canada', 'SIC Code': '30,308', 'NAICS Code': '32,325', 'revenue': '$9.1M', 'Number of Employees': '30', 'LinkedIn url': 'http://www.linkedin.com/company/greenmantra-technologies'}
{'company_name_zoominfo': 'FORGE Hydrocarbons', 'website': 'www.forgehc.com', 'headquarters': '407 Maple Ave, Oakville, Ontario, L6J 2J1, Canada', 'SIC Code': '29,291', 'NAICS Code': '32,324', 'revenue': '<$5M', 'Number of Employees': '<25', 'LinkedIn url': '!not-found'}
{'company_name_zoominfo': 'Andion Global', 'website': 'www.andionglobal.com', 'headquarters': '1030-625 Howe St, Vancouver, British Columbia, V6C 2T6, Canada', 'SIC Code': '49,491', 'NAICS Code': '22,221', 'revenue': '<$5M', 'Number of Employees': '<25', 'LinkedIn url': 'http://www.linkedin.com/company/andiongroup'}
{'company_name_zoominfo': 'Comet Biorefining', 'website': 'www.cometbiorefining.com', 'headquarters': '1475 Vidal St S, Sarnia, Ontario, N7T 8G6, Canada', 'SIC Code': '28,286', 'NAICS Code': '32,325', 'revenue': '$5.9M', 'Number of Employees': '<25', 'LinkedIn url': 'http://www.linkedin.com/company/comet-bio'}
{'company_name_zoominfo': 'Pyrowave', 'website': 'www.pyrowave.com', 'headquarters': '2275 Upper Middle Rd E Ste 101, Oakville, Ontario, L6H 0C3, Canada', 'SIC Code': '28,282', 'NAICS Code': '32,325', 'revenue': '<$5M', 'Number of Employees': '<25', 'LinkedIn url': 'http://www.linkedin.com/company/pyrowave'}
{'company_name_zoominfo': 'Micron Waste Technologies', 'website': 'www.micronwaste.com', 'headquarters': '700 W Pender St Ste 915, Vancouver, British Columbia, V6C 1G8, Canada', 'SIC Code': '95,951', 'NAICS Code': '92,924', 'revenue': '$14.4M', 'Number of Employees': '72', 'LinkedIn url': 'http://www.linkedin.com/company/micron-waste-technologies'}
{'company_name_zoominfo': 'American Manganese', 'website': 'www.americanmanganeseinc.com', 'headquarters': '17942 55 Ave Ste 2, Surrey, British Columbia, V3S 6C8, Canada', 'SIC Code': '10,109', 'NAICS Code': '21,212', 'revenue': '<$5M', 'Number of Employees': '<25', 'LinkedIn url': 'http://www.linkedin.com/company/american-manganese-inc-amy-'}
{'company_name_zoominfo': 'Waste Robotics', 'website': 'www.wasterobotic.com', 'headquarters': '3055 Rue Tebbutt, Trois-Rivières, Quebec, G9A 5E1, Canada', 'SIC Code': '50,509', 'NAICS Code': '42,423', 'revenue': '$5.5M', 'Number of Employees': '<25', 'LinkedIn url': 'http://www.linkedin.com/company/wasterobotics'}
{'company_name_zoominfo': 'EnviroLeach Technologies', 'website': 'www.envirometal.com', 'headquarters': '8331 Eastlake Dr Unit 114, Burnaby, British Columbia, V5A 4W2, Canada', 'SIC Code': '10,104', 'NAICS Code': '21,212', 'revenue': '<$5M', 'Number of Employees': '<25', 'LinkedIn url': 'http://www.linkedin.com/company/17920323'}
{'company_name_zoominfo': 'NotAvailable', 'website': 'NotAvailable', 'headquarters': 'NotAvailable', 'SIC Code': 'NotAvailable', 'NAICS Code': 'NotAvailable', 'revenue': 'NotAvailable', 'Number of Employees': 'NotAvailable', 'LinkedIn url': 'NotAvailable'}
renewing ip
429
2a0b:f4c1:2::244
{'company_name_zoominfo': '!not-found', 'website': 'Loop Industries', 'headquarters': '!not-found', 'SIC Code': '!not-found', 'NAICS Code': '!not-found', 'revenue': '!not-found', 'Number of Employees': '!not-found', 'LinkedIn url': '!not-found'}
{'company_name_zoominfo': 'Livestock Water Recycling', 'website': 'www.livestockwaterrecycling.com', 'headquarters': '147 5946 86th Ave SE, Calgary, Alberta, T2C 4L7, Canada', 'SIC Code': '49,495', 'NAICS Code': '56,562', 'revenue': '$5.4M', 'Number of Employees': '<25', 'LinkedIn url': 'http://www.linkedin.com/company/2546788'}
{'company_name_zoominfo': 'Electrobac', 'website': 'www.electrobac.com', 'headquarters': '5425 Ave. Casgrain Ste 304, Montreal, Quebec, H2T 1X6, Canada', 'SIC Code': '49,495', 'NAICS Code': '56,562', 'revenue': '$13.3M', 'Number of Employees': '<25', 'LinkedIn url': 'http://www.linkedin.com/company/-lectrobac'}
{'company_name_zoominfo': 'Plastic Bank', 'website': 'www.plasticbank.com', 'headquarters': '350-1333 Johnston St, Vancouver, British Columbia, V6H 3R9, Canada', 'SIC Code': '51,516', 'NAICS Code': '42,424', 'revenue': '$19.7M', 'Number of Employees': '60', 'LinkedIn url': 'http://www.linkedin.com/company/the-plastic-bank'}
{'company_name_zoominfo': 'Woodland Biofuels', 'website': 'www.woodlandbiofuels.com', 'headquarters': '101 College St Ste 200, Toronto, Ontario, M5G 1L7, Canada', 'SIC Code': '28,286', 'NAICS Code': '32,325', 'revenue': '<$5M', 'Number of Employees': '<25', 'LinkedIn url': 'http://www.linkedin.com/company/woodland-biofuels-inc-'}
{'company_name_zoominfo': 'Polykar', 'website': 'www.polykar.com', 'headquarters': '7610 42 St Unit 3, Leduc, Alberta, T9E 0B5, Canada', 'SIC Code': '26,267', 'NAICS Code': '32,326', 'revenue': '$22.6M', 'Number of Employees': '66', 'LinkedIn url': 'http://www.linkedin.com/company/polykar'}
{'company_name_zoominfo': 'Orca', 'website': 'www.feedtheorca.com', 'headquarters': '2 Bloor St W, Toronto, Ontario, M4Y 2B6, Canada', 'SIC Code': '49,495', 'NAICS Code': '56,562', 'revenue': '<$5M', 'Number of Employees': '<25', 'LinkedIn url': 'http://www.linkedin.com/company/orca-digesters'}
{'company_name_zoominfo': 'Recycle Smart', 'website': 'www.recycle-smart.com', 'headquarters': 'ste 310-10851 Shellbridge Way, Richmond, British Columbia, V6X 2W8, Ca...', 'SIC Code': '49,495', 'NAICS Code': '56,562', 'revenue': '$18.8M', 'Number of Employees': '89', 'LinkedIn url': 'http://www.linkedin.com/company/recyclesmart-solutions'}
{'company_name_zoominfo': 'OzoneBio', 'website': 'www.ozonebio.ca', 'headquarters': 'Canada', 'SIC Code': '15,152', 'NAICS Code': '23,236', 'revenue': '<$5M', 'Number of Employees': '<25', 'LinkedIn url': 'http://www.linkedin.com/company/ozonebio'}
{'company_name_zoominfo': 'BacTech Environmental', 'website': 'www.bactechgreen.com', 'headquarters': '37 King St East Ste 409, Toronto, Ontario, M5C 1E9, Canada', 'SIC Code': '10,108', 'NAICS Code': '21,213', 'revenue': '<$5M', 'Number of Employees': '<25', 'LinkedIn url': 'http://www.linkedin.com/company/1613873'}
{'company_name_zoominfo': 'SkipTheDepot', 'website': 'www.skipthedepot.com', 'headquarters': '1039 17th Ave SW, Calgary, Alberta, T2T 0B1, Canada', 'SIC Code': '49,495', 'NAICS Code': '56,562', 'revenue': '<$5M', 'Number of Employees': '<25', 'LinkedIn url': 'http://www.linkedin.com/company/skipthedepot'}
renewing ip
429
2a0b:f4c2:2::36
{'company_name_zoominfo': 'Plastics For Change', 'website': 'www.plasticsforchange.org', 'headquarters': 'Bengaluru, Karnataka, India', 'SIC Code': '83,839', 'NAICS Code': '81,813', 'revenue': '<$5M', 'Number of Employees': '<25', 'LinkedIn url': 'http://www.linkedin.com/company/plasticsforchange'}
{'company_name_zoominfo': 'ALT TEX', 'website': 'www.thealttex.com', 'headquarters': 'Toronto, Ontario, Canada', 'SIC Code': '22,229', 'NAICS Code': '31,314', 'revenue': '<$5M', 'Number of Employees': '<25', 'LinkedIn url': 'http://www.linkedin.com/company/alt-tex'}
{'company_name_zoominfo': 'Recycle Coach', 'website': 'www.recyclecoach.com', 'headquarters': '210-276 Carlaw Ave, Toronto, Ontario, M4M 3L1, Canada', 'SIC Code': '49,495', 'NAICS Code': '56,562', 'revenue': '<$5M', 'Number of Employees': '<25', 'LinkedIn url': 'http://www.linkedin.com/company/recyclecoach'}
{'company_name_zoominfo': 'Geomega Ressources', 'website': 'www.ressourcesgeomega.ca', 'headquarters': '75 Boulevard De Mortagne, Boucherville, Quebec, J4B 6Y4, Canada', 'SIC Code': '10,109', 'NAICS Code': '21,212', 'revenue': '<$5M', 'Number of Employees': '<25', 'LinkedIn url': 'http://www.linkedin.com/company/geomega-resources-inc-gma-'}
{'company_name_zoominfo': 'Ronin8 Technologies', 'website': 'www.ronin8.com', 'headquarters': '11411 Blacksmith Pl, Richmond, British Columbia, V7A 4T7, Canada', 'SIC Code': '33,334', 'NAICS Code': '33,331', 'revenue': '<$5M', 'Number of Employees': '<25', 'LinkedIn url': 'http://www.linkedin.com/company/ronin8technologies'}
{'company_name_zoominfo': 'Intuitive', 'website': 'www.intuitiveai.ca', 'headquarters': '940-16th St W, North Vancouver, British Columbia, V7P 1R3, Canada', 'SIC Code': '73,737', 'NAICS Code': '54,541', 'revenue': '<$5M', 'Number of Employees': '<25', 'LinkedIn url': 'http://www.linkedin.com/company/intuitive-ai'}
{'company_name_zoominfo': 'Anvy Technologies', 'website': 'www.anvytech.com', 'headquarters': 'British Columbia, Canada', 'SIC Code': '49,495', 'NAICS Code': '56,562', 'revenue': '<$5M', 'Number of Employees': '<25', 'LinkedIn url': 'http://www.linkedin.com/company/anvy-technologies'}
{'company_name_zoominfo': 'Prairie Robotics', 'website': 'www.prairierobotics.com', 'headquarters': '2375 College Ave, Regina, Saskatchewan, S4P 0S8, Canada', 'SIC Code': '73,737', 'NAICS Code': '51,511', 'revenue': '<$5M', 'Number of Employees': '<25', 'LinkedIn url': 'http://www.linkedin.com/company/prairie-robotics'}
{'company_name_zoominfo': 'FleetMind', 'website': 'www.fleetmind.com', 'headquarters': '1751 Richardson Ste 3119, Montreal, Quebec, H3K 1G6, Canada', 'SIC Code': '73,737', 'NAICS Code': '51,511', 'revenue': '$10.2M', 'Number of Employees': '29', 'LinkedIn url': 'http://www.linkedin.com/company/fleetmind-solutions'}
{'company_name_zoominfo': 'Fusion One', 'website': 'www.fusionone.co', 'headquarters': '4 King Street West Ste 401, Toronto, Ontario, M5H 1B6, Canada', 'SIC Code': '49,493', 'NAICS Code': '22,221', 'revenue': '<$5M', 'Number of Employees': '<25', 'LinkedIn url': '!not-found'}
{'company_name_zoominfo': 'NotAvailable', 'website': 'NotAvailable', 'headquarters': 'NotAvailable', 'SIC Code': 'NotAvailable', 'NAICS Code': 'NotAvailable', 'revenue': 'NotAvailable', 'Number of Employees': 'NotAvailable', 'LinkedIn url': 'NotAvailable'}
{'company_name_zoominfo': 'Recover Energy Services', 'website': 'www.recover-energy.com', 'headquarters': '900 645 7th Ave SW, Calgary, Alberta, T2P 4G8, Canada', 'SIC Code': '13,138', 'NAICS Code': '21,213', 'revenue': '<$5M', 'Number of Employees': '<25', 'LinkedIn url': 'http://www.linkedin.com/company/recover-energy-services-inc'}
renewing ip
429
2607:5300:203:b842::72:315
{'company_name_zoominfo': 'Pyrocycle', 'website': 'www.pyrocycle.com', 'headquarters': '8012 Rue Jarry Est, Montreal, Quebec, H1J 1H5, Canada', 'SIC Code': '49,495', 'NAICS Code': '56,562', 'revenue': '<$5M', 'Number of Employees': '<25', 'LinkedIn url': 'http://www.linkedin.com/company/pyrocycle'}
{'company_name_zoominfo': 'Eagle Vision Systems', 'website': 'www.eaglevisionsystems.com', 'headquarters': '295 Hagey Blvd, Waterloo, Ontario, N2L 6R5, Canada', 'SIC Code': '38,382', 'NAICS Code': '33,333', 'revenue': '<$5M', 'Number of Employees': '<25', 'LinkedIn url': 'http://www.linkedin.com/company/eagle-vision-systems-bv'}
{'company_name_zoominfo': 'Pela Case', 'website': 'www.pelacase.com', 'headquarters': '604-460 Doyle Ave, Kelowna, British Columbia, V1Y 0C2, Canada', 'SIC Code': '39,399', 'NAICS Code': '32,326', 'revenue': '<$5M', 'Number of Employees': '<25', 'LinkedIn url': 'http://www.linkedin.com/company/pela-case'}
{'company_name_zoominfo': 'Wastack', 'website': 'www.wastack.com', 'headquarters': 'Montreal, Quebec, Canada', 'SIC Code': '49,495', 'NAICS Code': '56,562', 'revenue': '<$5M', 'Number of Employees': '<25', 'LinkedIn url': '!not-found'}
{'company_name_zoominfo': 'Expander Energy', 'website': 'www.expanderenergy.com', 'headquarters': '1414 8th St SW Ste 200, Calgary, Alberta, T2R 1J6, Canada', 'SIC Code': '29,291', 'NAICS Code': '32,324', 'revenue': '$5.8M', 'Number of Employees': '<25', 'LinkedIn url': 'http://www.linkedin.com/company/expander-energy-inc.'}
{'company_name_zoominfo': 'Upstream Data', 'website': 'www.upstreamdata.ca', 'headquarters': '3210 65 Ave, Lloydminster, Alberta, T9V 3G9, Canada', 'SIC Code': '13,131', 'NAICS Code': '21,211', 'revenue': '<$5M', 'Number of Employees': '<25', 'LinkedIn url': '!not-found'}
{'company_name_zoominfo': 'Plex', 'website': 'www.plex.tv', 'headquarters': '449 N Santa Cruz Ave, Los Gatos, California, 95030, United States', 'SIC Code': '73,737', 'NAICS Code': '51,515', 'revenue': '$15.7M', 'Number of Employees': '60', 'LinkedIn url': 'http://www.linkedin.com/company/plex-inc'}
{'company_name_zoominfo': 'NULIFE GreenTech', 'website': 'www.nulifegreentech.com', 'headquarters': '120 Sonnenschein Way, Saskatoon, Saskatchewan, S7M 1M8, Canada', 'SIC Code': '29,291', 'NAICS Code': '32,324', 'revenue': '<$5M', 'Number of Employees': '<25', 'LinkedIn url': 'http://www.linkedin.com/company/nulife-greentech'}
{'company_name_zoominfo': 'Soleco', 'website': 'www.soleco.ca', 'headquarters': '1410 Rue De Jaffa Ste 210, Laval, Quebec, H7P 4K9, Canada', 'SIC Code': '49,495', 'NAICS Code': '56,562', 'revenue': '$6.5M', 'Number of Employees': '<25', 'LinkedIn url': 'http://www.linkedin.com/company/soleco-canada'}
{'company_name_zoominfo': 'TRY Recycling', 'website': 'www.oromedonterecycles.com', 'headquarters': '148 Line 7 South Oro, Oro, Ontario, L0L 2X0, Canada', 'SIC Code': '49,495', 'NAICS Code': '56,562', 'revenue': '<$5M', 'Number of Employees': '<25', 'LinkedIn url': '!not-found'}
{'company_name_zoominfo': 'ACEI Technology', 'website': 'www.aceitechnology.com', 'headquarters': '!not-found', 'SIC Code': '35,355', 'NAICS Code': '33,333', 'revenue': '<$5M', 'Number of Employees': '<25', 'LinkedIn url': '!not-found'}
{'company_name_zoominfo': 'InSitu Remediation Services', 'website': 'www.irsl.ca', 'headquarters': '1122 International Blvd Ste 700, Burlington, Ontario, L7L 6Z8, Canada', 'SIC Code': '49,495', 'NAICS Code': '56,562', 'revenue': '<$5M', 'Number of Employees': '<25', 'LinkedIn url': 'http://www.linkedin.com/company/insitu-remediation-services-ltd'}
{'company_name_zoominfo': 'Rupert Disposal', 'website': 'www.rupertdisposal.com', 'headquarters': '136 Montgomery Rd, Prince Rupert, British Columbia, V8J 4M1, Canada', 'SIC Code': '49,495', 'NAICS Code': '56,562', 'revenue': '<$5M', 'Number of Employees': '<25', 'LinkedIn url': '!not-found'}
{'company_name_zoominfo': 'NotAvailable', 'website': 'NotAvailable', 'headquarters': 'NotAvailable', 'SIC Code': 'NotAvailable', 'NAICS Code': 'NotAvailable', 'revenue': 'NotAvailable', 'Number of Employees': 'NotAvailable', 'LinkedIn url': 'NotAvailable'}
renewing ip
429
2a03:4000:15:928:dead:beef:ca1f:1337
{'company_name_zoominfo': 'HMT Technologies', 'website': 'www.hmt-technologies.com', 'headquarters': '1055 Page Ave, Fremont, California, 94538, United States', 'SIC Code': '35,358', 'NAICS Code': '33,333', 'revenue': '<$5M', 'Number of Employees': '<25', 'LinkedIn url': '!not-found'}
{'company_name_zoominfo': 'PCS Technology', 'website': 'www.pcstech.com', 'headquarters': 'Technocity 6/7 / 12TH Fl Plot X5/3, Millenium Business Park, Maharasht...', 'SIC Code': '73,737', 'NAICS Code': '81,811', 'revenue': '<$5M', 'Number of Employees': '62', 'LinkedIn url': 'http://www.linkedin.com/company/precision-techserve-pvt-ltd'}
