{'company_name_zoominfo': 'AMUR Recycling', 'website': 'www.amurrecycling.com', 'headquarters': '!not-found', 'SIC Code': '50,509', 'NAICS Code': '42,423', 'revenue': '<$5M', 'Number of Employees': '<25', 'LinkedIn url': '!not-found'}
{'company_name_zoominfo': 'Dedicated Environmental', 'website': 'www.dedicatedenvironmental.com', 'headquarters': '4111 Lakewood Rd, Ravenna, Ohio, 44266, United States', 'SIC Code': '49,495', 'NAICS Code': '56,562', 'revenue': '<$5M', 'Number of Employees': '<25', 'LinkedIn url': '!not-found'}
{'company_name_zoominfo': 'Asbestex', 'website': 'www.asbestex.co.uk', 'headquarters': '2 Kestral Rd, Mansfield, Nottinghamshire, NG18 5FT, United Kingdom', 'SIC Code': '58,581', 'NAICS Code': '72,722', 'revenue': '<$5M', 'Number of Employees': '<25', 'LinkedIn url': '!not-found'}
{'company_name_zoominfo': '!not-found', 'website': '!not-found', 'headquarters': '!not-found', 'SIC Code': '!not-found', 'NAICS Code': '!not-found', 'revenue': '!not-found', 'Number of Employees': '!not-found', 'LinkedIn url': '!not-found'}
{'company_name_zoominfo': 'NotAvailable', 'website': 'NotAvailable', 'headquarters': 'NotAvailable', 'SIC Code': 'NotAvailable', 'NAICS Code': 'NotAvailable', 'revenue': 'NotAvailable', 'Number of Employees': 'NotAvailable', 'LinkedIn url': 'NotAvailable'}
{'company_name_zoominfo': 'Pak-Man Disposals', 'website': 'www.pakmandisposals.com', 'headquarters': 'Manitoba, Canada', 'SIC Code': '42,421', 'NAICS Code': '56,562', 'revenue': '$6.7M', 'Number of Employees': '32', 'LinkedIn url': '!not-found'}
{'company_name_zoominfo': 'Limerick Environmental Services', 'website': 'www.limerickenvironmental.ca', 'headquarters': '4694 Airport Rd, Brockville, Ontario, K6V 5T5, Canada', 'SIC Code': '89,899', 'NAICS Code': '54,541', 'revenue': '<$5M', 'Number of Employees': '<25', 'LinkedIn url': '!not-found'}
{'company_name_zoominfo': 'Ecoklean Water Systems', 'website': 'www.ecokleanwater.com', 'headquarters': '9974 Red Eagle Dr, Orlando, Florida, 32825, United States', 'SIC Code': '49,494', 'NAICS Code': '22,221', 'revenue': '<$5M', 'Number of Employees': '<25', 'LinkedIn url': '!not-found'}
{'company_name_zoominfo': 'Full Circle Recycling', 'website': 'www.fullcirclerecycling.com', 'headquarters': '13222 Estrella Ave, Gardena, California, 90248, United States', 'SIC Code': '49,495', 'NAICS Code': '56,562', 'revenue': '<$5M', 'Number of Employees': '<25', 'LinkedIn url': '!not-found'}
{'company_name_zoominfo': 'Canadian Waste Management', 'website': 'www.canadianwastemanagement1.ca', 'headquarters': '5425 Dixie Rd Ste 315, Mississauga, Ontario, L4W 1E6, Canada', 'SIC Code': '49,495', 'NAICS Code': '56,562', 'revenue': '$6.4M', 'Number of Employees': '25', 'LinkedIn url': '!not-found'}
{'company_name_zoominfo': 'Shieldcor Labs', 'website': 'www.shieldcorlabs.com', 'headquarters': '2900 Rue Diab, St. Laurent, Quebec, H4S 1M7, Canada', 'SIC Code': '80,807', 'NAICS Code': '33,339', 'revenue': '<$5M', 'Number of Employees': '<25', 'LinkedIn url': 'http://www.linkedin.com/company/shieldcor-labs'}
{'company_name_zoominfo': 'Waste Container Services', 'website': 'www.wcsi.ca', 'headquarters': '106 Howden Rd, Scarborough, Ontario, M1R 3E4, Canada', 'SIC Code': '42,421', 'NAICS Code': '56,562', 'revenue': '$6.5M', 'Number of Employees': '<25', 'LinkedIn url': '!not-found'}
{'company_name_zoominfo': 'Shredderhotline.com', 'website': 'www.shredderhotline.com', 'headquarters': '1215 N Bloomington St, Streator, Illinois, 61364, United States', 'SIC Code': '35,359', 'NAICS Code': '33,332', 'revenue': '$161M', 'Number of Employees': '811', 'LinkedIn url': 'http://www.linkedin.com/company/shredderhotline-company'}
{'company_name_zoominfo': 'Klean Power', 'website': 'www.kleanpower.com', 'headquarters': '!not-found', 'SIC Code': '35,356', 'NAICS Code': '33,333', 'revenue': '<$5M', 'Number of Employees': '<25', 'LinkedIn url': 'http://www.linkedin.com/company/klean-power-inc'}
{'company_name_zoominfo': 'Chatham Disposal', 'website': 'www.chathamdisposalcompany.com', 'headquarters': '2224 Millburn Ave, Maplewood, New Jersey, 07040, United States', 'SIC Code': '49,495', 'NAICS Code': '56,562', 'revenue': '<$5M', 'Number of Employees': '<25', 'LinkedIn url': '!not-found'}
{'company_name_zoominfo': 'T & T Disposal Services', 'website': 'www.tandtdisposals.ca', 'headquarters': '450 1st Ave NE Ste 101, Black Diamond, Alberta, T0L 0H0, Canada', 'SIC Code': '49,495', 'NAICS Code': '56,562', 'revenue': '<$5M', 'Number of Employees': '<25', 'LinkedIn url': '!not-found'}
renewing ip
429
2a0b:f4c1:2::244
{'company_name_zoominfo': 'Siddhalepa Hospital', 'website': 'www.siddhalepa.com', 'headquarters': '33/3 Sri Dharmarama Rd, Ratmalana, 10370, Sri Lanka', 'SIC Code': '28,283', 'NAICS Code': '32,325', 'revenue': '$13.2M', 'Number of Employees': '<25', 'LinkedIn url': 'http://www.linkedin.com/company/siddhalepa-ayurveda'}
{'company_name_zoominfo': 'Hydra Renewable Resources', 'website': 'www.hydraresources.com', 'headquarters': '542 Cliffe Ave, Courtenay, British Columbia, V9N 2J4, Canada', 'SIC Code': '49,495', 'NAICS Code': '56,562', 'revenue': '<$5M', 'Number of Employees': '<25', 'LinkedIn url': 'http://www.linkedin.com/company/hydra-renewable-resources'}
{'company_name_zoominfo': 'NotAvailable', 'website': 'NotAvailable', 'headquarters': 'NotAvailable', 'SIC Code': 'NotAvailable', 'NAICS Code': 'NotAvailable', 'revenue': 'NotAvailable', 'Number of Employees': 'NotAvailable', 'LinkedIn url': 'NotAvailable'}
site-not-indexed

{'company_name_zoominfo': '!not-found', 'website': '!not-found', 'headquarters': '!not-found', 'SIC Code': '!not-found', 'NAICS Code': '!not-found', 'revenue': '!not-found', 'Number of Employees': '!not-found', 'LinkedIn url': '!not-found'}
{'company_name_zoominfo': 'Western Site Services', 'website': 'www.westernsiteservices.com', 'headquarters': '1860 S 7th St, San Jose, California, 95112, United States', 'SIC Code': '73,735', 'NAICS Code': '56,562', 'revenue': '<$5M', 'Number of Employees': '<25', 'LinkedIn url': '!not-found'}
{'company_name_zoominfo': 'NotAvailable', 'website': 'NotAvailable', 'headquarters': 'NotAvailable', 'SIC Code': 'NotAvailable', 'NAICS Code': 'NotAvailable', 'revenue': 'NotAvailable', 'Number of Employees': 'NotAvailable', 'LinkedIn url': 'NotAvailable'}
{'company_name_zoominfo': 'Hickey Waste Systems', 'website': 'www.hickeywastesystems.com', 'headquarters': 'Placentia, Canada', 'SIC Code': '49,495', 'NAICS Code': '22,221', 'revenue': '<$5M', 'Number of Employees': '<25', 'LinkedIn url': '!not-found'}
{'company_name_zoominfo': 'Maple Equipment', 'website': 'www.maplewaste.com', 'headquarters': '10525 Keele St, Maple, Ontario, L6A 3Y9, Canada', 'SIC Code': '49,495', 'NAICS Code': '22,221', 'revenue': '<$5M', 'Number of Employees': '<25', 'LinkedIn url': '!not-found'}
{'company_name_zoominfo': 'Watermaker', 'website': 'www.watermaker.ca', 'headquarters': '121 1st St, Orangeville, Ontario, L9W 3J8, Canada', 'SIC Code': '52,525', 'NAICS Code': '42,423', 'revenue': '<$5M', 'Number of Employees': '<25', 'LinkedIn url': '!not-found'}
{'company_name_zoominfo': '1866 Old Junk', 'website': 'www.1866oldjunk.com', 'headquarters': 'United States', 'SIC Code': '42,421', 'NAICS Code': '56,562', 'revenue': '<$5M', 'Number of Employees': '<25', 'LinkedIn url': '!not-found'}
{'company_name_zoominfo': 'Green Solutions Industries International', 'website': 'www.greensolutionsind.com', 'headquarters': '2150 Steeles Ave E, Brampton, Ontario, L6T 1A7, Canada', 'SIC Code': '49,495', 'NAICS Code': '56,562', 'revenue': '<$5M', 'Number of Employees': '<25', 'LinkedIn url': '!not-found'}
{'company_name_zoominfo': 'Algae Control Canada', 'website': 'www.algaecontrol.ca', 'headquarters': '39041 Rge Rd 283, Red Deer County, Alberta, T4E 0M2, Canada', 'SIC Code': '35,358', 'NAICS Code': '33,333', 'revenue': '<$5M', 'Number of Employees': '<25', 'LinkedIn url': 'http://www.linkedin.com/company/algae-control-canada'}
{'company_name_zoominfo': 'Universal Filter Group', 'website': 'www.universalfiltergroup.com', 'headquarters': '101 1918 E. Wellington Rd, Nanaimo, British Columbia, V9S 5X6, Canada', 'SIC Code': '35,356', 'NAICS Code': '33,333', 'revenue': '<$5M', 'Number of Employees': '<25', 'LinkedIn url': '!not-found'}
{'company_name_zoominfo': 'MixAnox Systems', 'website': 'www.mixanox.com', 'headquarters': '285 Westvale Dr, Waterloo, Ontario, N2T 2B2, Canada', 'SIC Code': '35,358', 'NAICS Code': '33,333', 'revenue': '$6M', 'Number of Employees': '<25', 'LinkedIn url': 'http://www.linkedin.com/company/mixanox-systems-inc-'}
{'company_name_zoominfo': 'Shift Recycling', 'website': 'www.makingtheshiftinc.ca', 'headquarters': '700 Ormont Dr, Toronto, Ontario, Canada', 'SIC Code': '49,495', 'NAICS Code': '22,221', 'revenue': '$6.9M', 'Number of Employees': '26', 'LinkedIn url': 'http://www.linkedin.com/company/shift-recycling-inc.'}
renewing ip
429
2001:67c:6ec:203:192:42:116:198
site-not-indexed

{'company_name_zoominfo': '!not-found', 'website': '!not-found', 'headquarters': '!not-found', 'SIC Code': '!not-found', 'NAICS Code': '!not-found', 'revenue': '!not-found', 'Number of Employees': '!not-found', 'LinkedIn url': '!not-found'}
{'company_name_zoominfo': '!not-found', 'website': 'Organomics', 'headquarters': '!not-found', 'SIC Code': '!not-found', 'NAICS Code': '!not-found', 'revenue': '!not-found', 'Number of Employees': '!not-found', 'LinkedIn url': '!not-found'}
{'company_name_zoominfo': 'NotAvailable', 'website': 'NotAvailable', 'headquarters': 'NotAvailable', 'SIC Code': 'NotAvailable', 'NAICS Code': 'NotAvailable', 'revenue': 'NotAvailable', 'Number of Employees': 'NotAvailable', 'LinkedIn url': 'NotAvailable'}
{'company_name_zoominfo': 'Canamidex International', 'website': 'www.canamidex.com', 'headquarters': '6021 Yonge St 336, Toronto, Ontario, M2M 3W2, Canada', 'SIC Code': '50,507', 'NAICS Code': '42,423', 'revenue': '<$5M', 'Number of Employees': '<25', 'LinkedIn url': 'http://www.linkedin.com/company/canamidex-international-corp-'}
{'company_name_zoominfo': 'CADis', 'website': 'www.cadis.net', 'headquarters': '246 Raleigh Ave, Scarborough, Ontario, M1K 1A8, Canada', 'SIC Code': '73,737', 'NAICS Code': '81,811', 'revenue': '<$5M', 'Number of Employees': '<25', 'LinkedIn url': '!not-found'}
{'company_name_zoominfo': 'Joint Action Committee for Political Affairs', 'website': 'www.jacpac.org', 'headquarters': 'PO Box 105, Highland Park, Illinois, 60035, United States', 'SIC Code': '86,865', 'NAICS Code': '81,813', 'revenue': '<$5M', 'Number of Employees': '<25', 'LinkedIn url': 'http://www.linkedin.com/company/joint-action-committee-for-political-affairs-jac-'}
{'company_name_zoominfo': 'Emerald Energy From Waste', 'website': 'www.emeraldefw.com', 'headquarters': '7656 Bramalea Rd, Brampton, Ontario, L6T 5M5, Canada', 'SIC Code': '49,495', 'NAICS Code': '56,562', 'revenue': '<$5M', 'Number of Employees': '<25', 'LinkedIn url': '!not-found'}
{'company_name_zoominfo': 'ATD Waste Systems', 'website': 'www.hogmanure.com', 'headquarters': '3099 W 24 Th Ave, Vancouver, British Columbia, V6L 1R7, Canada', 'SIC Code': '95,951', 'NAICS Code': '92,924', 'revenue': '<$5M', 'Number of Employees': '<25', 'LinkedIn url': 'http://www.linkedin.com/company/atd-waste-systems-inc-'}
{'company_name_zoominfo': 'Insulation Snakes', 'website': 'www.insulationsnakes.com', 'headquarters': '6840 Trade Center Ave, Billings, Montana, 59101, United States', 'SIC Code': '17,174', 'NAICS Code': '23,238', 'revenue': '<$5M', 'Number of Employees': '<25', 'LinkedIn url': 'http://www.linkedin.com/company/insulation-snakes'}
{'company_name_zoominfo': 'Compliance365', 'website': 'www.compliance365.co.uk', 'headquarters': 'High St, Bristol, Bristol, BS1 2AW, United Kingdom', 'SIC Code': '89,899', 'NAICS Code': '54,541', 'revenue': '<$5M', 'Number of Employees': '<25', 'LinkedIn url': 'http://www.linkedin.com/company/compliance365'}
{'company_name_zoominfo': 'ICS Facility Services', 'website': 'www.icsfacilityservices.ca', 'headquarters': '680 Skymark Ave Ste 110, Mississauga, Ontario, L4W 5L6, Canada', 'SIC Code': '73,734', 'NAICS Code': '56,561', 'revenue': '$5.8M', 'Number of Employees': '34', 'LinkedIn url': 'http://www.linkedin.com/company/ics-facility-services'}
{'company_name_zoominfo': 'NotAvailable', 'website': 'NotAvailable', 'headquarters': 'NotAvailable', 'SIC Code': 'NotAvailable', 'NAICS Code': 'NotAvailable', 'revenue': 'NotAvailable', 'Number of Employees': 'NotAvailable', 'LinkedIn url': 'NotAvailable'}
{'company_name_zoominfo': 'NotAvailable', 'website': 'NotAvailable', 'headquarters': 'NotAvailable', 'SIC Code': 'NotAvailable', 'NAICS Code': 'NotAvailable', 'revenue': 'NotAvailable', 'Number of Employees': 'NotAvailable', 'LinkedIn url': 'NotAvailable'}
{'company_name_zoominfo': 'BR Environmental', 'website': 'www.brenvironmentalservices.com', 'headquarters': '54 Park St, Florham Park, New Jersey, 07932, United States', 'SIC Code': '89,899', 'NAICS Code': '54,541', 'revenue': '<$5M', 'Number of Employees': '<25', 'LinkedIn url': '!not-found'}
{'company_name_zoominfo': 'Ramtech Environmental Products', 'website': 'www.ramtech.ca', 'headquarters': '33 Ave Sw Unit B 2130, Calgary, Alberta, T2T 1Z6, Canada', 'SIC Code': '35,358', 'NAICS Code': '33,333', 'revenue': '<$5M', 'Number of Employees': '<25', 'LinkedIn url': 'http://www.linkedin.com/company/ramtech-environmental-products'}
