{'company_name_zoominfo': 'Envirocycle', 'website': 'www.envirocycle.com', 'headquarters': '61 E Dudley Town Rd, Bloomfield, Connecticut, 06002, United States', 'SIC Code': '28,287', 'NAICS Code': '32,325', 'revenue': '$6.3M', 'Number of Employees': '<25', 'LinkedIn url': 'http://www.linkedin.com/company/envirocycle'}
{'company_name_zoominfo': 'enervoxa', 'website': 'www.enervoxa.com', 'headquarters': '4 Wheeler Dr, Bolton, Ontario, L7E 1G9, Canada', 'SIC Code': '49,495', 'NAICS Code': '56,562', 'revenue': '<$5M', 'Number of Employees': '<25', 'LinkedIn url': '!not-found'}
{'company_name_zoominfo': '!not-found', 'website': 'WSP', 'headquarters': '!not-found', 'SIC Code': '!not-found', 'NAICS Code': '!not-found', 'revenue': '!not-found', 'Number of Employees': '!not-found', 'LinkedIn url': '!not-found'}
{'company_name_zoominfo': 'Storm Guard Water Treatment', 'website': 'www.stormguard.ca', 'headquarters': '1080 Page St, Richmond, British Columbia, V6V 2Y3, Canada', 'SIC Code': '49,494', 'NAICS Code': '22,221', 'revenue': '<$5M', 'Number of Employees': '<25', 'LinkedIn url': '!not-found'}
{'company_name_zoominfo': 'Labrie Enviroquip Group', 'website': 'www.labriegroup.com', 'headquarters': '175-b Rte Marie-victorin, Levis, Quebec, G7A 2T3, Canada', 'SIC Code': '35,353', 'NAICS Code': '33,333', 'revenue': '$46.1M', 'Number of Employees': '197', 'LinkedIn url': 'http://www.linkedin.com/company/pendpac-inc.'}
{'company_name_zoominfo': 'Budget Iron', 'website': 'www.budgetironandmetal.ca', 'headquarters': 'Canada', 'SIC Code': '50,509', 'NAICS Code': '42,423', 'revenue': '<$5M', 'Number of Employees': '<25', 'LinkedIn url': '!not-found'}
{'company_name_zoominfo': 'Southern Oaks', 'website': 'www.southernoaksltd.com', 'headquarters': '3191 County Rd 11 Rr2, Harrow, Ontario, N0R 1G0, Canada', 'SIC Code': '47,473', 'NAICS Code': '48,484', 'revenue': '<$5M', 'Number of Employees': '<25', 'LinkedIn url': '!not-found'}
{'company_name_zoominfo': 'Services de Rebuts Soulanges', 'website': 'www.rebutssoulanges.ca', 'headquarters': '3756 Ch Des Sables, Terrasse Vaudreuil, Quebec, J7V 0K1, Canada', 'SIC Code': '17,171', 'NAICS Code': '23,238', 'revenue': '<$5M', 'Number of Employees': '<25', 'LinkedIn url': 'http://www.linkedin.com/company/services-de-rebuts-soulanges-inc-'}
{'company_name_zoominfo': 'Dufour Waste Disposal', 'website': 'www.dufourwaste.ca', 'headquarters': '144 Brunelle Rd S, Kapuskasing, Ontario, P5N 2X7, Canada', 'SIC Code': '49,495', 'NAICS Code': '56,562', 'revenue': '<$5M', 'Number of Employees': '<25', 'LinkedIn url': '!not-found'}
{'company_name_zoominfo': '!not-found', 'website': 'Advanced Drainage Systems Canada', 'headquarters': '!not-found', 'SIC Code': '!not-found', 'NAICS Code': '!not-found', 'revenue': '!not-found', 'Number of Employees': '!not-found', 'LinkedIn url': '!not-found'}
{'company_name_zoominfo': 'York1', 'website': 'www.york1.com', 'headquarters': '5090 Commerce Blvd Ste 200, Mississauga, Ontario, L4W 5M4, Canada', 'SIC Code': '72,722', 'NAICS Code': '54,541', 'revenue': '$6.6M', 'Number of Employees': '94', 'LinkedIn url': 'http://www.linkedin.com/company/york1'}
{'company_name_zoominfo': 'C M Rubber Technologies', 'website': 'www.cmrubbertechnologies.com', 'headquarters': '4602 W Saginaw Rd, Coleman, Michigan, 48618, United States', 'SIC Code': '30,306', 'NAICS Code': '32,326', 'revenue': '<$5M', 'Number of Employees': '<25', 'LinkedIn url': '!not-found'}
{'company_name_zoominfo': 'MCL Waste Systems & Environmental', 'website': 'www.mclwaste.ca', 'headquarters': '4802-40 Ave, Wetaskiwin, Alberta, T9A 0A2, Canada', 'SIC Code': '49,495', 'NAICS Code': '56,562', 'revenue': '$18.3M', 'Number of Employees': '86', 'LinkedIn url': 'http://www.linkedin.com/company/mcl-waste-systems-and-environmental-inc-'}
{'company_name_zoominfo': 'Anachem', 'website': 'www.anachem.ca', 'headquarters': '255 Norman St Fl 2, Lachine, Quebec, H8R 1A3, Canada', 'SIC Code': '42,421', 'NAICS Code': '56,562', 'revenue': '$5.6M', 'Number of Employees': '<25', 'LinkedIn url': '!not-found'}
renewing ip
429
2a0b:f4c1:2::244
{'company_name_zoominfo': 'Airdrie Waste Management', 'website': 'www.airdriewaste.com', 'headquarters': '12 Laut Cres, Crossfield, Alberta, T0M 0S0, Canada', 'SIC Code': '49,495', 'NAICS Code': '56,562', 'revenue': '<$5M', 'Number of Employees': '<25', 'LinkedIn url': '!not-found'}
{'company_name_zoominfo': 'NotAvailable', 'website': 'NotAvailable', 'headquarters': 'NotAvailable', 'SIC Code': 'NotAvailable', 'NAICS Code': 'NotAvailable', 'revenue': 'NotAvailable', 'Number of Employees': 'NotAvailable', 'LinkedIn url': 'NotAvailable'}
{'company_name_zoominfo': 'Le Géant Du Conteneur', 'website': 'www.legeantduconteneur.com', 'headquarters': '3055 Boul. Saint-Martin Ouest Ste 500, Laval, Quebec, H7T 0J3, Canada', 'SIC Code': '58,581', 'NAICS Code': '72,722', 'revenue': '<$5M', 'Number of Employees': '<25', 'LinkedIn url': 'http://www.linkedin.com/company/le-gant-du-conteneur'}
{'company_name_zoominfo': 'Poseidon Industries', 'website': 'www.poseidonmachinery.com', 'headquarters': '5462 Williamsburg Dr, Punta Gorda, Florida, 33982, United States', 'SIC Code': '35,355', 'NAICS Code': '33,333', 'revenue': '$5.1M', 'Number of Employees': '<25', 'LinkedIn url': 'http://www.linkedin.com/company/3064010'}
{'company_name_zoominfo': 'coneau', 'website': 'www.econeau.com', 'headquarters': '1146 Berlier, Laval, Quebec, H7L 3R9, Canada', 'SIC Code': '50,508', 'NAICS Code': '42,423', 'revenue': '<$5M', 'Number of Employees': '<25', 'LinkedIn url': 'http://www.linkedin.com/company/-coneau'}
{'company_name_zoominfo': 'Pacific Perforating', 'website': 'www.pacificperforating.com', 'headquarters': '25090 Hwy 33, Fellows, California, 93224, United States', 'SIC Code': '13,138', 'NAICS Code': '45,453', 'revenue': '$8M', 'Number of Employees': '<25', 'LinkedIn url': 'http://www.linkedin.com/company/pacific-perforating'}
{'company_name_zoominfo': 'Electrical Workers Minority Caucus', 'website': 'www.ibew-ewmc.com', 'headquarters': 'PO Box 821462, Vancouver, Washington, 98682, United States', 'SIC Code': '86,863', 'NAICS Code': '81,813', 'revenue': '$6.4M', 'Number of Employees': '28', 'LinkedIn url': 'http://www.linkedin.com/company/electrical-workers-minority-caucus'}
{'company_name_zoominfo': 'Jwm Cpa', 'website': 'www.jwmcpa.com', 'headquarters': '111 N Sepulveda Blvd Ste 310, Manhattan Beach, California, 90266, Unit...', 'SIC Code': '87,872', 'NAICS Code': '54,541', 'revenue': '<$5M', 'Number of Employees': '<25', 'LinkedIn url': 'http://www.linkedin.com/company/jwm-cpa-&-company-p.c.'}
{'company_name_zoominfo': 'Alpha Services', 'website': 'www.alphawastewater.co.uk', 'headquarters': 'Cedars 26 Taunton Rd, Bridgwater, Somerset, TA6 3LS, United Kingdom', 'SIC Code': '49,495', 'NAICS Code': '22,221', 'revenue': '<$5M', 'Number of Employees': '<25', 'LinkedIn url': '!not-found'}
{'company_name_zoominfo': 'Southern Pacific Resource', 'website': 'www.shpacific.com', 'headquarters': '205 5 Ave SW Ste 1700, Calgary, Alberta, T2P 2V7, Canada', 'SIC Code': '13,131', 'NAICS Code': '21,211', 'revenue': '$99.2M', 'Number of Employees': '86', 'LinkedIn url': 'https://www.linkedin.com/company/southern-pacific-resource-corp'}
{'company_name_zoominfo': 'Ozero Solutions', 'website': 'www.ozerosolutions.com', 'headquarters': '1364 Rue Adélard-collette, Sherbrooke, Quebec, J1H 4V6, Canada', 'SIC Code': '73,737', 'NAICS Code': '81,811', 'revenue': '<$5M', 'Number of Employees': '<25', 'LinkedIn url': 'http://www.linkedin.com/company/ozero-solutions'}
{'company_name_zoominfo': 'Bionest Technologies', 'website': 'www.bionest-tech.com', 'headquarters': '55 12th St, Shawinigan, Quebec, G9T 5K7, Canada', 'SIC Code': '87,873', 'NAICS Code': '54,541', 'revenue': '$11M', 'Number of Employees': '77', 'LinkedIn url': 'http://www.linkedin.com/company/bionest'}
renewing ip
429
2a0b:f4c2:2::36
{'company_name_zoominfo': 'Sancor Industries', 'website': 'www.sancor.ca', 'headquarters': '341 Marwood Dr, Oshawa, Ontario, L1H 7P8, Canada', 'SIC Code': '34,343', 'NAICS Code': '33,332', 'revenue': '<$5M', 'Number of Employees': '<25', 'LinkedIn url': 'http://www.linkedin.com/company/sancor-industries-ltd-'}
{'company_name_zoominfo': 'Pointchain', 'website': 'www.pointchain.io', 'headquarters': '33 Bloor St E Ste 500, Toronto, Ontario, M4W 3H1, Canada', 'SIC Code': '73,737', 'NAICS Code': '54,541', 'revenue': '<$5M', 'Number of Employees': '<25', 'LinkedIn url': '!not-found'}
{'company_name_zoominfo': 'EarthBin', 'website': 'www.earthbin.com', 'headquarters': '1818 Burlington St E, Hamilton, Ontario, L8H 3L4, Canada', 'SIC Code': '49,495', 'NAICS Code': '56,562', 'revenue': '<$5M', 'Number of Employees': '<25', 'LinkedIn url': 'http://www.linkedin.com/company/earthbin'}
{'company_name_zoominfo': 'Chaleur Regional Service Commission', 'website': 'www.chaleurrsc.ca', 'headquarters': '702 Principale St Ste 2, Petit Rocher, New Brunswick, E8J 1V1, Canada', 'SIC Code': '91,912', 'NAICS Code': '92,921', 'revenue': '$7.4M', 'Number of Employees': '<25', 'LinkedIn url': '!not-found'}
{'company_name_zoominfo': 'CarboNet', 'website': 'www.carbonet.com', 'headquarters': '301-980 George St, Vancouver, British Columbia, V6A 0H9, Canada', 'SIC Code': '67,671', 'NAICS Code': '55,551', 'revenue': '<$5M', 'Number of Employees': '<25', 'LinkedIn url': 'http://www.linkedin.com/company/carbonet'}
{'company_name_zoominfo': 'Cyanide Destruct Systems', 'website': 'www.cyanidedestruct.com', 'headquarters': '293 Saunders Rd, Barrie, Ontario, L4N 9A3, Canada', 'SIC Code': '33,334', 'NAICS Code': '33,331', 'revenue': '<$5M', 'Number of Employees': '<25', 'LinkedIn url': 'http://www.linkedin.com/company/2227791'}
{'company_name_zoominfo': 'InWater Technologies', 'website': 'www.inwatertech.com', 'headquarters': '1580-a Willow St, Campbell River, British Columbia, V9W 3M7, Canada', 'SIC Code': '38,382', 'NAICS Code': '33,334', 'revenue': '<$5M', 'Number of Employees': '<25', 'LinkedIn url': 'http://www.linkedin.com/company/inwater-technologies'}
{'company_name_zoominfo': 'Student Works Disposal', 'website': 'www.studentworksdisposal.com', 'headquarters': '2964 Charles St, Vancouver, British Columbia, V5K 3B2, Canada', 'SIC Code': '49,495', 'NAICS Code': '56,562', 'revenue': '<$5M', 'Number of Employees': '<25', 'LinkedIn url': '!not-found'}
{'company_name_zoominfo': 'Pi2 Technologies', 'website': 'www.pi2technologies.com', 'headquarters': '7341 Park Pl Ste 202, Melbourne, Florida, 32940, United States', 'SIC Code': '35,355', 'NAICS Code': '33,333', 'revenue': '<$5M', 'Number of Employees': '<25', 'LinkedIn url': 'http://www.linkedin.com/company/pi2-technologies'}
{'company_name_zoominfo': 'RID-OF-IT Vancouver', 'website': 'www.ridofitvancouver.ca', 'headquarters': '2118 W 15th Ave Ste 219, Vancouver, British Columbia, V6K 2Y5, Canada', 'SIC Code': '49,495', 'NAICS Code': '56,562', 'revenue': '$7.1M', 'Number of Employees': '28', 'LinkedIn url': '!not-found'}
{'company_name_zoominfo': 'NotAvailable', 'website': 'NotAvailable', 'headquarters': 'NotAvailable', 'SIC Code': 'NotAvailable', 'NAICS Code': 'NotAvailable', 'revenue': 'NotAvailable', 'Number of Employees': 'NotAvailable', 'LinkedIn url': 'NotAvailable'}
{'company_name_zoominfo': 'Ai Environnement', 'website': 'www.ai-environnement.fr', 'headquarters': '4 Rue Rouget De Lisle, Malakoff, Ile de France, 92 240, France', 'SIC Code': '87,871', 'NAICS Code': '54,541', 'revenue': '<$5M', 'Number of Employees': '<25', 'LinkedIn url': 'http://www.linkedin.com/company/ai-environnement'}
{'company_name_zoominfo': 'Wastech Controls & Engineering', 'website': 'www.wastechengineering.com', 'headquarters': '20600 Nordhoff St, Chatsworth, California, 91311, United States', 'SIC Code': '35,358', 'NAICS Code': '33,333', 'revenue': '$11.7M', 'Number of Employees': '38', 'LinkedIn url': 'http://www.linkedin.com/company/wastech-incorporated'}
{'company_name_zoominfo': 'Davidson Environmental', 'website': 'www.davidsonenvironmental.ca', 'headquarters': '#6 Dunkirk Rd Unit 1 Rr, St. Catharines, Ontario, L2R 7K6, Canada', 'SIC Code': '89,899', 'NAICS Code': '54,541', 'revenue': '<$5M', 'Number of Employees': '<25', 'LinkedIn url': 'http://www.linkedin.com/company/davidson-environmental-svc'}
renewing ip
429
2a06:1700:0:12::4
{'company_name_zoominfo': 'HGC Management', 'website': 'www.hgcmanagement.ca', 'headquarters': '50 Shaver Rd, Brantford, Ontario, N3T 5M1, Canada', 'SIC Code': '49,495', 'NAICS Code': '56,562', 'revenue': '$17.2M', 'Number of Employees': '82', 'LinkedIn url': '!not-found'}
{'company_name_zoominfo': 'Kimans', 'website': 'www.kimans.com', 'headquarters': '8040 Pl Nehru, Brossard, Quebec, J4Y 2B4, Canada', 'SIC Code': '38,382', 'NAICS Code': '33,334', 'revenue': '<$5M', 'Number of Employees': '<25', 'LinkedIn url': 'http://www.linkedin.com/company/kimans-inc-'}
{'company_name_zoominfo': 'Bilt-Rite Disposal Equipment', 'website': 'www.bilt-riteequipment.com', 'headquarters': '143 Industrial Rd, Bolton, Ontario, L7E 1K5, Canada', 'SIC Code': '35,358', 'NAICS Code': '33,333', 'revenue': '$8.7M', 'Number of Employees': '34', 'LinkedIn url': 'http://www.linkedin.com/company/bilt-rite-disposal-equipment-ltd-'}
{'company_name_zoominfo': 'KmX', 'website': 'www.yelp.com/biz/kmx-corporation-markham', 'headquarters': '2270 Speers Rd, Oakville, Ontario, L6L 2X8, Canada', 'SIC Code': '49', 'NAICS Code': '22,221', 'revenue': '$7.1M', 'Number of Employees': '30', 'LinkedIn url': 'http://www.linkedin.com/company/kmx-corporation'}
{'company_name_zoominfo': 'Recycle NB', 'website': 'www.recyclenb.com', 'headquarters': '277 Main St, Fredericton, New Brunswick, E3A 1E1, Canada', 'SIC Code': '49,495', 'NAICS Code': '56,562', 'revenue': '<$5M', 'Number of Employees': '<25', 'LinkedIn url': 'http://www.linkedin.com/company/recycle-nb'}
{'company_name_zoominfo': 'Deri', 'website': 'www.deri.hu', 'headquarters': '26 Nádor Utca, Budapest, Budapest, 1051, Hungary', 'SIC Code': '81,811', 'NAICS Code': '54,541', 'revenue': '<$5M', 'Number of Employees': '<25', 'LinkedIn url': '!not-found'}
{'company_name_zoominfo': 'PragmaTech', 'website': 'www.pragmatechltd.com', 'headquarters': '8080 Lawson Rd, Milton, Ontario, L9T 5C4, Canada', 'SIC Code': '49,495', 'NAICS Code': '56,562', 'revenue': '<$5M', 'Number of Employees': '<25', 'LinkedIn url': 'http://www.linkedin.com/company/pragmatech-ltd'}
{'company_name_zoominfo': 'ECS Cares', 'website': 'www.ecs-cares.com', 'headquarters': '47 Churchill Dr, Barrie, Ontario, L4N 8Z5, Canada', 'SIC Code': '49,495', 'NAICS Code': '22,221', 'revenue': '<$5M', 'Number of Employees': '<25', 'LinkedIn url': 'http://www.linkedin.com/company/ecs-cares-incorporated'}
{'company_name_zoominfo': 'Medical Solution', 'website': 'www.medicalsolution.ca', 'headquarters': '630 Rivermede Rd 12, Concord, Ontario, L4K 2H7, Canada', 'SIC Code': '49,495', 'NAICS Code': '56,562', 'revenue': '<$5M', 'Number of Employees': '<25', 'LinkedIn url': 'http://www.linkedin.com/company/medical-solution-inc'}
{'company_name_zoominfo': 'Global Ewaste Solutions', 'website': 'www.globalewaste.net', 'headquarters': '5136 Polkey Rd, Duncan, British Columbia, V9L 6W3, Canada', 'SIC Code': '50,504', 'NAICS Code': '42,423', 'revenue': '<$5M', 'Number of Employees': '<25', 'LinkedIn url': 'http://www.linkedin.com/company/global-ewaste-solutions'}
{'company_name_zoominfo': 'Gradek Energy', 'website': 'www.gradekenergy.com', 'headquarters': '162 Brunswick Blvd, Pointe Claire, Quebec, H9R 5P9, Canada', 'SIC Code': '87,873', 'NAICS Code': '54,541', 'revenue': '<$5M', 'Number of Employees': '<25', 'LinkedIn url': 'http://www.linkedin.com/company/gradek-energy'}
renewing ip
429
2001:67c:289c:4::78
{'company_name_zoominfo': 'Casco Waste Systems', 'website': 'www.cascowaste.com', 'headquarters': '344 Edgeley Blvd 30, Concord, Ontario, L4K 4B7, Canada', 'SIC Code': '49,495', 'NAICS Code': '56,562', 'revenue': '<$5M', 'Number of Employees': '<25', 'LinkedIn url': '!not-found'}
{'company_name_zoominfo': 'Contain-A-Way', 'website': 'www.containaway.ca', 'headquarters': '2660 Cosgrove Cres, Nanaimo, British Columbia, V9S 3P6, Canada', 'SIC Code': '42,421', 'NAICS Code': '56,562', 'revenue': '<$5M', 'Number of Employees': '<25', 'LinkedIn url': 'https://www.linkedin.com/company/contain-a-way-inc'}
