{'company_name_zoominfo': 'Homee', 'website': 'www.homee.com', 'headquarters': '3225 S Macdill Ave Suite 129-270, Tampa, Florida, 33629, United States', 'SIC Code': '73,737', 'NAICS Code': '51,518', 'revenue': '$18.1M', 'Number of Employees': '68', 'LinkedIn url': 'http://www.linkedin.com/company/15252350'}
{'company_name_zoominfo': 'Adopt a Contractor', 'website': 'www.adopt-a-contractor.com', 'headquarters': '20200 W Dixie Hwy Ste 1109, Miami, Florida, 33180, United States', 'SIC Code': '15,152', 'NAICS Code': '23,236', 'revenue': '<$5M', 'Number of Employees': '<25', 'LinkedIn url': 'http://www.linkedin.com/company/adopt-a-contractor'}
{'company_name_zoominfo': 'HomeServe USA', 'website': 'www.homeserve.com', 'headquarters': '601 Merritt 7 Fl 6, Norwalk, Connecticut, 06851, United States', 'SIC Code': '73,738', 'NAICS Code': '81,812', 'revenue': '$321.1M', 'Number of Employees': '1,567', 'LinkedIn url': 'http://www.linkedin.com/company/homeserve-usa'}
{'company_name_zoominfo': 'Turno', 'website': 'www.turno.club', 'headquarters': 'Itc Green Center Itc United no.18 Banaswadi Main Rd, Bangalore, Karnat...', 'SIC Code': '50,501', 'NAICS Code': '42,425', 'revenue': '$12.7M', 'Number of Employees': '60', 'LinkedIn url': 'http://www.linkedin.com/company/turnoclub'}
{'company_name_zoominfo': 'HomeAdvisor', 'website': 'www.homeadvisor.com', 'headquarters': '3601 Walnut St 81, Denver, Colorado, 80205, United States', 'SIC Code': '73,737', 'NAICS Code': '51,511', 'revenue': '$483.1M', 'Number of Employees': '2,300', 'LinkedIn url': 'http://www.linkedin.com/company/homeadvisor'}
{'company_name_zoominfo': 'MarketOne International', 'website': 'www.marketone.com', 'headquarters': '300 5th Ave, Waltham, Massachusetts, 02451, United States', 'SIC Code': '73,737', 'NAICS Code': '54,541', 'revenue': '$136M', 'Number of Employees': '400', 'LinkedIn url': 'http://www.linkedin.com/company/24374'}
{'company_name_zoominfo': 'Angi', 'website': 'www.angi.com', 'headquarters': '3601 Walnut St, Denver, Colorado, 80205, United States', 'SIC Code': '73,738', 'NAICS Code': '81,812', 'revenue': '$1.7B', 'Number of Employees': '5,200', 'LinkedIn url': 'http://www.linkedin.com/company/angie'}
{'company_name_zoominfo': 'EIMS', 'website': 'www.eims.biz', 'headquarters': '21 Richmond Hl, Bournemouth, Bournemouth, BH2 6BJ, United Kingdom', 'SIC Code': '87,874', 'NAICS Code': '54,541', 'revenue': '$60.7M', 'Number of Employees': '333', 'LinkedIn url': 'http://www.linkedin.com/company/eims'}
{'company_name_zoominfo': 'Remodeling', 'website': 'www.123remodeling.com', 'headquarters': '5070 N Kimberly Ave Ste C, Chicago, Illinois, 60630, United States', 'SIC Code': '34,343', 'NAICS Code': '23,238', 'revenue': '$11.6M', 'Number of Employees': '51', 'LinkedIn url': 'http://www.linkedin.com/company/123-remodeling'}
{'company_name_zoominfo': 'TAKL', 'website': 'www.takl.com', 'headquarters': '1005 Flagpole Ct, Brentwood, Tennessee, 37027, United States', 'SIC Code': '76,769', 'NAICS Code': '81,811', 'revenue': '$11.6M', 'Number of Employees': '61', 'LinkedIn url': 'http://www.linkedin.com/company/takl'}
{'company_name_zoominfo': 'Handy', 'website': 'www.handy.com', 'headquarters': 'PO Box #1122, New York City, New York, 10159, United States', 'SIC Code': '73,737', 'NAICS Code': '23,236', 'revenue': '$37.1M', 'Number of Employees': '592', 'LinkedIn url': 'http://www.linkedin.com/company/handyhq'}
{'company_name_zoominfo': 'Housekeep', 'website': 'www.housekeep.com', 'headquarters': 'Farringdon House 105-107 Farringdon Rd, London, Greater London, EC1R 3...', 'SIC Code': '72,729', 'NAICS Code': '81,812', 'revenue': '$6.1M', 'Number of Employees': '47', 'LinkedIn url': 'http://www.linkedin.com/company/5023519'}
{'company_name_zoominfo': 'Uhuru Network', 'website': 'www.uhurunetwork.com', 'headquarters': '101 California St Ste 2710, San Francisco, California, 94111, United S...', 'SIC Code': '87,874', 'NAICS Code': '54,541', 'revenue': '<$5M', 'Number of Employees': '<25', 'LinkedIn url': 'http://www.linkedin.com/company/uhuru-network-llc'}
{'company_name_zoominfo': 'Callbox', 'website': 'www.callboxinc.com', 'headquarters': '4924 Balboa Blvd 353, Encino, California, 91316, United States', 'SIC Code': '73,737', 'NAICS Code': '51,518', 'revenue': '$150.3M', 'Number of Employees': '700', 'LinkedIn url': 'http://www.linkedin.com/company/callbox-usa'}
{'company_name_zoominfo': 'Kukun', 'website': 'www.mykukun.com', 'headquarters': '719 Piedmont Ave SE, Canton, Ohio, 44702, United States', 'SIC Code': '15,152', 'NAICS Code': '23,236', 'revenue': '$6M', 'Number of Employees': '<25', 'LinkedIn url': 'http://www.linkedin.com/company/kukun'}
{'company_name_zoominfo': 'S2W Media', 'website': 'www.s2wmedia.com', 'headquarters': '1345 Avenue of the Americas Fl 33, New York City, New York, 10105, Uni...', 'SIC Code': '73,738', 'NAICS Code': '54,541', 'revenue': '$272M', 'Number of Employees': '800', 'LinkedIn url': 'http://www.linkedin.com/company/s2wmedia'}
{'company_name_zoominfo': 'Decorilla', 'website': 'www.decorilla.com', 'headquarters': '230 Park Ave Fl 3, New York City, New York, 10169, United States', 'SIC Code': '73,738', 'NAICS Code': '54,541', 'revenue': '$8.9M', 'Number of Employees': '34', 'LinkedIn url': 'http://www.linkedin.com/company/decorilla'}
{'company_name_zoominfo': 'Havenly', 'website': 'www.havenly.com', 'headquarters': '3501 Wazee St 200, Denver, Colorado, 80216, United States', 'SIC Code': '59,596', 'NAICS Code': '54,541', 'revenue': '$16.3M', 'Number of Employees': '63', 'LinkedIn url': 'http://www.linkedin.com/company/havenly'}
{'company_name_zoominfo': 'TaskRabbit', 'website': 'www.taskrabbit.com', 'headquarters': '425 2nd St Fl 5, San Francisco, California, 94107, United States', 'SIC Code': '73,737', 'NAICS Code': '51,518', 'revenue': '$52.8M', 'Number of Employees': '250', 'LinkedIn url': 'http://www.linkedin.com/company/923423'}
renewing ip
429
2a0b:f4c0:16c:7::1
{'company_name_zoominfo': 'Home Polish & Crafts', 'website': 'www.homepolishcrafts.com', 'headquarters': '219 W Lewis St, Greensboro, North Carolina, 27406, United States', 'SIC Code': '59,594', 'NAICS Code': '45,451', 'revenue': '<$5M', 'Number of Employees': '<25', 'LinkedIn url': '!not-found'}
{'company_name_zoominfo': 'Profi.ru', 'website': 'www.profi.ru', 'headquarters': 'Moscow, Moscow City, Russian Federation', 'SIC Code': '82,829', 'NAICS Code': '61,611', 'revenue': '$572.3M', 'Number of Employees': '2,899', 'LinkedIn url': 'http://www.linkedin.com/company/profi-ru'}
