{'company_name_zoominfo': 'ServiZ Information Technologies', 'website': 'www.serviz.com.tr', 'headquarters': 'Turkey', 'SIC Code': '73,737', 'NAICS Code': '51,518', 'revenue': '<$5M', 'Number of Employees': '<25', 'LinkedIn url': 'http://www.linkedin.com/company/serviz-information-technologies-a-'}
{'company_name_zoominfo': 'Thumbtack', 'website': 'www.thumbtack.com', 'headquarters': '1355 Market St Ste 600, San Francisco, California, 94103, United State...', 'SIC Code': '89,899', 'NAICS Code': '51,518', 'revenue': '$210.1M', 'Number of Employees': '1,000', 'LinkedIn url': 'http://www.linkedin.com/company/thumbtack-inc.'}
{'company_name_zoominfo': 'myStella', 'website': 'www.my-stella.com', 'headquarters': '94a Burggasse, Vienna, 1070, Austria', 'SIC Code': '73,738', 'NAICS Code': '56,561', 'revenue': '<$5M', 'Number of Employees': '<25', 'LinkedIn url': 'http://www.linkedin.com/company/my-stella'}
{'company_name_zoominfo': 'Pro Referral', 'website': 'www.proreferral.com', 'headquarters': '1323 S Blackstone St, Tulare, California, 93274, United States', 'SIC Code': '72,729', 'NAICS Code': '81,812', 'revenue': '$5.8M', 'Number of Employees': '30', 'LinkedIn url': 'http://www.linkedin.com/company/redbeacon'}
{'company_name_zoominfo': 'Keepe', 'website': 'www.keepe.com', 'headquarters': '720 3rd Ave Ste 1000, Seattle, Washington, 98104, United States', 'SIC Code': '87,874', 'NAICS Code': '23,236', 'revenue': '<$5M', 'Number of Employees': '<25', 'LinkedIn url': 'http://www.linkedin.com/company/keepe'}
{'company_name_zoominfo': 'Lessen', 'website': 'www.lessen.com', 'headquarters': '4021 N 75th St Ste 105, Scottsdale, Arizona, 85251, United States', 'SIC Code': '73,737', 'NAICS Code': '51,518', 'revenue': '$94.5M', 'Number of Employees': '450', 'LinkedIn url': 'http://www.linkedin.com/company/lessen-inc'}
{'company_name_zoominfo': 'LeadVision', 'website': 'www.leadvision.com', 'headquarters': '121 W Trade St Ste 2100, Charlotte, North Carolina, 28202, United Stat...', 'SIC Code': '73,731', 'NAICS Code': '54,541', 'revenue': '$6M', 'Number of Employees': '<25', 'LinkedIn url': 'http://www.linkedin.com/company/leadvision'}
{'company_name_zoominfo': 'Amenify', 'website': 'www.amenify.com', 'headquarters': '18 Bartol St, San Francisco, California, 94133, United States', 'SIC Code': '73,737', 'NAICS Code': '54,541', 'revenue': '<$5M', 'Number of Employees': '<25', 'LinkedIn url': 'http://www.linkedin.com/company/amenify'}
{'company_name_zoominfo': 'SmartBug Media', 'website': 'www.smartbugmedia.com', 'headquarters': 'PO Box 13128, Newport Beach, California, 92658, United States', 'SIC Code': '87,874', 'NAICS Code': '54,541', 'revenue': '$61.2M', 'Number of Employees': '180', 'LinkedIn url': 'http://www.linkedin.com/company/smartbugmedia'}
{'company_name_zoominfo': 'Digifabshop', 'website': 'www.digifabshop.com', 'headquarters': '99 S 3rd St Ste 2, Hudson, New York, 12534, United States', 'SIC Code': '24,243', 'NAICS Code': '32,321', 'revenue': '$23M', 'Number of Employees': '81', 'LinkedIn url': 'http://www.linkedin.com/company/digifabshop'}
{'company_name_zoominfo': 'Lawn Love', 'website': 'www.lawnlove.com', 'headquarters': '402 W Broadway Ste 442, San Diego, California, 92101, United States', 'SIC Code': '07,078', 'NAICS Code': '56,561', 'revenue': '<$5M', 'Number of Employees': '<25', 'LinkedIn url': 'http://www.linkedin.com/company/lawn-love'}
{'company_name_zoominfo': 'Sweeps', 'website': 'sweeps.jobs', 'headquarters': '133 1-2 E Franklin St, Chapel Hill, North Carolina, 27514, United Stat...', 'SIC Code': '73,734', 'NAICS Code': '56,561', 'revenue': '<$5M', 'Number of Employees': '<25', 'LinkedIn url': 'http://www.linkedin.com/company/sweeps-llc'}
{'company_name_zoominfo': 'Schedulicity', 'website': 'www.schedulicity.com', 'headquarters': '424 E Main St Ste 201, Bozeman, Montana, 59715, United States', 'SIC Code': '73,737', 'NAICS Code': '51,518', 'revenue': '$13.8M', 'Number of Employees': '67', 'LinkedIn url': 'http://www.linkedin.com/company/744156'}
{'company_name_zoominfo': 'Green Leads', 'website': 'www.green-leads.com', 'headquarters': '59 Colby Cor 122, East Hampstead, New Hampshire, 03826, United States', 'SIC Code': '87,874', 'NAICS Code': '54,541', 'revenue': '$18.9M', 'Number of Employees': '80', 'LinkedIn url': 'http://www.linkedin.com/company/green-leads-llc'}
{'company_name_zoominfo': 'Bay MarketForce', 'website': 'www.baymarketforce.com', 'headquarters': '215 N Main St Ste 140, West Bend, Wisconsin, 53095, United States', 'SIC Code': '60,609', 'NAICS Code': '52,523', 'revenue': '$6.3M', 'Number of Employees': '28', 'LinkedIn url': 'http://www.linkedin.com/company/bay-marketforce'}
{'company_name_zoominfo': 'Home Alliance', 'website': 'www.homealliance.com', 'headquarters': '263 W Olive Ave Ste 178, Burbank, California, 91502, United States', 'SIC Code': '73,736', 'NAICS Code': '56,561', 'revenue': '$8.5M', 'Number of Employees': '37', 'LinkedIn url': 'http://www.linkedin.com/company/homealliance'}
{'company_name_zoominfo': 'BRICK', 'website': 'www.trybrick.com', 'headquarters': '10 S 5th St Ste 1008, Minneapolis, Minnesota, 55402, United States', 'SIC Code': '73,731', 'NAICS Code': '54,541', 'revenue': '<$5M', 'Number of Employees': '<25', 'LinkedIn url': 'http://www.linkedin.com/company/brick-inc-'}
{'company_name_zoominfo': 'Frontdoor', 'website': 'www.frontdoorhome.com', 'headquarters': '150 Peabody Pl Ste 300, Memphis, Tennessee, 38103, United States', 'SIC Code': '67,671', 'NAICS Code': '54,541', 'revenue': '$1.6B', 'Number of Employees': '2,081', 'LinkedIn url': 'http://www.linkedin.com/company/frontdoor-inc'}
{'company_name_zoominfo': 'CraftJack', 'website': 'www.craftjack.com', 'headquarters': '825 Chicago Ave, Evanston, Illinois, 60202, United States', 'SIC Code': '15,152', 'NAICS Code': '23,236', 'revenue': '$20.4M', 'Number of Employees': '<25', 'LinkedIn url': 'http://www.linkedin.com/company/2424232'}
{'company_name_zoominfo': '33 Mile Radius', 'website': 'www.33mileradius.com', 'headquarters': '6133 Rockside Rd Ste 400, Independence, Ohio, 44131, United States', 'SIC Code': '87,874', 'NAICS Code': '54,541', 'revenue': '<$5M', 'Number of Employees': '<25', 'LinkedIn url': 'http://www.linkedin.com/company/33-mile-radius'}
renewing ip
429
2001:67c:6ec:203:192:42:116:216
{'company_name_zoominfo': 'ServiceWhale', 'website': 'www.servicewhale.com', 'headquarters': '6 Neshaminy Interplex Ste 2, Trevose, Pennsylvania, 19053, United Stat...', 'SIC Code': '17,171', 'NAICS Code': '23,238', 'revenue': '$5.7M', 'Number of Employees': '<25', 'LinkedIn url': 'http://www.linkedin.com/company/servicewhale-com'}
