{'company_name_zoominfo': 'roofmarketplace.com', 'website': 'www.roofmarketplace.com', 'headquarters': '234 W Florida St Ste 303, Milwaukee, Wisconsin, 53204, United States', 'SIC Code': '73,737', 'NAICS Code': '54,541', 'revenue': '<$5M', 'Number of Employees': '<25', 'LinkedIn url': 'http://www.linkedin.com/company/nexvex-inc-'}
{'company_name_zoominfo': 'Coast Technology', 'website': 'www.coasttechnology.com', 'headquarters': '407 St. Tammany St, Madisonville, Louisiana, 70447, United States', 'SIC Code': '87,874', 'NAICS Code': '54,541', 'revenue': '<$5M', 'Number of Employees': '<25', 'LinkedIn url': 'http://www.linkedin.com/company/dealership-toolkit'}
{'company_name_zoominfo': 'NotAvailable', 'website': 'NotAvailable', 'headquarters': 'NotAvailable', 'SIC Code': 'NotAvailable', 'NAICS Code': 'NotAvailable', 'revenue': 'NotAvailable', 'Number of Employees': 'NotAvailable', 'LinkedIn url': 'NotAvailable'}
{'company_name_zoominfo': 'IOVOX', 'website': 'www.iovox.com', 'headquarters': '99c Talbot Rd, London, Greater London, W11 2AT, United Kingdom', 'SIC Code': '73,737', 'NAICS Code': '51,511', 'revenue': '$9.8M', 'Number of Employees': '<25', 'LinkedIn url': 'http://www.linkedin.com/company/iovox'}
{'company_name_zoominfo': 'Networx Systems', 'website': 'www.networx.com', 'headquarters': '3399 Peachtree Rd NE Ste 800, Atlanta, Georgia, 30326, United States', 'SIC Code': '87,874', 'NAICS Code': '54,541', 'revenue': '$58M', 'Number of Employees': '100', 'LinkedIn url': 'http://www.linkedin.com/company/networx-systems'}
{'company_name_zoominfo': 'Showmax Marketing', 'website': 'showmax.marketing', 'headquarters': '4431 Corporate Center Dr Ste 101, Los Alamitos, California, 90720, Uni...', 'SIC Code': '87,874', 'NAICS Code': '54,541', 'revenue': '<$5M', 'Number of Employees': '27', 'LinkedIn url': 'http://www.linkedin.com/company/showmax-marketing'}
{'company_name_zoominfo': 'Internal Results', 'website': 'www.internalresults.com', 'headquarters': 'Ida Business & Technology Park Mountrath Rd, Portlaoise, Leinster, Ire...', 'SIC Code': '87,874', 'NAICS Code': '54,541', 'revenue': '$65M', 'Number of Employees': '218', 'LinkedIn url': 'http://www.linkedin.com/company/internal-results'}
{'company_name_zoominfo': 'DemandGen International', 'website': 'www.demandgen.com', 'headquarters': '18 Crow Canyon Ct Ste 270, San Ramon, California, 94583, United States', 'SIC Code': '73,737', 'NAICS Code': '54,541', 'revenue': '$16.1M', 'Number of Employees': '76', 'LinkedIn url': 'http://www.linkedin.com/company/demandgen'}
{'company_name_zoominfo': 'eLocal', 'website': 'www.elocal.com', 'headquarters': '1100 E Hector St Ste 101, Conshohocken, Pennsylvania, 19428, United St...', 'SIC Code': '81,811', 'NAICS Code': '54,541', 'revenue': '$44.2M', 'Number of Employees': '99', 'LinkedIn url': 'http://www.linkedin.com/company/elocal'}
{'company_name_zoominfo': 'Blueport Commerce', 'website': 'www.blueport.com', 'headquarters': '580 Harrison Ave Ste 101, Boston, Massachusetts, 02118, United States', 'SIC Code': '73,737', 'NAICS Code': '54,541', 'revenue': '$35.8M', 'Number of Employees': '107', 'LinkedIn url': 'http://www.linkedin.com/company/blueport-commerce'}
{'company_name_zoominfo': 'Sweeten', 'website': 'www.sweeten.com', 'headquarters': '195 Centre St Fl 2, New York, New York, 10013, United States', 'SIC Code': '15,152', 'NAICS Code': '54,541', 'revenue': '$19.1M', 'Number of Employees': '29', 'LinkedIn url': 'http://www.linkedin.com/company/the-sweeten'}
{'company_name_zoominfo': 'Carrafelli Bros', 'website': 'www.carrafellibros.com', 'headquarters': 'Italy', 'SIC Code': '37,374', 'NAICS Code': '33,336', 'revenue': '<$5M', 'Number of Employees': '<25', 'LinkedIn url': '!not-found'}
{'company_name_zoominfo': 'Jop', 'website': 'www.jop.me', 'headquarters': '350 Lincoln Rd Fl 3, Miami Beach, Florida, 33139, United States', 'SIC Code': '82,829', 'NAICS Code': '61,611', 'revenue': '$5.7M', 'Number of Employees': '<25', 'LinkedIn url': 'http://www.linkedin.com/company/digital-pelican'}
{'company_name_zoominfo': 'Sparkling Clean Agency', 'website': 'www.sparklingcleanagency.com', 'headquarters': '295 89th St 306, Daly City, California, 94015, United States', 'SIC Code': '76,769', 'NAICS Code': '81,811', 'revenue': '<$5M', 'Number of Employees': '<25', 'LinkedIn url': 'http://www.linkedin.com/company/sparkling-clean-agency'}
{'company_name_zoominfo': 'Belkins', 'website': 'www.belkins.io', 'headquarters': '8 The Grn Ste 4331, Dover, Delaware, 19901, United States', 'SIC Code': '87,873', 'NAICS Code': '54,541', 'revenue': '$51M', 'Number of Employees': '150', 'LinkedIn url': 'http://www.linkedin.com/company/belkins'}
{'company_name_zoominfo': 'Homeaglow', 'website': 'www.homeaglow.com', 'headquarters': '77 Federal St, San Francisco, California, 94107, United States', 'SIC Code': '73,734', 'NAICS Code': '56,561', 'revenue': '<$5M', 'Number of Employees': '<25', 'LinkedIn url': 'http://www.linkedin.com/company/homeaglow'}
{'company_name_zoominfo': 'Revenue Accelerators', 'website': 'www.revenueaccelerators.com', 'headquarters': '145 Clinton St Ste 12C, New York, New York, 10002, United States', 'SIC Code': '87,874', 'NAICS Code': '54,541', 'revenue': '<$5M', 'Number of Employees': '<25', 'LinkedIn url': 'http://www.linkedin.com/company/revenueaccelerators'}
{'company_name_zoominfo': 'Aexus', 'website': 'www.aexus.com', 'headquarters': '37a Vlamoven, Arnhem, Tm, 6826, Netherlands', 'SIC Code': '73,738', 'NAICS Code': '56,561', 'revenue': '$17M', 'Number of Employees': '73', 'LinkedIn url': 'http://www.linkedin.com/company/aexus'}
{'company_name_zoominfo': 'Kuno Creative', 'website': 'www.kunocreative.com', 'headquarters': '3248 W Erie Ave, Lorain, Ohio, 44053, United States', 'SIC Code': '87,874', 'NAICS Code': '54,541', 'revenue': '<$5M', 'Number of Employees': '33', 'LinkedIn url': 'http://www.linkedin.com/company/kuno-creative'}
{'company_name_zoominfo': 'TeleNet Marketing Solutions', 'website': 'www.telenetmarketing.com', 'headquarters': '1915 New Jimmy Daniel Rd, Athens, Georgia, 30606, United States', 'SIC Code': '73,738', 'NAICS Code': '56,561', 'revenue': '$28.9M', 'Number of Employees': '162', 'LinkedIn url': 'http://www.linkedin.com/company/53368'}
renewing ip
429
2a0b:f4c0:16c:7::1
{'company_name_zoominfo': 'Spruce', 'website': 'www.getspruce.com', 'headquarters': '1408 E 13th St, Austin, Texas, 78702, United States', 'SIC Code': '72,729', 'NAICS Code': '56,561', 'revenue': '$7.4M', 'Number of Employees': '25', 'LinkedIn url': 'http://www.linkedin.com/company/spruce-inc'}
