{'company_name_zoominfo': 'Orange Marketing', 'website': 'www.orangemarketing.com', 'headquarters': '1024 Bayside Dr Ste 529, Newport Beach, California, 92660, United Stat...', 'SIC Code': '73,731', 'NAICS Code': '54,541', 'revenue': '<$5M', 'Number of Employees': '<25', 'LinkedIn url': 'http://www.linkedin.com/company/orangemarketing1'}
{'company_name_zoominfo': 'Brainsell Technologies', 'website': 'www.brainsell.com', 'headquarters': '458 Boston St Ste 2-1, Topsfield, Massachusetts, 01983, United States', 'SIC Code': '87,871', 'NAICS Code': '54,541', 'revenue': '$6.6M', 'Number of Employees': '26', 'LinkedIn url': 'http://www.linkedin.com/company/brainsell-technologies-llc'}
{'company_name_zoominfo': 'Househappy', 'website': 'www.househappy.com', 'headquarters': '2715 SE 8th Ave Ste 118, Portland, Oregon, 97202, United States', 'SIC Code': '73,734', 'NAICS Code': '81,813', 'revenue': '$5.6M', 'Number of Employees': '26', 'LinkedIn url': 'http://www.linkedin.com/company/househappy-org'}
{'company_name_zoominfo': 'Plowz & Mowz', 'website': 'www.plowzandmowz.com', 'headquarters': '120 Madison St Ste 1000, Syracuse, New York, 13202, United States', 'SIC Code': '07,078', 'NAICS Code': '56,561', 'revenue': '$6M', 'Number of Employees': '<25', 'LinkedIn url': 'http://www.linkedin.com/company/caribou-apps'}
{'company_name_zoominfo': '!not-found', 'website': 'Jawabkom', 'headquarters': '!not-found', 'SIC Code': '!not-found', 'NAICS Code': '!not-found', 'revenue': '!not-found', 'Number of Employees': '!not-found', 'LinkedIn url': '!not-found'}
{'company_name_zoominfo': 'Band Of Hands', 'website': 'www.bandofhands.com', 'headquarters': '9320 Chesapeake Dr Ste 101, San Diego, California, 92123, United State...', 'SIC Code': '73,736', 'NAICS Code': '54,541', 'revenue': '<$5M', 'Number of Employees': '<25', 'LinkedIn url': 'http://www.linkedin.com/company/band-of-hands'}
{'company_name_zoominfo': 'Intero Advisory', 'website': 'www.interoadvisory.com', 'headquarters': '128 Cockeysville Rd Ste B, Timonium, Maryland, 21093, United States', 'SIC Code': '82,829', 'NAICS Code': '61,611', 'revenue': '<$5M', 'Number of Employees': '<25', 'LinkedIn url': 'http://www.linkedin.com/company/interoadvisory'}
{'company_name_zoominfo': 'Leads Touch Marketing', 'website': 'www.leadstouchmarketing.com', 'headquarters': 'United States', 'SIC Code': '87,874', 'NAICS Code': '54,541', 'revenue': '$25.3M', 'Number of Employees': '118', 'LinkedIn url': 'http://www.linkedin.com/company/leads-touch-marketing'}
{'company_name_zoominfo': 'Prontopia', 'website': 'www.prontopia.com', 'headquarters': '1117 State St, Santa Barbara, California, 93101, United States', 'SIC Code': '47,472', 'NAICS Code': '56,561', 'revenue': '<$5M', 'Number of Employees': '<25', 'LinkedIn url': 'http://www.linkedin.com/company/prontopia'}
{'company_name_zoominfo': 'Proximous', 'website': 'www.proximous.com', 'headquarters': '1313 N Milpitas Blvd Ste 167, Milpitas, California, 95035, United Stat...', 'SIC Code': '73,737', 'NAICS Code': '54,541', 'revenue': '<$5M', 'Number of Employees': '<25', 'LinkedIn url': 'http://www.linkedin.com/company/proximous-inc-'}
{'company_name_zoominfo': 'TrueLeads', 'website': 'www.trueleads.ai', 'headquarters': '2055 Limestone Rd Ste 200C, Wilmington, Delaware, 19808, United States', 'SIC Code': '73,737', 'NAICS Code': '54,541', 'revenue': '<$5M', 'Number of Employees': '<25', 'LinkedIn url': 'http://www.linkedin.com/company/trueleadsai'}
{'company_name_zoominfo': 'GoSmith', 'website': 'www.gosmith.com', 'headquarters': 'Main, Crete, Illinois, 60417, United States', 'SIC Code': '73,734', 'NAICS Code': '56,561', 'revenue': '<$5M', 'Number of Employees': '<25', 'LinkedIn url': 'http://www.linkedin.com/company/friend-trusted-inc-'}
{'company_name_zoominfo': 'ToDoolie', 'website': 'www.todoolie.com', 'headquarters': '1353 Nottingham Rd, Grosse Pointe Park, Michigan, 48230, United States', 'SIC Code': '42,421', 'NAICS Code': '49,492', 'revenue': '<$5M', 'Number of Employees': '<25', 'LinkedIn url': 'http://www.linkedin.com/company/todooli-inc'}
{'company_name_zoominfo': 'Paintzen', 'website': 'www.paintzen.com', 'headquarters': '242 W 30th St Ste 500, New York, New York, 10001, United States', 'SIC Code': '17,172', 'NAICS Code': '23,238', 'revenue': '$13.7M', 'Number of Employees': '45', 'LinkedIn url': 'http://www.linkedin.com/company/paintzen'}
{'company_name_zoominfo': 'Dunthorpe Marketing Group', 'website': 'www.dunthorpemarketing.com', 'headquarters': '308 SW 1st Ave 181, Portland, Oregon, 97204, United States', 'SIC Code': '87,874', 'NAICS Code': '54,541', 'revenue': '<$5M', 'Number of Employees': '<25', 'LinkedIn url': 'http://www.linkedin.com/company/58641'}
{'company_name_zoominfo': 'Expivia Interaction Marketing Group', 'website': 'www.expiviausa.com', 'headquarters': '2840 W 21st St 34, Erie, Pennsylvania, 16506, United States', 'SIC Code': '73,738', 'NAICS Code': '56,561', 'revenue': '$26.1M', 'Number of Employees': '146', 'LinkedIn url': 'http://www.linkedin.com/company/expivia-interaction-marketing-group-inc-'}
{'company_name_zoominfo': 'Curativly', 'website': 'www.curativly.com', 'headquarters': '180 Erma Ct, Chico, California, 95928, United States', 'SIC Code': '73,737', 'NAICS Code': '51,511', 'revenue': '<$5M', 'Number of Employees': '<25', 'LinkedIn url': 'http://www.linkedin.com/company/curated-home-stores'}
{'company_name_zoominfo': 'CheckPoint Solutions', 'website': 'www.checkpointsolutions.net', 'headquarters': '3555 N 24th St, Quincy, Illinois, 62305, United States', 'SIC Code': '73,737', 'NAICS Code': '54,541', 'revenue': '<$5M', 'Number of Employees': '<25', 'LinkedIn url': 'http://www.linkedin.com/company/checkpoint-solutions1'}
{'company_name_zoominfo': 'DemandWorks Media', 'website': 'www.dwmedia.com', 'headquarters': '444 N Michigan Ave Ste 1200, Chicago, Illinois, 60611, United States', 'SIC Code': '73,738', 'NAICS Code': '54,541', 'revenue': '$10.2M', 'Number of Employees': '<25', 'LinkedIn url': 'http://www.linkedin.com/company/demandworks-media'}
renewing ip
429
2a0b:f4c0:16c:7::1
{'company_name_zoominfo': 'Qor Connect', 'website': 'www.qorconnect.com', 'headquarters': '4023 Kennett Pike Ste 566, Wilmington, Delaware, 19807, United States', 'SIC Code': '87,874', 'NAICS Code': '54,541', 'revenue': '<$5M', 'Number of Employees': '<25', 'LinkedIn url': 'http://www.linkedin.com/company/qor-connect'}
{'company_name_zoominfo': 'Plunk', 'website': 'www.getplunk.com', 'headquarters': '1100 Bellevue Way NE Ste 8a1, Bellevue, Washington, 98004, United Stat...', 'SIC Code': '73,737', 'NAICS Code': '51,511', 'revenue': '<$5M', 'Number of Employees': '<25', 'LinkedIn url': 'http://www.linkedin.com/company/getplunk'}
