{'company_name_zoominfo': 'NotAvailable', 'website': 'NotAvailable', 'headquarters': 'NotAvailable', 'SIC Code': 'NotAvailable', 'NAICS Code': 'NotAvailable', 'revenue': 'NotAvailable', 'Number of Employees': 'NotAvailable', 'LinkedIn url': 'NotAvailable'}
{'company_name_zoominfo': 'Moxey', 'website': 'www.moxeyusa.com', 'headquarters': '4137 S Sherwood Forest Blvd Ste 120, Baton Rouge, Louisiana, 70816, Un...', 'SIC Code': '50,504', 'NAICS Code': '42,423', 'revenue': '<$5M', 'Number of Employees': '<25', 'LinkedIn url': 'http://www.linkedin.com/company/moxey'}
{'company_name_zoominfo': 'TaskEasy', 'website': 'www.taskeasy.com', 'headquarters': '669 S W Temple 300, Salt Lake City, Utah, 84101, United States', 'SIC Code': '78,782', 'NAICS Code': '56,561', 'revenue': '$61.4M', 'Number of Employees': '202', 'LinkedIn url': 'http://www.linkedin.com/company/taskeasy'}
{'company_name_zoominfo': 'Smartacre', 'website': 'www.getsmartacre.com', 'headquarters': '559 Main St Ste 150, Bethlehem, Pennsylvania, 18018, United States', 'SIC Code': '87,874', 'NAICS Code': '54,541', 'revenue': '<$5M', 'Number of Employees': '<25', 'LinkedIn url': 'http://www.linkedin.com/company/getsmartacre'}
{'company_name_zoominfo': '6YA', 'website': 'www.6ya.com', 'headquarters': '2010 El Camino Real, Santa Clara, California, 95050, United States', 'SIC Code': '73,737', 'NAICS Code': '51,517', 'revenue': '<$5M', 'Number of Employees': '<25', 'LinkedIn url': 'http://www.linkedin.com/company/6ya'}
{'company_name_zoominfo': 'Realm', 'website': 'www.realmhome.com', 'headquarters': '333 Hudson St Ste 201, New York, New York, 10013, United States', 'SIC Code': '58,581', 'NAICS Code': '72,722', 'revenue': '<$5M', 'Number of Employees': '<25', 'LinkedIn url': 'http://www.linkedin.com/company/realmhome'}
{'company_name_zoominfo': 'Humans.net', 'website': 'www.humans.net', 'headquarters': '37 W 19 St Fl 2, New York, New York, 10011, United States', 'SIC Code': '73,733', 'NAICS Code': '56,561', 'revenue': '$6.5M', 'Number of Employees': '<25', 'LinkedIn url': 'http://www.linkedin.com/company/humans.net'}
{'company_name_zoominfo': 'Decorist', 'website': 'www.decorist.com', 'headquarters': '38 Keyes Ave Ste 102, San Francisco, California, 94129, United States', 'SIC Code': '73,738', 'NAICS Code': '54,541', 'revenue': '$29.7M', 'Number of Employees': '25', 'LinkedIn url': 'http://www.linkedin.com/company/decorist'}
{'company_name_zoominfo': 'Laurel & Wolf', 'website': 'www.laurelandwolf.com', 'headquarters': '10250 Constellation Blvd Ste 100, Los Angeles, California, 90067, Unit...', 'SIC Code': '73,738', 'NAICS Code': '54,541', 'revenue': '$19.5M', 'Number of Employees': '78', 'LinkedIn url': 'http://www.linkedin.com/company/laurel-&-wolf'}
{'company_name_zoominfo': 'Dobby', 'website': 'www.hellodobby.com', 'headquarters': '!not-found', 'SIC Code': '72,722', 'NAICS Code': '54,541', 'revenue': '<$5M', 'Number of Employees': '<25', 'LinkedIn url': '!not-found'}
{'company_name_zoominfo': 'Operatix', 'website': 'www.operatix.net', 'headquarters': '2 Ancells Court Rye Close, Fleet, Surrey, GU51 2UY, United Kingdom', 'SIC Code': '87,874', 'NAICS Code': '54,541', 'revenue': '$42M', 'Number of Employees': '250', 'LinkedIn url': 'http://www.linkedin.com/company/operatix'}
{'company_name_zoominfo': 'Leadriver', 'website': 'www.leadriver.io', 'headquarters': 'Amsterdam, North Holland, Netherlands', 'SIC Code': '73,738', 'NAICS Code': '56,561', 'revenue': '<$5M', 'Number of Employees': '<25', 'LinkedIn url': 'http://www.linkedin.com/company/leadriver-agency'}
{'company_name_zoominfo': 'Maid Sailors Cleaning Service', 'website': 'www.maidsailors.com', 'headquarters': '257 Water St, New York, New York, 10038, United States', 'SIC Code': '73,734', 'NAICS Code': '56,561', 'revenue': '<$5M', 'Number of Employees': '<25', 'LinkedIn url': 'http://www.linkedin.com/company/maid-sailors'}
{'company_name_zoominfo': 'HomeJoy', 'website': 'homejoy.care', 'headquarters': '101 S Shiawassee St, Corunna, Michigan, 48817, United States', 'SIC Code': '80,808', 'NAICS Code': '62,621', 'revenue': '$59.7M', 'Number of Employees': '206', 'LinkedIn url': 'http://www.linkedin.com/company/homejoy'}
{'company_name_zoominfo': 'Puls', 'website': 'www.puls.com', 'headquarters': '2299 Brodhead Rd Ste G1, Bethlehem, Pennsylvania, 18020, United States', 'SIC Code': '76,769', 'NAICS Code': '81,811', 'revenue': '$38M', 'Number of Employees': '101', 'LinkedIn url': 'http://www.linkedin.com/company/cellsavers'}
{'company_name_zoominfo': 'Tidy Services', 'website': 'www.tidy.com', 'headquarters': '2584 Fairway Dr, Costa Mesa, California, 92627, United States', 'SIC Code': '73,737', 'NAICS Code': '56,561', 'revenue': '$19.5M', 'Number of Employees': '51', 'LinkedIn url': 'http://www.linkedin.com/company/tidy-home-cleaning'}
{'company_name_zoominfo': 'Lawn Guru', 'website': 'www.lawnguru.co', 'headquarters': '118 1/2 E Washington St, Ann Arbor, Michigan, 48104, United States', 'SIC Code': '78,782', 'NAICS Code': '56,561', 'revenue': '<$5M', 'Number of Employees': '<25', 'LinkedIn url': 'http://www.linkedin.com/company/lawnguru'}
{'company_name_zoominfo': 'Lawnstarter', 'website': 'www.lawnstarter.com', 'headquarters': '814 San Jacinto Blvd Ste 202, Austin, Texas, 78701, United States', 'SIC Code': '78,782', 'NAICS Code': '56,561', 'revenue': '$5.4M', 'Number of Employees': '29', 'LinkedIn url': 'http://www.linkedin.com/company/3280182'}
{'company_name_zoominfo': 'Hux', 'website': 'www.hux.com', 'headquarters': '1447 Peachtree St NE Ste 880, Atlanta, Georgia, 30309, United States', 'SIC Code': '73,734', 'NAICS Code': '56,561', 'revenue': '$6M', 'Number of Employees': '<25', 'LinkedIn url': 'http://www.linkedin.com/company/2845223'}
{'company_name_zoominfo': 'QualitySmith', 'website': 'www.qualitysmith.com', 'headquarters': '1820 Bonanza St, Walnut Creek, California, 94596, United States', 'SIC Code': '87,874', 'NAICS Code': '54,541', 'revenue': '$12M', 'Number of Employees': '43', 'LinkedIn url': 'http://www.linkedin.com/company/qualitysmith-inc'}
renewing ip
429
2a0b:f4c0:16c:7::1
{'company_name_zoominfo': 'Co-Helpers', 'website': 'www.co-helpers.nl', 'headquarters': 'Netherlands', 'SIC Code': '92,922', 'NAICS Code': '92,922', 'revenue': '<$5M', 'Number of Employees': '<25', 'LinkedIn url': 'https://www.linkedin.com/company/co-helpers'}
