'organic'
['NotAvailable', 'NotAvailable', 'NotAvailable']
https://www.zoominfo.com/c/48forty/513326051
https://www.zoominfo.com/pic/48forty/513326051
https://www.zoominfo.com/p/Thomas-Simansky/-1987277291
['https://www.zoominfo.com/c/48forty/513326051', 'https://www.zoominfo.com/pic/48forty/513326051', 'https://www.zoominfo.com/p/Thomas-Simansky/-1987277291']
'organic'
['NotAvailable', 'NotAvailable', 'NotAvailable']
https://www.zoominfo.com/c/community-waste-solutions-llc/359706179
https://www.neverbounce.com/company/5280-community-waste-solutions/359706179
https://www.apollo.io/companies/5280-Community-Waste-Solutions-LLC/5b8589e1f874f7120ef3ec53
https://pkxzv.padariamirantedeitapevi.com/post/cws-colorado-llc/48731209
['https://www.zoominfo.com/c/community-waste-solutions-llc/359706179', 'NotAvailable', 'NotAvailable']
'organic'
['NotAvailable', 'NotAvailable', 'NotAvailable']
https://www.zoominfo.com/c/a-sani--can-service-inc/7901385
https://www.zoominfo.com/pic/a-sani--can-service-inc/7901385
https://www.zoominfo.com/p/Paul-Sizemore/-892488009
['https://www.zoominfo.com/c/a-sani--can-service-inc/7901385', 'https://www.zoominfo.com/pic/a-sani--can-service-inc/7901385', 'https://www.zoominfo.com/p/Paul-Sizemore/-892488009']
https://www.zoominfo.com/c/a-t-pallets-inc/411881929
https://www.zoominfo.com/c/pallets-to-profit/551846231
https://www.zoominfo.com/c/pallets/370402263
['https://www.zoominfo.com/c/a-t-pallets-inc/411881929', 'https://www.zoominfo.com/c/pallets-to-profit/551846231', 'https://www.zoominfo.com/c/pallets/370402263']
'organic'
['NotAvailable', 'NotAvailable', 'NotAvailable']
https://www.zoominfo.com/c/a1-valet-trash/398926850
https://www.zoominfo.com/pic/a1-valet-trash/398926850
https://www.zoominfo.com/p/Mike-Dean/1898257440
['https://www.zoominfo.com/c/a1-valet-trash/398926850', 'https://www.zoominfo.com/pic/a1-valet-trash/398926850', 'https://www.zoominfo.com/p/Mike-Dean/1898257440']
https://www.neverbounce.com/company/aaa-scrap-recycling/1275534063
https://jltkx.braemoreturkey.com/post/dl-metal-recycling-llc/8877129
['NotAvailable', 'NotAvailable', 'NotAvailable']
https://www.zoominfo.com/c/aarons-pallets/1103735447
https://www.neverbounce.com/company/aarons-pallets/513329335
https://lampl.truechatbroadcast.org/post/pallets-tampa/66423646
['https://www.zoominfo.com/c/aarons-pallets/1103735447', 'NotAvailable', 'NotAvailable']
https://www.zoominfo.com/c/abatement-professionals-corp/99249
https://www.zoominfo.com/pic/abatement-professionals-corp/99249
https://www.zoominfo.com/c/lakeside-concrete-cutting-inc/1110593024
['https://www.zoominfo.com/c/abatement-professionals-corp/99249', 'https://www.zoominfo.com/pic/abatement-professionals-corp/99249', 'https://www.zoominfo.com/c/lakeside-concrete-cutting-inc/1110593024']
https://www.zoominfo.com/c/absolute-waste-services-inc/359601119
https://www.zoominfo.com/c/absolute-waste/399049088
https://www.zoominfo.com/c/absolute-waste-management/529764783
['https://www.zoominfo.com/c/absolute-waste-services-inc/359601119', 'https://www.zoominfo.com/c/absolute-waste/399049088', 'https://www.zoominfo.com/c/absolute-waste-management/529764783']
'organic'
['NotAvailable', 'NotAvailable', 'NotAvailable']
https://www.zoominfo.com/c/accuworx-inc/838684
https://www.zoominfo.com/pic/accuworx-inc/838684
https://www.zoominfo.com/c/accuworx-llc/354822527
['https://www.zoominfo.com/c/accuworx-inc/838684', 'https://www.zoominfo.com/pic/accuworx-inc/838684', 'https://www.zoominfo.com/c/accuworx-llc/354822527']
https://www.zoominfo.com/c/ace-grease-service-inc/355833425
https://www.zoominfo.com/pic/ace-grease-service-inc/355833425
https://www.zoominfo.com/p/Sabrina-Allmond/7907611453
['https://www.zoominfo.com/c/ace-grease-service-inc/355833425', 'https://www.zoominfo.com/pic/ace-grease-service-inc/355833425', 'https://www.zoominfo.com/p/Sabrina-Allmond/7907611453']
https://www.zoominfo.com/c/acierno-co/353624696
https://www.zoominfo.com/pic/acierno/353624696
https://www.zoominfo.com/p/Ericca-Fritz/-1390635862
['https://www.zoominfo.com/c/acierno-co/353624696', 'https://www.zoominfo.com/pic/acierno/353624696', 'https://www.zoominfo.com/p/Ericca-Fritz/-1390635862']
https://www.zoominfo.com/c/action-compaction-services/456020570
https://www.zoominfo.com/pic/action-compaction-services-az-llc/456020570
https://www.zoominfo.com/p/Aleisha-Corona/3590504730
['https://www.zoominfo.com/c/action-compaction-services/456020570', 'https://www.zoominfo.com/pic/action-compaction-services-az-llc/456020570', 'https://www.zoominfo.com/p/Aleisha-Corona/3590504730']
https://www.zoominfo.com/c/admirable-cleaning-solutions-llc/455638537
https://www.neverbounce.com/company/admirable-cleaning-solutions/455638537
['https://www.zoominfo.com/c/admirable-cleaning-solutions-llc/455638537', 'NotAvailable', 'NotAvailable']
https://www.zoominfo.com/c/advantage-environmental-corp/354784399
https://www.zoominfo.com/c/advantage-environmental-consultants-llc/1855653
https://www.zoominfo.com/c/advantage-environmental-inc/445727331
['https://www.zoominfo.com/c/advantage-environmental-corp/354784399', 'https://www.zoominfo.com/c/advantage-environmental-consultants-llc/1855653', 'https://www.zoominfo.com/c/advantage-environmental-inc/445727331']
https://www.zoominfo.com/c/advantage-waste-disposal-llc/346768979
https://www.zoominfo.com/pic/advantage-waste-disposal/346768979
https://www.zoominfo.com/c/fay-portable-buildings/411862933
['https://www.zoominfo.com/c/advantage-waste-disposal-llc/346768979', 'https://www.zoominfo.com/pic/advantage-waste-disposal/346768979', 'https://www.zoominfo.com/c/fay-portable-buildings/411862933']
https://www.zoominfo.com/c/advantage-waste-systems/346635450
https://www.zoominfo.com/pic/advantage-waste-systems-inc/346635450
https://www.zoominfo.com/pic/wca-waste/54870058
['https://www.zoominfo.com/c/advantage-waste-systems/346635450', 'https://www.zoominfo.com/pic/advantage-waste-systems-inc/346635450', 'https://www.zoominfo.com/pic/wca-waste/54870058']
https://www.zoominfo.com/c/aerion/351179002
https://www.zoominfo.com/c/aerion/469786573
https://www.zoominfo.com/pic/aerion/351179002
['https://www.zoominfo.com/c/aerion/351179002', 'https://www.zoominfo.com/c/aerion/469786573', 'https://www.zoominfo.com/pic/aerion/351179002']
https://www.zoominfo.com/p/Georgia-Ouren/-1701905094
https://www.apollo.io/companies/Agile-Transformation-Inc/5fd1b2c609403c00011c2e1e
https://ebitk.smartdemocrats.org/post/mainsail-partners-llc/38585041
['https://www.zoominfo.com/p/Georgia-Ouren/-1701905094', 'NotAvailable', 'NotAvailable']
https://www.zoominfo.com/c/alabama-dumpster-service-llc/3394843
https://www.zoominfo.com/pic/alabama-dumpster-service-llc/3394843
https://www.zoominfo.com/c/north-alabama-dumpsters-llc/529496463
['https://www.zoominfo.com/c/alabama-dumpster-service-llc/3394843', 'https://www.zoominfo.com/pic/alabama-dumpster-service-llc/3394843', 'https://www.zoominfo.com/c/north-alabama-dumpsters-llc/529496463']
https://www.zoominfo.com/c/all-american-waste/8704363
https://www.neverbounce.com/company/all-american-waste/8704363
https://loginease.com/all-american-waste/
['https://www.zoominfo.com/c/all-american-waste/8704363', 'NotAvailable', 'NotAvailable']
https://www.zoominfo.com/c/all-pallet-recycling-llc/344836896
https://www.apollo.io/companies/All-Pallet-Recycling-LLC/55921f597369641908b97e00
https://mzqqgqk.bookkeepingmuse.com/post/pallet-recycling-indianapolis/73147969
['https://www.zoominfo.com/c/all-pallet-recycling-llc/344836896', 'NotAvailable', 'NotAvailable']
https://www.zoominfo.com/c/all-pro-water-flow-ltd/3787839
https://www.zoominfo.com/c/tanktechs-of-all-pro-water-flow-sw-llc/538825984
https://www.zoominfo.com/c/rv-holding-tank-service/537515001
['https://www.zoominfo.com/c/all-pro-water-flow-ltd/3787839', 'https://www.zoominfo.com/c/tanktechs-of-all-pro-water-flow-sw-llc/538825984', 'https://www.zoominfo.com/c/rv-holding-tank-service/537515001']
https://www.zoominfo.com/c/allegheny-recycled-products/344875203
https://www.zoominfo.com/pic/allegheny-recycled-products-goal/344875203
https://www.zoominfo.com/c/best-pallets-inc/26531047
['https://www.zoominfo.com/c/allegheny-recycled-products/344875203', 'https://www.zoominfo.com/pic/allegheny-recycled-products-goal/344875203', 'https://www.zoominfo.com/c/best-pallets-inc/26531047']
https://www.zoominfo.com/c/amerex-corp/351422032
https://www.neverbounce.com/company/amerex-corporation/351422032
https://www.apollo.io/companies/Amerex-Corporation/60499d32d1a1f500015292bf
['https://www.zoominfo.com/c/amerex-corp/351422032', 'NotAvailable', 'NotAvailable']
https://www.zoominfo.com/c/american-allwaste/481466332
https://www.zoominfo.com/pic/american-allwaste/481466332
https://www.zoominfo.com/p/Cary-Juby/-1864729198
['https://www.zoominfo.com/c/american-allwaste/481466332', 'https://www.zoominfo.com/pic/american-allwaste/481466332', 'https://www.zoominfo.com/p/Cary-Juby/-1864729198']
https://www.zoominfo.com/c/american-environmental-group/5277882
https://www.zoominfo.com/p/Lee-Johnson/-1474999542
https://www.zoominfo.com/p/Charles-Carnahan/-1456107492
['https://www.zoominfo.com/c/american-environmental-group/5277882', 'https://www.zoominfo.com/p/Lee-Johnson/-1474999542', 'https://www.zoominfo.com/p/Charles-Carnahan/-1456107492']
https://www.zoominfo.com/p/Jesse-Viola/1262604836
['https://www.zoominfo.com/p/Jesse-Viola/1262604836', 'NotAvailable', 'NotAvailable']
https://www.zoominfo.com/c/awms-water-solutions-llc/5805448
https://www.zoominfo.com/c/american-waste-management-services-inc/1159022818
https://www.zoominfo.com/p/Drew-Ziccardi/-1987110597
['https://www.zoominfo.com/c/awms-water-solutions-llc/5805448', 'https://www.zoominfo.com/c/american-waste-management-services-inc/1159022818', 'https://www.zoominfo.com/p/Drew-Ziccardi/-1987110597']
https://www.zoominfo.com/c/amr-us-inc/356460938
https://www.zoominfo.com/pic/amr-us-inc/356460938
https://www.zoominfo.com/c/american-medical-response-inc/6348431
['https://www.zoominfo.com/c/amr-us-inc/356460938', 'https://www.zoominfo.com/pic/amr-us-inc/356460938', 'https://www.zoominfo.com/c/american-medical-response-inc/6348431']
https://www.zoominfo.com/c/sea-sue-inc/451401185
https://www.neverbounce.com/company/anderson-rubbish-disposal/7491567
https://www.apollo.io/companies/Anderson-Rubbish/54a1a1287468694f8fe33703
https://updowntoday.com/45
['https://www.zoominfo.com/c/sea-sue-inc/451401185', 'NotAvailable', 'NotAvailable']
https://www.zoominfo.com/c/ao-compactors-llc/399209207
https://www.zoominfo.com/pic/ao-compactors-llc/399209207
https://www.zoominfo.com/p/Arwyn-Osburn/-1487174500
['https://www.zoominfo.com/c/ao-compactors-llc/399209207', 'https://www.zoominfo.com/pic/ao-compactors-llc/399209207', 'https://www.zoominfo.com/p/Arwyn-Osburn/-1487174500']
https://www.zoominfo.com/c/aperam-sa/347249585
https://www.zoominfo.com/top-lists/top-10-companies-from-mfg-building-industry-in-LU-by-revenue
https://www.zoominfo.com/pic/aperam-sa/347249585
['https://www.zoominfo.com/c/aperam-sa/347249585', 'https://www.zoominfo.com/top-lists/top-10-companies-from-mfg-building-industry-in-LU-by-revenue', 'https://www.zoominfo.com/pic/aperam-sa/347249585']
https://www.zoominfo.com/c/apex-environmental-services-inc/358375233
https://www.zoominfo.com/c/apex-well-servicing-inc/459268188
https://www.zoominfo.com/pic/apex-environmental-services-inc/358375233
['https://www.zoominfo.com/c/apex-environmental-services-inc/358375233', 'https://www.zoominfo.com/c/apex-well-servicing-inc/459268188', 'https://www.zoominfo.com/pic/apex-environmental-services-inc/358375233']
https://www.zoominfo.com/c/apm-shipping-services-llc/365446966
https://www.zoominfo.com/pic/apm-shipping-services-llc/365446966
https://www.zoominfo.com/p/Michael-Viola/-1262654800
['https://www.zoominfo.com/c/apm-shipping-services-llc/365446966', 'https://www.zoominfo.com/pic/apm-shipping-services-llc/365446966', 'https://www.zoominfo.com/p/Michael-Viola/-1262654800']
https://www.zoominfo.com/c/ash-pallet-management-inc/374309715
https://www.zoominfo.com/pic/ash-pallet-management-inc/374309715
https://www.zoominfo.com/p/Ray-Song/-997599400
['https://www.zoominfo.com/c/ash-pallet-management-inc/374309715', 'https://www.zoominfo.com/pic/ash-pallet-management-inc/374309715', 'https://www.zoominfo.com/p/Ray-Song/-997599400']
https://www.neverbounce.com/company/asotin-county-regional-landfill/348254957
['NotAvailable', 'NotAvailable', 'NotAvailable']
https://www.zoominfo.com/c/athabasca-regional-waste-management-services-commission/397523807
https://www.neverbounce.com/company/athabasca-regional-waste-management-services-commission/397523807
['https://www.zoominfo.com/c/athabasca-regional-waste-management-services-commission/397523807', 'NotAvailable', 'NotAvailable']
'organic'
['NotAvailable', 'NotAvailable', 'NotAvailable']
https://www.zoominfo.com/c/atm-recycling-inc/368180669
https://www.neverbounce.com/company/atm-recycling/368180669
['https://www.zoominfo.com/c/atm-recycling-inc/368180669', 'NotAvailable', 'NotAvailable']
https://www.zoominfo.com/c/atur-trafik-sdn-bhd/463933955
https://www.zoominfo.com/pic/atur-trafik-sdn-bhd/463933955
https://www.zoominfo.com/p/Chin-Keong/1942051676
['https://www.zoominfo.com/c/atur-trafik-sdn-bhd/463933955', 'https://www.zoominfo.com/pic/atur-trafik-sdn-bhd/463933955', 'https://www.zoominfo.com/p/Chin-Keong/1942051676']
https://www.zoominfo.com/c/automated-machine-systems-inc/9390261
https://www.zoominfo.com/c/automated-machine-systems-inc/347706825
https://www.zoominfo.com/pic/automated-machine-systems-inc/9390261
['https://www.zoominfo.com/c/automated-machine-systems-inc/9390261', 'https://www.zoominfo.com/c/automated-machine-systems-inc/347706825', 'https://www.zoominfo.com/pic/automated-machine-systems-inc/9390261']
https://www.zoominfo.com/c/avanti-communications-group-plc/11082892
https://www.zoominfo.com/c/avanti-day-resort/356073636
https://www.zoominfo.com/c/avanti/447693372
['https://www.zoominfo.com/c/avanti-communications-group-plc/11082892', 'https://www.zoominfo.com/c/avanti-day-resort/356073636', 'https://www.zoominfo.com/c/avanti/447693372']
https://www.zoominfo.com/c/avis-global-group-plc/541158157
https://www.zoominfo.com/c/avis-worldwide/357388523
https://www.zoominfo.com/pic/avis-sarl/452825998
['https://www.zoominfo.com/c/avis-global-group-plc/541158157', 'https://www.zoominfo.com/c/avis-worldwide/357388523', 'https://www.zoominfo.com/pic/avis-sarl/452825998']
https://www.zoominfo.com/c/ayd-waste-services-inc/348568647
https://www.zoominfo.com/pic/ayd-waste-services-inc/348568647
https://www.zoominfo.com/p/Cynthia-Soliz/-855578954
['https://www.zoominfo.com/c/ayd-waste-services-inc/348568647', 'https://www.zoominfo.com/pic/ayd-waste-services-inc/348568647', 'https://www.zoominfo.com/p/Cynthia-Soliz/-855578954']
https://www.zoominfo.com/c/b--p-trucking-inc/16961914
https://www.zoominfo.com/pic/b--p-trucking-inc/16961914
https://www.zoominfo.com/p/Gary-Depaolo/168970776
['https://www.zoominfo.com/c/b--p-trucking-inc/16961914', 'https://www.zoominfo.com/pic/b--p-trucking-inc/16961914', 'https://www.zoominfo.com/p/Gary-Depaolo/168970776']
https://www.zoominfo.com/c/reserved-magazine/358658081
https://www.zoominfo.com/pic/reserved-magazine/358658081
https://www.zoominfo.com/p/James-Quinn/-1501221251
['https://www.zoominfo.com/c/reserved-magazine/358658081', 'https://www.zoominfo.com/pic/reserved-magazine/358658081', 'https://www.zoominfo.com/p/James-Quinn/-1501221251']
https://www.zoominfo.com/p/Siarhei-Zhyltsou/8621955903
https://onozyjjsa-d93-ap-v1.manarn.world/
['https://www.zoominfo.com/p/Siarhei-Zhyltsou/8621955903', 'NotAvailable', 'NotAvailable']
https://www.zoominfo.com/c/bcc-waste-solutions-llc/375267389
https://www.neverbounce.com/company/bcc-waste-solutions/375267389
https://lxhsr.farbzination-malerbetrieb.de/post/bcc-waste-solutions-summerdale-al/33660651
https://cituv.411energyexperts.com/post/bcc-services-llc/51178560
https://ryasd.floehchen-oberberg.de/post/bay-counties-waste-services/33199010
['https://www.zoominfo.com/c/bcc-waste-solutions-llc/375267389', 'NotAvailable', 'NotAvailable']
https://www.zoominfo.com/c/bdl-supply/18306272
https://www.zoominfo.com/pic/buckeye-diamond-logistics-inc/565804759
https://www.zoominfo.com/pic/bdl-supply-inc/18306272?pageNum=4
['https://www.zoominfo.com/c/bdl-supply/18306272', 'https://www.zoominfo.com/pic/buckeye-diamond-logistics-inc/565804759', 'https://www.zoominfo.com/pic/bdl-supply-inc/18306272?pageNum=4']
https://www.zoominfo.com/c/beartooth-environmental-inc/11455925
https://www.zoominfo.com/pic/beartooth-environmental-inc/11455925
https://www.zoominfo.com/p/Scott-Jorgenson/722525293
['https://www.zoominfo.com/c/beartooth-environmental-inc/11455925', 'https://www.zoominfo.com/pic/beartooth-environmental-inc/11455925', 'https://www.zoominfo.com/p/Scott-Jorgenson/722525293']
https://www.zoominfo.com/c/beaver-municipal-solutions/1127735321
https://www.zoominfo.com/c/beaver-county/7754726
https://www.zoominfo.com/c/claystone-waste-ltd/11520880
['https://www.zoominfo.com/c/beaver-municipal-solutions/1127735321', 'https://www.zoominfo.com/c/beaver-county/7754726', 'https://www.zoominfo.com/c/claystone-waste-ltd/11520880']
https://www.zoominfo.com/companies-search/location-usa--west-virginia-industry-waste-treatment-environmental-services-recycling?pageNum=3
https://9j99n.las4rano.pl/
https://fitness.flexybox.com/foreverfit/ViewSwitcher/SwitchView?mobile=True&returnUrl=//bamratitilnisi.ml/72aWRlexybox651
['https://www.zoominfo.com/companies-search/location-usa--west-virginia-industry-waste-treatment-environmental-services-recycling?pageNum=3', 'NotAvailable', 'NotAvailable']
https://www.zoominfo.com/c/bee-green-recycling-supply-llc/412280414
https://www.zoominfo.com/c/bee-green/353152224
https://www.zoominfo.com/c/bee-green/411430310
['https://www.zoominfo.com/c/bee-green-recycling-supply-llc/412280414', 'https://www.zoominfo.com/c/bee-green/353152224', 'https://www.zoominfo.com/c/bee-green/411430310']
https://www.zoominfo.com/c/beichner-waste-services-inc/368719173
https://www.zoominfo.com/p/Lori-Zandrowicz/-1605842953
https://www.zoominfo.com/c/garbage-pros-waste-services/481071913
['https://www.zoominfo.com/c/beichner-waste-services-inc/368719173', 'https://www.zoominfo.com/p/Lori-Zandrowicz/-1605842953', 'https://www.zoominfo.com/c/garbage-pros-waste-services/481071913']
https://www.zoominfo.com/c/blue-inc/441532522
https://www.apollo.io/companies/RVM-B-V-/5a9e4aa8a6da98d966448566
['https://www.zoominfo.com/c/blue-inc/441532522', 'NotAvailable', 'NotAvailable']
https://www.zoominfo.com/c/berea-metals-recycling/409825775
https://www.zoominfo.com/pic/berea-metals-recycling/409825775
https://www.zoominfo.com/c/american-metal-recycling-services-inc/346285833
['https://www.zoominfo.com/c/berea-metals-recycling/409825775', 'https://www.zoominfo.com/pic/berea-metals-recycling/409825775', 'https://www.zoominfo.com/c/american-metal-recycling-services-inc/346285833']
https://www.zoominfo.com/c/berry-industrial-group-inc/13293257
https://www.zoominfo.com/pic/berry-industrial-group-inc/13293257
https://www.zoominfo.com/p/Debra-Berry/-1486874016
['https://www.zoominfo.com/c/berry-industrial-group-inc/13293257', 'https://www.zoominfo.com/pic/berry-industrial-group-inc/13293257', 'https://www.zoominfo.com/p/Debra-Berry/-1486874016']
https://www.zoominfo.com/c/besco-electrical/347292552
https://www.zoominfo.com/pic/besco-electrical/347292552
https://www.zoominfo.com/p/Samuel-Good/-1310205367
['https://www.zoominfo.com/c/besco-electrical/347292552', 'https://www.zoominfo.com/pic/besco-electrical/347292552', 'https://www.zoominfo.com/p/Samuel-Good/-1310205367']
https://www.zoominfo.com/c/bestway-carting-inc/353961109
['https://www.zoominfo.com/c/bestway-carting-inc/353961109', 'NotAvailable', 'NotAvailable']
https://www.zoominfo.com/c/bfi/371166293
https://www.zoominfo.com/c/british-film-institute/16780454
https://www.zoominfo.com/c/bfi-inc/551561929
['https://www.zoominfo.com/c/bfi/371166293', 'https://www.zoominfo.com/c/british-film-institute/16780454', 'https://www.zoominfo.com/c/bfi-inc/551561929']
https://www.zoominfo.com/c/bio--med-llc/356753302
https://www.neverbounce.com/company/bio--med/356753302
https://www.apollo.io/companies/Bio-MED-Medical-Waste-Transporters/556dbd1073696411fdf87201
https://ryasd.floehchen-oberberg.de/post/advowaste-medical-services/32996461
https://www.arounddeal.com/profile/biomed-schaeffer/c7czporneo
['https://www.zoominfo.com/c/bio--med-llc/356753302', 'NotAvailable', 'NotAvailable']
https://www.zoominfo.com/c/bioferm-energy-systems/355789476
https://www.zoominfo.com/pic/bioferm-energy-systems/355789476
https://www.zoominfo.com/p/Yang-Wang/-1680939007
['https://www.zoominfo.com/c/bioferm-energy-systems/355789476', 'https://www.zoominfo.com/pic/bioferm-energy-systems/355789476', 'https://www.zoominfo.com/p/Yang-Wang/-1680939007']
https://www.zoominfo.com/c/bioforcetech/368251097
https://www.ampliz.com/company/bioforcetech-corporation/89827611
https://www.apollo.io/companies/Bioforcetech-Corporation/556dc5017369641202ad9b01
https://www.neverbounce.com/company/bioforcetech/368251097
https://app.lead411.com/Devin_Fergus_35341189.html
['https://www.zoominfo.com/c/bioforcetech/368251097', 'NotAvailable', 'NotAvailable']
https://www.zoominfo.com/c/biosan-disposal-llc/369805123
https://www.zoominfo.com/pic/biosan-disposal-llc/369805123
https://www.zoominfo.com/c/medical-waste-of-america-llc/356165308
['https://www.zoominfo.com/c/biosan-disposal-llc/369805123', 'https://www.zoominfo.com/pic/biosan-disposal-llc/369805123', 'https://www.zoominfo.com/c/medical-waste-of-america-llc/356165308']
https://www.zoominfo.com/c/birdsall-co/9389759
https://www.zoominfo.com/c/wa-birdsall/410801955
https://www.zoominfo.com/c/birdsall-services-ltd/17175323
['https://www.zoominfo.com/c/birdsall-co/9389759', 'https://www.zoominfo.com/c/wa-birdsall/410801955', 'https://www.zoominfo.com/c/birdsall-services-ltd/17175323']
https://www.zoominfo.com/c/birdsong-enterprises-inc/1265616473
https://www.neverbounce.com/company/birdsongs-enterprises/409139531
['https://www.zoominfo.com/c/birdsong-enterprises-inc/1265616473', 'NotAvailable', 'NotAvailable']
https://www.zoominfo.com/c/bm-metals-ltd/441324226
https://www.zoominfo.com/c/bm-metals/461747669
https://www.zoominfo.com/p/Shayne-Smith/1200855072
['https://www.zoominfo.com/c/bm-metals-ltd/441324226', 'https://www.zoominfo.com/c/bm-metals/461747669', 'https://www.zoominfo.com/p/Shayne-Smith/1200855072']
https://www.zoominfo.com/c/bos-pallets-inc/30396746
https://www.zoominfo.com/pic/bos-pallets-inc/30396746
https://www.zoominfo.com/p/Dusty-Roberts/-2087103340
['https://www.zoominfo.com/c/bos-pallets-inc/30396746', 'https://www.zoominfo.com/pic/bos-pallets-inc/30396746', 'https://www.zoominfo.com/p/Dusty-Roberts/-2087103340']
https://www.zoominfo.com/c/boyas-excavating/7226075
['https://www.zoominfo.com/c/boyas-excavating/7226075', 'NotAvailable', 'NotAvailable']
https://www.zoominfo.com/c/bunting-disposal-inc/371617022
https://www.zoominfo.com/pic/bunting-disposal-inc/371617022
https://www.zoominfo.com/c/davis-disposal-inc/354020902
['https://www.zoominfo.com/c/bunting-disposal-inc/371617022', 'https://www.zoominfo.com/pic/bunting-disposal-inc/371617022', 'https://www.zoominfo.com/c/davis-disposal-inc/354020902']
https://www.zoominfo.com/c/c-k-industrial-services-inc/25693916
https://www.zoominfo.com/pic/c-k-industrial-services-inc/25693916
https://www.zoominfo.com/p/Scott-Dean/-1679534771
['https://www.zoominfo.com/c/c-k-industrial-services-inc/25693916', 'https://www.zoominfo.com/pic/c-k-industrial-services-inc/25693916', 'https://www.zoominfo.com/p/Scott-Dean/-1679534771']
https://www.zoominfo.com/p/Curtis-Perkins/370360803
['https://www.zoominfo.com/p/Curtis-Perkins/370360803', 'NotAvailable', 'NotAvailable']
https://www.zoominfo.com/c/cal-west-environmental-inc/346839991
['https://www.zoominfo.com/c/cal-west-environmental-inc/346839991', 'NotAvailable', 'NotAvailable']
https://www.zoominfo.com/c/calco-pallet/356351271
https://www.zoominfo.com/pic/calco-pallet/356351271
https://www.zoominfo.com/p/Matt-Calhoun/-1888148160
['https://www.zoominfo.com/c/calco-pallet/356351271', 'https://www.zoominfo.com/pic/calco-pallet/356351271', 'https://www.zoominfo.com/p/Matt-Calhoun/-1888148160']
https://www.zoominfo.com/c/california-environmental-company-inc/371607794
https://www.zoominfo.com/c/california-environmental-testing-llc/410347709
https://www.zoominfo.com/c/cal-environmental-technology-inc/538154169
['https://www.zoominfo.com/c/california-environmental-company-inc/371607794', 'https://www.zoominfo.com/c/california-environmental-testing-llc/410347709', 'https://www.zoominfo.com/c/cal-environmental-technology-inc/538154169']
https://www.zoominfo.com/c/california-pallets-inc/442857643
https://www.zoominfo.com/pic/california-pallets-inc/442857643
https://www.zoominfo.com/p/Erik-Schultz/-915313763
['https://www.zoominfo.com/c/california-pallets-inc/442857643', 'https://www.zoominfo.com/pic/california-pallets-inc/442857643', 'https://www.zoominfo.com/p/Erik-Schultz/-915313763']
