https://www.zoominfo.com/c/caravan-facilities-management-llc/356492325
https://www.zoominfo.com/pic/caravan-facilities-management-llc/356492325
https://www.zoominfo.com/p/Nick-Trounson/-1490631667
['https://www.zoominfo.com/c/caravan-facilities-management-llc/356492325', 'https://www.zoominfo.com/pic/caravan-facilities-management-llc/356492325', 'https://www.zoominfo.com/p/Nick-Trounson/-1490631667']
https://www.zoominfo.com/c/budget-dumpster-llc/348004438
https://www.zoominfo.com/c/budget-dumpster/537104197
https://www.zoominfo.com/pic/budget-dumpster-llc/348004438
['https://www.zoominfo.com/c/budget-dumpster-llc/348004438', 'https://www.zoominfo.com/c/budget-dumpster/537104197', 'https://www.zoominfo.com/pic/budget-dumpster-llc/348004438']
'organic'
['NotAvailable', 'NotAvailable', 'NotAvailable']
https://www.zoominfo.com/c/bob-drayton-inc/345458422
https://www.zoominfo.com/c/bobs-discount-furniture-llc/14257329
https://www.zoominfo.com/c/mr-bob/410373410
['https://www.zoominfo.com/c/bob-drayton-inc/345458422', 'https://www.zoominfo.com/c/bobs-discount-furniture-llc/14257329', 'https://www.zoominfo.com/c/mr-bob/410373410']
https://www.zoominfo.com/c/industrial-ecosystems-inc/19104556
https://www.zoominfo.com/pic/industrial-ecosystems-inc/19104556
https://www.zoominfo.com/p/Betty-Pruden/5880689427
['https://www.zoominfo.com/c/industrial-ecosystems-inc/19104556', 'https://www.zoominfo.com/pic/industrial-ecosystems-inc/19104556', 'https://www.zoominfo.com/p/Betty-Pruden/5880689427']
https://www.zoominfo.com/c/central-ohio-oil-inc/16337059
https://www.zoominfo.com/pic/central-ohio-oil-inc/16337059
https://www.zoominfo.com/p/Scott-Snedegar/1162350455
['https://www.zoominfo.com/c/central-ohio-oil-inc/16337059', 'https://www.zoominfo.com/pic/central-ohio-oil-inc/16337059', 'https://www.zoominfo.com/p/Scott-Snedegar/1162350455']
https://www.zoominfo.com/c/goldie-associates-inc/50925151
https://www.zoominfo.com/c/goldie-associates/1154382337
https://www.zoominfo.com/pic/goldie-associates-inc/50925151
['https://www.zoominfo.com/c/goldie-associates-inc/50925151', 'https://www.zoominfo.com/c/goldie-associates/1154382337', 'https://www.zoominfo.com/pic/goldie-associates-inc/50925151']
https://www.zoominfo.com/c/hm-environmental-services-inc/344389329
https://www.zoominfo.com/pic/hm-environmental-services-inc/344389329
https://www.zoominfo.com/p/Bob-Mackinder/-2096345323
['https://www.zoominfo.com/c/hm-environmental-services-inc/344389329', 'https://www.zoominfo.com/pic/hm-environmental-services-inc/344389329', 'https://www.zoominfo.com/p/Bob-Mackinder/-2096345323']
https://www.zoominfo.com/c/grove-scientific-engineering-company/49678849
https://www.zoominfo.com/pic/grove-scientific-engineering-company/49678849
https://www.zoominfo.com/p/Dan-Sterling/-2010089459
['https://www.zoominfo.com/c/grove-scientific-engineering-company/49678849', 'https://www.zoominfo.com/pic/grove-scientific-engineering-company/49678849', 'https://www.zoominfo.com/p/Dan-Sterling/-2010089459']
https://www.zoominfo.com/c/hanna-paper-recycling-inc/127714666
https://www.zoominfo.com/pic/hanna-paper-recycling-inc/127714666
https://www.zoominfo.com/p/Michelle-Champagne/-1938184346
['https://www.zoominfo.com/c/hanna-paper-recycling-inc/127714666', 'https://www.zoominfo.com/pic/hanna-paper-recycling-inc/127714666', 'https://www.zoominfo.com/p/Michelle-Champagne/-1938184346']
https://www.zoominfo.com/p/Fabienne-Gueissaz/-1353275277
https://www.neverbounce.com/company/olympic-valley-public-service-district/164085944
['https://www.zoominfo.com/p/Fabienne-Gueissaz/-1353275277', 'NotAvailable', 'NotAvailable']
https://www.zoominfo.com/c/payne-companies/472563602
https://www.zoominfo.com/c/payne-environmental-llc/82103547
https://www.zoominfo.com/c/payne/437156988
['https://www.zoominfo.com/c/payne-companies/472563602', 'https://www.zoominfo.com/c/payne-environmental-llc/82103547', 'https://www.zoominfo.com/c/payne/437156988']
https://www.zoominfo.com/c/reterro-inc/357425044
https://www.zoominfo.com/pic/reterro-inc/357425044
https://www.zoominfo.com/c/environmental-workshops-llc/368837578
['https://www.zoominfo.com/c/reterro-inc/357425044', 'https://www.zoominfo.com/pic/reterro-inc/357425044', 'https://www.zoominfo.com/c/environmental-workshops-llc/368837578']
https://www.zoominfo.com/c/construction-waste/352615117
https://www.zoominfo.com/pic/construction-waste/352615117
https://www.zoominfo.com/c/cw-electrical-services-inc/359198931
['https://www.zoominfo.com/c/construction-waste/352615117', 'https://www.zoominfo.com/pic/construction-waste/352615117', 'https://www.zoominfo.com/c/cw-electrical-services-inc/359198931']
https://www.zoominfo.com/c/gemchem-inc/30574624
https://www.zoominfo.com/pic/gemchem-inc/30574624
https://www.zoominfo.com/p/Chris-Miller/-1908716476
['https://www.zoominfo.com/c/gemchem-inc/30574624', 'https://www.zoominfo.com/pic/gemchem-inc/30574624', 'https://www.zoominfo.com/p/Chris-Miller/-1908716476']
https://www.zoominfo.com/c/walters-recycling-refuse-inc/54559311
https://www.zoominfo.com/pic/walters-recycling-refuse-inc/54559311
https://www.zoominfo.com/c/recycling-llc/359031250
['https://www.zoominfo.com/c/walters-recycling-refuse-inc/54559311', 'https://www.zoominfo.com/pic/walters-recycling-refuse-inc/54559311', 'https://www.zoominfo.com/c/recycling-llc/359031250']
https://www.zoominfo.com/c/terra-residential-services-inc/149815416
https://www.zoominfo.com/c/viterra-energy-services-inc/1306670917
https://www.zoominfo.com/p/Beverly-Teague/-1486312866
['https://www.zoominfo.com/c/terra-residential-services-inc/149815416', 'https://www.zoominfo.com/c/viterra-energy-services-inc/1306670917', 'https://www.zoominfo.com/p/Beverly-Teague/-1486312866']
https://www.zoominfo.com/c/specialty-processing-llc/363076255
https://www.zoominfo.com/pic/specialty-processing-llc/363076255
https://www.zoominfo.com/c/specialty-process-equipment-inc/356557389
['https://www.zoominfo.com/c/specialty-processing-llc/363076255', 'https://www.zoominfo.com/pic/specialty-processing-llc/363076255', 'https://www.zoominfo.com/c/specialty-process-equipment-inc/356557389']
https://www.zoominfo.com/c/lamp-recyclers-inc/475746361
https://www.zoominfo.com/p/Laura-Gomm/-1528465973
https://www.zoominfo.com/p/Mat-Hedden/-1299307583
['https://www.zoominfo.com/c/lamp-recyclers-inc/475746361', 'https://www.zoominfo.com/p/Laura-Gomm/-1528465973', 'https://www.zoominfo.com/p/Mat-Hedden/-1299307583']
https://www.zoominfo.com/c/waste-industries-llc/353922853
https://www.zoominfo.com/pic/waste-industries-llc/353922853
https://www.zoominfo.com/c/us-waste-industries-inc/204881948
['https://www.zoominfo.com/c/waste-industries-llc/353922853', 'https://www.zoominfo.com/pic/waste-industries-llc/353922853', 'https://www.zoominfo.com/c/us-waste-industries-inc/204881948']
https://www.zoominfo.com/c/ice-services-inc/345930229
https://www.zoominfo.com/pic/ice-services-inc/345930229
https://www.zoominfo.com/c/ice-services/386787442
['https://www.zoominfo.com/c/ice-services-inc/345930229', 'https://www.zoominfo.com/pic/ice-services-inc/345930229', 'https://www.zoominfo.com/c/ice-services/386787442']
https://www.zoominfo.com/c/hill-services-inc/55478476
https://www.zoominfo.com/pic/hill-services-inc/55478476
https://www.zoominfo.com/p/John-Wessinger/-2042735893
['https://www.zoominfo.com/c/hill-services-inc/55478476', 'https://www.zoominfo.com/pic/hill-services-inc/55478476', 'https://www.zoominfo.com/p/John-Wessinger/-2042735893']
https://www.zoominfo.com/c/one-call-cleanout/359142027
https://www.neverbounce.com/company/one-call-clean-out/359142027
https://www.idcrawl.com/george-ferrera
['https://www.zoominfo.com/c/one-call-cleanout/359142027', 'NotAvailable', 'NotAvailable']
https://www.zoominfo.com/p/Sandy-Brenenstuhl/-1464379389
https://www.apollo.io/companies/AWES-Inc-/5b84c48e324d44726d2c1e7a
https://www.neverbounce.com/company/awes/356923567
['https://www.zoominfo.com/p/Sandy-Brenenstuhl/-1464379389', 'NotAvailable', 'NotAvailable']
https://www.zoominfo.com/c/environmental-services-of-north-america-inc/47992399
https://www.neverbounce.com/company/environmental-services-of-north-america/47992399
https://www.idcrawl.com/april-battle
['https://www.zoominfo.com/c/environmental-services-of-north-america-inc/47992399', 'NotAvailable', 'NotAvailable']
https://www.zoominfo.com/c/the-scoop-pet-waste-management/410309374
https://www.neverbounce.com/company/the-scoop-pet-waste-management/410309374
['https://www.zoominfo.com/c/the-scoop-pet-waste-management/410309374', 'NotAvailable', 'NotAvailable']
https://www.zoominfo.com/c/nssi-recovery-services-inc/74646169
https://www.zoominfo.com/pic/nssi-recovery-services-inc/74646169
https://www.zoominfo.com/p/Kimberly-Page/-1660359936
['https://www.zoominfo.com/c/nssi-recovery-services-inc/74646169', 'https://www.zoominfo.com/pic/nssi-recovery-services-inc/74646169', 'https://www.zoominfo.com/p/Kimberly-Page/-1660359936']
https://www.zoominfo.com/c/veteran-waste-solutions-inc/344925149
https://www.neverbounce.com/company/veteran-waste-solutions/344925149
https://www.startupwebsolutions.com.au/v-headquarters/veteran-waste-solutions-headquarters.html
['https://www.zoominfo.com/c/veteran-waste-solutions-inc/344925149', 'NotAvailable', 'NotAvailable']
https://www.zoominfo.com/c/rhino-removal/472265731
https://www.zoominfo.com/pic/rhino-removal/472265731
https://www.zoominfo.com/p/Candice-Rhode/5060066113
['https://www.zoominfo.com/c/rhino-removal/472265731', 'https://www.zoominfo.com/pic/rhino-removal/472265731', 'https://www.zoominfo.com/p/Candice-Rhode/5060066113']
https://www.zoominfo.com/c/resource-management-inc/345052435
https://www.zoominfo.com/pic/resource-management-inc/345052435
https://www.zoominfo.com/p/Martin-Riehs/1675281084
['https://www.zoominfo.com/c/resource-management-inc/345052435', 'https://www.zoominfo.com/pic/resource-management-inc/345052435', 'https://www.zoominfo.com/p/Martin-Riehs/1675281084']
https://www.zoominfo.com/c/emispec/94161329
https://www.zoominfo.com/pic/emispec/94161329
https://www.zoominfo.com/p/Ken-Skinner/-1499331843
['https://www.zoominfo.com/c/emispec/94161329', 'https://www.zoominfo.com/pic/emispec/94161329', 'https://www.zoominfo.com/p/Ken-Skinner/-1499331843']
https://www.zoominfo.com/c/inter--rail-systems/52103654
https://www.zoominfo.com/pic/inter--rail-systems/52103654
https://www.zoominfo.com/p/Will-Kester/-1468535100
['https://www.zoominfo.com/c/inter--rail-systems/52103654', 'https://www.zoominfo.com/pic/inter--rail-systems/52103654', 'https://www.zoominfo.com/p/Will-Kester/-1468535100']
https://www.zoominfo.com/c/dumpsters-r-us-inc/354049835
https://www.ampliz.com/company/dumpsters-r-us-inc/81935420
https://www.neverbounce.com/company/dumpsters-r-us/354049835
https://www.apollo.io/companies/Dumpsters-R-Us--Inc/54a19e7a74686942d3696302
https://www.linkedin.com/pub/dir/+/Sanborn./us-7-Greater-Boston-Area
['https://www.zoominfo.com/c/dumpsters-r-us-inc/354049835', 'NotAvailable', 'NotAvailable']
https://www.zoominfo.com/c/siemens-water-technologies/1258220784
https://www.zoominfo.com/c/siemens-water-technology/1249325921
https://www.zoominfo.com/c/siemens-water-technologies-and-engineering-tianjin-co-ltd/347707246
['https://www.zoominfo.com/c/siemens-water-technologies/1258220784', 'https://www.zoominfo.com/c/siemens-water-technology/1249325921', 'https://www.zoominfo.com/c/siemens-water-technologies-and-engineering-tianjin-co-ltd/347707246']
https://www.zoominfo.com/p/Kevin-Sabo/-2082236218
['https://www.zoominfo.com/p/Kevin-Sabo/-2082236218', 'NotAvailable', 'NotAvailable']
https://www.apollo.io/companies/CJ-s-Trash-Service/59e567e1a6da98e95ea4b48f
['NotAvailable', 'NotAvailable', 'NotAvailable']
https://www.zoominfo.com/c/proservices-corp/92635640
https://www.zoominfo.com/c/psc-inc/31556304
https://www.zoominfo.com/c/republic-environmental-systems/410770509
['https://www.zoominfo.com/c/proservices-corp/92635640', 'https://www.zoominfo.com/c/psc-inc/31556304', 'https://www.zoominfo.com/c/republic-environmental-systems/410770509']
https://www.zoominfo.com/c/herr-inc/358936095
https://www.zoominfo.com/pic/herr-inc/358936095
https://www.zoominfo.com/p/Ryan-Cox/-1294240189
['https://www.zoominfo.com/c/herr-inc/358936095', 'https://www.zoominfo.com/pic/herr-inc/358936095', 'https://www.zoominfo.com/p/Ryan-Cox/-1294240189']
https://www.zoominfo.com/c/weavers-sanitation-service-inc/359446979
https://www.neverbounce.com/company/weavers-sanitation-service/359446979
https://www.idcrawl.com/mary-beegle
['https://www.zoominfo.com/c/weavers-sanitation-service-inc/359446979', 'NotAvailable', 'NotAvailable']
https://www.zoominfo.com/c/first-alliance-logistics-management/36325991
https://www.zoominfo.com/c/falm-systems-llc/447723960
https://www.zoominfo.com/pic/first-alliance-logistics-management-llc/36325991
['https://www.zoominfo.com/c/first-alliance-logistics-management/36325991', 'https://www.zoominfo.com/c/falm-systems-llc/447723960', 'https://www.zoominfo.com/pic/first-alliance-logistics-management-llc/36325991']
https://www.zoominfo.com/c/greenfield-environmental-trust-group-inc/46353727
https://www.zoominfo.com/c/greenfield-environmental-inc/16728655
https://www.zoominfo.com/c/greenfield-environmental-inc/346091737
['https://www.zoominfo.com/c/greenfield-environmental-trust-group-inc/46353727', 'https://www.zoominfo.com/c/greenfield-environmental-inc/16728655', 'https://www.zoominfo.com/c/greenfield-environmental-inc/346091737']
https://www.zoominfo.com/c/res-inc/357702561
https://www.neverbounce.com/company/resourceful-environmental-services/357702561
['https://www.zoominfo.com/c/res-inc/357702561', 'NotAvailable', 'NotAvailable']
https://www.zoominfo.com/c/cwd-ltd/358581093
https://www.zoominfo.com/c/cwd-group-inc/10256952
https://www.zoominfo.com/c/cwd-group/434190172
['https://www.zoominfo.com/c/cwd-ltd/358581093', 'https://www.zoominfo.com/c/cwd-group-inc/10256952', 'https://www.zoominfo.com/c/cwd-group/434190172']
https://www.zoominfo.com/c/greenline-environmental-solutions-llc/363792799
https://www.zoominfo.com/pic/greenline-environmental-solutions-llc/363792799
https://www.zoominfo.com/p/Dan-Sullivan/-1460391235
['https://www.zoominfo.com/c/greenline-environmental-solutions-llc/363792799', 'https://www.zoominfo.com/pic/greenline-environmental-solutions-llc/363792799', 'https://www.zoominfo.com/p/Dan-Sullivan/-1460391235']
'organic'
['NotAvailable', 'NotAvailable', 'NotAvailable']
https://www.zoominfo.com/c/collective-resource-inc/374895578
https://www.zoominfo.com/pic/collective-resource-inc/374895578
https://www.zoominfo.com/p/Mary-beth-Schaye/-1512985118
['https://www.zoominfo.com/c/collective-resource-inc/374895578', 'https://www.zoominfo.com/pic/collective-resource-inc/374895578', 'https://www.zoominfo.com/p/Mary-beth-Schaye/-1512985118']
https://www.zoominfo.com/c/norcal-waste-systems-hay-road-landfill-inc/353310957
https://www.zoominfo.com/c/norcal-waste-equipment-co-inc/370983898
https://www.zoominfo.com/pic/norcal-waste-systems-inc/81921719
['https://www.zoominfo.com/c/norcal-waste-systems-hay-road-landfill-inc/353310957', 'https://www.zoominfo.com/c/norcal-waste-equipment-co-inc/370983898', 'https://www.zoominfo.com/pic/norcal-waste-systems-inc/81921719']
https://www.zoominfo.com/p/Brad-Joseph/1197718977
['https://www.zoominfo.com/p/Brad-Joseph/1197718977', 'NotAvailable', 'NotAvailable']
https://www.zoominfo.com/c/alpco-recycling-inc/2196983
https://www.zoominfo.com/pic/alpco-recycling-inc/2196983
https://www.zoominfo.com/p/Tyler-Hickman/-1247994246
['https://www.zoominfo.com/c/alpco-recycling-inc/2196983', 'https://www.zoominfo.com/pic/alpco-recycling-inc/2196983', 'https://www.zoominfo.com/p/Tyler-Hickman/-1247994246']
https://www.zoominfo.com/c/biomed-dispose--it-ltd/358483141
https://www.zoominfo.com/pic/biomed-dispose--it-ltd/358483141
https://www.zoominfo.com/p/Bernie-Kooner/-1293068274
['https://www.zoominfo.com/c/biomed-dispose--it-ltd/358483141', 'https://www.zoominfo.com/pic/biomed-dispose--it-ltd/358483141', 'https://www.zoominfo.com/p/Bernie-Kooner/-1293068274']
https://www.zoominfo.com/c/the-peregrine/355996227
https://www.zoominfo.com/pic/the-peregrine-company/355996227
https://www.zoominfo.com/c/peregrine/537677641
['https://www.zoominfo.com/c/the-peregrine/355996227', 'https://www.zoominfo.com/pic/the-peregrine-company/355996227', 'https://www.zoominfo.com/c/peregrine/537677641']
https://www.zoominfo.com/c/sanitary-service-company-inc/33817681
https://www.neverbounce.com/company/sanitary-service/33817681
https://timesofindia.indiatimes.com/business/india-business/zoominfo-opens-first-india-office-in-chennai/articleshow/90568825.cms
https://insent.ai/terms-of-service
https://lensa.com/account-manager-mid-market-jobs/bethesda/jd/ac0aa7d7bc45a9e447e106d046cbb911
['https://www.zoominfo.com/c/sanitary-service-company-inc/33817681', 'https://timesofindia.indiatimes.com/business/india-business/zoominfo-opens-first-india-office-in-chennai/articleshow/90568825.cms', 'NotAvailable']
https://www.zoominfo.com/c/oncore-technology/354575393
https://www.zoominfo.com/c/oncore-usa/352270974
https://www.zoominfo.com/pic/oncore-technology/354575393
['https://www.zoominfo.com/c/oncore-technology/354575393', 'https://www.zoominfo.com/c/oncore-usa/352270974', 'https://www.zoominfo.com/pic/oncore-technology/354575393']
https://www.zoominfo.com/c/swt-engineering-inc/347484266
https://www.zoominfo.com/pic/swt-engineering-inc/347484266
https://www.zoominfo.com/p/Richard-Genzel/-1760825420
['https://www.zoominfo.com/c/swt-engineering-inc/347484266', 'https://www.zoominfo.com/pic/swt-engineering-inc/347484266', 'https://www.zoominfo.com/p/Richard-Genzel/-1760825420']
https://www.zoominfo.com/c/elle-waterworks-supply-llc/358803183
https://www.neverbounce.com/company/elle-woodworking/372980693
https://www.idcrawl.com/courtney-myrick
['https://www.zoominfo.com/c/elle-waterworks-supply-llc/358803183', 'NotAvailable', 'NotAvailable']
https://www.zoominfo.com/c/town-country-disposal/558944994
['https://www.zoominfo.com/c/town-country-disposal/558944994', 'NotAvailable', 'NotAvailable']
https://www.zoominfo.com/c/interstate-waste-services-inc/31575448
https://www.neverbounce.com/company/mid-bronx-haulage/358571701
https://www.apollo.io/companies/Mid-Bronx-Haulage-Corp/55f68a32f3e5bb18db011806
https://app.ediscoveryassistant.com/case_law/44555-n-am-photon-infotech-v-zoominfo-llc
https://casetext.com/case/raymond-v-mid-bronx-haulage-corp
['https://www.zoominfo.com/c/interstate-waste-services-inc/31575448', 'https://app.ediscoveryassistant.com/case_law/44555-n-am-photon-infotech-v-zoominfo-llc', 'NotAvailable']
https://www.zoominfo.com/c/illini-recycling/359654790
https://www.zoominfo.com/c/garbage-disposal/457177572
https://www.zoominfo.com/c/eco-recycling-inc/363236663
['https://www.zoominfo.com/c/illini-recycling/359654790', 'https://www.zoominfo.com/c/garbage-disposal/457177572', 'https://www.zoominfo.com/c/eco-recycling-inc/363236663']
https://www.zoominfo.com/c/earthwatch-waste-systems-inc/38258999
https://www.zoominfo.com/pic/earthwatch-waste-systems-inc/38258999
https://www.zoominfo.com/p/Frank-Zawodzinski/1773286031
['https://www.zoominfo.com/c/earthwatch-waste-systems-inc/38258999', 'https://www.zoominfo.com/pic/earthwatch-waste-systems-inc/38258999', 'https://www.zoominfo.com/p/Frank-Zawodzinski/1773286031']
https://www.zoominfo.com/c/onyx-waste-services-inc/88212070
https://www.zoominfo.com/c/onyx-waste-services/1119275165
https://www.zoominfo.com/c/onyx-waste-services-of-fl/1261141630
['https://www.zoominfo.com/c/onyx-waste-services-inc/88212070', 'https://www.zoominfo.com/c/onyx-waste-services/1119275165', 'https://www.zoominfo.com/c/onyx-waste-services-of-fl/1261141630']
https://www.zoominfo.com/c/arrow-sanitary-service/7589623
https://www.apollo.io/companies/Arrow-Sanitary-Service/59bb9fc8a6da98dbb13a1f5c
https://www.neverbounce.com/company/arrow-sanitary-service/7589623
https://divmpwo.porfinloencontre.com/post/arrow-sanitary-estacada/47900617
https://fwsvw.bhems.com/post/johnell-bell-espousal-strategies/60464750
['https://www.zoominfo.com/c/arrow-sanitary-service/7589623', 'NotAvailable', 'NotAvailable']
https://www.zoominfo.com/c/elko-sanitation/558944991
https://www.zoominfo.com/c/wemiga-waste-inc/467331697
https://www.zoominfo.com/c/prime-sanitation/448231644
['https://www.zoominfo.com/c/elko-sanitation/558944991', 'https://www.zoominfo.com/c/wemiga-waste-inc/467331697', 'https://www.zoominfo.com/c/prime-sanitation/448231644']
https://www.zoominfo.com/c/vesta-healthcare/482858369
https://www.zoominfo.com/pic/vesta-healthcare/482858369
https://www.zoominfo.com/c/vesta--hcp/353335529
['https://www.zoominfo.com/c/vesta-healthcare/482858369', 'https://www.zoominfo.com/pic/vesta-healthcare/482858369', 'https://www.zoominfo.com/c/vesta--hcp/353335529']
https://www.zoominfo.com/c/recycle-away-llc/354643392
https://www.zoominfo.com/pic/recycle-away-llc/354643392
https://www.zoominfo.com/c/recyclingbincom-llc/117408086
['https://www.zoominfo.com/c/recycle-away-llc/354643392', 'https://www.zoominfo.com/pic/recycle-away-llc/354643392', 'https://www.zoominfo.com/c/recyclingbincom-llc/117408086']
https://www.zoominfo.com/c/neie-medical-waste-services-llc/369211074
https://www.neverbounce.com/company/neie-medical-waste-services/196461315
https://www.apollo.io/companies/NEIE-MEDICAL-WASTE-SERVICES-LLC/5a9f0721a6da98d98c71a48c
['https://www.zoominfo.com/c/neie-medical-waste-services-llc/369211074', 'NotAvailable', 'NotAvailable']
https://www.zoominfo.com/c/acms-group-inc/351142898
https://www.zoominfo.com/pic/acms-group-inc/351142898
https://www.zoominfo.com/p/Richard-Soohey/-1870642110
['https://www.zoominfo.com/c/acms-group-inc/351142898', 'https://www.zoominfo.com/pic/acms-group-inc/351142898', 'https://www.zoominfo.com/p/Richard-Soohey/-1870642110']
https://www.zoominfo.com/c/aaa-carting/357606447
https://www.zoominfo.com/pic/aaa-carting/357606447
https://www.zoominfo.com/p/Pat-Cartalemi/-1607272510
['https://www.zoominfo.com/c/aaa-carting/357606447', 'https://www.zoominfo.com/pic/aaa-carting/357606447', 'https://www.zoominfo.com/p/Pat-Cartalemi/-1607272510']
https://www.zoominfo.com/c/prime-environmental-inc/97125701
https://www.zoominfo.com/c/prime-environmental/467286516
https://www.zoominfo.com/c/prime-environmental-services-inc/97126525
['https://www.zoominfo.com/c/prime-environmental-inc/97125701', 'https://www.zoominfo.com/c/prime-environmental/467286516', 'https://www.zoominfo.com/c/prime-environmental-services-inc/97126525']
https://www.zoominfo.com/c/newalta/1248498073
https://www.zoominfo.com/c/recycle-systems/100582040
https://www.zoominfo.com/p/Jason-Margo/-967907528
['https://www.zoominfo.com/c/newalta/1248498073', 'https://www.zoominfo.com/c/recycle-systems/100582040', 'https://www.zoominfo.com/p/Jason-Margo/-967907528']
https://www.zoominfo.com/c/oxus/372513418
https://www.zoominfo.com/companies-search/location-kazakhstan-industry-venture-capital-private-equity
https://www.zoominfo.com/c/borealis-ag/5243125
['https://www.zoominfo.com/c/oxus/372513418', 'https://www.zoominfo.com/companies-search/location-kazakhstan-industry-venture-capital-private-equity', 'https://www.zoominfo.com/c/borealis-ag/5243125']
https://www.zoominfo.com/c/zero-waste-co/356745260
https://www.zoominfo.com/c/zero-waste-llc/435532394
https://www.zoominfo.com/c/zero-waste-solutions-inc/157384772
['https://www.zoominfo.com/c/zero-waste-co/356745260', 'https://www.zoominfo.com/c/zero-waste-llc/435532394', 'https://www.zoominfo.com/c/zero-waste-solutions-inc/157384772']
https://www.zoominfo.com/c/amlon-resources-group-llc/7917687
https://www.zoominfo.com/pic/amlon-resources-group-llc/7917687
https://www.zoominfo.com/p/Jean-Brigida/-1440445310
['https://www.zoominfo.com/c/amlon-resources-group-llc/7917687', 'https://www.zoominfo.com/pic/amlon-resources-group-llc/7917687', 'https://www.zoominfo.com/p/Jean-Brigida/-1440445310']
https://www.zoominfo.com/c/latah-sanitation-inc/25624714
https://www.zoominfo.com/pic/latah-sanitation-inc/25624714
https://www.zoominfo.com/p/Celi-Rivera/6234734628
['https://www.zoominfo.com/c/latah-sanitation-inc/25624714', 'https://www.zoominfo.com/pic/latah-sanitation-inc/25624714', 'https://www.zoominfo.com/p/Celi-Rivera/6234734628']
https://www.zoominfo.com/c/apex-recycling-disposal/351115926
https://yoskvwk.flhighriseservices.com/post/apex-disposal-eugene-oregon/36563195
https://bzwiahq.dlpgc.com/post/apex-disposal-eugene-oregon/29163318
https://iopcj.go2hammer.com/post/lane-apex-disposal-login/45934653
['https://www.zoominfo.com/c/apex-recycling-disposal/351115926', 'NotAvailable', 'NotAvailable']
https://www.zoominfo.com/c/triad-recycling-and-energy-corp/348387533
https://www.neverbounce.com/company/triad-recycling-and-energy/348387533
https://www.apollo.io/companies/Triad-Recycling-and-Energy-Corp-/54a1cd0a7468694f8f5e1a12
https://www.arounddeal.com/profile/chris-guard/q3wocodwnr
['https://www.zoominfo.com/c/triad-recycling-and-energy-corp/348387533', 'NotAvailable', 'NotAvailable']
https://www.zoominfo.com/c/evergreen-waste-services-llc/356047739
https://www.zoominfo.com/pic/evergreen-waste-services-llc/356047739
https://www.zoominfo.com/p/Teresa-Smith/-1342178751
['https://www.zoominfo.com/c/evergreen-waste-services-llc/356047739', 'https://www.zoominfo.com/pic/evergreen-waste-services-llc/356047739', 'https://www.zoominfo.com/p/Teresa-Smith/-1342178751']
https://www.zoominfo.com/c/synergy-environmental-inc/353876857
https://www.zoominfo.com/pic/synergy-medical/353876857
https://www.zoominfo.com/p/Hazem-Hijazi/-1978255221
['https://www.zoominfo.com/c/synergy-environmental-inc/353876857', 'https://www.zoominfo.com/pic/synergy-medical/353876857', 'https://www.zoominfo.com/p/Hazem-Hijazi/-1978255221']
https://www.zoominfo.com/c/franks-vacuum-truck-service-inc/40193472
https://www.zoominfo.com/pic/franks-vacuum-truck-service-inc/40193472
https://www.zoominfo.com/p/Pier-Maselli/-1518711413
['https://www.zoominfo.com/c/franks-vacuum-truck-service-inc/40193472', 'https://www.zoominfo.com/pic/franks-vacuum-truck-service-inc/40193472', 'https://www.zoominfo.com/p/Pier-Maselli/-1518711413']
https://www.zoominfo.com/c/best-way-disposal-inc/13799790
https://www.zoominfo.com/c/environmental-recycling-disposal/97995499
https://www.zoominfo.com/c/detroit-disposalcom-llc/540765055
['https://www.zoominfo.com/c/best-way-disposal-inc/13799790', 'https://www.zoominfo.com/c/environmental-recycling-disposal/97995499', 'https://www.zoominfo.com/c/detroit-disposalcom-llc/540765055']
https://www.zoominfo.com/c/hazchem-environmental-corp/17351233
https://www.zoominfo.com/pic/hazchem-environmental-corporation/17351233
https://www.zoominfo.com/c/hazchem-safety-ltd/347462366
['https://www.zoominfo.com/c/hazchem-environmental-corp/17351233', 'https://www.zoominfo.com/pic/hazchem-environmental-corporation/17351233', 'https://www.zoominfo.com/c/hazchem-safety-ltd/347462366']
https://www.zoominfo.com/c/trashco-inc/246726838
https://www.neverbounce.com/company/trashco/346322034
https://qpvtm.aaronluciani.com/post/compactor-management-co/34874976
https://mmqwtlyz-d95-v9.modithis.life/
['https://www.zoominfo.com/c/trashco-inc/246726838', 'NotAvailable', 'NotAvailable']
https://www.zoominfo.com/c/jims-disposal-service-llc/348450373
https://www.zoominfo.com/pic/jims-disposal-service-llc/348450373
https://www.zoominfo.com/p/Chuck-Byrd/151165712
['https://www.zoominfo.com/c/jims-disposal-service-llc/348450373', 'https://www.zoominfo.com/pic/jims-disposal-service-llc/348450373', 'https://www.zoominfo.com/p/Chuck-Byrd/151165712']
