https://www.zoominfo.com/c/atlantic-waste-services-inc/343999682
https://www.neverbounce.com/company/atlantic-waste-services/343999682
https://www.sec.gov/Archives/edgar/data/1794515/000162828020002344/zoominfos-1.htm
https://www.reuters.com/article/us-health-coronavirus-finance-breakingvi/breakingviews-corona-capital-zoominfo-ipo-u-s-trade-idUSKBN23B35T
['https://www.zoominfo.com/c/atlantic-waste-services-inc/343999682', 'https://www.sec.gov/Archives/edgar/data/1794515/000162828020002344/zoominfos-1.htm', 'https://www.reuters.com/article/us-health-coronavirus-finance-breakingvi/breakingviews-corona-capital-zoominfo-ipo-u-s-trade-idUSKBN23B35T']
https://www.zoominfo.com/c/earthcare-technologies-inc/12173319
https://www.zoominfo.com/c/earth-care-inc/410162228
https://www.zoominfo.com/c/earthcare/411502817
['https://www.zoominfo.com/c/earthcare-technologies-inc/12173319', 'https://www.zoominfo.com/c/earth-care-inc/410162228', 'https://www.zoominfo.com/c/earthcare/411502817']
https://www.zoominfo.com/c/san-luis-garbage-co/105103588
https://www.neverbounce.com/company/san-luis-garbage/105103588
https://www.apollo.io/companies/Mission-Disposal-Inc/57c5076da6da986a47e748a2
https://yltnl.cateringsheffield.com/post/mission-country-disposal-cayucos/49474097
https://fanboy.co.nz/fanboy-cookiemonster_ubo.txt
['https://www.zoominfo.com/c/san-luis-garbage-co/105103588', 'NotAvailable', 'NotAvailable']
https://www.zoominfo.com/c/save-that-stuff-inc/105628767
https://www.zoominfo.com/pic/save-that-stuff-inc/105628767
https://www.zoominfo.com/p/Erik-Levy/811162532
['https://www.zoominfo.com/c/save-that-stuff-inc/105628767', 'https://www.zoominfo.com/pic/save-that-stuff-inc/105628767', 'https://www.zoominfo.com/p/Erik-Levy/811162532']
https://www.neverbounce.com/company/premier-environmental/1214740987
['NotAvailable', 'NotAvailable', 'NotAvailable']
https://www.zoominfo.com/c/mccullough-rubbish-removal-inc/450992366
https://www.neverbounce.com/company/mccullough-rubbish-removal/450992366
['https://www.zoominfo.com/c/mccullough-rubbish-removal-inc/450992366', 'NotAvailable', 'NotAvailable']
https://www.zoominfo.com/c/summit-transport-environmental-inc/352835655
https://www.zoominfo.com/pic/summit-transport-environmental/352835655
https://www.zoominfo.com/c/steel-of-west-virginia-inc/113934513
['https://www.zoominfo.com/c/summit-transport-environmental-inc/352835655', 'https://www.zoominfo.com/pic/summit-transport-environmental/352835655', 'https://www.zoominfo.com/c/steel-of-west-virginia-inc/113934513']
https://www.zoominfo.com/c/westbank-sanitation-inc/41910883
https://www.neverbounce.com/company/westbank-sanitation/41910883
['https://www.zoominfo.com/c/westbank-sanitation-inc/41910883', 'NotAvailable', 'NotAvailable']
https://www.zoominfo.com/c/giddings-hawkins-maintenance-service-inc/358237320
https://www.neverbounce.com/company/giddings-hawkins-maintenance-service/358237320
['https://www.zoominfo.com/c/giddings-hawkins-maintenance-service-inc/358237320', 'NotAvailable', 'NotAvailable']
https://www.zoominfo.com/c/h2o-environmental-inc/357204886
https://www.zoominfo.com/pic/h2o-environmental-inc/357204886
https://www.zoominfo.com/p/Jonathan-Greene/-1432692414
['https://www.zoominfo.com/c/h2o-environmental-inc/357204886', 'https://www.zoominfo.com/pic/h2o-environmental-inc/357204886', 'https://www.zoominfo.com/p/Jonathan-Greene/-1432692414']
https://www.zoominfo.com/c/sorbilite-inc/82723493
https://www.apollo.io/companies/Sorbilite--Inc-/556d43b37369641238cbd000
https://twitter.com/Sorbilite
https://www.idcrawl.com/brigitte-pohl
https://xqjzx.buzadred.co.ua/
['https://www.zoominfo.com/c/sorbilite-inc/82723493', 'NotAvailable', 'NotAvailable']
https://www.zoominfo.com/c/american-disposal-systems/4410461
https://www.zoominfo.com/c/american-disposal-systems/346736711
https://www.zoominfo.com/pic/american-disposal-systems-inc/4410461
['https://www.zoominfo.com/c/american-disposal-systems/4410461', 'https://www.zoominfo.com/c/american-disposal-systems/346736711', 'https://www.zoominfo.com/pic/american-disposal-systems-inc/4410461']
'organic'
['NotAvailable', 'NotAvailable', 'NotAvailable']
https://www.zoominfo.com/c/clayton-environmental-company-llc/359165730
https://www.zoominfo.com/c/clayton/17566050
https://www.zoominfo.com/c/c-and-g-environmental-consulting/528855030
['https://www.zoominfo.com/c/clayton-environmental-company-llc/359165730', 'https://www.zoominfo.com/c/clayton/17566050', 'https://www.zoominfo.com/c/c-and-g-environmental-consulting/528855030']
https://www.zoominfo.com/p/Frank-Amador/-2070908261
https://www.zoominfo.com/c/global-chem/369744510
https://www.zoominfo.com/c/primestar-industries-inc/371556687
['https://www.zoominfo.com/p/Frank-Amador/-2070908261', 'https://www.zoominfo.com/c/global-chem/369744510', 'https://www.zoominfo.com/c/primestar-industries-inc/371556687']
https://www.zoominfo.com/c/kp-ventures-inc/150242089
https://www.zoominfo.com/c/kp-ventures/410627055
https://www.zoominfo.com/pic/kaiser-permanente-ventures/150242089
['https://www.zoominfo.com/c/kp-ventures-inc/150242089', 'https://www.zoominfo.com/c/kp-ventures/410627055', 'https://www.zoominfo.com/pic/kaiser-permanente-ventures/150242089']
https://www.zoominfo.com/c/compactor-management/356196870
https://www.zoominfo.com/pic/compactor-management/356196870
https://www.zoominfo.com/p/David-Lucio/-1243830261
['https://www.zoominfo.com/c/compactor-management/356196870', 'https://www.zoominfo.com/pic/compactor-management/356196870', 'https://www.zoominfo.com/p/David-Lucio/-1243830261']
https://www.zoominfo.com/c/lakeshore-recycling-disposal-llc/357301714
https://www.zoominfo.com/c/lake-shore-metal-recycling-llc/347052221
https://www.zoominfo.com/c/lakeshore-recycling-systems/92996894
['https://www.zoominfo.com/c/lakeshore-recycling-disposal-llc/357301714', 'https://www.zoominfo.com/c/lake-shore-metal-recycling-llc/347052221', 'https://www.zoominfo.com/c/lakeshore-recycling-systems/92996894']
https://www.zoominfo.com/c/william--thomas-group-inc/124420210
https://www.zoominfo.com/pic/william--thomas-group-inc/124420210
https://www.zoominfo.com/p/Rick-Powers/-1441661817
['https://www.zoominfo.com/c/william--thomas-group-inc/124420210', 'https://www.zoominfo.com/pic/william--thomas-group-inc/124420210', 'https://www.zoominfo.com/p/Rick-Powers/-1441661817']
https://www.zoominfo.com/c/a-j-environmental-pallets/458180369
https://www.neverbounce.com/company/a-j-environmental-pallets/458180369
['https://www.zoominfo.com/c/a-j-environmental-pallets/458180369', 'NotAvailable', 'NotAvailable']
https://www.zoominfo.com/c/a-a-sanitation-and-self-storage/551335851
['https://www.zoominfo.com/c/a-a-sanitation-and-self-storage/551335851', 'NotAvailable', 'NotAvailable']
https://www.zoominfo.com/c/alternative-waste-llc/1299005708
['https://www.zoominfo.com/c/alternative-waste-llc/1299005708', 'NotAvailable', 'NotAvailable']
https://www.zoominfo.com/c/mate-trucking-inc/70993883
https://www.zoominfo.com/pic/mate-trucking-inc/70993883
https://www.zoominfo.com/p/Jennifer-Saing/-1392980028
['https://www.zoominfo.com/c/mate-trucking-inc/70993883', 'https://www.zoominfo.com/pic/mate-trucking-inc/70993883', 'https://www.zoominfo.com/p/Jennifer-Saing/-1392980028']
https://www.zoominfo.com/c/angelones-disposal-recycling/537502467
['https://www.zoominfo.com/c/angelones-disposal-recycling/537502467', 'NotAvailable', 'NotAvailable']
https://www.zoominfo.com/c/arizona-waste-recovery/459052646
https://www.neverbounce.com/company/arizona-waste-recovery/459052646
['https://www.zoominfo.com/c/arizona-waste-recovery/459052646', 'NotAvailable', 'NotAvailable']
https://www.zoominfo.com/c/arrow-electronics-inc/7589404
https://www.zoominfo.com/c/arrow-electronics-inc/8309144
https://www.zoominfo.com/c/arrow-electronics-inc/1134701398
['https://www.zoominfo.com/c/arrow-electronics-inc/7589404', 'https://www.zoominfo.com/c/arrow-electronics-inc/8309144', 'https://www.zoominfo.com/c/arrow-electronics-inc/1134701398']
https://www.zoominfo.com/c/atg-usa-inc/465664281
https://www.zoominfo.com/pic/atgusa/465664281
https://www.zoominfo.com/c/armenian-technology-group-inc/5688307
['https://www.zoominfo.com/c/atg-usa-inc/465664281', 'https://www.zoominfo.com/pic/atgusa/465664281', 'https://www.zoominfo.com/c/armenian-technology-group-inc/5688307']
https://www.zoominfo.com/c/environmental-partners-group-inc/36457934
https://www.zoominfo.com/pic/environmental-partners-group-inc/36457934
https://www.zoominfo.com/c/environmental-partners-inc/345921946
['https://www.zoominfo.com/c/environmental-partners-group-inc/36457934', 'https://www.zoominfo.com/pic/environmental-partners-group-inc/36457934', 'https://www.zoominfo.com/c/environmental-partners-inc/345921946']
https://www.zoominfo.com/c/city-greens/510319308
https://www.zoominfo.com/c/city-greens/474959099
https://www.zoominfo.com/c/city-greens/411242041
['https://www.zoominfo.com/c/city-greens/510319308', 'https://www.zoominfo.com/c/city-greens/474959099', 'https://www.zoominfo.com/c/city-greens/411242041']
https://www.zoominfo.com/c/myclearwater/8274106
https://www.neverbounce.com/company/city-of-clearwater-fl/8274106
https://www.apollo.io/companies/City-of-Clearwater/5d095cdf80f93e2a79026e1e
https://golden.com/wiki/Tech_Data-GYPGDP
https://www.peekyou.com/joshua_bomstein
['https://www.zoominfo.com/c/myclearwater/8274106', 'NotAvailable', 'NotAvailable']
https://www.zoominfo.com/c/coastal-recycling-services-llc/348379784
https://www.zoominfo.com/pic/coastal-recycling-services-llc/348379784
https://www.zoominfo.com/p/Anita-Hicks/-1538224429
['https://www.zoominfo.com/c/coastal-recycling-services-llc/348379784', 'https://www.zoominfo.com/pic/coastal-recycling-services-llc/348379784', 'https://www.zoominfo.com/p/Anita-Hicks/-1538224429']
https://www.zoominfo.com/c/cox-disposal-inc/472526782
https://www.neverbounce.com/company/cox-recycling/451034653
https://wfiik.francisgallela.com/post/cox-trash-disposal/54528356
['https://www.zoominfo.com/c/cox-disposal-inc/472526782', 'NotAvailable', 'NotAvailable']
https://www.zoominfo.com/c/eastern-waste-systems-inc/374917507
https://www.zoominfo.com/pic/eastern-waste-systems-inc/374917507
https://www.zoominfo.com/c/eastern-waste-disposal-ltd/28839451
['https://www.zoominfo.com/c/eastern-waste-systems-inc/374917507', 'https://www.zoominfo.com/pic/eastern-waste-systems-inc/374917507', 'https://www.zoominfo.com/c/eastern-waste-disposal-ltd/28839451']
https://www.zoominfo.com/c/e2s/58673463
https://www.zoominfo.com/c/e2s-llc/406590809
https://www.zoominfo.com/c/element-environmental-solutions-inc/371603535
['https://www.zoominfo.com/c/e2s/58673463', 'https://www.zoominfo.com/c/e2s-llc/406590809', 'https://www.zoominfo.com/c/element-environmental-solutions-inc/371603535']
https://www.zoominfo.com/c/envirosafe-inc/95932291
https://www.zoominfo.com/c/envirosafe-inc/354065925
https://www.zoominfo.com/c/envirosafe/369188918
['https://www.zoominfo.com/c/envirosafe-inc/95932291', 'https://www.zoominfo.com/c/envirosafe-inc/354065925', 'https://www.zoominfo.com/c/envirosafe/369188918']
https://www.neverbounce.com/company/envirofil/536318254
https://www.idcrawl.com/kent-wooldridge
['NotAvailable', 'NotAvailable', 'NotAvailable']
https://www.zoominfo.com/c/envirogroup/369185478
https://www.zoominfo.com/pic/envirogroup/369185478
https://www.zoominfo.com/c/envirogroup/426941186
['https://www.zoominfo.com/c/envirogroup/369185478', 'https://www.zoominfo.com/pic/envirogroup/369185478', 'https://www.zoominfo.com/c/envirogroup/426941186']
https://www.zoominfo.com/c/landscape-pros-inc/354370971
https://www.zoominfo.com/c/the-landscape-proscom/411511481
https://www.zoominfo.com/pic/landscape-pros-llc/416019526
['https://www.zoominfo.com/c/landscape-pros-inc/354370971', 'https://www.zoominfo.com/c/the-landscape-proscom/411511481', 'https://www.zoominfo.com/pic/landscape-pros-llc/416019526']
https://www.zoominfo.com/c/envirosolutions-inc/94079105
https://www.zoominfo.com/c/enviro-solutions/345004545
https://www.zoominfo.com/c/envirosolutions/356705499
['https://www.zoominfo.com/c/envirosolutions-inc/94079105', 'https://www.zoominfo.com/c/enviro-solutions/345004545', 'https://www.zoominfo.com/c/envirosolutions/356705499']
https://www.zoominfo.com/c/five-star-waste-recycling-inc/443251146
https://www.neverbounce.com/company/five-star-waste/442325393
['https://www.zoominfo.com/c/five-star-waste-recycling-inc/443251146', 'NotAvailable', 'NotAvailable']
https://www.zoominfo.com/c/nviro/58543643
https://www.zoominfo.com/c/nviro/557243952
https://www.zoominfo.com/c/n-viro-international/77938994
['https://www.zoominfo.com/c/nviro/58543643', 'https://www.zoominfo.com/c/nviro/557243952', 'https://www.zoominfo.com/c/n-viro-international/77938994']
https://www.zoominfo.com/c/fred-weber-inc/37966130
https://www.zoominfo.com/pic/fred-weber-inc/37966130
https://www.zoominfo.com/p/Ben-Shields/-1454998381
['https://www.zoominfo.com/c/fred-weber-inc/37966130', 'https://www.zoominfo.com/pic/fred-weber-inc/37966130', 'https://www.zoominfo.com/p/Ben-Shields/-1454998381']
https://www.zoominfo.com/c/friedman-recycling-co/1196611998
https://www.zoominfo.com/c/friedman-recycling/542304871
https://www.zoominfo.com/pic/friedman-recycling/81610800
['https://www.zoominfo.com/c/friedman-recycling-co/1196611998', 'https://www.zoominfo.com/c/friedman-recycling/542304871', 'https://www.zoominfo.com/pic/friedman-recycling/81610800']
https://www.zoominfo.com/c/gentech/419333123
https://www.neverbounce.com/company/gentech/419333123
https://www.apollo.io/companies/TecBrix/5ff56ce138a0e3012ad66c6b
https://raw.githubusercontent.com/cbuijs/accomplist/master/chris/umbrella-top.list
https://kpqbo.timelessmomentsvideo.com/post/contact-gentech/44883125
['https://www.zoominfo.com/c/gentech/419333123', 'NotAvailable', 'NotAvailable']
'organic'
['NotAvailable', 'NotAvailable', 'NotAvailable']
'organic'
['NotAvailable', 'NotAvailable', 'NotAvailable']
https://www.zoominfo.com/c/global-water-resources-inc/35834224
https://www.neverbounce.com/company/global-water-resources/35834224
https://www.apollo.io/companies/Global-Water-Resources/54a1351369702d4494266700
https://app.lead411.com/Timothy_Sabo_41937449.html
https://gw-resources.genomeweb.com/free-offer/how-to-overcome-the-pain-points-of-your-crm/w_aaaa7093?sr=hicat&_t=hicat:725
['https://www.zoominfo.com/c/global-water-resources-inc/35834224', 'NotAvailable', 'NotAvailable']
https://www.zoominfo.com/c/cavitation-technologies-inc/350645189
https://www.neverbounce.com/company/cavitation-technologies/350645189
https://www.apollo.io/companies/Cavitation-Technologies--Inc-/54a12b0e69702d9ebc634302
['https://www.zoominfo.com/c/cavitation-technologies-inc/350645189', 'NotAvailable', 'NotAvailable']
https://www.zoominfo.com/c/university-of-northern-iowa/71860358
https://www.zoominfo.com/c/university-of-northern-iowa/1226991536
https://www.zoominfo.com/pic/university-of-northern-iowa/71860358
['https://www.zoominfo.com/c/university-of-northern-iowa/71860358', 'https://www.zoominfo.com/c/university-of-northern-iowa/1226991536', 'https://www.zoominfo.com/pic/university-of-northern-iowa/71860358']
https://www.apollo.io/companies/La-Mancha/54a25f567468693cdd98d51d
https://www.arounddeal.com/profile/ahmed-khairy/y5mcgdmdwq
['NotAvailable', 'NotAvailable', 'NotAvailable']
https://www.zoominfo.com/c/latham-home-sanitation/483079805
https://www.neverbounce.com/company/latham-home-sanitation/483079805
['https://www.zoominfo.com/c/latham-home-sanitation/483079805', 'NotAvailable', 'NotAvailable']
https://www.zoominfo.com/c/love-pallet-company-llc/357454479
https://www.zoominfo.com/p/Paul-Lovett/13522134
https://www.zoominfo.com/c/pallet-recycling/529981383
['https://www.zoominfo.com/c/love-pallet-company-llc/357454479', 'https://www.zoominfo.com/p/Paul-Lovett/13522134', 'https://www.zoominfo.com/c/pallet-recycling/529981383']
https://www.zoominfo.com/c/howards-disposal/528497621
https://www.neverbounce.com/company/howards-disposal/528497621
['https://www.zoominfo.com/c/howards-disposal/528497621', 'NotAvailable', 'NotAvailable']
https://www.zoominfo.com/c/jenik-art/468037353
https://www.zoominfo.com/c/zubi-pumps/537616603
https://www.zoominfo.com/c/a1-illuminations/410975945
['https://www.zoominfo.com/c/jenik-art/468037353', 'https://www.zoominfo.com/c/zubi-pumps/537616603', 'https://www.zoominfo.com/c/a1-illuminations/410975945']
https://www.zoominfo.com/c/micromed-group/480506883
https://www.apollo.io/companies/MicroMed-Solutions/60f9de09c93c1a00f8229907
https://www.idcrawl.com/rachel-gustafson
['https://www.zoominfo.com/c/micromed-group/480506883', 'NotAvailable', 'NotAvailable']
https://www.zoominfo.com/c/borough/353391453
https://www.zoominfo.com/pic/borough/353391453
https://www.zoominfo.com/p/Suzanne-Sullivan/-1648993517
['https://www.zoominfo.com/c/borough/353391453', 'https://www.zoominfo.com/pic/borough/353391453', 'https://www.zoominfo.com/p/Suzanne-Sullivan/-1648993517']
https://hlvvs.cpe-corporation.com/post/mountain-disposal-colorado-city-colorado/60861793
['NotAvailable', 'NotAvailable', 'NotAvailable']
https://www.zoominfo.com/c/national-hospitality-services-llc/371617536
https://www.neverbounce.com/company/national-hospitality-services/371617536
https://www.apollo.io/companies/National-Hospitality-Services/57c5055ba6da986a37a35423
https://www.arounddeal.com/profile/nancy-cha-hough/e2bllurhls
https://www.idcrawl.com/stephanie-montgomery
['https://www.zoominfo.com/c/national-hospitality-services-llc/371617536', 'NotAvailable', 'NotAvailable']
https://www.zoominfo.com/c/nationwide-recovery-systems-ltd/82297853
https://www.zoominfo.com/pic/nationwide-recovery-systems-ltd/82297853
https://www.zoominfo.com/p/Chandan-Gandhi/-1840178554
['https://www.zoominfo.com/c/nationwide-recovery-systems-ltd/82297853', 'https://www.zoominfo.com/pic/nationwide-recovery-systems-ltd/82297853', 'https://www.zoominfo.com/p/Chandan-Gandhi/-1840178554']
https://www.zoominfo.com/c/norris-environmental-solutions/410619072
https://www.neverbounce.com/company/norris-environmental-solutions/410619072
['https://www.zoominfo.com/c/norris-environmental-solutions/410619072', 'NotAvailable', 'NotAvailable']
'organic'
['NotAvailable', 'NotAvailable', 'NotAvailable']
https://www.zoominfo.com/c/orwak-ab/507345254
https://www.zoominfo.com/c/orwak-ab/463291503
https://www.zoominfo.com/c/orwak-compactors/374954040
['https://www.zoominfo.com/c/orwak-ab/507345254', 'https://www.zoominfo.com/c/orwak-ab/463291503', 'https://www.zoominfo.com/c/orwak-compactors/374954040']
https://www.zoominfo.com/c/pallet-recycle-inc/369820884
https://www.zoominfo.com/pic/pallet-recycle-inc/369820884
https://www.zoominfo.com/p/Paul-Palazzolo/-1532657428
['https://www.zoominfo.com/c/pallet-recycle-inc/369820884', 'https://www.zoominfo.com/pic/pallet-recycle-inc/369820884', 'https://www.zoominfo.com/p/Paul-Palazzolo/-1532657428']
https://www.zoominfo.com/c/par-3-landscaping-irrigation/358740360
https://www.zoominfo.com/c/par-4-golf-management/175178172
https://www.zoominfo.com/p/Paul-Jaramillo/1199041486
['https://www.zoominfo.com/c/par-3-landscaping-irrigation/358740360', 'https://www.zoominfo.com/c/par-4-golf-management/175178172', 'https://www.zoominfo.com/p/Paul-Jaramillo/1199041486']
https://www.zoominfo.com/c/park-terrace-companies/465071883
https://www.zoominfo.com/p/Thompson-Gooding/1585615214
https://www.zoominfo.com/c/nolan-properties/456869522
['https://www.zoominfo.com/c/park-terrace-companies/465071883', 'https://www.zoominfo.com/p/Thompson-Gooding/1585615214', 'https://www.zoominfo.com/c/nolan-properties/456869522']
https://www.zoominfo.com/c/prairie-disposal-ltd/353846543
https://www.zoominfo.com/c/prairie-disposal-ltd/539189670
https://www.zoominfo.com/pic/prairie-disposal-ltd/353846543
['https://www.zoominfo.com/c/prairie-disposal-ltd/353846543', 'https://www.zoominfo.com/c/prairie-disposal-ltd/539189670', 'https://www.zoominfo.com/pic/prairie-disposal-ltd/353846543']
https://www.zoominfo.com/c/right-away-disposal/353688548
https://www.zoominfo.com/c/best-way-disposal-inc/13799790
https://www.zoominfo.com/pic/right-away-disposal/353688548
['https://www.zoominfo.com/c/right-away-disposal/353688548', 'https://www.zoominfo.com/c/best-way-disposal-inc/13799790', 'https://www.zoominfo.com/pic/right-away-disposal/353688548']
https://www.zoominfo.com/c/rocky-mtn-disposal/412027993
https://www.apollo.io/companies/Rocky-Mtn-Disposal/5500cd657369646150987800
['https://www.zoominfo.com/c/rocky-mtn-disposal/412027993', 'NotAvailable', 'NotAvailable']
https://www.zoominfo.com/c/roys-recycling-service/509778076
['https://www.zoominfo.com/c/roys-recycling-service/509778076', 'NotAvailable', 'NotAvailable']
https://www.zoominfo.com/c/sani--tech-west-inc/61145250
https://www.apollo.io/companies/Sani-Tech-West/54a1b04174686942d3bf3b08
https://www.neverbounce.com/company/sani--tech-west/61145250
https://growjo.com/company/Sani-Tech_West
https://www.infotelligent.com/company/burt-process-equipment-inc/270898
['https://www.zoominfo.com/c/sani--tech-west-inc/61145250', 'NotAvailable', 'NotAvailable']
https://www.zoominfo.com/c/sovereign-wealth-fund-institute/353911250
https://www.zoominfo.com/pic/sovereign-wealth-fund-institute/353911250
https://www.zoominfo.com/p/Vincent-Berretta/1963958226
['https://www.zoominfo.com/c/sovereign-wealth-fund-institute/353911250', 'https://www.zoominfo.com/pic/sovereign-wealth-fund-institute/353911250', 'https://www.zoominfo.com/p/Vincent-Berretta/1963958226']
'organic'
['NotAvailable', 'NotAvailable', 'NotAvailable']
https://www.zoominfo.com/c/ds-smith/37508400
https://www.zoominfo.com/pic/ds-smith/37508400
https://www.zoominfo.com/c/ds-smith-kaysersberg/372629153
['https://www.zoominfo.com/c/ds-smith/37508400', 'https://www.zoominfo.com/pic/ds-smith/37508400', 'https://www.zoominfo.com/c/ds-smith-kaysersberg/372629153']
https://www.zoominfo.com/c/sturgeon-services-international-inc/112689416
https://www.zoominfo.com/pic/sturgeon-services-international-inc/112689416
https://www.zoominfo.com/p/Danny-Williamson/-1536498133
['https://www.zoominfo.com/c/sturgeon-services-international-inc/112689416', 'https://www.zoominfo.com/pic/sturgeon-services-international-inc/112689416', 'https://www.zoominfo.com/p/Danny-Williamson/-1536498133']
https://www.zoominfo.com/c/superior-sanitation-llc/368960123
https://www.zoominfo.com/c/superior-sanitation-llc/1163278260
https://www.zoominfo.com/c/superior-sanitation/357306399
['https://www.zoominfo.com/c/superior-sanitation-llc/368960123', 'https://www.zoominfo.com/c/superior-sanitation-llc/1163278260', 'https://www.zoominfo.com/c/superior-sanitation/357306399']
https://www.zoominfo.com/c/superior-services/403314127
https://www.zoominfo.com/c/superior-services/354858876
https://www.zoominfo.com/c/superior-services/115785911
['https://www.zoominfo.com/c/superior-services/403314127', 'https://www.zoominfo.com/c/superior-services/354858876', 'https://www.zoominfo.com/c/superior-services/115785911']
https://www.zoominfo.com/c/srs-swiss-recycling-services-sa/399584408
https://www.neverbounce.com/company/sustainable-recycling-solutions/355073112
https://www.apollo.io/companies/SRS-Swiss-Recycling-Services/54a12b3d69702d8cfcfbb002
https://www.arounddeal.com/profile/laetitia-anatchkov/q4uojfhlsi
['https://www.zoominfo.com/c/srs-swiss-recycling-services-sa/399584408', 'NotAvailable', 'NotAvailable']
https://www.zoominfo.com/c/teris/353401786
https://www.pngwing.com/en/search?q=zoominfo
https://www.pngegg.com/en/search?q=zoominfo
['https://www.zoominfo.com/c/teris/353401786', 'https://www.pngwing.com/en/search?q=zoominfo', 'https://www.pngegg.com/en/search?q=zoominfo']
https://www.zoominfo.com/c/tecotec-group/446104057
https://www.zoominfo.com/c/finger-inc/538696045
https://www.zoominfo.com/c/vietthink-law-firm/467938702
['https://www.zoominfo.com/c/tecotec-group/446104057', 'https://www.zoominfo.com/c/finger-inc/538696045', 'https://www.zoominfo.com/c/vietthink-law-firm/467938702']
https://www.zoominfo.com/pic/trash-busters/557390930
https://www.zoominfo.com/c/trashbusters/287490241
https://www.zoominfo.com/p/Keyshan-Calderon/8506306253
['https://www.zoominfo.com/pic/trash-busters/557390930', 'https://www.zoominfo.com/c/trashbusters/287490241', 'https://www.zoominfo.com/p/Keyshan-Calderon/8506306253']
https://www.zoominfo.com/c/tri-county-pallet-inc/365396503
https://www.zoominfo.com/pic/tri-county-pallet/365396503
https://www.zoominfo.com/p/Gary-Brantley/-1252840917
['https://www.zoominfo.com/c/tri-county-pallet-inc/365396503', 'https://www.zoominfo.com/pic/tri-county-pallet/365396503', 'https://www.zoominfo.com/p/Gary-Brantley/-1252840917']
https://www.zoominfo.com/c/triad-waste-llc/488770918
https://www.neverbounce.com/company/waste-solutions-123/398911930
['https://www.zoominfo.com/c/triad-waste-llc/488770918', 'NotAvailable', 'NotAvailable']
