https://www.zoominfo.com/c/emerald-services-inc/62196182
https://www.zoominfo.com/p/Greg-Garman/-2032822221
https://www.zoominfo.com/p/Pablo-Sanchez/-1367383756
['https://www.zoominfo.com/c/emerald-services-inc/62196182', 'https://www.zoominfo.com/p/Greg-Garman/-2032822221', 'https://www.zoominfo.com/p/Pablo-Sanchez/-1367383756']
https://www.zoominfo.com/c/emergency-response-training-solutions/82299331
https://www.zoominfo.com/pic/emergency-response-training-solutions/82299331
https://www.zoominfo.com/p/Keith-Witkowski/-1291943322
['https://www.zoominfo.com/c/emergency-response-training-solutions/82299331', 'https://www.zoominfo.com/pic/emergency-response-training-solutions/82299331', 'https://www.zoominfo.com/p/Keith-Witkowski/-1291943322']
https://www.zoominfo.com/p/Jason-Gettel/-969482777
https://www.zoominfo.com/p/Joe-Oconnor/-1690596785
https://www.zoominfo.com/p/Michheal-Dyson/-1271611101
['https://www.zoominfo.com/p/Jason-Gettel/-969482777', 'https://www.zoominfo.com/p/Joe-Oconnor/-1690596785', 'https://www.zoominfo.com/p/Michheal-Dyson/-1271611101']
https://www.zoominfo.com/c/energy-dynamics/397257442
https://www.zoominfo.com/pic/energy-dynamics-llc/397257442
https://www.zoominfo.com/pic/energy-dynamics/32822065
['https://www.zoominfo.com/c/energy-dynamics/397257442', 'https://www.zoominfo.com/pic/energy-dynamics-llc/397257442', 'https://www.zoominfo.com/pic/energy-dynamics/32822065']
https://www.zoominfo.com/c/nukem-ltd/343858444
https://www.zoominfo.com/c/nukem-technologies-gmbh/353754768
https://www.zoominfo.com/c/nukem-isotopes-gmbh/547033179
['https://www.zoominfo.com/c/nukem-ltd/343858444', 'https://www.zoominfo.com/c/nukem-technologies-gmbh/353754768', 'https://www.zoominfo.com/c/nukem-isotopes-gmbh/547033179']
https://www.zoominfo.com/c/enpro-industries/13009049
https://www.zoominfo.com/c/enpro-inc/28952591
https://www.zoominfo.com/c/enpro-inc/426157729
['https://www.zoominfo.com/c/enpro-industries/13009049', 'https://www.zoominfo.com/c/enpro-inc/28952591', 'https://www.zoominfo.com/c/enpro-inc/426157729']
https://www.zoominfo.com/c/entegra-energy/372975075
https://www.zoominfo.com/pic/entegra-energy-solutions/372975075
https://www.zoominfo.com/c/entegra-power-group-llc/40983897
['https://www.zoominfo.com/c/entegra-energy/372975075', 'https://www.zoominfo.com/pic/entegra-energy-solutions/372975075', 'https://www.zoominfo.com/c/entegra-power-group-llc/40983897']
https://www.zoominfo.com/c/cds-environmental-services-llc/539572838
https://www.apollo.io/companies/Envirite-Corporation/559204ff73696419123b2000
https://www.neverbounce.com/company/cds-environmental-services/539572838
https://www.idcrawl.com/rosemary-volpe
https://ovgxubu.girlscouts-raintree.org/post/eq-detroit-inc/60116949
['https://www.zoominfo.com/c/cds-environmental-services-llc/539572838', 'NotAvailable', 'NotAvailable']
https://www.neverbounce.com/company/enviro-west/33082562
https://www.arounddeal.com/profile/dani-cma-dickinson/c4zhiubafv
https://www.idcrawl.com/ron-fehr
['NotAvailable', 'NotAvailable', 'NotAvailable']
https://www.zoominfo.com/c/enterprisedb/40112659
https://www.zoominfo.com/c/edb/33310561
https://www.zoominfo.com/c/edb-pools/359387970
['https://www.zoominfo.com/c/enterprisedb/40112659', 'https://www.zoominfo.com/c/edb/33310561', 'https://www.zoominfo.com/c/edb-pools/359387970']
https://www.zoominfo.com/c/environmental-holdings-group-llc/27282362
https://www.zoominfo.com/pic/environmental-holdings-group-llc/27282362
https://www.zoominfo.com/pic/ehg/372082878
['https://www.zoominfo.com/c/environmental-holdings-group-llc/27282362', 'https://www.zoominfo.com/pic/environmental-holdings-group-llc/27282362', 'https://www.zoominfo.com/pic/ehg/372082878']
https://www.zoominfo.com/c/environmental-products-technologies-corporation/70437149
https://www.zoominfo.com/pic/environmental-products-technologies/70437149
https://www.zoominfo.com/p/Kris-Schulthies/-1186229110
['https://www.zoominfo.com/c/environmental-products-technologies-corporation/70437149', 'https://www.zoominfo.com/pic/environmental-products-technologies/70437149', 'https://www.zoominfo.com/p/Kris-Schulthies/-1186229110']
https://www.zoominfo.com/c/environmental-standards-inc/17565049
https://www.zoominfo.com/pic/environmental-standards-inc/17565049
https://www.zoominfo.com/p/Obi-Steve/-909723896
['https://www.zoominfo.com/c/environmental-standards-inc/17565049', 'https://www.zoominfo.com/pic/environmental-standards-inc/17565049', 'https://www.zoominfo.com/p/Obi-Steve/-909723896']
https://www.zoominfo.com/c/environmental-technologies-group-inc/49549809
https://www.zoominfo.com/pic/environmental-technologies-group/49549809
https://www.zoominfo.com/p/Larry-Milliger/-1057933060
['https://www.zoominfo.com/c/environmental-technologies-group-inc/49549809', 'https://www.zoominfo.com/pic/environmental-technologies-group/49549809', 'https://www.zoominfo.com/p/Larry-Milliger/-1057933060']
https://www.zoominfo.com/c/corys-general-contracting/540836979
https://www.apollo.io/companies/Zion-Marine--Inc-/5b138c62a6da98dd0cf06e01
https://xsmtz.boutique-wines.com/post/tri-county-disposal-helena-mt/72048229
['https://www.zoominfo.com/c/corys-general-contracting/540836979', 'NotAvailable', 'NotAvailable']
https://www.zoominfo.com/p/Mike-Wallace/-1082128969
https://www.zoominfo.com/p/Linda-Robinson/-2040808395
https://www.zoominfo.com/p/Alexander-Fenimore/-2043433380
['https://www.zoominfo.com/p/Mike-Wallace/-1082128969', 'https://www.zoominfo.com/p/Linda-Robinson/-2040808395', 'https://www.zoominfo.com/p/Alexander-Fenimore/-2043433380']
https://www.zoominfo.com/c/enviroserve/13107618
https://www.neverbounce.com/company/bodineinccom/351544360
https://www.apollo.io/companies/EnviroServe/5d0a44abf6512538c241f536
https://growjo.com/company/EnviroServe
https://ca.linkedin.com/in/vinay-sharma-b4a39827
['https://www.zoominfo.com/c/enviroserve/13107618', 'NotAvailable', 'NotAvailable']
https://www.zoominfo.com/c/enviro-tec-hvac-inc/395713522
https://www.zoominfo.com/c/laboratorios-envirotec/430021115
https://www.zoominfo.com/c/envirotec-general-contracting-ltd/372984050
['https://www.zoominfo.com/c/enviro-tec-hvac-inc/395713522', 'https://www.zoominfo.com/c/laboratorios-envirotec/430021115', 'https://www.zoominfo.com/c/envirotec-general-contracting-ltd/372984050']
https://www.zoominfo.com/c/envolve-energy-services/369311530
https://www.zoominfo.com/pic/envolve-energy-services-corp/369311530
https://www.zoominfo.com/p/Dane-Hanson/-1023685263
['https://www.zoominfo.com/c/envolve-energy-services/369311530', 'https://www.zoominfo.com/pic/envolve-energy-services-corp/369311530', 'https://www.zoominfo.com/p/Dane-Hanson/-1023685263']
https://www.zoominfo.com/c/e--pallet-inc/345582926
https://www.zoominfo.com/pic/e--pallet-inc/345582926
https://www.zoominfo.com/c/epallet/443995070
['https://www.zoominfo.com/c/e--pallet-inc/345582926', 'https://www.zoominfo.com/pic/e--pallet-inc/345582926', 'https://www.zoominfo.com/c/epallet/443995070']
https://www.zoominfo.com/c/eq-detroit-inc/1121157785
https://www.zoominfo.com/c/eq-online-news/436276828
https://www.zoominfo.com/p/Mary-Poirier/-1441602678
['https://www.zoominfo.com/c/eq-detroit-inc/1121157785', 'https://www.zoominfo.com/c/eq-online-news/436276828', 'https://www.zoominfo.com/p/Mary-Poirier/-1441602678']
https://www.zoominfo.com/c/metalloy-inc/347721242
https://www.zoominfo.com/pic/metaloy-inc/57657368
https://www.zoominfo.com/pic/metalloy-inc/347721242
['https://www.zoominfo.com/c/metalloy-inc/347721242', 'https://www.zoominfo.com/pic/metaloy-inc/57657368', 'https://www.zoominfo.com/pic/metalloy-inc/347721242']
https://www.zoominfo.com/c/eugene-pallet-enterprises-inc/551385775
['https://www.zoominfo.com/c/eugene-pallet-enterprises-inc/551385775', 'NotAvailable', 'NotAvailable']
https://www.zoominfo.com/c/hepaco-llc/17596847
https://www.zoominfo.com/c/evergreen-avian-exotic-animal-hospital/362832952
https://www.zoominfo.com/pic/evergreen-avian-and-exotic-animal-hospital/362832952
['https://www.zoominfo.com/c/hepaco-llc/17596847', 'https://www.zoominfo.com/c/evergreen-avian-exotic-animal-hospital/362832952', 'https://www.zoominfo.com/pic/evergreen-avian-and-exotic-animal-hospital/362832952']
https://www.zoominfo.com/c/evergreen-waste-services-llc/356047739
https://www.zoominfo.com/c/evergreen-waste-corp/346594322
https://www.zoominfo.com/c/integrated-wastestream-management-inc/551721085
['https://www.zoominfo.com/c/evergreen-waste-services-llc/356047739', 'https://www.zoominfo.com/c/evergreen-waste-corp/346594322', 'https://www.zoominfo.com/c/integrated-wastestream-management-inc/551721085']
https://www.zoominfo.com/c/ezshred-llc/343462932
https://www.zoominfo.com/pic/ezshred-llc/343462932
https://www.zoominfo.com/p/Dan-Toth/-1586591481
['https://www.zoominfo.com/c/ezshred-llc/343462932', 'https://www.zoominfo.com/pic/ezshred-llc/343462932', 'https://www.zoominfo.com/p/Dan-Toth/-1586591481']
https://www.zoominfo.com/c/f-f-multiprint/39472534
https://www.ampliz.com/company/f-f-multiprint/98855419
https://www.neverbounce.com/company/f-f-multiprint/39472534
['https://www.zoominfo.com/c/f-f-multiprint/39472534', 'NotAvailable', 'NotAvailable']
https://www.zoominfo.com/c/coffee-zone/1287050507
https://www.zoominfo.com/c/riverwash-books/354552544
https://www.zoominfo.com/p/Linda-Kincaid/303704667
['https://www.zoominfo.com/c/coffee-zone/1287050507', 'https://www.zoominfo.com/c/riverwash-books/354552544', 'https://www.zoominfo.com/p/Linda-Kincaid/303704667']
https://www.zoominfo.com/c/fern/363023221
https://www.neverbounce.com/company/fern/363023221
https://www.idcrawl.com/gary-fromm
https://updowntoday.com/71
['https://www.zoominfo.com/c/fern/363023221', 'NotAvailable', 'NotAvailable']
https://www.zoominfo.com/c/walker-windows-inc/347662951
https://ellisonbronze.com.usitestat.com/
https://www.idcrawl.com/alex-beyer
https://hsftr.bugelv.best/
['https://www.zoominfo.com/c/walker-windows-inc/347662951', 'NotAvailable', 'NotAvailable']
https://www.idcrawl.com/trisha-gilbert
['NotAvailable', 'NotAvailable', 'NotAvailable']
https://www.zoominfo.com/c/finish-line-productions-llc/353390139
https://www.neverbounce.com/company/finish-line-productions/353390139
https://www.idcrawl.com/mark-carman
['https://www.zoominfo.com/c/finish-line-productions-llc/353390139', 'NotAvailable', 'NotAvailable']
https://www.zoominfo.com/c/cogent-waste/436685389
https://www.zoominfo.com/p/Roma-Vykho/-989009839
https://www.zoominfo.com/p/Carrie-Martorana/-1810046012
['https://www.zoominfo.com/c/cogent-waste/436685389', 'https://www.zoominfo.com/p/Roma-Vykho/-989009839', 'https://www.zoominfo.com/p/Carrie-Martorana/-1810046012']
https://bnagm.teksersetkom.com/post/portland-disposal-company/45461970
['NotAvailable', 'NotAvailable', 'NotAvailable']
https://www.zoominfo.com/c/foodprint-group/450652886
https://www.zoominfo.com/pic/foodprint-group/450652886
https://www.zoominfo.com/p/Christina-Grace/-1457330180
['https://www.zoominfo.com/c/foodprint-group/450652886', 'https://www.zoominfo.com/pic/foodprint-group/450652886', 'https://www.zoominfo.com/p/Christina-Grace/-1457330180']
https://www.zoominfo.com/p/Louis-Barham/-1100589682
https://www.zoominfo.com/p/Earnest-Veal/-999716476
https://www.zoominfo.com/p/Jose-Cruz/-1346565891
['https://www.zoominfo.com/p/Louis-Barham/-1100589682', 'https://www.zoominfo.com/p/Earnest-Veal/-999716476', 'https://www.zoominfo.com/p/Jose-Cruz/-1346565891']
https://www.zoominfo.com/c/franks-pallet-service/24135380
https://www.neverbounce.com/company/franks-pallet-service/24135380
['https://www.zoominfo.com/c/franks-pallet-service/24135380', 'NotAvailable', 'NotAvailable']
https://www.zoominfo.com/c/fremouw-environmental-services-inc/353623158
https://www.zoominfo.com/pic/fremouw-environmental-services-inc/353623158
https://www.zoominfo.com/p/Carlos-Alatorre/-920833924
['https://www.zoominfo.com/c/fremouw-environmental-services-inc/353623158', 'https://www.zoominfo.com/pic/fremouw-environmental-services-inc/353623158', 'https://www.zoominfo.com/p/Carlos-Alatorre/-920833924']
https://www.zoominfo.com/c/auto-pallets--boxes-inc/1593103
https://www.neverbounce.com/company/frisco-pallet/81726297
['https://www.zoominfo.com/c/auto-pallets--boxes-inc/1593103', 'NotAvailable', 'NotAvailable']
https://www.zoominfo.com/c/gma-pallet-recycling-corp/118293522
https://www.zoominfo.com/c/john-rock-inc/27722789
https://www.zoominfo.com/c/avid-pallet-services-llc/25153908
['https://www.zoominfo.com/c/gma-pallet-recycling-corp/118293522', 'https://www.zoominfo.com/c/john-rock-inc/27722789', 'https://www.zoominfo.com/c/avid-pallet-services-llc/25153908']
https://www.zoominfo.com/c/galaxy-transfer-systems-inc/1254641353
http://stylekorean.com/shop/bannerhit.php?bn_id=7&url=//diamallu.ml/113stylekoreancomrYH651
https://www.idcrawl.com/aileen-roldan
https://rtnvolkxz-d94-ap-v1.drelazel.wiki/
['https://www.zoominfo.com/c/galaxy-transfer-systems-inc/1254641353', 'NotAvailable', 'NotAvailable']
https://www.zoominfo.com/c/gandy-printers/347127690
https://www.zoominfo.com/pic/gandy-printers/347127690
https://www.zoominfo.com/p/John-Ross/-894404884
['https://www.zoominfo.com/c/gandy-printers/347127690', 'https://www.zoominfo.com/pic/gandy-printers/347127690', 'https://www.zoominfo.com/p/John-Ross/-894404884']
https://www.zoominfo.com/c/garbage-pal-llc/529485673
https://www.neverbounce.com/company/garbage-pal/529485673
['https://www.zoominfo.com/c/garbage-pal-llc/529485673', 'NotAvailable', 'NotAvailable']
https://www.zoominfo.com/p/Greg-Russell/28750040
https://www.apollo.io/companies/GARCO--Inc-/5d0a48e780f93e336bebfda2
https://www.arounddeal.com/organize/garco-inc/w0utqegtks
https://yg.katlodevcentre.co.za/HoQ75s/5306DHw1KWed45jJViS2
['https://www.zoominfo.com/p/Greg-Russell/28750040', 'NotAvailable', 'NotAvailable']
https://www.zoominfo.com/c/genagain-technologies-llc/355603660
https://www.zoominfo.com/pic/genagain-technologies-llc/355603660
https://www.zoominfo.com/p/Robin-Curtis/1293362605
['https://www.zoominfo.com/c/genagain-technologies-llc/355603660', 'https://www.zoominfo.com/pic/genagain-technologies-llc/355603660', 'https://www.zoominfo.com/p/Robin-Curtis/1293362605']
https://www.zoominfo.com/c/general-pallets-inc/20973087
https://www.zoominfo.com/c/general-pallet-llc/15794392
https://www.zoominfo.com/c/general-pallet-inc/529556796
['https://www.zoominfo.com/c/general-pallets-inc/20973087', 'https://www.zoominfo.com/c/general-pallet-llc/15794392', 'https://www.zoominfo.com/c/general-pallet-inc/529556796']
'organic'
['NotAvailable', 'NotAvailable', 'NotAvailable']
https://www.zoominfo.com/c/george-b-wittmer-associates-inc/398330644
https://www.neverbounce.com/company/george-b-wittmer-associates/398330644
['https://www.zoominfo.com/c/george-b-wittmer-associates-inc/398330644', 'NotAvailable', 'NotAvailable']
https://www.zoominfo.com/c/gilton-solid-waste-mgmt-inc/48893481
https://www.ampliz.com/company/gilton-solid-waste-management/101237162
https://www.apollo.io/companies/Gilton-Solid-Waste-Management/54a1a06f74686954759bd602
https://growjo.com/company/Gilton_Solid_Waste_Management
https://www.neverbounce.com/company/gilton-consulting-solutions/446067408
['https://www.zoominfo.com/c/gilton-solid-waste-mgmt-inc/48893481', 'NotAvailable', 'NotAvailable']
https://www.zoominfo.com/c/primal-fyre-llc/529774748
https://www.neverbounce.com/company/primal-fyre/529774748
['https://www.zoominfo.com/c/primal-fyre-llc/529774748', 'NotAvailable', 'NotAvailable']
https://www.zoominfo.com/c/global-pallet-solutions-llc/411955227
https://www.zoominfo.com/pic/global-pallet-solutions-llc/411955227
https://www.zoominfo.com/p/Danny-Castor/-1537112749
['https://www.zoominfo.com/c/global-pallet-solutions-llc/411955227', 'https://www.zoominfo.com/pic/global-pallet-solutions-llc/411955227', 'https://www.zoominfo.com/p/Danny-Castor/-1537112749']
https://www.idcrawl.com/justin-stinnett
['NotAvailable', 'NotAvailable', 'NotAvailable']
'organic'
['NotAvailable', 'NotAvailable', 'NotAvailable']
https://www.zoominfo.com/c/gold-trail-recycling-ltd/456420291
['https://www.zoominfo.com/c/gold-trail-recycling-ltd/456420291', 'NotAvailable', 'NotAvailable']
https://www.zoominfo.com/c/gorgo-group/358304854
https://www.zoominfo.com/pic/gorgo-group/358304854
https://www.zoominfo.com/p/Dana-Dimatteo/-1016170406
['https://www.zoominfo.com/c/gorgo-group/358304854', 'https://www.zoominfo.com/pic/gorgo-group/358304854', 'https://www.zoominfo.com/p/Dana-Dimatteo/-1016170406']
https://www.zoominfo.com/c/granville-pallet-company-inc/367599951
https://www.zoominfo.com/pic/granville-pallet-company-inc/367599951
https://www.zoominfo.com/p/Ryan-Stovall/-1809601505
['https://www.zoominfo.com/c/granville-pallet-company-inc/367599951', 'https://www.zoominfo.com/pic/granville-pallet-company-inc/367599951', 'https://www.zoominfo.com/p/Ryan-Stovall/-1809601505']
https://www.zoominfo.com/c/great-american-disposal/1310678943
https://www.zoominfo.com/pic/great-american-disposal-co/356759921
https://www.zoominfo.com/p/Bill-Eisch/-1514599970
['https://www.zoominfo.com/c/great-american-disposal/1310678943', 'https://www.zoominfo.com/pic/great-american-disposal-co/356759921', 'https://www.zoominfo.com/p/Bill-Eisch/-1514599970']
https://www.zoominfo.com/c/green-city-solutions-llc/346078237
https://www.zoominfo.com/c/green-city-solutions-gmbh/372756237
https://www.zoominfo.com/pic/green-city-solutions/346078237
['https://www.zoominfo.com/c/green-city-solutions-llc/346078237', 'https://www.zoominfo.com/c/green-city-solutions-gmbh/372756237', 'https://www.zoominfo.com/pic/green-city-solutions/346078237']
https://www.zoominfo.com/c/green-life-waste-solutions/387773220
https://www.zoominfo.com/p/Justin-Moody/-1087303061
https://www.zoominfo.com/c/midwest-waste-solutions/356874546
['https://www.zoominfo.com/c/green-life-waste-solutions/387773220', 'https://www.zoominfo.com/p/Justin-Moody/-1087303061', 'https://www.zoominfo.com/c/midwest-waste-solutions/356874546']
https://www.zoominfo.com/c/green-line-armor-llc/347160467
https://www.idcrawl.com/nick-lansing
['https://www.zoominfo.com/c/green-line-armor-llc/347160467', 'NotAvailable', 'NotAvailable']
https://www.zoominfo.com/c/green-remedies-waste-recycling-inc/348294251
https://www.neverbounce.com/company/green-remedies-waste-and-recycling/348294251
https://www.apollo.io/companies/Green-Remedies-Waste---Recycling--Inc-/55f62299f3e5bb18f800634b
['https://www.zoominfo.com/c/green-remedies-waste-recycling-inc/348294251', 'NotAvailable', 'NotAvailable']
https://www.zoominfo.com/c/green-team/16744834
https://www.zoominfo.com/c/green-team-llc/448178194
https://www.zoominfo.com/c/green-team-inc/343596075
['https://www.zoominfo.com/c/green-team/16744834', 'https://www.zoominfo.com/c/green-team-llc/448178194', 'https://www.zoominfo.com/c/green-team-inc/343596075']
https://www.zoominfo.com/p/Bret-Mcclue/1892593539
['https://www.zoominfo.com/p/Bret-Mcclue/1892593539', 'NotAvailable', 'NotAvailable']
https://www.zoominfo.com/c/greenscene-agritek-inc/1224171007
https://www.neverbounce.com/company/greenscene-agritek/445692212
['https://www.zoominfo.com/c/greenscene-agritek-inc/1224171007', 'NotAvailable', 'NotAvailable']
https://www.zoominfo.com/c/greenscience-technologies-inc/356116017
https://www.zoominfo.com/pic/greenscience-technologies-inc/356116017
https://www.zoominfo.com/c/greenscience-exchange/345906602
['https://www.zoominfo.com/c/greenscience-technologies-inc/356116017', 'https://www.zoominfo.com/pic/greenscience-technologies-inc/356116017', 'https://www.zoominfo.com/c/greenscience-exchange/345906602']
https://www.zoominfo.com/c/greenstar/537474709
https://www.apollo.io/companies/GreenStar-Waste/54a12b1669702d9ebce64802
https://www.idcrawl.com/jana-vaughan
https://www.tuugo.info/Companies/live-wire-business-management/0340001503681
https://vfcghsr.msangiesfoodforlife.com/post/pandaie-contact/315681
['https://www.zoominfo.com/c/greenstar/537474709', 'NotAvailable', 'NotAvailable']
https://www.zoominfo.com/c/greenway-products-services-llc/371949390
https://www.zoominfo.com/pic/greenway-products-services-llc/371949390
https://www.zoominfo.com/p/Dominick-Davi/909665317
['https://www.zoominfo.com/c/greenway-products-services-llc/371949390', 'https://www.zoominfo.com/pic/greenway-products-services-llc/371949390', 'https://www.zoominfo.com/p/Dominick-Davi/909665317']
https://www.zoominfo.com/c/groupe-bouffard/371954679
https://www.zoominfo.com/pic/groupe-bouffard/371954679
https://www.zoominfo.com/p/Eric-Carrier/-1501271691
['https://www.zoominfo.com/c/groupe-bouffard/371954679', 'https://www.zoominfo.com/pic/groupe-bouffard/371954679', 'https://www.zoominfo.com/p/Eric-Carrier/-1501271691']
'organic'
['NotAvailable', 'NotAvailable', 'NotAvailable']
'organic'
['NotAvailable', 'NotAvailable', 'NotAvailable']
https://www.zoominfo.com/c/h2chem/358664717
https://www.neverbounce.com/company/h2chem/358664717
https://www.apollo.io/companies/H2chem/6048bde1f1cd600001cdac56
https://3kc5thwb-d96-v9.drelarim.world/
https://ulhelf4e-d95-v666.granidi.life/
['https://www.zoominfo.com/c/h2chem/358664717', 'NotAvailable', 'NotAvailable']
https://www.zoominfo.com/c/h2o-services-inc/474896507
https://www.zoominfo.com/c/h2o-services-corp/465703954
https://www.zoominfo.com/c/h2o-pro-services-llc/498260008
['https://www.zoominfo.com/c/h2o-services-inc/474896507', 'https://www.zoominfo.com/c/h2o-services-corp/465703954', 'https://www.zoominfo.com/c/h2o-pro-services-llc/498260008']
https://www.zoominfo.com/c/hastings-manufacturing-llc/126403845
https://www.zoominfo.com/c/hastings-manufacturing-co/123552788
https://www.zoominfo.com/p/Samuel-Greer/-954183343
['https://www.zoominfo.com/c/hastings-manufacturing-llc/126403845', 'https://www.zoominfo.com/c/hastings-manufacturing-co/123552788', 'https://www.zoominfo.com/p/Samuel-Greer/-954183343']
https://www.zoominfo.com/c/healthcare-medical-waste-services-llc/355518692
https://www.neverbounce.com/company/healthcare-medical-waste-services/355518692
https://www.apollo.io/companies/Healthcare-Medical-Waste-Services/55ea5443f3e5bb590800270a
['https://www.zoominfo.com/c/healthcare-medical-waste-services-llc/355518692', 'NotAvailable', 'NotAvailable']
https://www.zoominfo.com/c/heritage-pallets-inc/347397675
https://www.zoominfo.com/pic/heritagepallets/347397675
https://www.zoominfo.com/p/Ashley-Testa/-1319906354
['https://www.zoominfo.com/c/heritage-pallets-inc/347397675', 'https://www.zoominfo.com/pic/heritagepallets/347397675', 'https://www.zoominfo.com/p/Ashley-Testa/-1319906354']
https://www.zoominfo.com/c/hes-med-waste/480692957
https://www.zoominfo.com/pic/hes-med-waste/480692957
https://www.zoominfo.com/c/biomedical-waste-disposal-inc/358266277
['https://www.zoominfo.com/c/hes-med-waste/480692957', 'https://www.zoominfo.com/pic/hes-med-waste/480692957', 'https://www.zoominfo.com/c/biomedical-waste-disposal-inc/358266277']
https://www.zoominfo.com/c/go-potty-llc/348557088
https://www.zoominfo.com/c/waste-ventures/346197824
https://www.zoominfo.com/c/nwmrc/536241266
['https://www.zoominfo.com/c/go-potty-llc/348557088', 'https://www.zoominfo.com/c/waste-ventures/346197824', 'https://www.zoominfo.com/c/nwmrc/536241266']
https://www.zoominfo.com/c/high-tide-properties/345686316
['https://www.zoominfo.com/c/high-tide-properties/345686316', 'NotAvailable', 'NotAvailable']
https://www.zoominfo.com/c/ngl-energy-partners-lp/53642517
https://www.zoominfo.com/c/transmontaigne-partners-lp/276168849
https://www.zoominfo.com/c/downeast-energy/44944227
['https://www.zoominfo.com/c/ngl-energy-partners-lp/53642517', 'https://www.zoominfo.com/c/transmontaigne-partners-lp/276168849', 'https://www.zoominfo.com/c/downeast-energy/44944227']
https://www.zoominfo.com/c/hilltop-enterprises/1160068998
https://www.zoominfo.com/pic/hilltop-enterprises-inc/344329682
https://www.zoominfo.com/c/hilltop-enterprises/64703010
['https://www.zoominfo.com/c/hilltop-enterprises/1160068998', 'https://www.zoominfo.com/pic/hilltop-enterprises-inc/344329682', 'https://www.zoominfo.com/c/hilltop-enterprises/64703010']
https://www.zoominfo.com/c/horizon-waste-service-inc/354452324
['https://www.zoominfo.com/c/horizon-waste-service-inc/354452324', 'NotAvailable', 'NotAvailable']
https://www.zoominfo.com/pic/mp-environmental-services-inc/71172856
https://www.apollo.io/companies/Hotz-Environmental-Services-Inc-/556cfcc073696411c77e6800
https://www.arounddeal.com/profile/joe-goncalves/p9pemwiimq
['https://www.zoominfo.com/pic/mp-environmental-services-inc/71172856', 'NotAvailable', 'NotAvailable']
