https://www.zoominfo.com/c/houston-dumpsters/1112152864
['https://www.zoominfo.com/c/houston-dumpsters/1112152864', 'NotAvailable', 'NotAvailable']
https://www.zoominfo.com/c/huanding-usa-metal-company-ltd/369210052
https://www.neverbounce.com/company/huanding-usa-metal/369210052
['https://www.zoominfo.com/c/huanding-usa-metal-company-ltd/369210052', 'NotAvailable', 'NotAvailable']
https://www.zoominfo.com/c/hudgins-disposal-inc/354167497
https://www.zoominfo.com/pic/hudgins-disposal-inc/354167497
https://www.zoominfo.com/companies-search/location-usa--tennessee--nashville-industry-energy-utilities-waste-treatment?pageNum=4
['https://www.zoominfo.com/c/hudgins-disposal-inc/354167497', 'https://www.zoominfo.com/pic/hudgins-disposal-inc/354167497', 'https://www.zoominfo.com/companies-search/location-usa--tennessee--nashville-industry-energy-utilities-waste-treatment?pageNum=4']
'organic'
['NotAvailable', 'NotAvailable', 'NotAvailable']
https://www.zoominfo.com/c/hydrovac-industrial-services-inc/344924684
https://www.zoominfo.com/pic/hydrovac-industrial-services-inc/344924684
https://www.zoominfo.com/people/Jason/Vest
['https://www.zoominfo.com/c/hydrovac-industrial-services-inc/344924684', 'https://www.zoominfo.com/pic/hydrovac-industrial-services-inc/344924684', 'https://www.zoominfo.com/people/Jason/Vest']
https://www.zoominfo.com/c/hzmtcorp-environmental-inc/461218942
https://www.neverbounce.com/company/hzmtcorp-environmental/461218942
https://www.apollo.io/companies/HZMTCORP-com/6048f184737fc10001d1c4b2
https://rjyxo.privexn.com/post/envirorentals-calgary/73844189
['https://www.zoominfo.com/c/hzmtcorp-environmental-inc/461218942', 'NotAvailable', 'NotAvailable']
https://www.zoominfo.com/c/idr-environmental-services/351441067
https://www.zoominfo.com/pic/idr-environmental-services/351441067
https://www.zoominfo.com/p/Dawn-Bures/3010141261
['https://www.zoominfo.com/c/idr-environmental-services/351441067', 'https://www.zoominfo.com/pic/idr-environmental-services/351441067', 'https://www.zoominfo.com/p/Dawn-Bures/3010141261']
https://www.zoominfo.com/c/industrial-pallet/122094909
https://www.zoominfo.com/c/industrial-pallet-corp/58494151
https://www.zoominfo.com/pic/industrial-pallet-corp/58494151
['https://www.zoominfo.com/c/industrial-pallet/122094909', 'https://www.zoominfo.com/c/industrial-pallet-corp/58494151', 'https://www.zoominfo.com/pic/industrial-pallet-corp/58494151']
https://www.zoominfo.com/c/liquid-industrial-waste-service-inc/355072600
https://www.zoominfo.com/c/industrial-compliance-services/482656782
https://www.zoominfo.com/c/tas-environmental-services-lp/134856921
['https://www.zoominfo.com/c/liquid-industrial-waste-service-inc/355072600', 'https://www.zoominfo.com/c/industrial-compliance-services/482656782', 'https://www.zoominfo.com/c/tas-environmental-services-lp/134856921']
https://www.zoominfo.com/c/integrated-waste-solutions/19497722
https://www.zoominfo.com/c/integrated-waste-solutions/355044637
https://www.zoominfo.com/c/integrated-waste-management-inc/347215201
['https://www.zoominfo.com/c/integrated-waste-solutions/19497722', 'https://www.zoominfo.com/c/integrated-waste-solutions/355044637', 'https://www.zoominfo.com/c/integrated-waste-management-inc/347215201']
https://www.zoominfo.com/c/integrated-waste-solutions-group-llc/414066531
https://www.zoominfo.com/pic/integrated-waste-solutions-group-llc/414066531
https://www.zoominfo.com/p/Mike-Lavengco/2965580769
['https://www.zoominfo.com/c/integrated-waste-solutions-group-llc/414066531', 'https://www.zoominfo.com/pic/integrated-waste-solutions-group-llc/414066531', 'https://www.zoominfo.com/p/Mike-Lavengco/2965580769']
https://www.zoominfo.com/c/interim-storage-partners-llc/557550329
https://www.neverbounce.com/company/waste-control-specialists/401451607
https://growjo.com/company/Waste_Control_Specialists
https://www.idcrawl.com/timothy-matthews
['https://www.zoominfo.com/c/interim-storage-partners-llc/557550329', 'NotAvailable', 'NotAvailable']
https://www.zoominfo.com/c/invisible-waste-services/20070892
https://www.neverbounce.com/company/invisible-waste-services/20070892
https://www.apollo.io/companies/Invisible-Waste-Services-LLC/5d0a904ef651258ef3386b92
https://www.scribd.com/document/455188232/MC-CASE-pdf
https://www.idcrawl.com/edwin-aragon
['https://www.zoominfo.com/c/invisible-waste-services/20070892', 'NotAvailable', 'NotAvailable']
https://www.zoominfo.com/c/industrie-de-palettes-standard-ips-inc/136643658
https://www.zoominfo.com/p/Raed-Bechara/-1500248235
https://www.zoominfo.com/c/les-entreprises-interco-inc/346427751
['https://www.zoominfo.com/c/industrie-de-palettes-standard-ips-inc/136643658', 'https://www.zoominfo.com/p/Raed-Bechara/-1500248235', 'https://www.zoominfo.com/c/les-entreprises-interco-inc/346427751']
https://www.zoominfo.com/c/itnolappalletcrating/47467710
https://www.zoominfo.com/pic/itnolap-pallet-crating/47467710
https://www.zoominfo.com/companies-search/location-usa--tennessee--murfreesboro-industry-manufacturing?pageNum=2
['https://www.zoominfo.com/c/itnolappalletcrating/47467710', 'https://www.zoominfo.com/pic/itnolap-pallet-crating/47467710', 'https://www.zoominfo.com/companies-search/location-usa--tennessee--murfreesboro-industry-manufacturing?pageNum=2']
https://www.zoominfo.com/c/j-j-services-inc/363347391
https://www.zoominfo.com/c/j-j-services-ltd/513263232
https://www.zoominfo.com/pic/j-j-services-inc/363347391
['https://www.zoominfo.com/c/j-j-services-inc/363347391', 'https://www.zoominfo.com/c/j-j-services-ltd/513263232', 'https://www.zoominfo.com/pic/j-j-services-inc/363347391']
https://www.zoominfo.com/c/j-r-pallet-recycling-ltd/359182132
['https://www.zoominfo.com/c/j-r-pallet-recycling-ltd/359182132', 'NotAvailable', 'NotAvailable']
'organic'
['NotAvailable', 'NotAvailable', 'NotAvailable']
https://www.zoominfo.com/c/js-fesmire-hauling-inc/358546252
https://www.zoominfo.com/pic/js-fesmire-hauling-inc/358546252
https://www.zoominfo.com/p/James-Fesmire/-1820393747
['https://www.zoominfo.com/c/js-fesmire-hauling-inc/358546252', 'https://www.zoominfo.com/pic/js-fesmire-hauling-inc/358546252', 'https://www.zoominfo.com/p/James-Fesmire/-1820393747']
https://www.zoominfo.com/c/topfit/144785512
https://www.neverbounce.com/company/topfit/144785512
['https://www.zoominfo.com/c/topfit/144785512', 'NotAvailable', 'NotAvailable']
https://www.zoominfo.com/c/jadco-container/528101607
https://www.zoominfo.com/c/richardson-waste-solutions/410169833
https://www.zoominfo.com/c/dans-trash/357466673
['https://www.zoominfo.com/c/jadco-container/528101607', 'https://www.zoominfo.com/c/richardson-waste-solutions/410169833', 'https://www.zoominfo.com/c/dans-trash/357466673']
https://www.zoominfo.com/c/jbs-disposal/396058896
https://www.neverbounce.com/company/jbs-disposal/396058896
['https://www.zoominfo.com/c/jbs-disposal/396058896', 'NotAvailable', 'NotAvailable']
https://www.zoominfo.com/c/jc-pallet-company-inc/56985571
https://www.zoominfo.com/pic/jc-pallet/56985571
https://www.zoominfo.com/c/api-pallet-inc/369428796
['https://www.zoominfo.com/c/jc-pallet-company-inc/56985571', 'https://www.zoominfo.com/pic/jc-pallet/56985571', 'https://www.zoominfo.com/c/api-pallet-inc/369428796']
'organic'
['NotAvailable', 'NotAvailable', 'NotAvailable']
https://www.zoominfo.com/c/jjs-waste-recycling-llc/453157013
https://www.zoominfo.com/pic/jjs-waste-recycling-llc/453157013
https://www.zoominfo.com/c/jj-richards-sons-pty-ltd/347801473
['https://www.zoominfo.com/c/jjs-waste-recycling-llc/453157013', 'https://www.zoominfo.com/pic/jjs-waste-recycling-llc/453157013', 'https://www.zoominfo.com/c/jj-richards-sons-pty-ltd/347801473']
https://www.zoominfo.com/c/jns-cleaning/347219312
https://www.zoominfo.com/pic/jns-cleaning/347219312
https://www.zoominfo.com/p/Frank-Alcala/-2038595589
['https://www.zoominfo.com/c/jns-cleaning/347219312', 'https://www.zoominfo.com/pic/jns-cleaning/347219312', 'https://www.zoominfo.com/p/Frank-Alcala/-2038595589']
https://www.zoominfo.com/c/johnson-county-refuse-inc/346671431
https://www.neverbounce.com/company/johnson-county-refuse/346671431
['https://www.zoominfo.com/c/johnson-county-refuse-inc/346671431', 'NotAvailable', 'NotAvailable']
https://www.zoominfo.com/c/jordan-waste/528115262
https://www.zoominfo.com/c/jordan-waste-management-ltd/425196110
https://www.zoominfo.com/companies-search/location-usa--south-carolina--marion-industry-energy-utilities-waste-treatment
['https://www.zoominfo.com/c/jordan-waste/528115262', 'https://www.zoominfo.com/c/jordan-waste-management-ltd/425196110', 'https://www.zoominfo.com/companies-search/location-usa--south-carolina--marion-industry-energy-utilities-waste-treatment']
https://www.zoominfo.com/p/Patrick-Rivera/2640099306
https://www.neverbounce.com/company/k9-cleveland/465481036
['https://www.zoominfo.com/p/Patrick-Rivera/2640099306', 'NotAvailable', 'NotAvailable']
https://www.zoominfo.com/c/monarch-k--9-waste-removal-llc/344025269
https://www.zoominfo.com/c/entremanure-k--9-waste-removal-llc/410384222
https://www.zoominfo.com/pic/monarch-k--9-waste-removal-llc/344025269
['https://www.zoominfo.com/c/monarch-k--9-waste-removal-llc/344025269', 'https://www.zoominfo.com/c/entremanure-k--9-waste-removal-llc/410384222', 'https://www.zoominfo.com/pic/monarch-k--9-waste-removal-llc/344025269']
https://www.zoominfo.com/c/keep-northern-illinois-beautiful/343709173
https://www.neverbounce.com/company/keep-northern-illinois-beautiful/343709173
http://www.ameriquefrancaise.org/pedia.php?page=golden-nugget-casino-biloxi-shooting-knib
https://app.lead411.com/Angela_Hartley_1168925.html
https://www.arounddeal.com/profile/steve-brice/x1vetxcpzl
['https://www.zoominfo.com/c/keep-northern-illinois-beautiful/343709173', 'NotAvailable', 'NotAvailable']
https://www.zoominfo.com/c/keystone-containment-contractors/357279563
https://www.zoominfo.com/pic/keystone-containment-contractors/357279563
https://www.zoominfo.com/p/Ted-Maloney/-1305167659
['https://www.zoominfo.com/c/keystone-containment-contractors/357279563', 'https://www.zoominfo.com/pic/keystone-containment-contractors/357279563', 'https://www.zoominfo.com/p/Ted-Maloney/-1305167659']
https://www.zoominfo.com/c/kirk-ventures-i-ltd/538757959
https://www.apollo.io/companies/Kirk-Corporation/5d0aa9c680f93e8fb09e3931
['https://www.zoominfo.com/c/kirk-ventures-i-ltd/538757959', 'NotAvailable', 'NotAvailable']
https://www.zoominfo.com/c/kleen--environmental/481009156
https://www.zoominfo.com/c/filter-kleen-environmental/356843776
https://www.zoominfo.com/p/Bradley-Stribling/-1834807638
['https://www.zoominfo.com/c/kleen--environmental/481009156', 'https://www.zoominfo.com/c/filter-kleen-environmental/356843776', 'https://www.zoominfo.com/p/Bradley-Stribling/-1834807638']
'organic'
['NotAvailable', 'NotAvailable', 'NotAvailable']
https://www.zoominfo.com/c/knudsen-beverage-consulting/346068596
https://www.neverbounce.com/company/knudsen-beverage-consulting/346068596
['https://www.zoominfo.com/c/knudsen-beverage-consulting/346068596', 'NotAvailable', 'NotAvailable']
https://www.zoominfo.com/c/labrie-enviroquip-group-inc/68765288
https://www.zoominfo.com/pic/labrie-enviroquip-group-inc/68765288
https://www.zoominfo.com/p/Lorraine-Bergeron/-790845665
['https://www.zoominfo.com/c/labrie-enviroquip-group-inc/68765288', 'https://www.zoominfo.com/pic/labrie-enviroquip-group-inc/68765288', 'https://www.zoominfo.com/p/Lorraine-Bergeron/-790845665']
https://www.zoominfo.com/c/leichhardt-industrials-pty-ltd/522561545
https://www.zoominfo.com/c/leic-lift-engineering-company/363300161
https://www.zoominfo.com/c/leicester/395787500
['https://www.zoominfo.com/c/leichhardt-industrials-pty-ltd/522561545', 'https://www.zoominfo.com/c/leic-lift-engineering-company/363300161', 'https://www.zoominfo.com/c/leicester/395787500']
https://www.zoominfo.com/c/lake-country-disposal/353721263
https://5za3luet-d83-v666.adozel.wiki/
['https://www.zoominfo.com/c/lake-country-disposal/353721263', 'NotAvailable', 'NotAvailable']
https://www.zoominfo.com/c/lake-country/343405062
https://www.zoominfo.com/pic/lake-country-corporation/343405062
https://www.zoominfo.com/p/Lake-Counrty/5987551700
['https://www.zoominfo.com/c/lake-country/343405062', 'https://www.zoominfo.com/pic/lake-country-corporation/343405062', 'https://www.zoominfo.com/p/Lake-Counrty/5987551700']
https://www.zoominfo.com/c/lam-site-services/1224992595
['https://www.zoominfo.com/c/lam-site-services/1224992595', 'NotAvailable', 'NotAvailable']
'organic'
['NotAvailable', 'NotAvailable', 'NotAvailable']
https://www.zoominfo.com/p/Lisa-Tobias/-1607113442
https://www.apollo.io/companies/Lebanon-Farms-Disposal/55923b25736964185f8fe400
https://www.idcrawl.com/rick-showers
['https://www.zoominfo.com/p/Lisa-Tobias/-1607113442', 'NotAvailable', 'NotAvailable']
https://www.neverbounce.com/company/leblanc-environnement/409869406
['NotAvailable', 'NotAvailable', 'NotAvailable']
'organic'
['NotAvailable', 'NotAvailable', 'NotAvailable']
https://www.zoominfo.com/c/lepage-sons-inc/80988650
https://www.zoominfo.com/pic/lepage-sons-inc/80988650
https://www.zoominfo.com/c/lepage-and-sons-roofing-llc/363577422
['https://www.zoominfo.com/c/lepage-sons-inc/80988650', 'https://www.zoominfo.com/pic/lepage-sons-inc/80988650', 'https://www.zoominfo.com/c/lepage-and-sons-roofing-llc/363577422']
https://www.zoominfo.com/c/link-international-inc/368948792
https://www.zoominfo.com/pic/link-international-inc/368948792
https://www.zoominfo.com/c/rj-link-international-inc/63816404
['https://www.zoominfo.com/c/link-international-inc/368948792', 'https://www.zoominfo.com/pic/link-international-inc/368948792', 'https://www.zoominfo.com/c/rj-link-international-inc/63816404']
https://www.zoominfo.com/c/liquid-waste-removal-inc/355551984
https://www.zoominfo.com/pic/liquid-waste-removal-inc/355551984
https://www.zoominfo.com/c/rukus-liquid-waste-removal/366696051
['https://www.zoominfo.com/c/liquid-waste-removal-inc/355551984', 'https://www.zoominfo.com/pic/liquid-waste-removal-inc/355551984', 'https://www.zoominfo.com/c/rukus-liquid-waste-removal/366696051']
https://www.zoominfo.com/c/lisa-williams-associates-llc/345863742
https://www.neverbounce.com/company/lisa-williams-associates/345863742
https://www.apollo.io/companies/Lisa-Williams---Associates/54a1275369702db8788f2c00
['https://www.zoominfo.com/c/lisa-williams-associates-llc/345863742', 'NotAvailable', 'NotAvailable']
https://www.zoominfo.com/c/local-environmental-agriculture-project-inc/347022530
https://www.zoominfo.com/c/richway-environmental-technologies-ltd/123011465
https://www.zoominfo.com/c/environmental-and-social-advisory-services-ltd/357178451
['https://www.zoominfo.com/c/local-environmental-agriculture-project-inc/347022530', 'https://www.zoominfo.com/c/richway-environmental-technologies-ltd/123011465', 'https://www.zoominfo.com/c/environmental-and-social-advisory-services-ltd/357178451']
https://www.zoominfo.com/c/logistical-solutions-llc/357618908
https://www.apollo.io/companies/Logistical-Solutions--LLC/54a12b1269702d9b8b9b6e02
https://ewooj.as-rc.com/post/logical-solutions-llc/56590230
['https://www.zoominfo.com/c/logistical-solutions-llc/357618908', 'NotAvailable', 'NotAvailable']
'organic'
['NotAvailable', 'NotAvailable', 'NotAvailable']
https://www.zoominfo.com/c/lower-valley-water-district/351432895
https://www.zoominfo.com/pic/lower-valley-water-district/351432895
https://www.zoominfo.com/p/Ed-Long/-1321919573
['https://www.zoominfo.com/c/lower-valley-water-district/351432895', 'https://www.zoominfo.com/pic/lower-valley-water-district/351432895', 'https://www.zoominfo.com/p/Ed-Long/-1321919573']
https://swordfish.ai/d/p/witherspoon-chris-email-us70056601
['NotAvailable', 'NotAvailable', 'NotAvailable']
https://www.zoominfo.com/c/m-b-environmental-inc/358141210
https://www.neverbounce.com/company/mb-environmental-consulting/404265128
https://www.idcrawl.com/dana-murray
https://ydzhj.christiancardenastexas.com/post/vanam-ecologics/73694380
https://jrflugr.bhems.com/post/fitosoil-alcantarilla/39341455
['https://www.zoominfo.com/c/m-b-environmental-inc/358141210', 'NotAvailable', 'NotAvailable']
https://www.neverbounce.com/company/macau-capital-investments/453100174
https://www.apollo.io/companies/Macau-Capital-Investments/5b5d8283f6e08540963f9b45
https://researchdatagroup.com/composite-software/
https://www.aaii.com/authors/show/jack-gilleland
https://yaaqen.com/sitemap
['NotAvailable', 'NotAvailable', 'NotAvailable']
https://www.vsigo.cn/cps/Yiqifa.aspx?src=yiqifa&website_id=430603&cid=4092&wi=NDMwNjAzfDAwTGs3MTAwMmI0YjkwNTc0MjQ0&url=//tsilciasul.ml/113wwwvsigocnFYD651
['NotAvailable', 'NotAvailable', 'NotAvailable']
https://www.zoominfo.com/c/malsparo/444058476
https://www.neverbounce.com/company/malsparo/444058476
https://u5e.tuneworx.co.za/1a04oP/807Wot1B290eJM6UIHfk
https://fsx.manyatenterprise.co.za/k06eyu5vq3t1asn7z89jmr2chobpd4
https://zk.reiddrop.co.za/4xceq2rln1tg6fmu97akz8hvj5bdsi
['https://www.zoominfo.com/c/malsparo/444058476', 'NotAvailable', 'NotAvailable']
https://www.zoominfo.com/p/Tyler-Stark/-2109488063
https://www.zoominfo.com/people/Nicky/Schiller
https://www.zoominfo.com/p/John-Nellessen/9356949
['https://www.zoominfo.com/p/Tyler-Stark/-2109488063', 'https://www.zoominfo.com/people/Nicky/Schiller', 'https://www.zoominfo.com/p/John-Nellessen/9356949']
https://www.zoominfo.com/c/maviro-inc/454623955
https://www.apollo.io/companies/Maviro-Inc-/54a11eb069702da753629f01
https://www.neverbounce.com/company/maviro/454623955
https://growjo.com/company/BG_Medical
https://ec.linkedin.com/pub/dir/Morgan/Anderson
['https://www.zoominfo.com/c/maviro-inc/454623955', 'NotAvailable', 'NotAvailable']
https://www.zoominfo.com/c/mcvac-environmental-inc/24265392
https://www.zoominfo.com/pic/mcvac-environmental-inc/24265392
https://www.zoominfo.com/p/Peter-Mahar/-2049361314
['https://www.zoominfo.com/c/mcvac-environmental-inc/24265392', 'https://www.zoominfo.com/pic/mcvac-environmental-inc/24265392', 'https://www.zoominfo.com/p/Peter-Mahar/-2049361314']
https://www.zoominfo.com/c/medclean/345207173
https://www.idcrawl.com/wayne-grimes
['https://www.zoominfo.com/c/medclean/345207173', 'NotAvailable', 'NotAvailable']
https://www.zoominfo.com/c/medserve/373867470
https://www.zoominfo.com/c/medserve-home-healthcare-inc/371619802
https://www.zoominfo.com/p/Udaya-Menon/-1913250443
['https://www.zoominfo.com/c/medserve/373867470', 'https://www.zoominfo.com/c/medserve-home-healthcare-inc/371619802', 'https://www.zoominfo.com/p/Udaya-Menon/-1913250443']
https://www.zoominfo.com/c/mega--tech-services-llc/410862315
https://www.zoominfo.com/pic/mega--tech-services-llc/410862315
https://www.zoominfo.com/p/Deanna-Bowen/-928273068
['https://www.zoominfo.com/c/mega--tech-services-llc/410862315', 'https://www.zoominfo.com/pic/mega--tech-services-llc/410862315', 'https://www.zoominfo.com/p/Deanna-Bowen/-928273068']
https://www.zoominfo.com/c/delta--montrose-electric-association/45929823
https://www.zoominfo.com/c/guzman-co/23611316
https://www.zoominfo.com/c/mexican-baseball-fiesta/379377784
['https://www.zoominfo.com/c/delta--montrose-electric-association/45929823', 'https://www.zoominfo.com/c/guzman-co/23611316', 'https://www.zoominfo.com/c/mexican-baseball-fiesta/379377784']
https://www.zoominfo.com/c/metro-waste-authority/24723839
https://www.zoominfo.com/pic/metro-waste-authority/24723839
https://www.zoominfo.com/p/Leslie-Irlbeck/-1924272533
['https://www.zoominfo.com/c/metro-waste-authority/24723839', 'https://www.zoominfo.com/pic/metro-waste-authority/24723839', 'https://www.zoominfo.com/p/Leslie-Irlbeck/-1924272533']
https://www.zoominfo.com/c/michigan-pallet-inc/32949675
https://www.ampliz.com/company/michigan-pallet-recycling-inc/99395211
https://www.neverbounce.com/company/michigan-pallet/32949675
https://lbahwwh.bbgelsominoiseo.it/
['https://www.zoominfo.com/c/michigan-pallet-inc/32949675', 'NotAvailable', 'NotAvailable']
https://www.zoominfo.com/c/midwest-bioenergy-ltd/365412717
https://www.neverbounce.com/company/midwest-lfg-solutions/347450858
['https://www.zoominfo.com/c/midwest-bioenergy-ltd/365412717', 'NotAvailable', 'NotAvailable']
https://www.zoominfo.com/c/midwest-waste/358454873
https://www.zoominfo.com/c/midwest-waste-inc/78234339
https://www.zoominfo.com/c/midwest-waste-services-llc/355355765
['https://www.zoominfo.com/c/midwest-waste/358454873', 'https://www.zoominfo.com/c/midwest-waste-inc/78234339', 'https://www.zoominfo.com/c/midwest-waste-services-llc/355355765']
https://www.zoominfo.com/companies-search/location-usa--georgia-industry-waste-treatment-environmental-services-recycling?pageNum=2
['https://www.zoominfo.com/companies-search/location-usa--georgia-industry-waste-treatment-environmental-services-recycling?pageNum=2', 'NotAvailable', 'NotAvailable']
'organic'
['NotAvailable', 'NotAvailable', 'NotAvailable']
https://www.zoominfo.com/c/mcneely-lincoln-associates-inc/173130414
https://www.zoominfo.com/pic/mcneely-lincoln-associates-inc/173130414
https://www.zoominfo.com/p/Stephen-Allen/-1435429821
['https://www.zoominfo.com/c/mcneely-lincoln-associates-inc/173130414', 'https://www.zoominfo.com/pic/mcneely-lincoln-associates-inc/173130414', 'https://www.zoominfo.com/p/Stephen-Allen/-1435429821']
https://www.zoominfo.com/c/mody-pumps-inc/88769181
https://www.zoominfo.com/pic/mody-pumps-inc/88769181
https://www.zoominfo.com/p/Tayler-Mcquilliams/-2051763558
['https://www.zoominfo.com/c/mody-pumps-inc/88769181', 'https://www.zoominfo.com/pic/mody-pumps-inc/88769181', 'https://www.zoominfo.com/p/Tayler-Mcquilliams/-2051763558']
https://www.zoominfo.com/c/momentum-recycling-llc/347086431
https://www.zoominfo.com/pic/momentum-recycling-llc/347086431
https://www.zoominfo.com/p/Carey-Walker/-1466610591
['https://www.zoominfo.com/c/momentum-recycling-llc/347086431', 'https://www.zoominfo.com/pic/momentum-recycling-llc/347086431', 'https://www.zoominfo.com/p/Carey-Walker/-1466610591']
https://www.zoominfo.com/c/mayoor-patel-dds/358351515
https://www.zoominfo.com/c/chattan-m-patel-dds-inc/1229151062
https://www.zoominfo.com/c/raj-m-patel/411275208
['https://www.zoominfo.com/c/mayoor-patel-dds/358351515', 'https://www.zoominfo.com/c/chattan-m-patel-dds-inc/1229151062', 'https://www.zoominfo.com/c/raj-m-patel/411275208']
https://www.zoominfo.com/c/oc-clean-a-can/365687779
https://www.zoominfo.com/c/clean-can-co/461015582
https://www.zoominfo.com/c/clean-cans/452615092
['https://www.zoominfo.com/c/oc-clean-a-can/365687779', 'https://www.zoominfo.com/c/clean-can-co/461015582', 'https://www.zoominfo.com/c/clean-cans/452615092']
https://www.zoominfo.com/c/msa-inc/344422221
https://www.zoominfo.com/pic/msa-inc/344422221
https://www.zoominfo.com/p/Richard-Merrill/1324575351
['https://www.zoominfo.com/c/msa-inc/344422221', 'https://www.zoominfo.com/pic/msa-inc/344422221', 'https://www.zoominfo.com/p/Richard-Merrill/1324575351']
https://www.zoominfo.com/c/msw-recycler-inc/1267295846
https://www.neverbounce.com/company/msw-recycler/1267295846
https://vxjbc.boutiqueblo.com/post/clydesdale-steel-llc/78240866
https://www.idcrawl.com/lauren-campanella
['https://www.zoominfo.com/c/msw-recycler-inc/1267295846', 'NotAvailable', 'NotAvailable']
https://www.zoominfo.com/c/derby-city-environmental/407086971
https://www.neverbounce.com/company/derby-city-environmental/407086971
['https://www.zoominfo.com/c/derby-city-environmental/407086971', 'NotAvailable', 'NotAvailable']
https://www.zoominfo.com/c/sharp-environmental-ltd/108153292
https://www.zoominfo.com/c/sharp-environmental-technologies/457709901
https://www.zoominfo.com/pic/sharp-environmental/108153292
['https://www.zoominfo.com/c/sharp-environmental-ltd/108153292', 'https://www.zoominfo.com/c/sharp-environmental-technologies/457709901', 'https://www.zoominfo.com/pic/sharp-environmental/108153292']
https://www.zoominfo.com/c/midwest-iron--metal/347688560
https://www.zoominfo.com/pic/midwest-iron-metal-company-inc/347688560
https://www.zoominfo.com/c/mw-metal/454943839
['https://www.zoominfo.com/c/midwest-iron--metal/347688560', 'https://www.zoominfo.com/pic/midwest-iron-metal-company-inc/347688560', 'https://www.zoominfo.com/c/mw-metal/454943839']
https://www.zoominfo.com/c/mws-ltd/45155827
https://www.zoominfo.com/c/mws-solutions-inc/346763332
https://www.zoominfo.com/c/mws/1139011385
['https://www.zoominfo.com/c/mws-ltd/45155827', 'https://www.zoominfo.com/c/mws-solutions-inc/346763332', 'https://www.zoominfo.com/c/mws/1139011385']
