https://www.zoominfo.com/c/myca-material-handling-solutions-inc/347266313
https://www.zoominfo.com/pic/myca-material-handling-solutions/347266313
https://www.zoominfo.com/c/myca/1110397825
['https://www.zoominfo.com/c/myca-material-handling-solutions-inc/347266313', 'https://www.zoominfo.com/pic/myca-material-handling-solutions/347266313', 'https://www.zoominfo.com/c/myca/1110397825']
https://www.zoominfo.com/c/n--viro-ltd/127762969
https://www.zoominfo.com/c/nviro-solutions-inc/528184798
https://www.zoominfo.com/c/nviro/58543643
['https://www.zoominfo.com/c/n--viro-ltd/127762969', 'https://www.zoominfo.com/c/nviro-solutions-inc/528184798', 'https://www.zoominfo.com/c/nviro/58543643']
'organic'
['NotAvailable', 'NotAvailable', 'NotAvailable']
https://www.zoominfo.com/c/nationwide-green-consultants/345566026
https://www.neverbounce.com/company/nationwide-green-consultants/345566026
https://www.apollo.io/companies/Nationwide-Green-Consultants/556d42637369641238b8cf00
['https://www.zoominfo.com/c/nationwide-green-consultants/345566026', 'NotAvailable', 'NotAvailable']
https://www.zoominfo.com/p/Bo-Smith/356587708
['https://www.zoominfo.com/p/Bo-Smith/356587708', 'NotAvailable', 'NotAvailable']
https://www.zoominfo.com/c/neowaste/462893165
https://www.neverbounce.com/company/neowaste/462893165
https://www.arounddeal.com/profile/jessica-a-findley/u5oygjvlvc
https://www.idcrawl.com/muriel-vega
['https://www.zoominfo.com/c/neowaste/462893165', 'NotAvailable', 'NotAvailable']
https://www.zoominfo.com/c/niagara-pallet/76188220
https://www.zoominfo.com/pic/niagara-pallet/76188220
https://www.zoominfo.com/p/Fred-Vrugteveen/153117480
['https://www.zoominfo.com/c/niagara-pallet/76188220', 'https://www.zoominfo.com/pic/niagara-pallet/76188220', 'https://www.zoominfo.com/p/Fred-Vrugteveen/153117480']
https://www.zoominfo.com/companies-search/location-usa--minnesota--two-harbors-industry-consumer-services-general
https://www.idcrawl.com/ben-redden
['https://www.zoominfo.com/companies-search/location-usa--minnesota--two-harbors-industry-consumer-services-general', 'NotAvailable', 'NotAvailable']
https://www.zoominfo.com/c/north-wind-group/28098587
https://www.zoominfo.com/pic/the-northwind-group/356977645
https://www.zoominfo.com/pic/north-wind-group/28098587
['https://www.zoominfo.com/c/north-wind-group/28098587', 'https://www.zoominfo.com/pic/the-northwind-group/356977645', 'https://www.zoominfo.com/pic/north-wind-group/28098587']
https://www.zoominfo.com/c/northland-pallet-inc/348147306
https://www.zoominfo.com/pic/northland-pallet-inc/348147306
https://www.zoominfo.com/p/Drew-Engleman/-2098424351
['https://www.zoominfo.com/c/northland-pallet-inc/348147306', 'https://www.zoominfo.com/pic/northland-pallet-inc/348147306', 'https://www.zoominfo.com/p/Drew-Engleman/-2098424351']
https://www.zoominfo.com/c/nrc-international-holdings/26771784
https://www.zoominfo.com/c/national-republican-congressional-committee/121128174
https://www.zoominfo.com/c/nrcc/414724142
['https://www.zoominfo.com/c/nrc-international-holdings/26771784', 'https://www.zoominfo.com/c/national-republican-congressional-committee/121128174', 'https://www.zoominfo.com/c/nrcc/414724142']
'organic'
['NotAvailable', 'NotAvailable', 'NotAvailable']
https://www.zoominfo.com/c/okane-consultants-inc/42681595
https://www.zoominfo.com/pic/okane-consultants-inc/42681595
https://www.zoominfo.com/c/oklahoma-city-thunder/398033934
['https://www.zoominfo.com/c/okane-consultants-inc/42681595', 'https://www.zoominfo.com/pic/okane-consultants-inc/42681595', 'https://www.zoominfo.com/c/oklahoma-city-thunder/398033934']
https://www.zoominfo.com/c/o6-environmental-services/1119816248
https://www.zoominfo.com/pic/o6-environmental-services/1119816248
https://www.zoominfo.com/c/wellington-environmental/398179005
['https://www.zoominfo.com/c/o6-environmental-services/1119816248', 'https://www.zoominfo.com/pic/o6-environmental-services/1119816248', 'https://www.zoominfo.com/c/wellington-environmental/398179005']
https://www.zoominfo.com/c/hd-supply-inc/56185422
['https://www.zoominfo.com/c/hd-supply-inc/56185422', 'NotAvailable', 'NotAvailable']
https://www.zoominfo.com/c/georgia-state-government/1309740725
https://www.zoominfo.com/c/pierce-county-nursing-home/1141378829
https://www.zoominfo.com/c/georgia-asphalt-producers-inc/551898246
['https://www.zoominfo.com/c/georgia-state-government/1309740725', 'https://www.zoominfo.com/c/pierce-county-nursing-home/1141378829', 'https://www.zoominfo.com/c/georgia-asphalt-producers-inc/551898246']
https://www.zoominfo.com/c/the-owl-mag/507426882
https://www.zoominfo.com/c/super-unison/536981747
https://www.zoominfo.com/c/night-owl-apothecary/538310402
['https://www.zoominfo.com/c/the-owl-mag/507426882', 'https://www.zoominfo.com/c/super-unison/536981747', 'https://www.zoominfo.com/c/night-owl-apothecary/538310402']
https://www.zoominfo.com/c/olcese-construction-co/1179249845
https://cvffi.broadskyacademy.com/post/olcese-construction-co-inc/46091320
https://www.idcrawl.com/amber-cupp
['https://www.zoominfo.com/c/olcese-construction-co/1179249845', 'NotAvailable', 'NotAvailable']
https://www.zoominfo.com/c/olympic-forest-products-co/212140574
https://www.zoominfo.com/pic/olympic-forest-products-company/212140574
https://www.zoominfo.com/p/Bill-Andrews/-2116985478
['https://www.zoominfo.com/c/olympic-forest-products-co/212140574', 'https://www.zoominfo.com/pic/olympic-forest-products-company/212140574', 'https://www.zoominfo.com/p/Bill-Andrews/-2116985478']
https://www.zoominfo.com/c/omaha-pumping/357421482
https://www.neverbounce.com/company/omaha-pumping/357421482
['https://www.zoominfo.com/c/omaha-pumping/357421482', 'NotAvailable', 'NotAvailable']
https://www.zoominfo.com/c/onopa-services-llc/348470117
https://www.zoominfo.com/pic/onopa-services-llc/348470117
https://www.zoominfo.com/p/Sandra-Wilks/-2090047208
['https://www.zoominfo.com/c/onopa-services-llc/348470117', 'https://www.zoominfo.com/pic/onopa-services-llc/348470117', 'https://www.zoominfo.com/p/Sandra-Wilks/-2090047208']
https://www.zoominfo.com/c/optime-supply-chain-inc/359293272
https://www.zoominfo.com/c/consilium-healthcare-strategy-group-inc/444512258
https://www.zoominfo.com/p/Paul-Weiss/1582391158
['https://www.zoominfo.com/c/optime-supply-chain-inc/359293272', 'https://www.zoominfo.com/c/consilium-healthcare-strategy-group-inc/444512258', 'https://www.zoominfo.com/p/Paul-Weiss/1582391158']
https://www.zoominfo.com/c/optimum-waste-usa/458575838
https://www.zoominfo.com/pic/optimum-waste-usa/458575838
https://www.zoominfo.com/pic/optimum-waste-recycling-systems/357813366
['https://www.zoominfo.com/c/optimum-waste-usa/458575838', 'https://www.zoominfo.com/pic/optimum-waste-usa/458575838', 'https://www.zoominfo.com/pic/optimum-waste-recycling-systems/357813366']
https://www.zoominfo.com/c/osi-environmental-inc/89047782
https://www.zoominfo.com/pic/osi-environmental-inc/89047782
https://www.zoominfo.com/p/Lee-Marks/1257365753
['https://www.zoominfo.com/c/osi-environmental-inc/89047782', 'https://www.zoominfo.com/pic/osi-environmental-inc/89047782', 'https://www.zoominfo.com/p/Lee-Marks/1257365753']
https://www.zoominfo.com/c/pack-rat-hauling/397673804
https://www.zoominfo.com/pic/pack-rat-hauling/397673804
https://www.zoominfo.com/c/atlantic-waste-group/541452651
['https://www.zoominfo.com/c/pack-rat-hauling/397673804', 'https://www.zoominfo.com/pic/pack-rat-hauling/397673804', 'https://www.zoominfo.com/c/atlantic-waste-group/541452651']
https://www.zoominfo.com/c/palko-pty-ltd/352628397
https://www.neverbounce.com/company/palko/352628397
https://www.apollo.io/companies/Palko-Designs/54a1341569702d352f081d00
https://swordfish.ai/d/p/palko-bob-email-us84378406
https://www.linkedin.com/in/kelly-gatica-427600165
['https://www.zoominfo.com/c/palko-pty-ltd/352628397', 'NotAvailable', 'NotAvailable']
https://www.zoominfo.com/c/pallet-broker-llc/560037713
https://www.neverbounce.com/company/order-pallets/42730420
https://www.idcrawl.com/mike-zaborowski
['https://www.zoominfo.com/c/pallet-broker-llc/560037713', 'NotAvailable', 'NotAvailable']
https://www.zoominfo.com/c/pallet-consultants-nationwide/89981433
https://www.zoominfo.com/pic/pallet-company-inc/89981433
https://www.zoominfo.com/c/pallet-consulting/414223481
['https://www.zoominfo.com/c/pallet-consultants-nationwide/89981433', 'https://www.zoominfo.com/pic/pallet-company-inc/89981433', 'https://www.zoominfo.com/c/pallet-consulting/414223481']
https://www.zoominfo.com/c/plasolution/430115188
https://www.zoominfo.com/c/silver-oak-services-partners-llc/353845800
https://www.zoominfo.com/p/Luis-Goez/-1783904921
['https://www.zoominfo.com/c/plasolution/430115188', 'https://www.zoominfo.com/c/silver-oak-services-partners-llc/353845800', 'https://www.zoominfo.com/p/Luis-Goez/-1783904921']
https://www.zoominfo.com/c/pallet-recyclers/354842868
https://www.zoominfo.com/pic/vision-iv-inc/354842868
https://www.zoominfo.com/c/valley-pallet-recyclers/528698142
['https://www.zoominfo.com/c/pallet-recyclers/354842868', 'https://www.zoominfo.com/pic/vision-iv-inc/354842868', 'https://www.zoominfo.com/c/valley-pallet-recyclers/528698142']
https://www.zoominfo.com/c/pallet-repair-services-inc/346259225
https://www.zoominfo.com/pic/pallet-repair-services-inc/346259225
https://www.zoominfo.com/c/pallet-repair-services/348702626
['https://www.zoominfo.com/c/pallet-repair-services-inc/346259225', 'https://www.zoominfo.com/pic/pallet-repair-services-inc/346259225', 'https://www.zoominfo.com/c/pallet-repair-services/348702626']
https://www.zoominfo.com/c/pallet-service/73810590
https://www.zoominfo.com/c/pallet-services-inc/549739670
https://www.zoominfo.com/pic/pallet-service-corporation/73810590
['https://www.zoominfo.com/c/pallet-service/73810590', 'https://www.zoominfo.com/c/pallet-services-inc/549739670', 'https://www.zoominfo.com/pic/pallet-service-corporation/73810590']
https://www.zoominfo.com/c/pallet-ops-llc/355668330
https://www.zoominfo.com/pic/pallet-ops-llc/355668330
https://www.zoominfo.com/p/Leon-Nutt/3174416157
['https://www.zoominfo.com/c/pallet-ops-llc/355668330', 'https://www.zoominfo.com/pic/pallet-ops-llc/355668330', 'https://www.zoominfo.com/p/Leon-Nutt/3174416157']
https://www.zoominfo.com/c/palletone-inc/174735873
https://www.zoominfo.com/pic/palletone-inc/174735873
https://www.zoominfo.com/c/pallet-one-mn/357637624
['https://www.zoominfo.com/c/palletone-inc/174735873', 'https://www.zoominfo.com/pic/palletone-inc/174735873', 'https://www.zoominfo.com/c/pallet-one-mn/357637624']
https://www.zoominfo.com/c/paper-tree-llc/92193947
https://www.zoominfo.com/c/the-paper-tree-company/357200174
https://www.zoominfo.com/c/paper-tree/430687937
['https://www.zoominfo.com/c/paper-tree-llc/92193947', 'https://www.zoominfo.com/c/the-paper-tree-company/357200174', 'https://www.zoominfo.com/c/paper-tree/430687937']
https://www.zoominfo.com/p/Ron-Ganiats/16403720
https://www.neverbounce.com/company/paragon-sanitation/124207676
https://www.ampliz.com/company/moana-restaurant-group/100234085
https://mprtf.buechler-roder.com/post/paragon-contractors-utah/47035201
https://enu.nualjewels.it/dv/eyhl0lg
['https://www.zoominfo.com/p/Ron-Ganiats/16403720', 'NotAvailable', 'NotAvailable']
https://www.zoominfo.com/c/paramount-pallet-lp/350971264
https://www.zoominfo.com/pic/paramount-pallet-lp/350971264
https://www.zoominfo.com/p/Sandra-Rattigan/-1351340970
['https://www.zoominfo.com/c/paramount-pallet-lp/350971264', 'https://www.zoominfo.com/pic/paramount-pallet-lp/350971264', 'https://www.zoominfo.com/p/Sandra-Rattigan/-1351340970']
https://www.zoominfo.com/c/paulsautoyardscom/540869837
https://www.zoominfo.com/c/pauls-auto-yard-inc/188940979
https://www.zoominfo.com/c/pauls-auto-yard-inc/538845408
['https://www.zoominfo.com/c/paulsautoyardscom/540869837', 'https://www.zoominfo.com/c/pauls-auto-yard-inc/188940979', 'https://www.zoominfo.com/c/pauls-auto-yard-inc/538845408']
https://www.zoominfo.com/c/pawnee-waste-llc/447056692
https://www.zoominfo.com/pic/pawnee-waste-llc/447056692
https://www.zoominfo.com/p/Jerry-Hamel/-1022288464
['https://www.zoominfo.com/c/pawnee-waste-llc/447056692', 'https://www.zoominfo.com/pic/pawnee-waste-llc/447056692', 'https://www.zoominfo.com/p/Jerry-Hamel/-1022288464']
https://www.zoominfo.com/c/pdc-laboratories-inc/79659736
https://www.zoominfo.com/c/peoria-disposal-company/565888218
https://www.zoominfo.com/pic/pdc-laboratories-inc/79659736
['https://www.zoominfo.com/c/pdc-laboratories-inc/79659736', 'https://www.zoominfo.com/c/peoria-disposal-company/565888218', 'https://www.zoominfo.com/pic/pdc-laboratories-inc/79659736']
'organic'
['NotAvailable', 'NotAvailable', 'NotAvailable']
https://www.zoominfo.com/c/peco-pallet-inc/91259328
https://www.zoominfo.com/pic/peco-pallet-inc/91259328
https://www.zoominfo.com/c/peco/359203958
['https://www.zoominfo.com/c/peco-pallet-inc/91259328', 'https://www.zoominfo.com/pic/peco-pallet-inc/91259328', 'https://www.zoominfo.com/c/peco/359203958']
https://www.zoominfo.com/c/penobscot-energy-recovery/30048277
https://www.neverbounce.com/company/penobscot-energy-recovery/30048277
https://www.benzinga.com/wiim/20/11/18572452/zoominfo-shares-are-trading-lower-after-the-company-announced-a-12-5m-share-common-stock-offering
https://fwyzara.bondilook.com/post/cme-associates-logo/78267224
https://ucwwu.annknox.com/post/master-clinicians-cme/26218281
['https://www.zoominfo.com/c/penobscot-energy-recovery/30048277', 'https://www.benzinga.com/wiim/20/11/18572452/zoominfo-shares-are-trading-lower-after-the-company-announced-a-12-5m-share-common-stock-offering', 'NotAvailable']
https://www.zoominfo.com/c/peosta-warehousing/91669135
https://www.zoominfo.com/pic/peosta-warehousing-inc/91669135
https://www.zoominfo.com/p/Heather-Theisen/-1227919929
['https://www.zoominfo.com/c/peosta-warehousing/91669135', 'https://www.zoominfo.com/pic/peosta-warehousing-inc/91669135', 'https://www.zoominfo.com/p/Heather-Theisen/-1227919929']
https://www.zoominfo.com/c/interstate-waste-services-inc/31575448
['https://www.zoominfo.com/c/interstate-waste-services-inc/31575448', 'NotAvailable', 'NotAvailable']
https://www.zoominfo.com/c/perfect-circle-recycling-llc/551413889
https://www.zoominfo.com/c/wasatch-resource-recovery/403972966
https://www.zoominfo.com/c/zero-waste-wrangler/470453436
['https://www.zoominfo.com/c/perfect-circle-recycling-llc/551413889', 'https://www.zoominfo.com/c/wasatch-resource-recovery/403972966', 'https://www.zoominfo.com/c/zero-waste-wrangler/470453436']
https://www.apollo.io/companies/Peter-C-Herman-Inc/5500bbbe73696416b8182200
['NotAvailable', 'NotAvailable', 'NotAvailable']
https://www.neverbounce.com/company/physicians-direct/451033285
['NotAvailable', 'NotAvailable', 'NotAvailable']
https://www.zoominfo.com/c/pollution-control-inc/398047479
https://www.zoominfo.com/c/pollution-control-corp/95896723
https://www.zoominfo.com/pic/pollution-control/398047479
['https://www.zoominfo.com/c/pollution-control-inc/398047479', 'https://www.zoominfo.com/c/pollution-control-corp/95896723', 'https://www.zoominfo.com/pic/pollution-control/398047479']
https://www.zoominfo.com/c/portable-john/30884975
https://www.zoominfo.com/c/portable-john/402707565
https://www.zoominfo.com/c/advanced-systems-portable-restrooms-inc/346620261
['https://www.zoominfo.com/c/portable-john/30884975', 'https://www.zoominfo.com/c/portable-john/402707565', 'https://www.zoominfo.com/c/advanced-systems-portable-restrooms-inc/346620261']
https://www.zoominfo.com/c/porter-house-inc/67994805
https://www.zoominfo.com/pic/porter-house-inc/67994805
https://www.zoominfo.com/c/porterhouse-company-llc/410704412
['https://www.zoominfo.com/c/porter-house-inc/67994805', 'https://www.zoominfo.com/pic/porter-house-inc/67994805', 'https://www.zoominfo.com/c/porterhouse-company-llc/410704412']
https://www.zoominfo.com/c/potomac-disposal-inc/350703970
https://www.zoominfo.com/pic/potomac-disposal-inc/350703970
https://www.zoominfo.com/p/Edgar-Pottker/-896276993
['https://www.zoominfo.com/c/potomac-disposal-inc/350703970', 'https://www.zoominfo.com/pic/potomac-disposal-inc/350703970', 'https://www.zoominfo.com/p/Edgar-Pottker/-896276993']
https://www.zoominfo.com/c/power-pallet-inc/220135985
https://www.zoominfo.com/pic/power-pallet-inc/220135985
https://www.zoominfo.com/p/Amy-Ball/-1010621586
['https://www.zoominfo.com/c/power-pallet-inc/220135985', 'https://www.zoominfo.com/pic/power-pallet-inc/220135985', 'https://www.zoominfo.com/p/Amy-Ball/-1010621586']
https://www.zoominfo.com/c/precision-waste-services-inc/347743078
https://www.zoominfo.com/p/Michael-Cummings/-1487604826
https://www.zoominfo.com/p/Josh-Morey/-897616753
['https://www.zoominfo.com/c/precision-waste-services-inc/347743078', 'https://www.zoominfo.com/p/Michael-Cummings/-1487604826', 'https://www.zoominfo.com/p/Josh-Morey/-897616753']
https://www.zoominfo.com/pic/prime-woodcraft-inc/97125659
https://www.zoominfo.com/p/Samantha-Hardman/-1022792763
https://www.zoominfo.com/c/prime-woodworking/374927820
['https://www.zoominfo.com/pic/prime-woodcraft-inc/97125659', 'https://www.zoominfo.com/p/Samantha-Hardman/-1022792763', 'https://www.zoominfo.com/c/prime-woodworking/374927820']
https://www.zoominfo.com/c/prime360/450629488
https://www.zoominfo.com/c/prime360/545924876
https://www.zoominfo.com/pic/prime360/546012307
['https://www.zoominfo.com/c/prime360/450629488', 'https://www.zoominfo.com/c/prime360/545924876', 'https://www.zoominfo.com/pic/prime360/546012307']
https://www.zoominfo.com/c/formula-powell-lp/54528933
https://www.zoominfo.com/pic/formula-powell-lp/54528933
https://www.zoominfo.com/p/Patrick-Sheehan/1232327279
['https://www.zoominfo.com/c/formula-powell-lp/54528933', 'https://www.zoominfo.com/pic/formula-powell-lp/54528933', 'https://www.zoominfo.com/p/Patrick-Sheehan/1232327279']
https://www.zoominfo.com/c/progress-pallet-inc/357127731
https://www.zoominfo.com/pic/progress-pallet-inc/357127731
https://www.zoominfo.com/p/Pj-Shaughnessy/-1663284282
['https://www.zoominfo.com/c/progress-pallet-inc/357127731', 'https://www.zoominfo.com/pic/progress-pallet-inc/357127731', 'https://www.zoominfo.com/p/Pj-Shaughnessy/-1663284282']
https://www.zoominfo.com/c/pro-am-inc/353579861
https://www.zoominfo.com/pic/pro--am-inc/353579861
https://www.zoominfo.com/c/pro-am/532221303
['https://www.zoominfo.com/c/pro-am-inc/353579861', 'https://www.zoominfo.com/pic/pro--am-inc/353579861', 'https://www.zoominfo.com/c/pro-am/532221303']
https://www.zoominfo.com/p/Dan-Hoshowsky/325066425
https://www.zoominfo.com/p/Colleen-Burke/1190028199
https://www.zoominfo.com/c/provincial-environmental-services-inc/31523310
['https://www.zoominfo.com/p/Dan-Hoshowsky/325066425', 'https://www.zoominfo.com/p/Colleen-Burke/1190028199', 'https://www.zoominfo.com/c/provincial-environmental-services-inc/31523310']
https://www.zoominfo.com/p/Paul-Kidd/3152811383
https://www.apollo.io/companies/PSKidd-Consulting/60498dcb1330bc00012ec21c
['https://www.zoominfo.com/p/Paul-Kidd/3152811383', 'NotAvailable', 'NotAvailable']
https://plumsail.com/forms/integrations/search
https://www.idcrawl.com/jessica-rives
http://www.evilmorgoth.net/deblog/index.php?2008/04/02/8-etre-surpris
https://unvyndq.civilmoment.com/post/porta-potty-dogs-llc/44635285
['NotAvailable', 'NotAvailable', 'NotAvailable']
https://www.zoominfo.com/c/pw-stephens-environmental-inc/87230474
https://www.zoominfo.com/pic/pw-stephens-environmental-inc/87230474
https://www.zoominfo.com/p/Ralph-Perez/-1972339129
['https://www.zoominfo.com/c/pw-stephens-environmental-inc/87230474', 'https://www.zoominfo.com/pic/pw-stephens-environmental-inc/87230474', 'https://www.zoominfo.com/p/Ralph-Perez/-1972339129']
https://www.zoominfo.com/c/quality-shredding-corp/348319949
https://www.zoominfo.com/c/premier-shredding/345994065
https://www.zoominfo.com/c/protect--n--shred-inc/403208401
['https://www.zoominfo.com/c/quality-shredding-corp/348319949', 'https://www.zoominfo.com/c/premier-shredding/345994065', 'https://www.zoominfo.com/c/protect--n--shred-inc/403208401']
'organic'
['NotAvailable', 'NotAvailable', 'NotAvailable']
https://www.zoominfo.com/c/quik-pick-waste-disposal/401532422
https://www.zoominfo.com/c/quik-pick-express-llc/226476723
https://www.zoominfo.com/c/quikpickmessengerservice/347009043
['https://www.zoominfo.com/c/quik-pick-waste-disposal/401532422', 'https://www.zoominfo.com/c/quik-pick-express-llc/226476723', 'https://www.zoominfo.com/c/quikpickmessengerservice/347009043']
https://www.zoominfo.com/c/r-r-pallet-inc/395714495
https://www.zoominfo.com/pic/r-r-pallet-inc/395714495
https://www.zoominfo.com/c/r-r-pallet-corporation/423385914
['https://www.zoominfo.com/c/r-r-pallet-inc/395714495', 'https://www.zoominfo.com/pic/r-r-pallet-inc/395714495', 'https://www.zoominfo.com/c/r-r-pallet-corporation/423385914']
https://www.zoominfo.com/c/rainbow-environmental-services-inc/358432934
https://www.zoominfo.com/c/rainbow/170738089
https://www.zoominfo.com/c/rainbow-corp/464689928
['https://www.zoominfo.com/c/rainbow-environmental-services-inc/358432934', 'https://www.zoominfo.com/c/rainbow/170738089', 'https://www.zoominfo.com/c/rainbow-corp/464689928']
https://www.zoominfo.com/c/raintree-waste-llc/366434955
https://www.apollo.io/companies/Raintree-Waste/5da562df23d72700010ff21b
https://www.idcrawl.com/kim-stahlman
https://comptais.vipnetgames.com/
['https://www.zoominfo.com/c/raintree-waste-llc/366434955', 'NotAvailable', 'NotAvailable']
https://www.zoominfo.com/c/rci-environnement-inc/1293305882
https://www.zoominfo.com/c/waste-management-inc/98042190
https://www.zoominfo.com/c/r-c-i-environnement/1251118914
['https://www.zoominfo.com/c/rci-environnement-inc/1293305882', 'https://www.zoominfo.com/c/waste-management-inc/98042190', 'https://www.zoominfo.com/c/r-c-i-environnement/1251118914']
https://www.zoominfo.com/c/reardon-pallet-company-inc/100467229
https://www.zoominfo.com/pic/reardon-pallet-company-inc/100467229
https://www.zoominfo.com/p/Jason-Kane/-2112468897
['https://www.zoominfo.com/c/reardon-pallet-company-inc/100467229', 'https://www.zoominfo.com/pic/reardon-pallet-company-inc/100467229', 'https://www.zoominfo.com/p/Jason-Kane/-2112468897']
https://www.zoominfo.com/c/rebel-carbon-llc/398696248
https://www.neverbounce.com/company/rebel-carbon/398696248
['https://www.zoominfo.com/c/rebel-carbon-llc/398696248', 'NotAvailable', 'NotAvailable']
https://www.zoominfo.com/c/recovery-1-inc/100549035
https://www.zoominfo.com/pic/recovery-1/100549035
https://www.zoominfo.com/c/recovery-1-towing/507862977
['https://www.zoominfo.com/c/recovery-1-inc/100549035', 'https://www.zoominfo.com/pic/recovery-1/100549035', 'https://www.zoominfo.com/c/recovery-1-towing/507862977']
https://www.zoominfo.com/c/resource-environmental-group-services-llc/89868460
https://www.zoominfo.com/c/regs-llc/472264819
https://www.zoominfo.com/pic/resource-environmental-group-services-llc/89868460
['https://www.zoominfo.com/c/resource-environmental-group-services-llc/89868460', 'https://www.zoominfo.com/c/regs-llc/472264819', 'https://www.zoominfo.com/pic/resource-environmental-group-services-llc/89868460']
https://www.zoominfo.com/c/rei-nuclear-llc/356573916
https://www.zoominfo.com/pic/rei-nuclear-llc/356573916
https://www.zoominfo.com/p/Adrianne-Burgess/-2034197983
['https://www.zoominfo.com/c/rei-nuclear-llc/356573916', 'https://www.zoominfo.com/pic/rei-nuclear-llc/356573916', 'https://www.zoominfo.com/p/Adrianne-Burgess/-2034197983']
https://www.zoominfo.com/c/relogistics-services-llc/355894174
https://www.zoominfo.com/c/relogistics/371636385
https://www.zoominfo.com/c/relogistics-inc/347869793
['https://www.zoominfo.com/c/relogistics-services-llc/355894174', 'https://www.zoominfo.com/c/relogistics/371636385', 'https://www.zoominfo.com/c/relogistics-inc/347869793']
https://www.zoominfo.com/c/remedx/43041528
https://www.zoominfo.com/pic/remedx-remediation-services-inc/43041528
https://www.zoominfo.com/c/remedx-ltd/351611626
['https://www.zoominfo.com/c/remedx/43041528', 'https://www.zoominfo.com/pic/remedx-remediation-services-inc/43041528', 'https://www.zoominfo.com/c/remedx-ltd/351611626']
https://www.zoominfo.com/c/remote-group-lp/398040955
https://www.zoominfo.com/pic/remote-group-lp/398040955
https://www.zoominfo.com/p/Jennifer-Perez/9020461366
['https://www.zoominfo.com/c/remote-group-lp/398040955', 'https://www.zoominfo.com/pic/remote-group-lp/398040955', 'https://www.zoominfo.com/p/Jennifer-Perez/9020461366']
https://www.zoominfo.com/c/repower-south/369462946
https://www.zoominfo.com/pic/repower-south/369462946
https://www.zoominfo.com/p/Debbie-White/4178331160
['https://www.zoominfo.com/c/repower-south/369462946', 'https://www.zoominfo.com/pic/repower-south/369462946', 'https://www.zoominfo.com/p/Debbie-White/4178331160']
https://www.zoominfo.com/c/riteway-vacuum-services/358667694
https://www.zoominfo.com/p/Tom-Robinson/-1168004428
https://www.zoominfo.com/p/Cory-Coles/-1767875644
['https://www.zoominfo.com/c/riteway-vacuum-services/358667694', 'https://www.zoominfo.com/p/Tom-Robinson/-1168004428', 'https://www.zoominfo.com/p/Cory-Coles/-1767875644']
'organic'
['NotAvailable', 'NotAvailable', 'NotAvailable']
https://www.zoominfo.com/c/rmg-recycle/536853997
https://www.apollo.io/companies/Resource-Management-Group--Inc-/54a1aa1674686949e776f905
https://www.neverbounce.com/company/the-illuminators/353829975
https://www.arounddeal.com/organize/rmg-inc-the-resource-management-group-inc/u0nxyzzrpz
['https://www.zoominfo.com/c/rmg-recycle/536853997', 'NotAvailable', 'NotAvailable']
