https://www.zoominfo.com/c/roberts-disposal-services-inc/359383145
https://www.neverbounce.com/company/roberts-disposal-services/359383145
['https://www.zoominfo.com/c/roberts-disposal-services-inc/359383145', 'NotAvailable', 'NotAvailable']
https://www.zoominfo.com/c/rock-county-fence/410271167
https://www.foodprotection.org/a/partners/link/?id=98&url=//antoonsichtruh.ml/143wwwfoodprotectionorgAOJfvD351
https://www.neverbounce.com/company/rock-county-fence-and-deck/410271167
https://www.idcrawl.com/myron-long
['https://www.zoominfo.com/c/rock-county-fence/410271167', 'NotAvailable', 'NotAvailable']
https://www.zoominfo.com/p/Shelly-Binsfeld/7732848005
https://www.apollo.io/companies/Rock-Leaf-Water-Environmental/6048e471e4215800011c5e82
https://mszsv.revitalizeoakridge.org/post/liberty-environmental-mn-llc/55634677
https://www.idcrawl.com/nicole-schwartz
['https://www.zoominfo.com/p/Shelly-Binsfeld/7732848005', 'NotAvailable', 'NotAvailable']
https://www.zoominfo.com/c/rock-oil-refining-inc/353867519
https://www.zoominfo.com/pic/rock-oil-refining-inc/353867519
https://www.zoominfo.com/c/oil-re--refining-co/84313293
['https://www.zoominfo.com/c/rock-oil-refining-inc/353867519', 'https://www.zoominfo.com/pic/rock-oil-refining-inc/353867519', 'https://www.zoominfo.com/c/oil-re--refining-co/84313293']
https://www.zoominfo.com/c/rockland-green/1128566017
https://www.zoominfo.com/p/Gerard-Damiani/-1119615388
https://www.zoominfo.com/p/Joseph-Difrancesca/-1119615387
['https://www.zoominfo.com/c/rockland-green/1128566017', 'https://www.zoominfo.com/p/Gerard-Damiani/-1119615388', 'https://www.zoominfo.com/p/Joseph-Difrancesca/-1119615387']
https://www.neverbounce.com/company/rolyn-oilfield-services/235749505
['NotAvailable', 'NotAvailable', 'NotAvailable']
https://www.zoominfo.com/c/roseridge-waste-management-services-commission/390106542
https://www.zoominfo.com/p/Patty-Benson/6493245905
https://www.zoominfo.com/c/roseridge-attorneys/1258692775
['https://www.zoominfo.com/c/roseridge-waste-management-services-commission/390106542', 'https://www.zoominfo.com/p/Patty-Benson/6493245905', 'https://www.zoominfo.com/c/roseridge-attorneys/1258692775']
https://www.zoominfo.com/c/rust-release/1150061643
https://www.neverbounce.com/company/rust-release/1150061643
https://www.apollo.io/companies/Rust-Release---The-Industrial-Safe-Rust-Remover/56d61983f3e5bb3a3300d3b6
https://sdtimes.com/softwaredev/sd-times-news-digest-rust-1-50-0-released-go-generics-accepted-and-rapidapi-acquires-paw/
https://cfczj.themediaguy.org/post/questspecialty-corporation/63342226
['https://www.zoominfo.com/c/rust-release/1150061643', 'NotAvailable', 'NotAvailable']
https://www.zoominfo.com/c/safespill-systems-llc/369761834
https://www.apollo.io/companies/Safespill/55f73e18f3e5bb164f00054d
https://www.neverbounce.com/company/safespill-systems/369761834
https://growjo.com/company/Safespill
https://www.opensecrets.org/federal-lobbying/agencies/summary?id=001
['https://www.zoominfo.com/c/safespill-systems-llc/369761834', 'NotAvailable', 'NotAvailable']
https://www.zoominfo.com/c/salt-river-landfill/371525815
https://www.zoominfo.com/pic/salt-river-landfill/371525815
https://www.zoominfo.com/c/salt-river-fields/1122728572
['https://www.zoominfo.com/c/salt-river-landfill/371525815', 'https://www.zoominfo.com/pic/salt-river-landfill/371525815', 'https://www.zoominfo.com/c/salt-river-fields/1122728572']
https://www.zoominfo.com/c/salva-terra/1310866459
['https://www.zoominfo.com/c/salva-terra/1310866459', 'NotAvailable', 'NotAvailable']
https://www.zoominfo.com/c/scotts-disposal-service/412288891
https://www.neverbounce.com/company/scotts-disposal-service/412288891
['https://www.zoominfo.com/c/scotts-disposal-service/412288891', 'NotAvailable', 'NotAvailable']
https://www.zoominfo.com/p/Cliff-Lechow/1224910024
https://www.neverbounce.com/company/sdt-waste-debris-services/353631361
['https://www.zoominfo.com/p/Cliff-Lechow/1224910024', 'NotAvailable', 'NotAvailable']
https://www.zoominfo.com/c/secure-destruction-service/79659436
https://www.zoominfo.com/pic/secure-destruction-service/79659436
https://www.zoominfo.com/c/secure-destruction-services/1243026662
['https://www.zoominfo.com/c/secure-destruction-service/79659436', 'https://www.zoominfo.com/pic/secure-destruction-service/79659436', 'https://www.zoominfo.com/c/secure-destruction-services/1243026662']
https://www.zoominfo.com/c/select-materials/451049099
https://www.neverbounce.com/company/select-materials/451049099
['https://www.zoominfo.com/c/select-materials/451049099', 'NotAvailable', 'NotAvailable']
https://www.zoominfo.com/c/seneca-meadows-inc/107414014
https://www.zoominfo.com/pic/seneca-meadows-inc/107414014
https://www.zoominfo.com/p/Mary-Destefano/-1757573370
['https://www.zoominfo.com/c/seneca-meadows-inc/107414014', 'https://www.zoominfo.com/pic/seneca-meadows-inc/107414014', 'https://www.zoominfo.com/p/Mary-Destefano/-1757573370']
https://www.zoominfo.com/c/shank-pallet-recyclers-inc/357837452
https://www.neverbounce.com/company/shank-pallet-recyclers/357837452
['https://www.zoominfo.com/c/shank-pallet-recyclers-inc/357837452', 'NotAvailable', 'NotAvailable']
https://www.zoominfo.com/c/sharps-compliance-inc/108153195
https://www.zoominfo.com/pic/sharps-compliance-inc/108153195
https://www.zoominfo.com/c/mail-your-sharps-inc/356803806
['https://www.zoominfo.com/c/sharps-compliance-inc/108153195', 'https://www.zoominfo.com/pic/sharps-compliance-inc/108153195', 'https://www.zoominfo.com/c/mail-your-sharps-inc/356803806']
https://www.zoominfo.com/c/shoreline-sanitation/551746344
['https://www.zoominfo.com/c/shoreline-sanitation/551746344', 'NotAvailable', 'NotAvailable']
https://www.zoominfo.com/c/sia-solutions-llc/359283688
https://www.zoominfo.com/pic/sia-solutions-llc/359283688
https://www.zoominfo.com/p/Srini-Neralla/1791674658
['https://www.zoominfo.com/c/sia-solutions-llc/359283688', 'https://www.zoominfo.com/pic/sia-solutions-llc/359283688', 'https://www.zoominfo.com/p/Srini-Neralla/1791674658']
https://www.zoominfo.com/c/silica/350751218
https://www.zoominfo.com/c/silica-services-llc/480492760
https://www.zoominfo.com/c/silica/346878807
['https://www.zoominfo.com/c/silica/350751218', 'https://www.zoominfo.com/c/silica-services-llc/480492760', 'https://www.zoominfo.com/c/silica/346878807']
https://www.zoominfo.com/c/silver-city-processing/551842360
https://www.zoominfo.com/c/griffin-petroleum/81135654
https://www.zoominfo.com/p/Tim-Cox/-1059833327
['https://www.zoominfo.com/c/silver-city-processing/551842360', 'https://www.zoominfo.com/c/griffin-petroleum/81135654', 'https://www.zoominfo.com/p/Tim-Cox/-1059833327']
https://www.zoominfo.com/c/simonex-inc/103317937
https://www.zoominfo.com/pic/simonex-inc/103317937
https://www.zoominfo.com/c/simoniz-usa-inc/106939172
['https://www.zoominfo.com/c/simonex-inc/103317937', 'https://www.zoominfo.com/pic/simonex-inc/103317937', 'https://www.zoominfo.com/c/simoniz-usa-inc/106939172']
https://www.zoominfo.com/c/simply-waste/358952511
https://www.zoominfo.com/pic/simply-waste/358952511
https://www.zoominfo.com/c/simply-waste-solutions/347484669
['https://www.zoominfo.com/c/simply-waste/358952511', 'https://www.zoominfo.com/pic/simply-waste/358952511', 'https://www.zoominfo.com/c/simply-waste-solutions/347484669']
https://www.zoominfo.com/c/skb-inc/138805520
https://www.zoominfo.com/pic/skb-environmental-inc/138805520
https://www.zoominfo.com/c/skb-corporation/46465483
['https://www.zoominfo.com/c/skb-inc/138805520', 'https://www.zoominfo.com/pic/skb-environmental-inc/138805520', 'https://www.zoominfo.com/c/skb-corporation/46465483']
https://www.zoominfo.com/c/slusarski-materials-llc/46612786
https://www.zoominfo.com/pic/slusarskimaterials/46612786
https://www.zoominfo.com/c/slusarski-general-contracting-group/540187806
['https://www.zoominfo.com/c/slusarski-materials-llc/46612786', 'https://www.zoominfo.com/pic/slusarskimaterials/46612786', 'https://www.zoominfo.com/c/slusarski-general-contracting-group/540187806']
https://www.zoominfo.com/c/smart-energy-renewable-solutions-llc/399533896
https://www.neverbounce.com/company/smart-energy-renewable-solutions/399533896
['https://www.zoominfo.com/c/smart-energy-renewable-solutions-llc/399533896', 'NotAvailable', 'NotAvailable']
https://www.zoominfo.com/c/smash-my-trash-llc/371301878
https://www.zoominfo.com/pic/smash-my-trash-llc/371301878
https://www.zoominfo.com/p/David-Orr/-1437186679
['https://www.zoominfo.com/c/smash-my-trash-llc/371301878', 'https://www.zoominfo.com/pic/smash-my-trash-llc/371301878', 'https://www.zoominfo.com/p/David-Orr/-1437186679']
https://www.zoominfo.com/c/smetco-inc/35308098
https://www.zoominfo.com/c/smetco-nv/532667476
https://www.zoominfo.com/pic/smetco-inc/35308098
['https://www.zoominfo.com/c/smetco-inc/35308098', 'https://www.zoominfo.com/c/smetco-nv/532667476', 'https://www.zoominfo.com/pic/smetco-inc/35308098']
https://www.zoominfo.com/c/smith-gardner-inc/355522036
https://www.zoominfo.com/pic/smith-gardner-inc/355522036
https://www.zoominfo.com/p/Nicole-Everett/-1377629400
['https://www.zoominfo.com/c/smith-gardner-inc/355522036', 'https://www.zoominfo.com/pic/smith-gardner-inc/355522036', 'https://www.zoominfo.com/p/Nicole-Everett/-1377629400']
https://www.zoominfo.com/c/solid-resources-pte-ltd/357678647
https://www.zoominfo.com/c/solid-resources-llc/348565792
https://www.zoominfo.com/c/solid-resources-llc/465998455
['https://www.zoominfo.com/c/solid-resources-pte-ltd/357678647', 'https://www.zoominfo.com/c/solid-resources-llc/348565792', 'https://www.zoominfo.com/c/solid-resources-llc/465998455']
https://www.zoominfo.com/c/somax-bioenergy-llc/528526260
https://www.zoominfo.com/c/energy-harvest/541249499
https://www.zoominfo.com/c/genesyst-international-inc/352337951
['https://www.zoominfo.com/c/somax-bioenergy-llc/528526260', 'https://www.zoominfo.com/c/energy-harvest/541249499', 'https://www.zoominfo.com/c/genesyst-international-inc/352337951']
https://www.zoominfo.com/c/sor-inc/35652038
https://www.zoominfo.com/c/sorinco-sa/533920705
https://www.zoominfo.com/pic/sorinco-inc/346140003
['https://www.zoominfo.com/c/sor-inc/35652038', 'https://www.zoominfo.com/c/sorinco-sa/533920705', 'https://www.zoominfo.com/pic/sorinco-inc/346140003']
https://www.zoominfo.com/c/southeast-pallet-recycling-co-inc/212500563
https://www.zoominfo.com/pic/southeast-pallet-recycling-co-inc/212500563
https://www.zoominfo.com/p/Dawn-Chaffin/-1916848341
['https://www.zoominfo.com/c/southeast-pallet-recycling-co-inc/212500563', 'https://www.zoominfo.com/pic/southeast-pallet-recycling-co-inc/212500563', 'https://www.zoominfo.com/p/Dawn-Chaffin/-1916848341']
https://www.zoominfo.com/c/southern-plating-inc/348062618
https://www.zoominfo.com/c/industrial-metal-finishing/402433928
https://www.zoominfo.com/c/signal-plating-inc/345934317
['https://www.zoominfo.com/c/southern-plating-inc/348062618', 'https://www.zoominfo.com/c/industrial-metal-finishing/402433928', 'https://www.zoominfo.com/c/signal-plating-inc/345934317']
https://www.zoominfo.com/c/special-waste-disposal/265142415
https://www.apollo.io/companies/Swdi/60f227a15b63e10001139007
https://dokaudi.com/save_report_images?report_id=1385507&tag=
['https://www.zoominfo.com/c/special-waste-disposal/265142415', 'NotAvailable', 'NotAvailable']
https://www.zoominfo.com/c/warehouse-services-inc/91144354
https://www.zoominfo.com/pic/warehouse-services-inc/91144354
https://www.zoominfo.com/p/Martin-Meddles/-967416188
['https://www.zoominfo.com/c/warehouse-services-inc/91144354', 'https://www.zoominfo.com/pic/warehouse-services-inc/91144354', 'https://www.zoominfo.com/p/Martin-Meddles/-967416188']
https://www.zoominfo.com/c/stone-environmental-inc/91701933
https://www.zoominfo.com/c/ink-waste-disposal/365956193
https://www.zoominfo.com/pic/freestone-environmental-services-inc/108562005
['https://www.zoominfo.com/c/stone-environmental-inc/91701933', 'https://www.zoominfo.com/c/ink-waste-disposal/365956193', 'https://www.zoominfo.com/pic/freestone-environmental-services-inc/108562005']
https://www.zoominfo.com/c/fv-recycling/363498527
https://oyelj.cascadaprop.com/post/poncho-properties-llc/49391091
https://fitness.flexybox.com/foreverfit/ViewSwitcher/SwitchView?mobile=True&returnUrl=//milryporac.ml/72Jallexybox651
http://minisite.proj.hkedcity.net/cmsutils/topbar/page_cas_login.php?action=CHANGE_LANG&redirect_to=//psychexatzzyzas.ml/180minisiteprojhkedcitynetmNv649
['https://www.zoominfo.com/c/fv-recycling/363498527', 'NotAvailable', 'NotAvailable']
https://www.zoominfo.com/c/sunrise-sanitation-services-inc/369747960
https://www.neverbounce.com/company/sunrise-sanitation/530051076
['https://www.zoominfo.com/c/sunrise-sanitation-services-inc/369747960', 'NotAvailable', 'NotAvailable']
https://www.zoominfo.com/c/superior-disposal/468038204
https://www.zoominfo.com/c/superior-disposal-ltd/115769575
https://www.zoominfo.com/pic/superior-disposal/468038204
['https://www.zoominfo.com/c/superior-disposal/468038204', 'https://www.zoominfo.com/c/superior-disposal-ltd/115769575', 'https://www.zoominfo.com/pic/superior-disposal/468038204']
https://www.zoominfo.com/p/Josh-Neville/-1323994414
https://www.neverbounce.com/company/sustainable-solutions-group/359493231
https://www.apollo.io/companies/Sustainable-Solutions-Group--LLC/5cb9475f80f93e40bbf6eaf0
https://www.idcrawl.com/bill-hays
['https://www.zoominfo.com/p/Josh-Neville/-1323994414', 'NotAvailable', 'NotAvailable']
https://www.zoominfo.com/c/sustainable-management-corp/1116175490
https://www.zoominfo.com/c/sustainable-management-solutions-llc/528054489
https://www.zoominfo.com/c/sustainable-growth-management/397866022
['https://www.zoominfo.com/c/sustainable-management-corp/1116175490', 'https://www.zoominfo.com/c/sustainable-management-solutions-llc/528054489', 'https://www.zoominfo.com/c/sustainable-growth-management/397866022']
https://www.zoominfo.com/c/tasler-inc/114737359
https://www.zoominfo.com/c/tasler-inc/547210830
https://www.zoominfo.com/pic/tasler-inc/114737359
['https://www.zoominfo.com/c/tasler-inc/114737359', 'https://www.zoominfo.com/c/tasler-inc/547210830', 'https://www.zoominfo.com/pic/tasler-inc/114737359']
https://www.zoominfo.com/c/taurus-projects-inc/361691049
https://www.zoominfo.com/pic/taurus-projects-inc/361691049
https://www.zoominfo.com/p/Fab-Loranger/-1865717060
['https://www.zoominfo.com/c/taurus-projects-inc/361691049', 'https://www.zoominfo.com/pic/taurus-projects-inc/361691049', 'https://www.zoominfo.com/p/Fab-Loranger/-1865717060']
https://www.zoominfo.com/c/taylor-made-pallets/357473433
https://www.zoominfo.com/pic/taylor-made-pallets/357473433
https://www.zoominfo.com/p/Kevin-Gill/-1093171148
['https://www.zoominfo.com/c/taylor-made-pallets/357473433', 'https://www.zoominfo.com/pic/taylor-made-pallets/357473433', 'https://www.zoominfo.com/p/Kevin-Gill/-1093171148']
http://library.birzeit.edu/librarya/opendb.php?id=225&dbtype=free&dbname=Development&db_url=//ocpintu.gq/143librarybirzeiteduqoX351
['NotAvailable', 'NotAvailable', 'NotAvailable']
https://www.zoominfo.com/c/technical-industries-inc/77906042
https://www.zoominfo.com/c/technical-industries-inc/49791193
https://www.zoominfo.com/c/technical-industries-inc/347788610
['https://www.zoominfo.com/c/technical-industries-inc/77906042', 'https://www.zoominfo.com/c/technical-industries-inc/49791193', 'https://www.zoominfo.com/c/technical-industries-inc/347788610']
https://www.zoominfo.com/c/terravox/535573237
https://www.zoominfo.com/c/terravox-group/397504588
https://www.zoominfo.com/c/terravox-technologies-inc/540377484
['https://www.zoominfo.com/c/terravox/535573237', 'https://www.zoominfo.com/c/terravox-group/397504588', 'https://www.zoominfo.com/c/terravox-technologies-inc/540377484']
https://www.zoominfo.com/c/terralog-ltd/425344617
https://www.zoominfo.com/pic/terralog-technologies-inc/37929982
https://www.zoominfo.com/c/geomechanics-technologies/354835451
['https://www.zoominfo.com/c/terralog-ltd/425344617', 'https://www.zoominfo.com/pic/terralog-technologies-inc/37929982', 'https://www.zoominfo.com/c/geomechanics-technologies/354835451']
https://www.zoominfo.com/c/the-cannington-group/6603621
https://www.zoominfo.com/pic/the-cannington-group/6603621
https://www.zoominfo.com/p/Katherine-Dimand/-1169777736
['https://www.zoominfo.com/c/the-cannington-group/6603621', 'https://www.zoominfo.com/pic/the-cannington-group/6603621', 'https://www.zoominfo.com/p/Katherine-Dimand/-1169777736']
https://www.zoominfo.com/c/dumpster-co/358671231
https://www.neverbounce.com/company/bayou-dumpster-rental/538495513
https://www.idcrawl.com/patty-slade
http://sydex.net/page525732
['https://www.zoominfo.com/c/dumpster-co/358671231', 'NotAvailable', 'NotAvailable']
https://www.zoominfo.com/c/clubpalletscom/370693218
['https://www.zoominfo.com/c/clubpalletscom/370693218', 'NotAvailable', 'NotAvailable']
https://www.zoominfo.com/c/thelin-recycling-company-lp/78758350
https://www.zoominfo.com/pic/thelin-recycling-company-lp/78758350
https://www.zoominfo.com/p/Bill-Taylor/5728261868
['https://www.zoominfo.com/c/thelin-recycling-company-lp/78758350', 'https://www.zoominfo.com/pic/thelin-recycling-company-lp/78758350', 'https://www.zoominfo.com/p/Bill-Taylor/5728261868']
https://www.zoominfo.com/c/thomas-refuse-service-inc/354589031
https://www.zoominfo.com/pic/thomas-refuse-service-inc/354589031
https://www.zoominfo.com/c/biz-thomasrefuse-service/1176330022
['https://www.zoominfo.com/c/thomas-refuse-service-inc/354589031', 'https://www.zoominfo.com/pic/thomas-refuse-service-inc/354589031', 'https://www.zoominfo.com/c/biz-thomasrefuse-service/1176330022']
https://www.zoominfo.com/c/paper-tiger-shredding/352402569
https://www.zoominfo.com/pic/paper-tiger-shredding/352402569
https://www.zoominfo.com/p/Tom-Smith/5423200114
['https://www.zoominfo.com/c/paper-tiger-shredding/352402569', 'https://www.zoominfo.com/pic/paper-tiger-shredding/352402569', 'https://www.zoominfo.com/p/Tom-Smith/5423200114']
https://www.zoominfo.com/c/on-time-disposal-inc/358275398
https://www.neverbounce.com/company/on-time-disposal/358275398
['https://www.zoominfo.com/c/on-time-disposal-inc/358275398', 'NotAvailable', 'NotAvailable']
https://www.zoominfo.com/c/tmc-environmental-inc/400876653
https://www.zoominfo.com/c/tmc-enviro/358696692
https://www.zoominfo.com/c/green-site-services-group-inc/398826832
['https://www.zoominfo.com/c/tmc-environmental-inc/400876653', 'https://www.zoominfo.com/c/tmc-enviro/358696692', 'https://www.zoominfo.com/c/green-site-services-group-inc/398826832']
https://www.zoominfo.com/c/top-job-janitorial-services-inc/346698683
https://www.neverbounce.com/company/top-job-janitorial-services/346698683
['https://www.zoominfo.com/c/top-job-janitorial-services-inc/346698683', 'NotAvailable', 'NotAvailable']
https://www.zoominfo.com/c/topco-pallet-recycling/358530609
https://www.ampliz.com/company/topco-pallet-recycling-ltd/97525300
https://www.neverbounce.com/company/topco-pallet-recycling/358530609
['https://www.zoominfo.com/c/topco-pallet-recycling/358530609', 'NotAvailable', 'NotAvailable']
https://www.zoominfo.com/c/tor-can-waste-reduction-management-inc/120291453
https://www.zoominfo.com/c/tor-can-waste-management-inc/1176907187
https://www.zoominfo.com/pic/tor-can-waste-management/120291453
['https://www.zoominfo.com/c/tor-can-waste-reduction-management-inc/120291453', 'https://www.zoominfo.com/c/tor-can-waste-management-inc/1176907187', 'https://www.zoominfo.com/pic/tor-can-waste-management/120291453']
'organic'
['NotAvailable', 'NotAvailable', 'NotAvailable']
https://www.zoominfo.com/c/town-of-kernersville/50954666
https://www.zoominfo.com/pic/town-of-kernersville-north-carolina/50954666
https://www.zoominfo.com/p/Dawn-Morgan/-1069646517
['https://www.zoominfo.com/c/town-of-kernersville/50954666', 'https://www.zoominfo.com/pic/town-of-kernersville-north-carolina/50954666', 'https://www.zoominfo.com/p/Dawn-Morgan/-1069646517']
https://www.zoominfo.com/c/green-star-pallet/357954728
https://www.idcrawl.com/lacie-gross
['https://www.zoominfo.com/c/green-star-pallet/357954728', 'NotAvailable', 'NotAvailable']
https://www.zoominfo.com/c/trash-away-inc/343502056
https://www.zoominfo.com/pic/trash-away-inc/343502056
https://www.zoominfo.com/c/trash-away-llc/374843977
['https://www.zoominfo.com/c/trash-away-inc/343502056', 'https://www.zoominfo.com/pic/trash-away-inc/343502056', 'https://www.zoominfo.com/c/trash-away-llc/374843977']
https://www.zoominfo.com/c/waste-now/372022827
https://www.neverbounce.com/company/waste-now/372022827
['https://www.zoominfo.com/c/waste-now/372022827', 'NotAvailable', 'NotAvailable']
https://www.zoominfo.com/c/tree-saver-pallets-inc/411929761
https://www.ampliz.com/company/tree-saver-pallets/99344329
https://www.neverbounce.com/company/tree-saver-pallets/411929761
https://www.apollo.io/companies/Tree-Saver-Pallets/5569a69473696425a3d37100
['https://www.zoominfo.com/c/tree-saver-pallets-inc/411929761', 'NotAvailable', 'NotAvailable']
https://www.zoominfo.com/c/trident-waste-recycling/557103244
https://www.zoominfo.com/p/Stephanie-Godfrey/800769093
https://www.zoominfo.com/p/Kenny-Younginer/7105177526
['https://www.zoominfo.com/c/trident-waste-recycling/557103244', 'https://www.zoominfo.com/p/Stephanie-Godfrey/800769093', 'https://www.zoominfo.com/p/Kenny-Younginer/7105177526']
https://www.zoominfo.com/c/trilogy-medwaste-inc/452117647
https://www.zoominfo.com/pic/trilogy-medwaste-inc/452117647
https://www.zoominfo.com/p/Jeff-Simcox/-796994577
['https://www.zoominfo.com/c/trilogy-medwaste-inc/452117647', 'https://www.zoominfo.com/pic/trilogy-medwaste-inc/452117647', 'https://www.zoominfo.com/p/Jeff-Simcox/-796994577']
https://www.zoominfo.com/c/trinity-environmental-services/85917843
https://www.zoominfo.com/pic/trinity-environmental-services/85917843
https://www.zoominfo.com/pic/trinity-environmental/348259635
['https://www.zoominfo.com/c/trinity-environmental-services/85917843', 'https://www.zoominfo.com/pic/trinity-environmental-services/85917843', 'https://www.zoominfo.com/pic/trinity-environmental/348259635']
https://www.zoominfo.com/c/tritz-pallet-inc/403307785
https://www.zoominfo.com/pic/tritz-pallet-inc/565804758
https://www.zoominfo.com/p/Loni-Fintel/3174590842
['https://www.zoominfo.com/c/tritz-pallet-inc/403307785', 'https://www.zoominfo.com/pic/tritz-pallet-inc/565804758', 'https://www.zoominfo.com/p/Loni-Fintel/3174590842']
https://www.zoominfo.com/c/triumvirate-environmental-inc/38961312
https://www.zoominfo.com/pic/triumvirate-environmental-inc/38961312
https://www.zoominfo.com/p/David-Gufarotti/-1966165894
['https://www.zoominfo.com/c/triumvirate-environmental-inc/38961312', 'https://www.zoominfo.com/pic/triumvirate-environmental-inc/38961312', 'https://www.zoominfo.com/p/David-Gufarotti/-1966165894']
https://www.zoominfo.com/c/tusaar-corp/346477767
https://www.zoominfo.com/pic/tusaar-corp/346477767
http://www.zoominfo.com/p/Allen-Quick/-1523328473
['https://www.zoominfo.com/c/tusaar-corp/346477767', 'https://www.zoominfo.com/pic/tusaar-corp/346477767', 'http://www.zoominfo.com/p/Allen-Quick/-1523328473']
https://www.zoominfo.com/c/texas-dumpsters/399230943
https://www.zoominfo.com/pic/texas-dumpsters/399230943
https://www.zoominfo.com/c/houston-dumpsters/1112152864
['https://www.zoominfo.com/c/texas-dumpsters/399230943', 'https://www.zoominfo.com/pic/texas-dumpsters/399230943', 'https://www.zoominfo.com/c/houston-dumpsters/1112152864']
https://www.zoominfo.com/c/utility-expense-reduction/355469364
https://www.zoominfo.com/c/gynesonics-inc/101090936
https://www.zoominfo.com/c/uterus-musical-theatre-new-works-development-centre/507351335
['https://www.zoominfo.com/c/utility-expense-reduction/355469364', 'https://www.zoominfo.com/c/gynesonics-inc/101090936', 'https://www.zoominfo.com/c/uterus-musical-theatre-new-works-development-centre/507351335']
https://www.zoominfo.com/c/ultimate-specialties-llc/347787912
https://www.zoominfo.com/pic/ultimate-specialties-llc/347787912
https://www.zoominfo.com/c/interstate-waste-systems/357626093
['https://www.zoominfo.com/c/ultimate-specialties-llc/347787912', 'https://www.zoominfo.com/pic/ultimate-specialties-llc/347787912', 'https://www.zoominfo.com/c/interstate-waste-systems/357626093']
https://www.zoominfo.com/c/ucs-llc/369308161
['https://www.zoominfo.com/c/ucs-llc/369308161', 'NotAvailable', 'NotAvailable']
https://www.zoominfo.com/pic/universal-enterprises-inc/283967540
https://www.zoominfo.com/c/universal-environmental-inc/124634009
https://www.zoominfo.com/c/ue/507394189
['https://www.zoominfo.com/pic/universal-enterprises-inc/283967540', 'https://www.zoominfo.com/c/universal-environmental-inc/124634009', 'https://www.zoominfo.com/c/ue/507394189']
https://www.zoominfo.com/c/universal-waste-systems-inc/72106433
https://www.zoominfo.com/pic/universal-waste-systems-inc/72106433
https://www.zoominfo.com/p/Rheganne-Vaughn/5134285236
['https://www.zoominfo.com/c/universal-waste-systems-inc/72106433', 'https://www.zoominfo.com/pic/universal-waste-systems-inc/72106433', 'https://www.zoominfo.com/p/Rheganne-Vaughn/5134285236']
https://www.zoominfo.com/c/all-waste-removal-inc/365946163
https://www.zoominfo.com/pic/all-waste-removal-inc/365946163
https://www.zoominfo.com/c/axa-waste-removal/542949967
['https://www.zoominfo.com/c/all-waste-removal-inc/365946163', 'https://www.zoominfo.com/pic/all-waste-removal-inc/365946163', 'https://www.zoominfo.com/c/axa-waste-removal/542949967']
https://www.zoominfo.com/c/uribe-refuse-services-inc/357875480
https://www.zoominfo.com/c/uribe-refuse/450472519
https://www.zoominfo.com/pic/uribe-refuse-services-inc/357875480
['https://www.zoominfo.com/c/uribe-refuse-services-inc/357875480', 'https://www.zoominfo.com/c/uribe-refuse/450472519', 'https://www.zoominfo.com/pic/uribe-refuse-services-inc/357875480']
https://www.zoominfo.com/c/veit-company-inc/40698717
https://www.zoominfo.com/pic/veit-company-inc/40698717
https://www.zoominfo.com/p/Chris-Sandberg/-1921549876
['https://www.zoominfo.com/c/veit-company-inc/40698717', 'https://www.zoominfo.com/pic/veit-company-inc/40698717', 'https://www.zoominfo.com/p/Chris-Sandberg/-1921549876']
