https://www.zoominfo.com/c/veolia-environnement-sa/288522305
https://www.zoominfo.com/c/veolia-north-america/152387734
https://www.zoominfo.com/c/veolia-north-america/463724118
['https://www.zoominfo.com/c/veolia-environnement-sa/288522305', 'https://www.zoominfo.com/c/veolia-north-america/152387734', 'https://www.zoominfo.com/c/veolia-north-america/463724118']
https://www.zoominfo.com/c/veransa-group-inc/552889316
https://www.zoominfo.com/c/florida-organic-solutions-inc/346106889
https://www.zoominfo.com/c/consolidated-resource-recovery-inc/27921672
['https://www.zoominfo.com/c/veransa-group-inc/552889316', 'https://www.zoominfo.com/c/florida-organic-solutions-inc/346106889', 'https://www.zoominfo.com/c/consolidated-resource-recovery-inc/27921672']
https://www.zoominfo.com/c/veritas-environmental-consulting-inc/363738892
https://www.zoominfo.com/c/veritas-technologies-llc/126812435
https://www.zoominfo.com/c/economic-consulting/346425910
['https://www.zoominfo.com/c/veritas-environmental-consulting-inc/363738892', 'https://www.zoominfo.com/c/veritas-technologies-llc/126812435', 'https://www.zoominfo.com/c/economic-consulting/346425910']
https://www.zoominfo.com/c/vigilant-solutions-inc/289734739
https://www.neverbounce.com/company/vigilant-solutions/289734739
['https://www.zoominfo.com/c/vigilant-solutions-inc/289734739', 'NotAvailable', 'NotAvailable']
https://www.zoominfo.com/c/vineyard-engineering-environmental-services-inc/353933601
https://www.zoominfo.com/c/vineyard-engineering-inc/1141097974
https://www.zoominfo.com/pic/vineyard-engineering-environmental-services-inc/353933601
['https://www.zoominfo.com/c/vineyard-engineering-environmental-services-inc/353933601', 'https://www.zoominfo.com/c/vineyard-engineering-inc/1141097974', 'https://www.zoominfo.com/pic/vineyard-engineering-environmental-services-inc/353933601']
https://www.zoominfo.com/c/volunteer-disposal-llc/409848426
https://www.zoominfo.com/c/volunteer-disposal-west/551691797
https://www.zoominfo.com/c/volunteer-recycling-salvage-inc/442106233
['https://www.zoominfo.com/c/volunteer-disposal-llc/409848426', 'https://www.zoominfo.com/c/volunteer-disposal-west/551691797', 'https://www.zoominfo.com/c/volunteer-recycling-salvage-inc/442106233']
https://www.zoominfo.com/c/vertex-residual-management-llc/348311655
https://www.neverbounce.com/company/vrm-group/348311655
['https://www.zoominfo.com/c/vertex-residual-management-llc/348311655', 'NotAvailable', 'NotAvailable']
https://www.zoominfo.com/c/ward-waste-solutions/373867314
https://www.neverbounce.com/company/ward-waste-solutions/373867314
https://www.apollo.io/companies/Ward-Waste-Solutions/56d45030f3e5bb37bd006db3
['https://www.zoominfo.com/c/ward-waste-solutions/373867314', 'NotAvailable', 'NotAvailable']
https://www.zoominfo.com/c/washington-river-protection-solutions-llc/351613137
https://www.zoominfo.com/pic/washington-river-protection-solutions-llc/351613137
https://www.zoominfo.com/p/Sheri-Evans/-1769978808
['https://www.zoominfo.com/c/washington-river-protection-solutions-llc/351613137', 'https://www.zoominfo.com/pic/washington-river-protection-solutions-llc/351613137', 'https://www.zoominfo.com/p/Sheri-Evans/-1769978808']
https://www.zoominfo.com/c/waste-container-services-inc/347046077
https://www.zoominfo.com/c/wcsi-properties/408669562
https://www.zoominfo.com/c/work-comp-solution-inc/414722958
['https://www.zoominfo.com/c/waste-container-services-inc/347046077', 'https://www.zoominfo.com/c/wcsi-properties/408669562', 'https://www.zoominfo.com/c/work-comp-solution-inc/414722958']
https://www.zoominfo.com/c/wrs-inc-real-estate-investments/217448470
https://www.zoominfo.com/pic/wrs-inc-real-estate-investments/217448470
https://www.zoominfo.com/c/wrs-inc/1167239747
['https://www.zoominfo.com/c/wrs-inc-real-estate-investments/217448470', 'https://www.zoominfo.com/pic/wrs-inc-real-estate-investments/217448470', 'https://www.zoominfo.com/c/wrs-inc/1167239747']
https://www.zoominfo.com/c/waste-solutions-inc/347928474
https://www.zoominfo.com/c/waste-solutions-inc/371769176
https://www.zoominfo.com/c/waste-solutions-llc/370977747
['https://www.zoominfo.com/c/waste-solutions-inc/347928474', 'https://www.zoominfo.com/c/waste-solutions-inc/371769176', 'https://www.zoominfo.com/c/waste-solutions-llc/370977747']
https://www.zoominfo.com/c/waste-watchers-llc/345622899
https://www.neverbounce.com/company/discount-dumpsters-dfw/480386250
['https://www.zoominfo.com/c/waste-watchers-llc/345622899', 'NotAvailable', 'NotAvailable']
https://www.zoominfo.com/c/waste-wranglers/358714273
https://www.zoominfo.com/c/waste-connections/1278310618
https://www.zoominfo.com/c/waste-connections-of-cleveland/1235031177
['https://www.zoominfo.com/c/waste-wranglers/358714273', 'https://www.zoominfo.com/c/waste-connections/1278310618', 'https://www.zoominfo.com/c/waste-connections-of-cleveland/1235031177']
https://www.zoominfo.com/c/wasteco/41501084
https://www.zoominfo.com/c/wasteco-inc/347704730
https://www.zoominfo.com/c/wasteco/451644237
['https://www.zoominfo.com/c/wasteco/41501084', 'https://www.zoominfo.com/c/wasteco-inc/347704730', 'https://www.zoominfo.com/c/wasteco/451644237']
'organic'
['NotAvailable', 'NotAvailable', 'NotAvailable']
https://www.zoominfo.com/c/wecare/473381278
https://www.neverbounce.com/company/wecare-denali/1265802665
https://tieec.boomsenses.com/post/wecare-denali-llc/69090300
https://kismqvx.adalarelektronik.com/post/cq-compost/1669614
['https://www.zoominfo.com/c/wecare/473381278', 'NotAvailable', 'NotAvailable']
https://www.zoominfo.com/p/Trevor-French/2391946298
https://www.neverbounce.com/company/rsi/42730387
['https://www.zoominfo.com/p/Trevor-French/2391946298', 'NotAvailable', 'NotAvailable']
https://www.zoominfo.com/c/western-valet/369753539
https://www.neverbounce.com/company/western-valet/369753539
['https://www.zoominfo.com/c/western-valet/369753539', 'NotAvailable', 'NotAvailable']
https://www.zoominfo.com/c/westside-transload-llc/351575629
https://www.zoominfo.com/c/westside-environmental-technology/466518211
https://www.zoominfo.com/pic/westside-transload-llc/351575629
['https://www.zoominfo.com/c/westside-transload-llc/351575629', 'https://www.zoominfo.com/c/westside-environmental-technology/466518211', 'https://www.zoominfo.com/pic/westside-transload-llc/351575629']
https://www.zoominfo.com/c/whitecap-environmental-services-inc/416008514
https://www.zoominfo.com/pic/whitecap-environmental-services-inc/416008514
https://www.zoominfo.com/c/oriens-technologies-inc/372445426
['https://www.zoominfo.com/c/whitecap-environmental-services-inc/416008514', 'https://www.zoominfo.com/pic/whitecap-environmental-services-inc/416008514', 'https://www.zoominfo.com/c/oriens-technologies-inc/372445426']
https://www.zoominfo.com/c/whitecap-waste-llc/566128054
https://www.zoominfo.com/companies-search/location-usa--west-virginia-industry-waste-treatment-environmental-services-recycling
https://www.zoominfo.com/c/hd-supply-inc/56185422
['https://www.zoominfo.com/c/whitecap-waste-llc/566128054', 'https://www.zoominfo.com/companies-search/location-usa--west-virginia-industry-waste-treatment-environmental-services-recycling', 'https://www.zoominfo.com/c/hd-supply-inc/56185422']
https://www.zoominfo.com/c/williams-sons-services-inc/465930164
https://www.idcrawl.com/myron-long
['https://www.zoominfo.com/c/williams-sons-services-inc/465930164', 'NotAvailable', 'NotAvailable']
https://www.zoominfo.com/c/windham-solid-waste-management-district/99434527
https://www.zoominfo.com/pic/windham-solid-waste-management-district/99434527
https://www.zoominfo.com/c/elm-city-compost/529731269
['https://www.zoominfo.com/c/windham-solid-waste-management-district/99434527', 'https://www.zoominfo.com/pic/windham-solid-waste-management-district/99434527', 'https://www.zoominfo.com/c/elm-city-compost/529731269']
https://www.zoominfo.com/c/wise-hospice-options/347312294
https://www.zoominfo.com/c/wiseop-inc/466506811
https://www.zoominfo.com/pic/wise-hospice-options/347312294
['https://www.zoominfo.com/c/wise-hospice-options/347312294', 'https://www.zoominfo.com/c/wiseop-inc/466506811', 'https://www.zoominfo.com/pic/wise-hospice-options/347312294']
https://www.zoominfo.com/c/wisys-llc/151896115
https://www.zoominfo.com/c/wisys/56016906
https://www.zoominfo.com/pic/wisys-llc/151896115
['https://www.zoominfo.com/c/wisys-llc/151896115', 'https://www.zoominfo.com/c/wisys/56016906', 'https://www.zoominfo.com/pic/wisys-llc/151896115']
https://www.zoominfo.com/c/zans-refuse-service-inc/359069394
https://www.neverbounce.com/company/zans-refuse-service/359069394
['https://www.zoominfo.com/c/zans-refuse-service-inc/359069394', 'NotAvailable', 'NotAvailable']
https://www.zoominfo.com/c/zanker-landscape-materials/1119817485
['https://www.zoominfo.com/c/zanker-landscape-materials/1119817485', 'NotAvailable', 'NotAvailable']
https://www.zoominfo.com/companies-search/location-usa--texas-industry-laundry-dry-cleaning-services?pageNum=5
https://www.apollo.io/companies/Zodiac-Valet-Trash/54a11d0d69702d88c44dd600
['https://www.zoominfo.com/companies-search/location-usa--texas-industry-laundry-dry-cleaning-services?pageNum=5', 'NotAvailable', 'NotAvailable']
https://www.zoominfo.com/p/Jessica-Bates/2074183607
https://www.idcrawl.com/brenda-willoughby
['https://www.zoominfo.com/p/Jessica-Bates/2074183607', 'NotAvailable', 'NotAvailable']
https://ciddx.ipwwc.com/post/duncan-disposal-texas/70872539
https://www.idcrawl.com/duncan-fuller
https://www.toffeeweb.com/season/19-20/news/39673.html
https://www.arounddeal.com/profile/duncan-mclean/d3rkgpyjgh
https://yyrmtqc.commboxg.com/
['NotAvailable', 'NotAvailable', 'NotAvailable']
https://www.zoominfo.com/c/mark-dunning-industries-inc/353729361
https://www.zoominfo.com/pic/mark-dunning-industries-inc/353729361
https://www.zoominfo.com/people/Mark/Dunning
['https://www.zoominfo.com/c/mark-dunning-industries-inc/353729361', 'https://www.zoominfo.com/pic/mark-dunning-industries-inc/353729361', 'https://www.zoominfo.com/people/Mark/Dunning']
https://www.zoominfo.com/c/waste-management-inc/56049732
https://enfant.designhouse.co.kr/_outsite.php?rurl=//vipuwiresare.tk/143enfantdesignhousecokrHSuvTn351
https://updowntoday.com/45
['https://www.zoominfo.com/c/waste-management-inc/56049732', 'NotAvailable', 'NotAvailable']
https://www.zoominfo.com/c/cactus-environmental/346321172
https://www.zoominfo.com/pic/cactus-environmental/346321172
https://www.zoominfo.com/p/Travis-Orr/-2135116421
['https://www.zoominfo.com/c/cactus-environmental/346321172', 'https://www.zoominfo.com/pic/cactus-environmental/346321172', 'https://www.zoominfo.com/p/Travis-Orr/-2135116421']
https://www.zoominfo.com/c/envirosource-waste-solutions-llc/347024793
https://www.zoominfo.com/p/Donald-Haley/-991544515
https://www.zoominfo.com/p/Kyle-Garrett/-1086086400
['https://www.zoominfo.com/c/envirosource-waste-solutions-llc/347024793', 'https://www.zoominfo.com/p/Donald-Haley/-991544515', 'https://www.zoominfo.com/p/Kyle-Garrett/-1086086400']
https://www.zoominfo.com/c/titan-environmental-services-llc/403187513
https://www.zoominfo.com/c/titan-environmental-services-inc/353732969
https://www.zoominfo.com/pic/titan-environmental-services-llc/403187513
['https://www.zoominfo.com/c/titan-environmental-services-llc/403187513', 'https://www.zoominfo.com/c/titan-environmental-services-inc/353732969', 'https://www.zoominfo.com/pic/titan-environmental-services-llc/403187513']
'organic'
['NotAvailable', 'NotAvailable', 'NotAvailable']
https://www.zoominfo.com/c/express-chem-llc/359484119
https://www.zoominfo.com/pic/express-chem-llc/359484119
https://www.zoominfo.com/p/Matt-Liebheit/-854781845
['https://www.zoominfo.com/c/express-chem-llc/359484119', 'https://www.zoominfo.com/pic/express-chem-llc/359484119', 'https://www.zoominfo.com/p/Matt-Liebheit/-854781845']
https://www.zoominfo.com/c/tri--state-disposal-inc/277102646
https://www.zoominfo.com/pic/tri--state-disposal-inc/277102646
https://www.zoominfo.com/p/Sheryl-Germany/-1518763733
['https://www.zoominfo.com/c/tri--state-disposal-inc/277102646', 'https://www.zoominfo.com/pic/tri--state-disposal-inc/277102646', 'https://www.zoominfo.com/p/Sheryl-Germany/-1518763733']
https://www.zoominfo.com/c/capitol-waste-services-inc/13175288
https://www.zoominfo.com/c/capital-waste-services-llc/375217156
https://www.zoominfo.com/pic/capital-waste-services-llc/375217156
['https://www.zoominfo.com/c/capitol-waste-services-inc/13175288', 'https://www.zoominfo.com/c/capital-waste-services-llc/375217156', 'https://www.zoominfo.com/pic/capital-waste-services-llc/375217156']
https://www.neverbounce.com/company/randys-sanitation/74319221
https://www.apollo.io/companies/Venette-Waste/54a1349369702d3170f66e00
https://www.idcrawl.com/corey-metcalf
['NotAvailable', 'NotAvailable', 'NotAvailable']
https://www.zoominfo.com/c/ross-environmental-services-inc/139673974
https://www.zoominfo.com/pic/ross-environmental-services-inc/139673974
https://www.zoominfo.com/c/ross-environmental-associates-inc/346093619
['https://www.zoominfo.com/c/ross-environmental-services-inc/139673974', 'https://www.zoominfo.com/pic/ross-environmental-services-inc/139673974', 'https://www.zoominfo.com/c/ross-environmental-associates-inc/346093619']
https://www.zoominfo.com/c/new-earth-waste-services/398992866
https://www.apollo.io/companies/New-Earth-Waste-Services/56d7cd44f3e5bb589a0009c8
https://www.neverbounce.com/company/new-earth-waste-treatment/398992866
['https://www.zoominfo.com/c/new-earth-waste-services/398992866', 'NotAvailable', 'NotAvailable']
https://www.zoominfo.com/c/armor-environmental-solutions/475803635
https://www.neverbounce.com/company/armor-environmental-solutions/475803635
https://www.idcrawl.com/anthony-legato
['https://www.zoominfo.com/c/armor-environmental-solutions/475803635', 'NotAvailable', 'NotAvailable']
https://www.zoominfo.com/c/marin-sanitary-service/70273361
https://www.zoominfo.com/pic/marin-sanitary-service/70273361
https://www.zoominfo.com/p/David-Garbarino/183949755
['https://www.zoominfo.com/c/marin-sanitary-service/70273361', 'https://www.zoominfo.com/pic/marin-sanitary-service/70273361', 'https://www.zoominfo.com/p/David-Garbarino/183949755']
https://www.zoominfo.com/c/kelleher-environmental/157844199
https://www.zoominfo.com/c/collis--associates/359441189
https://www.zoominfo.com/companies-search/location-canada--ontario--ayr-industry-energy-utilities-waste-treatment
['https://www.zoominfo.com/c/kelleher-environmental/157844199', 'https://www.zoominfo.com/c/collis--associates/359441189', 'https://www.zoominfo.com/companies-search/location-canada--ontario--ayr-industry-energy-utilities-waste-treatment']
https://www.zoominfo.com/c/instream-environmental-llc/354432895
https://www.zoominfo.com/pic/instream-environmental-llc/354432895
https://www.zoominfo.com/c/instream-environmental-ltd/405854290
['https://www.zoominfo.com/c/instream-environmental-llc/354432895', 'https://www.zoominfo.com/pic/instream-environmental-llc/354432895', 'https://www.zoominfo.com/c/instream-environmental-ltd/405854290']
https://www.zoominfo.com/c/homeland-environmental-solutions/369701589
https://www.neverbounce.com/company/homeland-environmental-solutions/369701589
https://www.apollo.io/companies/Global-Environmental--INC/54a23d5974686930c240d518
['https://www.zoominfo.com/c/homeland-environmental-solutions/369701589', 'NotAvailable', 'NotAvailable']
https://www.zoominfo.com/c/circle-j-roll--offs-inc/351651013
https://www.ampliz.com/company/circle-j-roll-offs-inc/98511589
https://www.neverbounce.com/company/circle-j-roll--offs/351651013
['https://www.zoominfo.com/c/circle-j-roll--offs-inc/351651013', 'NotAvailable', 'NotAvailable']
https://www.zoominfo.com/c/slm-facilities/97044525
https://www.zoominfo.com/pic/slm-facilities/97044525
https://www.zoominfo.com/p/Tinamarie-Sicilia/-933234315
['https://www.zoominfo.com/c/slm-facilities/97044525', 'https://www.zoominfo.com/pic/slm-facilities/97044525', 'https://www.zoominfo.com/p/Tinamarie-Sicilia/-933234315']
https://www.zoominfo.com/c/greenleaf-compaction-inc/70370618
https://www.zoominfo.com/pic/greenleaf-compaction-inc/70370618
https://www.zoominfo.com/p/Tonya-Jacobs/-1092326676
['https://www.zoominfo.com/c/greenleaf-compaction-inc/70370618', 'https://www.zoominfo.com/pic/greenleaf-compaction-inc/70370618', 'https://www.zoominfo.com/p/Tonya-Jacobs/-1092326676']
https://www.zoominfo.com/c/troiano-waste-services-inc/119177380
https://www.zoominfo.com/pic/troiano-waste-services-inc/119177380
https://www.zoominfo.com/p/Tj-Troiano/1799474601
['https://www.zoominfo.com/c/troiano-waste-services-inc/119177380', 'https://www.zoominfo.com/pic/troiano-waste-services-inc/119177380', 'https://www.zoominfo.com/p/Tj-Troiano/1799474601']
https://www.zoominfo.com/c/hazardous-waste-experts/365940335
https://www.zoominfo.com/pic/hazardous-waste-experts/365940335
https://www.zoominfo.com/p/Nikki-Zorman/-1445418030
['https://www.zoominfo.com/c/hazardous-waste-experts/365940335', 'https://www.zoominfo.com/pic/hazardous-waste-experts/365940335', 'https://www.zoominfo.com/p/Nikki-Zorman/-1445418030']
https://www.zoominfo.com/c/ankeny-sanitation-inc/5032482
https://www.zoominfo.com/pic/ankeny-sanitation-inc/5032482
https://www.zoominfo.com/c/ankeny-sanitation/541936696
['https://www.zoominfo.com/c/ankeny-sanitation-inc/5032482', 'https://www.zoominfo.com/pic/ankeny-sanitation-inc/5032482', 'https://www.zoominfo.com/c/ankeny-sanitation/541936696']
https://www.zoominfo.com/c/jeff-daley-and-sons-oil-service-inc/528043584
https://www.zoominfo.com/c/jerry-daley-sons-plumbing-heating-inc/358830795
https://www.zoominfo.com/c/oil-burner-service-company/112804392
['https://www.zoominfo.com/c/jeff-daley-and-sons-oil-service-inc/528043584', 'https://www.zoominfo.com/c/jerry-daley-sons-plumbing-heating-inc/358830795', 'https://www.zoominfo.com/c/oil-burner-service-company/112804392']
https://www.zoominfo.com/c/volunteer-landfill/411979585
https://www.zoominfo.com/c/meadow-branch-landfill/551717777
https://www.zoominfo.com/c/osage-landfill-inc/551743431
['https://www.zoominfo.com/c/volunteer-landfill/411979585', 'https://www.zoominfo.com/c/meadow-branch-landfill/551717777', 'https://www.zoominfo.com/c/osage-landfill-inc/551743431']
https://www.zoominfo.com/c/integrity-recycling-waste-solutions/347765052
https://www.zoominfo.com/pic/integrity-recycling-waste-solutions/347765052
https://www.zoominfo.com/c/integrity-recycling-inc/397493764
['https://www.zoominfo.com/c/integrity-recycling-waste-solutions/347765052', 'https://www.zoominfo.com/pic/integrity-recycling-waste-solutions/347765052', 'https://www.zoominfo.com/c/integrity-recycling-inc/397493764']
https://www.zoominfo.com/c/carolina-waste-recycling-llc/14437382
https://www.zoominfo.com/c/carolina-waste-group-llc/509425263
https://www.zoominfo.com/c/carolina-waste-recycling/363768417
['https://www.zoominfo.com/c/carolina-waste-recycling-llc/14437382', 'https://www.zoominfo.com/c/carolina-waste-group-llc/509425263', 'https://www.zoominfo.com/c/carolina-waste-recycling/363768417']
https://www.zoominfo.com/c/cash-environmental-resources-llc/473228474
https://www.zoominfo.com/pic/cash-environmental-resources-llc/473228474
https://www.zoominfo.com/p/Eric-Cash/-1265806483
['https://www.zoominfo.com/c/cash-environmental-resources-llc/473228474', 'https://www.zoominfo.com/pic/cash-environmental-resources-llc/473228474', 'https://www.zoominfo.com/p/Eric-Cash/-1265806483']
https://www.zoominfo.com/p/Brian-Chapman/296964124
https://www.neverbounce.com/company/mill-city-environmental/1126268099
https://app.lead411.com/Scott_Mckiel_16966400.html
https://senderscore.org/senderscore/report/?lookup=66.96.184.2&authenticated=true
https://www.arounddeal.com/profile/scott-mckiel/k9rberzryx
['https://www.zoominfo.com/p/Brian-Chapman/296964124', 'NotAvailable', 'NotAvailable']
https://www.zoominfo.com/c/winnebago-landfill/158449753
https://www.zoominfo.com/pic/winnebago-landfill-company/158449753
https://www.zoominfo.com/c/rochelle-landfill-company/343324540
['https://www.zoominfo.com/c/winnebago-landfill/158449753', 'https://www.zoominfo.com/pic/winnebago-landfill-company/158449753', 'https://www.zoominfo.com/c/rochelle-landfill-company/343324540']
https://www.zoominfo.com/c/national-waste-associates-llc/83756607
https://www.zoominfo.com/c/national-waste-services-llc/345194070
https://www.zoominfo.com/c/national-waste-disposal-inc/96273590
['https://www.zoominfo.com/c/national-waste-associates-llc/83756607', 'https://www.zoominfo.com/c/national-waste-services-llc/345194070', 'https://www.zoominfo.com/c/national-waste-disposal-inc/96273590']
https://www.zoominfo.com/c/wastren-inc/41501135
https://www.zoominfo.com/pic/wai/41501135
https://www.zoominfo.com/c/idaho-national-laboratory/540493188
['https://www.zoominfo.com/c/wastren-inc/41501135', 'https://www.zoominfo.com/pic/wai/41501135', 'https://www.zoominfo.com/c/idaho-national-laboratory/540493188']
https://www.zoominfo.com/c/wallace-waste-solutions/535469942
https://www.zoominfo.com/c/practical-waste-solutions-ltd/346034869
https://www.zoominfo.com/c/waste-solutions-inc/347928474
['https://www.zoominfo.com/c/wallace-waste-solutions/535469942', 'https://www.zoominfo.com/c/practical-waste-solutions-ltd/346034869', 'https://www.zoominfo.com/c/waste-solutions-inc/347928474']
https://www.zoominfo.com/c/mid-valley-disposal/105103926
https://www.zoominfo.com/pic/mid-valley-disposal/105103926
https://www.zoominfo.com/p/Rick-Rai/-1838240727
['https://www.zoominfo.com/c/mid-valley-disposal/105103926', 'https://www.zoominfo.com/pic/mid-valley-disposal/105103926', 'https://www.zoominfo.com/p/Rick-Rai/-1838240727']
https://www.zoominfo.com/c/wrr-environmental-services-company-inc/126205961
https://www.zoominfo.com/pic/wrr-environmental-services/126205961
https://www.zoominfo.com/p/Connie-St-martin/-1749511819
['https://www.zoominfo.com/c/wrr-environmental-services-company-inc/126205961', 'https://www.zoominfo.com/pic/wrr-environmental-services/126205961', 'https://www.zoominfo.com/p/Connie-St-martin/-1749511819']
https://www.zoominfo.com/c/randys-sanitation-inc/74319221
https://www.neverbounce.com/company/randys-sanitation/74319221
https://www.apollo.io/companies/Randy-s-Environmental-Services/5a9eaadfa6da98d96646ab09
https://www.idcrawl.com/aaron-buss
https://zui4x.alexander-schoenfeld.de/hindi-10-pages-type
['https://www.zoominfo.com/c/randys-sanitation-inc/74319221', 'NotAvailable', 'NotAvailable']
https://www.zoominfo.com/c/mountain-environmentals-llc/83494332
https://www.zoominfo.com/pic/mountain-environmental-services/83494332
https://www.zoominfo.com/c/rocky-mountain-environmental-associates-inc/64078377
['https://www.zoominfo.com/c/mountain-environmentals-llc/83494332', 'https://www.zoominfo.com/pic/mountain-environmental-services/83494332', 'https://www.zoominfo.com/c/rocky-mountain-environmental-associates-inc/64078377']
https://www.zoominfo.com/pic/environmental-recovery/70454217
https://www.zoominfo.com/p/Troy-Tremellen/-1870966225
https://www.zoominfo.com/p/Daniel-Burkholder/-2048121277
['https://www.zoominfo.com/pic/environmental-recovery/70454217', 'https://www.zoominfo.com/p/Troy-Tremellen/-1870966225', 'https://www.zoominfo.com/p/Daniel-Burkholder/-2048121277']
https://www.zoominfo.com/c/medical-environmental-technolgies/363767417
https://www.linkedin.com/in/hschuck
https://www.bloomberg.com/press-releases/2020-06-12/zoominfo-market-value-soars-to-17b-in-strategic-first-week
https://twitter.com/seth__hartman
https://www.quora.com/Is-ZoomInfo-a-good-company
['https://www.zoominfo.com/c/medical-environmental-technolgies/363767417', 'https://www.bloomberg.com/press-releases/2020-06-12/zoominfo-market-value-soars-to-17b-in-strategic-first-week', 'NotAvailable']
https://www.zoominfo.com/c/abc-disposal-service-inc/283149
https://www.zoominfo.com/c/abc-recycling-ltd/283194
https://www.zoominfo.com/c/abc-disposal-systems-inc/366464354
['https://www.zoominfo.com/c/abc-disposal-service-inc/283149', 'https://www.zoominfo.com/c/abc-recycling-ltd/283194', 'https://www.zoominfo.com/c/abc-disposal-systems-inc/366464354']
https://www.zoominfo.com/c/whitetail-disposal-inc/367222126
https://www.zoominfo.com/pic/whitetail-disposal-inc/367222126
https://www.zoominfo.com/p/Toni-Brady/-986469841
['https://www.zoominfo.com/c/whitetail-disposal-inc/367222126', 'https://www.zoominfo.com/pic/whitetail-disposal-inc/367222126', 'https://www.zoominfo.com/p/Toni-Brady/-986469841']
https://www.zoominfo.com/c/lincoln-waste-solutions-llc/354368856
https://www.zoominfo.com/pic/lincoln-waste-solutions-llc/354368856
https://www.zoominfo.com/c/lincoln-waste-management/536450441
['https://www.zoominfo.com/c/lincoln-waste-solutions-llc/354368856', 'https://www.zoominfo.com/pic/lincoln-waste-solutions-llc/354368856', 'https://www.zoominfo.com/c/lincoln-waste-management/536450441']
https://www.zoominfo.com/c/marborg-industries-inc/23741472
https://www.ampliz.com/company/marborg-industries/99852986
https://www.neverbounce.com/company/marborg-industries/23741472
https://growjo.com/company/MarBorg_Industries
https://www.apollo.io/companies/Marborg-Industries/54a1ab3074686949e7674d06
['https://www.zoominfo.com/c/marborg-industries-inc/23741472', 'NotAvailable', 'NotAvailable']
https://www.zoominfo.com/c/kmg-hauling-inc/85590885
https://www.zoominfo.com/pic/kmg-hauling-inc/85590885
https://www.zoominfo.com/p/Zoila-Rodriguez/-913357276
['https://www.zoominfo.com/c/kmg-hauling-inc/85590885', 'https://www.zoominfo.com/pic/kmg-hauling-inc/85590885', 'https://www.zoominfo.com/p/Zoila-Rodriguez/-913357276']
https://www.zoominfo.com/c/nisly-brothers-inc/116392632
https://www.zoominfo.com/pic/nisly-brothers-inc/116392632
https://www.zoominfo.com/c/2s-rolloff-service/465661249
['https://www.zoominfo.com/c/nisly-brothers-inc/116392632', 'https://www.zoominfo.com/pic/nisly-brothers-inc/116392632', 'https://www.zoominfo.com/c/2s-rolloff-service/465661249']
https://www.zoominfo.com/c/the-junkluggers/351159392
https://www.ampliz.com/company/the-junkluggers/81902678
https://www.neverbounce.com/company/junkluggers-of-north-atlanta/1263430481
https://growjo.com/company/The_Junkluggers
https://www.apollo.io/companies/The-Junkluggers-of-NYC/5fc9a241d77c3a0001898fa5
['https://www.zoominfo.com/c/the-junkluggers/351159392', 'NotAvailable', 'NotAvailable']
https://www.zoominfo.com/p/Jennifer-Rettino/-814773089
https://www.zoominfo.com/c/solterra-recycling-solutions/451323244
https://www.zoominfo.com/pic/solterra-recycling-solutions/451323244
['https://www.zoominfo.com/p/Jennifer-Rettino/-814773089', 'https://www.zoominfo.com/c/solterra-recycling-solutions/451323244', 'https://www.zoominfo.com/pic/solterra-recycling-solutions/451323244']
https://www.zoominfo.com/c/pinnacle-waste-llc/528107649
https://www.zoominfo.com/c/pinnacle-waste-processing-inc/397889752
https://www.zoominfo.com/c/meridian-waste/546248483
['https://www.zoominfo.com/c/pinnacle-waste-llc/528107649', 'https://www.zoominfo.com/c/pinnacle-waste-processing-inc/397889752', 'https://www.zoominfo.com/c/meridian-waste/546248483']
https://www.zoominfo.com/c/wasatch-energy-sales/348515901
https://www.zoominfo.com/c/wem-uintah-llc/547000677
https://www.zoominfo.com/c/zener-company-pllc/357845911
['https://www.zoominfo.com/c/wasatch-energy-sales/348515901', 'https://www.zoominfo.com/c/wem-uintah-llc/547000677', 'https://www.zoominfo.com/c/zener-company-pllc/357845911']
https://puvck.bestock4u.com/post/bp-disposal-llc/57550650
['NotAvailable', 'NotAvailable', 'NotAvailable']
https://www.zoominfo.com/c/elk-environmental-services/40047585
https://www.zoominfo.com/pic/elk-environmental-services/40047585
https://www.zoominfo.com/p/Jennifer-Ortiz/-1782413903
['https://www.zoominfo.com/c/elk-environmental-services/40047585', 'https://www.zoominfo.com/pic/elk-environmental-services/40047585', 'https://www.zoominfo.com/p/Jennifer-Ortiz/-1782413903']
