https://www.zoominfo.com/c/virginia-peninsulas-public-service-authority/302039130
https://www.zoominfo.com/pic/virginia-peninsulas-public-service-authority/302039130
https://www.zoominfo.com/c/vermont-public-power-supply-authority/111902930
['https://www.zoominfo.com/c/virginia-peninsulas-public-service-authority/302039130', 'https://www.zoominfo.com/pic/virginia-peninsulas-public-service-authority/302039130', 'https://www.zoominfo.com/c/vermont-public-power-supply-authority/111902930']
https://www.zoominfo.com/c/oneida-herkimer-solid-waste-authority/87885110
https://www.zoominfo.com/pic/oneida-herkimer-solid-waste-authority/87885110
https://www.zoominfo.com/c/oshawa-centre/172900722
['https://www.zoominfo.com/c/oneida-herkimer-solid-waste-authority/87885110', 'https://www.zoominfo.com/pic/oneida-herkimer-solid-waste-authority/87885110', 'https://www.zoominfo.com/c/oshawa-centre/172900722']
https://www.zoominfo.com/p/Rolly-Flynn/1532472598
https://www.zoominfo.com/people/Todd/Headley
https://www.zoominfo.com/p/Kevin-Macdonald/-1332681784
['https://www.zoominfo.com/p/Rolly-Flynn/1532472598', 'https://www.zoominfo.com/people/Todd/Headley', 'https://www.zoominfo.com/p/Kevin-Macdonald/-1332681784']
https://www.zoominfo.com/c/sbc-waste-solutions-inc/447868359
https://www.zoominfo.com/pic/sbc-waste-solutions/447868359
https://www.zoominfo.com/p/Brian-Flood/2571471813
['https://www.zoominfo.com/c/sbc-waste-solutions-inc/447868359', 'https://www.zoominfo.com/pic/sbc-waste-solutions/447868359', 'https://www.zoominfo.com/p/Brian-Flood/2571471813']
https://www.zoominfo.com/c/waste-cost-solutions-inc/348583401
https://www.zoominfo.com/pic/waste-cost-solutions-inc/348583401
https://www.zoominfo.com/p/corey-obrien/-1065310213
['https://www.zoominfo.com/c/waste-cost-solutions-inc/348583401', 'https://www.zoominfo.com/pic/waste-cost-solutions-inc/348583401', 'https://www.zoominfo.com/p/corey-obrien/-1065310213']
https://www.zoominfo.com/c/universal-environmental-consulting-inc/365394875
https://www.zoominfo.com/pic/universal-environmental-consulting-inc/365394875
https://www.zoominfo.com/p/Dorian-Cuomo/-2106203080
['https://www.zoominfo.com/c/universal-environmental-consulting-inc/365394875', 'https://www.zoominfo.com/pic/universal-environmental-consulting-inc/365394875', 'https://www.zoominfo.com/p/Dorian-Cuomo/-2106203080']
https://www.zoominfo.com/c/waste-neutral/346545626
https://www.zoominfo.com/pic/waste-neutral/346545626
https://www.zoominfo.com/c/waste-neutral-products/541829792
['https://www.zoominfo.com/c/waste-neutral/346545626', 'https://www.zoominfo.com/pic/waste-neutral/346545626', 'https://www.zoominfo.com/c/waste-neutral-products/541829792']
https://www.zoominfo.com/c/suburban-disposal-corp/112755004
https://www.zoominfo.com/pic/suburban-disposal-corp/112755004
https://www.zoominfo.com/c/roselle-suburban-disposal/542807791
['https://www.zoominfo.com/c/suburban-disposal-corp/112755004', 'https://www.zoominfo.com/pic/suburban-disposal-corp/112755004', 'https://www.zoominfo.com/c/roselle-suburban-disposal/542807791']
https://www.zoominfo.com/c/dahl/358785334
https://www.zoominfo.com/pic/dahl-company/358785334
https://www.zoominfo.com/p/Nic-Dahl/-2089615904
['https://www.zoominfo.com/c/dahl/358785334', 'https://www.zoominfo.com/pic/dahl-company/358785334', 'https://www.zoominfo.com/p/Nic-Dahl/-2089615904']
https://www.zoominfo.com/c/sunrise-sanitation-services-inc/369747960
https://www.zoominfo.com/c/sunrise-sanitation-inc/530051076
https://www.zoominfo.com/pic/sunrise-sanitation-services/369747960
['https://www.zoominfo.com/c/sunrise-sanitation-services-inc/369747960', 'https://www.zoominfo.com/c/sunrise-sanitation-inc/530051076', 'https://www.zoominfo.com/pic/sunrise-sanitation-services/369747960']
https://www.zoominfo.com/c/big-o-refuse-inc/348177416
https://swss.ws/spc/?wptouch_switch=mobile&redirect=//bullgusme.ga/143swsswsRg7380
['https://www.zoominfo.com/c/big-o-refuse-inc/348177416', 'NotAvailable', 'NotAvailable']
https://www.zoominfo.com/c/my-dumpster-guy-llc/453048793
https://www.zoominfo.com/pic/my-dumpster-guy-llc/453048793
https://www.zoominfo.com/p/Allison-Cleek/-1017435117
['https://www.zoominfo.com/c/my-dumpster-guy-llc/453048793', 'https://www.zoominfo.com/pic/my-dumpster-guy-llc/453048793', 'https://www.zoominfo.com/p/Allison-Cleek/-1017435117']
https://www.zoominfo.com/c/russell-reid/104104559
https://www.zoominfo.com/pic/russell-reid/104104559
https://www.zoominfo.com/p/Chris-Bisbee/-1519832606
['https://www.zoominfo.com/c/russell-reid/104104559', 'https://www.zoominfo.com/pic/russell-reid/104104559', 'https://www.zoominfo.com/p/Chris-Bisbee/-1519832606']
https://www.zoominfo.com/c/refuse-specialists/347673014
https://www.zoominfo.com/pic/refuse-specialists/347673014
https://www.zoominfo.com/p/Mike-Nowell/-1997255239
['https://www.zoominfo.com/c/refuse-specialists/347673014', 'https://www.zoominfo.com/pic/refuse-specialists/347673014', 'https://www.zoominfo.com/p/Mike-Nowell/-1997255239']
https://www.zoominfo.com/c/dinverno-remodeling/452505918
https://www.zoominfo.com/pic/dinverno-remodeling/452505918
https://www.zoominfo.com/p/Guido-Dinverno/-1796353255
['https://www.zoominfo.com/c/dinverno-remodeling/452505918', 'https://www.zoominfo.com/pic/dinverno-remodeling/452505918', 'https://www.zoominfo.com/p/Guido-Dinverno/-1796353255']
https://www.zoominfo.com/c/local-waste-services-ltd/170410656
https://www.zoominfo.com/c/local-waste-services/503684845
https://www.zoominfo.com/c/local-waste-services-corp/432107834
['https://www.zoominfo.com/c/local-waste-services-ltd/170410656', 'https://www.zoominfo.com/c/local-waste-services/503684845', 'https://www.zoominfo.com/c/local-waste-services-corp/432107834']
https://www.zoominfo.com/p/Dave-Dillard/-1516452521
https://www.zoominfo.com/p/Greg-Albright/668529380
https://www.zoominfo.com/p/Tommy-Connally/668529379
['https://www.zoominfo.com/p/Dave-Dillard/-1516452521', 'https://www.zoominfo.com/p/Greg-Albright/668529380', 'https://www.zoominfo.com/p/Tommy-Connally/668529379']
https://www.zoominfo.com/c/crystal-clean/357327613
https://www.apollo.io/companies/Heritage-Crystal-Clean-LLC/54a12a8a69702d9b8b732a02
https://www.neverbounce.com/company/heritage--crystal-clean/48876553
https://www.bloomberg.com/news/articles/2020-05-11/zoominfo-said-to-move-ahead-with-rare-crisis-era-u-s-tech-ipo
https://growjo.com/company/Heritage-Crystal_Clean
['https://www.zoominfo.com/c/crystal-clean/357327613', 'https://www.bloomberg.com/news/articles/2020-05-11/zoominfo-said-to-move-ahead-with-rare-crisis-era-u-s-tech-ipo', 'NotAvailable']
https://www.zoominfo.com/c/monument-waste-services/404621012
https://www.zoominfo.com/pic/monument-waste-services/404621012
https://www.zoominfo.com/p/Dan-Kirkpatrick/1199687303
['https://www.zoominfo.com/c/monument-waste-services/404621012', 'https://www.zoominfo.com/pic/monument-waste-services/404621012', 'https://www.zoominfo.com/p/Dan-Kirkpatrick/1199687303']
https://www.zoominfo.com/c/special-waste-disposal/265142415
https://www.zoominfo.com/c/special-waste-disposal/1119568863
https://www.zoominfo.com/c/adco-services-inc/1034606
['https://www.zoominfo.com/c/special-waste-disposal/265142415', 'https://www.zoominfo.com/c/special-waste-disposal/1119568863', 'https://www.zoominfo.com/c/adco-services-inc/1034606']
https://www.zoominfo.com/c/northern-recycling-waste-services/374914241
https://www.zoominfo.com/pic/northern-recycling-waste-services/374914241
https://www.zoominfo.com/p/Bobbi-Reckers/-2049411515
['https://www.zoominfo.com/c/northern-recycling-waste-services/374914241', 'https://www.zoominfo.com/pic/northern-recycling-waste-services/374914241', 'https://www.zoominfo.com/p/Bobbi-Reckers/-2049411515']
https://www.zoominfo.com/c/waste-control-recycling/558944993
https://www.zoominfo.com/c/american-waste-transport-recycling-inc/2688096
https://www.zoominfo.com/c/cranes-waste-oil-inc/346482165
['https://www.zoominfo.com/c/waste-control-recycling/558944993', 'https://www.zoominfo.com/c/american-waste-transport-recycling-inc/2688096', 'https://www.zoominfo.com/c/cranes-waste-oil-inc/346482165']
https://www.zoominfo.com/c/money--media-inc/67636986
https://www.zoominfo.com/c/mytown-media-inc/346790316
https://www.zoominfo.com/c/industrial-media/457869563
['https://www.zoominfo.com/c/money--media-inc/67636986', 'https://www.zoominfo.com/c/mytown-media-inc/346790316', 'https://www.zoominfo.com/c/industrial-media/457869563']
https://www.zoominfo.com/c/parks-garbage-service-inc/142574032
https://www.apollo.io/companies/Township-of-Southgate/556cfe77736964120f036e00
https://www.idcrawl.com/adam-mcgarvey
https://www.reghecampf.info/index/contact-milliman-benefits-service-center.html
['https://www.zoominfo.com/c/parks-garbage-service-inc/142574032', 'NotAvailable', 'NotAvailable']
https://www.zoominfo.com/c/garbage/15597796
https://www.zoominfo.com/c/wilderness-garbage/348246183
https://www.zoominfo.com/c/parks-garbage-service-inc/142574032
['https://www.zoominfo.com/c/garbage/15597796', 'https://www.zoominfo.com/c/wilderness-garbage/348246183', 'https://www.zoominfo.com/c/parks-garbage-service-inc/142574032']
https://www.zoominfo.com/c/great-waste/346084990
https://www.zoominfo.com/pic/great-waste/346084990
https://www.zoominfo.com/p/Idalia-Urey/4081251815
['https://www.zoominfo.com/c/great-waste/346084990', 'https://www.zoominfo.com/pic/great-waste/346084990', 'https://www.zoominfo.com/p/Idalia-Urey/4081251815']
https://www.zoominfo.com/c/northern-tier-solid-waste-authority/28033973
https://www.neverbounce.com/company/northern-tier-solid-waste-auth/28033973
https://www.apollo.io/companies/Northern-Tier-Solid-Waste-Auth/54a1c81474686954753a6010
['https://www.zoominfo.com/c/northern-tier-solid-waste-authority/28033973', 'NotAvailable', 'NotAvailable']
https://www.zoominfo.com/c/stutzman-refuse-disposal-inc/92111031
https://www.zoominfo.com/c/valley-waste-disposal-llc/457249379
https://www.zoominfo.com/c/exclusive-garbage-recycling-llc/455919619
['https://www.zoominfo.com/c/stutzman-refuse-disposal-inc/92111031', 'https://www.zoominfo.com/c/valley-waste-disposal-llc/457249379', 'https://www.zoominfo.com/c/exclusive-garbage-recycling-llc/455919619']
https://www.zoominfo.com/c/modern/343964078
https://www.zoominfo.com/pic/modern-corp/343964078
https://www.zoominfo.com/c/modern-corp/425424328
['https://www.zoominfo.com/c/modern/343964078', 'https://www.zoominfo.com/pic/modern-corp/343964078', 'https://www.zoominfo.com/c/modern-corp/425424328']
https://www.zoominfo.com/pic/basin-haulage-inc/353934393
https://www.zoominfo.com/c/basin-concrete-inc/355757921
https://www.zoominfo.com/pic/basin-concrete-inc/355757921
['https://www.zoominfo.com/pic/basin-haulage-inc/353934393', 'https://www.zoominfo.com/c/basin-concrete-inc/355757921', 'https://www.zoominfo.com/pic/basin-concrete-inc/355757921']
https://www.zoominfo.com/c/lakeshore-recycling-systems/92996894
https://www.apollo.io/companies/LRS/54a1d2747468695c829aa913
https://olnck.bestock4u.com/post/lrg-services-llc/72659326
['https://www.zoominfo.com/c/lakeshore-recycling-systems/92996894', 'NotAvailable', 'NotAvailable']
https://www.zoominfo.com/companies-search/location-usa--missouri--sedalia-industry-retail
['https://www.zoominfo.com/companies-search/location-usa--missouri--sedalia-industry-retail', 'NotAvailable', 'NotAvailable']
https://www.zoominfo.com/c/opdenaker/353781022
https://www.apollo.io/companies/Opdenaker-Trash---Recycling-Services/5e564c849758fe0001e929a0
https://www.neverbounce.com/company/odance/1155959425
https://loginslink.com/solid-business-solutions-login
https://www.peekyou.com/michael_opinker
['https://www.zoominfo.com/c/opdenaker/353781022', 'NotAvailable', 'NotAvailable']
https://www.zoominfo.com/c/priority-waste-llc/447428004
https://www.zoominfo.com/c/priority-waste-inc/370984113
https://www.zoominfo.com/c/priority-waste/472873476
['https://www.zoominfo.com/c/priority-waste-llc/447428004', 'https://www.zoominfo.com/c/priority-waste-inc/370984113', 'https://www.zoominfo.com/c/priority-waste/472873476']
https://www.zoominfo.com/c/jet-polymer-recycling-inc/150078400
https://www.zoominfo.com/pic/jet-polymer-recycling-inc/150078400
https://www.zoominfo.com/c/the-traylor-group-inc/106856589
['https://www.zoominfo.com/c/jet-polymer-recycling-inc/150078400', 'https://www.zoominfo.com/pic/jet-polymer-recycling-inc/150078400', 'https://www.zoominfo.com/c/the-traylor-group-inc/106856589']
https://www.zoominfo.com/c/waste-management-inc/56049732
https://www.neverbounce.com/company/cwm-chemical-services/31640672
https://www.investorsobserver.com/news/stock-update/does-zoominfo-technologies-inc-zi-have-what-it-takes-to-be-in-your-portfolio-friday
https://timeliner29.de/lilly-grove-mbc.html
https://public.com/@kream
['https://www.zoominfo.com/c/waste-management-inc/56049732', 'https://www.investorsobserver.com/news/stock-update/does-zoominfo-technologies-inc-zi-have-what-it-takes-to-be-in-your-portfolio-friday', 'NotAvailable']
https://www.zoominfo.com/c/new-england-medwaste-management-llc/465924298
https://www.zoominfo.com/pic/new-england-medwaste-management-llc/465924298
https://www.zoominfo.com/p/Dan-Gumpright/5106414277
['https://www.zoominfo.com/c/new-england-medwaste-management-llc/465924298', 'https://www.zoominfo.com/pic/new-england-medwaste-management-llc/465924298', 'https://www.zoominfo.com/p/Dan-Gumpright/5106414277']
https://www.zoominfo.com/c/southern-waste-systems-llc/172736759
https://www.zoominfo.com/pic/southern-waste-systems-llc/172736759
https://www.zoominfo.com/c/southern-waste-services-llc/551407265
['https://www.zoominfo.com/c/southern-waste-systems-llc/172736759', 'https://www.zoominfo.com/pic/southern-waste-systems-llc/172736759', 'https://www.zoominfo.com/c/southern-waste-services-llc/551407265']
https://www.zoominfo.com/c/tumblr-inc/278741006
['https://www.zoominfo.com/c/tumblr-inc/278741006', 'NotAvailable', 'NotAvailable']
https://www.zoominfo.com/c/berks-transfer-inc/346202183
https://www.zoominfo.com/pic/berks-transfer-inc/346202183
https://www.zoominfo.com/p/Sion-Mclaughlin/2366659304
['https://www.zoominfo.com/c/berks-transfer-inc/346202183', 'https://www.zoominfo.com/pic/berks-transfer-inc/346202183', 'https://www.zoominfo.com/p/Sion-Mclaughlin/2366659304']
https://www.zoominfo.com/c/ecoserv-llc/343285807
https://www.zoominfo.com/pic/ecoserv-llc/343285807
https://www.zoominfo.com/c/ecoserv-ltd/450624072
['https://www.zoominfo.com/c/ecoserv-llc/343285807', 'https://www.zoominfo.com/pic/ecoserv-llc/343285807', 'https://www.zoominfo.com/c/ecoserv-ltd/450624072']
https://www.zoominfo.com/c/k--vac-environmental-services-inc/355279672
https://www.zoominfo.com/pic/k--vac-environmental-services-inc/355279672
https://www.zoominfo.com/p/Shawn-Bosson/-1697063669
['https://www.zoominfo.com/c/k--vac-environmental-services-inc/355279672', 'https://www.zoominfo.com/pic/k--vac-environmental-services-inc/355279672', 'https://www.zoominfo.com/p/Shawn-Bosson/-1697063669']
https://www.zoominfo.com/c/environmental-remedies-llc/13107251
https://www.zoominfo.com/pic/environmental-remedies-llc/13107251
https://www.zoominfo.com/p/Danny-Martin/-2121420420
['https://www.zoominfo.com/c/environmental-remedies-llc/13107251', 'https://www.zoominfo.com/pic/environmental-remedies-llc/13107251', 'https://www.zoominfo.com/p/Danny-Martin/-2121420420']
https://frjwtzk.lesbonsplans.org/post/evergreen-disposal-prices/73382799
['NotAvailable', 'NotAvailable', 'NotAvailable']
https://www.zoominfo.com/c/donato-marangi-inc/358462503
https://www.zoominfo.com/pic/donato-marangi-inc/358462503
https://www.zoominfo.com/p/Stephen-Nebel/-860988757
['https://www.zoominfo.com/c/donato-marangi-inc/358462503', 'https://www.zoominfo.com/pic/donato-marangi-inc/358462503', 'https://www.zoominfo.com/p/Stephen-Nebel/-860988757']
https://www.zoominfo.com/c/nation-waste-inc/82281452
https://www.zoominfo.com/pic/nation-waste-inc/82281452
https://www.zoominfo.com/p/Maria-Rios/557210689
['https://www.zoominfo.com/c/nation-waste-inc/82281452', 'https://www.zoominfo.com/pic/nation-waste-inc/82281452', 'https://www.zoominfo.com/p/Maria-Rios/557210689']
https://www.zoominfo.com/c/municipal-district-services-llc/353757649
https://www.neverbounce.com/company/municipal-district-services/353757649
https://www.apollo.io/companies/Municipal-District-Services/5ed093b30a7ab00001b63dbc
https://www.idcrawl.com/keisha-jennings
https://mbben.peakduo.com/post/mds-services-llc/52384487
['https://www.zoominfo.com/c/municipal-district-services-llc/353757649', 'NotAvailable', 'NotAvailable']
https://www.zoominfo.com/c/aloha-waste-systems-inc/6622348
https://www.zoominfo.com/pic/aloha-waste-systems-inc/6622348
https://www.zoominfo.com/c/integrated-waste-solutions/19497722
['https://www.zoominfo.com/c/aloha-waste-systems-inc/6622348', 'https://www.zoominfo.com/pic/aloha-waste-systems-inc/6622348', 'https://www.zoominfo.com/c/integrated-waste-solutions/19497722']
https://www.zoominfo.com/c/goode-companies-inc/359810023
https://www.zoominfo.com/pic/goode-companies-inc/359810023
https://www.zoominfo.com/c/goode-co/16384456
['https://www.zoominfo.com/c/goode-companies-inc/359810023', 'https://www.zoominfo.com/pic/goode-companies-inc/359810023', 'https://www.zoominfo.com/c/goode-co/16384456']
https://www.zoominfo.com/c/colorado-medical-waste-inc/354052916
https://www.zoominfo.com/pic/colorado-medical-waste-inc/354052916
https://www.zoominfo.com/c/mwzero/458081868
['https://www.zoominfo.com/c/colorado-medical-waste-inc/354052916', 'https://www.zoominfo.com/pic/colorado-medical-waste-inc/354052916', 'https://www.zoominfo.com/c/mwzero/458081868']
https://www.zoominfo.com/c/avangard-innovative-lp/344411886
https://www.zoominfo.com/pic/avangard-innovative/344411886
https://www.zoominfo.com/c/ava-insurance-consulting-group/357100537
['https://www.zoominfo.com/c/avangard-innovative-lp/344411886', 'https://www.zoominfo.com/pic/avangard-innovative/344411886', 'https://www.zoominfo.com/c/ava-insurance-consulting-group/357100537']
https://www.zoominfo.com/c/arizona-pacific-pulp-and-paper-inc/368363822
https://www.zoominfo.com/pic/recycle-1/368363822
https://www.zoominfo.com/p/Todd-Atkins/-1445676037
['https://www.zoominfo.com/c/arizona-pacific-pulp-and-paper-inc/368363822', 'https://www.zoominfo.com/pic/recycle-1/368363822', 'https://www.zoominfo.com/p/Todd-Atkins/-1445676037']
https://www.zoominfo.com/c/boston-mountain-solid-waste/371217829
https://www.zoominfo.com/c/boston-mountain-rural-health-center-inc/8046013
https://www.zoominfo.com/pic/red-sun-software/371217829
['https://www.zoominfo.com/c/boston-mountain-solid-waste/371217829', 'https://www.zoominfo.com/c/boston-mountain-rural-health-center-inc/8046013', 'https://www.zoominfo.com/pic/red-sun-software/371217829']
https://www.zoominfo.com/c/best-way-disposal-inc/13799790
https://www.neverbounce.com/company/best-way-disposal/13799790
https://www.apollo.io/companies/Best-Way-Disposal/55f55697f3e5bb6f010031d4
https://www.quora.com/How-accurate-is-the-company-revenue-information-on-ZoomInfo-and-Owler-What-are-the-best-resources-to-get-accurate-company-revenue-info-especially-for-smaller-companies
https://www.marketscreener.com/quote/stock/ZOOMINFO-TECHNOLOGIES-INC-107772705/news/ZoomInfo-Technologies-What-is-Conversational-Marketing-35733223/
['https://www.zoominfo.com/c/best-way-disposal-inc/13799790', 'NotAvailable', 'NotAvailable']
https://www.zoominfo.com/c/california-waste-solutions-inc/22712837
https://www.zoominfo.com/c/cal--waste-recovery-systems/6324249
https://www.zoominfo.com/pic/cal--waste-recovery-systems/6324249
['https://www.zoominfo.com/c/california-waste-solutions-inc/22712837', 'https://www.zoominfo.com/c/cal--waste-recovery-systems/6324249', 'https://www.zoominfo.com/pic/cal--waste-recovery-systems/6324249']
https://www.zoominfo.com/c/hamilton-alliance/356002245
https://www.zoominfo.com/pic/hamilton-alliance-inc/356002245
https://www.zoominfo.com/c/hamilton-base/47354135
['https://www.zoominfo.com/c/hamilton-alliance/356002245', 'https://www.zoominfo.com/pic/hamilton-alliance-inc/356002245', 'https://www.zoominfo.com/c/hamilton-base/47354135']
https://www.zoominfo.com/p/Sarah-Phillips/-1768877155
https://www.zoominfo.com/p/Sylvia-Wilson/1768631709
https://www.zoominfo.com/p/Dan-Loerop/694332175
['https://www.zoominfo.com/p/Sarah-Phillips/-1768877155', 'https://www.zoominfo.com/p/Sylvia-Wilson/1768631709', 'https://www.zoominfo.com/p/Dan-Loerop/694332175']
https://www.zoominfo.com/c/trash-force-inc/175882406
https://www.zoominfo.com/c/trashforce/541178652
https://www.zoominfo.com/c/trash/408578551
['https://www.zoominfo.com/c/trash-force-inc/175882406', 'https://www.zoominfo.com/c/trashforce/541178652', 'https://www.zoominfo.com/c/trash/408578551']
https://www.zoominfo.com/c/syracuse-haulers-waste-removal-inc/114148046
https://www.zoominfo.com/pic/syracuse-haulers-waste-removal-inc/114148046
https://www.zoominfo.com/p/Ramel-Joyed/-880722390
['https://www.zoominfo.com/c/syracuse-haulers-waste-removal-inc/114148046', 'https://www.zoominfo.com/pic/syracuse-haulers-waste-removal-inc/114148046', 'https://www.zoominfo.com/p/Ramel-Joyed/-880722390']
https://www.zoominfo.com/c/milpitas-sanitation-inc/451994726
https://www.zoominfo.com/pic/milpitas-sanitation-inc/451994726
https://www.zoominfo.com/p/Uyen-Mai/3019447118
['https://www.zoominfo.com/c/milpitas-sanitation-inc/451994726', 'https://www.zoominfo.com/pic/milpitas-sanitation-inc/451994726', 'https://www.zoominfo.com/p/Uyen-Mai/3019447118']
https://www.zoominfo.com/c/captain-hook-austin/357147197
https://www.apollo.io/companies/Captain-Hook-Austin/55f7ee7cf3e5bb1ca0002951
['https://www.zoominfo.com/c/captain-hook-austin/357147197', 'NotAvailable', 'NotAvailable']
https://www.zoominfo.com/c/alaska-waste/344656702
https://www.neverbounce.com/company/alaska-waste/344656702
https://www.apollo.io/companies/Alaska-Waste/559221dd7369641739852a00
https://web.lead411.com/companies/c-2-1-26.html
https://kenzai-navi.com/location/location_topbanner.php?bs=238&m=899&href=//loilobestnusin.ml/143kenzai-navicomhgEuqi351
['https://www.zoominfo.com/c/alaska-waste/344656702', 'NotAvailable', 'NotAvailable']
['https://www.zoominfo.com/c/waste-management-inc/56049732', 'https://www.investorsobserver.com/news/stock-update/does-zoominfo-technologies-inc-zi-have-what-it-takes-to-be-in-your-portfolio-friday', 'NotAvailable']
https://www.zoominfo.com/c/allied-resource-recovery-inc/363228904
https://www.zoominfo.com/pic/allied-resource-recovery-inc/363228904
https://www.zoominfo.com/p/Paul-Fredricksen/-1972092632
['https://www.zoominfo.com/c/allied-resource-recovery-inc/363228904', 'https://www.zoominfo.com/pic/allied-resource-recovery-inc/363228904', 'https://www.zoominfo.com/p/Paul-Fredricksen/-1972092632']
https://www.zoominfo.com/c/jamaica-ash-rubbish-removal-co-inc/347785248
https://www.zoominfo.com/pic/jamaica-ash-rubbish-removal-co-inc/347785248
https://www.zoominfo.com/p/Corinne-Lent/-1354325666
['https://www.zoominfo.com/c/jamaica-ash-rubbish-removal-co-inc/347785248', 'https://www.zoominfo.com/pic/jamaica-ash-rubbish-removal-co-inc/347785248', 'https://www.zoominfo.com/p/Corinne-Lent/-1354325666']
https://www.zoominfo.com/c/psi-idaho-falls/353859522
https://www.zoominfo.com/c/corporate-property-services/395841388
https://www.zoominfo.com/c/tri--county-industries-inc/348634985
['https://www.zoominfo.com/c/psi-idaho-falls/353859522', 'https://www.zoominfo.com/c/corporate-property-services/395841388', 'https://www.zoominfo.com/c/tri--county-industries-inc/348634985']
https://www.zoominfo.com/c/salt-river-extraction-llc/359039835
https://www.neverbounce.com/company/salt-river-extraction/359039835
['https://www.zoominfo.com/c/salt-river-extraction-llc/359039835', 'NotAvailable', 'NotAvailable']
https://www.zoominfo.com/c/frades-disposal-inc/72337241
https://www.zoominfo.com/pic/frades-disposal-inc/72337241
https://www.zoominfo.com/p/Susan-Sol/-1509142711
['https://www.zoominfo.com/c/frades-disposal-inc/72337241', 'https://www.zoominfo.com/pic/frades-disposal-inc/72337241', 'https://www.zoominfo.com/p/Susan-Sol/-1509142711']
https://www.zoominfo.com/p/Bill-Darling/3527747897
https://swordfish.ai/d/p/johnson-bill-us407664217
http://www.nurs.or.jp/~uraroji/linkv/linkv.html
https://www.vut.cz/click.php?url=//nimimabirtinghard.ml/7Jidvut
https://xrurn.bigbrainconstruction.com/post/lone-wolf-petroleum-illinois/56848410
['https://www.zoominfo.com/p/Bill-Darling/3527747897', 'NotAvailable', 'NotAvailable']
https://www.zoominfo.com/c/reddy-equipment-inc/368941592
https://www.zoominfo.com/pic/reddy-equipment-inc/368941592
https://www.zoominfo.com/p/George-Wengryniuk/-1791150158
['https://www.zoominfo.com/c/reddy-equipment-inc/368941592', 'https://www.zoominfo.com/pic/reddy-equipment-inc/368941592', 'https://www.zoominfo.com/p/George-Wengryniuk/-1791150158']
https://www.zoominfo.com/c/aevitas-inc/353583739
https://www.zoominfo.com/pic/aevitas-inc/353583739
https://www.zoominfo.com/c/aevitas-weddings/398642745
['https://www.zoominfo.com/c/aevitas-inc/353583739', 'https://www.zoominfo.com/pic/aevitas-inc/353583739', 'https://www.zoominfo.com/c/aevitas-weddings/398642745']
https://www.zoominfo.com/c/wjrd-radio/369939674
https://www.neverbounce.com/company/wjrd-radio/369939674
https://clmnc.adequationfr.com/post/wjrdradiocom/40959302
['https://www.zoominfo.com/c/wjrd-radio/369939674', 'NotAvailable', 'NotAvailable']
https://www.zoominfo.com/c/philotechnics-ltd/30343995
https://growjo.com/company/Philotechnics_Ltd.
https://www.neverbounce.com/company/philotechnics/30343995
https://www.apollo.io/companies/Philotechnics--Ltd-/54a1a2fa7468694012c9bb03
https://vqbve.enculottecourte.com/post/pope-transport-mt-olive-nc/41828730
['https://www.zoominfo.com/c/philotechnics-ltd/30343995', 'NotAvailable', 'NotAvailable']
https://www.zoominfo.com/c/kahut-waste-services-llc/346027307
https://www.zoominfo.com/pic/kahut-waste-services-llc/346027307
https://www.zoominfo.com/p/Ray-Kahut/2015983795
['https://www.zoominfo.com/c/kahut-waste-services-llc/346027307', 'https://www.zoominfo.com/pic/kahut-waste-services-llc/346027307', 'https://www.zoominfo.com/p/Ray-Kahut/2015983795']
https://www.zoominfo.com/c/p3-waste-consulting-llc/348120948
https://www.neverbounce.com/company/p3-waste-consulting/348120948
https://www.apollo.io/companies/P3-Waste-Consulting/5da432d92750710001ddd1fe
https://o9y.tuneworx.co.za/v49dxr8nfht6oku5ibgms1l0zjepa2
https://0r.reiddrop.co.za/XY3279/NQ4g5H1cl-7juMK8dZX7
['https://www.zoominfo.com/c/p3-waste-consulting-llc/348120948', 'NotAvailable', 'NotAvailable']
https://www.zoominfo.com/c/blue-diamond-disposal-inc/10521125
https://www.zoominfo.com/pic/blue-diamond-disposal-inc/10521125
https://www.zoominfo.com/p/Tim-Shortino/3512910219
['https://www.zoominfo.com/c/blue-diamond-disposal-inc/10521125', 'https://www.zoominfo.com/pic/blue-diamond-disposal-inc/10521125', 'https://www.zoominfo.com/p/Tim-Shortino/3512910219']
https://www.zoominfo.com/c/hall-weapon-systems/551823638
https://www.apollo.io/companies/Healthcare-Waste-Solutions/54a220e07468693cddcd240f
['https://www.zoominfo.com/c/hall-weapon-systems/551823638', 'NotAvailable', 'NotAvailable']
https://www.zoominfo.com/c/oc-vacuum-inc/151732713
https://www.zoominfo.com/c/ocvac-sa/426532078
https://www.zoominfo.com/p/David-Carrasco/-1436817104
['https://www.zoominfo.com/c/oc-vacuum-inc/151732713', 'https://www.zoominfo.com/c/ocvac-sa/426532078', 'https://www.zoominfo.com/p/David-Carrasco/-1436817104']
https://www.zoominfo.com/c/progressive-environmental-llc/346172521
https://www.linkedin.com/in/brettmoody
https://www.g2.com/products/zoominfo-salesos/features
https://seekingalpha.com/article/4534107-zoominfo-stock-massive-growth-and-outstanding-execution
['https://www.zoominfo.com/c/progressive-environmental-llc/346172521', 'https://www.g2.com/products/zoominfo-salesos/features', 'https://seekingalpha.com/article/4534107-zoominfo-stock-massive-growth-and-outstanding-execution']
https://www.zoominfo.com/c/c-stoddard-and-sons-inc/457986516
https://www.neverbounce.com/company/c-stoddard-and-sons/457986516
['https://www.zoominfo.com/c/c-stoddard-and-sons-inc/457986516', 'NotAvailable', 'NotAvailable']
https://www.zoominfo.com/c/geocycle-llc/369899647
https://www.neverbounce.com/company/geocycle/369899647
https://www.apollo.io/companies/Geocycle/5a9deabba6da98d96d827483
https://www.ampliz.com/company/geocycle-sa/98003385
https://growjo.com/company/Trashin
['https://www.zoominfo.com/c/geocycle-llc/369899647', 'NotAvailable', 'NotAvailable']
'organic'
['NotAvailable', 'NotAvailable', 'NotAvailable']
