https://www.zoominfo.com/c/waste-control-inc/113901670
https://www.zoominfo.com/pic/waste-control-inc/113901670
https://www.zoominfo.com/c/guahan-waste-control-inc/25772229
['https://www.zoominfo.com/c/waste-control-inc/113901670', 'https://www.zoominfo.com/pic/waste-control-inc/113901670', 'https://www.zoominfo.com/c/guahan-waste-control-inc/25772229']
https://www.zoominfo.com/c/lakeshore-recycling-systems/92996894
https://www.apollo.io/companies/LRS/54a1d2747468695c829aa913
https://olnck.bestock4u.com/post/lrg-services-llc/72659326
['https://www.zoominfo.com/c/lakeshore-recycling-systems/92996894', 'NotAvailable', 'NotAvailable']
https://www.zoominfo.com/c/cali-carting-inc/353967255
https://www.zoominfo.com/pic/cali-carting-inc/353967255
https://www.zoominfo.com/c/basin-disposal-inc/12390262
['https://www.zoominfo.com/c/cali-carting-inc/353967255', 'https://www.zoominfo.com/pic/cali-carting-inc/353967255', 'https://www.zoominfo.com/c/basin-disposal-inc/12390262']
https://www.zoominfo.com/c/eco-partners-llc/370183871
https://www.neverbounce.com/company/eco-partners/370183871
https://pcczf.boudr.com/post/eccopartnersorg/59618293
['https://www.zoominfo.com/c/eco-partners-llc/370183871', 'NotAvailable', 'NotAvailable']
https://www.zoominfo.com/c/energy-answers/32821931
https://www.zoominfo.com/c/smart-energy-answers/447259821
https://www.zoominfo.com/c/home-energy-answers/447869194
['https://www.zoominfo.com/c/energy-answers/32821931', 'https://www.zoominfo.com/c/smart-energy-answers/447259821', 'https://www.zoominfo.com/c/home-energy-answers/447869194']
https://www.zoominfo.com/p/Brad-Prom/-1073270818
https://www.zoominfo.com/c/medcycle-inc/437645779
https://www.zoominfo.com/c/grand-county-emergency-medical-services/551733702
['https://www.zoominfo.com/p/Brad-Prom/-1073270818', 'https://www.zoominfo.com/c/medcycle-inc/437645779', 'https://www.zoominfo.com/c/grand-county-emergency-medical-services/551733702']
https://www.zoominfo.com/c/the-pri-group/347675015
https://www.zoominfo.com/pic/the-pri-group/347675015
https://www.zoominfo.com/p/Shawn-Bright/-1835217148
['https://www.zoominfo.com/c/the-pri-group/347675015', 'https://www.zoominfo.com/pic/the-pri-group/347675015', 'https://www.zoominfo.com/p/Shawn-Bright/-1835217148']
https://www.zoominfo.com/c/goods-store/57183057
https://www.zoominfo.com/pic/goods-store/57183057
https://www.zoominfo.com/p/Susan-Redcay/-1313457827
['https://www.zoominfo.com/c/goods-store/57183057', 'https://www.zoominfo.com/pic/goods-store/57183057', 'https://www.zoominfo.com/p/Susan-Redcay/-1313457827']
https://www.zoominfo.com/c/solid-waste-services/481956640
https://www.zoominfo.com/c/mc-waste-services-llc/536522931
https://www.zoominfo.com/c/aaa-disposal-service-inc/460369820
['https://www.zoominfo.com/c/solid-waste-services/481956640', 'https://www.zoominfo.com/c/mc-waste-services-llc/536522931', 'https://www.zoominfo.com/c/aaa-disposal-service-inc/460369820']
https://www.zoominfo.com/c/american-trash-management-inc/1999421
https://www.zoominfo.com/pic/american-trash-management-inc/1999421
https://www.zoominfo.com/p/trang-pham/-1834757259
['https://www.zoominfo.com/c/american-trash-management-inc/1999421', 'https://www.zoominfo.com/pic/american-trash-management-inc/1999421', 'https://www.zoominfo.com/p/trang-pham/-1834757259']
https://www.zoominfo.com/c/first-star-recycling/44338883
https://www.zoominfo.com/pic/first-star-recycling/44338883
https://www.zoominfo.com/p/Kyle-Bivens/-2078128254
['https://www.zoominfo.com/c/first-star-recycling/44338883', 'https://www.zoominfo.com/pic/first-star-recycling/44338883', 'https://www.zoominfo.com/p/Kyle-Bivens/-2078128254']
https://www.apollo.io/companies/Frca/57c4d148a6da986acce948af
https://www.arounddeal.com/profile/sau-afu-seniroqa/s7xwoplijy
['NotAvailable', 'NotAvailable', 'NotAvailable']
https://www.zoominfo.com/c/waste-management-inc/56049732
https://www.zoominfo.com/c/waste-management-of-canada-corp/367634775
https://www.zoominfo.com/pic/waste-management-inc/56049732
['https://www.zoominfo.com/c/waste-management-inc/56049732', 'https://www.zoominfo.com/c/waste-management-of-canada-corp/367634775', 'https://www.zoominfo.com/pic/waste-management-inc/56049732']
https://www.zoominfo.com/c/aemerge-llc/356544052
https://www.zoominfo.com/c/aemerge-redpak/374276848
https://www.zoominfo.com/pic/aemerge-redpak/374276848
['https://www.zoominfo.com/c/aemerge-llc/356544052', 'https://www.zoominfo.com/c/aemerge-redpak/374276848', 'https://www.zoominfo.com/pic/aemerge-redpak/374276848']
https://www.zoominfo.com/c/wti-uk-ltd/425136422
https://www.zoominfo.com/p/Austin-Pritchard/-1981078477
https://www.zoominfo.com/p/Jose-Tirado/-1872774933
['https://www.zoominfo.com/c/wti-uk-ltd/425136422', 'https://www.zoominfo.com/p/Austin-Pritchard/-1981078477', 'https://www.zoominfo.com/p/Jose-Tirado/-1872774933']
https://www.zoominfo.com/c/potomac-environmental-inc/94323331
https://www.zoominfo.com/pic/potomac-environmental-inc/94323331
https://www.zoominfo.com/p/Steven-Puff/-2033996668
['https://www.zoominfo.com/c/potomac-environmental-inc/94323331', 'https://www.zoominfo.com/pic/potomac-environmental-inc/94323331', 'https://www.zoominfo.com/p/Steven-Puff/-2033996668']
https://www.zoominfo.com/c/knight-waste-services-ltd/347508913
https://www.zoominfo.com/pic/knight-waste-services-ltd/347508913
https://www.zoominfo.com/p/lisa-workman/2621114925
['https://www.zoominfo.com/c/knight-waste-services-ltd/347508913', 'https://www.zoominfo.com/pic/knight-waste-services-ltd/347508913', 'https://www.zoominfo.com/p/lisa-workman/2621114925']
https://www.zoominfo.com/c/synergy-waste-management-inc/473543328
https://www.zoominfo.com/pic/synergy-waste-management/473543328
https://www.zoominfo.com/p/Steve-Baldyga/8809246639
['https://www.zoominfo.com/c/synergy-waste-management-inc/473543328', 'https://www.zoominfo.com/pic/synergy-waste-management/473543328', 'https://www.zoominfo.com/p/Steve-Baldyga/8809246639']
https://www.zoominfo.com/c/dorado-services-inc/346275577
https://www.zoominfo.com/pic/dorado-services-inc/346275577
https://www.zoominfo.com/p/Ana-Neris/-1995345678
['https://www.zoominfo.com/c/dorado-services-inc/346275577', 'https://www.zoominfo.com/pic/dorado-services-inc/346275577', 'https://www.zoominfo.com/p/Ana-Neris/-1995345678']
https://www.zoominfo.com/c/stranco-llc/346040859
https://www.zoominfo.com/pic/stranco-llc/346040859
https://www.zoominfo.com/c/stranco-products/261718076
['https://www.zoominfo.com/c/stranco-llc/346040859', 'https://www.zoominfo.com/pic/stranco-llc/346040859', 'https://www.zoominfo.com/c/stranco-products/261718076']
https://www.zoominfo.com/c/methvin-sanitation-inc/357140385
https://www.zoominfo.com/pic/methvin-sanitation-inc/357140385
https://www.zoominfo.com/p/Daisy-Mccarville/2464308232
['https://www.zoominfo.com/c/methvin-sanitation-inc/357140385', 'https://www.zoominfo.com/pic/methvin-sanitation-inc/357140385', 'https://www.zoominfo.com/p/Daisy-Mccarville/2464308232']
https://www.zoominfo.com/c/northern-environmental/445007342
https://www.zoominfo.com/p/Marie-Holt/1755409686
https://www.zoominfo.com/p/Dana-Johnson/5534763165
['https://www.zoominfo.com/c/northern-environmental/445007342', 'https://www.zoominfo.com/p/Marie-Holt/1755409686', 'https://www.zoominfo.com/p/Dana-Johnson/5534763165']
https://www.zoominfo.com/c/ams-med-waste-llc/374955944
https://www.zoominfo.com/pic/ams-med-waste-llc/374955944
https://www.zoominfo.com/c/chesapeak-medical-waste/529101980
['https://www.zoominfo.com/c/ams-med-waste-llc/374955944', 'https://www.zoominfo.com/pic/ams-med-waste-llc/374955944', 'https://www.zoominfo.com/c/chesapeak-medical-waste/529101980']
https://www.zoominfo.com/c/grand-sanitation-service/21972112
https://www.zoominfo.com/pic/grand-sanitation-service/21972112
https://www.zoominfo.com/c/le-grand-sanitation-recycling/1123938661
['https://www.zoominfo.com/c/grand-sanitation-service/21972112', 'https://www.zoominfo.com/pic/grand-sanitation-service/21972112', 'https://www.zoominfo.com/c/le-grand-sanitation-recycling/1123938661']
https://www.zoominfo.com/p/Skylar-Shook/-1872352107
https://www.apollo.io/companies/Empire-Waste-Services/55921a907369641865a96d00
['https://www.zoominfo.com/p/Skylar-Shook/-1872352107', 'NotAvailable', 'NotAvailable']
https://www.zoominfo.com/c/a-d-environmental-services-inc/1248117
https://www.zoominfo.com/pic/a-d-environmental-services-inc/1248117
https://www.zoominfo.com/p/Sid-Evans/-2090723082
['https://www.zoominfo.com/c/a-d-environmental-services-inc/1248117', 'https://www.zoominfo.com/pic/a-d-environmental-services-inc/1248117', 'https://www.zoominfo.com/p/Sid-Evans/-2090723082']
https://www.zoominfo.com/c/days-cove-reclamation/37607034
https://www.zoominfo.com/p/Darren-Hunt/2189398112
https://www.zoominfo.com/c/hudaks-insulation-inc/356479167
['https://www.zoominfo.com/c/days-cove-reclamation/37607034', 'https://www.zoominfo.com/p/Darren-Hunt/2189398112', 'https://www.zoominfo.com/c/hudaks-insulation-inc/356479167']
https://www.zoominfo.com/c/environmental-office-solutions-inc/95864184
https://www.zoominfo.com/pic/environmental-office-solutions-inc/95864184
https://www.zoominfo.com/c/eos-group/345036725
['https://www.zoominfo.com/c/environmental-office-solutions-inc/95864184', 'https://www.zoominfo.com/pic/environmental-office-solutions-inc/95864184', 'https://www.zoominfo.com/c/eos-group/345036725']
https://www.zoominfo.com/c/southern-oregon-sanitation-inc/35799977
https://www.zoominfo.com/pic/southern-oregon-sanitation-inc/35799977
https://www.zoominfo.com/p/Jeanne-Glover/-1440755973
['https://www.zoominfo.com/c/southern-oregon-sanitation-inc/35799977', 'https://www.zoominfo.com/pic/southern-oregon-sanitation-inc/35799977', 'https://www.zoominfo.com/p/Jeanne-Glover/-1440755973']
https://www.zoominfo.com/c/trashbusters-disposal-recycling/468731054
['https://www.zoominfo.com/c/trashbusters-disposal-recycling/468731054', 'NotAvailable', 'NotAvailable']
https://www.zoominfo.com/c/premier-waste-group/370255108
https://www.zoominfo.com/pic/premier-waste-group/370255108
https://www.zoominfo.com/p/Kaylee-Miller/5132485614
['https://www.zoominfo.com/c/premier-waste-group/370255108', 'https://www.zoominfo.com/pic/premier-waste-group/370255108', 'https://www.zoominfo.com/p/Kaylee-Miller/5132485614']
https://www.zoominfo.com/c/wastestrategies-again/355967182
https://www.zoominfo.com/pic/wastestrategies-again/355967182
https://www.zoominfo.com/c/zero-waste-strategies-llc/447274997
['https://www.zoominfo.com/c/wastestrategies-again/355967182', 'https://www.zoominfo.com/pic/wastestrategies-again/355967182', 'https://www.zoominfo.com/c/zero-waste-strategies-llc/447274997']
https://www.zoominfo.com/c/advanced-waste-solutions-management-inc/357447317
https://www.neverbounce.com/company/advanced-waste-solutions-management/357447317
['https://www.zoominfo.com/c/advanced-waste-solutions-management-inc/357447317', 'NotAvailable', 'NotAvailable']
https://www.zoominfo.com/c/rm-jones-co-inc/345577926
https://www.neverbounce.com/company/rm-jones/345577926
['https://www.zoominfo.com/c/rm-jones-co-inc/345577926', 'NotAvailable', 'NotAvailable']
https://www.zoominfo.com/c/superior-equipment-company-inc/353927000
https://www.neverbounce.com/company/superior-equipment/371673341
['https://www.zoominfo.com/c/superior-equipment-company-inc/353927000', 'NotAvailable', 'NotAvailable']
https://www.zoominfo.com/c/vision-environmental-llc/508934735
https://www.zoominfo.com/p/Keith-Savel/53580102
https://www.zoominfo.com/p/Vanessa-Bravo/2881431279
['https://www.zoominfo.com/c/vision-environmental-llc/508934735', 'https://www.zoominfo.com/p/Keith-Savel/53580102', 'https://www.zoominfo.com/p/Vanessa-Bravo/2881431279']
https://www.zoominfo.com/c/impact-environmental/59314550
https://www.zoominfo.com/c/impact-environmental-llc/366196694
https://www.zoominfo.com/pic/impact-environmental/59314550
['https://www.zoominfo.com/c/impact-environmental/59314550', 'https://www.zoominfo.com/c/impact-environmental-llc/366196694', 'https://www.zoominfo.com/pic/impact-environmental/59314550']
https://www.zoominfo.com/c/polar-bear-water-treatment-llc/72140968
https://www.zoominfo.com/c/north-bill-disposal-llc/410648493
https://www.zoominfo.com/c/polar-bear-water-source-heat-pumps-mfg-inc/348283290
['https://www.zoominfo.com/c/polar-bear-water-treatment-llc/72140968', 'https://www.zoominfo.com/c/north-bill-disposal-llc/410648493', 'https://www.zoominfo.com/c/polar-bear-water-source-heat-pumps-mfg-inc/348283290']
https://www.zoominfo.com/c/starlite-waste/259752139
https://www.zoominfo.com/pic/starlite-waste/259752139
https://www.zoominfo.com/p/Veronica-Elizarraraz/-1453535019
['https://www.zoominfo.com/c/starlite-waste/259752139', 'https://www.zoominfo.com/pic/starlite-waste/259752139', 'https://www.zoominfo.com/p/Veronica-Elizarraraz/-1453535019']
https://www.zoominfo.com/c/community-waste-disposal/24497725
https://www.zoominfo.com/c/community-waste-disposal-inc/529830264
https://www.zoominfo.com/pic/community-waste-disposal/24497725
['https://www.zoominfo.com/c/community-waste-disposal/24497725', 'https://www.zoominfo.com/c/community-waste-disposal-inc/529830264', 'https://www.zoominfo.com/pic/community-waste-disposal/24497725']
https://www.zoominfo.com/c/ebi-environnement/346793118
https://www.zoominfo.com/pic/ebi/346793118
https://www.zoominfo.com/p/Nancy-Lafreniere/-1535054025
['https://www.zoominfo.com/c/ebi-environnement/346793118', 'https://www.zoominfo.com/pic/ebi/346793118', 'https://www.zoominfo.com/p/Nancy-Lafreniere/-1535054025']
https://www.zoominfo.com/c/cards-transportation-inc/480308290
https://www.zoominfo.com/pic/cards-transportation-inc/480308290
https://www.zoominfo.com/c/kinderhook-industries-llc/153388198
['https://www.zoominfo.com/c/cards-transportation-inc/480308290', 'https://www.zoominfo.com/pic/cards-transportation-inc/480308290', 'https://www.zoominfo.com/c/kinderhook-industries-llc/153388198']
https://www.zoominfo.com/c/the-mercer-group-inc/76874959
https://www.zoominfo.com/c/mercer-group-inc/343313612
https://www.zoominfo.com/pic/the-mercer-group-inc/76874959
['https://www.zoominfo.com/c/the-mercer-group-inc/76874959', 'https://www.zoominfo.com/c/mercer-group-inc/343313612', 'https://www.zoominfo.com/pic/the-mercer-group-inc/76874959']
https://www.zoominfo.com/c/rogue-waste-recovery-environmental-inc/371323067
https://www.ampliz.com/company/rogue-waste-recovery-environmental/98400594
https://www.apollo.io/companies/Rogue-Waste-Recovery---Environmental/55f469f9f3e5bb515800027e
https://content.edgar-online.com/ExternalLink/EDGAR/0001193125-21-321644.html?hash=51e713769b65f6d2ae2e01648e4d434316f38c527183c570bcb058b1821ccc2c&amp;dest=d142229d424b3_htm_rom142229_190
https://www.bizjournals.com/portland/datacenter/lists
['https://www.zoominfo.com/c/rogue-waste-recovery-environmental-inc/371323067', 'NotAvailable', 'NotAvailable']
https://www.zoominfo.com/c/southeastern-associates-inc/398349924
https://www.neverbounce.com/company/southeastern-associates/398349924
['https://www.zoominfo.com/c/southeastern-associates-inc/398349924', 'NotAvailable', 'NotAvailable']
https://www.zoominfo.com/c/chamness-technology-inc/13797649
https://www.zoominfo.com/pic/chamness-technology-inc/13797649?pid=2421621118
https://www.zoominfo.com/p/Lon-Lesher/933000747
['https://www.zoominfo.com/c/chamness-technology-inc/13797649', 'https://www.zoominfo.com/pic/chamness-technology-inc/13797649?pid=2421621118', 'https://www.zoominfo.com/p/Lon-Lesher/933000747']
https://www.zoominfo.com/c/united-pumping-service-inc/121061422
https://www.zoominfo.com/pic/united-pumping-service-inc/121061422
https://www.zoominfo.com/c/united-pump-and-controls-inc/356431935
['https://www.zoominfo.com/c/united-pumping-service-inc/121061422', 'https://www.zoominfo.com/pic/united-pumping-service-inc/121061422', 'https://www.zoominfo.com/c/united-pump-and-controls-inc/356431935']
https://www.zoominfo.com/c/ram-waste-systems-inc/370983867
https://www.zoominfo.com/pic/ram-waste-systems-inc/370983867
https://www.zoominfo.com/p/Jason-Sims/-1867423333
['https://www.zoominfo.com/c/ram-waste-systems-inc/370983867', 'https://www.zoominfo.com/pic/ram-waste-systems-inc/370983867', 'https://www.zoominfo.com/p/Jason-Sims/-1867423333']
https://www.zoominfo.com/c/kbi-recycling/468337386
https://www.zoominfo.com/pic/kbi-recycling/468337386
https://www.zoominfo.com/p/richard-kinsbursky/-2041031991
['https://www.zoominfo.com/c/kbi-recycling/468337386', 'https://www.zoominfo.com/pic/kbi-recycling/468337386', 'https://www.zoominfo.com/p/richard-kinsbursky/-2041031991']
https://www.zoominfo.com/c/clearwater-environmental-services-inc/19878460
https://www.zoominfo.com/c/clear-water-environmental/346829464
https://www.zoominfo.com/pic/clear-water-environmental/346829464
['https://www.zoominfo.com/c/clearwater-environmental-services-inc/19878460', 'https://www.zoominfo.com/c/clear-water-environmental/346829464', 'https://www.zoominfo.com/pic/clear-water-environmental/346829464']
https://www.zoominfo.com/c/backyard-energy-services-llc/373352155
https://www.zoominfo.com/pic/backyard-energy-services-llc/373352155
https://www.zoominfo.com/p/Carla-Knoles/-1523332090
['https://www.zoominfo.com/c/backyard-energy-services-llc/373352155', 'https://www.zoominfo.com/pic/backyard-energy-services-llc/373352155', 'https://www.zoominfo.com/p/Carla-Knoles/-1523332090']
https://www.zoominfo.com/c/moore-disposal-inc/93308285
https://www.zoominfo.com/pic/moore-disposal-inc/93308285
https://www.zoominfo.com/p/Maher-Ishraidi/5196556920
['https://www.zoominfo.com/c/moore-disposal-inc/93308285', 'https://www.zoominfo.com/pic/moore-disposal-inc/93308285', 'https://www.zoominfo.com/p/Maher-Ishraidi/5196556920']
https://www.zoominfo.com/c/stc-industrial-contracting/406506270
https://www.zoominfo.com/c/stc-industrial/535357080
https://www.zoominfo.com/pic/stc-industrial-llc/457948369
['https://www.zoominfo.com/c/stc-industrial-contracting/406506270', 'https://www.zoominfo.com/c/stc-industrial/535357080', 'https://www.zoominfo.com/pic/stc-industrial-llc/457948369']
https://www.zoominfo.com/c/envirosafe-services-of-ohio-inc/13107592
https://www.zoominfo.com/c/envirosafe-services/347068977
https://www.zoominfo.com/pic/envirosafe-services-of-ohio-inc/13107592
['https://www.zoominfo.com/c/envirosafe-services-of-ohio-inc/13107592', 'https://www.zoominfo.com/c/envirosafe-services/347068977', 'https://www.zoominfo.com/pic/envirosafe-services-of-ohio-inc/13107592']
https://www.zoominfo.com/p/Michael-Standel/2052790152
https://www.ampliz.com/company/returnable-services-inc/101217999
https://www.apollo.io/companies/Returnable-Services-Inc-/54a1b5cd74686949e79a1a0a
https://kichijoji.keizai.biz/banner.php?id=16&position=right&type=image_banner&uri=//lounewchatis.ml/113kichijojikeizaibizDoZ651
['https://www.zoominfo.com/p/Michael-Standel/2052790152', 'NotAvailable', 'NotAvailable']
https://www.zoominfo.com/c/clear-blue-environmental/356301811
https://www.zoominfo.com/pic/clear-blue-environmental/356301811
https://www.zoominfo.com/p/Stacey-Purves/-901362069
['https://www.zoominfo.com/c/clear-blue-environmental/356301811', 'https://www.zoominfo.com/pic/clear-blue-environmental/356301811', 'https://www.zoominfo.com/p/Stacey-Purves/-901362069']
https://www.zoominfo.com/c/us-waste-industries-inc/204881948
https://www.zoominfo.com/pic/us-waste-industries-inc/204881948
https://www.zoominfo.com/p/Kelsey-Thomas/-1321562080
['https://www.zoominfo.com/c/us-waste-industries-inc/204881948', 'https://www.zoominfo.com/pic/us-waste-industries-inc/204881948', 'https://www.zoominfo.com/p/Kelsey-Thomas/-1321562080']
https://www.zoominfo.com/c/drug-laboratory-disposal-inc/71026879
https://www.zoominfo.com/c/dld-llc/455355039
https://www.zoominfo.com/pic/drug-laboratory-disposal-inc/71026879
['https://www.zoominfo.com/c/drug-laboratory-disposal-inc/71026879', 'https://www.zoominfo.com/c/dld-llc/455355039', 'https://www.zoominfo.com/pic/drug-laboratory-disposal-inc/71026879']
https://www.zoominfo.com/c/westside-waste-management-co-inc/365551238
https://www.zoominfo.com/pic/westside-waste-management-co-inc/365551238
https://www.zoominfo.com/p/John-Robertson/-1956198681
['https://www.zoominfo.com/c/westside-waste-management-co-inc/365551238', 'https://www.zoominfo.com/pic/westside-waste-management-co-inc/365551238', 'https://www.zoominfo.com/p/John-Robertson/-1956198681']
https://www.zoominfo.com/c/interstate-waste-services-inc/31575448
https://www.zoominfo.com/c/iws-waste-solutions/395006715
https://www.zoominfo.com/c/integrated-waste-services/354224603
['https://www.zoominfo.com/c/interstate-waste-services-inc/31575448', 'https://www.zoominfo.com/c/iws-waste-solutions/395006715', 'https://www.zoominfo.com/c/integrated-waste-services/354224603']
https://www.zoominfo.com/c/adenus-group-llc/465730293
https://www.zoominfo.com/c/tennessee-wastewater/2855227
https://www.zoominfo.com/pic/adenus/2855227
['https://www.zoominfo.com/c/adenus-group-llc/465730293', 'https://www.zoominfo.com/c/tennessee-wastewater/2855227', 'https://www.zoominfo.com/pic/adenus/2855227']
https://www.zoominfo.com/c/southland-waste-systems/1124425989
https://www.apollo.io/companies/Southland-Waste-Systems/5591fd5f7369641935fd1000
['https://www.zoominfo.com/c/southland-waste-systems/1124425989', 'NotAvailable', 'NotAvailable']
https://www.zoominfo.com/c/evergreen-sanitation/47564526
https://www.ampliz.com/company/evergreen-sanitation-llc/97150012
https://www.idcrawl.com/alvin-mathis
['https://www.zoominfo.com/c/evergreen-sanitation/47564526', 'NotAvailable', 'NotAvailable']
https://www.zoominfo.com/c/gf-industries/33050207
https://www.zoominfo.com/pic/gf-industries/33050207
https://www.zoominfo.com/p/Steven-Gentile/2358251925
['https://www.zoominfo.com/c/gf-industries/33050207', 'https://www.zoominfo.com/pic/gf-industries/33050207', 'https://www.zoominfo.com/p/Steven-Gentile/2358251925']
https://www.zoominfo.com/c/turlock-scavenger/75710965
https://www.zoominfo.com/pic/turlock-scavenger-company/75710965
https://www.zoominfo.com/c/turlock-recycling-co/1116218727
['https://www.zoominfo.com/c/turlock-scavenger/75710965', 'https://www.zoominfo.com/pic/turlock-scavenger-company/75710965', 'https://www.zoominfo.com/c/turlock-recycling-co/1116218727']
https://www.zoominfo.com/c/lorco-petroleum-services/30589907
https://www.zoominfo.com/pic/lorco-petroleum-services/30589907
https://www.zoominfo.com/p/Gary-Lobello/-2097960358
['https://www.zoominfo.com/c/lorco-petroleum-services/30589907', 'https://www.zoominfo.com/pic/lorco-petroleum-services/30589907', 'https://www.zoominfo.com/p/Gary-Lobello/-2097960358']
https://www.zoominfo.com/c/midwest-inc/24986317
https://www.zoominfo.com/pic/midwest-inc/24986317
https://www.zoominfo.com/p/Jerry-Mccabe/-967399793
['https://www.zoominfo.com/c/midwest-inc/24986317', 'https://www.zoominfo.com/pic/midwest-inc/24986317', 'https://www.zoominfo.com/p/Jerry-Mccabe/-967399793']
https://www.zoominfo.com/c/resource-recovery-llc/529173689
https://www.zoominfo.com/c/consolidated-resource-recovery-inc/27921672
https://www.zoominfo.com/c/resource-recovery-recycling-ltd/359431405
['https://www.zoominfo.com/c/resource-recovery-llc/529173689', 'https://www.zoominfo.com/c/consolidated-resource-recovery-inc/27921672', 'https://www.zoominfo.com/c/resource-recovery-recycling-ltd/359431405']
https://www.zoominfo.com/c/complete-resource-management-llc/473255984
https://www.zoominfo.com/c/complete-carriers-llc/371638013
https://www.zoominfo.com/pic/complete-carriers-llc/371638013
['https://www.zoominfo.com/c/complete-resource-management-llc/473255984', 'https://www.zoominfo.com/c/complete-carriers-llc/371638013', 'https://www.zoominfo.com/pic/complete-carriers-llc/371638013']
https://www.zoominfo.com/c/blue-bear-waste-services/404384829
https://www.zoominfo.com/pic/blue-bear-waste-services/404384829
https://www.zoominfo.com/p/Stuart-Wood/-1078927373
['https://www.zoominfo.com/c/blue-bear-waste-services/404384829', 'https://www.zoominfo.com/pic/blue-bear-waste-services/404384829', 'https://www.zoominfo.com/p/Stuart-Wood/-1078927373']
https://www.zoominfo.com/c/trieco-llc/347540290
https://www.zoominfo.com/pic/trieco-llc/347540290
https://www.zoominfo.com/c/trico/38879715
['https://www.zoominfo.com/c/trieco-llc/347540290', 'https://www.zoominfo.com/pic/trieco-llc/347540290', 'https://www.zoominfo.com/c/trico/38879715']
https://www.zoominfo.com/c/urban-impact-recycling-ltd/40091712
https://www.zoominfo.com/c/urban-impact/52838633
https://www.zoominfo.com/c/urban-impact-inc/356540909
['https://www.zoominfo.com/c/urban-impact-recycling-ltd/40091712', 'https://www.zoominfo.com/c/urban-impact/52838633', 'https://www.zoominfo.com/c/urban-impact-inc/356540909']
https://www.zoominfo.com/c/society-for-social-work-and-research/35455071
https://www.neverbounce.com/company/bay-counties-waste-services/89785632
https://www.linkedin.com/posts/zach-cooper-lcsw-cadc-ii-879272a0_there-is-much-time-and-effort-that-goes-into-activity-6866531002123087872-akUT
https://www.peekyou.com/joi_dykes
https://www.idcrawl.com/bernadine-waller
['https://www.zoominfo.com/c/society-for-social-work-and-research/35455071', 'NotAvailable', 'NotAvailable']
https://www.zoominfo.com/c/pinard-waste-systems-inc/347411029
https://www.zoominfo.com/pic/pinard-waste-systems-inc/347411029
https://www.zoominfo.com/p/Jeffrey-Dunn/-1513576391
['https://www.zoominfo.com/c/pinard-waste-systems-inc/347411029', 'https://www.zoominfo.com/pic/pinard-waste-systems-inc/347411029', 'https://www.zoominfo.com/p/Jeffrey-Dunn/-1513576391']
https://www.zoominfo.com/c/michael-brothers-hauling-inc/93455446
https://www.zoominfo.com/pic/michael-brothers-hauling-inc/93455446
https://www.zoominfo.com/p/Tom-Milani/2081647474
['https://www.zoominfo.com/c/michael-brothers-hauling-inc/93455446', 'https://www.zoominfo.com/pic/michael-brothers-hauling-inc/93455446', 'https://www.zoominfo.com/p/Tom-Milani/2081647474']
https://www.zoominfo.com/c/circular-recycling/473377887
['https://www.zoominfo.com/c/circular-recycling/473377887', 'NotAvailable', 'NotAvailable']
https://www.zoominfo.com/c/sharps-md/413508239
https://www.neverbounce.com/company/sharps-md/413508239
['https://www.zoominfo.com/c/sharps-md/413508239', 'NotAvailable', 'NotAvailable']
https://www.zoominfo.com/c/richards-disposal-inc/174916053
https://www.zoominfo.com/pic/richards-disposal-inc/174916053
https://www.zoominfo.com/p/Linda-Brown/-1378349700
['https://www.zoominfo.com/c/richards-disposal-inc/174916053', 'https://www.zoominfo.com/pic/richards-disposal-inc/174916053', 'https://www.zoominfo.com/p/Linda-Brown/-1378349700']
https://www.zoominfo.com/c/a-clean-environment/1131674445
https://www.zoominfo.com/c/clean-md/357112237
https://www.zoominfo.com/c/portsmouth-concerned-citizens-inc/112247164
['https://www.zoominfo.com/c/a-clean-environment/1131674445', 'https://www.zoominfo.com/c/clean-md/357112237', 'https://www.zoominfo.com/c/portsmouth-concerned-citizens-inc/112247164']
https://www.zoominfo.com/c/superior-waste/345700121
https://www.zoominfo.com/c/superior-waste-recycling/346524368
https://www.zoominfo.com/c/superior-waste-services/368109463
['https://www.zoominfo.com/c/superior-waste/345700121', 'https://www.zoominfo.com/c/superior-waste-recycling/346524368', 'https://www.zoominfo.com/c/superior-waste-services/368109463']
https://www.zoominfo.com/c/american-enviro/539519301
https://www.zoominfo.com/c/american-environmental-services-inc/5277883
https://www.zoominfo.com/c/american-environmental-engineering-florida-inc/471958664
['https://www.zoominfo.com/c/american-enviro/539519301', 'https://www.zoominfo.com/c/american-environmental-services-inc/5277883', 'https://www.zoominfo.com/c/american-environmental-engineering-florida-inc/471958664']
https://www.zoominfo.com/c/bergen-county-utilities-authority/12292191
https://www.zoominfo.com/c/northwest-bergen-county-utilities-authority/346078362
https://www.zoominfo.com/pic/bergen-county-utilities-authority/12292191
['https://www.zoominfo.com/c/bergen-county-utilities-authority/12292191', 'https://www.zoominfo.com/c/northwest-bergen-county-utilities-authority/346078362', 'https://www.zoominfo.com/pic/bergen-county-utilities-authority/12292191']
