https://www.zoominfo.com/c/dumpster-depot-llc/359033447
https://www.apollo.io/companies/The-Dumpster-Depot/54a1980a74686945faf72700
https://cfczj.themediaguy.org/post/quick-click-depot-llc/63405246
http://www.siliconinvestor.com/readmsgs.aspx?subjectid=57971&msgnum=37966&batchsize=10&batchtype=Next
['https://www.zoominfo.com/c/dumpster-depot-llc/359033447', 'NotAvailable', 'NotAvailable']
https://www.zoominfo.com/pic/terranearpmc-llc/115900666
https://www.zoominfo.com/c/terranearpmcllc/115900666
https://www.zoominfo.com/p/Jay-Roach/-1487896884
['https://www.zoominfo.com/pic/terranearpmc-llc/115900666', 'https://www.zoominfo.com/c/terranearpmcllc/115900666', 'https://www.zoominfo.com/p/Jay-Roach/-1487896884']
https://www.zoominfo.com/c/chase-environmental-group-inc/24202107
https://www.zoominfo.com/pic/chase-environmental-group-inc/24202107
https://www.zoominfo.com/p/Chris-Ward/-1471301119
['https://www.zoominfo.com/c/chase-environmental-group-inc/24202107', 'https://www.zoominfo.com/pic/chase-environmental-group-inc/24202107', 'https://www.zoominfo.com/p/Chris-Ward/-1471301119']
https://www.zoominfo.com/c/hometown-waste-recycling-services-inc/406397482
https://www.neverbounce.com/company/hometown-waste-recycling-services/406397482
https://www.apollo.io/companies/Hometown-Waste---Recycling-Services-inc-/60b287bc85a9e000019732f7
['https://www.zoominfo.com/c/hometown-waste-recycling-services-inc/406397482', 'NotAvailable', 'NotAvailable']
https://www.zoominfo.com/c/ecoflo-inc/22546847
https://www.zoominfo.com/c/ecoflo/540333061
https://www.zoominfo.com/c/ecoflo/356814830
['https://www.zoominfo.com/c/ecoflo-inc/22546847', 'https://www.zoominfo.com/c/ecoflo/540333061', 'https://www.zoominfo.com/c/ecoflo/356814830']
https://www.zoominfo.com/c/siddhi-wastetogreen-pvt-ltd/465315702
https://www.zoominfo.com/c/swestep-ab/397928904
https://www.zoominfo.com/c/zappaya/372312705
['https://www.zoominfo.com/c/siddhi-wastetogreen-pvt-ltd/465315702', 'https://www.zoominfo.com/c/swestep-ab/397928904', 'https://www.zoominfo.com/c/zappaya/372312705']
https://www.zoominfo.com/c/revelation-waste/346814710
https://www.zoominfo.com/pic/revelation-waste/346814710
https://www.zoominfo.com/p/Kate-Webster/1625116664
['https://www.zoominfo.com/c/revelation-waste/346814710', 'https://www.zoominfo.com/pic/revelation-waste/346814710', 'https://www.zoominfo.com/p/Kate-Webster/1625116664']
'organic'
['NotAvailable', 'NotAvailable', 'NotAvailable']
https://www.zoominfo.com/c/waste-medic-llc/370336736
https://www.zoominfo.com/pic/waste-medic-llc/370336736
https://www.zoominfo.com/p/Mark-Culver/-835699976
['https://www.zoominfo.com/c/waste-medic-llc/370336736', 'https://www.zoominfo.com/pic/waste-medic-llc/370336736', 'https://www.zoominfo.com/p/Mark-Culver/-835699976']
https://www.zoominfo.com/c/butler-disposal-systems-inc/346717226
https://www.neverbounce.com/company/butler-disposal-systems/346717226
['https://www.zoominfo.com/c/butler-disposal-systems-inc/346717226', 'NotAvailable', 'NotAvailable']
https://www.zoominfo.com/c/cliff-berry-inc/22860558
https://www.zoominfo.com/pic/cliff-berry-inc/22860558
https://www.zoominfo.com/p/Patrick-Petrillo/-1854651138
['https://www.zoominfo.com/c/cliff-berry-inc/22860558', 'https://www.zoominfo.com/pic/cliff-berry-inc/22860558', 'https://www.zoominfo.com/p/Patrick-Petrillo/-1854651138']
https://www.zoominfo.com/c/illini-environmental-inc/71059154
https://www.zoominfo.com/pic/illini-environmental-inc/71059154
https://www.zoominfo.com/p/Craig-Nance/-1781512269
['https://www.zoominfo.com/c/illini-environmental-inc/71059154', 'https://www.zoominfo.com/pic/illini-environmental-inc/71059154', 'https://www.zoominfo.com/p/Craig-Nance/-1781512269']
https://www.zoominfo.com/c/environmental-land-management-llc/40225320
https://www.zoominfo.com/pic/environmental-land-management-llc/40225320
https://www.zoominfo.com/c/environmental-land-management-solutions-ltd/551893251
['https://www.zoominfo.com/c/environmental-land-management-llc/40225320', 'https://www.zoominfo.com/pic/environmental-land-management-llc/40225320', 'https://www.zoominfo.com/c/environmental-land-management-solutions-ltd/551893251']
https://www.zoominfo.com/c/lemay-inc/558951588
https://www.zoominfo.com/c/lemay-pacific-disposal/559012769
https://www.zoominfo.com/c/lemay-grays-harbor/559012778
['https://www.zoominfo.com/c/lemay-inc/558951588', 'https://www.zoominfo.com/c/lemay-pacific-disposal/559012769', 'https://www.zoominfo.com/c/lemay-grays-harbor/559012778']
https://www.zoominfo.com/c/rock-river-disposal/102941939
https://www.zoominfo.com/p/Rocco-Guglielmetti/367505145
https://www.zoominfo.com/p/Tina-Gallagher/-969640985
['https://www.zoominfo.com/c/rock-river-disposal/102941939', 'https://www.zoominfo.com/p/Rocco-Guglielmetti/367505145', 'https://www.zoominfo.com/p/Tina-Gallagher/-969640985']
https://www.zoominfo.com/c/recycle-revolution/351318469
https://www.apollo.io/companies/Recycle-Revolution-LLC/54a120b269702d97c16ea602
https://syard.governancehome.org/post/erecycler-dallas-tx/47970837
['https://www.zoominfo.com/c/recycle-revolution/351318469', 'NotAvailable', 'NotAvailable']
https://www.zoominfo.com/c/ecology-control-industries-inc/37948500
https://www.zoominfo.com/pic/ecology-control-industries-inc/37948500
https://www.zoominfo.com/p/Todd-Waters/-1021997102
['https://www.zoominfo.com/c/ecology-control-industries-inc/37948500', 'https://www.zoominfo.com/pic/ecology-control-industries-inc/37948500', 'https://www.zoominfo.com/p/Todd-Waters/-1021997102']
https://www.zoominfo.com/c/vogel-disposal-service-inc/345037778
https://www.zoominfo.com/pic/vogel-disposal-service-inc/345037778
https://www.zoominfo.com/p/Barb-Kinkela/-803568976
['https://www.zoominfo.com/c/vogel-disposal-service-inc/345037778', 'https://www.zoominfo.com/pic/vogel-disposal-service-inc/345037778', 'https://www.zoominfo.com/p/Barb-Kinkela/-803568976']
https://www.zoominfo.com/c/east-coast-roll/371530782
https://www.neverbounce.com/company/east-coast-roll-off/371530782
['https://www.zoominfo.com/c/east-coast-roll/371530782', 'NotAvailable', 'NotAvailable']
https://www.neverbounce.com/company/clark-disposal/410094320
https://detnf.laurynherbert.org/post/lenorud-disposal/67237822
https://yrbgm.machadofilho.com/post/lenorud-services-inc/67237813
https://dkwms.morrisseyadvisory.com/post/oregon-deq-complaints/46324924
['NotAvailable', 'NotAvailable', 'NotAvailable']
https://www.zoominfo.com/c/franc-environmental-inc/346731578
https://www.zoominfo.com/pic/franc-environmental-inc/346731578
https://www.zoominfo.com/p/Belinda-Short/-1654351874
['https://www.zoominfo.com/c/franc-environmental-inc/346731578', 'https://www.zoominfo.com/pic/franc-environmental-inc/346731578', 'https://www.zoominfo.com/p/Belinda-Short/-1654351874']
https://www.zoominfo.com/c/arizona-medical-waste-llc/359098248
https://www.zoominfo.com/c/medical-waste-disposal/369364514
https://www.zoominfo.com/pic/medical-waste-disposal-company/369364514
['https://www.zoominfo.com/c/arizona-medical-waste-llc/359098248', 'https://www.zoominfo.com/c/medical-waste-disposal/369364514', 'https://www.zoominfo.com/pic/medical-waste-disposal-company/369364514']
https://www.zoominfo.com/c/usa-hauling-recycling-inc/77693027
https://www.zoominfo.com/c/usa-recycle/1237863404
https://www.zoominfo.com/pic/usa-hauling--recycling/77693027
['https://www.zoominfo.com/c/usa-hauling-recycling-inc/77693027', 'https://www.zoominfo.com/c/usa-recycle/1237863404', 'https://www.zoominfo.com/pic/usa-hauling--recycling/77693027']
https://www.zoominfo.com/c/hwi-equipment-inc/347182176
https://www.zoominfo.com/p/Shonda-Womble/-1954314121
https://www.zoominfo.com/p/Nick-Berry/-2137511423
['https://www.zoominfo.com/c/hwi-equipment-inc/347182176', 'https://www.zoominfo.com/p/Shonda-Womble/-1954314121', 'https://www.zoominfo.com/p/Nick-Berry/-2137511423']
https://www.zoominfo.com/pic/main-street-fibers/371569969
https://www.neverbounce.com/company/mainstreetrecyclingcom/359191306
https://www.idcrawl.com/cindy-hammond
['https://www.zoominfo.com/pic/main-street-fibers/371569969', 'NotAvailable', 'NotAvailable']
https://www.zoominfo.com/c/medpro-disposal-llc/355256026
https://www.zoominfo.com/c/medpro-disposal/468555177
https://www.zoominfo.com/pic/medpro-disposal-llc/355256026
['https://www.zoominfo.com/c/medpro-disposal-llc/355256026', 'https://www.zoominfo.com/c/medpro-disposal/468555177', 'https://www.zoominfo.com/pic/medpro-disposal-llc/355256026']
https://www.zoominfo.com/c/penas-disposal-inc/345135616
https://www.zoominfo.com/pic/penasdisposal/345135616
https://www.zoominfo.com/p/Sherri-Pena/-1747317811
['https://www.zoominfo.com/c/penas-disposal-inc/345135616', 'https://www.zoominfo.com/pic/penasdisposal/345135616', 'https://www.zoominfo.com/p/Sherri-Pena/-1747317811']
https://www.zoominfo.com/c/jackson-disposal-inc/344090351
https://www.neverbounce.com/company/jackson-disposal/344090351
https://azrds.exus-data.com/post/lrs-disposal-illinois/53289863
['https://www.zoominfo.com/c/jackson-disposal-inc/344090351', 'NotAvailable', 'NotAvailable']
https://www.zoominfo.com/c/renew-resources-ltd/344993727
https://www.neverbounce.com/company/renew-resources/344993727
['https://www.zoominfo.com/c/renew-resources-ltd/344993727', 'NotAvailable', 'NotAvailable']
https://www.zoominfo.com/c/royal-paper-stock/101564612
https://www.zoominfo.com/pic/royal-paper-stock-company-inc/101564612
https://www.zoominfo.com/p/Penny-Gregory/3870695654
['https://www.zoominfo.com/c/royal-paper-stock/101564612', 'https://www.zoominfo.com/pic/royal-paper-stock-company-inc/101564612', 'https://www.zoominfo.com/p/Penny-Gregory/3870695654']
https://www.zoominfo.com/c/clean-fuels-national/355401854
https://www.zoominfo.com/c/clean-fuels-associates-inc/345670984
https://www.zoominfo.com/c/canada-clean-fuels-inc/6438998
['https://www.zoominfo.com/c/clean-fuels-national/355401854', 'https://www.zoominfo.com/c/clean-fuels-associates-inc/345670984', 'https://www.zoominfo.com/c/canada-clean-fuels-inc/6438998']
https://www.zoominfo.com/c/crown-recycling-facility/357281235
https://www.zoominfo.com/pic/crown-recycling-facility/357281235
https://www.zoominfo.com/c/crown-recycling-inc/346318532
['https://www.zoominfo.com/c/crown-recycling-facility/357281235', 'https://www.zoominfo.com/pic/crown-recycling-facility/357281235', 'https://www.zoominfo.com/c/crown-recycling-inc/346318532']
https://www.zoominfo.com/c/wallace-industrial-technology/450691766
https://www.zoominfo.com/pic/wallace-industrial-technology/450691766
https://www.zoominfo.com/c/wallace-industrial-services/356252924
['https://www.zoominfo.com/c/wallace-industrial-technology/450691766', 'https://www.zoominfo.com/pic/wallace-industrial-technology/450691766', 'https://www.zoominfo.com/c/wallace-industrial-services/356252924']
https://www.zoominfo.com/c/curbside-inc/1103075041
https://www.apollo.io/companies/Curbsideco-/5fd1a698d5c7db0001193d26
['https://www.zoominfo.com/c/curbside-inc/1103075041', 'NotAvailable', 'NotAvailable']
https://www.zoominfo.com/c/central-virginia-waste-management-authority/10256773
https://www.neverbounce.com/company/central-virginia-waste-management-authority/10256773
https://firfc.adultfinances.com/post/ccwmaorg/37284110
https://www.idcrawl.com/julie-buchanan
https://ewwmp.rbtsbn.com/post/padnos-metal-recycling/69590314
['https://www.zoominfo.com/c/central-virginia-waste-management-authority/10256773', 'NotAvailable', 'NotAvailable']
https://www.zoominfo.com/c/chiquita-canyon-landfill/25024000
https://www.zoominfo.com/c/waste-connections/536808624
https://www.zoominfo.com/c/jefferson-parish-landfill/551763407
['https://www.zoominfo.com/c/chiquita-canyon-landfill/25024000', 'https://www.zoominfo.com/c/waste-connections/536808624', 'https://www.zoominfo.com/c/jefferson-parish-landfill/551763407']
https://www.zoominfo.com/c/north-davidson-garbage-service-inc/357144482
https://www.neverbounce.com/company/north-davidson-garbage-service/357144482
https://www.idcrawl.com/brooke-everhart
https://www.studyrama-emploi.com/tracking.php?id=3521&systeme=PUBLI_BODY&url=//pechstattingroli.tk/180wwwstudyrama-emploicombCM649
['https://www.zoominfo.com/c/north-davidson-garbage-service-inc/357144482', 'NotAvailable', 'NotAvailable']
https://www.zoominfo.com/c/keyway-management-company-llc/346664393
https://www.zoominfo.com/pic/keyway-management-company-llc/346664393
https://www.zoominfo.com/c/keyway-management/479380502
['https://www.zoominfo.com/c/keyway-management-company-llc/346664393', 'https://www.zoominfo.com/pic/keyway-management-company-llc/346664393', 'https://www.zoominfo.com/c/keyway-management/479380502']
https://www.zoominfo.com/c/regency-recycling-corporation-inc/358647405
https://www.neverbounce.com/company/regency-recycling/358647405
['https://www.zoominfo.com/c/regency-recycling-corporation-inc/358647405', 'NotAvailable', 'NotAvailable']
https://www.zoominfo.com/c/waste-services-inc/345235780
https://www.zoominfo.com/c/waste-services-llc/345682419
https://www.zoominfo.com/pic/waste-services-inc/345235780
['https://www.zoominfo.com/c/waste-services-inc/345235780', 'https://www.zoominfo.com/c/waste-services-llc/345682419', 'https://www.zoominfo.com/pic/waste-services-inc/345235780']
https://www.zoominfo.com/c/evergreen-recycling-inc/42535628
https://www.zoominfo.com/c/evergreen-recycling-inc/357237348
https://www.zoominfo.com/c/evergreen-recycling-inc/357558421
['https://www.zoominfo.com/c/evergreen-recycling-inc/42535628', 'https://www.zoominfo.com/c/evergreen-recycling-inc/357237348', 'https://www.zoominfo.com/c/evergreen-recycling-inc/357558421']
https://www.zoominfo.com/c/pleasanton-garbage-service-inc/222282431
https://www.zoominfo.com/pic/pleasanton-garbage-service-inc/222282431
https://www.zoominfo.com/p/Linda-Reason/-1904493525
['https://www.zoominfo.com/c/pleasanton-garbage-service-inc/222282431', 'https://www.zoominfo.com/pic/pleasanton-garbage-service-inc/222282431', 'https://www.zoominfo.com/p/Linda-Reason/-1904493525']
https://www.zoominfo.com/c/biomedical-waste-services-inc/14191635
https://www.zoominfo.com/c/win-waste-innovations/558062212
https://www.zoominfo.com/c/virginia-waste-services-inc/125026407
['https://www.zoominfo.com/c/biomedical-waste-services-inc/14191635', 'https://www.zoominfo.com/c/win-waste-innovations/558062212', 'https://www.zoominfo.com/c/virginia-waste-services-inc/125026407']
https://www.zoominfo.com/c/tom-berkowitz-trucking-inc/410207595
https://www.zoominfo.com/pic/tom-berkowitz-trucking-inc/410207595
https://www.zoominfo.com/p/Jeanne-Berkowitz/-865755312
['https://www.zoominfo.com/c/tom-berkowitz-trucking-inc/410207595', 'https://www.zoominfo.com/pic/tom-berkowitz-trucking-inc/410207595', 'https://www.zoominfo.com/p/Jeanne-Berkowitz/-865755312']
https://www.zoominfo.com/c/sws-environmental-services-limited/358392151
https://www.zoominfo.com/c/sws-environmental/454891608
https://www.zoominfo.com/c/tri-state-environmental-services-llc/404479872
['https://www.zoominfo.com/c/sws-environmental-services-limited/358392151', 'https://www.zoominfo.com/c/sws-environmental/454891608', 'https://www.zoominfo.com/c/tri-state-environmental-services-llc/404479872']
https://www.zoominfo.com/c/tahoe-truckee-sierra-disposal-co/344464022
https://www.zoominfo.com/pic/tahoe-truckee-sierra-disposal-company/344464022
https://www.zoominfo.com/p/Kelli-Hare/-1931462630
['https://www.zoominfo.com/c/tahoe-truckee-sierra-disposal-co/344464022', 'https://www.zoominfo.com/pic/tahoe-truckee-sierra-disposal-company/344464022', 'https://www.zoominfo.com/p/Kelli-Hare/-1931462630']
https://www.zoominfo.com/c/hazsafe/346576121
https://www.neverbounce.com/company/specialist-waste-disposal/346576121
https://www.idcrawl.com/cheryl-toth
https://qqsknpi.cc-monitoring.com/post/oregon-department-environmental-quality/46324808
https://jdytj.cplanea.com/post/deq-oregon-locations/11191002
['https://www.zoominfo.com/c/hazsafe/346576121', 'NotAvailable', 'NotAvailable']
https://www.zoominfo.com/c/california-waste-services-llc/19452163
https://www.zoominfo.com/pic/california-waste-services-llc/19452163
https://www.zoominfo.com/p/Riley-Gavello/-2035566627
['https://www.zoominfo.com/c/california-waste-services-llc/19452163', 'https://www.zoominfo.com/pic/california-waste-services-llc/19452163', 'https://www.zoominfo.com/p/Riley-Gavello/-2035566627']
https://www.zoominfo.com/c/johns-disposal-service-inc/48663854
https://www.zoominfo.com/pic/johns-disposal-service-inc/48663854
https://www.zoominfo.com/c/johns-disposal-inc/454944138
['https://www.zoominfo.com/c/johns-disposal-service-inc/48663854', 'https://www.zoominfo.com/pic/johns-disposal-service-inc/48663854', 'https://www.zoominfo.com/c/johns-disposal-inc/454944138']
https://www.zoominfo.com/c/aaa-rubbish-inc/343526344
https://www.zoominfo.com/pic/aaa-rubbish-inc/343526344
https://www.zoominfo.com/c/aaa-rubbish-man/368450597
['https://www.zoominfo.com/c/aaa-rubbish-inc/343526344', 'https://www.zoominfo.com/pic/aaa-rubbish-inc/343526344', 'https://www.zoominfo.com/c/aaa-rubbish-man/368450597']
https://www.zoominfo.com/c/dicks-sanitation-lakeville/347785825
https://www.zoominfo.com/pic/dicks-sanitation/347785825
https://www.zoominfo.com/p/Lisa-Wolter/-2098336580
['https://www.zoominfo.com/c/dicks-sanitation-lakeville/347785825', 'https://www.zoominfo.com/pic/dicks-sanitation/347785825', 'https://www.zoominfo.com/p/Lisa-Wolter/-2098336580']
https://www.zoominfo.com/c/neches-management-services-llc/457892683
https://www.zoominfo.com/pic/neches-management-services/457892683
https://www.zoominfo.com/companies-search/location-usa--texas--beaumont-industry-human-resources-staffing
['https://www.zoominfo.com/c/neches-management-services-llc/457892683', 'https://www.zoominfo.com/pic/neches-management-services/457892683', 'https://www.zoominfo.com/companies-search/location-usa--texas--beaumont-industry-human-resources-staffing']
https://www.zoominfo.com/c/complete-solutions-sourcing-inc/348221210
https://www.zoominfo.com/pic/complete-solutions-sourcing-inc/348221210
https://www.zoominfo.com/c/complete-computing-inc/28169754
['https://www.zoominfo.com/c/complete-solutions-sourcing-inc/348221210', 'https://www.zoominfo.com/pic/complete-solutions-sourcing-inc/348221210', 'https://www.zoominfo.com/c/complete-computing-inc/28169754']
https://www.zoominfo.com/c/economy-disposal-company/346732594
https://www.zoominfo.com/pic/economy-disposal-company/346732594
https://www.zoominfo.com/p/Phil-Sikkenga/2693284739
['https://www.zoominfo.com/c/economy-disposal-company/346732594', 'https://www.zoominfo.com/pic/economy-disposal-company/346732594', 'https://www.zoominfo.com/p/Phil-Sikkenga/2693284739']
https://www.zoominfo.com/c/lemcor-inc/358577816
https://www.ampliz.com/company/lemcor-inc/98525893
https://www.apollo.io/companies/Lemcor-Inc/56d71130f3e5bb19bc00208b
https://whpbe.girlscouts-raintree.org/post/lemcor-transport-llc/55987647
['https://www.zoominfo.com/c/lemcor-inc/358577816', 'NotAvailable', 'NotAvailable']
https://www.zoominfo.com/c/blackgold-capital-llc/449128246
https://www.neverbounce.com/company/blackgold-capital/449128246
['https://www.zoominfo.com/c/blackgold-capital-llc/449128246', 'NotAvailable', 'NotAvailable']
'organic'
['NotAvailable', 'NotAvailable', 'NotAvailable']
https://www.zoominfo.com/c/aqua-terra-water-management-lp/373139429
https://www.zoominfo.com/pic/aqua-terra-water-management-lp/373139429
https://www.zoominfo.com/p/Cory-Hall/-1943497719
['https://www.zoominfo.com/c/aqua-terra-water-management-lp/373139429', 'https://www.zoominfo.com/pic/aqua-terra-water-management-lp/373139429', 'https://www.zoominfo.com/p/Cory-Hall/-1943497719']
https://www.zoominfo.com/c/dnt-environmental-services-inc/347023269
https://www.zoominfo.com/pic/dnt-environmental-services-inc/347023269
https://www.zoominfo.com/p/Whitney-Beeching/-1877064325
['https://www.zoominfo.com/c/dnt-environmental-services-inc/347023269', 'https://www.zoominfo.com/pic/dnt-environmental-services-inc/347023269', 'https://www.zoominfo.com/p/Whitney-Beeching/-1877064325']
https://www.zoominfo.com/c/north-american-waste-solutions/348412389
https://www.zoominfo.com/pic/north-american-waste-solutions/348412389
https://www.zoominfo.com/c/namaste/354900806
['https://www.zoominfo.com/c/north-american-waste-solutions/348412389', 'https://www.zoominfo.com/pic/north-american-waste-solutions/348412389', 'https://www.zoominfo.com/c/namaste/354900806']
https://www.zoominfo.com/c/tri--county-industries-inc/348634985
https://www.neverbounce.com/company/tri--county-industries/348634985
https://www.infotelligent.com/company/tri-county-industries/2198858
https://jvjda.crawlinktechnologies.com/post/tri-county-disposal/72048236
https://xsmtz.boutique-wines.com/post/tri-county-disposal-helena-mt/72048229
['https://www.zoominfo.com/c/tri--county-industries-inc/348634985', 'NotAvailable', 'NotAvailable']
https://www.zoominfo.com/c/care-environmental-corp/21304584
https://www.zoominfo.com/pic/care-environmental-corp/21304584
https://www.zoominfo.com/p/Francis-Mckenna/183427793
['https://www.zoominfo.com/c/care-environmental-corp/21304584', 'https://www.zoominfo.com/pic/care-environmental-corp/21304584', 'https://www.zoominfo.com/p/Francis-Mckenna/183427793']
https://www.zoominfo.com/c/loureiro/23150756
https://www.zoominfo.com/pic/loureiro-engineering-associates-inc/23150756
https://www.zoominfo.com/c/chartech-solutions/4018066
['https://www.zoominfo.com/c/loureiro/23150756', 'https://www.zoominfo.com/pic/loureiro-engineering-associates-inc/23150756', 'https://www.zoominfo.com/c/chartech-solutions/4018066']
https://www.zoominfo.com/c/boston-green/416283473
https://www.neverbounce.com/company/boston-green/416283473
https://www.idcrawl.com/carrie-morse
['https://www.zoominfo.com/c/boston-green/416283473', 'NotAvailable', 'NotAvailable']
https://www.zoominfo.com/c/belshire-environmental-services-inc/8554788
https://www.zoominfo.com/pic/belshire-environmental-services-inc/8554788
https://www.zoominfo.com/c/belshire-concrete-restoration-llc/356955655
['https://www.zoominfo.com/c/belshire-environmental-services-inc/8554788', 'https://www.zoominfo.com/pic/belshire-environmental-services-inc/8554788', 'https://www.zoominfo.com/c/belshire-concrete-restoration-llc/356955655']
https://www.zoominfo.com/c/blue-line-transfer/11848039
https://www.zoominfo.com/c/blue-line-transfer-inc/1242954434
https://www.zoominfo.com/p/Chris-Axton/-1191997093
['https://www.zoominfo.com/c/blue-line-transfer/11848039', 'https://www.zoominfo.com/c/blue-line-transfer-inc/1242954434', 'https://www.zoominfo.com/p/Chris-Axton/-1191997093']
https://www.zoominfo.com/c/wasteology-group/369709968
https://www.zoominfo.com/pic/wasteology-group/369709968
https://www.zoominfo.com/c/envirosource-waste-solutions-llc/347024793
['https://www.zoominfo.com/c/wasteology-group/369709968', 'https://www.zoominfo.com/pic/wasteology-group/369709968', 'https://www.zoominfo.com/c/envirosource-waste-solutions-llc/347024793']
https://www.zoominfo.com/c/englobe-corp/95226499
https://www.zoominfo.com/c/englobe-corp/539814249
https://www.zoominfo.com/pic/englobe-corp/95226499
['https://www.zoominfo.com/c/englobe-corp/95226499', 'https://www.zoominfo.com/c/englobe-corp/539814249', 'https://www.zoominfo.com/pic/englobe-corp/95226499']
https://www.zoominfo.com/c/union-processing-systems/475435514
https://www.zoominfo.com/pic/union-processing-systems/475435514
https://www.zoominfo.com/p/John-Stewart/2998491941
['https://www.zoominfo.com/c/union-processing-systems/475435514', 'https://www.zoominfo.com/pic/union-processing-systems/475435514', 'https://www.zoominfo.com/p/John-Stewart/2998491941']
https://www.zoominfo.com/c/aaa-disposal-service-inc/460369820
https://www.zoominfo.com/c/aaa-disposal/452698052
https://www.zoominfo.com/pic/aaa-disposal/452698052
['https://www.zoominfo.com/c/aaa-disposal-service-inc/460369820', 'https://www.zoominfo.com/c/aaa-disposal/452698052', 'https://www.zoominfo.com/pic/aaa-disposal/452698052']
https://www.zoominfo.com/c/dental-recycling-north-america-inc/34540690
https://www.zoominfo.com/pic/Drna-inc/34540690
https://www.zoominfo.com/p/David-Picone/-1251325560
['https://www.zoominfo.com/c/dental-recycling-north-america-inc/34540690', 'https://www.zoominfo.com/pic/Drna-inc/34540690', 'https://www.zoominfo.com/p/David-Picone/-1251325560']
https://www.zoominfo.com/c/navusoft-llc/369529632
https://www.zoominfo.com/pic/navusoft-llc/369529632
https://www.zoominfo.com/p/David-Navarro/276834610
['https://www.zoominfo.com/c/navusoft-llc/369529632', 'https://www.zoominfo.com/pic/navusoft-llc/369529632', 'https://www.zoominfo.com/p/David-Navarro/276834610']
https://www.zoominfo.com/c/sutera-usa-llc/452547378
https://www.zoominfo.com/pic/sutera-canada-inc/452547378
https://www.zoominfo.com/p/Steven-Cseresnyesi/-1169042196
['https://www.zoominfo.com/c/sutera-usa-llc/452547378', 'https://www.zoominfo.com/pic/sutera-canada-inc/452547378', 'https://www.zoominfo.com/p/Steven-Cseresnyesi/-1169042196']
https://www.zoominfo.com/c/bgi-inc/347053362
https://www.zoominfo.com/pic/bgi-inc/347053362
https://www.zoominfo.com/p/Rudy-Lomboy/-2052759006
['https://www.zoominfo.com/c/bgi-inc/347053362', 'https://www.zoominfo.com/pic/bgi-inc/347053362', 'https://www.zoominfo.com/p/Rudy-Lomboy/-2052759006']
https://www.zoominfo.com/c/ace-solid-waste-inc/856434
https://www.neverbounce.com/company/ace-solid-waste/856434
https://www.apollo.io/companies/Ace-Solid-Waste-Inc-/54a1292b69702dcef9487601
https://jykvb.blackmonandassociates.org/post/acesolidwastecom/58340110
https://www.idcrawl.com/jeff-mcnamara
['https://www.zoominfo.com/c/ace-solid-waste-inc/856434', 'NotAvailable', 'NotAvailable']
https://www.zoominfo.com/p/Joe-Braceros/9085533186
https://www.zoominfo.com/companies-search/location-usa--hawaii-industry-waste-treatment-environmental-services-recycling
https://www.zoominfo.com/p/Stephanie-Eaton/2147949730
['https://www.zoominfo.com/p/Joe-Braceros/9085533186', 'https://www.zoominfo.com/companies-search/location-usa--hawaii-industry-waste-treatment-environmental-services-recycling', 'https://www.zoominfo.com/p/Stephanie-Eaton/2147949730']
https://www.zoominfo.com/c/iws-waste-solutions/395006715
https://www.zoominfo.com/pic/iws-waste-solutions/395006715
https://www.zoominfo.com/p/Glenn-Pitts/1865947989
['https://www.zoominfo.com/c/iws-waste-solutions/395006715', 'https://www.zoominfo.com/pic/iws-waste-solutions/395006715', 'https://www.zoominfo.com/p/Glenn-Pitts/1865947989']
https://www.zoominfo.com/c/tfc-recycling/94931094
https://www.zoominfo.com/pic/tfc-recycling/94931094
https://www.zoominfo.com/p/Renee-Dowdy/-1931439751
['https://www.zoominfo.com/c/tfc-recycling/94931094', 'https://www.zoominfo.com/pic/tfc-recycling/94931094', 'https://www.zoominfo.com/p/Renee-Dowdy/-1931439751']
https://www.zoominfo.com/c/pathogenx-inc/480914947
https://www.zoominfo.com/pic/pathogenx-inc/480914947
https://www.zoominfo.com/c/pathogendx-inc/373080421
['https://www.zoominfo.com/c/pathogenx-inc/480914947', 'https://www.zoominfo.com/pic/pathogenx-inc/480914947', 'https://www.zoominfo.com/c/pathogendx-inc/373080421']
https://www.zoominfo.com/c/environmental-logistics-company/347999765
https://www.apollo.io/companies/TDSoftware-GmbH/54a12b1969702dcef9577502
https://tdjoz.gatewayfluidpower.com/post/environmental-logistics-company-llc/73841669
https://gjanq.domobotia.com/post/luzon-environmental-services/54690880
https://www.businessyab.com/explore/united_states/virginia/arlington_county/arlington/east_falls_church/little_falls_road/6600/bishop_oconnell_high_school.html
['https://www.zoominfo.com/c/environmental-logistics-company/347999765', 'NotAvailable', 'NotAvailable']
https://www.zoominfo.com/c/eastern-environmental-management-llc/351201272
https://www.zoominfo.com/c/eastern-environmental-technologies-inc/12223247
https://www.zoominfo.com/c/eastern-environmental-industries-llc/346890537
['https://www.zoominfo.com/c/eastern-environmental-management-llc/351201272', 'https://www.zoominfo.com/c/eastern-environmental-technologies-inc/12223247', 'https://www.zoominfo.com/c/eastern-environmental-industries-llc/346890537']
https://www.zoominfo.com/c/ambit-pacific-recycling-inc/7690264
https://www.apollo.io/companies/Afair-Vintage-Rentals/54a1a86574686945fafa5605
https://www.idcrawl.com/remy-garcia
['https://www.zoominfo.com/c/ambit-pacific-recycling-inc/7690264', 'NotAvailable', 'NotAvailable']
