https://www.zoominfo.com/c/calmet-services/398684162
https://www.zoominfo.com/pic/calmet-services-inc/398684162
https://www.zoominfo.com/p/Bill-Kalpakoff/-1686000988
['https://www.zoominfo.com/c/calmet-services/398684162', 'https://www.zoominfo.com/pic/calmet-services-inc/398684162', 'https://www.zoominfo.com/p/Bill-Kalpakoff/-1686000988']
https://www.zoominfo.com/c/camille-fontaine/539367290
https://www.zoominfo.com/p/Camille-Fontaine/-1627964196
https://www.zoominfo.com/c/enviro--access-inc/33082520
['https://www.zoominfo.com/c/camille-fontaine/539367290', 'https://www.zoominfo.com/p/Camille-Fontaine/-1627964196', 'https://www.zoominfo.com/c/enviro--access-inc/33082520']
https://www.zoominfo.com/c/can-monkey/448145545
https://www.zoominfo.com/pic/can-monkey/448145545
https://www.zoominfo.com/p/Marc-Zagoury/3147453602
['https://www.zoominfo.com/c/can-monkey/448145545', 'https://www.zoominfo.com/pic/can-monkey/448145545', 'https://www.zoominfo.com/p/Marc-Zagoury/3147453602']
https://www.zoominfo.com/c/canadian-industrial-hemp/450993676
https://www.neverbounce.com/company/canadian-industrial-hemp/450993676
['https://www.zoominfo.com/c/canadian-industrial-hemp/450993676', 'NotAvailable', 'NotAvailable']
https://www.zoominfo.com/c/xyea-online/403433233
['https://www.zoominfo.com/c/xyea-online/403433233', 'NotAvailable', 'NotAvailable']
https://www.zoominfo.com/c/captex-commercial-properties/48124016
https://www.zoominfo.com/c/captex-bank/518833001
https://www.zoominfo.com/pic/captex-commercial-properties/48124016
['https://www.zoominfo.com/c/captex-commercial-properties/48124016', 'https://www.zoominfo.com/c/captex-bank/518833001', 'https://www.zoominfo.com/pic/captex-commercial-properties/48124016']
https://www.zoominfo.com/c/climate-resolve/355776204
https://www.zoominfo.com/c/rocky-mountain-institute/196215178
https://www.zoominfo.com/c/huntgreen-llc/354532011
['https://www.zoominfo.com/c/climate-resolve/355776204', 'https://www.zoominfo.com/c/rocky-mountain-institute/196215178', 'https://www.zoominfo.com/c/huntgreen-llc/354532011']
https://www.neverbounce.com/company/cardinal-waste-solutions/348730384
http://files.xz.com/2020-04-26.txt
https://tksxpeids-d89-ap-v1.feloriel.world/
['NotAvailable', 'NotAvailable', 'NotAvailable']
https://www.zoominfo.com/c/carolina-containers/451340426
['https://www.zoominfo.com/c/carolina-containers/451340426', 'NotAvailable', 'NotAvailable']
https://www.zoominfo.com/c/carolina-recycling-and-consulting-llc/457645044
https://www.zoominfo.com/pic/carolina-recycling-and-consulting-llc/457645044
https://www.zoominfo.com/p/Chris-Mattox/1576617384
['https://www.zoominfo.com/c/carolina-recycling-and-consulting-llc/457645044', 'https://www.zoominfo.com/pic/carolina-recycling-and-consulting-llc/457645044', 'https://www.zoominfo.com/p/Chris-Mattox/1576617384']
https://www.zoominfo.com/c/carpenter-design-inc/356562044
https://www.neverbounce.com/company/carpenter-design/356562044
['https://www.zoominfo.com/c/carpenter-design-inc/356562044', 'NotAvailable', 'NotAvailable']
https://www.zoominfo.com/c/catalina-isles/537412234
https://www.neverbounce.com/company/catalina-isles/537412234
['https://www.zoominfo.com/c/catalina-isles/537412234', 'NotAvailable', 'NotAvailable']
https://www.zoominfo.com/c/centec-engineering-pllc/361699734
https://www.zoominfo.com/c/centec-engineering-inc/346533083
https://www.zoominfo.com/pic/centec-engineering-pllc/361699734
['https://www.zoominfo.com/c/centec-engineering-pllc/361699734', 'https://www.zoominfo.com/c/centec-engineering-inc/346533083', 'https://www.zoominfo.com/pic/centec-engineering-pllc/361699734']
https://www.zoominfo.com/c/charity-recycling-service-llc/357225492
https://www.zoominfo.com/pic/charity-recycling-service/357225492
https://www.zoominfo.com/p/Jocelyn-Zamora/2742509712
['https://www.zoominfo.com/c/charity-recycling-service-llc/357225492', 'https://www.zoominfo.com/pic/charity-recycling-service/357225492', 'https://www.zoominfo.com/p/Jocelyn-Zamora/2742509712']
'organic'
['NotAvailable', 'NotAvailable', 'NotAvailable']
https://www.zoominfo.com/pic/chempack-environmental-llc/411571561
https://www.neverbounce.com/company/chempack-environmental/411571561
['https://www.zoominfo.com/pic/chempack-environmental-llc/411571561', 'NotAvailable', 'NotAvailable']
https://www.zoominfo.com/c/chemtron/17288425
https://www.zoominfo.com/c/chemtron-corp/355889402
https://www.zoominfo.com/c/chemtron-inc/46057813
['https://www.zoominfo.com/c/chemtron/17288425', 'https://www.zoominfo.com/c/chemtron-corp/355889402', 'https://www.zoominfo.com/c/chemtron-inc/46057813']
https://www.zoominfo.com/p/Ben-Messerschmidt/1828990453
https://www.neverbounce.com/company/chief-liquid-waste/354043195
['https://www.zoominfo.com/p/Ben-Messerschmidt/1828990453', 'NotAvailable', 'NotAvailable']
https://www.zoominfo.com/c/citiwaste-llc/356806338
https://www.neverbounce.com/company/citiwaste/356806338
https://www.apollo.io/companies/Citiwaste-Llc/5500c21a73696416f4904100
https://www.infotelligent.com/company/biomedical-waste-solutions/3253155
https://hqncl.planttechsolutions.com/post/medpro-waste-disposal-llc/52522737
['https://www.zoominfo.com/c/citiwaste-llc/356806338', 'NotAvailable', 'NotAvailable']
https://www.zoominfo.com/c/claystone-waste-ltd/11520880
https://www.zoominfo.com/pic/beaver-municipal-solutions/11520880
https://www.zoominfo.com/p/Brittany-Clubb/-1995477781
['https://www.zoominfo.com/c/claystone-waste-ltd/11520880', 'https://www.zoominfo.com/pic/beaver-municipal-solutions/11520880', 'https://www.zoominfo.com/p/Brittany-Clubb/-1995477781']
https://www.zoominfo.com/c/clean-fuels-associates-inc/345670984
https://www.openj-gate.com/gain-clean-fuel
['https://www.zoominfo.com/c/clean-fuels-associates-inc/345670984', 'NotAvailable', 'NotAvailable']
https://www.zoominfo.com/c/cleanall-environmental-services/373396177
https://www.zoominfo.com/c/clean-all-environmental-services-inc/16466744
https://www.zoominfo.com/pic/clean-all-environmental-services-inc/16466744
['https://www.zoominfo.com/c/cleanall-environmental-services/373396177', 'https://www.zoominfo.com/c/clean-all-environmental-services-inc/16466744', 'https://www.zoominfo.com/pic/clean-all-environmental-services-inc/16466744']
https://www.zoominfo.com/c/clear-environmental/564460886
https://www.zoominfo.com/p/Kris-Melhus/-2026431902
https://www.zoominfo.com/p/Yamile-Yazbek/-853272934
['https://www.zoominfo.com/c/clear-environmental/564460886', 'https://www.zoominfo.com/p/Kris-Melhus/-2026431902', 'https://www.zoominfo.com/p/Yamile-Yazbek/-853272934']
https://www.zoominfo.com/c/clearbrook/19859762
https://www.zoominfo.com/c/clearbrook/398110189
https://www.zoominfo.com/c/clearbrook-llc/358382880
['https://www.zoominfo.com/c/clearbrook/19859762', 'https://www.zoominfo.com/c/clearbrook/398110189', 'https://www.zoominfo.com/c/clearbrook-llc/358382880']
https://www.zoominfo.com/c/clinton-county-pa/26806903
https://www.zoominfo.com/pic/clinton-county-pa/26806903
https://www.zoominfo.com/c/clinton-county-democratic-party/529587711
['https://www.zoominfo.com/c/clinton-county-pa/26806903', 'https://www.zoominfo.com/pic/clinton-county-pa/26806903', 'https://www.zoominfo.com/c/clinton-county-democratic-party/529587711']
https://www.zoominfo.com/c/competitive-pallet-company/411579688
https://www.zoominfo.com/c/pallet-hub/470880240
https://www.zoominfo.com/c/horizon-distribution/346456447
['https://www.zoominfo.com/c/competitive-pallet-company/411579688', 'https://www.zoominfo.com/c/pallet-hub/470880240', 'https://www.zoominfo.com/c/horizon-distribution/346456447']
https://www.zoominfo.com/c/complete-disposal-inc/28169758
https://www.zoominfo.com/c/melchiorre-srl/352991377
https://www.zoominfo.com/c/complete-disposal-service-llc/529215721
['https://www.zoominfo.com/c/complete-disposal-inc/28169758', 'https://www.zoominfo.com/c/melchiorre-srl/352991377', 'https://www.zoominfo.com/c/complete-disposal-service-llc/529215721']
https://www.zoominfo.com/c/complete-mailing-service/28169794
https://www.zoominfo.com/c/complete-mailing/348475099
https://www.zoominfo.com/c/complete-mailing-service-inc/12289251
['https://www.zoominfo.com/c/complete-mailing-service/28169794', 'https://www.zoominfo.com/c/complete-mailing/348475099', 'https://www.zoominfo.com/c/complete-mailing-service-inc/12289251']
https://www.zoominfo.com/c/compostwheels/356965037
https://www.neverbounce.com/company/compostwheels/356965037
https://www.idcrawl.com/david-paull
['https://www.zoominfo.com/c/compostwheels/356965037', 'NotAvailable', 'NotAvailable']
https://www.zoominfo.com/c/jk-environmental-services-llc/365485765
https://www.zoominfo.com/p/Brian-Sheaffer/-1955590315
https://www.zoominfo.com/p/Kent-Hansey/-1314707429
['https://www.zoominfo.com/c/jk-environmental-services-llc/365485765', 'https://www.zoominfo.com/p/Brian-Sheaffer/-1955590315', 'https://www.zoominfo.com/p/Kent-Hansey/-1314707429']
https://www.zoominfo.com/c/concord-blue/356027708
https://www.zoominfo.com/p/Frank-Gilliam/-911263770
https://www.zoominfo.com/pic/concord-blue/356027708
['https://www.zoominfo.com/c/concord-blue/356027708', 'https://www.zoominfo.com/p/Frank-Gilliam/-911263770', 'https://www.zoominfo.com/pic/concord-blue/356027708']
https://www.zoominfo.com/c/confident-engineering-india-pvt-ltd/405905755
https://www.zoominfo.com/c/confident-engineering/450453271
https://www.zoominfo.com/pic/confident-engineering/450453271
['https://www.zoominfo.com/c/confident-engineering-india-pvt-ltd/405905755', 'https://www.zoominfo.com/c/confident-engineering/450453271', 'https://www.zoominfo.com/pic/confident-engineering/450453271']
https://www.arounddeal.com/profile/justin-bodey/g1tzklnsbp
['NotAvailable', 'NotAvailable', 'NotAvailable']
https://www.zoominfo.com/c/container-management-group/441813179
https://www.zoominfo.com/c/container-management-group/405824860
https://www.zoominfo.com/pic/container-management-group/441813179
['https://www.zoominfo.com/c/container-management-group/441813179', 'https://www.zoominfo.com/c/container-management-group/405824860', 'https://www.zoominfo.com/pic/container-management-group/441813179']
https://www.zoominfo.com/c/contract-environmental-services-inc/403470833
https://www.neverbounce.com/company/contract-environmental-services/403470833
['https://www.zoominfo.com/c/contract-environmental-services-inc/403470833', 'NotAvailable', 'NotAvailable']
https://www.neverbounce.com/company/controlled-recovery/56137030
['NotAvailable', 'NotAvailable', 'NotAvailable']
'organic'
['NotAvailable', 'NotAvailable', 'NotAvailable']
https://www.zoominfo.com/c/country-waste-systems/1277855192
https://www.zoominfo.com/c/county-waste-service/415373993
https://www.zoominfo.com/c/paso-robles-waste-disposal/211157589
['https://www.zoominfo.com/c/country-waste-systems/1277855192', 'https://www.zoominfo.com/c/county-waste-service/415373993', 'https://www.zoominfo.com/c/paso-robles-waste-disposal/211157589']
https://www.zoominfo.com/c/get-creative/456736567
https://www.zoominfo.com/c/get-creative/507355980
https://www.zoominfo.com/c/get-creative-media/460285114
['https://www.zoominfo.com/c/get-creative/456736567', 'https://www.zoominfo.com/c/get-creative/507355980', 'https://www.zoominfo.com/c/get-creative-media/460285114']
https://www.zoominfo.com/companies-search/location-usa--missouri--maryland-heights-industry-energy-utilities-waste-treatment
https://www.ampliz.com/company/crown-excel-disposal-llc/97949247
https://www.apollo.io/companies/Crown-Excel-Disposal--LLC/556d9cce736964124f3c5201
['https://www.zoominfo.com/companies-search/location-usa--missouri--maryland-heights-industry-energy-utilities-waste-treatment', 'NotAvailable', 'NotAvailable']
https://www.zoominfo.com/c/crystal-body-revision/411191519
https://www.zoominfo.com/p/Crystal-Glass-gries/-1536966458
https://www.zoominfo.com/p/Amanda-Chestnutt/-1519749960
['https://www.zoominfo.com/c/crystal-body-revision/411191519', 'https://www.zoominfo.com/p/Crystal-Glass-gries/-1536966458', 'https://www.zoominfo.com/p/Amanda-Chestnutt/-1519749960']
https://www.zoominfo.com/c/cs-2-inc/16271657
https://www.zoominfo.com/pic/cs-2-inc/16271657
https://www.zoominfo.com/c/cs2-corp/28201706
['https://www.zoominfo.com/c/cs-2-inc/16271657', 'https://www.zoominfo.com/pic/cs-2-inc/16271657', 'https://www.zoominfo.com/c/cs2-corp/28201706']
https://www.zoominfo.com/c/curbside-inc/421363883
https://www.neverbounce.com/company/cogent-waste/421363883
https://edykj.newsanit.com/post/mark-miller-eldorado-country-club/59537175
https://exkun.bscaonline.org/post/lauren-carey-blog/66516322
['https://www.zoominfo.com/c/curbside-inc/421363883', 'NotAvailable', 'NotAvailable']
https://www.zoominfo.com/c/badger-custom-pallet/348196235
https://www.zoominfo.com/c/custom-pallets-inc/410447596
https://www.zoominfo.com/c/clm-pallet-recycling-inc/353789882
['https://www.zoominfo.com/c/badger-custom-pallet/348196235', 'https://www.zoominfo.com/c/custom-pallets-inc/410447596', 'https://www.zoominfo.com/c/clm-pallet-recycling-inc/353789882']
https://www.zoominfo.com/c/cwpr/363410505
https://www.zoominfo.com/c/center-for-watershed-protection/54335020
https://www.zoominfo.com/c/cwpr-marketing-inc/347497843
['https://www.zoominfo.com/c/cwpr/363410505', 'https://www.zoominfo.com/c/center-for-watershed-protection/54335020', 'https://www.zoominfo.com/c/cwpr-marketing-inc/347497843']
https://www.zoominfo.com/c/dim-way-llc/411193125
https://www.neverbounce.com/company/dim-way/411193125
['https://www.zoominfo.com/c/dim-way-llc/411193125', 'NotAvailable', 'NotAvailable']
https://www.zoominfo.com/pic/rishra-municipality/466510626
['https://www.zoominfo.com/pic/rishra-municipality/466510626', 'NotAvailable', 'NotAvailable']
https://www.zoominfo.com/c/dc-trash-of-illinois/419963705
https://www.zoominfo.com/p/James-Chalfin/-883987300
https://www.zoominfo.com/p/Jordan-Kraber/-798860524
['https://www.zoominfo.com/c/dc-trash-of-illinois/419963705', 'https://www.zoominfo.com/p/James-Chalfin/-883987300', 'https://www.zoominfo.com/p/Jordan-Kraber/-798860524']
https://www.zoominfo.com/c/dealershop-inc/501249602
https://www.neverbounce.com/company/dealershop/501249602
https://www.apollo.io/companies/DealerShop-/5ed320f6ed1e4200016d0df6
https://ictsxhc.caseymanning.com/post/dealershopusa-store/53056772
['https://www.zoominfo.com/c/dealershop-inc/501249602', 'NotAvailable', 'NotAvailable']
https://www.zoominfo.com/c/delta-sanitation-inc/530043049
https://www.neverbounce.com/company/delta-sanitation/530043049
https://www.apollo.io/companies/Delta-IX-GMBH/5ed1da0c156bb30001dbcbfc
https://www.idcrawl.com/amy-walley
['https://www.zoominfo.com/c/delta-sanitation-inc/530043049', 'NotAvailable', 'NotAvailable']
https://www.zoominfo.com/c/delta-solid-waste-management-llc/403461637
https://www.neverbounce.com/company/delta-solid-waste-management/403461637
['https://www.zoominfo.com/c/delta-solid-waste-management-llc/403461637', 'NotAvailable', 'NotAvailable']
https://www.zoominfo.com/companies-search/location-canada--alberta--slave-lake-industry-energy-utilities-waste-treatment
https://www.zoominfo.com/p/James-Perrott/-1528542885
https://www.zoominfo.com/p/Trevor-Perrott/-1221801818
['https://www.zoominfo.com/companies-search/location-canada--alberta--slave-lake-industry-energy-utilities-waste-treatment', 'https://www.zoominfo.com/p/James-Perrott/-1528542885', 'https://www.zoominfo.com/p/Trevor-Perrott/-1221801818']
https://www.zoominfo.com/c/digital-office-systems-inc/343787178
https://www.zoominfo.com/pic/digital-office-systems-inc/343787178
https://www.zoominfo.com/p/Paul-Wilkinson/-2111930715
['https://www.zoominfo.com/c/digital-office-systems-inc/343787178', 'https://www.zoominfo.com/pic/digital-office-systems-inc/343787178', 'https://www.zoominfo.com/p/Paul-Wilkinson/-2111930715']
https://www.zoominfo.com/p/Robert-Munshaw/176782041
https://www.ampliz.com/company/direct-line-environmental-services/99738948
https://www.apollo.io/companies/Direct-Line-Environmental-Services/55699f25736964259c646800
['https://www.zoominfo.com/p/Robert-Munshaw/176782041', 'NotAvailable', 'NotAvailable']
https://www.zoominfo.com/c/discount-pallet-co/403141843
https://www.zoominfo.com/pic/discount-pallet-co/369002054
https://www.zoominfo.com/c/discount-pallet-services-llc/530161211
['https://www.zoominfo.com/c/discount-pallet-co/403141843', 'https://www.zoominfo.com/pic/discount-pallet-co/369002054', 'https://www.zoominfo.com/c/discount-pallet-services-llc/530161211']
https://www.zoominfo.com/c/discount-waste-inc/355378483
https://www.zoominfo.com/pic/discount-waste-inc/355378483
https://www.zoominfo.com/c/discount-waste-service-llc/437250279
['https://www.zoominfo.com/c/discount-waste-inc/355378483', 'https://www.zoominfo.com/pic/discount-waste-inc/355378483', 'https://www.zoominfo.com/c/discount-waste-service-llc/437250279']
https://www.zoominfo.com/p/Earl-Harried/-1514591207
https://www.idcrawl.com/larry-beets
['https://www.zoominfo.com/p/Earl-Harried/-1514591207', 'NotAvailable', 'NotAvailable']
https://www.zoominfo.com/c/dominion-engineering-inc/31231427
https://www.zoominfo.com/c/dominion-engineering-group-inc/345951857
https://www.zoominfo.com/pic/dominion-engineering-inc/31231427
['https://www.zoominfo.com/c/dominion-engineering-inc/31231427', 'https://www.zoominfo.com/c/dominion-engineering-group-inc/345951857', 'https://www.zoominfo.com/pic/dominion-engineering-inc/31231427']
https://www.zoominfo.com/c/doodycalls-llc/87787281
https://www.zoominfo.com/pic/doodycalls/87787281
https://www.zoominfo.com/c/doody-calls/537456014
['https://www.zoominfo.com/c/doodycalls-llc/87787281', 'https://www.zoominfo.com/pic/doodycalls/87787281', 'https://www.zoominfo.com/c/doody-calls/537456014']
https://www.zoominfo.com/c/douglas-w-jones-inc/1207696090
https://www.neverbounce.com/company/douglas-w-jones/1203392664
https://www.idcrawl.com/rebecca-duval
https://lwfju.tmrwconf.org/post/brooks-lawn-care-wilton-maine/14822655
['https://www.zoominfo.com/c/douglas-w-jones-inc/1207696090', 'NotAvailable', 'NotAvailable']
https://www.zoominfo.com/c/drilling-solutions-ltd/408860037
https://www.zoominfo.com/pic/drilling-solutions-limited/408860037
https://www.zoominfo.com/c/terravici-drilling-solutions-inc/100384866
['https://www.zoominfo.com/c/drilling-solutions-ltd/408860037', 'https://www.zoominfo.com/pic/drilling-solutions-limited/408860037', 'https://www.zoominfo.com/c/terravici-drilling-solutions-inc/100384866']
https://www.zoominfo.com/c/dumpster-services/1311453014
https://www.appsruntheworld.com/customers-database/sitemaps/purchases/739.xml
https://vczjg.israelscience.org/post/central-environmental-services-llc/50310136
['https://www.zoominfo.com/c/dumpster-services/1311453014', 'NotAvailable', 'NotAvailable']
'organic'
['NotAvailable', 'NotAvailable', 'NotAvailable']
https://www.zoominfo.com/c/dumpster-rental-richmond/398930404
https://www.neverbounce.com/company/dumpster-rental-los-angeles/368188912
https://phscsai.baystatecreatures.com/post/los-angeles-dumpster-rental-pros/44537564
['https://www.zoominfo.com/c/dumpster-rental-richmond/398930404', 'NotAvailable', 'NotAvailable']
https://www.zoominfo.com/c/dumpster-rental-nashville/529503237
https://www.zoominfo.com/c/hometown-internet-marketing-llc/1150558849
https://www.zoominfo.com/c/bsi-waste/359571247
['https://www.zoominfo.com/c/dumpster-rental-nashville/529503237', 'https://www.zoominfo.com/c/hometown-internet-marketing-llc/1150558849', 'https://www.zoominfo.com/c/bsi-waste/359571247']
'organic'
['NotAvailable', 'NotAvailable', 'NotAvailable']
https://www.zoominfo.com/c/university-of-waterloo/347517876
https://www.zoominfo.com/pic/uw-eil-environmental-isotope-laboratory/347517876
https://www.zoominfo.com/p/Alexander-Dowds/1939429431
['https://www.zoominfo.com/c/university-of-waterloo/347517876', 'https://www.zoominfo.com/pic/uw-eil-environmental-isotope-laboratory/347517876', 'https://www.zoominfo.com/p/Alexander-Dowds/1939429431']
https://www.zoominfo.com/c/eoms-recycling-inc/36507261
https://www.zoominfo.com/pic/eoms-recycling-inc/36507261
https://www.zoominfo.com/p/Brandon-Thellen/-874829311
['https://www.zoominfo.com/c/eoms-recycling-inc/36507261', 'https://www.zoominfo.com/pic/eoms-recycling-inc/36507261', 'https://www.zoominfo.com/p/Brandon-Thellen/-874829311']
https://www.zoominfo.com/c/earth-environment/416267692
https://www.zoominfo.com/c/earth-environmental-consultants-llc/371484512
https://www.zoominfo.com/c/earth-environmental-inc/355414067
['https://www.zoominfo.com/c/earth-environment/416267692', 'https://www.zoominfo.com/c/earth-environmental-consultants-llc/371484512', 'https://www.zoominfo.com/c/earth-environmental-inc/355414067']
https://www.zoominfo.com/c/earthlink-llc/28660740
https://www.zoominfo.com/c/earthlink-business/1148026410
https://www.zoominfo.com/c/earthlink/1148291881
['https://www.zoominfo.com/c/earthlink-llc/28660740', 'https://www.zoominfo.com/c/earthlink-business/1148026410', 'https://www.zoominfo.com/c/earthlink/1148291881']
https://www.zoominfo.com/c/east-penn-sanitation-inc/65686147
https://www.zoominfo.com/pic/east-penn-sanitation-inc/65686147
https://www.zoominfo.com/p/Yvonne-Plakotaris/-1824566793
['https://www.zoominfo.com/c/east-penn-sanitation-inc/65686147', 'https://www.zoominfo.com/pic/east-penn-sanitation-inc/65686147', 'https://www.zoominfo.com/p/Yvonne-Plakotaris/-1824566793']
https://www.apollo.io/companies/Easy-Pet/5a9f4196a6da98d970177944
https://vczos.radioverdevale.com/post/electronic-pipette/29768730
['NotAvailable', 'NotAvailable', 'NotAvailable']
https://www.zoominfo.com/companies-search/location-usa--ohio--columbus-industry-waste-treatment-environmental-services-recycling
https://www.idcrawl.com/leesa-rutherford
['https://www.zoominfo.com/companies-search/location-usa--ohio--columbus-industry-waste-treatment-environmental-services-recycling', 'NotAvailable', 'NotAvailable']
https://www.zoominfo.com/c/bennetts-custom-fiberglass/528031061
https://www.idcrawl.com/brad-messer
['https://www.zoominfo.com/c/bennetts-custom-fiberglass/528031061', 'NotAvailable', 'NotAvailable']
https://www.zoominfo.com/c/ecosouth-services-llc/368864556
https://www.zoominfo.com/pic/ecosouth-services-llc/368864556
https://www.zoominfo.com/p/Michael-Mascolo/-2059059893
['https://www.zoominfo.com/c/ecosouth-services-llc/368864556', 'https://www.zoominfo.com/pic/ecosouth-services-llc/368864556', 'https://www.zoominfo.com/p/Michael-Mascolo/-2059059893']
https://www.zoominfo.com/c/eco-vida-comprehensive-waste-management/365514380
https://www.neverbounce.com/company/eco-vida-comprehensive-waste-management/365514380
https://www.arounddeal.com/company-service/pallet-recycling
https://fitness.flexybox.com/foreverfit/ViewSwitcher/SwitchView?mobile=True&returnUrl=//unovmi.ga/72lIHflexybox651
['https://www.zoominfo.com/c/eco-vida-comprehensive-waste-management/365514380', 'NotAvailable', 'NotAvailable']
https://www.zoominfo.com/c/essex-county-utilities-authority/1114391171
https://www.apollo.io/companies/Essex-County-Utilities-Auth/54a11f6e69702d9a8b5be901
https://www.idcrawl.com/beverly-rossi
['https://www.zoominfo.com/c/essex-county-utilities-authority/1114391171', 'NotAvailable', 'NotAvailable']
https://www.zoominfo.com/c/edmunds-waste-removal/354046638
['https://www.zoominfo.com/c/edmunds-waste-removal/354046638', 'NotAvailable', 'NotAvailable']
https://www.zoominfo.com/c/edtoba-llc/452509287
https://www.neverbounce.com/company/edtoba/452509287
https://www.apollo.io/companies/Mod50s-Modern/5fd1a927f70d84000184af6d
https://www.idcrawl.com/zhu-wang
['https://www.zoominfo.com/c/edtoba-llc/452509287', 'NotAvailable', 'NotAvailable']
https://www.zoominfo.com/c/energy-1-llc/355432161
https://www.zoominfo.com/c/tank-tech-oilfield-services-ltd/532422276
https://www.zoominfo.com/people/Ryan/Gallant
['https://www.zoominfo.com/c/energy-1-llc/355432161', 'https://www.zoominfo.com/c/tank-tech-oilfield-services-ltd/532422276', 'https://www.zoominfo.com/people/Ryan/Gallant']
https://www.zoominfo.com/p/Kevin-Crosby/-1907538542
['https://www.zoominfo.com/p/Kevin-Crosby/-1907538542', 'NotAvailable', 'NotAvailable']
https://www.zoominfo.com/c/elytus-ltd/348088259
https://www.zoominfo.com/pic/elytus-ltd/348088259
https://www.zoominfo.com/p/Kylie-Davis/-1187374167
['https://www.zoominfo.com/c/elytus-ltd/348088259', 'https://www.zoominfo.com/pic/elytus-ltd/348088259', 'https://www.zoominfo.com/p/Kylie-Davis/-1187374167']
