https://www.zoominfo.com/c/compactor-rentals/366060720
https://www.zoominfo.com/c/compactor-rentals-of-america/399406467
https://www.zoominfo.com/c/compactor-rentals/1284809329
['https://www.zoominfo.com/c/compactor-rentals/366060720', 'https://www.zoominfo.com/c/compactor-rentals-of-america/399406467', 'https://www.zoominfo.com/c/compactor-rentals/1284809329']
https://www.zoominfo.com/c/ab-environmental/343553330
https://www.zoominfo.com/p/John-Wade/-1191501198
https://www.zoominfo.com/p/Stacey-Zuccala/-2050936751
['https://www.zoominfo.com/c/ab-environmental/343553330', 'https://www.zoominfo.com/p/John-Wade/-1191501198', 'https://www.zoominfo.com/p/Stacey-Zuccala/-2050936751']
https://www.zoominfo.com/c/pbp-industrial-services-llc/398356235
https://www.neverbounce.com/company/pbp-industrial-services/398356235
['https://www.zoominfo.com/c/pbp-industrial-services-llc/398356235', 'NotAvailable', 'NotAvailable']
https://www.zoominfo.com/c/aspen-waste-systems-inc/8277838
https://www.zoominfo.com/pic/aspen-waste-systems-inc/8277838
https://www.zoominfo.com/c/aspen-waste-management-facility/346002808
['https://www.zoominfo.com/c/aspen-waste-systems-inc/8277838', 'https://www.zoominfo.com/pic/aspen-waste-systems-inc/8277838', 'https://www.zoominfo.com/c/aspen-waste-management-facility/346002808']
https://www.zoominfo.com/c/osage-landfill-inc/551743431
['https://www.zoominfo.com/c/osage-landfill-inc/551743431', 'NotAvailable', 'NotAvailable']
https://www.zoominfo.com/c/frg-waste-resources-inc/35737871
https://www.zoominfo.com/pic/frg-waste-resources-inc/35737871
https://www.zoominfo.com/p/Tim-Shea/-1254769939
['https://www.zoominfo.com/c/frg-waste-resources-inc/35737871', 'https://www.zoominfo.com/pic/frg-waste-resources-inc/35737871', 'https://www.zoominfo.com/p/Tim-Shea/-1254769939']
https://www.zoominfo.com/c/common-ground-compost/395904242
https://www.zoominfo.com/pic/common-ground-compost/395904242
https://www.zoominfo.com/c/kompost-kids-inc/356023520
['https://www.zoominfo.com/c/common-ground-compost/395904242', 'https://www.zoominfo.com/pic/common-ground-compost/395904242', 'https://www.zoominfo.com/c/kompost-kids-inc/356023520']
https://www.zoominfo.com/c/disposall-inc/356817298
https://www.apollo.io/companies/DisposAll/54a12ac969702d9548d82f02
https://www.neverbounce.com/company/disposall/356817298
https://www.skiutah.com/rpx_callback?camefrom=//padustingterve.ml/143skiutahcomZfTSCO351
['https://www.zoominfo.com/c/disposall-inc/356817298', 'NotAvailable', 'NotAvailable']
https://www.zoominfo.com/c/one/89801791
https://www.zoominfo.com/pic/one-stop-environmental-llc/89801791
https://www.zoominfo.com/p/Brandon-Kohl/-1382313445
['https://www.zoominfo.com/c/one/89801791', 'https://www.zoominfo.com/pic/one-stop-environmental-llc/89801791', 'https://www.zoominfo.com/p/Brandon-Kohl/-1382313445']
https://www.zoominfo.com/p/Brandon-Adams/1787710380
https://www.apollo.io/companies/First-Response-Environmental-Group/5500b6e57369641708660200
['https://www.zoominfo.com/p/Brandon-Adams/1787710380', 'NotAvailable', 'NotAvailable']
https://www.zoominfo.com/c/environmental-enterprises-inc/17548454
https://www.zoominfo.com/pic/environmental-enterprises-inc/17548454
https://www.zoominfo.com/p/Courtney-Seibert/-1389578550
['https://www.zoominfo.com/c/environmental-enterprises-inc/17548454', 'https://www.zoominfo.com/pic/environmental-enterprises-inc/17548454', 'https://www.zoominfo.com/p/Courtney-Seibert/-1389578550']
https://www.zoominfo.com/c/mason-county-garbage/411992384
https://www.neverbounce.com/company/mason-county-garbage/411992384
https://yyhjf.revitalizeoakridge.org/post/lemay-disposal-calendar/67203507
https://data.wa.gov/api/views/k5r7-nvip/rows.xml?accessType=DOWNLOAD
https://www.idcrawl.com/chris-sill
['https://www.zoominfo.com/c/mason-county-garbage/411992384', 'NotAvailable', 'NotAvailable']
https://www.zoominfo.com/c/magnaflow/139952740
https://www.zoominfo.com/c/magna-flow-environmental/345683990
https://www.zoominfo.com/pic/magnaflow/139952740
['https://www.zoominfo.com/c/magnaflow/139952740', 'https://www.zoominfo.com/c/magna-flow-environmental/345683990', 'https://www.zoominfo.com/pic/magnaflow/139952740']
https://www.zoominfo.com/c/phoenix-pollution-control-environmental-services-inc/347745485
https://www.zoominfo.com/pic/phoenix-pollution-control-environmental-services-inc/347745485
https://www.zoominfo.com/p/Vicki-Bush/-1377806891
['https://www.zoominfo.com/c/phoenix-pollution-control-environmental-services-inc/347745485', 'https://www.zoominfo.com/pic/phoenix-pollution-control-environmental-services-inc/347745485', 'https://www.zoominfo.com/p/Vicki-Bush/-1377806891']
https://www.zoominfo.com/c/hine-environmental-services/350833768
https://www.zoominfo.com/pic/hine-environmental-services/350833768
https://www.zoominfo.com/p/Desa-Kespelher/2856870442
['https://www.zoominfo.com/c/hine-environmental-services/350833768', 'https://www.zoominfo.com/pic/hine-environmental-services/350833768', 'https://www.zoominfo.com/p/Desa-Kespelher/2856870442']
'organic'
['NotAvailable', 'NotAvailable', 'NotAvailable']
https://www.zoominfo.com/c/american-recycling-mgmt-llc/411154733
https://www.zoominfo.com/pic/american-recycling-mgmt-llc/411154733
https://www.zoominfo.com/p/Robert-Buffolino/-1094185938
['https://www.zoominfo.com/c/american-recycling-mgmt-llc/411154733', 'https://www.zoominfo.com/pic/american-recycling-mgmt-llc/411154733', 'https://www.zoominfo.com/p/Robert-Buffolino/-1094185938']
https://www.zoominfo.com/c/advanced-vacuum-services-inc/3365734
https://www.zoominfo.com/pic/advanced-vacuum-services-inc/3365734
https://www.zoominfo.com/c/advanced-vacuum-company-inc/1592515
['https://www.zoominfo.com/c/advanced-vacuum-services-inc/3365734', 'https://www.zoominfo.com/pic/advanced-vacuum-services-inc/3365734', 'https://www.zoominfo.com/c/advanced-vacuum-company-inc/1592515']
https://www.zoominfo.com/c/cooper-disposal-llc/346306905
https://www.zoominfo.com/pic/cooper-disposal-llc/346306905
https://www.zoominfo.com/p/Michael-Gamboa/7457884817
['https://www.zoominfo.com/c/cooper-disposal-llc/346306905', 'https://www.zoominfo.com/pic/cooper-disposal-llc/346306905', 'https://www.zoominfo.com/p/Michael-Gamboa/7457884817']
https://www.zoominfo.com/c/plainfield-municipal-utilities-authority/347614887
https://www.neverbounce.com/company/plainfield-municipal-utilities-authority/347614887
https://www.apollo.io/companies/Plainfield-Municipal-Utilities-Authority--PMUA-/5500b0987369642dbafa0f00
https://huggingface.co/spaces/atticus/image-text-retrival-huster/raw/41d542578e760c0ad3f4d923431eaa849367f7d5/data/dictionary.txt
https://www.cs.toronto.edu/~rkiros/models/dictionary.txt
['https://www.zoominfo.com/c/plainfield-municipal-utilities-authority/347614887', 'NotAvailable', 'NotAvailable']
https://www.zoominfo.com/c/bestrans-inc/22910661
https://www.zoominfo.com/pic/bestrans-inc/22910661
https://www.zoominfo.com/c/waste-masters-solutions/347613299
['https://www.zoominfo.com/c/bestrans-inc/22910661', 'https://www.zoominfo.com/pic/bestrans-inc/22910661', 'https://www.zoominfo.com/c/waste-masters-solutions/347613299']
https://www.zoominfo.com/c/zanker-recycling-ltd/134774844
https://www.zoominfo.com/pic/zanker-recycling-ltd/134774844
https://www.zoominfo.com/p/Saul-Martinez/-1067951900
['https://www.zoominfo.com/c/zanker-recycling-ltd/134774844', 'https://www.zoominfo.com/pic/zanker-recycling-ltd/134774844', 'https://www.zoominfo.com/p/Saul-Martinez/-1067951900']
https://www.zoominfo.com/c/bfi/371166293
https://www.zoominfo.com/pic/office-furniture-dealer/371166293
https://www.zoominfo.com/c/bethel-fellowship-international-inc/14208676
['https://www.zoominfo.com/c/bfi/371166293', 'https://www.zoominfo.com/pic/office-furniture-dealer/371166293', 'https://www.zoominfo.com/c/bethel-fellowship-international-inc/14208676']
https://www.zoominfo.com/c/walker-industries-inc/128647354
https://www.zoominfo.com/pic/walker-industries-inc/128647354
https://www.zoominfo.com/c/walker-industrial-products-inc/128647555
['https://www.zoominfo.com/c/walker-industries-inc/128647354', 'https://www.zoominfo.com/pic/walker-industries-inc/128647354', 'https://www.zoominfo.com/c/walker-industrial-products-inc/128647555']
https://www.zoominfo.com/p/John-Modrall/778050587
https://www.coursehero.com/file/p6acknp0/Visiting-Nurse-Health-Services-Of-Ct-VNHSCORG-Cordilleras-Mental-Health-Center/
['https://www.zoominfo.com/p/John-Modrall/778050587', 'NotAvailable', 'NotAvailable']
https://www.zoominfo.com/c/rig-masters/371572099
https://www.zoominfo.com/pic/rig-masters/371572099
https://www.zoominfo.com/p/Kaley-Baker/2753572875
['https://www.zoominfo.com/c/rig-masters/371572099', 'https://www.zoominfo.com/pic/rig-masters/371572099', 'https://www.zoominfo.com/p/Kaley-Baker/2753572875']
https://www.zoominfo.com/c/set-environmental-inc/107692263
https://www.zoominfo.com/pic/set-environmental-inc/107692263
https://www.zoominfo.com/p/Kevin-Kiefer/-2019897121
['https://www.zoominfo.com/c/set-environmental-inc/107692263', 'https://www.zoominfo.com/pic/set-environmental-inc/107692263', 'https://www.zoominfo.com/p/Kevin-Kiefer/-2019897121']
https://www.zoominfo.com/c/national-salvage-and-service-corp/354620003
https://www.zoominfo.com/pic/national-salvage-and-service-corp/354620003
https://www.zoominfo.com/p/Suzanne-Lyons/-2107486912
['https://www.zoominfo.com/c/national-salvage-and-service-corp/354620003', 'https://www.zoominfo.com/pic/national-salvage-and-service-corp/354620003', 'https://www.zoominfo.com/p/Suzanne-Lyons/-2107486912']
https://www.zoominfo.com/c/jg-environmental/446232807
https://www.zoominfo.com/c/j-g-environmental-inc/347683491
https://www.zoominfo.com/pic/jg-environmental/446232807
['https://www.zoominfo.com/c/jg-environmental/446232807', 'https://www.zoominfo.com/c/j-g-environmental-inc/347683491', 'https://www.zoominfo.com/pic/jg-environmental/446232807']
https://www.zoominfo.com/c/a2z-group/448070447
https://www.zoominfo.com/c/a2z-environmental-group-llc/100636
https://www.zoominfo.com/c/a2z-infra-engineering/372133971
['https://www.zoominfo.com/c/a2z-group/448070447', 'https://www.zoominfo.com/c/a2z-environmental-group-llc/100636', 'https://www.zoominfo.com/c/a2z-infra-engineering/372133971']
https://www.zoominfo.com/c/ecc-quantum-murray-lp/417427720
https://www.zoominfo.com/c/easy-computer-consultants-ltd/354044260
https://www.zoominfo.com/c/sage-group-technologies-inc/426520451
['https://www.zoominfo.com/c/ecc-quantum-murray-lp/417427720', 'https://www.zoominfo.com/c/easy-computer-consultants-ltd/354044260', 'https://www.zoominfo.com/c/sage-group-technologies-inc/426520451']
https://www.zoominfo.com/c/moros/373804636
https://www.zoominfo.com/c/moros-fabrication/344196384
https://www.zoominfo.com/c/moros-invest/470855318
['https://www.zoominfo.com/c/moros/373804636', 'https://www.zoominfo.com/c/moros-fabrication/344196384', 'https://www.zoominfo.com/c/moros-invest/470855318']
https://www.zoominfo.com/c/bay-disposal-inc/12552619
https://www.zoominfo.com/pic/bay-disposal-inc/12552619
https://www.zoominfo.com/c/bay-recycling/375165383
['https://www.zoominfo.com/c/bay-disposal-inc/12552619', 'https://www.zoominfo.com/pic/bay-disposal-inc/12552619', 'https://www.zoominfo.com/c/bay-recycling/375165383']
https://www.zoominfo.com/c/cable/346662872
https://www.zoominfo.com/c/dereel-tech/370341930
https://www.zoominfo.com/p/Mujju-Hai/7534913209
['https://www.zoominfo.com/c/cable/346662872', 'https://www.zoominfo.com/c/dereel-tech/370341930', 'https://www.zoominfo.com/p/Mujju-Hai/7534913209']
https://www.zoominfo.com/c/moore-disposal-inc/93308285
https://www.zoominfo.com/pic/moore-disposal-inc/93308285
https://www.zoominfo.com/p/Maher-Ishraidi/5196556920
['https://www.zoominfo.com/c/moore-disposal-inc/93308285', 'https://www.zoominfo.com/pic/moore-disposal-inc/93308285', 'https://www.zoominfo.com/p/Maher-Ishraidi/5196556920']
https://www.zoominfo.com/c/ozone-waste-solutions/373049705
https://www.neverbounce.com/company/ozone-waste-solutions/373049705
https://www.apollo.io/companies/Ozone-Waste-Solutions/55e86100f3e5bb382600005c
['https://www.zoominfo.com/c/ozone-waste-solutions/373049705', 'NotAvailable', 'NotAvailable']
https://www.zoominfo.com/c/waste-solutions-consulting-llp/365430606
https://www.neverbounce.com/company/waste-solutions-consulting/365430606
https://mryvm.occhioallospot.it/23/poz9j
https://tktnjhrw.marysiasowinska.pl/wh/dhex3v
['https://www.zoominfo.com/c/waste-solutions-consulting-llp/365430606', 'NotAvailable', 'NotAvailable']
https://www.zoominfo.com/c/abc-disposal-systems-inc/366464354
https://www.zoominfo.com/pic/abc-disposal-systems-inc/366464354
https://www.zoominfo.com/p/Suzanne-Carter/3549411668
['https://www.zoominfo.com/c/abc-disposal-systems-inc/366464354', 'https://www.zoominfo.com/pic/abc-disposal-systems-inc/366464354', 'https://www.zoominfo.com/p/Suzanne-Carter/3549411668']
https://www.zoominfo.com/c/earthpro-services/403877608
https://www.zoominfo.com/c/earth-pro-excavation-and-engineering/539128099
https://www.zoominfo.com/c/earthpro-industries-ltd/472535711
['https://www.zoominfo.com/c/earthpro-services/403877608', 'https://www.zoominfo.com/c/earth-pro-excavation-and-engineering/539128099', 'https://www.zoominfo.com/c/earthpro-industries-ltd/472535711']
https://www.zoominfo.com/c/united-enviro-systems-inc/71450861
https://www.zoominfo.com/pic/united-enviro-systems-inc/71450861
https://www.zoominfo.com/p/Dean-Leuzarder/-2105085335
['https://www.zoominfo.com/c/united-enviro-systems-inc/71450861', 'https://www.zoominfo.com/pic/united-enviro-systems-inc/71450861', 'https://www.zoominfo.com/p/Dean-Leuzarder/-2105085335']
https://www.idcrawl.com/myron-long
https://osibm.cc-monitoring.com/post/florida-express-environmental/10183587
['NotAvailable', 'NotAvailable', 'NotAvailable']
https://www.zoominfo.com/c/mid--atlantic-waste-systems/58197246
https://www.zoominfo.com/pic/mid--atlantic-waste-systems/58197246
https://www.zoominfo.com/p/David-Payne/-1049431321
['https://www.zoominfo.com/c/mid--atlantic-waste-systems/58197246', 'https://www.zoominfo.com/pic/mid--atlantic-waste-systems/58197246', 'https://www.zoominfo.com/p/David-Payne/-1049431321']
https://www.zoominfo.com/c/us-liquids-of-louisiana-lp/546771375
https://www.zoominfo.com/c/edilgo/450457725
https://www.zoominfo.com/c/jmatica-srl/459723148
['https://www.zoominfo.com/c/us-liquids-of-louisiana-lp/546771375', 'https://www.zoominfo.com/c/edilgo/450457725', 'https://www.zoominfo.com/c/jmatica-srl/459723148']
https://www.zoominfo.com/c/wyoming-disposal/348034641
['https://www.zoominfo.com/c/wyoming-disposal/348034641', 'NotAvailable', 'NotAvailable']
https://www.zoominfo.com/c/ccs--industrial-services/466308305
https://www.zoominfo.com/c/pne-corp/120914533
https://www.zoominfo.com/pic/pne-corp/120914533
['https://www.zoominfo.com/c/ccs--industrial-services/466308305', 'https://www.zoominfo.com/c/pne-corp/120914533', 'https://www.zoominfo.com/pic/pne-corp/120914533']
https://www.zoominfo.com/c/advanced-cleanup-technologies-inc/4035873
https://www.zoominfo.com/pic/advanced-cleanup-technologies-inc/4035873
https://www.zoominfo.com/c/advanced-cleaning-service/344110863
['https://www.zoominfo.com/c/advanced-cleanup-technologies-inc/4035873', 'https://www.zoominfo.com/pic/advanced-cleanup-technologies-inc/4035873', 'https://www.zoominfo.com/c/advanced-cleaning-service/344110863']
https://www.zoominfo.com/c/national-doorstep-pickup/451260466
https://www.neverbounce.com/company/national-doorstep-pickup/451260466
https://vczjg.israelscience.org/post/fsresidential-estoppel/20035527
['https://www.zoominfo.com/c/national-doorstep-pickup/451260466', 'NotAvailable', 'NotAvailable']
https://www.zoominfo.com/c/res-water/347537225
https://www.zoominfo.com/pic/res-water/347537225
https://www.zoominfo.com/c/redwater-collection/480854824
['https://www.zoominfo.com/c/res-water/347537225', 'https://www.zoominfo.com/pic/res-water/347537225', 'https://www.zoominfo.com/c/redwater-collection/480854824']
https://www.zoominfo.com/c/biagini-waste-reduction-systems-inc/34215879
https://www.zoominfo.com/pic/biagini-waste-reduction-systems-inc/34215879
https://www.zoominfo.com/c/brokerweb-risk-services-ltd/426078603
['https://www.zoominfo.com/c/biagini-waste-reduction-systems-inc/34215879', 'https://www.zoominfo.com/pic/biagini-waste-reduction-systems-inc/34215879', 'https://www.zoominfo.com/c/brokerweb-risk-services-ltd/426078603']
https://www.zoominfo.com/c/san--i--pak-inc/33767610
https://www.zoominfo.com/c/central-contra-costa-sanitary-district/7291089
https://www.zoominfo.com/c/recology/31201973
['https://www.zoominfo.com/c/san--i--pak-inc/33767610', 'https://www.zoominfo.com/c/central-contra-costa-sanitary-district/7291089', 'https://www.zoominfo.com/c/recology/31201973']
https://www.zoominfo.com/c/usa-waste-management-llc/348366646
https://www.zoominfo.com/pic/usa-waste-management-llc/348366646
https://www.zoominfo.com/companies-search/location-usa--missouri--kansas-city-industry-waste-treatment-environmental-services-recycling
['https://www.zoominfo.com/c/usa-waste-management-llc/348366646', 'https://www.zoominfo.com/pic/usa-waste-management-llc/348366646', 'https://www.zoominfo.com/companies-search/location-usa--missouri--kansas-city-industry-waste-treatment-environmental-services-recycling']
https://www.zoominfo.com/c/ses-environmental-inc/91570660
https://www.zoominfo.com/pic/ses-environmental-inc/91570660
https://www.zoominfo.com/p/Rob-Englar/-1893785417
['https://www.zoominfo.com/c/ses-environmental-inc/91570660', 'https://www.zoominfo.com/pic/ses-environmental-inc/91570660', 'https://www.zoominfo.com/p/Rob-Englar/-1893785417']
https://www.zoominfo.com/c/athens-services/5164037
https://growjo.com/company/Athens_Services
https://www.apollo.io/companies/Athens-Services/54a134d669702d352fcd8700
https://app.lead411.com/Jennifer_Cilloniz_17256923.html
https://www.neverbounce.com/company/eclectic/1212854086
['https://www.zoominfo.com/c/athens-services/5164037', 'NotAvailable', 'NotAvailable']
https://www.zoominfo.com/c/updike-industries-inc/347016979
https://www.zoominfo.com/pic/updike-industries-inc/347016979
https://www.zoominfo.com/p/Karl-Thornhill/3412499167
['https://www.zoominfo.com/c/updike-industries-inc/347016979', 'https://www.zoominfo.com/pic/updike-industries-inc/347016979', 'https://www.zoominfo.com/p/Karl-Thornhill/3412499167']
https://www.zoominfo.com/c/maple-reinders-inc/31442285
https://www.apollo.io/companies/Maple-Reinders-Group/54a1348569702d3e83523300
https://www.neverbounce.com/company/maple-reinders/31442285
https://growjo.com/company/Maple_Reinders_Group
https://www.linkedin.com/showcase/personalized-sales-collaboration-platform
['https://www.zoominfo.com/c/maple-reinders-inc/31442285', 'NotAvailable', 'NotAvailable']
https://www.zoominfo.com/c/westmark-group/297222210
https://www.zoominfo.com/pic/the-westmark-group/297222210
https://www.zoominfo.com/p/Jeremey-Westmark/1247413808
['https://www.zoominfo.com/c/westmark-group/297222210', 'https://www.zoominfo.com/pic/the-westmark-group/297222210', 'https://www.zoominfo.com/p/Jeremey-Westmark/1247413808']
https://www.zoominfo.com/c/commercial-disposal/355898438
https://www.zoominfo.com/pic/commercial-disposal/355898438
https://www.zoominfo.com/c/commercial-disposal-co-inc/1163737155
['https://www.zoominfo.com/c/commercial-disposal/355898438', 'https://www.zoominfo.com/pic/commercial-disposal/355898438', 'https://www.zoominfo.com/c/commercial-disposal-co-inc/1163737155']
https://www.zoominfo.com/c/king-hauling-llc/469488092
https://www.zoominfo.com/pic/king-hauling-llc/469488092
https://www.zoominfo.com/p/Wade-Price/-893623120
['https://www.zoominfo.com/c/king-hauling-llc/469488092', 'https://www.zoominfo.com/pic/king-hauling-llc/469488092', 'https://www.zoominfo.com/p/Wade-Price/-893623120']
https://www.zoominfo.com/c/concord-recycling-center/344841441
['https://www.zoominfo.com/c/concord-recycling-center/344841441', 'NotAvailable', 'NotAvailable']
https://www.zoominfo.com/c/envirosolve-corp/13107633
https://www.zoominfo.com/c/envirosolve-ltd/472364640
https://www.zoominfo.com/pic/envirosolve-corporation/13107633
['https://www.zoominfo.com/c/envirosolve-corp/13107633', 'https://www.zoominfo.com/c/envirosolve-ltd/472364640', 'https://www.zoominfo.com/pic/envirosolve-corporation/13107633']
https://www.zoominfo.com/c/environmental-restoration-llc/78171354
https://www.zoominfo.com/pic/environmental-restoration-llc/78171354
https://www.zoominfo.com/c/engineered-resources-llc/397954035
['https://www.zoominfo.com/c/environmental-restoration-llc/78171354', 'https://www.zoominfo.com/pic/environmental-restoration-llc/78171354', 'https://www.zoominfo.com/c/engineered-resources-llc/397954035']
https://www.zoominfo.com/c/patriot-environmental-services/353792148
https://www.zoominfo.com/c/patriot-environmental-laboratory-services-inc/353511306
https://www.zoominfo.com/c/patriot-environmental-llc/384586533
['https://www.zoominfo.com/c/patriot-environmental-services/353792148', 'https://www.zoominfo.com/c/patriot-environmental-laboratory-services-inc/353511306', 'https://www.zoominfo.com/c/patriot-environmental-llc/384586533']
https://www.zoominfo.com/c/microtech-contracting-corp/1210710424
https://www.apollo.io/companies/Microtech-Environmental-Services-Corp-/5569f1f07369640e140f0000
https://www.idcrawl.com/vincent-arbucci
['https://www.zoominfo.com/c/microtech-contracting-corp/1210710424', 'NotAvailable', 'NotAvailable']
https://www.zoominfo.com/c/waste-industries-llc/353922853
https://www.zoominfo.com/pic/waste-industries-llc/353922853
https://www.zoominfo.com/c/us-waste-industries-inc/204881948
['https://www.zoominfo.com/c/waste-industries-llc/353922853', 'https://www.zoominfo.com/pic/waste-industries-llc/353922853', 'https://www.zoominfo.com/c/us-waste-industries-inc/204881948']
https://www.zoominfo.com/c/gaeta-interior-demolition/355711022
https://www.zoominfo.com/pic/gaeta-interior-demolition-inc/355711022
https://www.zoominfo.com/p/Jessica-Gaeta--crupi/-2096994166
['https://www.zoominfo.com/c/gaeta-interior-demolition/355711022', 'https://www.zoominfo.com/pic/gaeta-interior-demolition-inc/355711022', 'https://www.zoominfo.com/p/Jessica-Gaeta--crupi/-2096994166']
https://www.idcrawl.com/matthew-hallman
['NotAvailable', 'NotAvailable', 'NotAvailable']
https://www.zoominfo.com/c/iwc-inc/344069675
https://www.zoominfo.com/c/industrial-waste-control/1158870978
https://www.zoominfo.com/c/iwc-schaffhausen/20398263
['https://www.zoominfo.com/c/iwc-inc/344069675', 'https://www.zoominfo.com/c/industrial-waste-control/1158870978', 'https://www.zoominfo.com/c/iwc-schaffhausen/20398263']
https://www.zoominfo.com/c/dunagin-transport/365440051
https://www.zoominfo.com/pic/dunagin-transport-company/365440051
https://www.zoominfo.com/p/Kyle-Doan/-1272091386
['https://www.zoominfo.com/c/dunagin-transport/365440051', 'https://www.zoominfo.com/pic/dunagin-transport-company/365440051', 'https://www.zoominfo.com/p/Kyle-Doan/-1272091386']
https://www.zoominfo.com/c/cart-right-recycling/551869100
https://www.zoominfo.com/c/san-tan-valley-pumping/541925329
https://www.zoominfo.com/c/thomas-county-schools/119210422
['https://www.zoominfo.com/c/cart-right-recycling/551869100', 'https://www.zoominfo.com/c/san-tan-valley-pumping/541925329', 'https://www.zoominfo.com/c/thomas-county-schools/119210422']
https://www.zoominfo.com/c/emc-oil-corp/347291811
https://www.zoominfo.com/pic/emc-oil-corp/347291811
https://www.zoominfo.com/p/Athena-Sampson/-2034148456
['https://www.zoominfo.com/c/emc-oil-corp/347291811', 'https://www.zoominfo.com/pic/emc-oil-corp/347291811', 'https://www.zoominfo.com/p/Athena-Sampson/-2034148456']
https://www.zoominfo.com/c/red-carpet-landfill-inc/411983523
https://www.zoominfo.com/c/osage-landfill-inc/551743431
https://www.zoominfo.com/c/meadow-branch-landfill/551717777
['https://www.zoominfo.com/c/red-carpet-landfill-inc/411983523', 'https://www.zoominfo.com/c/osage-landfill-inc/551743431', 'https://www.zoominfo.com/c/meadow-branch-landfill/551717777']
https://www.zoominfo.com/c/a-j-blosenski-inc/3019103
https://www.zoominfo.com/pic/a-j-blosenski-inc/3019103
https://www.zoominfo.com/p/William-Blosenski/-1034261991
['https://www.zoominfo.com/c/a-j-blosenski-inc/3019103', 'https://www.zoominfo.com/pic/a-j-blosenski-inc/3019103', 'https://www.zoominfo.com/p/William-Blosenski/-1034261991']
https://www.zoominfo.com/c/south-central-solid-waste-authority/400753114
https://www.zoominfo.com/pic/south-central-solid-waste-authority/400753114
https://www.zoominfo.com/p/Tarkeysha-Burton/-1800195235
['https://www.zoominfo.com/c/south-central-solid-waste-authority/400753114', 'https://www.zoominfo.com/pic/south-central-solid-waste-authority/400753114', 'https://www.zoominfo.com/p/Tarkeysha-Burton/-1800195235']
https://www.zoominfo.com/c/marquette-county-solid-waste-management-authority/43337561
https://www.neverbounce.com/company/marquette-county-solid-waste-management-authority/43337561
https://www.idcrawl.com/richard-aho
['https://www.zoominfo.com/c/marquette-county-solid-waste-management-authority/43337561', 'NotAvailable', 'NotAvailable']
https://www.zoominfo.com/c/sutta-properties-llc/530000353
https://www.zoominfo.com/c/suttacentral/446802492
https://www.zoominfo.com/c/david-sutta-films/540418349
['https://www.zoominfo.com/c/sutta-properties-llc/530000353', 'https://www.zoominfo.com/c/suttacentral/446802492', 'https://www.zoominfo.com/c/david-sutta-films/540418349']
https://www.zoominfo.com/c/abilene-environmental-landfill-inc/363523393
https://www.neverbounce.com/company/abilene-environmental-landfill/363523393
https://dqazr.bookabrass.com/post/abilene-texas-landfill/60611126
https://auiuc.bestlifesupplies.com/post/abilene-landfill/60609472
https://udgnz.chokdeemarketing.com/post/ael-abilene-texas/43823783
['https://www.zoominfo.com/c/abilene-environmental-landfill-inc/363523393', 'NotAvailable', 'NotAvailable']
https://www.zoominfo.com/c/amberwick-corp/1192403731
https://www.apollo.io/companies/Amberwick-Corp/5d0a1fdc80f93e18bf76bb61
https://www.hondanews.eu/mobileredirect/2?url=//rerlichoconmatch.tk/143wwwhondanewseuEZBwlP351
['https://www.zoominfo.com/c/amberwick-corp/1192403731', 'NotAvailable', 'NotAvailable']
https://www.zoominfo.com/c/general-environmental-management-inc/43649581
https://www.zoominfo.com/c/jupitergem/370087850
https://www.zoominfo.com/c/gem-tool-inc/414674355
['https://www.zoominfo.com/c/general-environmental-management-inc/43649581', 'https://www.zoominfo.com/c/jupitergem/370087850', 'https://www.zoominfo.com/c/gem-tool-inc/414674355']
https://www.zoominfo.com/c/gainsborough-waste/347338504
https://www.zoominfo.com/pic/gainsborough-waste/347338504
https://www.zoominfo.com/c/texas-outhouse/346001432
['https://www.zoominfo.com/c/gainsborough-waste/347338504', 'https://www.zoominfo.com/pic/gainsborough-waste/347338504', 'https://www.zoominfo.com/c/texas-outhouse/346001432']
https://www.zoominfo.com/p/Jim-Cavender/305620276
https://www.neverbounce.com/company/pc-scale/1193159634
https://www.ampliz.com/company/pc-scale-technologies/91116430
https://www.tuugo.co.uk/Companies/towey-software-inc./0300003950396
['https://www.zoominfo.com/p/Jim-Cavender/305620276', 'NotAvailable', 'NotAvailable']
https://www.zoominfo.com/c/greenserv-inc/358910287
https://www.neverbounce.com/company/greenserv/358910287
['https://www.zoominfo.com/c/greenserv-inc/358910287', 'NotAvailable', 'NotAvailable']
https://www.zoominfo.com/c/greer-enterprises-llc/356611908
https://www.zoominfo.com/pic/greer-enterprises-llc/356611908
https://www.zoominfo.com/c/greer-management-llc/1141604604
['https://www.zoominfo.com/c/greer-enterprises-llc/356611908', 'https://www.zoominfo.com/pic/greer-enterprises-llc/356611908', 'https://www.zoominfo.com/c/greer-management-llc/1141604604']
