https://www.zoominfo.com/c/burrtec-waste-industries-inc/9570259
https://growjo.com/company/Burrtec_Waste_Industries
https://www.apollo.io/companies/Burrtec-Waste/54a2382b74686935be8af116
https://www.linkedin.com/in/tony-mata-34a28838
https://www.neverbounce.com/company/burrtec/463772310
['https://www.zoominfo.com/c/burrtec-waste-industries-inc/9570259', 'NotAvailable', 'NotAvailable']
https://www.zoominfo.com/c/cero/371573579
https://www.zoominfo.com/pic/ceros/371573579
https://www.zoominfo.com/p/Lor-Holmes/-1715106352
['https://www.zoominfo.com/c/cero/371573579', 'https://www.zoominfo.com/pic/ceros/371573579', 'https://www.zoominfo.com/p/Lor-Holmes/-1715106352']
https://www.zoominfo.com/c/selrico-services-inc/34472184
https://www.zoominfo.com/pic/selrico-services-inc/34472184
https://www.zoominfo.com/p/William-Aleman/-1324985424
['https://www.zoominfo.com/c/selrico-services-inc/34472184', 'https://www.zoominfo.com/pic/selrico-services-inc/34472184', 'https://www.zoominfo.com/p/William-Aleman/-1324985424']
https://www.zoominfo.com/c/waste-now/372022827
https://www.zoominfo.com/pic/waste-now/372022827
https://www.zoominfo.com/c/western-washtenaw-recycling-authority/369786766
['https://www.zoominfo.com/c/waste-now/372022827', 'https://www.zoominfo.com/pic/waste-now/372022827', 'https://www.zoominfo.com/c/western-washtenaw-recycling-authority/369786766']
https://www.zoominfo.com/p/Brian-Kennedy/-1430097711
https://www.zoominfo.com/p/David-Roel/719516049
https://www.zoominfo.com/p/Linda-Vasquez/-1172938032
['https://www.zoominfo.com/p/Brian-Kennedy/-1430097711', 'https://www.zoominfo.com/p/David-Roel/719516049', 'https://www.zoominfo.com/p/Linda-Vasquez/-1172938032']
https://www.zoominfo.com/c/strategic-environmental-services-inc/1160341891
https://www.zoominfo.com/c/stragis-environmental-services-inc/347448219
https://www.zoominfo.com/p/Tim-Tarczali/-1962215740
['https://www.zoominfo.com/c/strategic-environmental-services-inc/1160341891', 'https://www.zoominfo.com/c/stragis-environmental-services-inc/347448219', 'https://www.zoominfo.com/p/Tim-Tarczali/-1962215740']
https://www.zoominfo.com/c/nauset-disposal/143688369
https://www.zoominfo.com/pic/nauset-disposal/143688369
https://www.zoominfo.com/p/Kenny-Duff/-881380184
['https://www.zoominfo.com/c/nauset-disposal/143688369', 'https://www.zoominfo.com/pic/nauset-disposal/143688369', 'https://www.zoominfo.com/p/Kenny-Duff/-881380184']
https://www.zoominfo.com/c/clark-environmental-inc/25809465
https://www.zoominfo.com/pic/clark-environmental-inc/25809465
https://www.zoominfo.com/c/clark-environmental-consulting-llc/49586148
['https://www.zoominfo.com/c/clark-environmental-inc/25809465', 'https://www.zoominfo.com/pic/clark-environmental-inc/25809465', 'https://www.zoominfo.com/c/clark-environmental-consulting-llc/49586148']
https://www.zoominfo.com/c/advanced-environmental-solutions-inc/4083411
https://www.zoominfo.com/pic/advanced-environmental-solutions-inc/4083411
https://www.zoominfo.com/p/Larry-Legasey/-803276209
['https://www.zoominfo.com/c/advanced-environmental-solutions-inc/4083411', 'https://www.zoominfo.com/pic/advanced-environmental-solutions-inc/4083411', 'https://www.zoominfo.com/p/Larry-Legasey/-803276209']
https://www.zoominfo.com/c/precision-waste-solutions-llc/359484108
https://www.zoominfo.com/pic/precision-waste-solutions-llc/359484108
https://www.zoominfo.com/c/precision-waste-services-inc/347743078
['https://www.zoominfo.com/c/precision-waste-solutions-llc/359484108', 'https://www.zoominfo.com/pic/precision-waste-solutions-llc/359484108', 'https://www.zoominfo.com/c/precision-waste-services-inc/347743078']
https://www.zoominfo.com/c/el-paso-disposal-lp/443244563
https://www.zoominfo.com/p/Jessica-Nevarez/-1878643031
https://www.zoominfo.com/p/carmen-kennon/-905637527
['https://www.zoominfo.com/c/el-paso-disposal-lp/443244563', 'https://www.zoominfo.com/p/Jessica-Nevarez/-1878643031', 'https://www.zoominfo.com/p/carmen-kennon/-905637527']
https://www.zoominfo.com/c/reliable-paper-recycling-inc/99090821
https://www.zoominfo.com/pic/reliable-paper-recycling-inc/99090821
https://www.zoominfo.com/p/Scott-Sisk/-1968515249
['https://www.zoominfo.com/c/reliable-paper-recycling-inc/99090821', 'https://www.zoominfo.com/pic/reliable-paper-recycling-inc/99090821', 'https://www.zoominfo.com/p/Scott-Sisk/-1968515249']
https://www.zoominfo.com/c/amazon-web-services-inc/354518601
https://www.zoominfo.com/c/aerospace-staffing-worldwide-services-llc/369804996
https://www.zoominfo.com/c/aws-gmbh/459003949
['https://www.zoominfo.com/c/amazon-web-services-inc/354518601', 'https://www.zoominfo.com/c/aerospace-staffing-worldwide-services-llc/369804996', 'https://www.zoominfo.com/c/aws-gmbh/459003949']
https://www.zoominfo.com/c/sunbelt-rentals-inc/139673680
https://www.zoominfo.com/c/sunbelt-corp/366590904
https://www.zoominfo.com/pic/sunbelt-rentals-inc/139673680
['https://www.zoominfo.com/c/sunbelt-rentals-inc/139673680', 'https://www.zoominfo.com/c/sunbelt-corp/366590904', 'https://www.zoominfo.com/pic/sunbelt-rentals-inc/139673680']
https://www.zoominfo.com/c/busch-systems-international-inc/17814764
https://www.zoominfo.com/pic/busch-systems-international-inc/17814764
https://www.zoominfo.com/c/ubisu/348516039
['https://www.zoominfo.com/c/busch-systems-international-inc/17814764', 'https://www.zoominfo.com/pic/busch-systems-international-inc/17814764', 'https://www.zoominfo.com/c/ubisu/348516039']
https://www.zoominfo.com/c/bcep-solid-waste-district/24548810
['https://www.zoominfo.com/c/bcep-solid-waste-district/24548810', 'NotAvailable', 'NotAvailable']
https://www.zoominfo.com/c/northstar/87393785
https://www.zoominfo.com/pic/northstar/87393785
https://www.zoominfo.com/p/Julie-Zangara/-1911985278
['https://www.zoominfo.com/c/northstar/87393785', 'https://www.zoominfo.com/pic/northstar/87393785', 'https://www.zoominfo.com/p/Julie-Zangara/-1911985278']
https://www.zoominfo.com/c/junk-king/69780688
https://www.zoominfo.com/c/junk-king-inc/153027488
https://www.zoominfo.com/pic/junk-king/69780688
['https://www.zoominfo.com/c/junk-king/69780688', 'https://www.zoominfo.com/c/junk-king-inc/153027488', 'https://www.zoominfo.com/pic/junk-king/69780688']
https://www.zoominfo.com/c/american-environmental-landfill-inc/354358836
https://www.zoominfo.com/pic/american-environmental-landfill-inc/354358836
https://www.zoominfo.com/p/Todd-Green/-2136552318
['https://www.zoominfo.com/c/american-environmental-landfill-inc/354358836', 'https://www.zoominfo.com/pic/american-environmental-landfill-inc/354358836', 'https://www.zoominfo.com/p/Todd-Green/-2136552318']
https://www.zoominfo.com/c/lautenbach-recycling/346759801
https://www.zoominfo.com/pic/lautenbach-recycling/346759801
http://www.zoominfo.com/p/Torrey-Lautenbach/-1876968870
['https://www.zoominfo.com/c/lautenbach-recycling/346759801', 'https://www.zoominfo.com/pic/lautenbach-recycling/346759801', 'http://www.zoominfo.com/p/Torrey-Lautenbach/-1876968870']
https://www.zoominfo.com/c/eco--pan/38821019
https://www.neverbounce.com/company/eco--pan/38821019
https://www.apollo.io/companies/ECO-PAN-INC-/5500c3f17369646067484900
https://www.shareinvestor.com/fundamental/factsheet.html?counter=ZI.NQ
https://growjo.com/company/Concrete_Pumping_Holdings
['https://www.zoominfo.com/c/eco--pan/38821019', 'NotAvailable', 'NotAvailable']
https://www.zoominfo.com/c/sierra-contracting/87294886
https://www.zoominfo.com/c/sierra-contracting-llc/539097647
https://www.zoominfo.com/pic/sierra-contracting/87294886
['https://www.zoominfo.com/c/sierra-contracting/87294886', 'https://www.zoominfo.com/c/sierra-contracting-llc/539097647', 'https://www.zoominfo.com/pic/sierra-contracting/87294886']
https://www.zoominfo.com/c/cascade-disposal/359179992
https://www.zoominfo.com/c/cascade-disposal/359179992
https://zlqjd.thelordjesuschristtabernacle.org/post/cascade-disposal-phone-number/53692462
https://www.zoominfo.com/pic/cascade-disposal/359179992
['https://www.zoominfo.com/c/cascade-disposal/359179992', 'https://www.zoominfo.com/c/cascade-disposal/359179992', 'https://www.zoominfo.com/pic/cascade-disposal/359179992']
https://www.zoominfo.com/c/clinch-mountain-transport-inc/359019206
https://www.zoominfo.com/c/valley-internet/40568276
https://www.zoominfo.com/c/mountain-transport/1117576644
['https://www.zoominfo.com/c/clinch-mountain-transport-inc/359019206', 'https://www.zoominfo.com/c/valley-internet/40568276', 'https://www.zoominfo.com/c/mountain-transport/1117576644']
https://www.zoominfo.com/c/varner-bros/40649721
https://www.zoominfo.com/pic/varner-bros-inc/40649721
https://www.zoominfo.com/p/Brian-Stanley/-1097140695
['https://www.zoominfo.com/c/varner-bros/40649721', 'https://www.zoominfo.com/pic/varner-bros-inc/40649721', 'https://www.zoominfo.com/p/Brian-Stanley/-1097140695']
https://www.zoominfo.com/c/pellitteri-waste-systems-inc/29983215
https://www.neverbounce.com/company/pellitteri-waste-systems/29983215
https://www.apollo.io/companies/Pellitteri-Waste-Systems/54a12a4669702dc12885c401
https://growjo.com/company/Pellitteri_Waste_Systems
https://6sense.com/tech/business-phone-systems/callcap-market-share
['https://www.zoominfo.com/c/pellitteri-waste-systems-inc/29983215', 'NotAvailable', 'NotAvailable']
https://www.zoominfo.com/c/wastebuilt/368288817
https://growjo.com/company/Wastebuilt_Environmental_Solutions
https://www.apollo.io/companies/Wastebuilt-Environmental-Solutions/55ecd35af3e5bb16a800123a
https://www.neverbounce.com/company/wastebuilt-co/368288817
https://rocketreach.co/wastequip-profile_b5c7e8ecf42e0dbb
['https://www.zoominfo.com/c/wastebuilt/368288817', 'NotAvailable', 'NotAvailable']
https://www.zoominfo.com/c/millennium-waste-inc/347859090
https://www.zoominfo.com/c/western-disposal-services-inc/356438337
https://www.zoominfo.com/c/waste-disposal-llc/356766114
['https://www.zoominfo.com/c/millennium-waste-inc/347859090', 'https://www.zoominfo.com/c/western-disposal-services-inc/356438337', 'https://www.zoominfo.com/c/waste-disposal-llc/356766114']
https://www.ampliz.com/company/freedom-environmental-services-inc/97273922
https://www.idcrawl.com/matt-cartwright
['NotAvailable', 'NotAvailable', 'NotAvailable']
https://www.zoominfo.com/c/flood-brothers-disposal-co/61868483
https://www.zoominfo.com/pic/flood-brothers-disposal-co/61868483
https://www.zoominfo.com/p/Sara-Provost/-1860864441
['https://www.zoominfo.com/c/flood-brothers-disposal-co/61868483', 'https://www.zoominfo.com/pic/flood-brothers-disposal-co/61868483', 'https://www.zoominfo.com/p/Sara-Provost/-1860864441']
https://www.zoominfo.com/c/ecosafe/347450713
https://www.zoominfo.com/c/eco-safe-systems-usa-inc/73601368
https://www.zoominfo.com/pic/ecosafe-zero-waste-inc/347450713
['https://www.zoominfo.com/c/ecosafe/347450713', 'https://www.zoominfo.com/c/eco-safe-systems-usa-inc/73601368', 'https://www.zoominfo.com/pic/ecosafe-zero-waste-inc/347450713']
https://www.zoominfo.com/c/hainesport-transfer/435478615
https://www.zoominfo.com/c/earthpavers-llc/350965714
https://www.zoominfo.com/c/recycling-certification-institute/348133121
['https://www.zoominfo.com/c/hainesport-transfer/435478615', 'https://www.zoominfo.com/c/earthpavers-llc/350965714', 'https://www.zoominfo.com/c/recycling-certification-institute/348133121']
https://www.zoominfo.com/c/thomas-gray-and-associates-inc/119210660
https://www.zoominfo.com/c/tga-entertainment/449781981
https://www.zoominfo.com/pic/thomas-gray-and-associates-inc/119210660
['https://www.zoominfo.com/c/thomas-gray-and-associates-inc/119210660', 'https://www.zoominfo.com/c/tga-entertainment/449781981', 'https://www.zoominfo.com/pic/thomas-gray-and-associates-inc/119210660']
https://www.zoominfo.com/c/crown-recycling-facility/357281235
https://www.zoominfo.com/c/crown-recycling-inc/346318532
https://www.zoominfo.com/pic/crown-recycling-facility/357281235
['https://www.zoominfo.com/c/crown-recycling-facility/357281235', 'https://www.zoominfo.com/c/crown-recycling-inc/346318532', 'https://www.zoominfo.com/pic/crown-recycling-facility/357281235']
https://www.zoominfo.com/c/gill-hauling-inc/466590981
https://www.neverbounce.com/company/gill-hauling/466590981
['https://www.zoominfo.com/c/gill-hauling-inc/466590981', 'NotAvailable', 'NotAvailable']
https://www.zoominfo.com/c/currency-exchange-international-corp/347623610
https://www.zoominfo.com/c/cxi/462560459
https://www.zoominfo.com/c/cxi-inc/406004680
['https://www.zoominfo.com/c/currency-exchange-international-corp/347623610', 'https://www.zoominfo.com/c/cxi/462560459', 'https://www.zoominfo.com/c/cxi-inc/406004680']
https://www.zoominfo.com/c/arizona-pacific-pulp-and-paper-inc/368363822
https://www.zoominfo.com/pic/recycle-1/368363822
https://www.zoominfo.com/p/Todd-Atkins/-1445676037
['https://www.zoominfo.com/c/arizona-pacific-pulp-and-paper-inc/368363822', 'https://www.zoominfo.com/pic/recycle-1/368363822', 'https://www.zoominfo.com/p/Todd-Atkins/-1445676037']
https://www.zoominfo.com/c/jd2-environmental-inc/354524084
https://www.zoominfo.com/pic/jd2-environmental-inc/354524084
https://www.zoominfo.com/p/Kristian-Satterthwaite/-1868808396
['https://www.zoominfo.com/c/jd2-environmental-inc/354524084', 'https://www.zoominfo.com/pic/jd2-environmental-inc/354524084', 'https://www.zoominfo.com/p/Kristian-Satterthwaite/-1868808396']
https://www.zoominfo.com/c/csc-mechanical-inc/557830781
['https://www.zoominfo.com/c/csc-mechanical-inc/557830781', 'NotAvailable', 'NotAvailable']
https://www.zoominfo.com/c/rethinkwaste/128385749
https://www.zoominfo.com/pic/rethink-waste/128385749
https://www.zoominfo.com/c/rethinkwastenl/527299079
['https://www.zoominfo.com/c/rethinkwaste/128385749', 'https://www.zoominfo.com/pic/rethink-waste/128385749', 'https://www.zoominfo.com/c/rethinkwastenl/527299079']
https://www.zoominfo.com/c/g-mello-disposal-corp/347295368
https://www.zoominfo.com/pic/g-mello-disposal-corp/347295368
https://www.zoominfo.com/p/Tracey-Beaupre/2204074851
['https://www.zoominfo.com/c/g-mello-disposal-corp/347295368', 'https://www.zoominfo.com/pic/g-mello-disposal-corp/347295368', 'https://www.zoominfo.com/p/Tracey-Beaupre/2204074851']
https://www.zoominfo.com/c/amwaste-llc/403754592
https://www.neverbounce.com/company/am-waste-services/372287547
https://www.apollo.io/companies/American-Waste-Transport---Recycling--Inc/54a1355a69702d38bb9cae00
https://www.lead411.com/Chip_Russell_27215086.html
https://www.bbb.org/sitemap-business-profiles-75.xml
['https://www.zoominfo.com/c/amwaste-llc/403754592', 'NotAvailable', 'NotAvailable']
https://www.zoominfo.com/companies-search/location-usa--oklahoma--norman-industry-management-consulting
https://www.neverbounce.com/company/aea-environmental-services/354274785
https://www.apollo.io/companies/American-Mold-Experts--Inc-/54a1351f69702d3a9c3e8800
['https://www.zoominfo.com/companies-search/location-usa--oklahoma--norman-industry-management-consulting', 'NotAvailable', 'NotAvailable']
https://www.zoominfo.com/c/reliable-tire-inc/356301765
https://www.neverbounce.com/company/reliable-tire/356301765
https://xyfxd.bestcasehomesolutions.com/post/reliable-tire-inc/26144953
https://guuvg.francisslater.com/post/reliable-tire-inc/26555459
https://ylctarc.farebullz.com/post/reliable-tire-disposal/26144878
['https://www.zoominfo.com/c/reliable-tire-inc/356301765', 'NotAvailable', 'NotAvailable']
https://www.zoominfo.com/c/rathmann-associates-lp/379696091
https://www.zoominfo.com/pic/rathmann-associates/379696091
https://www.zoominfo.com/p/Fran-Matuska/-1910456621
['https://www.zoominfo.com/c/rathmann-associates-lp/379696091', 'https://www.zoominfo.com/pic/rathmann-associates/379696091', 'https://www.zoominfo.com/p/Fran-Matuska/-1910456621']
https://www.zoominfo.com/c/recycle-systems/100582040
https://www.zoominfo.com/pic/recycle-systems/100582040
https://www.zoominfo.com/c/the-recycle-systems-company-inc/100582048
['https://www.zoominfo.com/c/recycle-systems/100582040', 'https://www.zoominfo.com/pic/recycle-systems/100582040', 'https://www.zoominfo.com/c/the-recycle-systems-company-inc/100582048']
https://www.zoominfo.com/c/lcswma/83165919
https://www.neverbounce.com/company/lcswma/83165919
https://www.apollo.io/companies/LCSWMA/54a1299769702dcef930b501
https://www.adapt.io/company/american-academy-of-physical-medicine---rehabilitation--aapm-r--1
https://www.idcrawl.com/lindsay-mcguire
['https://www.zoominfo.com/c/lcswma/83165919', 'NotAvailable', 'NotAvailable']
https://www.zoominfo.com/c/ecotech/346705502
https://www.zoominfo.com/c/eco-tech-usa-llc/404282940
https://www.zoominfo.com/pic/eco--tech/346705502
['https://www.zoominfo.com/c/ecotech/346705502', 'https://www.zoominfo.com/c/eco-tech-usa-llc/404282940', 'https://www.zoominfo.com/pic/eco--tech/346705502']
https://www.zoominfo.com/pic/lidbot/471043807
https://www.apollo.io/companies/lidbot/5d36c76d80f93e47f855786d
https://www.arounddeal.com/profile/andrea-bulgarelli/k5zwhfpqai
['https://www.zoominfo.com/pic/lidbot/471043807', 'NotAvailable', 'NotAvailable']
https://www.zoominfo.com/pic/erc-midwest-llc/356652390
https://www.zoominfo.com/p/Tavis-Schmid/-862093160
https://www.zoominfo.com/p/Jake-Dutton/3393961404
['https://www.zoominfo.com/pic/erc-midwest-llc/356652390', 'https://www.zoominfo.com/p/Tavis-Schmid/-862093160', 'https://www.zoominfo.com/p/Jake-Dutton/3393961404']
https://www.zoominfo.com/c/a--1-disposal/22635
https://www.zoominfo.com/c/a--1-disposal/403202921
https://www.zoominfo.com/c/a--1-disposal-service-inc/359574329
['https://www.zoominfo.com/c/a--1-disposal/22635', 'https://www.zoominfo.com/c/a--1-disposal/403202921', 'https://www.zoominfo.com/c/a--1-disposal-service-inc/359574329']
https://www.zoominfo.com/c/wastex-inc/402931541
https://www.zoominfo.com/c/wastex-inc-sms/370368817
https://www.zoominfo.com/pic/wastex-inc/402931541
['https://www.zoominfo.com/c/wastex-inc/402931541', 'https://www.zoominfo.com/c/wastex-inc-sms/370368817', 'https://www.zoominfo.com/pic/wastex-inc/402931541']
https://www.zoominfo.com/c/rackleff-enterprises-llc/547125201
https://www.zoominfo.com/c/stella-environmental-services-llc/359697288
https://www.zoominfo.com/pic/stella-environmental-services-llc/359697288
['https://www.zoominfo.com/c/rackleff-enterprises-llc/547125201', 'https://www.zoominfo.com/c/stella-environmental-services-llc/359697288', 'https://www.zoominfo.com/pic/stella-environmental-services-llc/359697288']
https://www.zoominfo.com/c/marcom-llc/373315517
https://www.zoominfo.com/pic/marcom-llc/373315517
https://www.zoominfo.com/c/medical-devices-group/356542253
['https://www.zoominfo.com/c/marcom-llc/373315517', 'https://www.zoominfo.com/pic/marcom-llc/373315517', 'https://www.zoominfo.com/c/medical-devices-group/356542253']
https://www.zoominfo.com/c/quincy-recycle/226541808
https://www.zoominfo.com/pic/quincy-recycle/226541808
https://www.zoominfo.com/p/Conner-Currier/-1098709746
['https://www.zoominfo.com/c/quincy-recycle/226541808', 'https://www.zoominfo.com/pic/quincy-recycle/226541808', 'https://www.zoominfo.com/p/Conner-Currier/-1098709746']
https://www.zoominfo.com/c/suez-north-america/513258443
https://www.zoominfo.com/c/suez-sa/372417944
https://www.zoominfo.com/pic/suez-north-america/513324500
['https://www.zoominfo.com/c/suez-north-america/513258443', 'https://www.zoominfo.com/c/suez-sa/372417944', 'https://www.zoominfo.com/pic/suez-north-america/513324500']
https://www.zoominfo.com/c/unitek-solvent-services-inc/346251644
https://www.zoominfo.com/pic/unitek-solvent-services-inc/346251644
https://www.zoominfo.com/p/Ralph-Stanton/-1254048498
['https://www.zoominfo.com/c/unitek-solvent-services-inc/346251644', 'https://www.zoominfo.com/pic/unitek-solvent-services-inc/346251644', 'https://www.zoominfo.com/p/Ralph-Stanton/-1254048498']
https://www.zoominfo.com/c/mazza-recycling-services-ltd/345091384
https://www.zoominfo.com/pic/mazza-recycling-services-ltd/345091384
https://www.zoominfo.com/p/Nadine-Santilli/-1937916931
['https://www.zoominfo.com/c/mazza-recycling-services-ltd/345091384', 'https://www.zoominfo.com/pic/mazza-recycling-services-ltd/345091384', 'https://www.zoominfo.com/p/Nadine-Santilli/-1937916931']
https://www.zoominfo.com/c/geac-computer-corporation-ltd/369300274
https://www.apollo.io/companies/General-Equipment-Acceptance-Corp/5500baf47369641720801c00
https://www.idcrawl.com/bill-lowther
['https://www.zoominfo.com/c/geac-computer-corporation-ltd/369300274', 'NotAvailable', 'NotAvailable']
https://www.zoominfo.com/c/taormina/431681866
https://www.zoominfo.com/c/taormina/348851848
https://www.zoominfo.com/c/taormina/532954107
['https://www.zoominfo.com/c/taormina/431681866', 'https://www.zoominfo.com/c/taormina/348851848', 'https://www.zoominfo.com/c/taormina/532954107']
https://www.zoominfo.com/c/modern/343964078
https://www.zoominfo.com/pic/modern-corp/343964078
https://www.zoominfo.com/c/modern-corp/425424328
['https://www.zoominfo.com/c/modern/343964078', 'https://www.zoominfo.com/pic/modern-corp/343964078', 'https://www.zoominfo.com/c/modern-corp/425424328']
https://www.zoominfo.com/c/enviroservices-inc/365418099
https://www.zoominfo.com/c/enviro-sand/452673925
https://www.zoominfo.com/pic/enviro-sand/452673925
['https://www.zoominfo.com/c/enviroservices-inc/365418099', 'https://www.zoominfo.com/c/enviro-sand/452673925', 'https://www.zoominfo.com/pic/enviro-sand/452673925']
https://www.zoominfo.com/c/potomac-recycling-sales/408312910
https://www.zoominfo.com/pic/potomac-recycling-sales/408312910
https://www.zoominfo.com/c/potomac-landfill-inc/219939405
['https://www.zoominfo.com/c/potomac-recycling-sales/408312910', 'https://www.zoominfo.com/pic/potomac-recycling-sales/408312910', 'https://www.zoominfo.com/c/potomac-landfill-inc/219939405']
https://www.zoominfo.com/c/hhm-facility-management/410172772
https://www.zoominfo.com/c/hhm-facility-management/442512860
https://www.zoominfo.com/pic/hhm-facility-management/410172772
['https://www.zoominfo.com/c/hhm-facility-management/410172772', 'https://www.zoominfo.com/c/hhm-facility-management/442512860', 'https://www.zoominfo.com/pic/hhm-facility-management/410172772']
https://www.zoominfo.com/c/environmental-process-solutions-pllc/358931444
https://www.neverbounce.com/company/environmental-process-solutions/358931444
https://www.apollo.io/companies/Environmental-Process-Solutions--PLLC/55693d8c736964219adf1600
['https://www.zoominfo.com/c/environmental-process-solutions-pllc/358931444', 'NotAvailable', 'NotAvailable']
https://www.zoominfo.com/c/evergreen-oilfield-solutions/401128929
https://www.zoominfo.com/c/evergreen-oil-feed-sdn-bhd/390685090
https://www.zoominfo.com/pic/evergreen-oilfield-solutions/401128929
['https://www.zoominfo.com/c/evergreen-oilfield-solutions/401128929', 'https://www.zoominfo.com/c/evergreen-oil-feed-sdn-bhd/390685090', 'https://www.zoominfo.com/pic/evergreen-oilfield-solutions/401128929']
https://www.zoominfo.com/c/honey-creek-disposal-inc/356301133
https://www.neverbounce.com/company/honey-creek-disposal/356301133
['https://www.zoominfo.com/c/honey-creek-disposal-inc/356301133', 'NotAvailable', 'NotAvailable']
https://www.zoominfo.com/c/bcd-electro-inc/12783181
https://www.zoominfo.com/c/bcd-electro/459517768
https://www.zoominfo.com/pic/bcd-electro-inc/12783181
['https://www.zoominfo.com/c/bcd-electro-inc/12783181', 'https://www.zoominfo.com/c/bcd-electro/459517768', 'https://www.zoominfo.com/pic/bcd-electro-inc/12783181']
https://www.zoominfo.com/c/atlantic-recycling-group-llc/359537764
https://www.zoominfo.com/pic/atlantic-recycling-group-llc/359537764
https://www.zoominfo.com/p/Ashley-Helms/-1022152562
['https://www.zoominfo.com/c/atlantic-recycling-group-llc/359537764', 'https://www.zoominfo.com/pic/atlantic-recycling-group-llc/359537764', 'https://www.zoominfo.com/p/Ashley-Helms/-1022152562']
https://www.zoominfo.com/c/orlando-dumpster-rental-llc/509785369
https://www.zoominfo.com/c/orlando-dumpster-rental-crew/540281209
https://www.zoominfo.com/c/dumpster-rental-orlando/539021111
['https://www.zoominfo.com/c/orlando-dumpster-rental-llc/509785369', 'https://www.zoominfo.com/c/orlando-dumpster-rental-crew/540281209', 'https://www.zoominfo.com/c/dumpster-rental-orlando/539021111']
https://www.zoominfo.com/c/william-j-lauer-corp/22681397
https://www.zoominfo.com/pic/clean-water-of-new-york-inc/22681397
https://www.zoominfo.com/p/Mat-Walling/-1135647171
['https://www.zoominfo.com/c/william-j-lauer-corp/22681397', 'https://www.zoominfo.com/pic/clean-water-of-new-york-inc/22681397', 'https://www.zoominfo.com/p/Mat-Walling/-1135647171']
https://www.zoominfo.com/c/all-american-waste/354100511
https://www.zoominfo.com/pic/all-american-waste/354100511
https://www.zoominfo.com/p/David-Overgaard/-1315906694
['https://www.zoominfo.com/c/all-american-waste/354100511', 'https://www.zoominfo.com/pic/all-american-waste/354100511', 'https://www.zoominfo.com/p/David-Overgaard/-1315906694']
https://www.zoominfo.com/c/finley-industrial-services-llc/447195615
https://www.neverbounce.com/company/finley-industrial-services/447195615
['https://www.zoominfo.com/c/finley-industrial-services-llc/447195615', 'NotAvailable', 'NotAvailable']
https://www.zoominfo.com/c/choice-medwaste/375274386
https://www.zoominfo.com/pic/choice-medwaste/375274386
https://www.zoominfo.com/c/medi--waste-transport-solutions/355900864
['https://www.zoominfo.com/c/choice-medwaste/375274386', 'https://www.zoominfo.com/pic/choice-medwaste/375274386', 'https://www.zoominfo.com/c/medi--waste-transport-solutions/355900864']
https://www.zoominfo.com/c/shred-works-inc/102809905
https://www.zoominfo.com/pic/shred-works/102809905
https://www.zoominfo.com/p/Serena-Stark/1962355412
['https://www.zoominfo.com/c/shred-works-inc/102809905', 'https://www.zoominfo.com/pic/shred-works/102809905', 'https://www.zoominfo.com/p/Serena-Stark/1962355412']
https://www.zoominfo.com/c/j-torres-co-inc/358331365
https://www.zoominfo.com/pic/j-torres-co/358331365
https://www.zoominfo.com/c/jtc-corp/31458539
['https://www.zoominfo.com/c/j-torres-co-inc/358331365', 'https://www.zoominfo.com/pic/j-torres-co/358331365', 'https://www.zoominfo.com/c/jtc-corp/31458539']
https://www.zoominfo.com/c/renu-oil-of-america-inc/356573889
https://www.zoominfo.com/pic/renu-oil-of-america-inc/356573889
https://www.zoominfo.com/p/Rose-Canales/-991678835
['https://www.zoominfo.com/c/renu-oil-of-america-inc/356573889', 'https://www.zoominfo.com/pic/renu-oil-of-america-inc/356573889', 'https://www.zoominfo.com/p/Rose-Canales/-991678835']
https://www.zoominfo.com/c/pro-valet-trash-llc/357346731
https://www.neverbounce.com/company/pro-valet-trash/357346731
https://www.apollo.io/companies/Pro-Valet-Trash/54a11e2169702d97c1266001
https://app.lead411.com/company_ProValetTrash_3059658.html
['https://www.zoominfo.com/c/pro-valet-trash-llc/357346731', 'NotAvailable', 'NotAvailable']
https://www.zoominfo.com/c/ecs-inc/466449160
https://www.zoominfo.com/c/aftermarketpl/461995900
https://www.zoominfo.com/c/ecs-inc/356616461
['https://www.zoominfo.com/c/ecs-inc/466449160', 'https://www.zoominfo.com/c/aftermarketpl/461995900', 'https://www.zoominfo.com/c/ecs-inc/356616461']
https://www.zoominfo.com/c/clear-environmental/564460886
https://www.zoominfo.com/c/clear-environmental/556816077
https://www.zoominfo.com/c/clear-environmental/478012025
['https://www.zoominfo.com/c/clear-environmental/564460886', 'https://www.zoominfo.com/c/clear-environmental/556816077', 'https://www.zoominfo.com/c/clear-environmental/478012025']
https://www.zoominfo.com/c/amwaste-inc/370320846
['https://www.zoominfo.com/c/amwaste-inc/370320846', 'NotAvailable', 'NotAvailable']
https://www.zoominfo.com/c/ems-inc/344896050
https://www.zoominfo.com/c/ems-inc/347760622
https://www.zoominfo.com/c/engineering-manufacturing-services/40586717
['https://www.zoominfo.com/c/ems-inc/344896050', 'https://www.zoominfo.com/c/ems-inc/347760622', 'https://www.zoominfo.com/c/engineering-manufacturing-services/40586717']
