https://www.zoominfo.com/c/healthwise-services/356405766
['https://www.zoominfo.com/c/healthwise-services/356405766', 'NotAvailable', 'NotAvailable']
https://www.zoominfo.com/c/kansas-medical-waste-service-llc/398186078
https://www.neverbounce.com/company/kansas-medical-waste-service/398186078
['https://www.zoominfo.com/c/kansas-medical-waste-service-llc/398186078', 'NotAvailable', 'NotAvailable']
https://www.zoominfo.com/c/asi-management-companies/358161436
https://www.zoominfo.com/pic/asi-management-companies/358161436
https://www.zoominfo.com/c/asi-companies-llc/1204823384
['https://www.zoominfo.com/c/asi-management-companies/358161436', 'https://www.zoominfo.com/pic/asi-management-companies/358161436', 'https://www.zoominfo.com/c/asi-companies-llc/1204823384']
https://www.zoominfo.com/c/gaeta-recycling-co-inc/110380919
https://www.zoominfo.com/pic/gaeta-recycling-co-inc/110380919
https://www.zoominfo.com/p/Mark-Berman/-1327088301
['https://www.zoominfo.com/c/gaeta-recycling-co-inc/110380919', 'https://www.zoominfo.com/pic/gaeta-recycling-co-inc/110380919', 'https://www.zoominfo.com/p/Mark-Berman/-1327088301']
https://www.zoominfo.com/c/gel-recycling-inc/355122030
https://www.zoominfo.com/pic/gel-recycling-inc/355122030
https://www.zoominfo.com/p/David-Bolduc/-2029459717
['https://www.zoominfo.com/c/gel-recycling-inc/355122030', 'https://www.zoominfo.com/pic/gel-recycling-inc/355122030', 'https://www.zoominfo.com/p/David-Bolduc/-2029459717']
https://www.zoominfo.com/c/georgia-petroleum/15893177
https://www.zoominfo.com/pic/georgia-petroleum-inc/15893177
https://www.zoominfo.com/c/socar-georgia-petroleum-ltd/405955673
['https://www.zoominfo.com/c/georgia-petroleum/15893177', 'https://www.zoominfo.com/pic/georgia-petroleum-inc/15893177', 'https://www.zoominfo.com/c/socar-georgia-petroleum-ltd/405955673']
https://www.zoominfo.com/c/watson-excavating-inc/357559642
https://www.neverbounce.com/company/watson-excavating/357559642
['https://www.zoominfo.com/c/watson-excavating-inc/357559642', 'NotAvailable', 'NotAvailable']
https://www.zoominfo.com/c/hq-dumpsters/367597727
https://www.zoominfo.com/pic/hq-dumpsters/367597727
https://www.zoominfo.com/p/Ralph-Holyst/-1518643965
['https://www.zoominfo.com/c/hq-dumpsters/367597727', 'https://www.zoominfo.com/pic/hq-dumpsters/367597727', 'https://www.zoominfo.com/p/Ralph-Holyst/-1518643965']
https://www.zoominfo.com/c/waste--not-recycling-inc/113901686
https://www.zoominfo.com/c/waste-not-inc/113901743
https://www.zoominfo.com/c/wastenot/442460111
['https://www.zoominfo.com/c/waste--not-recycling-inc/113901686', 'https://www.zoominfo.com/c/waste-not-inc/113901743', 'https://www.zoominfo.com/c/wastenot/442460111']
https://www.zoominfo.com/c/waste-recovery-systems/356813864
https://www.apollo.io/companies/Mediaplastics/54a1359869702d3a9cb2c700
https://growjo.com/company/Eco-Tech_Ceram
https://www.neverbounce.com/company/yorkool-engineering/357078458
['https://www.zoominfo.com/c/waste-recovery-systems/356813864', 'NotAvailable', 'NotAvailable']
https://www.zoominfo.com/c/twin-oaks-landfill/375073519
https://www.zoominfo.com/pic/twin-oaks-landfill/375073519
https://www.zoominfo.com/p/Karl-Mooney/-1090114451
['https://www.zoominfo.com/c/twin-oaks-landfill/375073519', 'https://www.zoominfo.com/pic/twin-oaks-landfill/375073519', 'https://www.zoominfo.com/p/Karl-Mooney/-1090114451']
https://www.zoominfo.com/c/iwt-inc/410581076
https://www.zoominfo.com/c/interstate-waste-technologies-inc/369093700
https://www.zoominfo.com/c/iwt-transport-inc/372281463
['https://www.zoominfo.com/c/iwt-inc/410581076', 'https://www.zoominfo.com/c/interstate-waste-technologies-inc/369093700', 'https://www.zoominfo.com/c/iwt-transport-inc/372281463']
https://www.zoominfo.com/c/techdisposal/94027955
https://www.ampliz.com/company/e-waste-systems/91918604
https://wgeifttau-d91-ap-v1.swordbearer.life/
['https://www.zoominfo.com/c/techdisposal/94027955', 'NotAvailable', 'NotAvailable']
https://www.zoominfo.com/c/tfr-enterprises-inc/142983324
https://www.zoominfo.com/pic/tfr-enterprises-inc/142983324
https://www.zoominfo.com/c/texas-financial-resources-lp/347078690
['https://www.zoominfo.com/c/tfr-enterprises-inc/142983324', 'https://www.zoominfo.com/pic/tfr-enterprises-inc/142983324', 'https://www.zoominfo.com/c/texas-financial-resources-lp/347078690']
https://www.zoominfo.com/c/mediwaste-disposal/410737056
https://www.neverbounce.com/company/mediwaste-disposal/410737056
https://ngcni.parkcitieswealth.com/post/el-paso-disposal-email/61601926
['https://www.zoominfo.com/c/mediwaste-disposal/410737056', 'NotAvailable', 'NotAvailable']
https://www.zoominfo.com/c/greenway-recycling-services-llc/345976337
https://www.zoominfo.com/pic/greenway-recycling-services-llc/345976337
https://www.zoominfo.com/c/greenway-recycling-services/402903812
['https://www.zoominfo.com/c/greenway-recycling-services-llc/345976337', 'https://www.zoominfo.com/pic/greenway-recycling-services-llc/345976337', 'https://www.zoominfo.com/c/greenway-recycling-services/402903812']
https://www.zoominfo.com/c/granger/51694555
https://www.zoominfo.com/pic/the-granger-network-llc/453600477
https://www.zoominfo.com/c/the-granger-network-llc/453600477
['https://www.zoominfo.com/c/granger/51694555', 'https://www.zoominfo.com/pic/the-granger-network-llc/453600477', 'https://www.zoominfo.com/c/the-granger-network-llc/453600477']
https://www.zoominfo.com/c/hsa-golden/40569627
https://www.zoominfo.com/pic/hsa-golden/40569627
https://www.zoominfo.com/p/Peter-Barts/22787101
['https://www.zoominfo.com/c/hsa-golden/40569627', 'https://www.zoominfo.com/pic/hsa-golden/40569627', 'https://www.zoominfo.com/p/Peter-Barts/22787101']
https://www.zoominfo.com/c/environmental-logistics-inc/347196953
https://www.zoominfo.com/pic/environmental-logistics-inc/347196953
https://www.zoominfo.com/c/environmental-logistics-inc/55497413
['https://www.zoominfo.com/c/environmental-logistics-inc/347196953', 'https://www.zoominfo.com/pic/environmental-logistics-inc/347196953', 'https://www.zoominfo.com/c/environmental-logistics-inc/55497413']
https://www.zoominfo.com/c/key-largo-wastewater-treatment-district/114771022
https://www.zoominfo.com/pic/key-largo-wastewater-treatment-district/114771022
https://www.zoominfo.com/p/Laura-Weinstock/-1768230437
['https://www.zoominfo.com/c/key-largo-wastewater-treatment-district/114771022', 'https://www.zoominfo.com/pic/key-largo-wastewater-treatment-district/114771022', 'https://www.zoominfo.com/p/Laura-Weinstock/-1768230437']
https://www.zoominfo.com/c/rodeo-sanitary-district/348634154
https://www.zoominfo.com/pic/rodeo-sanitary-district/348634154
https://www.zoominfo.com/p/Jeffrey-Greer/-1774097067
['https://www.zoominfo.com/c/rodeo-sanitary-district/348634154', 'https://www.zoominfo.com/pic/rodeo-sanitary-district/348634154', 'https://www.zoominfo.com/p/Jeffrey-Greer/-1774097067']
https://www.zoominfo.com/c/m-m-sanitation-corp/348043617
https://www.neverbounce.com/company/m-m-sanitation/348043617
https://www.apollo.io/companies/M-M-Sanitation-Corp-/54a263727468693fdaca391f
https://hmvcc.bestitconnection.com/post/dominick-incantalupo/74388095
['https://www.zoominfo.com/c/m-m-sanitation-corp/348043617', 'NotAvailable', 'NotAvailable']
https://www.zoominfo.com/c/jrm-hauling-and-recycling-services-ii/65619924
https://www.zoominfo.com/pic/jrm-hauling/65619924
https://www.zoominfo.com/p/Linda-Agnoletti/-1532765474
['https://www.zoominfo.com/c/jrm-hauling-and-recycling-services-ii/65619924', 'https://www.zoominfo.com/pic/jrm-hauling/65619924', 'https://www.zoominfo.com/p/Linda-Agnoletti/-1532765474']
https://www.zoominfo.com/c/cwpm-llc/21416328
https://www.neverbounce.com/company/cwpm/21416328
https://zpjgw.adultfinances.com/post/cwpm-llc-email-address/41034895
https://portal.ct.gov/-/media/DAS/Procurement-Services/Contracting/Non-Competitive-Purchases-from-07-01-22-to-09-30-22.pdf
https://www.pacermonitor.com/public/filings/DBUU3DXA/Katerra_Inc__txsbke-21-31861__0289.0.pdf
['https://www.zoominfo.com/c/cwpm-llc/21416328', 'NotAvailable', 'NotAvailable']
https://www.zoominfo.com/c/eagle-remediation-and-demolition-services-llc/347286737
https://www.zoominfo.com/pic/eagle-remediation-and-demolition-services-llc/347286737
https://www.zoominfo.com/c/intercon-environmental-inc/116294640
['https://www.zoominfo.com/c/eagle-remediation-and-demolition-services-llc/347286737', 'https://www.zoominfo.com/pic/eagle-remediation-and-demolition-services-llc/347286737', 'https://www.zoominfo.com/c/intercon-environmental-inc/116294640']
https://www.zoominfo.com/c/effortless-dumpster-llc/467887125
https://www.neverbounce.com/company/effortless-dumpster/467887125
https://www.apollo.io/companies/Effortless-Dumpster/5fc949e54e95280001607c6b
['https://www.zoominfo.com/c/effortless-dumpster-llc/467887125', 'NotAvailable', 'NotAvailable']
https://www.zoominfo.com/c/rad-pros-llc/483432490
https://www.zoominfo.com/pic/rad-pros-llc/483432490
https://www.zoominfo.com/c/radiation-pros-llc/463326112
['https://www.zoominfo.com/c/rad-pros-llc/483432490', 'https://www.zoominfo.com/pic/rad-pros-llc/483432490', 'https://www.zoominfo.com/c/radiation-pros-llc/463326112']
https://www.zoominfo.com/c/ers-international/346455072
https://law.justia.com/cases/federal/district-courts/new-york/nysdce/1:2020cv02180/534106/121/
https://www.linkedin.com/in/estrella-spaans
https://www.hybrid-analysis.com/sample/a99868d22eb01fe588cacd6f02a46ec0bd4fd87f33d6405f4c5375efa0a2fcb4?environmentId=100
https://www.neverbounce.com/company/arca-international/480227478
['https://www.zoominfo.com/c/ers-international/346455072', 'NotAvailable', 'NotAvailable']
https://www.zoominfo.com/c/eco-international/358098095
https://www.zoominfo.com/c/eco-international/358548824
https://www.zoominfo.com/c/eco-international-llc/73601289
['https://www.zoominfo.com/c/eco-international/358098095', 'https://www.zoominfo.com/c/eco-international/358548824', 'https://www.zoominfo.com/c/eco-international-llc/73601289']
https://www.zoominfo.com/c/new-bedford-waste-services-llc/161694258
https://www.zoominfo.com/pic/new-bedford-waste-services-llc/161694258
https://www.zoominfo.com/p/Jeannine-Desnoyers/-1928560456
['https://www.zoominfo.com/c/new-bedford-waste-services-llc/161694258', 'https://www.zoominfo.com/pic/new-bedford-waste-services-llc/161694258', 'https://www.zoominfo.com/p/Jeannine-Desnoyers/-1928560456']
https://www.zoominfo.com/c/knight-transfer-services-inc/1128771137
https://www.zoominfo.com/c/dumpsters/370308761
https://www.zoominfo.com/c/dumpster-co/358671231
['https://www.zoominfo.com/c/knight-transfer-services-inc/1128771137', 'https://www.zoominfo.com/c/dumpsters/370308761', 'https://www.zoominfo.com/c/dumpster-co/358671231']
https://www.zoominfo.com/c/sunbelt-medical-services-inc/368968484
https://www.neverbounce.com/company/sunbelt-medical-services/368968484
['https://www.zoominfo.com/c/sunbelt-medical-services-inc/368968484', 'NotAvailable', 'NotAvailable']
https://www.zoominfo.com/c/3r-inc/128352279
https://www.zoominfo.com/pic/3r-incorporated/128352279
https://www.zoominfo.com/c/fab-3r-inc/356406330
['https://www.zoominfo.com/c/3r-inc/128352279', 'https://www.zoominfo.com/pic/3r-incorporated/128352279', 'https://www.zoominfo.com/c/fab-3r-inc/356406330']
https://www.zoominfo.com/c/rapid-removal/171147727
https://www.zoominfo.com/pic/rapid-removal/171147727
https://www.zoominfo.com/p/Pete-Grandsire/6149037777
['https://www.zoominfo.com/c/rapid-removal/171147727', 'https://www.zoominfo.com/pic/rapid-removal/171147727', 'https://www.zoominfo.com/p/Pete-Grandsire/6149037777']
https://www.zoominfo.com/c/empire-disposal/38342944
https://www.zoominfo.com/pic/empire-disposal/38342944
https://www.zoominfo.com/c/empire-disposal/474682187
['https://www.zoominfo.com/c/empire-disposal/38342944', 'https://www.zoominfo.com/pic/empire-disposal/38342944', 'https://www.zoominfo.com/c/empire-disposal/474682187']
https://www.zoominfo.com/c/lansing-recycling-center-llc/348005991
https://www.neverbounce.com/company/lansing-recycling-center/348005991
['https://www.zoominfo.com/c/lansing-recycling-center-llc/348005991', 'NotAvailable', 'NotAvailable']
https://www.zoominfo.com/c/374water-inc/544920996
https://www.zoominfo.com/pic/374water-inc/544920996
https://www.zoominfo.com/p/Doug-Hendry/6143518649
['https://www.zoominfo.com/c/374water-inc/544920996', 'https://www.zoominfo.com/pic/374water-inc/544920996', 'https://www.zoominfo.com/p/Doug-Hendry/6143518649']
https://www.zoominfo.com/c/sonnys-solid-waste-service-inc/358647415
['https://www.zoominfo.com/c/sonnys-solid-waste-service-inc/358647415', 'NotAvailable', 'NotAvailable']
https://www.zoominfo.com/c/pacific-waste-systems/346358023
https://www.apollo.io/companies/PACIFIC-WASTE-SYSTEMS-LLC/5e55ffaead83d500010fb74d
https://www.linkedin.com/pub/dir/+/Toelkes
['https://www.zoominfo.com/c/pacific-waste-systems/346358023', 'NotAvailable', 'NotAvailable']
https://www.zoominfo.com/c/rivanna-authorities/195069014
https://www.zoominfo.com/c/rivanna-river-basin-commission/87197230
https://www.zoominfo.com/c/rivanna-medical-llc/356822896
['https://www.zoominfo.com/c/rivanna-authorities/195069014', 'https://www.zoominfo.com/c/rivanna-river-basin-commission/87197230', 'https://www.zoominfo.com/c/rivanna-medical-llc/356822896']
'organic'
['NotAvailable', 'NotAvailable', 'NotAvailable']
https://www.zoominfo.com/p/Wes-Kittle/3772397339
https://nwbgb.vendamagazineluiza.com/post/sky-environmental-llc/61838115
['https://www.zoominfo.com/p/Wes-Kittle/3772397339', 'NotAvailable', 'NotAvailable']
https://www.zoominfo.com/c/fluid-tech-llc/87410277
https://www.zoominfo.com/c/fluidtech/37098715
https://www.zoominfo.com/pic/fluid-tech-llc/87410277
['https://www.zoominfo.com/c/fluid-tech-llc/87410277', 'https://www.zoominfo.com/c/fluidtech/37098715', 'https://www.zoominfo.com/pic/fluid-tech-llc/87410277']
https://www.zoominfo.com/c/advanced-waste-management-systems/590920
https://www.zoominfo.com/pic/advanced-waste-management-systems-inc/590920
https://www.zoominfo.com/c/advanced-group-usa/2266572
['https://www.zoominfo.com/c/advanced-waste-management-systems/590920', 'https://www.zoominfo.com/pic/advanced-waste-management-systems-inc/590920', 'https://www.zoominfo.com/c/advanced-group-usa/2266572']
https://www.zoominfo.com/c/waste-management-inc/56049732
https://www.neverbounce.com/company/waste-management/56049732
https://www.linkedin.com/in/widennis
https://kfrhx.consulaires-circo2.de/post/fasc-phone-number/60381321
https://growjo.com/company/Tervita
['https://www.zoominfo.com/c/waste-management-inc/56049732', 'NotAvailable', 'NotAvailable']
https://www.zoominfo.com/c/gershman-brickner-bratton-inc/48615668
https://www.zoominfo.com/pic/gershman-brickner-bratton-inc/48615668
https://www.zoominfo.com/p/Bradley-Kelley/-2049225676
['https://www.zoominfo.com/c/gershman-brickner-bratton-inc/48615668', 'https://www.zoominfo.com/pic/gershman-brickner-bratton-inc/48615668', 'https://www.zoominfo.com/p/Bradley-Kelley/-2049225676']
https://www.zoominfo.com/c/robbie-d-wood-inc/100581763
https://www.zoominfo.com/pic/robbie-d-wood-inc/100581763
https://www.zoominfo.com/p/Tony-Beam/-1316152413
['https://www.zoominfo.com/c/robbie-d-wood-inc/100581763', 'https://www.zoominfo.com/pic/robbie-d-wood-inc/100581763', 'https://www.zoominfo.com/p/Tony-Beam/-1316152413']
https://www.zoominfo.com/c/bertolotti-disposal/6013881
https://www.zoominfo.com/pic/bertolotti-disposal-inc/6013881
https://www.zoominfo.com/p/Melissa-Acosta/-1066034507
['https://www.zoominfo.com/c/bertolotti-disposal/6013881', 'https://www.zoominfo.com/pic/bertolotti-disposal-inc/6013881', 'https://www.zoominfo.com/p/Melissa-Acosta/-1066034507']
https://www.zoominfo.com/c/sound-disposal-inc/480524727
https://www.neverbounce.com/company/sound-disposal/480524727
https://www.idcrawl.com/kelly-ferron
['https://www.zoominfo.com/c/sound-disposal-inc/480524727', 'NotAvailable', 'NotAvailable']
https://www.zoominfo.com/c/morris-county-mua/64195241
https://www.neverbounce.com/company/morris-county-mua/64195241
https://www.peekyou.com/anita_singewald
https://www.idcrawl.com/marshall-keener
https://ucwwu.annknox.com/post/smcmuaorg/35467871
['https://www.zoominfo.com/c/morris-county-mua/64195241', 'NotAvailable', 'NotAvailable']
https://www.zoominfo.com/c/bulldog-systems-llc/18517744
https://www.zoominfo.com/c/cleanouts-n-more/537980115
https://www.zoominfo.com/c/blue-sky-disposal-inc/346108428
['https://www.zoominfo.com/c/bulldog-systems-llc/18517744', 'https://www.zoominfo.com/c/cleanouts-n-more/537980115', 'https://www.zoominfo.com/c/blue-sky-disposal-inc/346108428']
https://www.zoominfo.com/c/spectrum-water-technology/356173369
https://www.zoominfo.com/pic/spectrum-water-technology/356173369
https://www.zoominfo.com/p/Nick-Doran/-1431545142
['https://www.zoominfo.com/c/spectrum-water-technology/356173369', 'https://www.zoominfo.com/pic/spectrum-water-technology/356173369', 'https://www.zoominfo.com/p/Nick-Doran/-1431545142']
https://www.zoominfo.com/c/innovative-waste-consulting-services-llc/371786340
https://www.zoominfo.com/pic/innovative-waste-consulting-services-llc/371786340
https://www.zoominfo.com/p/Jim-Wally/-1889532600
['https://www.zoominfo.com/c/innovative-waste-consulting-services-llc/371786340', 'https://www.zoominfo.com/pic/innovative-waste-consulting-services-llc/371786340', 'https://www.zoominfo.com/p/Jim-Wally/-1889532600']
https://www.zoominfo.com/c/opc-direct/79187197
https://www.apollo.io/companies/Omaha-Paper-Stock-Co-Inc/5591fb1b736964186fb50d00
https://www.neverbounce.com/company/opc-direct/79187197
https://www.idcrawl.com/darius-zostautas
['https://www.zoominfo.com/c/opc-direct/79187197', 'NotAvailable', 'NotAvailable']
https://www.zoominfo.com/c/stopwaste/196362676
https://www.neverbounce.com/company/stopwaste/196362676
https://www.apollo.io/companies/StopWaste/55e80b74f3e5bb32a1000495
https://growjo.com/company/StopWaste
https://hamiltoncountyr3source.org/DocumentCenter/View/642/Hamilton_County_Solid_Waste_Management_Plan_Update_2024-2038
['https://www.zoominfo.com/c/stopwaste/196362676', 'NotAvailable', 'NotAvailable']
https://www.zoominfo.com/c/clym-environmental-services-llc/12944978
https://www.zoominfo.com/pic/clym-environmental-services-llc/12944978
https://www.zoominfo.com/p/Wayne-Reeb/-1666290824
['https://www.zoominfo.com/c/clym-environmental-services-llc/12944978', 'https://www.zoominfo.com/pic/clym-environmental-services-llc/12944978', 'https://www.zoominfo.com/p/Wayne-Reeb/-1666290824']
https://www.zoominfo.com/c/pro-waste-inc/476555244
https://www.neverbounce.com/company/pro-waste/476555244
https://www.arounddeal.com/profile/marcus-dorsey/i3qubmzwaj
['https://www.zoominfo.com/c/pro-waste-inc/476555244', 'NotAvailable', 'NotAvailable']
https://www.zoominfo.com/c/prestige-environmental-inc/469655118
https://www.zoominfo.com/c/prestige-environmental-inc/353798992
https://www.zoominfo.com/c/prestige-environmental-inc/528553692
['https://www.zoominfo.com/c/prestige-environmental-inc/469655118', 'https://www.zoominfo.com/c/prestige-environmental-inc/353798992', 'https://www.zoominfo.com/c/prestige-environmental-inc/528553692']
https://www.zoominfo.com/c/slick-response-services-ltd/358417406
https://www.zoominfo.com/pic/slick-response-services-ltd/358417406
https://www.zoominfo.com/p/Mike-Ash/-1593351874
['https://www.zoominfo.com/c/slick-response-services-ltd/358417406', 'https://www.zoominfo.com/pic/slick-response-services-ltd/358417406', 'https://www.zoominfo.com/p/Mike-Ash/-1593351874']
https://www.zoominfo.com/c/eagle-disposal-inc/44388079
https://www.zoominfo.com/pic/eagle-disposal-inc/44388079
https://www.zoominfo.com/c/eagle-disposal/530025488
['https://www.zoominfo.com/c/eagle-disposal-inc/44388079', 'https://www.zoominfo.com/pic/eagle-disposal-inc/44388079', 'https://www.zoominfo.com/c/eagle-disposal/530025488']
https://www.zoominfo.com/c/immaculate-services/1294880857
https://www.zoominfo.com/c/immaculate-facility-services/433372314
https://www.zoominfo.com/c/immaculate-inc/9327724
['https://www.zoominfo.com/c/immaculate-services/1294880857', 'https://www.zoominfo.com/c/immaculate-facility-services/433372314', 'https://www.zoominfo.com/c/immaculate-inc/9327724']
https://www.zoominfo.com/c/op-tech-usa-inc/28934765
https://www.zoominfo.com/c/optech-llc/344518757
https://www.zoominfo.com/pic/op-tech-usa-inc/28934765
['https://www.zoominfo.com/c/op-tech-usa-inc/28934765', 'https://www.zoominfo.com/c/optech-llc/344518757', 'https://www.zoominfo.com/pic/op-tech-usa-inc/28934765']
https://www.zoominfo.com/c/universal-fluid-services-llc/460912814
https://www.zoominfo.com/pic/universal-fluid-services-llc/460912814
https://www.zoominfo.com/c/universal-fluids/556747123
['https://www.zoominfo.com/c/universal-fluid-services-llc/460912814', 'https://www.zoominfo.com/pic/universal-fluid-services-llc/460912814', 'https://www.zoominfo.com/c/universal-fluids/556747123']
https://www.zoominfo.com/c/waste-control-services-inc/353922850
https://www.zoominfo.com/pic/waste-control-services-inc/353922850
https://www.zoominfo.com/c/control-waste-services/355354141
['https://www.zoominfo.com/c/waste-control-services-inc/353922850', 'https://www.zoominfo.com/pic/waste-control-services-inc/353922850', 'https://www.zoominfo.com/c/control-waste-services/355354141']
https://www.zoominfo.com/c/garden-state-waste-management-corp/446847147
https://www.neverbounce.com/company/garden-state-waste-management/446847147
https://www.apollo.io/companies/Garden-State-Waste-Management/55ea5f5df3e5bb59480074f7
['https://www.zoominfo.com/c/garden-state-waste-management-corp/446847147', 'NotAvailable', 'NotAvailable']
https://www.zoominfo.com/p/Falco-Bruno/-1427490874
https://www.zoominfo.com/p/Tina-Fish/-1690085978
https://www.zoominfo.com/p/Kayleigh-Gilman/-840747833
['https://www.zoominfo.com/p/Falco-Bruno/-1427490874', 'https://www.zoominfo.com/p/Tina-Fish/-1690085978', 'https://www.zoominfo.com/p/Kayleigh-Gilman/-840747833']
https://www.zoominfo.com/c/universal-solutions-international-inc/346400554
https://www.zoominfo.com/c/united-security-inc/121061437
https://www.zoominfo.com/c/usi-insurance-services/125812860
['https://www.zoominfo.com/c/universal-solutions-international-inc/346400554', 'https://www.zoominfo.com/c/united-security-inc/121061437', 'https://www.zoominfo.com/c/usi-insurance-services/125812860']
https://www.neverbounce.com/company/disposal-recycling/480844584
https://www.zoominfo.com/c/disposal-recycling/480844584
['https://www.zoominfo.com/c/disposal-recycling/480844584', 'NotAvailable', 'NotAvailable']
https://www.zoominfo.com/c/ancon/4295270
https://www.zoominfo.com/pic/ancon/4295270
https://www.zoominfo.com/c/ancon/467438732
['https://www.zoominfo.com/c/ancon/4295270', 'https://www.zoominfo.com/pic/ancon/4295270', 'https://www.zoominfo.com/c/ancon/467438732']
https://www.zoominfo.com/c/global-refining-group/370187944
https://www.zoominfo.com/pic/global-refining-group/370187944
https://www.zoominfo.com/p/Amanda-Armes/-1241791223
['https://www.zoominfo.com/c/global-refining-group/370187944', 'https://www.zoominfo.com/pic/global-refining-group/370187944', 'https://www.zoominfo.com/p/Amanda-Armes/-1241791223']
https://www.zoominfo.com/c/evirum-inc/445717110
https://www.zoominfo.com/pic/evirum-inc/445717110
https://www.zoominfo.com/p/Myriam-Kerbib/7935975645
['https://www.zoominfo.com/c/evirum-inc/445717110', 'https://www.zoominfo.com/pic/evirum-inc/445717110', 'https://www.zoominfo.com/p/Myriam-Kerbib/7935975645']
https://www.zoominfo.com/c/eberline-services-inc/27396455
https://www.zoominfo.com/pic/eberline-services-inc/27396455
https://www.zoominfo.com/p/Tom-Saling/-925524261
['https://www.zoominfo.com/c/eberline-services-inc/27396455', 'https://www.zoominfo.com/pic/eberline-services-inc/27396455', 'https://www.zoominfo.com/p/Tom-Saling/-925524261']
https://www.zoominfo.com/c/recycling/79725836
https://www.neverbounce.com/company/monroe-county-master-gardener-association/189334126
['https://www.zoominfo.com/c/recycling/79725836', 'NotAvailable', 'NotAvailable']
https://www.zoominfo.com/c/oil-recovery-corp/129401767
https://www.zoominfo.com/c/oil-recovery-company-inc/71632446
https://www.zoominfo.com/pic/oil-recovery/71632446
['https://www.zoominfo.com/c/oil-recovery-corp/129401767', 'https://www.zoominfo.com/c/oil-recovery-company-inc/71632446', 'https://www.zoominfo.com/pic/oil-recovery/71632446']
https://www.zoominfo.com/c/stand-up-guys-junk-removal/371673529
https://www.zoominfo.com/pic/stand-up-guys-junk-removal/371673529
https://www.zoominfo.com/p/Christiaan-Sammons/-1969131382
['https://www.zoominfo.com/c/stand-up-guys-junk-removal/371673529', 'https://www.zoominfo.com/pic/stand-up-guys-junk-removal/371673529', 'https://www.zoominfo.com/p/Christiaan-Sammons/-1969131382']
https://www.zoominfo.com/c/dejana-industries-inc/33393898
https://www.zoominfo.com/pic/dejana-industries-inc/33393898
https://www.zoominfo.com/p/Kathy-Hartblay/-1346000131
['https://www.zoominfo.com/c/dejana-industries-inc/33393898', 'https://www.zoominfo.com/pic/dejana-industries-inc/33393898', 'https://www.zoominfo.com/p/Kathy-Hartblay/-1346000131']
https://www.zoominfo.com/c/fas-environmental-services/551664726
https://www.zoominfo.com/pic/fas-environmental-services-llc/551664726
https://www.zoominfo.com/c/prairie-industrial-group-llc/467280971
['https://www.zoominfo.com/c/fas-environmental-services/551664726', 'https://www.zoominfo.com/pic/fas-environmental-services-llc/551664726', 'https://www.zoominfo.com/c/prairie-industrial-group-llc/467280971']
https://www.zoominfo.com/c/red-earth-environmental/530194874
https://www.zoominfo.com/c/fountain-services-inc/347105512
https://www.zoominfo.com/c/boundless-edge/456768795
['https://www.zoominfo.com/c/red-earth-environmental/530194874', 'https://www.zoominfo.com/c/fountain-services-inc/347105512', 'https://www.zoominfo.com/c/boundless-edge/456768795']
https://www.zoominfo.com/c/legacy-environmental-services-inc/78513518
https://www.zoominfo.com/pic/legacy-environmental-services-inc/78513518
https://www.zoominfo.com/c/legacy-environmental-process-llc/357067351
['https://www.zoominfo.com/c/legacy-environmental-services-inc/78513518', 'https://www.zoominfo.com/pic/legacy-environmental-services-inc/78513518', 'https://www.zoominfo.com/c/legacy-environmental-process-llc/357067351']
https://www.zoominfo.com/c/mp-environmental-services-inc/71172856
https://www.zoominfo.com/pic/mp-environmental-services-inc/71172856
https://www.zoominfo.com/p/Jerry-Barton/-1225628451
['https://www.zoominfo.com/c/mp-environmental-services-inc/71172856', 'https://www.zoominfo.com/pic/mp-environmental-services-inc/71172856', 'https://www.zoominfo.com/p/Jerry-Barton/-1225628451']
https://www.zoominfo.com/c/ecology-services-inc/31313885
https://www.zoominfo.com/pic/ecology-services-inc/31313885
https://www.zoominfo.com/c/ecology-services-inc/1185670550
['https://www.zoominfo.com/c/ecology-services-inc/31313885', 'https://www.zoominfo.com/pic/ecology-services-inc/31313885', 'https://www.zoominfo.com/c/ecology-services-inc/1185670550']
https://www.zoominfo.com/c/d-o-garbage-service-inc/347349480
https://www.zoominfo.com/pic/d-o-garbage-service-inc/347349480
https://www.zoominfo.com/p/Jeanette-Neliton/-1370663156
['https://www.zoominfo.com/c/d-o-garbage-service-inc/347349480', 'https://www.zoominfo.com/pic/d-o-garbage-service-inc/347349480', 'https://www.zoominfo.com/p/Jeanette-Neliton/-1370663156']
