https://www.zoominfo.com/c/babylon-inc/358105704
https://www.zoominfo.com/top-lists/top-10-companies-from-software-mfg-health-industry-by-total-funding-amount
https://www.zoominfo.com/c/higi/371611934
['https://www.zoominfo.com/c/babylon-inc/358105704', 'https://www.zoominfo.com/top-lists/top-10-companies-from-software-mfg-health-industry-by-total-funding-amount', 'https://www.zoominfo.com/c/higi/371611934']
https://www.zoominfo.com/c/doctolib-gmbh/461175185
https://www.apollo.io/companies/Doctolib/556d957873696412660a5001
https://www.g2.com/products/doctolib/competitors/alternatives/enterprise
https://growjo.com/company/doctena
https://stripe.com/en-br/en-li/customers/all
['https://www.zoominfo.com/c/doctolib-gmbh/461175185', 'NotAvailable', 'NotAvailable']
https://www.zoominfo.com/c/docplanner/358804151
https://www.zoominfo.com/c/dr-javier-lopez-gomez/548861152
https://www.zoominfo.com/c/dr-enrique-reynaga-moreno/533688329
['https://www.zoominfo.com/c/docplanner/358804151', 'https://www.zoominfo.com/c/dr-javier-lopez-gomez/548861152', 'https://www.zoominfo.com/c/dr-enrique-reynaga-moreno/533688329']
https://www.zoominfo.com/c/promofarma/460150882
https://www.zoominfo.com/c/promofarma/425839625
https://www.zoominfo.com/c/promofarma-srl/425718237
['https://www.zoominfo.com/c/promofarma/460150882', 'https://www.zoominfo.com/c/promofarma/425839625', 'https://www.zoominfo.com/c/promofarma-srl/425718237']
https://www.zoominfo.com/c/letsgetchecked/372537227
https://www.zoominfo.com/c/privapath-diagnostics/536795995
https://www.zoominfo.com/c/veritas-genetics-inc/359415436
['https://www.zoominfo.com/c/letsgetchecked/372537227', 'https://www.zoominfo.com/c/privapath-diagnostics/536795995', 'https://www.zoominfo.com/c/veritas-genetics-inc/359415436']
https://www.zoominfo.com/c/cera-care-ltd/435174336
https://growjo.com/company/Cera_-_CeraCare.co.uk
https://www.eye-on.ai/ai-articles/2020/finance-watch/week-ending-03-1-2020
https://www.finsmes.com/wp-sitemap-posts-post-26.xml
https://www.wealthclub.co.uk/articles/investment-news/deloitte-fast-50/
['https://www.zoominfo.com/c/cera-care-ltd/435174336', 'NotAvailable', 'NotAvailable']
https://www.zoominfo.com/c/pharmacy2u-ltd/30278201
https://www.zoominfo.com/c/pharmacy2u-limited/482738808
https://www.zoominfo.com/c/webmed-pharmacy-ltd/419458245
['https://www.zoominfo.com/c/pharmacy2u-ltd/30278201', 'https://www.zoominfo.com/c/pharmacy2u-limited/482738808', 'https://www.zoominfo.com/c/webmed-pharmacy-ltd/419458245']
https://www.zoominfo.com/c/echo/372193143
https://www.zoominfo.com/c/echo--u-limited/347066382
https://www.zoominfo.com/c/echo/356755047
['https://www.zoominfo.com/c/echo/372193143', 'https://www.zoominfo.com/c/echo--u-limited/347066382', 'https://www.zoominfo.com/c/echo/356755047']
https://www.zoominfo.com/c/teleclinic-gmbh/416305336
https://www.zoominfo.com/c/telemedicinecom/352317781
https://www.zoominfo.com/c/telemedicine-clinic-ltd/350634800
['https://www.zoominfo.com/c/teleclinic-gmbh/416305336', 'https://www.zoominfo.com/c/telemedicinecom/352317781', 'https://www.zoominfo.com/c/telemedicine-clinic-ltd/350634800']
https://www.zoominfo.com/c/atrys-health-sa-company/400546239
https://www.apollo.io/companies/Atrys/5a9ec6b6a6da98d94d91cd81
https://sitesmm.com/teleradiologiadecolombia.com/
['https://www.zoominfo.com/c/atrys-health-sa-company/400546239', 'NotAvailable', 'NotAvailable']
