{'company_name_zoominfo': 'Redbrick', 'website': 'www.rdbrck.com', 'headquarters': '#520-1515 Douglas St, Victoria, British Columbia, V8W 2G4, Canada', 'SIC Code': '73,737', 'NAICS Code': '54,541', 'revenue': '$9M', 'Number of Employees': '29', 'LinkedIn url': 'https://www.linkedin.com/company/redbrick-technologies'}
{'company_name_zoominfo': 'Strongbox Computers', 'website': 'www.strongboxtechnology.com', 'headquarters': 'Pinewood Studios Pinewood Rd, Iver Heath, Buckinghamshire, SL0 0NH, Un...', 'SIC Code': '35,357', 'NAICS Code': '33,334', 'revenue': '<$5M', 'Number of Employees': '<25', 'LinkedIn url': 'https://www.linkedin.com/company/strongbox-technology'}
{'company_name_zoominfo': 'Robots and Pencils', 'website': 'www.robotsandpencils.com', 'headquarters': '1507 14th Ave SW, Calgary, Alberta, T2V 3M8, Canada', 'SIC Code': '73,737', 'NAICS Code': '54,541', 'revenue': '$28M', 'Number of Employees': '162', 'LinkedIn url': 'https://www.linkedin.com/company/robots-and-pencils'}
{'company_name_zoominfo': 'SemaTree', 'website': 'www.sematree.com', 'headquarters': '1 Boston Pl Ste 2600, Boston, Massachusetts, 02108, United States', 'SIC Code': '73,737', 'NAICS Code': '54,541', 'revenue': '<$5M', 'Number of Employees': '<25', 'LinkedIn url': 'https://www.linkedin.com/company/sematree-inc.'}
{'company_name_zoominfo': 'NotAvailable', 'website': 'NotAvailable', 'headquarters': 'NotAvailable', 'SIC Code': 'NotAvailable', 'NAICS Code': 'NotAvailable', 'revenue': 'NotAvailable', 'Number of Employees': 'NotAvailable', 'LinkedIn url': 'NotAvailable'}
{'company_name_zoominfo': 'Ls Postes', 'website': 'www.lspostes.com.br', 'headquarters': 'Brazil', 'SIC Code': '20,205', 'NAICS Code': '21,212', 'revenue': '$5M', 'Number of Employees': '139', 'LinkedIn url': 'https://www.linkedin.com/company/ls-postes'}
{'company_name_zoominfo': 'RapidOps', 'website': 'www.rapidops.com', 'headquarters': '1422 S Tryon St Ste 300, Charlotte, North Carolina, 28203, United Stat...', 'SIC Code': '73,737', 'NAICS Code': '54,541', 'revenue': '<$5M', 'Number of Employees': '125', 'LinkedIn url': 'https://www.linkedin.com/company/rapidops-inc'}
{'company_name_zoominfo': 'GW Apps', 'website': 'www.gwapps.com', 'headquarters': '555 W 5th St Fl 35, Los Angeles, California, 90017, United States', 'SIC Code': '73,737', 'NAICS Code': '54,541', 'revenue': '<$5M', 'Number of Employees': '<25', 'LinkedIn url': 'https://www.linkedin.com/company/gwapps'}
{'company_name_zoominfo': 'NotAvailable', 'website': 'NotAvailable', 'headquarters': 'NotAvailable', 'SIC Code': 'NotAvailable', 'NAICS Code': 'NotAvailable', 'revenue': 'NotAvailable', 'Number of Employees': 'NotAvailable', 'LinkedIn url': 'NotAvailable'}
{'company_name_zoominfo': 'Resolution', 'website': 'www.resolution.de', 'headquarters': '14 Oklahomastr., Zweibruecken, Rheinland-Pfalz, Germany', 'SIC Code': '50,504', 'NAICS Code': '42,423', 'revenue': '<$5M', 'Number of Employees': '<25', 'LinkedIn url': 'https://www.linkedin.com/company/resolution-gmbh'}
{'company_name_zoominfo': 'MasterBorn', 'website': 'www.masterborn.com', 'headquarters': '!not-found', 'SIC Code': '73,737', 'NAICS Code': '51,511', 'revenue': ':<$5 Million', 'Number of Employees': '<25', 'LinkedIn url': '!not-found'}
{'company_name_zoominfo': '!not-found', 'website': 'Linovi Global Strategic Consulting', 'headquarters': '!not-found', 'SIC Code': '!not-found', 'NAICS Code': '!not-found', 'revenue': '!not-found', 'Number of Employees': '!not-found', 'LinkedIn url': '!not-found'}
{'company_name_zoominfo': '!not-found', 'website': '!not-found', 'headquarters': '!not-found', 'SIC Code': '!not-found', 'NAICS Code': '!not-found', 'revenue': '!not-found', 'Number of Employees': '!not-found', 'LinkedIn url': '!not-found'}
{'company_name_zoominfo': 'TransVault Software', 'website': 'www.transvault.com', 'headquarters': '276 5th Ave, New York City, New York, 10001, United States', 'SIC Code': '73,737', 'NAICS Code': '51,511', 'revenue': '$66M', 'Number of Employees': '91', 'LinkedIn url': 'https://www.linkedin.com/company/transvault-software'}
{'company_name_zoominfo': 'NAYA College', 'website': 'www.naya-college.co.il', 'headquarters': '71 Hanadiv St, Herzliya, Israel', 'SIC Code': '82,822', 'NAICS Code': '61,611', 'revenue': '$15M', 'Number of Employees': '80', 'LinkedIn url': 'https://www.linkedin.com/company/naya-college'}
{'company_name_zoominfo': 'Passio', 'website': 'www.passiolife.com', 'headquarters': '1520 Locust St Fl 6, Philadelphia, Pennsylvania, 19102, United States', 'SIC Code': '73,737', 'NAICS Code': '54,541', 'revenue': '<$5M', 'Number of Employees': '<25', 'LinkedIn url': 'https://www.linkedin.com/company/passiolife'}
{'company_name_zoominfo': 'Sameer Ahmed Khan', 'website': 'www.sameerahmedkhan.com', 'headquarters': 'United States', 'SIC Code': '82,822', 'NAICS Code': '61,611', 'revenue': '<$5M', 'Number of Employees': '<25', 'LinkedIn url': '!not-found'}
renewing ip
429
2a0b:f4c1:2::242
{'company_name_zoominfo': 'The Ico Chain', 'website': 'www.theicochain.com', 'headquarters': '!not-found', 'SIC Code': '50,507', 'NAICS Code': '42,423', 'revenue': ':<$5 Million', 'Number of Employees': '<25', 'LinkedIn url': 'https://www.linkedin.com/company/theicochain'}
{'company_name_zoominfo': 'NAVOMI', 'website': 'www.navomi.com', 'headquarters': '760 Old Roswell Rd Ste 126, Roswell, Georgia, 30076, United States', 'SIC Code': '73,737', 'NAICS Code': '51,518', 'revenue': '<$5M', 'Number of Employees': '<25', 'LinkedIn url': 'https://www.linkedin.com/company/navomi'}
{'company_name_zoominfo': 'Datatonic', 'website': 'www.datatonic.com', 'headquarters': 'One Canada Square L 26, London, Greater London, E14 5AB, United Kingdo...', 'SIC Code': '73,737', 'NAICS Code': '51,518', 'revenue': '$9M', 'Number of Employees': '29', 'LinkedIn url': 'https://www.linkedin.com/company/datatonic'}
{'company_name_zoominfo': 'Softline Group', 'website': 'www.softline.com', 'headquarters': '26-28 Hammersmith Grv, London, Essex, W6 7HA, United Kingdom', 'SIC Code': '73,737', 'NAICS Code': '54,541', 'revenue': '$376M', 'Number of Employees': '3,335', 'LinkedIn url': 'https://www.linkedin.com/company/softline-company'}
{'company_name_zoominfo': 'Qarik Group', 'website': 'www.qarik.com', 'headquarters': '888 7th Ave Fl 32, New York, New York, 10106, United States', 'SIC Code': '73,737', 'NAICS Code': '54,541', 'revenue': '<$5M', 'Number of Employees': '<25', 'LinkedIn url': 'https://www.linkedin.com/company/qarik'}
{'company_name_zoominfo': 'NTT Data', 'website': 'www.nttdata.com', 'headquarters': 'Toyosu Center Building 3-3 Toyosu Koto-ku, Tokyo, Tokyo, 135-6033, Jap...', 'SIC Code': '87,874', 'NAICS Code': '54,541', 'revenue': '$17B', 'Number of Employees': '139,677', 'LinkedIn url': 'https://www.linkedin.com/company/nttdata'}
{'company_name_zoominfo': 'GFT Technologies', 'website': 'www.gft.com', 'headquarters': '261 Madison Ave Fl 19, New York City, New York, 10016, United States', 'SIC Code': '73,737', 'NAICS Code': '54,541', 'revenue': '$649M', 'Number of Employees': '8,120', 'LinkedIn url': 'https://www.linkedin.com/company/gft'}
{'company_name_zoominfo': 'FPT Software', 'website': 'www.fpt-software.com', 'headquarters': 'Cau Giay Building Duy Tan Street Dich Vong Ward Cau Giay District, Han...', 'SIC Code': '73,738', 'NAICS Code': '54,541', 'revenue': '$380M', 'Number of Employees': '22,506', 'LinkedIn url': 'https://www.linkedin.com/company/fpt-software'}
{'company_name_zoominfo': 'Abacus Cambridge Partners', 'website': 'www.abacuscambridge.com', 'headquarters': "16 St. Martin's Le Grand, London, Greater London, EC1A 4EN, United Kin...", 'SIC Code': '73,737', 'NAICS Code': '54,541', 'revenue': '<$5M', 'Number of Employees': '<25', 'LinkedIn url': 'https://www.linkedin.com/company/abacus-cambridge-partners'}
{'company_name_zoominfo': 'Ooredoo', 'website': 'www.ooredoo.qa', 'headquarters': 'W Bay Area PO Box 217, Doha, Baladiyat ad Dawhah, Qatar', 'SIC Code': '67,671', 'NAICS Code': '51,517', 'revenue': '$8B', 'Number of Employees': '16,858', 'LinkedIn url': 'https://www.linkedin.com/company/ooredooqatar'}
{'company_name_zoominfo': 'Prodapt Solutions', 'website': 'www.prodapt.com', 'headquarters': '1 Bridge St Ste 97 A, Irvington, New York, 10533, United States', 'SIC Code': '73,737', 'NAICS Code': '54,541', 'revenue': '$487M', 'Number of Employees': '2,000', 'LinkedIn url': 'https://www.linkedin.com/company/prodapt'}
{'company_name_zoominfo': 'Orange Business Services', 'website': 'www.orange-business.com', 'headquarters': '111 Quai Du Président Roosevelt, Issy-les-Moulineaux, Ile-de-France, 9...', 'SIC Code': '73,737', 'NAICS Code': '54,541', 'revenue': '$6B', 'Number of Employees': '28,500', 'LinkedIn url': 'https://www.linkedin.com/company/orange-business-services'}
{'company_name_zoominfo': 'Hongkong Koon Technology', 'website': 'www.koontech.com', 'headquarters': '268 Add 6th/f, Shenzhen, Guangdong, China', 'SIC Code': '36,366', 'NAICS Code': '33,334', 'revenue': '$6M', 'Number of Employees': '<25', 'LinkedIn url': 'https://www.linkedin.com/company/hongkong-koon-technology-ltd'}
{'company_name_zoominfo': 'CloudZone', 'website': 'www.cloudzone.io', 'headquarters': '66 Hamasger St, Tel Aviv, 65236, Israel', 'SIC Code': '73,737', 'NAICS Code': '54,541', 'revenue': '<$5M', 'Number of Employees': '<25', 'LinkedIn url': 'https://www.linkedin.com/company/cloudzone'}
{'company_name_zoominfo': 'NTT Data', 'website': 'www.nttdata.com', 'headquarters': 'Toyosu Center Building 3-3 Toyosu Koto-ku, Tokyo, Tokyo, 135-6033, Jap...', 'SIC Code': '87,874', 'NAICS Code': '54,541', 'revenue': '$17B', 'Number of Employees': '139,677', 'LinkedIn url': 'https://www.linkedin.com/company/nttdata'}
{'company_name_zoominfo': 'Dou Teknoloji', 'website': 'www.d-teknoloji.com.tr', 'headquarters': 'maslak mahallesi Büyükdere Caddesi No 249, Istanbul, Province, 34485, ...', 'SIC Code': '89,899', 'NAICS Code': '54,541', 'revenue': '$26M', 'Number of Employees': '150', 'LinkedIn url': 'https://www.linkedin.com/company/dogus-teknoloji'}
{'company_name_zoominfo': 'Xebia Group', 'website': 'www.xebia.com', 'headquarters': '27 Laapersveld, Hilversum, Utrecht, 1213 VB, Netherlands', 'SIC Code': '73,737', 'NAICS Code': '54,541', 'revenue': '$974M', 'Number of Employees': '4,000', 'LinkedIn url': 'https://www.linkedin.com/company/xebia'}
renewing ip
429
2620:7:6001::145
renewing ip
429
2a04:52c0:106:394::2
renewing ip
429
2605:6400:30:f174:1:2:3:4
{'company_name_zoominfo': 'Syntio', 'website': 'www.syntio.net', 'headquarters': '1239 120th Ave NE Ste A, Bellevue, Washington, 98005, United States', 'SIC Code': '87,871', 'NAICS Code': '54,541', 'revenue': '<$5M', 'Number of Employees': '<25', 'LinkedIn url': 'https://www.linkedin.com/company/syntio'}
{'company_name_zoominfo': 'Soldner Business Solutions', 'website': 'www.soldnerbizsolutions.com', 'headquarters': '!not-found', 'SIC Code': '87,874', 'NAICS Code': '55,551', 'revenue': ':<$5 Million', 'Number of Employees': '<25', 'LinkedIn url': '!not-found'}
{'company_name_zoominfo': 'ComPro Information Technologies', 'website': 'www.compro.com.tr', 'headquarters': '1 Eski Üsküdar Caddesi Çayıryolu Sokak. Kat 10, İçerenköy, Istanbul, 3...', 'SIC Code': '50,504', 'NAICS Code': '42,423', 'revenue': '$27M', 'Number of Employees': '132', 'LinkedIn url': 'https://www.linkedin.com/company/470166'}
{'company_name_zoominfo': 'Zensar Technologies', 'website': 'www.zensar.com', 'headquarters': 'Zensar plot #4 Knowledge Park Kharadi, Pune, Maharashtra, 411001, Indi...', 'SIC Code': '73,737', 'NAICS Code': '51,511', 'revenue': '$569M', 'Number of Employees': '11,839', 'LinkedIn url': 'https://www.linkedin.com/company/zensar-technologies'}
{'company_name_zoominfo': 'FD Technologies', 'website': 'www.firstderivatives.com', 'headquarters': 'Brian Conlon House 3 Canal Quay, Newry, Ulster, BT35 6BP, Ireland', 'SIC Code': '73,737', 'NAICS Code': '54,541', 'revenue': '$265M', 'Number of Employees': '2,500', 'LinkedIn url': 'https://www.linkedin.com/company/fd_technologies'}
{'company_name_zoominfo': 'NotAvailable', 'website': 'NotAvailable', 'headquarters': 'NotAvailable', 'SIC Code': 'NotAvailable', 'NAICS Code': 'NotAvailable', 'revenue': 'NotAvailable', 'Number of Employees': 'NotAvailable', 'LinkedIn url': 'NotAvailable'}
{'company_name_zoominfo': 'NotAvailable', 'website': 'NotAvailable', 'headquarters': 'NotAvailable', 'SIC Code': 'NotAvailable', 'NAICS Code': 'NotAvailable', 'revenue': 'NotAvailable', 'Number of Employees': 'NotAvailable', 'LinkedIn url': 'NotAvailable'}
{'company_name_zoominfo': 'NotAvailable', 'website': 'NotAvailable', 'headquarters': 'NotAvailable', 'SIC Code': 'NotAvailable', 'NAICS Code': 'NotAvailable', 'revenue': 'NotAvailable', 'Number of Employees': 'NotAvailable', 'LinkedIn url': 'NotAvailable'}
{'company_name_zoominfo': 'Telefonica Tech', 'website': 'www.telefonicatech.com', 'headquarters': 'Madrid, Madrid, Spain', 'SIC Code': '73,737', 'NAICS Code': '81,811', 'revenue': '$17M', 'Number of Employees': '1,111', 'LinkedIn url': '!not-found'}
{'company_name_zoominfo': 'NIMBL', 'website': 'www.benimbl.com', 'headquarters': '1401 Zuni St Ste 202, Denver, Colorado, 80204, United States', 'SIC Code': '73,737', 'NAICS Code': '54,541', 'revenue': '$18M', 'Number of Employees': '<25', 'LinkedIn url': 'https://www.linkedin.com/company/nimbl-llc.'}
{'company_name_zoominfo': 'GoDataDriven', 'website': 'www.godatadriven.com', 'headquarters': '202 Wibautstraat, Amsterdam, 1091GS, Netherlands', 'SIC Code': '73,737', 'NAICS Code': '54,541', 'revenue': '$15M', 'Number of Employees': '54', 'LinkedIn url': 'https://www.linkedin.com/company/godatadriven'}
{'company_name_zoominfo': 'Xebia Group', 'website': 'www.xebia.com', 'headquarters': '27 Laapersveld, Hilversum, Utrecht, 1213 VB, Netherlands', 'SIC Code': '73,737', 'NAICS Code': '54,541', 'revenue': '$974M', 'Number of Employees': '4,000', 'LinkedIn url': 'https://www.linkedin.com/company/xebia'}
{'company_name_zoominfo': 'Nosco', 'website': 'www.nosco.com', 'headquarters': '2199 Delany Rd, Gurnee, Illinois, 60031, United States', 'SIC Code': '26,267', 'NAICS Code': '32,326', 'revenue': '$152M', 'Number of Employees': '536', 'LinkedIn url': 'https://www.linkedin.com/company/noso'}
{'company_name_zoominfo': 'Aspire 2Be', 'website': 'www.aspire2be.co.uk', 'headquarters': '106 Laleham Rd, London, Greater London, SE6 2HX, United Kingdom', 'SIC Code': '82,829', 'NAICS Code': '61,611', 'revenue': '<$5M', 'Number of Employees': '<25', 'LinkedIn url': 'https://www.linkedin.com/company/aspire2be'}
{'company_name_zoominfo': 'CCT Group', 'website': 'www.cct-group.com', 'headquarters': '16c Ratchadapisek Rd Huaykwang, Huai Khwang, Phra Nakhon Si Ayutthaya,...', 'SIC Code': '47,472', 'NAICS Code': '56,561', 'revenue': '<$5M', 'Number of Employees': '<25', 'LinkedIn url': '!not-found'}
{'company_name_zoominfo': 'CGI', 'website': 'www.cgi.com', 'headquarters': '1350 René-lévesque Blvd West Fl 15, Montreal, Quebec, H3G 1T4, Canada', 'SIC Code': '87,874', 'NAICS Code': '54,541', 'revenue': '$9B', 'Number of Employees': '84,000', 'LinkedIn url': 'https://www.linkedin.com/company/cgi'}
{'company_name_zoominfo': 'QA', 'website': 'www.qa.com', 'headquarters': 'Rath House 55-65 Uxbridge Rd, Slough, Berkshire, SL1 1SG, United Kingd...', 'SIC Code': '82,824', 'NAICS Code': '61,611', 'revenue': '$298M', 'Number of Employees': '1,139', 'LinkedIn url': 'https://www.linkedin.com/company/643744'}
{'company_name_zoominfo': 'Acens', 'website': 'www.acens.com', 'headquarters': '14 Calle San Rafael Alcobendas N, Madrid, Community of Madrid, 28108, ...', 'SIC Code': '73,737', 'NAICS Code': '51,518', 'revenue': '$47M', 'Number of Employees': '245', 'LinkedIn url': 'https://www.linkedin.com/company/48127'}
{'company_name_zoominfo': 'Bynet Communications', 'website': 'www.bynet.co.il', 'headquarters': 'The Copper 8 Ramat Hachayal, Tel Aviv, Tel Aviv, Israel', 'SIC Code': '73,737', 'NAICS Code': '51,511', 'revenue': '$272M', 'Number of Employees': '700', 'LinkedIn url': 'https://www.linkedin.com/company/111712'}
{'company_name_zoominfo': 'Niltasoft', 'website': 'www.niltasoft.com', 'headquarters': 'Cyprus', 'SIC Code': '50,504', 'NAICS Code': '42,423', 'revenue': '<$5M', 'Number of Employees': '<25', 'LinkedIn url': '!not-found'}
{'company_name_zoominfo': 'Ericsson', 'website': 'www.ericsson.com', 'headquarters': '21 Torshamnsgatan, Stockholm, Stockholm, 164 83, Sweden', 'SIC Code': '36,365', 'NAICS Code': '42,423', 'revenue': '$20B', 'Number of Employees': '101,322', 'LinkedIn url': 'https://www.linkedin.com/company/ericsson'}
renewing ip
429
2a10:8a40:f313::29
renewing ip
429
2a03:e600:100::26
renewing ip
429
2a0b:f4c2::20
{'company_name_zoominfo': 'Merkle', 'website': 'www.merkle.com', 'headquarters': '7001 Columbia Gateway Dr, Columbia, Maryland, 21046, United States', 'SIC Code': '73,731', 'NAICS Code': '54,541', 'revenue': '$1B', 'Number of Employees': '14,000', 'LinkedIn url': 'https://www.linkedin.com/company/merkle'}
{'company_name_zoominfo': 'BCG', 'website': 'www.bcg.com', 'headquarters': '200 Pier 4, Boston, Massachusetts, 02210, United States', 'SIC Code': '87,874', 'NAICS Code': '54,541', 'revenue': '$11B', 'Number of Employees': '25,000', 'LinkedIn url': 'https://www.linkedin.com/company/the-boston-consulting-group'}
{'company_name_zoominfo': 'Tensr', 'website': 'www.tensr.eu', 'headquarters': '!not-found', 'SIC Code': '87,873', 'NAICS Code': '54,541', 'revenue': ':<$5 Million', 'Number of Employees': '<25', 'LinkedIn url': 'https://www.linkedin.com/company/tensr'}
{'company_name_zoominfo': 'Capgemini', 'website': 'www.capgemini.com', 'headquarters': "11 Place De L'étoile, Paris, Ile-de-France, 75017, France", 'SIC Code': '87,874', 'NAICS Code': '54,541', 'revenue': '$19B', 'Number of Employees': '352,148', 'LinkedIn url': 'https://www.linkedin.com/company/capgemini'}
{'company_name_zoominfo': 'Orange Business Services', 'website': 'www.orange-business.com', 'headquarters': '111 Quai Du Président Roosevelt, Issy-les-Moulineaux, Ile-de-France, 9...', 'SIC Code': '73,737', 'NAICS Code': '54,541', 'revenue': '$6B', 'Number of Employees': '28,500', 'LinkedIn url': 'https://www.linkedin.com/company/orange-business-services'}
{'company_name_zoominfo': 'The Spatial Distillery', 'website': 'www.spatialdistillery.com', 'headquarters': '!not-found', 'SIC Code': '20,208', 'NAICS Code': '31,312', 'revenue': ':<$5 Million', 'Number of Employees': '<25', 'LinkedIn url': 'https://www.linkedin.com/company/spatialdistillery'}
{'company_name_zoominfo': 'NTT DATA UK', 'website': 'www.historymadefaster.co.uk', 'headquarters': 'United Kingdom', 'SIC Code': '73,737', 'NAICS Code': '54,541', 'revenue': '<$5M', 'Number of Employees': '<25', 'LinkedIn url': '!not-found'}
{'company_name_zoominfo': 'NotAvailable', 'website': 'NotAvailable', 'headquarters': 'NotAvailable', 'SIC Code': 'NotAvailable', 'NAICS Code': 'NotAvailable', 'revenue': 'NotAvailable', 'Number of Employees': 'NotAvailable', 'LinkedIn url': 'NotAvailable'}
{'company_name_zoominfo': 'Tremend', 'website': 'www.tremend.com', 'headquarters': '68 Rue De Strasbourg, Luxembourg, L-2560, Luxembourg', 'SIC Code': '73,737', 'NAICS Code': '54,541', 'revenue': '$18M', 'Number of Employees': '468', 'LinkedIn url': 'https://www.linkedin.com/company/tremend-software-consulting'}
{'company_name_zoominfo': 'Vodafone Spain', 'website': 'www.vodafone.es', 'headquarters': 'T 115 Avenida De América, Madrid, 28042, Spain', 'SIC Code': '48,489', 'NAICS Code': '51,517', 'revenue': '$15M', 'Number of Employees': '2,284', 'LinkedIn url': 'https://www.linkedin.com/company/easydriver-car-services-espa-a'}
{'company_name_zoominfo': 'Inetum', 'website': 'www.inetum.com', 'headquarters': '145 Boulevard Victor Hugo Saint-ouen, Paris, Ile-de-France, 93400, Fra...', 'SIC Code': '73,737', 'NAICS Code': '51,518', 'revenue': '$2B', 'Number of Employees': '27,000', 'LinkedIn url': 'https://www.linkedin.com/company/inetum'}
{'company_name_zoominfo': 'Deutsche Telekom', 'website': 'www.telekom.com', 'headquarters': '140 Friedrich-ebert-allee, Bonn, Nordrhein-Westfalen, 53113, Germany', 'SIC Code': '48,484', 'NAICS Code': '51,517', 'revenue': '$106B', 'Number of Employees': '217,000', 'LinkedIn url': 'https://www.linkedin.com/company/telekom'}
{'company_name_zoominfo': 'Luce Innovative Technologies', 'website': 'www.luceit.com', 'headquarters': 'nº 236 Calle Provenza, Barcelona, Catalonia, 08008, Spain', 'SIC Code': '73,737', 'NAICS Code': '51,518', 'revenue': '$15M', 'Number of Employees': '56', 'LinkedIn url': 'https://www.linkedin.com/company/1074984'}
{'company_name_zoominfo': 'Epsilon France', 'website': 'www.epsilon-france.fr', 'headquarters': '7 Rue Des Perdrix, Molsheim, Grand-Est, 67120, France', 'SIC Code': '61,611', 'NAICS Code': '52,522', 'revenue': '<$5M', 'Number of Employees': '<25', 'LinkedIn url': 'https://www.linkedin.com/company/epsilon-sas'}
{'company_name_zoominfo': 'NotAvailable', 'website': 'NotAvailable', 'headquarters': 'NotAvailable', 'SIC Code': 'NotAvailable', 'NAICS Code': 'NotAvailable', 'revenue': 'NotAvailable', 'Number of Employees': 'NotAvailable', 'LinkedIn url': 'NotAvailable'}
{'company_name_zoominfo': 'KPMG', 'website': 'home.kpmg', 'headquarters': '15 Canada Sq, London, Greater London, E14 5GL, United Kingdom', 'SIC Code': '87,872', 'NAICS Code': '54,541', 'revenue': '$32B', 'Number of Employees': '236,000', 'LinkedIn url': 'https://www.linkedin.com/company/kpmg'}
{'company_name_zoominfo': 'Tara Learning Solutions', 'website': 'www.taralearning.com', 'headquarters': '!not-found', 'SIC Code': '82,829', 'NAICS Code': '61,611', 'revenue': ':$6 Million', 'Number of Employees': '31', 'LinkedIn url': 'https://www.linkedin.com/company/tara-learning-solutions-&-educational-services'}
{'company_name_zoominfo': 'Grupo AE', 'website': 'www.grupo-ae.com', 'headquarters': '!not-found', 'SIC Code': '72,722', 'NAICS Code': '54,541', 'revenue': ':<$5 Million', 'Number of Employees': '32', 'LinkedIn url': 'https://www.linkedin.com/company/grupo-advanced-education'}
renewing ip
429
2a0b:f4c0:16c:14::1
renewing ip
429
2001:67c:6ec:203:192:42:116:191
renewing ip
429
2001:67c:289c:4::78
{'company_name_zoominfo': 'Happy2Host', 'website': 'www.happy2host.com', 'headquarters': '24 Irwell Estate Neptune St, London, Greater London, SE16 7JR, United ...', 'SIC Code': '73,737', 'NAICS Code': '54,541', 'revenue': '<$5M', 'Number of Employees': '<25', 'LinkedIn url': 'https://www.linkedin.com/company/happy2hostltd'}
{'company_name_zoominfo': 'John Bryce Training', 'website': 'www.johnbryce.co.il', 'headquarters': '29 Homa Umigdal St, Tel Aviv, Tel Aviv, Israel', 'SIC Code': '82,824', 'NAICS Code': '61,611', 'revenue': '$16M', 'Number of Employees': '77', 'LinkedIn url': 'https://www.linkedin.com/company/17754'}
