{'company_name_zoominfo': 'SimBioSys', 'website': 'www.simbiosys.com', 'headquarters': '180 N Lasalle St Ste 3250, Chicago, Illinois, 60601, United States', 'SIC Code': '73,737', 'NAICS Code': '54,541', 'revenue': '$5M', 'Number of Employees': '<25', 'LinkedIn url': 'https://www.linkedin.com/company/simbiosys-inc'}
{'company_name_zoominfo': 'MobiLab Solutions', 'website': 'www.mobilabsolutions.com', 'headquarters': '90c Karl-marx-allee, Berlin Friedrichshain, Berlin, 10243, Germany', 'SIC Code': '73,737', 'NAICS Code': '54,541', 'revenue': '$6M', 'Number of Employees': '28', 'LinkedIn url': 'https://www.linkedin.com/company/mobilab-solutions-gmbh'}
{'company_name_zoominfo': 'Arcanna', 'website': 'www.arcannausa.com', 'headquarters': '29 Beardsley Rd Ste A, Ionia, Michigan, 48846, United States', 'SIC Code': '59,591', 'NAICS Code': '44,446', 'revenue': '<$5M', 'Number of Employees': '<25', 'LinkedIn url': '!not-found'}
{'company_name_zoominfo': 'Quad Solutions', 'website': 'www.quad.team', 'headquarters': '!not-found', 'SIC Code': '73,737', 'NAICS Code': '54,541', 'revenue': ':<$5 Million', 'Number of Employees': '<25', 'LinkedIn url': 'https://www.linkedin.com/company/quad-teams'}
{'company_name_zoominfo': 'Fourkind', 'website': 'www.fourkind.com', 'headquarters': '17 Aleksanterinkatu, Helsinki, Uusimaa, 00100, Finland', 'SIC Code': '73,737', 'NAICS Code': '54,541', 'revenue': '<$5M', 'Number of Employees': '<25', 'LinkedIn url': 'https://www.linkedin.com/company/25171922'}
{'company_name_zoominfo': 'TCS', 'website': 'www.tcs.com', 'headquarters': 'Tcs House Raveline St, Mumbai, Maharashtra, 400 001, India', 'SIC Code': '87,874', 'NAICS Code': '54,541', 'revenue': '$24B', 'Number of Employees': '592,195', 'LinkedIn url': 'https://www.linkedin.com/company/tata-consultancy-services'}
{'company_name_zoominfo': '66degrees', 'website': 'www.66degrees.com', 'headquarters': '600 W Van Buren St Ste 603, Chicago, Illinois, 60607, United States', 'SIC Code': '73,738', 'NAICS Code': '54,541', 'revenue': '$74M', 'Number of Employees': '354', 'LinkedIn url': 'https://www.linkedin.com/company/66degrees.com'}
{'company_name_zoominfo': 'Persistent', 'website': 'www.persistent.com', 'headquarters': 'Bhageerath 402 E Senapati Bapat Rd, Pune, Maharashtra, 411 016, India', 'SIC Code': '73,737', 'NAICS Code': '54,541', 'revenue': '$766M', 'Number of Employees': '18,599', 'LinkedIn url': 'https://www.linkedin.com/company/persistent-systems'}
{'company_name_zoominfo': 'AI Industries', 'website': 'www.ai-industries.com', 'headquarters': '12349 104th Ave, Surrey, British Columbia, V3V 3H2, Canada', 'SIC Code': '34,344', 'NAICS Code': '33,332', 'revenue': '$10M', 'Number of Employees': '25', 'LinkedIn url': '!not-found'}
{'company_name_zoominfo': 'Mindfire Solutions', 'website': 'www.mindfiresolutions.com', 'headquarters': 'Cybercity Infocity Area Dlf Fl 10, Bhubaneshwar, Odisha, 751024, India', 'SIC Code': '73,737', 'NAICS Code': '51,511', 'revenue': '$137M', 'Number of Employees': '617', 'LinkedIn url': 'https://www.linkedin.com/company/mindfire-solutions'}
{'company_name_zoominfo': 'iKala', 'website': 'www.ikala.tv', 'headquarters': '41號 東興路 10樓, Taipei, Taipei, Taiwan', 'SIC Code': '73,737', 'NAICS Code': '51,511', 'revenue': '$14M', 'Number of Employees': '57', 'LinkedIn url': 'https://www.linkedin.com/company/ikala-global-online-corp-'}
{'company_name_zoominfo': 'Knowit', 'website': 'www.knowit.se', 'headquarters': '60 Klarabergsgatan, Stockholm, Sodermanland and Uppland, 111 24, Swede...', 'SIC Code': '89,899', 'NAICS Code': '54,541', 'revenue': '$542M', 'Number of Employees': '3,871', 'LinkedIn url': 'https://www.linkedin.com/company/knowit'}
{'company_name_zoominfo': 'Suitebriar', 'website': 'www.suitebriar.com', 'headquarters': '13800 Coppermine Rd, Herndon, Virginia, 20171, United States', 'SIC Code': '73,737', 'NAICS Code': '54,541', 'revenue': '<$5M', 'Number of Employees': '<25', 'LinkedIn url': 'https://www.linkedin.com/company/suitebriar'}
{'company_name_zoominfo': 'NTT Communications', 'website': 'www.ntt.com', 'headquarters': '2-3-1 Otemachi Place West Tower, Otemachi, Chiyoda-ku, Tokyo, 100-8019...', 'SIC Code': '48,481', 'NAICS Code': '51,518', 'revenue': '$2B', 'Number of Employees': '5,550', 'LinkedIn url': 'https://www.linkedin.com/company/ntt-communications'}
{'company_name_zoominfo': 'CMC Telecom', 'website': 'www.cmctelecom.vn', 'headquarters': 'Cmc Tower 11 Duy Tan Cau Giay, Hanoi, Ha Noi, Viet Nam', 'SIC Code': '48,481', 'NAICS Code': '51,517', 'revenue': '$8M', 'Number of Employees': '26', 'LinkedIn url': 'https://www.linkedin.com/company/cmc-telecom'}
renewing ip
429
2a0b:f4c1:2::242
{'company_name_zoominfo': 'Klouder.ai', 'website': 'www.klouder.ai', 'headquarters': 'Australia', 'SIC Code': '73,737', 'NAICS Code': '51,518', 'revenue': '<$5M', 'Number of Employees': '<25', 'LinkedIn url': 'https://www.linkedin.com/company/klouder-ai'}
{'company_name_zoominfo': 'True Internet Data Center', 'website': 'www.trueidc.com', 'headquarters': '18th Fl Ratchadaphisek Rd Dindaeng, Bangkok, Bangkok, Thailand', 'SIC Code': '73,737', 'NAICS Code': '54,541', 'revenue': '$6M', 'Number of Employees': '26', 'LinkedIn url': 'https://www.linkedin.com/company/true-internet-data-center'}
{'company_name_zoominfo': 'GitLab', 'website': 'www.gitlab.com', 'headquarters': '268 Bush St Ste 350, San Francisco, California, 94104, United States', 'SIC Code': '73,737', 'NAICS Code': '51,518', 'revenue': '$252M', 'Number of Employees': '1,630', 'LinkedIn url': 'https://www.linkedin.com/company/gitlab-com'}
{'company_name_zoominfo': 'Minsait', 'website': 'www.minsait.com', 'headquarters': '35 Ave Bruselas, Alcobendas, Madrid, 28108, Spain', 'SIC Code': '73,737', 'NAICS Code': '54,541', 'revenue': '$432M', 'Number of Employees': '2,449', 'LinkedIn url': 'https://www.linkedin.com/company/minsait'}
{'company_name_zoominfo': 'Console Connect', 'website': 'www.consoleconnect.com', 'headquarters': 'Tempus Ct. Bellfield Rd, High Wycombe, Buckinghamshire, HP13 5HA, Unit...', 'SIC Code': '73,737', 'NAICS Code': '51,511', 'revenue': '<$5M', 'Number of Employees': '<25', 'LinkedIn url': 'https://www.linkedin.com/company/console-inc-'}
{'company_name_zoominfo': 'Sabio', 'website': 'www.sabiogroup.com', 'headquarters': '110 Southwark St 12TH Fl, London, Greater London, SE1 0SU, United King...', 'SIC Code': '73,737', 'NAICS Code': '54,541', 'revenue': '$81M', 'Number of Employees': '358', 'LinkedIn url': 'https://www.linkedin.com/company/sabio'}
{'company_name_zoominfo': 'Hitachi Vantara', 'website': 'www.hitachivantara.com', 'headquarters': '2535 Augustine Dr, Santa Clara, California, 95054, United States', 'SIC Code': '73,738', 'NAICS Code': '51,518', 'revenue': '$2B', 'Number of Employees': '10,000', 'LinkedIn url': 'https://www.linkedin.com/company/hitachi-vantara'}
{'company_name_zoominfo': 'GroupBy', 'website': 'www.groupbyinc.com', 'headquarters': '2 Berkeley St Ste 210, Toronto, Ontario, M5A 4J5, Canada', 'SIC Code': '73,737', 'NAICS Code': '51,518', 'revenue': '$13M', 'Number of Employees': '44', 'LinkedIn url': 'https://www.linkedin.com/company/groupby-inc'}
{'company_name_zoominfo': 'Sopra Steria', 'website': 'www.soprasteria.com', 'headquarters': '6 Avenue Kleber, Paris, Ile-de-France, 75116, France', 'SIC Code': '89,899', 'NAICS Code': '54,541', 'revenue': '$4B', 'Number of Employees': '47,437', 'LinkedIn url': 'https://www.linkedin.com/company/soprasteria'}
{'company_name_zoominfo': 'Digital Disruption', 'website': 'www.digitaldisruptionllc.com', 'headquarters': '601 Walnut St Fl 12, Philadelphia, Pennsylvania, 19106, United States', 'SIC Code': '73,737', 'NAICS Code': '54,541', 'revenue': '<$5M', 'Number of Employees': '<25', 'LinkedIn url': '!not-found'}
{'company_name_zoominfo': 'Marubeni Information Systems', 'website': 'www.marubeni-sys.com', 'headquarters': 'Shibuya Minami Tokyu Building 3-12-18 Shibuya Shibuya-ku, Tokyo, Tokyo...', 'SIC Code': '73,737', 'NAICS Code': '51,518', 'revenue': '<$5M', 'Number of Employees': '<25', 'LinkedIn url': 'https://www.linkedin.com/company/marubeni-information-systems-co.-ltd'}
{'company_name_zoominfo': 'Chunghwa Telecom', 'website': 'www.cht.com.tw', 'headquarters': '21-3 Hsinyi Rd. Section 1, Taipei, Taipei, Taiwan', 'SIC Code': '48,481', 'NAICS Code': '51,517', 'revenue': '$7B', 'Number of Employees': '20,341', 'LinkedIn url': 'https://www.linkedin.com/company/chunghwa-telecom'}
{'company_name_zoominfo': 'Qlik', 'website': 'www.qlik.com', 'headquarters': '211 S Gulph Rd Ste 500, King Of Prussia, Pennsylvania, 19406, United S...', 'SIC Code': '73,737', 'NAICS Code': '51,518', 'revenue': '$616M', 'Number of Employees': '2,000', 'LinkedIn url': 'https://www.linkedin.com/company/qlik'}
{'company_name_zoominfo': 'Tata Communications', 'website': 'www.tatacommunications.com', 'headquarters': 'Tower 4 4th to 8th Floor Equinox Business Park Lbs Marg, Mumbai, Mahar...', 'SIC Code': '48,489', 'NAICS Code': '51,517', 'revenue': '$2B', 'Number of Employees': '12,348', 'LinkedIn url': 'https://www.linkedin.com/company/tata-communication'}
{'company_name_zoominfo': 'Edge Solutions & Consulting', 'website': 'www.edgesolutionsandconsulting.com', 'headquarters': '5126 Clareton Dr Ste 160, Agoura Hills, California, 91301, United Stat...', 'SIC Code': '87,874', 'NAICS Code': '54,541', 'revenue': '$13M', 'Number of Employees': '59', 'LinkedIn url': 'https://www.linkedin.com/company/edge-solutions-and-consulting-inc-'}
{'company_name_zoominfo': 'LeadBest Consulting Group', 'website': 'www.leadbestconsultant.com', 'headquarters': '!not-found', 'SIC Code': '73,737', 'NAICS Code': '54,541', 'revenue': ':$8 Million', 'Number of Employees': '53', 'LinkedIn url': 'https://www.linkedin.com/company/leadbest'}
renewing ip
429
2620:7:6001::145
renewing ip
429
2a04:52c0:106:394::2
renewing ip
429
2605:6400:30:f174:1:2:3:4
{'company_name_zoominfo': '!not-found', 'website': '!not-found', 'headquarters': '!not-found', 'SIC Code': '!not-found', 'NAICS Code': '!not-found', 'revenue': '!not-found', 'Number of Employees': '!not-found', 'LinkedIn url': '!not-found'}
{'company_name_zoominfo': 'Wizy', 'website': 'www.wizy.io', 'headquarters': '187 Forestry Rd, Mount Nebo, Queensland, 4520, Australia', 'SIC Code': '73,737', 'NAICS Code': '54,541', 'revenue': '<$5M', 'Number of Employees': '<25', 'LinkedIn url': 'https://www.linkedin.com/company/wizy-inc'}
{'company_name_zoominfo': 'Groovenauts', 'website': 'www.groovenauts.jp', 'headquarters': 'Ment Building 1-20-2 Chuo-ku Fl 4 Tenjin, Fukuoka-Shi, 810-0021, Japan', 'SIC Code': '58,581', 'NAICS Code': '72,722', 'revenue': '<$5M', 'Number of Employees': '<25', 'LinkedIn url': '!not-found'}
{'company_name_zoominfo': 'iOH', 'website': 'www.ioh.org.uk', 'headquarters': 'United Kingdom', 'SIC Code': '86,862', 'NAICS Code': '81,813', 'revenue': '$5M', 'Number of Employees': '28', 'LinkedIn url': 'https://www.linkedin.com/company/aohnp-uk'}
{'company_name_zoominfo': 'SwiftWIN Solutions', 'website': 'www.swiftwininc.com', 'headquarters': '11220 Elm Ln 200, Charlotte, North Carolina, 28277, United States', 'SIC Code': '73,737', 'NAICS Code': '54,541', 'revenue': '<$5M', 'Number of Employees': '<25', 'LinkedIn url': 'https://www.linkedin.com/company/swiftwin-inc'}
{'company_name_zoominfo': 'Classmethod', 'website': 'www.classmethod.jp', 'headquarters': '1-11 Kandasakuma-cho Bldg 8F, Kandasakumachou, Tokyo, 101-0025, Japan', 'SIC Code': '58,581', 'NAICS Code': '72,722', 'revenue': '$6M', 'Number of Employees': '28', 'LinkedIn url': 'https://www.linkedin.com/company/classmethod'}
{'company_name_zoominfo': 'Konica Minolta Business Solutions USA', 'website': 'kmbs.konicaminolta.us', 'headquarters': '100 Williams Dr, Ramsey, New Jersey, 07446, United States', 'SIC Code': '73,737', 'NAICS Code': '51,518', 'revenue': '$7B', 'Number of Employees': '34,392', 'LinkedIn url': 'https://www.linkedin.com/company/konica-minolta-business-solutions-u-s-a--inc-'}
{'company_name_zoominfo': 'SYNTASA', 'website': 'www.syntasa.com', 'headquarters': '560 Herndon Pkwy Ste 230, Herndon, Virginia, 20170, United States', 'SIC Code': '73,737', 'NAICS Code': '54,541', 'revenue': '$36M', 'Number of Employees': '79', 'LinkedIn url': 'https://www.linkedin.com/company/syntasa'}
{'company_name_zoominfo': 'Jig-saw', 'website': 'www.jig-saw.com', 'headquarters': '156 2nd St, San Francisco, California, 94105, United States', 'SIC Code': '73,737', 'NAICS Code': '51,511', 'revenue': '$21M', 'Number of Employees': '166', 'LinkedIn url': '!not-found'}
{'company_name_zoominfo': 'KPMG', 'website': 'home.kpmg', 'headquarters': '15 Canada Sq, London, Greater London, E14 5GL, United Kingdom', 'SIC Code': '87,872', 'NAICS Code': '54,541', 'revenue': '$32B', 'Number of Employees': '236,000', 'LinkedIn url': 'https://www.linkedin.com/company/kpmg'}
{'company_name_zoominfo': 'TCS', 'website': 'www.tcs.com', 'headquarters': 'Tcs House Raveline St, Mumbai, Maharashtra, 400 001, India', 'SIC Code': '87,874', 'NAICS Code': '54,541', 'revenue': '$24B', 'Number of Employees': '592,195', 'LinkedIn url': 'https://www.linkedin.com/company/tata-consultancy-services'}
{'company_name_zoominfo': 'NotAvailable', 'website': 'NotAvailable', 'headquarters': 'NotAvailable', 'SIC Code': 'NotAvailable', 'NAICS Code': 'NotAvailable', 'revenue': 'NotAvailable', 'Number of Employees': 'NotAvailable', 'LinkedIn url': 'NotAvailable'}
{'company_name_zoominfo': 'NetLight Consulting AB', 'website': 'www.netlight.com', 'headquarters': '25 Regeringsgatan, Stockholm, Stockholm, 111 53, Sweden', 'SIC Code': '87,874', 'NAICS Code': '54,541', 'revenue': '$211M', 'Number of Employees': '1,182', 'LinkedIn url': 'https://www.linkedin.com/company/36435'}
{'company_name_zoominfo': 'Atea Sverige', 'website': 'www.atea.se', 'headquarters': '1 Ingarvsvägen, Falun, Dalarna, 791 77, Sweden', 'SIC Code': '73,737', 'NAICS Code': '54,541', 'revenue': '$9M', 'Number of Employees': '89', 'LinkedIn url': 'https://www.linkedin.com/company/atea-sverige-ab'}
{'company_name_zoominfo': 'Claranet', 'website': 'www.claranet.de', 'headquarters': '196 Hanauer Landstrasse, Frankfurt, Hesse, 60314, Germany', 'SIC Code': '73,737', 'NAICS Code': '54,541', 'revenue': '$13M', 'Number of Employees': '73', 'LinkedIn url': 'https://www.linkedin.com/company/claranet-deutschland'}
{'company_name_zoominfo': 'Sopra Steria', 'website': 'www.soprasteria.com', 'headquarters': '6 Avenue Kleber, Paris, Ile-de-France, 75116, France', 'SIC Code': '89,899', 'NAICS Code': '54,541', 'revenue': '$4B', 'Number of Employees': '47,437', 'LinkedIn url': 'https://www.linkedin.com/company/soprasteria'}
{'company_name_zoominfo': 'q.beyond', 'website': 'www.qbeyond.de', 'headquarters': '55 Mathias-brueggen-strasse, Cologne, 50829, Germany', 'SIC Code': '73,737', 'NAICS Code': '81,811', 'revenue': '$167M', 'Number of Employees': '1,126', 'LinkedIn url': '!not-found'}
{'company_name_zoominfo': '!not-found', 'website': '!not-found', 'headquarters': '!not-found', 'SIC Code': '!not-found', 'NAICS Code': '!not-found', 'revenue': '!not-found', 'Number of Employees': '!not-found', 'LinkedIn url': '!not-found'}
{'company_name_zoominfo': 'Tidk', 'website': 'www.tidk.pl', 'headquarters': '6 Batycka, Poznan, Greater Poland Voivodeship, 61-013, Poland', 'SIC Code': '73,737', 'NAICS Code': '51,518', 'revenue': '<$5M', 'Number of Employees': '<25', 'LinkedIn url': 'https://www.linkedin.com/company/tidk'}
renewing ip
429
2a10:8a40:f313::29
renewing ip
429
2a03:e600:100::26
renewing ip
429
2a0b:f4c2::20
{'company_name_zoominfo': '3rdPlace', 'website': 'www.3rdplace.com', 'headquarters': '5 Viale Coni Zugna, Milano, Lombardy, 201144, Italy', 'SIC Code': '73,737', 'NAICS Code': '51,518', 'revenue': '<$5M', 'Number of Employees': '<25', 'LinkedIn url': 'https://www.linkedin.com/company/3rdplace'}
{'company_name_zoominfo': 'Logicalis', 'website': 'www.logicalis.com', 'headquarters': 'Building 8 Roxborough Way Ground Fl, Maidenhead, Berkshire, SL6 3UD, U...', 'SIC Code': '73,737', 'NAICS Code': '54,541', 'revenue': '$1B', 'Number of Employees': '7,000', 'LinkedIn url': 'https://www.linkedin.com/company/logicalis'}
{'company_name_zoominfo': 'INNUBIO', 'website': 'www.innubio.com', 'headquarters': '17 Ul. Cieszyska, Kalisz, Greater Poland Voivodeship, 62-800, Poland', 'SIC Code': '28,283', 'NAICS Code': '32,325', 'revenue': '<$5M', 'Number of Employees': '<25', 'LinkedIn url': '!not-found'}
{'company_name_zoominfo': 'MaibornWolff', 'website': 'www.maibornwolff.de', 'headquarters': '13 Theresienhöhe, Munich, Bavaria, 80339, Germany', 'SIC Code': '73,737', 'NAICS Code': '54,541', 'revenue': '$112M', 'Number of Employees': '278', 'LinkedIn url': 'https://www.linkedin.com/company/maibornwolff-gmbh'}
{'company_name_zoominfo': 'Siili', 'website': 'www.siili.com', 'headquarters': '21 Ruoholahdenkatu, Helsinki, Uusimaa, 00180, Finland', 'SIC Code': '73,737', 'NAICS Code': '54,541', 'revenue': '$104M', 'Number of Employees': '885', 'LinkedIn url': 'https://www.linkedin.com/company/siili-poland'}
{'company_name_zoominfo': 'iHorizons', 'website': 'www.ihorizons.com', 'headquarters': '343 Al Sadd St, Doha, Qatar', 'SIC Code': '73,737', 'NAICS Code': '54,541', 'revenue': '$27M', 'Number of Employees': '137', 'LinkedIn url': 'https://www.linkedin.com/company/41607'}
{'company_name_zoominfo': 'DLabs', 'website': 'www.dlabs.ai', 'headquarters': "3a/2 Ul. Gen. De Gaulle'a, Gdansk, Pomeranian Voivodeship, 80-261, Pol...", 'SIC Code': '73,737', 'NAICS Code': '54,541', 'revenue': '<$5M', 'Number of Employees': '<25', 'LinkedIn url': 'https://www.linkedin.com/company/dlabs.pl'}
{'company_name_zoominfo': 'Cintra Software & Services', 'website': 'www.cintra.com', 'headquarters': '3 Park Ave Fl 32, New York City, New York, 10016, United States', 'SIC Code': '73,737', 'NAICS Code': '54,541', 'revenue': '$46M', 'Number of Employees': '698', 'LinkedIn url': 'https://www.linkedin.com/company/cintra'}
{'company_name_zoominfo': 'Innova-tsn', 'website': 'www.innova-tsn.com', 'headquarters': '4 C/orense 5ª Planta, Madrid, Madrid, 28020, Spain', 'SIC Code': '87,874', 'NAICS Code': '54,541', 'revenue': '$12M', 'Number of Employees': '191', 'LinkedIn url': 'https://www.linkedin.com/company/innovatsn'}
{'company_name_zoominfo': 'CoForge', 'website': 'www.coforge.com', 'headquarters': '8 Balaji Guru Est Fl 3, New Delhi, Nct, 110019, India', 'SIC Code': '73,737', 'NAICS Code': '51,518', 'revenue': '$615M', 'Number of Employees': '19,000', 'LinkedIn url': 'https://www.linkedin.com/company/coforge'}
{'company_name_zoominfo': 'Ensono', 'website': 'www.ensono.com', 'headquarters': '3333 Finley Rd, Downers Grove, Illinois, 60515, United States', 'SIC Code': '73,737', 'NAICS Code': '54,541', 'revenue': '$633M', 'Number of Employees': '2,600', 'LinkedIn url': 'https://www.linkedin.com/company/ensono'}
site-not-indexed

{'company_name_zoominfo': '!not-found', 'website': '!not-found', 'headquarters': '!not-found', 'SIC Code': '!not-found', 'NAICS Code': '!not-found', 'revenue': '!not-found', 'Number of Employees': '!not-found', 'LinkedIn url': '!not-found'}
{'company_name_zoominfo': 'VarGroup', 'website': 'www.vargroup.it', 'headquarters': '138 Via Della Piovola, Empoli, Tuscany, 50053, Italy', 'SIC Code': '73,737', 'NAICS Code': '51,518', 'revenue': '$469M', 'Number of Employees': '2,207', 'LinkedIn url': 'https://www.linkedin.com/company/vargroup-spa'}
{'company_name_zoominfo': 'DataByte', 'website': 'www.databyte.nl', 'headquarters': '3 Drukkerij, Steenbergen, Noord Brabant, 4651 SL, Netherlands', 'SIC Code': '67,673', 'NAICS Code': '52,523', 'revenue': '$12M', 'Number of Employees': '42', 'LinkedIn url': 'https://www.linkedin.com/company/databyte'}
{'company_name_zoominfo': 'zeroG', 'website': 'www.zerog.aero', 'headquarters': '1 Am Prime Parc, Raunheim, Hessen, 65479, Germany', 'SIC Code': '45,451', 'NAICS Code': '48,481', 'revenue': '$5M', 'Number of Employees': '<25', 'LinkedIn url': 'https://www.linkedin.com/company/zerog'}
{'company_name_zoominfo': 'HiQ International', 'website': 'www.hiq.se', 'headquarters': 'PO Box, Stockholm, Stockholm, 102 61, Sweden', 'SIC Code': '87,874', 'NAICS Code': '54,541', 'revenue': '$140M', 'Number of Employees': '1,739', 'LinkedIn url': 'https://www.linkedin.com/company/hiq'}
{'company_name_zoominfo': 'Par-Tec SpA', 'website': 'www.par-tec.it', 'headquarters': '11 Via Panfilo Castaldi, Milano, Lombardy, 20124, Italy', 'SIC Code': '50,504', 'NAICS Code': '42,423', 'revenue': '$28M', 'Number of Employees': '130', 'LinkedIn url': 'https://www.linkedin.com/company/par-tec'}
renewing ip
429
2a0b:f4c0:16c:14::1
renewing ip
429
2001:67c:6ec:203:192:42:116:191
renewing ip
429
2001:67c:289c:4::78
{'company_name_zoominfo': 'Pictime Groupe', 'website': 'www.pictime-groupe.com', 'headquarters': '50 Rue De Paradis, Paris, Ile-de-France, 75010, France', 'SIC Code': '73,737', 'NAICS Code': '54,541', 'revenue': '$21M', 'Number of Employees': '199', 'LinkedIn url': 'https://www.linkedin.com/company/pictime'}
{'company_name_zoominfo': 'iWave', 'website': 'www.iwave.com', 'headquarters': '134 Kent St, Charlottetown, Prince Edward Island, C1A 8R8, Canada', 'SIC Code': '73,737', 'NAICS Code': '51,511', 'revenue': '$10M', 'Number of Employees': '64', 'LinkedIn url': 'https://www.linkedin.com/company/iwave-software-llc'}
{'company_name_zoominfo': 'Saule Technologies', 'website': 'www.sauletech.com', 'headquarters': '14b Postepu St Nc3 Bldg, Warsaw, Masovian Voivodeship, 02-676, Poland', 'SIC Code': '36,367', 'NAICS Code': '33,334', 'revenue': '$8M', 'Number of Employees': '33', 'LinkedIn url': 'https://www.linkedin.com/company/saule-technologies'}
{'company_name_zoominfo': 'Q42', 'website': 'www.q42.nl', 'headquarters': '14 Saturnusstraat, Den Haag, 2516AH, Netherlands', 'SIC Code': '67,673', 'NAICS Code': '52,523', 'revenue': '$14M', 'Number of Employees': '46', 'LinkedIn url': 'https://www.linkedin.com/company/q42'}
{'company_name_zoominfo': 'NotAvailable', 'website': 'NotAvailable', 'headquarters': 'NotAvailable', 'SIC Code': 'NotAvailable', 'NAICS Code': 'NotAvailable', 'revenue': 'NotAvailable', 'Number of Employees': 'NotAvailable', 'LinkedIn url': 'NotAvailable'}
{'company_name_zoominfo': 'Deus', 'website': 'www.deus.ai', 'headquarters': '475 Keizersgracht, Amsterdam, North Holland, Netherlands', 'SIC Code': '82,822', 'NAICS Code': '61,611', 'revenue': '<$5M', 'Number of Employees': '<25', 'LinkedIn url': 'https://www.linkedin.com/company/deus-ai'}
{'company_name_zoominfo': 'Convirza', 'website': 'www.convirza.com', 'headquarters': '138 E 12300 S Ste C, Draper, Utah, 84020, United States', 'SIC Code': '87,874', 'NAICS Code': '54,541', 'revenue': '$5M', 'Number of Employees': '49', 'LinkedIn url': 'https://www.linkedin.com/company/convirza'}
{'company_name_zoominfo': 'Prodyna AG', 'website': 'www.prodyna.com', 'headquarters': '12-14 Ludwig Erhard St, Eschborn, Hessen, 65760, Germany', 'SIC Code': '73,737', 'NAICS Code': '81,811', 'revenue': '$43M', 'Number of Employees': '316', 'LinkedIn url': 'https://www.linkedin.com/company/prodyna-se'}
