{'company_name_zoominfo': 'Made Tech', 'website': 'www.madetech.com', 'headquarters': "4 O'meara St, London, Greater London, SE1 1TE, United Kingdom", 'SIC Code': '73,737', 'NAICS Code': '54,541', 'revenue': '$18M', 'Number of Employees': '106', 'LinkedIn url': 'https://www.linkedin.com/company/madetech'}
{'company_name_zoominfo': 'Datum', 'website': 'www.datumtechnology.com', 'headquarters': '6009 Business Blvd, Sarasota, Florida, 34240, United States', 'SIC Code': '73,737', 'NAICS Code': '54,541', 'revenue': '$67M', 'Number of Employees': '92', 'LinkedIn url': 'https://www.linkedin.com/company/datum-corporation'}
{'company_name_zoominfo': 'Inovex', 'website': 'www.inovex.de', 'headquarters': '71 Karlsruher St, Pforzheim, Baden-Wuerttemberg, 75179, Germany', 'SIC Code': '73,737', 'NAICS Code': '54,541', 'revenue': '$60M', 'Number of Employees': '248', 'LinkedIn url': 'https://www.linkedin.com/company/inovex'}
{'company_name_zoominfo': 'NotAvailable', 'website': 'NotAvailable', 'headquarters': 'NotAvailable', 'SIC Code': 'NotAvailable', 'NAICS Code': 'NotAvailable', 'revenue': 'NotAvailable', 'Number of Employees': 'NotAvailable', 'LinkedIn url': 'NotAvailable'}
{'company_name_zoominfo': 'Bulls-i', 'website': 'www.bulls-i.net', 'headquarters': '!not-found', 'SIC Code': '59,599', 'NAICS Code': '45,453', 'revenue': ':<$5 Million', 'Number of Employees': '<25', 'LinkedIn url': 'https://www.linkedin.com/company/bulls-i-inc.'}
{'company_name_zoominfo': 'PlusNet Solutions', 'website': 'www.plusnetsolutions.com', 'headquarters': '3 local 01 C/ Hibiscos, Cadiz, Andalusia, 11007, Spain', 'SIC Code': '73,737', 'NAICS Code': '81,811', 'revenue': '$15M', 'Number of Employees': '41', 'LinkedIn url': 'https://www.linkedin.com/company/plusnet-solutions'}
{'company_name_zoominfo': 'FPT Software', 'website': 'www.fpt-software.com', 'headquarters': 'Cau Giay Building Duy Tan Street Dich Vong Ward Cau Giay District, Han...', 'SIC Code': '73,738', 'NAICS Code': '54,541', 'revenue': '$380M', 'Number of Employees': '22,506', 'LinkedIn url': 'https://www.linkedin.com/company/fpt-software'}
{'company_name_zoominfo': 'Ugolopez.it di Lopez Ugo', 'website': 'www.ugolopez.it', 'headquarters': '!not-found', 'SIC Code': '82,829', 'NAICS Code': '61,611', 'revenue': ':$5 Million', 'Number of Employees': '<25', 'LinkedIn url': 'https://www.linkedin.com/company/ugolopez-it-di-lopez-ugo'}
{'company_name_zoominfo': 'Engineering', 'website': 'www.eng.it', 'headquarters': "24 Piazzale Dell'agricoltura, Rome, Lazio, 00144, Italy", 'SIC Code': '73,737', 'NAICS Code': '51,518', 'revenue': '$1B', 'Number of Employees': '9,153', 'LinkedIn url': 'https://www.linkedin.com/company/engineering-ingegneria-informatica-spa'}
{'company_name_zoominfo': 'Hybridmedia', 'website': 'www.hybridmedia.com.au', 'headquarters': '267 Bay St, Port Melbourne, Victoria, 3207, Australia', 'SIC Code': '78,781', 'NAICS Code': '51,512', 'revenue': '<$5M', 'Number of Employees': '<25', 'LinkedIn url': 'https://www.linkedin.com/company/hybridmedia'}
{'company_name_zoominfo': 'Learning Solution', 'website': 'www.itls.io', 'headquarters': '!not-found', 'SIC Code': '82,824', 'NAICS Code': '61,611', 'revenue': ':$7 Million', 'Number of Employees': '31', 'LinkedIn url': 'https://www.linkedin.com/company/it-learning-solution'}
{'company_name_zoominfo': 'Peers', 'website': 'www.wealthpeergroup.com', 'headquarters': '129 Park St 16, London, West Virginia, 25126, United States', 'SIC Code': '65,653', 'NAICS Code': '53,531', 'revenue': '<$5M', 'Number of Employees': '<25', 'LinkedIn url': '!not-found'}
{'company_name_zoominfo': '!not-found', 'website': '!not-found', 'headquarters': '!not-found', 'SIC Code': '!not-found', 'NAICS Code': '!not-found', 'revenue': '!not-found', 'Number of Employees': '!not-found', 'LinkedIn url': '!not-found'}
{'company_name_zoominfo': 'OpenValue', 'website': 'www.openvalue.eu', 'headquarters': '!not-found', 'SIC Code': '73,737', 'NAICS Code': '54,541', 'revenue': ':<$5 Million', 'Number of Employees': '<25', 'LinkedIn url': 'https://www.linkedin.com/company/openvalue'}
{'company_name_zoominfo': 'Transition Technologies PSC', 'website': 'www.ttpsc.com', 'headquarters': 'Piotrkowska St 276, Lodz, Lodz Voivodeship, 90-361, Poland', 'SIC Code': '73,737', 'NAICS Code': '54,541', 'revenue': '$26M', 'Number of Employees': '2,000', 'LinkedIn url': 'https://www.linkedin.com/company/17880075'}
{'company_name_zoominfo': 'Keyrus', 'website': 'www.keyrus.com', 'headquarters': '155 Rue Anatole France, Levallois-Perret, Ile-de-France, 92593, France', 'SIC Code': '87,874', 'NAICS Code': '54,541', 'revenue': '$305M', 'Number of Employees': '2,995', 'LinkedIn url': 'https://www.linkedin.com/company/keyrus'}
renewing ip
429
2a0b:f4c1:2::242
{'company_name_zoominfo': 'Borg Consulting', 'website': 'www.borgconsulting.com', 'headquarters': '!not-found', 'SIC Code': '87,874', 'NAICS Code': '54,541', 'revenue': '<$5M', 'Number of Employees': '<25', 'LinkedIn url': '!not-found'}
{'company_name_zoominfo': 'CloudGarage', 'website': 'www.cloudgarage.asia', 'headquarters': '!not-found', 'SIC Code': '73,737', 'NAICS Code': '51,511', 'revenue': '<$5M', 'Number of Employees': '<25', 'LinkedIn url': 'https://www.linkedin.com/company/cloudgarage'}
{'company_name_zoominfo': 'MakeCloud', 'website': 'www.makecloud.io', 'headquarters': '18 Finsbury Sq, London, Greater London, EC2A 1AH, United Kingdom', 'SIC Code': '73,737', 'NAICS Code': '51,518', 'revenue': '<$5M', 'Number of Employees': '<25', 'LinkedIn url': 'https://www.linkedin.com/company/makecloud-google-cloud-platform-consultancy'}
{'company_name_zoominfo': 'Wriggle Learning', 'website': 'www.wriggle.ie', 'headquarters': '!not-found', 'SIC Code': '82,829', 'NAICS Code': '61,611', 'revenue': ':<$5 Million', 'Number of Employees': '<25', 'LinkedIn url': 'https://www.linkedin.com/company/wriggle-learning'}
{'company_name_zoominfo': 'TechEquity Collaborative', 'website': 'www.techequitycollaborative.org', 'headquarters': '2148 Broadway, Oakland, California, 94612, United States', 'SIC Code': '86,864', 'NAICS Code': '81,813', 'revenue': '<$5M', 'Number of Employees': '<25', 'LinkedIn url': 'https://www.linkedin.com/company/techequity-collaborative'}
{'company_name_zoominfo': 'Sonteri', 'website': 'www.russianbridesint.com', 'headquarters': '1229 Stratford Hall Green Rd, Birmingham, West Midlands, B2B 9AA, Unit...', 'SIC Code': '48,489', 'NAICS Code': '81,812', 'revenue': '<$5M', 'Number of Employees': '<25', 'LinkedIn url': '!not-found'}
{'company_name_zoominfo': 'Peytz', 'website': 'www.peytz.dk', 'headquarters': '26 Vodroffsvej, Frederiksberg C, Region Hovedstaden, 1900, Denmark', 'SIC Code': '59,594', 'NAICS Code': '45,453', 'revenue': '$22M', 'Number of Employees': '105', 'LinkedIn url': 'https://www.linkedin.com/company/peytz'}
{'company_name_zoominfo': 'Ambrite', 'website': 'www.ambrite.ch', 'headquarters': 'Herisau, Ar, Switzerland', 'SIC Code': '27,278', 'NAICS Code': '32,323', 'revenue': '$5M', 'Number of Employees': '<25', 'LinkedIn url': 'https://www.linkedin.com/company/ambrite-ag'}
{'company_name_zoominfo': 'delaware.pro/fr-fr', 'website': 'www.delaware.pro/fr-fr', 'headquarters': '!not-found', 'SIC Code': '72,722', 'NAICS Code': '54,541', 'revenue': '<$5M', 'Number of Employees': '<25', 'LinkedIn url': '!not-found'}
{'company_name_zoominfo': '360m Forum for Future Marketing', 'website': 'www.360m.de', 'headquarters': '!not-found', 'SIC Code': '73,731', 'NAICS Code': '51,518', 'revenue': ':<$5 Million', 'Number of Employees': '61', 'LinkedIn url': 'https://www.linkedin.com/company/360m---forum-for-future-marketing'}
{'company_name_zoominfo': 'Bcsg', 'website': 'www.bcsg.com', 'headquarters': '130 Old St, London, Greater London, EC1V 9BD, United Kingdom', 'SIC Code': '73,737', 'NAICS Code': '54,541', 'revenue': '$57M', 'Number of Employees': '106', 'LinkedIn url': 'https://www.linkedin.com/company/bcsg'}
{'company_name_zoominfo': 'Thales', 'website': 'www.thalesgroup.com', 'headquarters': '31 Place Des Corolles, Paris La Défense, Ile-de-France, 92098, France', 'SIC Code': '37,376', 'NAICS Code': '33,336', 'revenue': '$17B', 'Number of Employees': '76,135', 'LinkedIn url': 'https://www.linkedin.com/company/thales'}
{'company_name_zoominfo': 'Eustema', 'website': 'www.eustema.it', 'headquarters': '7 Via Carlo Mirabello, Roma, Rm, 00195, Italy', 'SIC Code': '73,737', 'NAICS Code': '51,518', 'revenue': '$80M', 'Number of Employees': '387', 'LinkedIn url': 'https://www.linkedin.com/company/eustema-s.p.a.'}
{'company_name_zoominfo': 'Protiviti', 'website': 'www.protiviti.com', 'headquarters': '2884 Sand Hill Rd Ste 200, Menlo Park, California, 94025, United State...', 'SIC Code': '87,874', 'NAICS Code': '54,541', 'revenue': '$1B', 'Number of Employees': '4,292', 'LinkedIn url': 'https://www.linkedin.com/company/protiviti'}
{'company_name_zoominfo': 'Websensa', 'website': 'www.websensa.com', 'headquarters': '2-4 lok. 20 Al. Szucha, Warsaw, Masovian Voivodeship, 00-582, Poland', 'SIC Code': '73,737', 'NAICS Code': '51,518', 'revenue': '<$5M', 'Number of Employees': '<25', 'LinkedIn url': 'https://www.linkedin.com/company/websensa'}
{'company_name_zoominfo': 'Anchorman', 'website': 'www.anchormaninc.com', 'headquarters': '21212 E Covina Hills Rd, Covina, California, 91724, United States', 'SIC Code': '34,342', 'NAICS Code': '33,332', 'revenue': '<$5M', 'Number of Employees': '<25', 'LinkedIn url': '!not-found'}
{'company_name_zoominfo': 'Softcat', 'website': 'www.softcat.com', 'headquarters': 'Fieldhouse Ln, Marlow, Buckinghamshire, SL7 1LW, United Kingdom', 'SIC Code': '73,737', 'NAICS Code': '51,511', 'revenue': '$1B', 'Number of Employees': '1,681', 'LinkedIn url': 'https://www.linkedin.com/company/softcat'}
renewing ip
429
2620:7:6001::145
renewing ip
429
2a04:52c0:106:394::2
renewing ip
429
2605:6400:30:f174:1:2:3:4
{'company_name_zoominfo': 'ORTEC', 'website': 'www.ortec.com', 'headquarters': '5 Houtsingel, Zoetermeer, South Holland, Netherlands', 'SIC Code': '73,737', 'NAICS Code': '54,541', 'revenue': '$210M', 'Number of Employees': '1,000', 'LinkedIn url': 'https://www.linkedin.com/company/ortec-inc-'}
{'company_name_zoominfo': 'NotAvailable', 'website': 'NotAvailable', 'headquarters': 'NotAvailable', 'SIC Code': 'NotAvailable', 'NAICS Code': 'NotAvailable', 'revenue': 'NotAvailable', 'Number of Employees': 'NotAvailable', 'LinkedIn url': 'NotAvailable'}
{'company_name_zoominfo': 'pmOne', 'website': 'www.pmone.com', 'headquarters': '9 Freisinger St, Unterschleißheim, 02, 85716, Germany', 'SIC Code': '73,737', 'NAICS Code': '51,518', 'revenue': '$50M', 'Number of Employees': '255', 'LinkedIn url': 'https://www.linkedin.com/company/pmone-group'}
{'company_name_zoominfo': 'Haicom', 'website': 'www.haicom.ch', 'headquarters': '!not-found', 'SIC Code': '73,737', 'NAICS Code': '81,811', 'revenue': ':<$5 Million', 'Number of Employees': '<25', 'LinkedIn url': '!not-found'}
{'company_name_zoominfo': 'M6 Digital', 'website': 'www.m6digital.com', 'headquarters': '11481 Harold Ln, Carbondale, Illinois, 62901, United States', 'SIC Code': '73,737', 'NAICS Code': '51,518', 'revenue': '<$5M', 'Number of Employees': '<25', 'LinkedIn url': '!not-found'}
{'company_name_zoominfo': 'Avega Group', 'website': 'www.avegagroup.se', 'headquarters': '11a Grev Turegatan, Stockholm, Stockholm County, 114 46, Sweden', 'SIC Code': '89,899', 'NAICS Code': '54,541', 'revenue': '$26M', 'Number of Employees': '350', 'LinkedIn url': 'https://www.linkedin.com/company/avegagroup'}
{'company_name_zoominfo': 'Venzo', 'website': 'www.venzo.com', 'headquarters': '8500 Normandale Lake Blvd Ste 350, Bloomington, Minnesota, 55437, Unit...', 'SIC Code': '73,737', 'NAICS Code': '54,541', 'revenue': '$6M', 'Number of Employees': '<25', 'LinkedIn url': 'https://www.linkedin.com/company/venzo-a-s'}
{'company_name_zoominfo': 'deepsense.ai.', 'website': 'www.deepsense.ai', 'headquarters': '2100 Geng Rd Ste 210, Palo Alto, California, 94303, United States', 'SIC Code': '73,737', 'NAICS Code': '54,541', 'revenue': '$6M', 'Number of Employees': '36', 'LinkedIn url': 'https://www.linkedin.com/company/deepsense.ai'}
{'company_name_zoominfo': 'Pegasystems', 'website': 'www.pega.com', 'headquarters': '1 Main St, Cambridge, Massachusetts, 02142, United States', 'SIC Code': '73,737', 'NAICS Code': '51,518', 'revenue': '$1B', 'Number of Employees': '6,133', 'LinkedIn url': 'https://www.linkedin.com/company/pegasystems'}
{'company_name_zoominfo': 'ZoomInfo', 'website': 'www.zoominfo.com', 'headquarters': '805 Broadway St Ste 900, Vancouver, Washington, 98660, United States', 'SIC Code': '27,274', 'NAICS Code': '54,541', 'revenue': '$835M', 'Number of Employees': '3,546', 'LinkedIn url': 'https://www.linkedin.com/company/zoominfo'}
{'company_name_zoominfo': 'Hexaware Technologies', 'website': 'www.hexaware.com', 'headquarters': 'Bldg. No. 152 Millennium Business Park "a" Block Ttc Industrial Area S...', 'SIC Code': '73,737', 'NAICS Code': '54,541', 'revenue': '$971M', 'Number of Employees': '24,166', 'LinkedIn url': 'https://www.linkedin.com/company/hexaware-technologies'}
{'company_name_zoominfo': 'TrueData', 'website': 'www.true-data.com', 'headquarters': '55 W Hills Rd, Huntington Station, New York, 11746, United States', 'SIC Code': '61,615', 'NAICS Code': '52,522', 'revenue': '<$5M', 'Number of Employees': '<25', 'LinkedIn url': '!not-found'}
{'company_name_zoominfo': 'TTEC', 'website': 'www.ttec.com', 'headquarters': '9197 S Peoria St, Englewood, Colorado, 80112, United States', 'SIC Code': '73,737', 'NAICS Code': '54,541', 'revenue': '$2.3B', 'Number of Employees': '65,000', 'LinkedIn url': 'https://www.linkedin.com/company/ttec'}
{'company_name_zoominfo': 'Educloud', 'website': 'www.educloud.com', 'headquarters': 'Korea, Republic of', 'SIC Code': '82,822', 'NAICS Code': '61,611', 'revenue': '$8M', 'Number of Employees': '44', 'LinkedIn url': '!not-found'}
{'company_name_zoominfo': 'BSO', 'website': 'www.bso.co', 'headquarters': 'Wentworth House 13 Fl 2 Ofc Ste 202, Eblana Villas,, EC2A 4LB, Ireland', 'SIC Code': '73,737', 'NAICS Code': '54,541', 'revenue': '$30M', 'Number of Employees': '149', 'LinkedIn url': 'https://www.linkedin.com/company/bso-network-solutions'}
{'company_name_zoominfo': 'Sensiple', 'website': 'www.sensiple.com', 'headquarters': '555 Us Hwy 1 S Ste 330, Iselin, New Jersey, 08830, United States', 'SIC Code': '73,737', 'NAICS Code': '56,561', 'revenue': '$25M', 'Number of Employees': '130', 'LinkedIn url': 'https://www.linkedin.com/company/sensiple'}
{'company_name_zoominfo': 'TechMatrix', 'website': 'www.techmatrix.co.jp', 'headquarters': 'Kokusaikougyoumita No.2 Building 11-24 Mita 3-chome, Minato-ku, Tokyo,...', 'SIC Code': '73,737', 'NAICS Code': '54,541', 'revenue': '$270M', 'Number of Employees': '734', 'LinkedIn url': 'https://www.linkedin.com/company/techmatrix-corp.'}
{'company_name_zoominfo': 'NotAvailable', 'website': 'NotAvailable', 'headquarters': 'NotAvailable', 'SIC Code': 'NotAvailable', 'NAICS Code': 'NotAvailable', 'revenue': 'NotAvailable', 'Number of Employees': 'NotAvailable', 'LinkedIn url': 'NotAvailable'}
{'company_name_zoominfo': 'Sabre', 'website': 'www.sabre.com', 'headquarters': '3150 Sabre Dr, Southlake, Texas, 76092, United States', 'SIC Code': '73,737', 'NAICS Code': '54,541', 'revenue': '$1B', 'Number of Employees': '7,583', 'LinkedIn url': 'https://www.linkedin.com/company/sabre-corporation'}
renewing ip
429
2a10:8a40:f313::29
renewing ip
429
2a03:e600:100::26
renewing ip
429
2a0b:f4c2::20
{'company_name_zoominfo': 'Recruit Holdings', 'website': 'www.recruit-holdings.com', 'headquarters': '1-9-2 Marunouchi, Chiyoda-ku, Tokyo, 100-6640, Japan', 'SIC Code': '73,737', 'NAICS Code': '54,541', 'revenue': '$19B', 'Number of Employees': '51,757', 'LinkedIn url': 'https://www.linkedin.com/company/recruit-holdings-co-ltd'}
{'company_name_zoominfo': 'Sify Technologies', 'website': 'www.sifytechnologies.com', 'headquarters': 'Tidel Park No. 4 Rajiv Gandhi Salai Fl 2, Chennai, Tamil Nadu, India', 'SIC Code': '73,737', 'NAICS Code': '54,541', 'revenue': '$345M', 'Number of Employees': '3,641', 'LinkedIn url': 'https://www.linkedin.com/company/sify'}
{'company_name_zoominfo': 'Capita', 'website': 'www.capita.com', 'headquarters': '71 Victoria St, London, Greater London, SW1H 0XA, United Kingdom', 'SIC Code': '73,737', 'NAICS Code': '51,518', 'revenue': '$3B', 'Number of Employees': '52,000', 'LinkedIn url': 'https://www.linkedin.com/company/capita'}
{'company_name_zoominfo': 'DE-CIX Management', 'website': 'www.de-cix.net', 'headquarters': '12 Lindleystr., Frankfurt am Main, Hesse, 60314, Germany', 'SIC Code': '73,737', 'NAICS Code': '51,518', 'revenue': '$48M', 'Number of Employees': '200', 'LinkedIn url': 'https://www.linkedin.com/company/de-cix'}
{'company_name_zoominfo': 'Dasinfomedia', 'website': 'www.dasinfomedia.com', 'headquarters': '616 Corporate Way Ste 2-4000, Valley Cottage, New York, 10989, United ...', 'SIC Code': '73,737', 'NAICS Code': '51,518', 'revenue': '$5M', 'Number of Employees': '<25', 'LinkedIn url': 'https://www.linkedin.com/company/dasinfomedia-pvt.-ltd'}
{'company_name_zoominfo': 'ConvergeOne', 'website': 'www.convergeone.com', 'headquarters': '10900 Nesbitt Avenue South, Bloomington, Minnesota, 55437, United Stat...', 'SIC Code': '73,737', 'NAICS Code': '54,541', 'revenue': '$682M', 'Number of Employees': '2,798', 'LinkedIn url': 'https://www.linkedin.com/company/166076'}
{'company_name_zoominfo': 'ASSIST Software', 'website': 'www.assist-software.net', 'headquarters': '1 Tipografiei St, Suceava, Suceava, 720043, Romania', 'SIC Code': '73,737', 'NAICS Code': '54,541', 'revenue': '$18M', 'Number of Employees': '52', 'LinkedIn url': 'https://www.linkedin.com/company/assist-srl'}
{'company_name_zoominfo': 'NotAvailable', 'website': 'NotAvailable', 'headquarters': 'NotAvailable', 'SIC Code': 'NotAvailable', 'NAICS Code': 'NotAvailable', 'revenue': 'NotAvailable', 'Number of Employees': 'NotAvailable', 'LinkedIn url': 'NotAvailable'}
{'company_name_zoominfo': 'Symmetry Systems', 'website': 'www.symmetry-systems.com', 'headquarters': '400 S El Camino Real Ste 1050, San Mateo, California, 94402, United St...', 'SIC Code': '73,737', 'NAICS Code': '54,541', 'revenue': '<$5M', 'Number of Employees': '<25', 'LinkedIn url': 'https://www.linkedin.com/company/symmetry-systems-inc'}
{'company_name_zoominfo': 'Cyient', 'website': 'www.cyient.com', 'headquarters': 'Plot No 11 Software Units Layout Infocity Madhapur, Hyderabad, Andhra ...', 'SIC Code': '36,367', 'NAICS Code': '54,541', 'revenue': '$579M', 'Number of Employees': '12,468', 'LinkedIn url': 'https://www.linkedin.com/company/cyient'}
{'company_name_zoominfo': 'Semantix', 'website': 'www.semantix.com', 'headquarters': '43 Storgatan, Umea, Vaesterbotten, 903 26, Sweden', 'SIC Code': '73,738', 'NAICS Code': '54,541', 'revenue': '$62M', 'Number of Employees': '6,000', 'LinkedIn url': 'https://www.linkedin.com/company/semantix-norge'}
{'company_name_zoominfo': 'Innodata', 'website': 'www.innodata.com', 'headquarters': '55 Challenger Rd Ste 202, Ridgefield Park, New Jersey, 07660, United S...', 'SIC Code': '73,737', 'NAICS Code': '51,511', 'revenue': '$75M', 'Number of Employees': '4,500', 'LinkedIn url': 'https://www.linkedin.com/company/innodata-inc-'}
{'company_name_zoominfo': 'Education Elements', 'website': 'www.edelements.com', 'headquarters': '101 Hickey Blvd Ste A 526, South San Francisco, California, 94080, Uni...', 'SIC Code': '87,874', 'NAICS Code': '61,611', 'revenue': '$7M', 'Number of Employees': '35', 'LinkedIn url': 'https://www.linkedin.com/company/education-elements'}
{'company_name_zoominfo': 'Guru Technologies', 'website': 'www.gurutechnologies.net', 'headquarters': '1645 E Hwy 193 Ste 103, Layton, Utah, 84040, United States', 'SIC Code': '73,737', 'NAICS Code': '51,518', 'revenue': '$8M', 'Number of Employees': '32', 'LinkedIn url': 'https://www.linkedin.com/company/guru-technologies'}
{'company_name_zoominfo': 'Signity Solutions', 'website': 'www.signitysolutions.com', 'headquarters': '762 Green St Ste 1R, Iselin, New Jersey, 08830, United States', 'SIC Code': '73,737', 'NAICS Code': '51,518', 'revenue': '$5M', 'Number of Employees': '66', 'LinkedIn url': 'https://www.linkedin.com/company/signity-software-solutions'}
{'company_name_zoominfo': 'Lab577', 'website': 'www.lab577.io', 'headquarters': '12 18 Hoxton St Unit 2.05, London, Essex, N1 6NG, United Kingdom', 'SIC Code': '73,738', 'NAICS Code': '56,561', 'revenue': '<$5M', 'Number of Employees': '<25', 'LinkedIn url': 'https://www.linkedin.com/company/lab577'}
{'company_name_zoominfo': 'Scai the Bathhouse', 'website': 'www.scaithebathhouse.com', 'headquarters': 'United States', 'SIC Code': '59,599', 'NAICS Code': '45,453', 'revenue': '<$5M', 'Number of Employees': '<25', 'LinkedIn url': '!not-found'}
{'company_name_zoominfo': 'Oggeh', 'website': 'www.oggeh.com', 'headquarters': '36 Elzahraa St, Cairo, Cairo Governorate, 11787, Egypt', 'SIC Code': '73,737', 'NAICS Code': '54,541', 'revenue': '<$5M', 'Number of Employees': '<25', 'LinkedIn url': 'https://www.linkedin.com/company/oggeh'}
{'company_name_zoominfo': 'SKG Tecnologia SAS', 'website': 'www.skgtecnologia.com', 'headquarters': '#108 27 Av. Carrera 45, Bogotá Distrito Especial, 110221, Colombia', 'SIC Code': '92,922', 'NAICS Code': '92,922', 'revenue': '$6M', 'Number of Employees': '<25', 'LinkedIn url': 'https://www.linkedin.com/company/smart-kapital-group'}
{'company_name_zoominfo': 'Stirista', 'website': 'www.stirista.com', 'headquarters': '16414 San Pedro Ave Ste 150, San Antonio, Texas, 78232, United States', 'SIC Code': '87,874', 'NAICS Code': '54,541', 'revenue': '$7M', 'Number of Employees': '46', 'LinkedIn url': 'https://www.linkedin.com/company/stirista-global'}
{'company_name_zoominfo': 'LoadSpring Solutions', 'website': 'www.loadspring.com', 'headquarters': '187 Ballardvale St Ste B210, Wilmington, Massachusetts, 01887, United ...', 'SIC Code': '73,737', 'NAICS Code': '51,518', 'revenue': '$21M', 'Number of Employees': '110', 'LinkedIn url': 'https://www.linkedin.com/company/loadspring-solutions-inc-'}
{'company_name_zoominfo': 'Siscale', 'website': 'www.siscale.com', 'headquarters': '5 Becker Farm Rd Ste 46, Roseland, New Jersey, 07068, United States', 'SIC Code': '73,737', 'NAICS Code': '54,541', 'revenue': '$5M', 'Number of Employees': '<25', 'LinkedIn url': 'https://www.linkedin.com/company/siscale'}
{'company_name_zoominfo': 'CloudTamers', 'website': 'www.cloudtamers.com', 'headquarters': 'Cheltenham Campus Princess Elizabeth Way, Cheltenham, Gloucestershire,...', 'SIC Code': '73,737', 'NAICS Code': '54,541', 'revenue': '<$5M', 'Number of Employees': '<25', 'LinkedIn url': 'https://www.linkedin.com/company/cloudtamers-ltd'}
