{'company_name_zoominfo': 'Ackee', 'website': 'www.ackee.cz', 'headquarters': '2744-8 Bechyňova, Prague, Praha, Czech Republic', 'SIC Code': '73,737', 'NAICS Code': '51,518', 'revenue': '$15M', 'Number of Employees': '39', 'LinkedIn url': 'https://www.linkedin.com/company/ackee'}
{'company_name_zoominfo': 'ADMA by Edu Apps', 'website': 'www.goadma.com', 'headquarters': 'Bucharest Business Centre nr. 17 St C.a. Rosetti 2nd District, Buchare...', 'SIC Code': '82,821', 'NAICS Code': '61,611', 'revenue': '$5M', 'Number of Employees': '<25', 'LinkedIn url': 'https://www.linkedin.com/company/2642942'}
{'company_name_zoominfo': 'Blue Zoo', 'website': 'www.bluezoo.com.au', 'headquarters': 'level 1,414 Murray St, Perth, Western Australia, 6000, Australia', 'SIC Code': '84,842', 'NAICS Code': '71,712', 'revenue': '<$5M', 'Number of Employees': '<25', 'LinkedIn url': 'https://www.linkedin.com/company/bluezoo'}
{'company_name_zoominfo': 'CloudIQ Technologies', 'website': 'www.cloudiqtech.com', 'headquarters': '626 120th Ave Ne B102, Bellevue, Washington, 98005, United States', 'SIC Code': '73,737', 'NAICS Code': '54,541', 'revenue': '$6M', 'Number of Employees': '<25', 'LinkedIn url': 'https://www.linkedin.com/company/cloud-iq-technologies'}
{'company_name_zoominfo': 'NotAvailable', 'website': 'NotAvailable', 'headquarters': 'NotAvailable', 'SIC Code': 'NotAvailable', 'NAICS Code': 'NotAvailable', 'revenue': 'NotAvailable', 'Number of Employees': 'NotAvailable', 'LinkedIn url': 'NotAvailable'}
{'company_name_zoominfo': 'Continental Resources', 'website': 'www.clr.com', 'headquarters': '20 N Broadway, Oklahoma City, Oklahoma, 73102, United States', 'SIC Code': '13,138', 'NAICS Code': '21,211', 'revenue': '$6B', 'Number of Employees': '1,254', 'LinkedIn url': 'https://www.linkedin.com/company/continental-resources_2'}
{'company_name_zoominfo': 'OntoChem', 'website': 'www.ontochem.com', 'headquarters': '24 Blücherstr., Halle Saale, Sachsen-anhalt, 06120, Germany', 'SIC Code': '87,873', 'NAICS Code': '54,541', 'revenue': '$11M', 'Number of Employees': '32', 'LinkedIn url': 'https://www.linkedin.com/company/ontochem-gmbh'}
{'company_name_zoominfo': 'Neuton', 'website': 'www.neuton.ai', 'headquarters': 'United States', 'SIC Code': '73,737', 'NAICS Code': '54,541', 'revenue': '<$5M', 'Number of Employees': '<25', 'LinkedIn url': 'https://www.linkedin.com/company/neuton'}
{'company_name_zoominfo': 'Geniee', 'website': 'www.geniee.co.jp', 'headquarters': 'Sumitomofudosan Nishishinjuku Bldg 25f Shinjuku-ku, Nishishinjuku, Tok...', 'SIC Code': '73,731', 'NAICS Code': '54,541', 'revenue': '$107M', 'Number of Employees': '272', 'LinkedIn url': 'https://www.linkedin.com/company/geniee-int---ssp'}
{'company_name_zoominfo': 'Witbee', 'website': 'www.witbee.com', 'headquarters': '111 N Rengstorff Ave 1218, Mountain View, California, 94043, United St...', 'SIC Code': '73,737', 'NAICS Code': '54,541', 'revenue': '<$5M', 'Number of Employees': '<25', 'LinkedIn url': 'https://www.linkedin.com/company/witbeecom'}
{'company_name_zoominfo': 'NotAvailable', 'website': 'NotAvailable', 'headquarters': 'NotAvailable', 'SIC Code': 'NotAvailable', 'NAICS Code': 'NotAvailable', 'revenue': 'NotAvailable', 'Number of Employees': 'NotAvailable', 'LinkedIn url': 'NotAvailable'}
{'company_name_zoominfo': 'Net Conversion', 'website': 'www.netconversion.com', 'headquarters': '141 N Magnolia Ave, Orlando, Florida, 32801, United States', 'SIC Code': '87,874', 'NAICS Code': '54,541', 'revenue': '$9M', 'Number of Employees': '43', 'LinkedIn url': 'https://www.linkedin.com/company/net-conversion'}
{'company_name_zoominfo': 'Kyvos Insights', 'website': 'www.kyvosinsights.com', 'headquarters': '720 University Ave Ste 130, Los Gatos, California, 95032, United State...', 'SIC Code': '73,737', 'NAICS Code': '51,518', 'revenue': '$36M', 'Number of Employees': '133', 'LinkedIn url': 'https://www.linkedin.com/company/kyvos-insights-inc-'}
{'company_name_zoominfo': 'Veersoft Solutions', 'website': 'www.veersoftsolutions.com', 'headquarters': 'S.k.r Kalyana Mantapa 5/3 Kundalahalli Gate Thubarahalli Fl 4 Opp, Epi...', 'SIC Code': '73,737', 'NAICS Code': '51,518', 'revenue': '<$5M', 'Number of Employees': '<25', 'LinkedIn url': 'https://www.linkedin.com/company/veersoft-solutions---india'}
{'company_name_zoominfo': 'Silver Lining', 'website': 'www.silverliningxray.com', 'headquarters': '21 County Road 408, Corinth, Mississippi, 38834, United States', 'SIC Code': '72,722', 'NAICS Code': '32,325', 'revenue': '<$5M', 'Number of Employees': '<25', 'LinkedIn url': 'https://www.linkedin.com/company/silver-lining-inc.'}
{'company_name_zoominfo': 'Treehouse Software', 'website': 'www.treehouse.com', 'headquarters': '2605 Nicholson Rd Ste 1230, Sewickley, Pennsylvania, 15143, United Sta...', 'SIC Code': '73,737', 'NAICS Code': '54,541', 'revenue': '<$5M', 'Number of Employees': '<25', 'LinkedIn url': 'https://www.linkedin.com/company/39849'}
{'company_name_zoominfo': 'Secrutiny', 'website': 'www.secrutiny.com', 'headquarters': '7-10 Adam St, London, Greater London, WC2N 6AA, United Kingdom', 'SIC Code': '73,738', 'NAICS Code': '56,561', 'revenue': '$14M', 'Number of Employees': '40', 'LinkedIn url': 'https://www.linkedin.com/company/secrutiny-limited'}
{'company_name_zoominfo': 'SK holdings C&C', 'website': 'www.skcc.com', 'headquarters': 'Sk U-tower 25-1 Jeongja-dong, Seongnam, Gyeonggi, Korea, Republic of', 'SIC Code': '73,737', 'NAICS Code': '51,518', 'revenue': '$1B', 'Number of Employees': '2,443', 'LinkedIn url': 'https://www.linkedin.com/company/45307'}
renewing ip
429
2a0b:f4c1:2::242
{'company_name_zoominfo': 'Beyond Now', 'website': 'www.beyondnow.nl', 'headquarters': '13 Herdersstaf, Soest, 3763XS, Netherlands', 'SIC Code': '94,944', 'NAICS Code': '92,923', 'revenue': '<$5M', 'Number of Employees': '<25', 'LinkedIn url': 'https://www.linkedin.com/company/beyond-now'}
{'company_name_zoominfo': 'SIOS Technology', 'website': 'www.sios.com', 'headquarters': '155 Bovet Rd Ste 660 Ste 250, San Mateo, California, 94403, United Sta...', 'SIC Code': '73,737', 'NAICS Code': '54,541', 'revenue': '$111M', 'Number of Employees': '489', 'LinkedIn url': 'https://www.linkedin.com/company/siostech'}
{'company_name_zoominfo': 'Itommey Bintang Indonesia', 'website': 'www.itommey.com', 'headquarters': 'Sahid Sudirman Center Bldg 11a 86 Fl, Jakarta Pusat, Jakarta, Indonesi...', 'SIC Code': '73,737', 'NAICS Code': '54,541', 'revenue': '<$5M', 'Number of Employees': '<25', 'LinkedIn url': '!not-found'}
{'company_name_zoominfo': 'Cognosys', 'website': 'www.cogno-sys.com', 'headquarters': '16192 Coastal Hwy, Lewes, Delaware, 19958, United States', 'SIC Code': '73,737', 'NAICS Code': '51,518', 'revenue': '$11M', 'Number of Employees': '34', 'LinkedIn url': 'https://www.linkedin.com/company/cog-healthcare-management-systems'}
{'company_name_zoominfo': 'TT Consultants', 'website': 'www.ttconsultants.com', 'headquarters': 'Office 413-413 a Tower a 4th Floor Bestech Business Tower Sector 66, M...', 'SIC Code': '73,738', 'NAICS Code': '51,518', 'revenue': '$73M', 'Number of Employees': '348', 'LinkedIn url': 'https://www.linkedin.com/company/tt-consultants-limited'}
{'company_name_zoominfo': 'GAR', 'website': 'www.garcorp.in', 'headquarters': '8-2-682 Rd No.12, Hyderabad, Telangana, India', 'SIC Code': '65,653', 'NAICS Code': '53,531', 'revenue': '<$5M', 'Number of Employees': '<25', 'LinkedIn url': 'https://www.linkedin.com/company/28678821'}
{'company_name_zoominfo': 'VyOS', 'website': 'www.upnetix.com.br', 'headquarters': '!not-found', 'SIC Code': '20,205', 'NAICS Code': '11,112', 'revenue': ':<$5 Million', 'Number of Employees': '<25', 'LinkedIn url': '!not-found'}
{'company_name_zoominfo': 'Aeegle', 'website': 'www.aeegle.com', 'headquarters': '10100 Santa Monica Blvd Ste 300, Los Angeles, California, 90067, Unite...', 'SIC Code': '73,737', 'NAICS Code': '54,541', 'revenue': '<$5M', 'Number of Employees': '<25', 'LinkedIn url': 'https://www.linkedin.com/company/aeegle'}
{'company_name_zoominfo': 'Modern Managed IT', 'website': 'www.modernmanagedit.com', 'headquarters': '110 E Houston St Fl 7 57, San Antonio, Texas, 78205, United States', 'SIC Code': '73,737', 'NAICS Code': '54,541', 'revenue': '<$5M', 'Number of Employees': '<25', 'LinkedIn url': 'https://www.linkedin.com/company/modern-managed-it'}
{'company_name_zoominfo': 'Sakura Internet', 'website': 'sakura.ad.jp', 'headquarters': '1-8-14 Chuo-ku, Osaka, Osaka, Japan', 'SIC Code': '48,481', 'NAICS Code': '51,517', 'revenue': '$148M', 'Number of Employees': '710', 'LinkedIn url': 'https://www.linkedin.com/company/sakura-internet-inc-3778-'}
{'company_name_zoominfo': 'DataPI', 'website': 'www.datapi.ai', 'headquarters': '15 Corporate Pl S Ste 145, Piscataway, New Jersey, 08854, United State...', 'SIC Code': '73,737', 'NAICS Code': '54,541', 'revenue': '$19M', 'Number of Employees': '90', 'LinkedIn url': 'https://www.linkedin.com/company/datapi-solutions-inc'}
{'company_name_zoominfo': 'iT1 Source', 'website': 'www.it1.com', 'headquarters': '1860 W University Dr Ste 100, Tempe, Arizona, 85281, United States', 'SIC Code': '73,737', 'NAICS Code': '54,541', 'revenue': '$20M', 'Number of Employees': '100', 'LinkedIn url': 'https://www.linkedin.com/company/it1'}
{'company_name_zoominfo': 'MSR Cosmos', 'website': 'www.msrcosmos.com', 'headquarters': '5250 Claremont Ave Ste 249, Stockton, California, 95207, United States', 'SIC Code': '73,738', 'NAICS Code': '54,541', 'revenue': '$32M', 'Number of Employees': '91', 'LinkedIn url': 'https://www.linkedin.com/company/msrcosmos-llc'}
{'company_name_zoominfo': 'Talentful', 'website': 'www.talentful.com', 'headquarters': '750 Battery St Ste 600, San Francisco, California, 94111, United State...', 'SIC Code': '87,874', 'NAICS Code': '54,541', 'revenue': '$13M', 'Number of Employees': '123', 'LinkedIn url': 'https://www.linkedin.com/company/talentful'}
{'company_name_zoominfo': 'e-Safe Compliance', 'website': 'www.e-safecompliance.com', 'headquarters': '309 Kent St L 14, Sydney, New South Wales, 2000, Australia', 'SIC Code': '50,504', 'NAICS Code': '42,423', 'revenue': '$6M', 'Number of Employees': '<25', 'LinkedIn url': 'https://www.linkedin.com/company/e-safesystems'}
{'company_name_zoominfo': 'NotAvailable', 'website': 'NotAvailable', 'headquarters': 'NotAvailable', 'SIC Code': 'NotAvailable', 'NAICS Code': 'NotAvailable', 'revenue': 'NotAvailable', 'Number of Employees': 'NotAvailable', 'LinkedIn url': 'NotAvailable'}
{'company_name_zoominfo': 'HackerBay', 'website': 'www.hackerbay.io', 'headquarters': '21 Dry Dock Ave Ste 610E, Boston, Massachusetts, 02210, United States', 'SIC Code': '73,737', 'NAICS Code': '54,541', 'revenue': '<$5M', 'Number of Employees': '<25', 'LinkedIn url': '!not-found'}
renewing ip
429
2620:7:6001::145
renewing ip
429
2a04:52c0:106:394::2
renewing ip
429
2605:6400:30:f174:1:2:3:4
{'company_name_zoominfo': 'Delta Risk', 'website': 'www.deltarisk.com', 'headquarters': "106 S St. Mary's St Ste 601, San Antonio, Texas, 78205, United States", 'SIC Code': '73,738', 'NAICS Code': '56,561', 'revenue': '$15M', 'Number of Employees': '79', 'LinkedIn url': 'https://www.linkedin.com/company/delta-risk-llc'}
{'company_name_zoominfo': 'Digital.ai', 'website': 'www.digital.ai', 'headquarters': '285 Summer St, Boston, Massachusetts, 02210, United States', 'SIC Code': '73,737', 'NAICS Code': '51,518', 'revenue': '$133M', 'Number of Employees': '273', 'LinkedIn url': 'https://www.linkedin.com/company/xebialabs'}
{'company_name_zoominfo': 'IRIS Software', 'website': 'www.irissoftware.com', 'headquarters': '200 Metroplex Dr Ste 300, Edison, New Jersey, 08817, United States', 'SIC Code': '73,737', 'NAICS Code': '54,541', 'revenue': '$840M', 'Number of Employees': '4,000', 'LinkedIn url': 'https://www.linkedin.com/company/iris-software-inc.'}
{'company_name_zoominfo': 'GA-CCRi', 'website': 'www.ga-ccri.com', 'headquarters': '!not-found', 'SIC Code': '72,722', 'NAICS Code': '54,541', 'revenue': ':$18 Million', 'Number of Employees': '108', 'LinkedIn url': 'https://www.linkedin.com/company/ccr_inc'}
{'company_name_zoominfo': 'Hippo Innovations Pvt', 'website': 'www.hippoinnovations.com', 'headquarters': 'B4-309 Spaze Itech Park Sohna Sector 49 Rd, Gurgaon, Haryana, 122001, ...', 'SIC Code': '61,611', 'NAICS Code': '52,522', 'revenue': '$8M', 'Number of Employees': '41', 'LinkedIn url': 'https://www.linkedin.com/company/hippoinnovations'}
{'company_name_zoominfo': 'Wysdom', 'website': 'www.wysdom.ai', 'headquarters': '24-155 E Beaver Creek Rd Ste 214, Richmond Hill, Ontario, L4B 2N1, Can...', 'SIC Code': '73,737', 'NAICS Code': '51,518', 'revenue': '$21M', 'Number of Employees': '100', 'LinkedIn url': 'https://www.linkedin.com/company/2771468'}
{'company_name_zoominfo': 'Censys', 'website': 'www.censys.io', 'headquarters': '116 ½ S Main St, Ann Arbor, Michigan, 48103, United States', 'SIC Code': '73,737', 'NAICS Code': '51,518', 'revenue': '$26M', 'Number of Employees': '127', 'LinkedIn url': 'https://www.linkedin.com/company/censysio'}
{'company_name_zoominfo': 'Concerto Analytics', 'website': 'www.concertoanalytics.com', 'headquarters': '459 Collins St, Melbourne, Victoria, 3000, Australia', 'SIC Code': '87,873', 'NAICS Code': '54,541', 'revenue': '$6M', 'Number of Employees': '<25', 'LinkedIn url': 'https://www.linkedin.com/company/concertoanalytics'}
{'company_name_zoominfo': 'NotAvailable', 'website': 'NotAvailable', 'headquarters': 'NotAvailable', 'SIC Code': 'NotAvailable', 'NAICS Code': 'NotAvailable', 'revenue': 'NotAvailable', 'Number of Employees': 'NotAvailable', 'LinkedIn url': 'NotAvailable'}
{'company_name_zoominfo': 'System House R & C', 'website': 'www.sh-rc.co.jp', 'headquarters': 'higashi-ohi bldg 7f 2-13-8 higashi-ohi shinagawa-ku Keihin, Higashiooi...', 'SIC Code': '35,357', 'NAICS Code': '33,334', 'revenue': '<$5M', 'Number of Employees': '<25', 'LinkedIn url': '!not-found'}
{'company_name_zoominfo': 'SoldOut', 'website': 'www.sold-out.co.jp', 'headquarters': 'Ryujinkan Head Office Bldg 3-10 3rd Floor-6th Fl, Kandasurugadai, Toky...', 'SIC Code': '31,314', 'NAICS Code': '31,316', 'revenue': '$165M', 'Number of Employees': '415', 'LinkedIn url': '!not-found'}
{'company_name_zoominfo': 'Keywalker', 'website': 'www.keywalker.co.jp', 'headquarters': 'Tokyo, Tokyo, Japan', 'SIC Code': '73,737', 'NAICS Code': '54,541', 'revenue': '$7M', 'Number of Employees': '<25', 'LinkedIn url': 'https://www.linkedin.com/company/keywalker-inc-'}
{'company_name_zoominfo': 'Intimate Merger', 'website': 'www.intimatemerger.com', 'headquarters': '6-3-1 Roppongi 5F Minato-ku, Tokyo, Tokyo, 106-0032, Japan', 'SIC Code': '56,563', 'NAICS Code': '44,448', 'revenue': '<$5M', 'Number of Employees': '<25', 'LinkedIn url': '!not-found'}
{'company_name_zoominfo': 'Babel', 'website': 'www.babel.jp', 'headquarters': '!not-found', 'SIC Code': '79,799', 'NAICS Code': '71,713', 'revenue': ':<$5 Million', 'Number of Employees': '<25', 'LinkedIn url': 'https://www.linkedin.com/company/babelinc'}
{'company_name_zoominfo': 'Appvia', 'website': 'www.appvia.io', 'headquarters': '12 Long Ln, London, Greater London, EC1A 9HA, United Kingdom', 'SIC Code': '73,737', 'NAICS Code': '54,541', 'revenue': '<$5M', 'Number of Employees': '<25', 'LinkedIn url': 'https://www.linkedin.com/company/appvia'}
{'company_name_zoominfo': 'SecureSky', 'website': 'www.securesky.com', 'headquarters': '16850 Frances St Ste 102, Omaha, Nebraska, 68130, United States', 'SIC Code': '73,738', 'NAICS Code': '56,561', 'revenue': '<$5M', 'Number of Employees': '<25', 'LinkedIn url': 'https://www.linkedin.com/company/securesky'}
{'company_name_zoominfo': 'Bellwood Labs', 'website': 'www.bellwood.io', 'headquarters': '!not-found', 'SIC Code': '80,807', 'NAICS Code': '33,339', 'revenue': '<$5M', 'Number of Employees': '<25', 'LinkedIn url': 'https://www.linkedin.com/company/bellwood-labs'}
{'company_name_zoominfo': 'Unified InfraCom Systems', 'website': 'www.unifiedinfra.com', 'headquarters': 'c2/304 Near Chandani Chowk, Kothrud, Maharashtra, 411038, India', 'SIC Code': '73,737', 'NAICS Code': '54,541', 'revenue': '<$5M', 'Number of Employees': '<25', 'LinkedIn url': 'https://www.linkedin.com/company/unifiedinfracomsystemsllp'}
renewing ip
429
2a10:8a40:f313::29
renewing ip
429
2a03:e600:100::26
renewing ip
429
2a0b:f4c2::20
{'company_name_zoominfo': 'Miri Infotech', 'website': 'www.miritech.com', 'headquarters': '8375 Pendleton Pike Ste 300, Indianapolis, Indiana, 46226, United Stat...', 'SIC Code': '73,737', 'NAICS Code': '54,541', 'revenue': '<$5M', 'Number of Employees': '28', 'LinkedIn url': 'https://www.linkedin.com/company/miriinfotech'}
{'company_name_zoominfo': 'Persona', 'website': 'www.withpersona.com', 'headquarters': '540 Howard St Fl 2 126, San Francisco, California, 94105, United State...', 'SIC Code': '73,737', 'NAICS Code': '54,541', 'revenue': '<$5M', 'Number of Employees': '<25', 'LinkedIn url': 'https://www.linkedin.com/company/persona-identities'}
{'company_name_zoominfo': 'SchedMD', 'website': 'www.schedmd.com', 'headquarters': '240 N 1200 E Ste 203, Lehi, Utah, 84043, United States', 'SIC Code': '73,737', 'NAICS Code': '54,541', 'revenue': '<$5M', 'Number of Employees': '<25', 'LinkedIn url': 'https://www.linkedin.com/company/schedmd-llc'}
{'company_name_zoominfo': 'Canonical', 'website': 'www.canonical.com', 'headquarters': 'The Office Group St Dunstans House 201 Borough High St Fl 4, London, G...', 'SIC Code': '73,737', 'NAICS Code': '51,511', 'revenue': '$91M', 'Number of Employees': '513', 'LinkedIn url': 'https://www.linkedin.com/company/canonical'}
{'company_name_zoominfo': 'Alisys', 'website': 'www.alisys.net', 'headquarters': '85 C/ Orense, Madrid, Madrid, 28020, Spain', 'SIC Code': '73,737', 'NAICS Code': '51,511', 'revenue': '$14M', 'Number of Employees': '64', 'LinkedIn url': 'https://www.linkedin.com/company/alisys'}
{'company_name_zoominfo': 'Coalfire', 'website': 'www.coalfire.com', 'headquarters': '11000 Westmoor Cir Ste 450, Westminster, Colorado, 80021, United State...', 'SIC Code': '73,737', 'NAICS Code': '54,541', 'revenue': '$243M', 'Number of Employees': '1,000', 'LinkedIn url': 'https://www.linkedin.com/company/coalfire-systems-inc-'}
{'company_name_zoominfo': 'Cutover', 'website': 'www.cutover.com', 'headquarters': '41 Luke St, London, Greater London, EC2A 4DP, United Kingdom', 'SIC Code': '73,737', 'NAICS Code': '51,511', 'revenue': '$15M', 'Number of Employees': '75', 'LinkedIn url': 'https://www.linkedin.com/company/cutover'}
{'company_name_zoominfo': 'Mock', 'website': 'www.mocktheagency.com', 'headquarters': '247 14th St NW, Atlanta, Georgia, 30318, United States', 'SIC Code': '73,731', 'NAICS Code': '54,541', 'revenue': '<$5M', 'Number of Employees': '<25', 'LinkedIn url': 'https://www.linkedin.com/company/mock-the-agency'}
{'company_name_zoominfo': 'BOTfriends', 'website': 'www.botfriends.de', 'headquarters': '28 Eichhornstraãÿe, Wuerzburg, Bavaria, 97070, Germany', 'SIC Code': '73,737', 'NAICS Code': '51,511', 'revenue': '$5M', 'Number of Employees': '<25', 'LinkedIn url': 'https://www.linkedin.com/company/botfriends'}
{'company_name_zoominfo': 'Ternary', 'website': 'www.ternary.app', 'headquarters': '6195 Northern Blvd, East Norwich, New York, 11732, United States', 'SIC Code': '73,737', 'NAICS Code': '54,541', 'revenue': '<$5M', 'Number of Employees': '<25', 'LinkedIn url': 'https://www.linkedin.com/company/ternaryinc'}
{'company_name_zoominfo': 'Netcracker', 'website': 'www.netcracker.com', 'headquarters': '95 Sawyer Rd, Waltham, Massachusetts, 02453, United States', 'SIC Code': '73,737', 'NAICS Code': '51,518', 'revenue': '$1B', 'Number of Employees': '3,774', 'LinkedIn url': 'https://www.linkedin.com/company/netcrackertech'}
{'company_name_zoominfo': 'Neural Magic', 'website': 'www.neuralmagic.com', 'headquarters': '55 Davis Sq Fl 3, Somerville, Massachusetts, 02144, United States', 'SIC Code': '73,737', 'NAICS Code': '54,541', 'revenue': '$7M', 'Number of Employees': '35', 'LinkedIn url': 'https://www.linkedin.com/company/neural-magic'}
{'company_name_zoominfo': 'ABEJA', 'website': 'www.abejainc.com', 'headquarters': '400 Concar Dr, San Mateo, California, 94402, United States', 'SIC Code': '87,873', 'NAICS Code': '54,541', 'revenue': '$8M', 'Number of Employees': '30', 'LinkedIn url': 'https://www.linkedin.com/company/abeja-inc.'}
{'company_name_zoominfo': 'Acxiom', 'website': 'www.acxiom.com', 'headquarters': '301 E Dave Ward Dr, Conway, Arkansas, 72032, United States', 'SIC Code': '48,489', 'NAICS Code': '54,541', 'revenue': '$917M', 'Number of Employees': '3,253', 'LinkedIn url': 'https://www.linkedin.com/company/acxiom'}
{'company_name_zoominfo': 'Adastra Global', 'website': 'www.adastraglo.com', 'headquarters': '4205 Saddle Ridge Trl, Flower Mound, Texas, 75028, United States', 'SIC Code': '87,874', 'NAICS Code': '54,541', 'revenue': '<$5M', 'Number of Employees': '<25', 'LinkedIn url': 'https://www.linkedin.com/company/adastra-global-inc'}
{'company_name_zoominfo': 'Leansys', 'website': 'www.leansys.fr', 'headquarters': '27 Carrière Truffaut, Villeneuve D ascq, Nord Pas de Calais, 59493, Fr...', 'SIC Code': '73,737', 'NAICS Code': '54,541', 'revenue': '<$5M', 'Number of Employees': '<25', 'LinkedIn url': 'https://www.linkedin.com/company/leansys'}
renewing ip
429
2a0b:f4c0:16c:14::1
renewing ip
429
2001:67c:6ec:203:192:42:116:191
renewing ip
429
2001:67c:289c:4::78
{'company_name_zoominfo': 'RegioCom', 'website': 'www.regiocom.com', 'headquarters': 'Marienstr.1, Magdeburg, Saxony-Anhalt, 39112, Germany', 'SIC Code': '73,737', 'NAICS Code': '54,541', 'revenue': '$1B', 'Number of Employees': '3,614', 'LinkedIn url': 'https://www.linkedin.com/company/regiocom-se'}
{'company_name_zoominfo': 'StrongBox IT', 'website': 'www.strongboxit.com', 'headquarters': '1309 Coffeen Ave Ste 1200, Sheridan, Wyoming, 82801, United States', 'SIC Code': '73,737', 'NAICS Code': '54,541', 'revenue': '<$5M', 'Number of Employees': '<25', 'LinkedIn url': 'https://www.linkedin.com/company/strongbox-it-pvt-ltd'}
{'company_name_zoominfo': 'Taktile', 'website': 'www.taktile.com', 'headquarters': '49 Chausseestr., Berlin, Berlin, 10115, Germany', 'SIC Code': '73,737', 'NAICS Code': '51,518', 'revenue': '$9M', 'Number of Employees': '45', 'LinkedIn url': 'https://www.linkedin.com/company/taktile1'}
{'company_name_zoominfo': 'Filament', 'website': 'www.filament.ai', 'headquarters': '10-11 Archer St, London, Essex, W1D 7AZ, United Kingdom', 'SIC Code': '73,737', 'NAICS Code': '54,541', 'revenue': '$6M', 'Number of Employees': '<25', 'LinkedIn url': 'https://www.linkedin.com/company/filament-ai'}
{'company_name_zoominfo': 'Datavard', 'website': 'www.datavard.com', 'headquarters': '9 Rudolf-diesel-str., Heidelberg, Baden-Wuerttemberg, 69115, Germany', 'SIC Code': '73,737', 'NAICS Code': '54,541', 'revenue': '$9M', 'Number of Employees': '176', 'LinkedIn url': 'https://www.linkedin.com/company/datavard'}
{'company_name_zoominfo': 'Prysmatic Labs', 'website': 'www.prysmaticlabs.com', 'headquarters': '1455 Monterey Pass Rd 204, Monterey Park, California, 91754, United St...', 'SIC Code': '80,807', 'NAICS Code': '62,621', 'revenue': '<$5M', 'Number of Employees': '<25', 'LinkedIn url': '!not-found'}
