{'company_name_zoominfo': 'Multiplay', 'website': 'www.multiplay.com', 'headquarters': 'Telford Rd, Basingstoke, Hampshire, RG21 6YJ, United Kingdom', 'SIC Code': '73,738', 'NAICS Code': '54,541', 'revenue': '<$5M', 'Number of Employees': '<25', 'LinkedIn url': 'https://www.linkedin.com/company/multiplay'}
{'company_name_zoominfo': 'NotAvailable', 'website': 'NotAvailable', 'headquarters': 'NotAvailable', 'SIC Code': 'NotAvailable', 'NAICS Code': 'NotAvailable', 'revenue': 'NotAvailable', 'Number of Employees': 'NotAvailable', 'LinkedIn url': 'NotAvailable'}
{'company_name_zoominfo': 'NotAvailable', 'website': 'NotAvailable', 'headquarters': 'NotAvailable', 'SIC Code': 'NotAvailable', 'NAICS Code': 'NotAvailable', 'revenue': 'NotAvailable', 'Number of Employees': 'NotAvailable', 'LinkedIn url': 'NotAvailable'}
{'company_name_zoominfo': 'Ippon Technologies', 'website': 'www.ippon.fr', 'headquarters': '43 Avenue De La Grande Armée, Paris, Ile-de-France, 75116, France', 'SIC Code': '73,737', 'NAICS Code': '51,518', 'revenue': '$105M', 'Number of Employees': '500', 'LinkedIn url': 'https://www.linkedin.com/company/ippon-australia'}
{'company_name_zoominfo': 'NotAvailable', 'website': 'NotAvailable', 'headquarters': 'NotAvailable', 'SIC Code': 'NotAvailable', 'NAICS Code': 'NotAvailable', 'revenue': 'NotAvailable', 'Number of Employees': 'NotAvailable', 'LinkedIn url': 'NotAvailable'}
{'company_name_zoominfo': 'Cloudevo', 'website': 'www.cloudevo.ai', 'headquarters': '145 S Fairfax Ave Ste 200, Los Angeles, California, 90036, United Stat...', 'SIC Code': '87,874', 'NAICS Code': '54,541', 'revenue': '<$5M', 'Number of Employees': '<25', 'LinkedIn url': 'https://www.linkedin.com/company/cloudevo'}
{'company_name_zoominfo': 'Abacus Consulting', 'website': 'www.abacus-global.com', 'headquarters': '1 2nd Fl 15 Km Multan Rd, Lahore, Punjab, Pakistan', 'SIC Code': '73,737', 'NAICS Code': '51,518', 'revenue': '$566M', 'Number of Employees': '2,328', 'LinkedIn url': 'https://www.linkedin.com/company/abacus-consulting'}
{'company_name_zoominfo': 'Injazat Data Systems', 'website': 'www.injazat.com', 'headquarters': 'PO Box 8230, Abu Dhabi, Abu Dhabi, United Arab Emirates', 'SIC Code': '73,738', 'NAICS Code': '54,541', 'revenue': '$312M', 'Number of Employees': '1,192', 'LinkedIn url': 'https://www.linkedin.com/company/injazat'}
{'company_name_zoominfo': 'Search Laboratory', 'website': 'www.searchlaboratory.com', 'headquarters': 'Blokhaus W Park Ring Rd, Leeds, West Yorkshire, LS16 6QG, United Kingd...', 'SIC Code': '87,873', 'NAICS Code': '54,541', 'revenue': '$12M', 'Number of Employees': '138', 'LinkedIn url': 'https://www.linkedin.com/company/search-laboratory'}
{'company_name_zoominfo': 'Codify', 'website': 'www.codify.com', 'headquarters': 'PO Box brisbane, Queensland, 4001, Australia', 'SIC Code': '73,737', 'NAICS Code': '54,541', 'revenue': '$6M', 'Number of Employees': '27', 'LinkedIn url': 'https://www.linkedin.com/company/codify-pty-ltd'}
{'company_name_zoominfo': 'Cleverbit Solutions Limited', 'website': 'www.cleverbit.io', 'headquarters': '!not-found', 'SIC Code': '50,504', 'NAICS Code': '42,423', 'revenue': ':<$5 Million', 'Number of Employees': '<25', 'LinkedIn url': 'https://www.linkedin.com/company/cleverbit-solutions-ltd'}
{'company_name_zoominfo': 'Crasman', 'website': 'www.crasman.fi', 'headquarters': '36 d Merimiehenkatu, Helsinki, Uusimaa, 00150, Finland', 'SIC Code': '91,919', 'NAICS Code': '92,921', 'revenue': '$14M', 'Number of Employees': '58', 'LinkedIn url': 'https://www.linkedin.com/company/62455'}
{'company_name_zoominfo': 'NotAvailable', 'website': 'NotAvailable', 'headquarters': 'NotAvailable', 'SIC Code': 'NotAvailable', 'NAICS Code': 'NotAvailable', 'revenue': 'NotAvailable', 'Number of Employees': 'NotAvailable', 'LinkedIn url': 'NotAvailable'}
{'company_name_zoominfo': 'VirtusLab', 'website': 'www.virtuslab.com', 'headquarters': '49 Ul. Szlak, Krakow, Lesser Poland Voivodeship, 31-153, Poland', 'SIC Code': '73,737', 'NAICS Code': '54,541', 'revenue': '$73M', 'Number of Employees': '300', 'LinkedIn url': 'https://www.linkedin.com/company/virtuslab'}
{'company_name_zoominfo': 'NetEducation', 'website': 'www.neteducation.com', 'headquarters': 'Zürich, Zurich, Switzerland', 'SIC Code': '51,513', 'NAICS Code': '42,423', 'revenue': '<$5M', 'Number of Employees': '<25', 'LinkedIn url': '!not-found'}
{'company_name_zoominfo': 'INSIGNAL', 'website': 'www.insignal.co.kr', 'headquarters': 'Korea, Republic of', 'SIC Code': '36,367', 'NAICS Code': '33,334', 'revenue': '<$5M', 'Number of Employees': '<25', 'LinkedIn url': '!not-found'}
{'company_name_zoominfo': 'CZ', 'website': 'www.czas.cz', 'headquarters': 'Slunecní Námestí c.p. 2540/5 Praha 5, Prague, Czech Republic', 'SIC Code': '37,371', 'NAICS Code': '33,336', 'revenue': '<$5M', 'Number of Employees': '<25', 'LinkedIn url': '!not-found'}
{'company_name_zoominfo': 'Qatar Datamation Systems', 'website': 'www.qdsnet.com', 'headquarters': '203 Gridco Iii C Ring Rd Ad Doha, Doha, Baladiyat ad Dawhah, Qatar', 'SIC Code': '50,504', 'NAICS Code': '42,423', 'revenue': '$18M', 'Number of Employees': '97', 'LinkedIn url': 'https://www.linkedin.com/company/qatar-datamation-systems'}
{'company_name_zoominfo': 'Computer Arabia', 'website': 'www.carabia.com', 'headquarters': 'bldg # 106-108 40 Al Mishall St, Doha, Baladiyat ad Dawhah, Qatar', 'SIC Code': '50,504', 'NAICS Code': '42,423', 'revenue': '$56M', 'Number of Employees': '287', 'LinkedIn url': 'https://www.linkedin.com/company/computer-arabia-wll'}
{'company_name_zoominfo': 'Secure - IT Consulting', 'website': 'www.secureitconsulting.org', 'headquarters': '341 Tudor Ln, Boardman, Ohio, 44512, United States', 'SIC Code': '87,874', 'NAICS Code': '54,541', 'revenue': '<$5M', 'Number of Employees': '<25', 'LinkedIn url': '!not-found'}
renewing ip
429
2a0b:f4c1:2::242
{'company_name_zoominfo': 'Tec Centric Technologies', 'website': 'www.tec-centric.com', 'headquarters': '2 Jalan Usahawan, Cyberjaya, Selangor, Malaysia', 'SIC Code': '73,737', 'NAICS Code': '54,541', 'revenue': '$5M', 'Number of Employees': '<25', 'LinkedIn url': '!not-found'}
{'company_name_zoominfo': 'Kubrick Consulting', 'website': 'www.kubrickgroup.com', 'headquarters': '96 Great Suffolk St, London, Greater London, SE1 0BE, United Kingdom', 'SIC Code': '82,824', 'NAICS Code': '54,541', 'revenue': '$105M', 'Number of Employees': '500', 'LinkedIn url': 'https://www.linkedin.com/company/kubrick-group'}
{'company_name_zoominfo': 'Beyond', 'website': 'www.beyond-co.com', 'headquarters': 'Church Hill, Southend On Sea, Essex, SS9 2DG, United Kingdom', 'SIC Code': '73,731', 'NAICS Code': '54,541', 'revenue': '<$5M', 'Number of Employees': '<25', 'LinkedIn url': 'https://www.linkedin.com/company/beyond-co'}
{'company_name_zoominfo': 'Cenova Capital', 'website': 'www.cenova.com', 'headquarters': '53 Gao You Rd, Shanghai, Shanghai, 200031, China', 'SIC Code': '87,873', 'NAICS Code': '54,541', 'revenue': '$8M', 'Number of Employees': '27', 'LinkedIn url': '!not-found'}
{'company_name_zoominfo': 'APA Group', 'website': 'www.apa.com.au', 'headquarters': '580 George St L 25, Sydney, New South Wales, 2000, Australia', 'SIC Code': '49,492', 'NAICS Code': '48,486', 'revenue': '$1B', 'Number of Employees': '2,000', 'LinkedIn url': 'https://www.linkedin.com/company/apa-group'}
{'company_name_zoominfo': 'Storymoja Africa', 'website': 'www.storymojaafrica.co.ke', 'headquarters': 'Kenya', 'SIC Code': '27,273', 'NAICS Code': '51,511', 'revenue': '<$5M', 'Number of Employees': '<25', 'LinkedIn url': 'https://www.linkedin.com/company/storymoja-africa'}
{'company_name_zoominfo': 'LEEP', 'website': 'www.leepinc.com', 'headquarters': 'PO Box 24344, Louisville, Kentucky, 40224, United States', 'SIC Code': '24,245', 'NAICS Code': '32,321', 'revenue': '$6M', 'Number of Employees': '<25', 'LinkedIn url': 'https://www.linkedin.com/company/leep-inc.'}
{'company_name_zoominfo': 'Codethink', 'website': 'www.codethink.co.uk', 'headquarters': 'Dale House 35 Dale St Fl 3, Manchester, England, M1 2HF, United Kingdo...', 'SIC Code': '73,737', 'NAICS Code': '54,541', 'revenue': '$21M', 'Number of Employees': '102', 'LinkedIn url': 'https://www.linkedin.com/company/codethink-limited'}
{'company_name_zoominfo': 'QloudQuest', 'website': 'www.qloudquest.com', 'headquarters': '!not-found', 'SIC Code': '73,736', 'NAICS Code': '56,561', 'revenue': '<$5M', 'Number of Employees': '<25', 'LinkedIn url': 'https://www.linkedin.com/company/qloudquest'}
{'company_name_zoominfo': 'FocusEDU', 'website': 'www.focusedunow.com', 'headquarters': '2413 Clarks Wynd, Matthews, North Carolina, 28105, United States', 'SIC Code': '87,874', 'NAICS Code': '61,611', 'revenue': '<$5M', 'Number of Employees': '<25', 'LinkedIn url': 'https://www.linkedin.com/company/focusedunow'}
{'company_name_zoominfo': '!not-found', 'website': '!not-found', 'headquarters': '!not-found', 'SIC Code': '!not-found', 'NAICS Code': '!not-found', 'revenue': '!not-found', 'Number of Employees': '!not-found', 'LinkedIn url': '!not-found'}
{'company_name_zoominfo': 'Solvinity', 'website': 'www.solvinity.com', 'headquarters': '3 Hogehilweg, Amsterdam, North Holland, 1101, Netherlands', 'SIC Code': '73,737', 'NAICS Code': '54,541', 'revenue': '$20M', 'Number of Employees': '97', 'LinkedIn url': 'https://www.linkedin.com/company/137499'}
{'company_name_zoominfo': 'Avalon Innovation', 'website': 'www.avaloninnovation.com', 'headquarters': '26 Drottninggatan, Karlshamn, Blekinge, Sweden', 'SIC Code': '87,871', 'NAICS Code': '54,541', 'revenue': '$193M', 'Number of Employees': '996', 'LinkedIn url': 'https://www.linkedin.com/company/avalonsolutions'}
{'company_name_zoominfo': 'Virtigon', 'website': 'www.virtigon.com', 'headquarters': '3 Penns Wood, Farnborough, Hampshire, GU14 6RB, United Kingdom', 'SIC Code': '73,737', 'NAICS Code': '54,541', 'revenue': '<$5M', 'Number of Employees': '<25', 'LinkedIn url': 'https://www.linkedin.com/company/18262604'}
{'company_name_zoominfo': 'Robert Bosch Engineering and Business Solutions', 'website': 'www.bosch-india-software.com', 'headquarters': '123 Industrial Layout Hosur Road Koramangala, Bengaluru, Karnataka, 56...', 'SIC Code': '73,738', 'NAICS Code': '51,518', 'revenue': '$578M', 'Number of Employees': '4,786', 'LinkedIn url': 'https://www.linkedin.com/company/bosch-engineering-and-business-solutions'}
{'company_name_zoominfo': 'Knowit', 'website': 'www.knowit.se', 'headquarters': '60 Klarabergsgatan, Stockholm, Sodermanland and Uppland, 111 24, Swede...', 'SIC Code': '89,899', 'NAICS Code': '54,541', 'revenue': '$542M', 'Number of Employees': '3,871', 'LinkedIn url': 'https://www.linkedin.com/company/knowit'}
{'company_name_zoominfo': 'NotAvailable', 'website': 'NotAvailable', 'headquarters': 'NotAvailable', 'SIC Code': 'NotAvailable', 'NAICS Code': 'NotAvailable', 'revenue': 'NotAvailable', 'Number of Employees': 'NotAvailable', 'LinkedIn url': 'NotAvailable'}
{'company_name_zoominfo': 'Witekio', 'website': 'www.witekio.com', 'headquarters': '14 Rue Rhin Et Danube, Lyon, Wallis and Futuna, 69009, France', 'SIC Code': '73,737', 'NAICS Code': '54,541', 'revenue': '$16M', 'Number of Employees': '88', 'LinkedIn url': 'https://www.linkedin.com/company/witekio'}
renewing ip
429
2620:7:6001::145
renewing ip
429
2a04:52c0:106:394::2
renewing ip
429
2605:6400:30:f174:1:2:3:4
{'company_name_zoominfo': 'ALTEN', 'website': 'www.alten.com', 'headquarters': '40 Avenue André Morizet, Boulogne-Billancourt, Ile-de-France, 92100, F...', 'SIC Code': '73,737', 'NAICS Code': '54,541', 'revenue': '$2B', 'Number of Employees': '49,600', 'LinkedIn url': 'https://www.linkedin.com/company/alten'}
{'company_name_zoominfo': 'Ventx', 'website': 'www.ventx.de', 'headquarters': '94 Landsberger München Germany 80339 St, Munich, Bavaria, 80339, Germa...', 'SIC Code': '73,737', 'NAICS Code': '81,811', 'revenue': '<$5M', 'Number of Employees': '<25', 'LinkedIn url': 'https://www.linkedin.com/company/ventx'}
{'company_name_zoominfo': 'Jevon Jaconi', 'website': 'www.jaconilaw.com', 'headquarters': '!not-found', 'SIC Code': '81,811', 'NAICS Code': '54,541', 'revenue': ':<$5 Million', 'Number of Employees': '<25', 'LinkedIn url': '!not-found'}
{'company_name_zoominfo': 'Webgenesys', 'website': 'www.webgenesys.it', 'headquarters': 'Via Torino Trav. Nunziante, Gioia Tauro, Calabria, Italy', 'SIC Code': '50,506', 'NAICS Code': '42,423', 'revenue': '$5M', 'Number of Employees': '<25', 'LinkedIn url': 'https://www.linkedin.com/company/webgenesys-srl'}
{'company_name_zoominfo': 'Trigger Data', 'website': 'www.triggerindustries.co.uk', 'headquarters': '!not-found', 'SIC Code': '73,737', 'NAICS Code': '54,541', 'revenue': ':<$5 Million', 'Number of Employees': '<25', 'LinkedIn url': '!not-found'}
{'company_name_zoominfo': 'E-point', 'website': 'www.e-point.pl', 'headquarters': '16 Ul. Filona, Warsaw, Masovian Voivodeship, 02-658, Poland', 'SIC Code': '73,737', 'NAICS Code': '54,541', 'revenue': '$26M', 'Number of Employees': '82', 'LinkedIn url': 'https://www.linkedin.com/company/e-point-sa'}
{'company_name_zoominfo': 'Just BI IT', 'website': 'www.justbiit.com', 'headquarters': '!not-found', 'SIC Code': '48,489', 'NAICS Code': '51,517', 'revenue': ':<$5 Million', 'Number of Employees': '<25', 'LinkedIn url': 'https://www.linkedin.com/company/just-bi-it'}
{'company_name_zoominfo': 'Hardis Group', 'website': 'www.hardis-group.com', 'headquarters': '34 Rue De La Tuilerie, Seyssinet-Pariset, Wallis and Futuna, 38170, Fr...', 'SIC Code': '73,737', 'NAICS Code': '54,541', 'revenue': '$85M', 'Number of Employees': '512', 'LinkedIn url': 'https://www.linkedin.com/company/hardis'}
{'company_name_zoominfo': 'CloudHero', 'website': 'www.cloudhero.io', 'headquarters': '45-47 Banul Antonache St, Bucharest, Bucuresti, Romania', 'SIC Code': '73,737', 'NAICS Code': '54,541', 'revenue': '<$5M', 'Number of Employees': '<25', 'LinkedIn url': 'https://www.linkedin.com/company/cloud-hero'}
{'company_name_zoominfo': 'Digia', 'website': 'www.digia.com', 'headquarters': '2 a Atomitie, Helsinki, Uusimaa, 00370, Finland', 'SIC Code': '73,737', 'NAICS Code': '54,541', 'revenue': '$88M', 'Number of Employees': '1,240', 'LinkedIn url': 'https://www.linkedin.com/company/nord-software-ltd'}
{'company_name_zoominfo': 'EDA-Electricidade dos Açores', 'website': 'www.eda.pt', 'headquarters': 'Estrada Velha Quitadouro, Santa Cruz da Graciosa, Azores, 9880-315, Po...', 'SIC Code': '49', 'NAICS Code': '22,221', 'revenue': '$5M', 'Number of Employees': '<25', 'LinkedIn url': 'https://www.linkedin.com/company/818940'}
{'company_name_zoominfo': 'Quantworks', 'website': 'www.quantworks.ch', 'headquarters': '!not-found', 'SIC Code': '73,737', 'NAICS Code': '54,541', 'revenue': ':$8 Million', 'Number of Employees': '37', 'LinkedIn url': '!not-found'}
{'company_name_zoominfo': 'Xpand IT', 'website': 'www.xpand-it.com', 'headquarters': '77 Rua De Fornelos, Viana do Castelo, Viana do Castelo, 4900-709, Port...', 'SIC Code': '73,737', 'NAICS Code': '54,541', 'revenue': '$44M', 'Number of Employees': '209', 'LinkedIn url': 'https://www.linkedin.com/company/xpand-it'}
{'company_name_zoominfo': 'BERATA-GmbH', 'website': 'www.berata-stbg.de', 'headquarters': '7 Rennbahnstr., Pfarrkirchen, 84347, Germany', 'SIC Code': '87,872', 'NAICS Code': '54,541', 'revenue': '<$5M', 'Number of Employees': '<25', 'LinkedIn url': 'https://www.linkedin.com/company/berata'}
{'company_name_zoominfo': 'Cjc', 'website': 'www.cjcit.com', 'headquarters': '251 W 30th St Fl 6, New York, New York, 10001, United States', 'SIC Code': '73,737', 'NAICS Code': '54,541', 'revenue': '$18M', 'Number of Employees': '99', 'LinkedIn url': 'https://www.linkedin.com/company/cjc-it-consulting-limited'}
{'company_name_zoominfo': 'Lemongrass', 'website': 'www.lemongrasscloud.com', 'headquarters': '31 Grosvenor Rd, Reading, Berkshire, RG4 5EN, United Kingdom', 'SIC Code': '73,738', 'NAICS Code': '54,541', 'revenue': '$41M', 'Number of Employees': '190', 'LinkedIn url': 'https://www.linkedin.com/company/947134'}
{'company_name_zoominfo': 'Evantagesoft', 'website': 'www.evantagesoft.com', 'headquarters': 'Fitco Center C35, Karachi, Sindh, 75100, Pakistan', 'SIC Code': '73,737', 'NAICS Code': '54,541', 'revenue': '$6M', 'Number of Employees': '<25', 'LinkedIn url': 'https://www.linkedin.com/company/evantagesoft'}
{'company_name_zoominfo': 'Cloud Coach', 'website': 'www.cloudcoach.com', 'headquarters': '2580 E Harmony Rd Ste 201, Fort Collins, Colorado, 80528, United State...', 'SIC Code': '73,737', 'NAICS Code': '54,541', 'revenue': '<$5M', 'Number of Employees': '<25', 'LinkedIn url': 'https://www.linkedin.com/company/cloud-coaching-international'}
{'company_name_zoominfo': 'NEXGEN Business Consultants', 'website': 'www.nexgenbc.com', 'headquarters': '!not-found', 'SIC Code': '87,874', 'NAICS Code': '54,541', 'revenue': ':<$5 Million', 'Number of Employees': '<25', 'LinkedIn url': 'https://www.linkedin.com/company/nexgen-business-consultants'}
renewing ip
429
2a10:8a40:f313::29
renewing ip
429
2a03:e600:100::26
renewing ip
429
2a0b:f4c2::20
{'company_name_zoominfo': 'Saracus Consulting', 'website': 'www.saracus.com', 'headquarters': '4 Täfernstrasse, Dättwil AG, Aargau, 5405, Switzerland', 'SIC Code': '73,737', 'NAICS Code': '54,541', 'revenue': '<$5M', 'Number of Employees': '<25', 'LinkedIn url': 'https://www.linkedin.com/company/saracus-consulting'}
{'company_name_zoominfo': 'Beyond Associates', 'website': 'www.beyond-associates.com', 'headquarters': 'France', 'SIC Code': '87,874', 'NAICS Code': '54,541', 'revenue': '<$5M', 'Number of Employees': '<25', 'LinkedIn url': 'https://www.linkedin.com/company/beyond-associates'}
{'company_name_zoominfo': 'Fondazione Luigi Clerici', 'website': 'clerici.lombardia.it', 'headquarters': '44-2 Via Montecuccoli, Milano, Lombardy, 20147, Italy', 'SIC Code': '82,829', 'NAICS Code': '61,611', 'revenue': '$15M', 'Number of Employees': '73', 'LinkedIn url': 'https://www.linkedin.com/company/fondazione-luigi-clerici-lodi'}
{'company_name_zoominfo': 'NotAvailable', 'website': 'NotAvailable', 'headquarters': 'NotAvailable', 'SIC Code': 'NotAvailable', 'NAICS Code': 'NotAvailable', 'revenue': 'NotAvailable', 'Number of Employees': 'NotAvailable', 'LinkedIn url': 'NotAvailable'}
{'company_name_zoominfo': 'Forte Consulting', 'website': 'www.forteconsulting.ca', 'headquarters': '3960 Quadra St Ste 401, Victoria, British Columbia, V8X 4A3, Canada', 'SIC Code': '87,874', 'NAICS Code': '54,541', 'revenue': '<$5M', 'Number of Employees': '<25', 'LinkedIn url': 'https://www.linkedin.com/company/forte-consulting-ltd-'}
{'company_name_zoominfo': 'Integration Wizards Solutions Pvt', 'website': 'www.iwizardsolutions.com', 'headquarters': 'Sunset Lake Rd Ste B2, Newark, Delaware, 19702, United States', 'SIC Code': '73,737', 'NAICS Code': '54,541', 'revenue': '<$5M', 'Number of Employees': '<25', 'LinkedIn url': 'https://www.linkedin.com/company/integration-wizards-solutions-pvt-ltd'}
{'company_name_zoominfo': 'Digital Management Inc', 'website': 'www.dminc.com', 'headquarters': '6550 Rock Spring Dr Ste 700 800, Bethesda, Maryland, 20817, United Sta...', 'SIC Code': '73,737', 'NAICS Code': '51,518', 'revenue': '$441M', 'Number of Employees': '2,100', 'LinkedIn url': 'https://www.linkedin.com/company/dmi-digital-management-inc-'}
{'company_name_zoominfo': 'Mudano', 'website': 'www.mudano.com', 'headquarters': '120 Old Broad St, London, Greater London, EC2N 1AR, United Kingdom', 'SIC Code': '73,737', 'NAICS Code': '54,541', 'revenue': '$14M', 'Number of Employees': '59', 'LinkedIn url': 'https://www.linkedin.com/company/mudano'}
{'company_name_zoominfo': 'SE16N', 'website': 'www.se16n.com', 'headquarters': '55/64 Aleja Komisji Edukacji Narodowej, Warsaw, Masovian Voivodeship, ...', 'SIC Code': '67,671', 'NAICS Code': '55,551', 'revenue': '<$5M', 'Number of Employees': '<25', 'LinkedIn url': 'https://www.linkedin.com/company/se16n-sp-z-o-o-'}
{'company_name_zoominfo': 'Onrego Oy', 'website': 'www.onrego.fi', 'headquarters': '1 Keilaranta, Espoo, Uusimaa, 02150, Finland', 'SIC Code': '37,374', 'NAICS Code': '33,336', 'revenue': '<$5M', 'Number of Employees': '<25', 'LinkedIn url': 'https://www.linkedin.com/company/onrego-oy'}
{'company_name_zoominfo': 'NotAvailable', 'website': 'NotAvailable', 'headquarters': 'NotAvailable', 'SIC Code': 'NotAvailable', 'NAICS Code': 'NotAvailable', 'revenue': 'NotAvailable', 'Number of Employees': 'NotAvailable', 'LinkedIn url': 'NotAvailable'}
{'company_name_zoominfo': 'Timestamp', 'website': 'www.timestampbiw.com', 'headquarters': '6-11 ?f Pra?a De Alvalade N.?, Lisbon, New Hampshire, 03585, United St...', 'SIC Code': '87,874', 'NAICS Code': '54,541', 'revenue': '$5M', 'Number of Employees': '<25', 'LinkedIn url': 'https://www.linkedin.com/company/timestamp-biw'}
{'company_name_zoominfo': 'Plus Education', 'website': 'www.pluseducare.com', 'headquarters': 'India', 'SIC Code': '82,822', 'NAICS Code': '61,611', 'revenue': '<$5M', 'Number of Employees': '<25', 'LinkedIn url': '!not-found'}
{'company_name_zoominfo': 'Wizeline', 'website': 'www.wizeline.com', 'headquarters': '1 Market Street Spear Tower Fl 36, San Francisco, California, 94105, U...', 'SIC Code': '73,737', 'NAICS Code': '54,541', 'revenue': '$345M', 'Number of Employees': '333', 'LinkedIn url': 'https://www.linkedin.com/company/wizeline'}
{'company_name_zoominfo': 'The Numerical Algorithms Group', 'website': 'www.nag.com', 'headquarters': "30 St Giles', Oxford, Oxfordshire, OX1 3LE, United Kingdom", 'SIC Code': '73,737', 'NAICS Code': '54,541', 'revenue': '$12M', 'Number of Employees': '36', 'LinkedIn url': 'https://www.linkedin.com/company/nag'}
{'company_name_zoominfo': 'Objectivity', 'website': 'www.objectivity.co.uk', 'headquarters': '9 Westwood House Westwood Way, Coventry, West Midlands, CV4 8HS, Unite...', 'SIC Code': '73,737', 'NAICS Code': '54,541', 'revenue': '$170M', 'Number of Employees': '655', 'LinkedIn url': 'https://www.linkedin.com/company/objectivityltd'}
{'company_name_zoominfo': 'ADAMO', 'website': 'www.adamo.it', 'headquarters': 'km 315,200 Ss 16, Castelfidardo, The Marches, 60022, Italy', 'SIC Code': '58,581', 'NAICS Code': '72,722', 'revenue': '$12M', 'Number of Employees': '46', 'LinkedIn url': 'https://www.linkedin.com/company/adamo-srl'}
{'company_name_zoominfo': 'Croud', 'website': 'www.croud.com', 'headquarters': '450 Broadway Fl 2, New York, New York, 10013, United States', 'SIC Code': '73,731', 'NAICS Code': '54,541', 'revenue': '$16M', 'Number of Employees': '125', 'LinkedIn url': 'https://www.linkedin.com/company/croud'}
