{'company_name_zoominfo': 'NotAvailable', 'website': 'NotAvailable', 'headquarters': 'NotAvailable', 'SIC Code': 'NotAvailable', 'NAICS Code': 'NotAvailable', 'revenue': 'NotAvailable', 'Number of Employees': 'NotAvailable', 'LinkedIn url': 'NotAvailable'}
{'company_name_zoominfo': 'RODI Systems', 'website': 'www.oilfieldandminingwater.com', 'headquarters': '936 Nm Hwy 516, Aztec, New Mexico, 87410, United States', 'SIC Code': '35,358', 'NAICS Code': '33,333', 'revenue': '<$5M', 'Number of Employees': '36', 'LinkedIn url': '!not-found'}
{'company_name_zoominfo': 'NotAvailable', 'website': 'NotAvailable', 'headquarters': 'NotAvailable', 'SIC Code': 'NotAvailable', 'NAICS Code': 'NotAvailable', 'revenue': 'NotAvailable', 'Number of Employees': 'NotAvailable', 'LinkedIn url': 'NotAvailable'}
site-not-indexed

{'company_name_zoominfo': '!not-found', 'website': '!not-found', 'headquarters': '!not-found', 'SIC Code': '!not-found', 'NAICS Code': '!not-found', 'revenue': '!not-found', 'Number of Employees': '!not-found', 'LinkedIn url': '!not-found'}
{'company_name_zoominfo': 'GW Shaw & Son', 'website': 'www.gwshawandson.com', 'headquarters': '124 Old Wilton Rd, Greenville, New Hampshire, 03048, United States', 'SIC Code': '49,495', 'NAICS Code': '56,562', 'revenue': '$9.6M', 'Number of Employees': '36', 'LinkedIn url': '!not-found'}
{'company_name_zoominfo': 'Carnevale Disposal', 'website': 'www.carnevaledisposal.com', 'headquarters': '225 Turnbull Ave, Hamilton, New Jersey, 08610, United States', 'SIC Code': '49,495', 'NAICS Code': '56,562', 'revenue': '<$5M', 'Number of Employees': '<25', 'LinkedIn url': 'http://www.linkedin.com/company/carnevale-disposal-co-inc'}
{'company_name_zoominfo': 'Balboa Pacific', 'website': 'www.balboapacific.com', 'headquarters': '5020 Campus Dr, Newport Beach, California, 92660, United States', 'SIC Code': '64,641', 'NAICS Code': '52,524', 'revenue': '$65.3M', 'Number of Employees': '254', 'LinkedIn url': '!not-found'}
{'company_name_zoominfo': 'Aqua Clean Environmental', 'website': 'www.aquacleanflorida.com', 'headquarters': '3210 Whitten Rd, Lakeland, Florida, 33811, United States', 'SIC Code': '42,421', 'NAICS Code': '56,562', 'revenue': '$5.4M', 'Number of Employees': '<25', 'LinkedIn url': 'http://www.linkedin.com/company/aqua-clean-environmental-co'}
{'company_name_zoominfo': 'A & J Solutions', 'website': 'www.ajwastesolutions.com', 'headquarters': '1735 Dockery Ave, Selma, California, 93662, United States', 'SIC Code': '49,495', 'NAICS Code': '56,562', 'revenue': '<$5M', 'Number of Employees': '<25', 'LinkedIn url': 'http://www.linkedin.com/company/aj-industrial'}
{'company_name_zoominfo': 'Sun Services', 'website': 'www.sunrolloff.com', 'headquarters': '11299 Old Baltimore Pike, Beltsville, Maryland, 20705, United States', 'SIC Code': '49,495', 'NAICS Code': '56,562', 'revenue': '$16.6M', 'Number of Employees': '<25', 'LinkedIn url': 'http://www.linkedin.com/company/emerging-sun-llc'}
site-not-indexed

{'company_name_zoominfo': '!not-found', 'website': '!not-found', 'headquarters': '!not-found', 'SIC Code': '!not-found', 'NAICS Code': '!not-found', 'revenue': '!not-found', 'Number of Employees': '!not-found', 'LinkedIn url': '!not-found'}
{'company_name_zoominfo': 'NotAvailable', 'website': 'NotAvailable', 'headquarters': 'NotAvailable', 'SIC Code': 'NotAvailable', 'NAICS Code': 'NotAvailable', 'revenue': 'NotAvailable', 'Number of Employees': 'NotAvailable', 'LinkedIn url': 'NotAvailable'}
{'company_name_zoominfo': 'Harley Hollan Companies', 'website': 'www.317-7777.com', 'headquarters': '5677 S 107th East Ave, Tulsa, Oklahoma, 74146, United States', 'SIC Code': '49,495', 'NAICS Code': '56,562', 'revenue': '$7.9M', 'Number of Employees': '<25', 'LinkedIn url': '!not-found'}
{'company_name_zoominfo': 'NotAvailable', 'website': 'NotAvailable', 'headquarters': 'NotAvailable', 'SIC Code': 'NotAvailable', 'NAICS Code': 'NotAvailable', 'revenue': 'NotAvailable', 'Number of Employees': 'NotAvailable', 'LinkedIn url': 'NotAvailable'}
{'company_name_zoominfo': 'Berger Sanitation', 'website': 'www.bergersanitation.com', 'headquarters': 'PO Box 20342, Lehigh Valley, Pennsylvania, 18002, United States', 'SIC Code': '49,495', 'NAICS Code': '56,562', 'revenue': '$6.2M', 'Number of Employees': '26', 'LinkedIn url': '!not-found'}
{'company_name_zoominfo': 'Roll Off Dumpster Rental Denver', 'website': 'www.rolloffdumpsterrentaldenver.com', 'headquarters': '1700 Platte St Ste 400, Denver, Colorado, 80202, United States', 'SIC Code': '49,495', 'NAICS Code': '56,562', 'revenue': '<$5M', 'Number of Employees': '<25', 'LinkedIn url': '!not-found'}
{'company_name_zoominfo': 'NEIE Medical Waste Services', 'website': 'www.neiemws.com', 'headquarters': '12 W Market St, Blairsville, Pennsylvania, 15717, United States', 'SIC Code': '42,421', 'NAICS Code': '56,562', 'revenue': '$6.5M', 'Number of Employees': '<25', 'LinkedIn url': 'http://www.linkedin.com/company/neie-medical-waste-services-llc'}
{'company_name_zoominfo': 'NotAvailable', 'website': 'NotAvailable', 'headquarters': 'NotAvailable', 'SIC Code': 'NotAvailable', 'NAICS Code': 'NotAvailable', 'revenue': 'NotAvailable', 'Number of Employees': 'NotAvailable', 'LinkedIn url': 'NotAvailable'}
renewing ip
429
2001:67c:6ec:203:192:42:116:181
{'company_name_zoominfo': 'American Starlinger-Sahm', 'website': 'www.starlingersahm.com', 'headquarters': '11 Jack Casey Ct, Fountain Inn, South Carolina, 29644, United States', 'SIC Code': '35,355', 'NAICS Code': '33,333', 'revenue': '$9.2M', 'Number of Employees': '<25', 'LinkedIn url': 'http://www.linkedin.com/company/1299237'}
{'company_name_zoominfo': 'NotAvailable', 'website': 'NotAvailable', 'headquarters': 'NotAvailable', 'SIC Code': 'NotAvailable', 'NAICS Code': 'NotAvailable', 'revenue': 'NotAvailable', 'Number of Employees': 'NotAvailable', 'LinkedIn url': 'NotAvailable'}
{'company_name_zoominfo': 'Britespot E-waste', 'website': 'www.britespotewaste.com', 'headquarters': '9444 Irondale Ave, Chatsworth, California, 91311, United States', 'SIC Code': '49,495', 'NAICS Code': '56,562', 'revenue': '<$5M', 'Number of Employees': '<25', 'LinkedIn url': '!not-found'}
{'company_name_zoominfo': 'The Trash Man', 'website': 'www.thetrashmanwebstercity.com', 'headquarters': '1812 W 2nd St, Webster City, Iowa, 50595, United States', 'SIC Code': '42,421', 'NAICS Code': '56,562', 'revenue': '$5.6M', 'Number of Employees': '<25', 'LinkedIn url': 'http://www.linkedin.com/company/trash-man'}
{'company_name_zoominfo': 'NotAvailable', 'website': 'NotAvailable', 'headquarters': 'NotAvailable', 'SIC Code': 'NotAvailable', 'NAICS Code': 'NotAvailable', 'revenue': 'NotAvailable', 'Number of Employees': 'NotAvailable', 'LinkedIn url': 'NotAvailable'}
{'company_name_zoominfo': 'Linko Technology', 'website': 'www.linkotechnology.com', 'headquarters': '1999 Broadway Ste 830, Denver, Colorado, 80202, United States', 'SIC Code': '73,737', 'NAICS Code': '54,541', 'revenue': '<$5M', 'Number of Employees': '<25', 'LinkedIn url': 'http://www.linkedin.com/company/linkotechnology'}
{'company_name_zoominfo': "Duffy's Waste & Recycling", 'website': 'www.duffyswaste.com', 'headquarters': 'PO Box 264, Fairfax, Vermont, 05454, United States', 'SIC Code': '49,495', 'NAICS Code': '56,562', 'revenue': '<$5M', 'Number of Employees': '<25', 'LinkedIn url': '!not-found'}
{'company_name_zoominfo': '!not-found', 'website': 'High Line Canal Conservancy', 'headquarters': '!not-found', 'SIC Code': '!not-found', 'NAICS Code': '!not-found', 'revenue': '!not-found', 'Number of Employees': '!not-found', 'LinkedIn url': '!not-found'}
{'company_name_zoominfo': 'NotAvailable', 'website': 'NotAvailable', 'headquarters': 'NotAvailable', 'SIC Code': 'NotAvailable', 'NAICS Code': 'NotAvailable', 'revenue': 'NotAvailable', 'Number of Employees': 'NotAvailable', 'LinkedIn url': 'NotAvailable'}
{'company_name_zoominfo': 'Re : Down', 'website': 'www.re-down.com', 'headquarters': 'United States', 'SIC Code': '28,287', 'NAICS Code': '32,325', 'revenue': '<$5M', 'Number of Employees': '<25', 'LinkedIn url': 'http://www.linkedin.com/company/re-down'}
{'company_name_zoominfo': 'National Recycling Trailers', 'website': 'www.nationalrecyclingtrailers.com', 'headquarters': '938 W Steve Wariner Dr, Russell Springs, Kentucky, 42642, United State...', 'SIC Code': '49,495', 'NAICS Code': '56,562', 'revenue': '<$5M', 'Number of Employees': '<25', 'LinkedIn url': '!not-found'}
{'company_name_zoominfo': 'Western Environmental Management', 'website': 'www.wemwater.com', 'headquarters': '3106 E Green St, Carlsbad, New Mexico, 88220, United States', 'SIC Code': '89,899', 'NAICS Code': '54,541', 'revenue': '<$5M', 'Number of Employees': '<25', 'LinkedIn url': 'http://www.linkedin.com/company/western-environmental-management-corp-ltd'}
{'company_name_zoominfo': 'Resource Equipment', 'website': 'www.resourceequipment.com', 'headquarters': '1600 Industrial Rd Unit 11, Cambridge, Ontario, N3H 4W5, Canada', 'SIC Code': '50,508', 'NAICS Code': '42,423', 'revenue': '$7M', 'Number of Employees': '<25', 'LinkedIn url': 'http://www.linkedin.com/company/resource-equipment-limited'}
renewing ip
429
2a0b:f4c2:1::1
{'company_name_zoominfo': 'Liberty Pipeline', 'website': 'www.libertypipelinecompany.com', 'headquarters': 'PO Box 1200, Eden, Utah, 84310, United States', 'SIC Code': '47,473', 'NAICS Code': '48,486', 'revenue': '<$5M', 'Number of Employees': '<25', 'LinkedIn url': '!not-found'}
{'company_name_zoominfo': 'Air Capital Waste', 'website': 'www.wastelinkinc.com', 'headquarters': '5720 N Broadway, Wichita, Kansas, 67219, United States', 'SIC Code': '49,42', 'NAICS Code': '22,221', 'revenue': '<$5M', 'Number of Employees': '<25', 'LinkedIn url': 'http://www.linkedin.com/company/air-capital-waste'}
{'company_name_zoominfo': '!not-found', 'website': '!not-found', 'headquarters': '!not-found', 'SIC Code': '!not-found', 'NAICS Code': '!not-found', 'revenue': '!not-found', 'Number of Employees': '!not-found', 'LinkedIn url': '!not-found'}
{'company_name_zoominfo': 'Recycling Technologies', 'website': 'www.recyclingtechnologies.co.uk', 'headquarters': 'unit b2 Stirling Court Stirling Rd, Swindon, Swindon, SN3 4TQ, United ...', 'SIC Code': '49,495', 'NAICS Code': '22,221', 'revenue': '$24.6M', 'Number of Employees': '74', 'LinkedIn url': 'http://www.linkedin.com/company/recycle-tech-limited'}
{'company_name_zoominfo': 'Reused', 'website': 'www.reused.in', 'headquarters': '!not-found', 'SIC Code': '73,736', 'NAICS Code': '54,541', 'revenue': '<$5M', 'Number of Employees': '<25', 'LinkedIn url': '!not-found'}
{'company_name_zoominfo': 'NotAvailable', 'website': 'NotAvailable', 'headquarters': 'NotAvailable', 'SIC Code': 'NotAvailable', 'NAICS Code': 'NotAvailable', 'revenue': 'NotAvailable', 'Number of Employees': 'NotAvailable', 'LinkedIn url': 'NotAvailable'}
{'company_name_zoominfo': 'Coastal Byproducts', 'website': 'www.coastalbyproducts.com', 'headquarters': '133 E De La Guerra St, Santa Barbara, California, 93101, United States', 'SIC Code': '20,207', 'NAICS Code': '31,311', 'revenue': '<$5M', 'Number of Employees': '<25', 'LinkedIn url': '!not-found'}
{'company_name_zoominfo': 'Roll Off Solutions', 'website': 'www.roswaste.com', 'headquarters': '109 Horn Rd, Bowie, Texas, 76230, United States', 'SIC Code': '49,495', 'NAICS Code': '56,562', 'revenue': '<$5M', 'Number of Employees': '<25', 'LinkedIn url': '!not-found'}
{'company_name_zoominfo': 'Noah Water Systems', 'website': 'www.noahwater.com', 'headquarters': '46373 Galway Dr, Novi, Michigan, 48374, United States', 'SIC Code': '35,358', 'NAICS Code': '33,333', 'revenue': '<$5M', 'Number of Employees': '<25', 'LinkedIn url': '!not-found'}
{'company_name_zoominfo': 'WastAway', 'website': 'www.wastaway.com', 'headquarters': '195 Mt View Industrial Dr, Morrison, Tennessee, 37357, United States', 'SIC Code': '49,493', 'NAICS Code': '22,221', 'revenue': '<$5M', 'Number of Employees': '<25', 'LinkedIn url': '!not-found'}
{'company_name_zoominfo': 'The Junk Guys', 'website': 'www.thejunkguys.com', 'headquarters': '761 N Monterey St Ste 109, Gilbert, Arizona, 85233, United States', 'SIC Code': '49,495', 'NAICS Code': '56,562', 'revenue': '<$5M', 'Number of Employees': '<25', 'LinkedIn url': 'http://www.linkedin.com/company/the-junk-guys'}
{'company_name_zoominfo': 'ITAD Solutions', 'website': 'www.itadsolutions.com', 'headquarters': '340 Harbor Way, South San Francisco, California, 94080, United States', 'SIC Code': '73,737', 'NAICS Code': '54,541', 'revenue': '<$5M', 'Number of Employees': '<25', 'LinkedIn url': 'http://www.linkedin.com/company/itad-solutions'}
{'company_name_zoominfo': 'BioMagic', 'website': 'www.biomagic.com', 'headquarters': '1030 W 17th St, Costa Mesa, California, 92627, United States', 'SIC Code': '28,284', 'NAICS Code': '32,325', 'revenue': '<$5M', 'Number of Employees': '<25', 'LinkedIn url': 'http://www.linkedin.com/company/biomagic-inc'}
{'company_name_zoominfo': 'Apex Drilling', 'website': 'www.apexdrillingllc.com', 'headquarters': '3855 Hiland Ave, Burley, Idaho, 83318, United States', 'SIC Code': '17,178', 'NAICS Code': '23,237', 'revenue': '<$5M', 'Number of Employees': '<25', 'LinkedIn url': '!not-found'}
renewing ip
429
2a0c:e300::23
{'company_name_zoominfo': 'U.S. National Park Service', 'website': 'www.nps.gov', 'headquarters': '1849 C St NW, Washington, District of Columbia, 20240, United States', 'SIC Code': '95,951', 'NAICS Code': '92,924', 'revenue': '$140.3M', 'Number of Employees': '3,681', 'LinkedIn url': 'http://www.linkedin.com/company/national-park-service'}
{'company_name_zoominfo': '!not-found', 'website': 'New Garden Landscaping & Nursey', 'headquarters': '!not-found', 'SIC Code': '!not-found', 'NAICS Code': '!not-found', 'revenue': '!not-found', 'Number of Employees': '!not-found', 'LinkedIn url': '!not-found'}
{'company_name_zoominfo': '!not-found', 'website': '!not-found', 'headquarters': '!not-found', 'SIC Code': '!not-found', 'NAICS Code': '!not-found', 'revenue': '!not-found', 'Number of Employees': '!not-found', 'LinkedIn url': '!not-found'}
{'company_name_zoominfo': 'NotAvailable', 'website': 'NotAvailable', 'headquarters': 'NotAvailable', 'SIC Code': 'NotAvailable', 'NAICS Code': 'NotAvailable', 'revenue': 'NotAvailable', 'Number of Employees': 'NotAvailable', 'LinkedIn url': 'NotAvailable'}
{'company_name_zoominfo': 'Patriot Shredding', 'website': 'www.patriotshredding.com', 'headquarters': '5550 Wilkins Ct Ste 200, Rockville, Maryland, 20852, United States', 'SIC Code': '50,509', 'NAICS Code': '42,423', 'revenue': '<$5M', 'Number of Employees': '<25', 'LinkedIn url': 'http://www.linkedin.com/company/patriot-shredding'}
{'company_name_zoominfo': 'Global Waste Energy Conversion', 'website': 'www.gwecc.com', 'headquarters': '601 Pennsylvania Ave, Washington, District of Columbia, 20004, United ...', 'SIC Code': '49,491', 'NAICS Code': '22,221', 'revenue': '<$5M', 'Number of Employees': '<25', 'LinkedIn url': 'http://www.linkedin.com/company/global-waste-energy-conversion-company'}
{'company_name_zoominfo': 'Ecco-Technologies', 'website': 'www.ecco-technologies.com', 'headquarters': '5023 Calabasas Rd, Calabasas, California, 91302, United States', 'SIC Code': '95,951', 'NAICS Code': '92,924', 'revenue': '<$5M', 'Number of Employees': '<25', 'LinkedIn url': 'http://www.linkedin.com/company/ecco-technologies'}
{'company_name_zoominfo': 'NotAvailable', 'website': 'NotAvailable', 'headquarters': 'NotAvailable', 'SIC Code': 'NotAvailable', 'NAICS Code': 'NotAvailable', 'revenue': 'NotAvailable', 'Number of Employees': 'NotAvailable', 'LinkedIn url': 'NotAvailable'}
{'company_name_zoominfo': 'Premier Supply Company of Tampa Bay', 'website': 'www.premiersupplycompany.com', 'headquarters': '5444 Pioneer Park Blvd Ste C, Tampa, Florida, 33634, United States', 'SIC Code': '50,508', 'NAICS Code': '42,423', 'revenue': '$11.6M', 'Number of Employees': '39', 'LinkedIn url': '!not-found'}
{'company_name_zoominfo': '!not-found', 'website': 'Summit Dental Lab', 'headquarters': '!not-found', 'SIC Code': '!not-found', 'NAICS Code': '!not-found', 'revenue': '!not-found', 'Number of Employees': '!not-found', 'LinkedIn url': '!not-found'}
site-not-indexed

{'company_name_zoominfo': '!not-found', 'website': '!not-found', 'headquarters': '!not-found', 'SIC Code': '!not-found', 'NAICS Code': '!not-found', 'revenue': '!not-found', 'Number of Employees': '!not-found', 'LinkedIn url': '!not-found'}
{'company_name_zoominfo': 'Dumpster Rental Salt Lake City', 'website': 'www.dumpsterrentalsaltlakecity.net', 'headquarters': '1338 S Foothill Dr, Salt Lake City, Utah, 84108, United States', 'SIC Code': '49,495', 'NAICS Code': '56,562', 'revenue': '$6.4M', 'Number of Employees': '27', 'LinkedIn url': '!not-found'}
{'company_name_zoominfo': 'NotAvailable', 'website': 'NotAvailable', 'headquarters': 'NotAvailable', 'SIC Code': 'NotAvailable', 'NAICS Code': 'NotAvailable', 'revenue': 'NotAvailable', 'Number of Employees': 'NotAvailable', 'LinkedIn url': 'NotAvailable'}
{'company_name_zoominfo': 'Express Environmental', 'website': 'www.expressenv.com', 'headquarters': '21601 Parthenia St, Canoga Park, California, 91304, United States', 'SIC Code': '42,421', 'NAICS Code': '56,562', 'revenue': '<$5M', 'Number of Employees': '<25', 'LinkedIn url': 'http://www.linkedin.com/company/express-environmental-corp-'}
{'company_name_zoominfo': 'Waikiki Worm', 'website': 'www.waikikiworm.com', 'headquarters': '1917 S King St, Honolulu, Hawaii, 96826, United States', 'SIC Code': '58,581', 'NAICS Code': '72,722', 'revenue': '<$5M', 'Number of Employees': '<25', 'LinkedIn url': '!not-found'}
{'company_name_zoominfo': 'Liquos', 'website': 'www.liquos.com', 'headquarters': '3032 Scott Blvd, Santa Clara, California, 95054, United States', 'SIC Code': '35,358', 'NAICS Code': '33,333', 'revenue': '<$5M', 'Number of Employees': '<25', 'LinkedIn url': 'http://www.linkedin.com/company/2287291'}
renewing ip
429
2a0b:f4c0:16c:1::1
{'company_name_zoominfo': 'Aqua Systems', 'website': 'www.officewater.net', 'headquarters': '2110 W Main St Ste 1, Richmond, Virginia, 23220, United States', 'SIC Code': '49,50', 'NAICS Code': '42,423', 'revenue': '$6M', 'Number of Employees': '<25', 'LinkedIn url': '!not-found'}
{'company_name_zoominfo': 'NotAvailable', 'website': 'NotAvailable', 'headquarters': 'NotAvailable', 'SIC Code': 'NotAvailable', 'NAICS Code': 'NotAvailable', 'revenue': 'NotAvailable', 'Number of Employees': 'NotAvailable', 'LinkedIn url': 'NotAvailable'}
{'company_name_zoominfo': 'NotAvailable', 'website': 'NotAvailable', 'headquarters': 'NotAvailable', 'SIC Code': 'NotAvailable', 'NAICS Code': 'NotAvailable', 'revenue': 'NotAvailable', 'Number of Employees': 'NotAvailable', 'LinkedIn url': 'NotAvailable'}
{'company_name_zoominfo': '!not-found', 'website': 'Signet', 'headquarters': '!not-found', 'SIC Code': '!not-found', 'NAICS Code': '!not-found', 'revenue': '!not-found', 'Number of Employees': '!not-found', 'LinkedIn url': '!not-found'}
{'company_name_zoominfo': 'NotAvailable', 'website': 'NotAvailable', 'headquarters': 'NotAvailable', 'SIC Code': 'NotAvailable', 'NAICS Code': 'NotAvailable', 'revenue': 'NotAvailable', 'Number of Employees': 'NotAvailable', 'LinkedIn url': 'NotAvailable'}
{'company_name_zoominfo': 'NotAvailable', 'website': 'NotAvailable', 'headquarters': 'NotAvailable', 'SIC Code': 'NotAvailable', 'NAICS Code': 'NotAvailable', 'revenue': 'NotAvailable', 'Number of Employees': 'NotAvailable', 'LinkedIn url': 'NotAvailable'}
{'company_name_zoominfo': 'NotAvailable', 'website': 'NotAvailable', 'headquarters': 'NotAvailable', 'SIC Code': 'NotAvailable', 'NAICS Code': 'NotAvailable', 'revenue': 'NotAvailable', 'Number of Employees': 'NotAvailable', 'LinkedIn url': 'NotAvailable'}
{'company_name_zoominfo': 'NotAvailable', 'website': 'NotAvailable', 'headquarters': 'NotAvailable', 'SIC Code': 'NotAvailable', 'NAICS Code': 'NotAvailable', 'revenue': 'NotAvailable', 'Number of Employees': 'NotAvailable', 'LinkedIn url': 'NotAvailable'}
{'company_name_zoominfo': 'Waste Reduction Systems', 'website': 'www.wastereductionsystemsllc.com', 'headquarters': '5848 N Stiles Rd, Ludington, Michigan, 49431, United States', 'SIC Code': '49,495', 'NAICS Code': '56,562', 'revenue': '<$5M', 'Number of Employees': '<25', 'LinkedIn url': 'http://www.linkedin.com/company/waste-reduction-systems'}
{'company_name_zoominfo': 'Fer', 'website': 'www.ferinc.biz', 'headquarters': '5055 S Eastern Ave, Oklahoma City, Oklahoma, 73129, United States', 'SIC Code': '42,421', 'NAICS Code': '51,518', 'revenue': '$9M', 'Number of Employees': '33', 'LinkedIn url': 'http://www.linkedin.com/company/ferguson-environmental-rsrcs'}
{'company_name_zoominfo': 'Resource Environmental Management', 'website': 'www.resourceem.com', 'headquarters': '50 Maple St, Montrose, Pennsylvania, 18801, United States', 'SIC Code': '89,899', 'NAICS Code': '54,541', 'revenue': '<$5M', 'Number of Employees': '<25', 'LinkedIn url': 'http://www.linkedin.com/company/resource-environmental-management-inc.'}
{'company_name_zoominfo': 'Dobtec', 'website': 'www.dobtec.com', 'headquarters': 'Viburnum House Spout Hl, Alvington, Gloucestershire, GL15 6AE, United ...', 'SIC Code': '73,738', 'NAICS Code': '56,561', 'revenue': '<$5M', 'Number of Employees': '<25', 'LinkedIn url': 'https://www.linkedin.com/company/dobtec-limited'}
{'company_name_zoominfo': 'NotAvailable', 'website': 'NotAvailable', 'headquarters': 'NotAvailable', 'SIC Code': 'NotAvailable', 'NAICS Code': 'NotAvailable', 'revenue': 'NotAvailable', 'Number of Employees': 'NotAvailable', 'LinkedIn url': 'NotAvailable'}
{'company_name_zoominfo': 'Brocks Haulage', 'website': 'www.brockshaulage.com', 'headquarters': 'Beacon Hill Industrial Estate Botany Way, Grays, Essex, RM19 1SR, Unit...', 'SIC Code': '49,42', 'NAICS Code': '48,484', 'revenue': '$9.2M', 'Number of Employees': '41', 'LinkedIn url': 'http://www.linkedin.com/company/brocks-gordon-ground-engineering-ltd'}
{'company_name_zoominfo': 'AMWaste Recycling Services', 'website': 'www.amwasterecycling.com', 'headquarters': 'PO Box 821, Jacksboro, Tennessee, 37757, United States', 'SIC Code': '49,495', 'NAICS Code': '56,562', 'revenue': '<$5M', 'Number of Employees': '<25', 'LinkedIn url': '!not-found'}
{'company_name_zoominfo': '!not-found', 'website': '!not-found', 'headquarters': '!not-found', 'SIC Code': '!not-found', 'NAICS Code': '!not-found', 'revenue': '!not-found', 'Number of Employees': '!not-found', 'LinkedIn url': '!not-found'}
{'company_name_zoominfo': 'NotAvailable', 'website': 'NotAvailable', 'headquarters': 'NotAvailable', 'SIC Code': 'NotAvailable', 'NAICS Code': 'NotAvailable', 'revenue': 'NotAvailable', 'Number of Employees': 'NotAvailable', 'LinkedIn url': 'NotAvailable'}
{'company_name_zoominfo': 'Super Trash Bros', 'website': 'www.supertrashbros.com', 'headquarters': '897 Union Station Pkwy 19414, Lewisville, Texas, 75057, United States', 'SIC Code': '49,495', 'NAICS Code': '56,562', 'revenue': '<$5M', 'Number of Employees': '<25', 'LinkedIn url': '!not-found'}
{'company_name_zoominfo': 'Wet International', 'website': 'www.wet-international.com', 'headquarters': '316 Roma Jean Pkwy, Streamwood, Illinois, 60107, United States', 'SIC Code': '51,516', 'NAICS Code': '42,424', 'revenue': '<$5M', 'Number of Employees': '<25', 'LinkedIn url': 'http://www.linkedin.com/company/wet-inc-'}
{'company_name_zoominfo': 'J & a Construction', 'website': 'www.jandadisposal.com', 'headquarters': '151 Luna Dr, Nashville, Tennessee, 37211, United States', 'SIC Code': '49,495', 'NAICS Code': '56,562', 'revenue': '<$5M', 'Number of Employees': '<25', 'LinkedIn url': '!not-found'}
{'company_name_zoominfo': 'NotAvailable', 'website': 'NotAvailable', 'headquarters': 'NotAvailable', 'SIC Code': 'NotAvailable', 'NAICS Code': 'NotAvailable', 'revenue': 'NotAvailable', 'Number of Employees': 'NotAvailable', 'LinkedIn url': 'NotAvailable'}
renewing ip
429
2605:6400:10:1362::2
{'company_name_zoominfo': 'Advanced Recycling', 'website': 'www.advancedrecycling.net', 'headquarters': '117 S Lewis St, Staunton, Virginia, 24401, United States', 'SIC Code': '49,495', 'NAICS Code': '56,562', 'revenue': '<$5M', 'Number of Employees': '<25', 'LinkedIn url': '!not-found'}
{'company_name_zoominfo': 'NotAvailable', 'website': 'NotAvailable', 'headquarters': 'NotAvailable', 'SIC Code': 'NotAvailable', 'NAICS Code': 'NotAvailable', 'revenue': 'NotAvailable', 'Number of Employees': 'NotAvailable', 'LinkedIn url': 'NotAvailable'}
{'company_name_zoominfo': 'NotAvailable', 'website': 'NotAvailable', 'headquarters': 'NotAvailable', 'SIC Code': 'NotAvailable', 'NAICS Code': 'NotAvailable', 'revenue': 'NotAvailable', 'Number of Employees': 'NotAvailable', 'LinkedIn url': 'NotAvailable'}
{'company_name_zoominfo': 'Premier Recycling Technology', 'website': 'www.premierrecyclingtech.com', 'headquarters': '12345 Detroit Ave, Cleveland, Ohio, 44145, United States', 'SIC Code': '49,495', 'NAICS Code': '56,562', 'revenue': '<$5M', 'Number of Employees': '<25', 'LinkedIn url': '!not-found'}
{'company_name_zoominfo': 'Recycleye', 'website': 'www.recycleye.com', 'headquarters': '43 Central St, London, Greater London, EC1V 8AB, United Kingdom', 'SIC Code': '73,737', 'NAICS Code': '54,541', 'revenue': '$16.2M', 'Number of Employees': '<25', 'LinkedIn url': 'http://www.linkedin.com/company/recycleye'}
{'company_name_zoominfo': 'Poly Source', 'website': 'www.poly-source.com', 'headquarters': '3705 Alesia Kae Dr, Brunswick, Ohio, 44212, United States', 'SIC Code': '49,495', 'NAICS Code': '56,562', 'revenue': '<$5M', 'Number of Employees': '<25', 'LinkedIn url': '!not-found'}
{'company_name_zoominfo': 'J & J Waste Oil', 'website': 'www.jjwasteoil.com', 'headquarters': '903 5th Ave N, Saint James, Minnesota, 56081, United States', 'SIC Code': '42,421', 'NAICS Code': '56,562', 'revenue': '<$5M', 'Number of Employees': '<25', 'LinkedIn url': '!not-found'}
{'company_name_zoominfo': 'MGM Trash', 'website': 'www.mgmtrash.com', 'headquarters': '8865 County Road 121 At, Wildwood, Florida, 34785, United States', 'SIC Code': '49,495', 'NAICS Code': '56,562', 'revenue': '<$5M', 'Number of Employees': '<25', 'LinkedIn url': '!not-found'}
{'company_name_zoominfo': 'North Country Disposal', 'website': 'www.northcountrydisposal.net', 'headquarters': '304 State Highway M553, Marquette, Michigan, 49855, United States', 'SIC Code': '73,735', 'NAICS Code': '56,562', 'revenue': '<$5M', 'Number of Employees': '<25', 'LinkedIn url': 'http://www.linkedin.com/company/north-country-disposal'}
{'company_name_zoominfo': 'Mid-State Solid Waste & Recycling', 'website': 'www.midstatesolidwasteandrecycling.com', 'headquarters': '3360 La Cruz Way, Paso Robles, California, 93446, United States', 'SIC Code': '49,495', 'NAICS Code': '56,562', 'revenue': '$7M', 'Number of Employees': '26', 'LinkedIn url': '!not-found'}
{'company_name_zoominfo': 'NotAvailable', 'website': 'NotAvailable', 'headquarters': 'NotAvailable', 'SIC Code': 'NotAvailable', 'NAICS Code': 'NotAvailable', 'revenue': 'NotAvailable', 'Number of Employees': 'NotAvailable', 'LinkedIn url': 'NotAvailable'}
{'company_name_zoominfo': 'NotAvailable', 'website': 'NotAvailable', 'headquarters': 'NotAvailable', 'SIC Code': 'NotAvailable', 'NAICS Code': 'NotAvailable', 'revenue': 'NotAvailable', 'Number of Employees': 'NotAvailable', 'LinkedIn url': 'NotAvailable'}
{'company_name_zoominfo': 'NotAvailable', 'website': 'NotAvailable', 'headquarters': 'NotAvailable', 'SIC Code': 'NotAvailable', 'NAICS Code': 'NotAvailable', 'revenue': 'NotAvailable', 'Number of Employees': 'NotAvailable', 'LinkedIn url': 'NotAvailable'}
{'company_name_zoominfo': 'Halaw Green Energy', 'website': 'www.halawgreenenergy.com', 'headquarters': '6655 Salish Dr, Vancouver, British Columbia, V6N 4C4, Canada', 'SIC Code': '49,491', 'NAICS Code': '22,221', 'revenue': '<$5M', 'Number of Employees': '<25', 'LinkedIn url': 'http://www.linkedin.com/company/halawgreenenergy'}
{'company_name_zoominfo': 'NotAvailable', 'website': 'NotAvailable', 'headquarters': 'NotAvailable', 'SIC Code': 'NotAvailable', 'NAICS Code': 'NotAvailable', 'revenue': 'NotAvailable', 'Number of Employees': 'NotAvailable', 'LinkedIn url': 'NotAvailable'}
{'company_name_zoominfo': 'Samsula Recycling', 'website': 'www.samsulalandfill.com', 'headquarters': '363 S State Road 415, New Smyrna Beach, Florida, 32168, United States', 'SIC Code': '49,495', 'NAICS Code': '56,562', 'revenue': '<$5M', 'Number of Employees': '<25', 'LinkedIn url': '!not-found'}
{'company_name_zoominfo': "D's Recycling and Composting", 'website': 'www.dsrecyclingandcomposting.com', 'headquarters': '4275 Pruitt Dr, San Angelo, Texas, 76903, United States', 'SIC Code': '28,287', 'NAICS Code': '32,325', 'revenue': '<$5M', 'Number of Employees': '<25', 'LinkedIn url': '!not-found'}
{'company_name_zoominfo': 'National Computer Recovery', 'website': 'www.nationalcomputerrecovery.com', 'headquarters': '28875 Joy Rd, Westland, Michigan, 48185, United States', 'SIC Code': '49,495', 'NAICS Code': '56,562', 'revenue': '<$5M', 'Number of Employees': '<25', 'LinkedIn url': '!not-found'}
{'company_name_zoominfo': 'Ground Floor', 'website': 'www.tcswmo.com', 'headquarters': '3368 Heald Hwy, Union, Maine, 04862, United States', 'SIC Code': '57,571', 'NAICS Code': '44,442', 'revenue': '<$5M', 'Number of Employees': '<25', 'LinkedIn url': '!not-found'}
{'company_name_zoominfo': 'NotAvailable', 'website': 'NotAvailable', 'headquarters': 'NotAvailable', 'SIC Code': 'NotAvailable', 'NAICS Code': 'NotAvailable', 'revenue': 'NotAvailable', 'Number of Employees': 'NotAvailable', 'LinkedIn url': 'NotAvailable'}
{'company_name_zoominfo': 'NotAvailable', 'website': 'NotAvailable', 'headquarters': 'NotAvailable', 'SIC Code': 'NotAvailable', 'NAICS Code': 'NotAvailable', 'revenue': 'NotAvailable', 'Number of Employees': 'NotAvailable', 'LinkedIn url': 'NotAvailable'}
renewing ip
429
2a0b:f4c1:2::241
{'company_name_zoominfo': 'Computer Recycling Seattle', 'website': 'www.computerrecyclingseattle.net', 'headquarters': '949 N 76th St, Seattle, Washington, 98103, United States', 'SIC Code': '49,495', 'NAICS Code': '56,562', 'revenue': '<$5M', 'Number of Employees': '<25', 'LinkedIn url': '!not-found'}
{'company_name_zoominfo': 'GOOD FRIENDS Waste Management', 'website': 'www.goodfriendsrecycling.com', 'headquarters': '5632 Kertscher Ter, Centreville, Virginia, 20120, United States', 'SIC Code': '49,495', 'NAICS Code': '56,562', 'revenue': '<$5M', 'Number of Employees': '<25', 'LinkedIn url': '!not-found'}
{'company_name_zoominfo': 'NotAvailable', 'website': 'NotAvailable', 'headquarters': 'NotAvailable', 'SIC Code': 'NotAvailable', 'NAICS Code': 'NotAvailable', 'revenue': 'NotAvailable', 'Number of Employees': 'NotAvailable', 'LinkedIn url': 'NotAvailable'}
renewing ip
429
2a0b:f4c1:2::251
{'company_name_zoominfo': 'A&B Trucking', 'website': 'www.abtruckingrolloff.com', 'headquarters': '2690 Old Washington Rd, Waldorf, Maryland, 20601, United States', 'SIC Code': '49,495', 'NAICS Code': '56,562', 'revenue': '<$5M', 'Number of Employees': '<25', 'LinkedIn url': '!not-found'}
{'company_name_zoominfo': 'CA-Recycle.Com', 'website': 'www.ca-recycle.com', 'headquarters': '13321 Garden Grove Blvd, Garden Grove, California, 92843, United State...', 'SIC Code': '49,495', 'NAICS Code': '56,562', 'revenue': '<$5M', 'Number of Employees': '<25', 'LinkedIn url': '!not-found'}
{'company_name_zoominfo': '!not-found', 'website': 'Mean Green Electronics Recycling', 'headquarters': '!not-found', 'SIC Code': '!not-found', 'NAICS Code': '!not-found', 'revenue': '!not-found', 'Number of Employees': '!not-found', 'LinkedIn url': '!not-found'}
{'company_name_zoominfo': 'NotAvailable', 'website': 'NotAvailable', 'headquarters': 'NotAvailable', 'SIC Code': 'NotAvailable', 'NAICS Code': 'NotAvailable', 'revenue': 'NotAvailable', 'Number of Employees': 'NotAvailable', 'LinkedIn url': 'NotAvailable'}
{'company_name_zoominfo': '!not-found', 'website': '!not-found', 'headquarters': '!not-found', 'SIC Code': '!not-found', 'NAICS Code': '!not-found', 'revenue': '!not-found', 'Number of Employees': '!not-found', 'LinkedIn url': '!not-found'}
{'company_name_zoominfo': "Ted's Trash Service", 'website': 'www.tedstrash.com', 'headquarters': '10736 E Truman Rd, Independence, Missouri, 64052, United States', 'SIC Code': '42,421', 'NAICS Code': '56,562', 'revenue': '$14.7M', 'Number of Employees': '62', 'LinkedIn url': '!not-found'}
{'company_name_zoominfo': 'Junk Junkies', 'website': 'www.yelp.com/biz/junk-junkies-london-4', 'headquarters': '509 Commissioners Rd W 321, London, Ontario, N6J 1Y5, Canada', 'SIC Code': '49,495', 'NAICS Code': '56,562', 'revenue': '<$5M', 'Number of Employees': '<25', 'LinkedIn url': '!not-found'}
{'company_name_zoominfo': 'National Waste & Recycling Association', 'website': 'www.wasterecycling.org', 'headquarters': '1550 Crystal Dr Ste 804, Arlington, Virginia, 22202, United States', 'SIC Code': '86,861', 'NAICS Code': '81,813', 'revenue': '$6.9M', 'Number of Employees': '<25', 'LinkedIn url': 'http://www.linkedin.com/company/nwra'}
{'company_name_zoominfo': 'Intrepid Carting', 'website': 'www.intrepidcarting.com', 'headquarters': '1129 S 2nd St, Plainfield, New Jersey, 07063, United States', 'SIC Code': '49,495', 'NAICS Code': '56,562', 'revenue': '<$5M', 'Number of Employees': '<25', 'LinkedIn url': '!not-found'}
{'company_name_zoominfo': 'NotAvailable', 'website': 'NotAvailable', 'headquarters': 'NotAvailable', 'SIC Code': 'NotAvailable', 'NAICS Code': 'NotAvailable', 'revenue': 'NotAvailable', 'Number of Employees': 'NotAvailable', 'LinkedIn url': 'NotAvailable'}
{'company_name_zoominfo': 'NotAvailable', 'website': 'NotAvailable', 'headquarters': 'NotAvailable', 'SIC Code': 'NotAvailable', 'NAICS Code': 'NotAvailable', 'revenue': 'NotAvailable', 'Number of Employees': 'NotAvailable', 'LinkedIn url': 'NotAvailable'}
{'company_name_zoominfo': '!not-found', 'website': 'Bio Carbon Solutions Global', 'headquarters': '!not-found', 'SIC Code': '!not-found', 'NAICS Code': '!not-found', 'revenue': '!not-found', 'Number of Employees': '!not-found', 'LinkedIn url': '!not-found'}
{'company_name_zoominfo': 'Qualitech Systems', 'website': 'www.qsimicrobes.com', 'headquarters': '2 School St, Glen Head, New York, 11545, United States', 'SIC Code': '28,284', 'NAICS Code': '32,325', 'revenue': '<$5M', 'Number of Employees': '<25', 'LinkedIn url': '!not-found'}
renewing ip
429
2a0b:f4c2:1::1
renewing ip
429
2a0b:f4c2:1::1
renewing ip
429
2001:67c:6ec:203:192:42:116:214
renewing ip
429
2001:67c:6ec:203:192:42:116:214
renewing ip
429
2a03:e600:100::68
{'company_name_zoominfo': 'Junk Luggers', 'website': 'www.junkluggersofnyc.com', 'headquarters': '33-56 11th St, Long Island City, New York, 11106, United States', 'SIC Code': '49,495', 'NAICS Code': '56,562', 'revenue': '<$5M', 'Number of Employees': '<25', 'LinkedIn url': '!not-found'}
{'company_name_zoominfo': 'Revolve Engineers', 'website': 'www.revolveengineers.com', 'headquarters': 'C7 & C8 Industrial Estate Sanathnagar, Hyderabad, Telangana, 500018, I...', 'SIC Code': '49,495', 'NAICS Code': '22,221', 'revenue': '$12.7M', 'Number of Employees': '41', 'LinkedIn url': 'http://www.linkedin.com/company/revolve-engineers-pvt-ltd-'}
{'company_name_zoominfo': 'NotAvailable', 'website': 'NotAvailable', 'headquarters': 'NotAvailable', 'SIC Code': 'NotAvailable', 'NAICS Code': 'NotAvailable', 'revenue': 'NotAvailable', 'Number of Employees': 'NotAvailable', 'LinkedIn url': 'NotAvailable'}
{'company_name_zoominfo': 'ReusePac', 'website': 'www.reusepac.com', 'headquarters': '2562 Mayfair Ln, Fort Lauderdale, Florida, 33327, United States', 'SIC Code': '49,495', 'NAICS Code': '56,562', 'revenue': '<$5M', 'Number of Employees': '<25', 'LinkedIn url': '!not-found'}
{'company_name_zoominfo': 'Trash Can Valet', 'website': 'www.trashcanvalet.com', 'headquarters': '3100 Roswell Rd NW, Atlanta, Georgia, 30305, United States', 'SIC Code': '42,421', 'NAICS Code': '56,562', 'revenue': '<$5M', 'Number of Employees': '<25', 'LinkedIn url': '!not-found'}
{'company_name_zoominfo': 'PCE Pacific', 'website': 'www.pcepacific.com', 'headquarters': '22011 26th Ave SE, Bothell, Washington, 98021, United States', 'SIC Code': '50,508', 'NAICS Code': '42,423', 'revenue': '$70.2M', 'Number of Employees': '280', 'LinkedIn url': 'http://www.linkedin.com/company/pce-pacific'}
{'company_name_zoominfo': 'Hestia Home Biogas', 'website': 'www.hestiahomebiogas.com', 'headquarters': '1432 W Broadway, Eugene, Oregon, 97402, United States', 'SIC Code': '49,495', 'NAICS Code': '56,562', 'revenue': '$6M', 'Number of Employees': '<25', 'LinkedIn url': 'http://www.linkedin.com/company/hestia-home-biogas'}
{'company_name_zoominfo': 'Mid South Water', 'website': 'www.midsouthwater.com', 'headquarters': '1420 S Davis Ave, Cleveland, Mississippi, 38732, United States', 'SIC Code': '17,178', 'NAICS Code': '23,237', 'revenue': '<$5M', 'Number of Employees': '<25', 'LinkedIn url': 'http://www.linkedin.com/company/mid-south-machine-works'}
{'company_name_zoominfo': 'Bob-o Express', 'website': 'www.bob-oexpress.com', 'headquarters': '103 Harris Ave S, Park River, North Dakota, 58270, United States', 'SIC Code': '42,421', 'NAICS Code': '48,484', 'revenue': '<$5M', 'Number of Employees': '<25', 'LinkedIn url': '!not-found'}
{'company_name_zoominfo': 'eSCO Processing & Recycling', 'website': 'www.natural-staterecycling.com', 'headquarters': '1807 E 23rd St, Little Rock, Arkansas, 72201, United States', 'SIC Code': '49,495', 'NAICS Code': '56,562', 'revenue': '$7.8M', 'Number of Employees': '<25', 'LinkedIn url': 'http://www.linkedin.com/company/esco-processing-and-recycling'}
{'company_name_zoominfo': 'Biocolumn', 'website': 'www.biocolumn.com', 'headquarters': '240 W Auburn Rd, Rochester Hills, Michigan, 48307, United States', 'SIC Code': '87,873', 'NAICS Code': '54,541', 'revenue': '<$5M', 'Number of Employees': '<25', 'LinkedIn url': 'http://www.linkedin.com/company/aquatic-productions-and-consulting-llc'}
{'company_name_zoominfo': 'Mikroflot Technologies', 'website': 'www.mikroflot.com', 'headquarters': '247 Freshwater Way Ste 340, Milwaukee, Wisconsin, 53024, United States', 'SIC Code': '35,358', 'NAICS Code': '33,333', 'revenue': '<$5M', 'Number of Employees': '<25', 'LinkedIn url': 'http://www.linkedin.com/company/mikroflot-technologies-llc'}
{'company_name_zoominfo': 'NotAvailable', 'website': 'NotAvailable', 'headquarters': 'NotAvailable', 'SIC Code': 'NotAvailable', 'NAICS Code': 'NotAvailable', 'revenue': 'NotAvailable', 'Number of Employees': 'NotAvailable', 'LinkedIn url': 'NotAvailable'}
{'company_name_zoominfo': 'Evergreen IT Solutions', 'website': 'www.evergreenitmanagement.com', 'headquarters': '47825 Warm Springs Blvd, Fremont, California, 94539, United States', 'SIC Code': '49,495', 'NAICS Code': '56,562', 'revenue': '$6.7M', 'Number of Employees': '<25', 'LinkedIn url': 'http://www.linkedin.com/company/evergreen-it-solutions'}
{'company_name_zoominfo': 'Green New World', 'website': 'www.greennewworld.org', 'headquarters': '27 Lake Helix Dr, La Mesa, California, 91941, United States', 'SIC Code': '89,899', 'NAICS Code': '54,541', 'revenue': '<$5M', 'Number of Employees': '<25', 'LinkedIn url': '!not-found'}
{'company_name_zoominfo': 'Lake & Pond Biologists', 'website': 'www.lakeandpondbiologists.com', 'headquarters': '370 E 1300 N, Chesterton, Indiana, 46304, United States', 'SIC Code': '09,092', 'NAICS Code': '11,112', 'revenue': '<$5M', 'Number of Employees': '<25', 'LinkedIn url': '!not-found'}
{'company_name_zoominfo': 'NotAvailable', 'website': 'NotAvailable', 'headquarters': 'NotAvailable', 'SIC Code': 'NotAvailable', 'NAICS Code': 'NotAvailable', 'revenue': 'NotAvailable', 'Number of Employees': 'NotAvailable', 'LinkedIn url': 'NotAvailable'}
{'company_name_zoominfo': 'AnythingIT', 'website': 'www.anythingit.com', 'headquarters': '2075 91st St Unit 2, North Bergen, New Jersey, 07047, United States', 'SIC Code': '49,495', 'NAICS Code': '56,562', 'revenue': '<$5M', 'Number of Employees': '<25', 'LinkedIn url': 'http://www.linkedin.com/company/anythingit-inc.'}
renewing ip
429
2a03:e600:100::70
{'company_name_zoominfo': 'Aster Bio', 'website': 'www.asterbio.com', 'headquarters': 'PO Box 27841, Houston, Texas, 77227, United States', 'SIC Code': '87,873', 'NAICS Code': '54,541', 'revenue': '<$5M', 'Number of Employees': '<25', 'LinkedIn url': 'http://www.linkedin.com/company/aster-bio'}
{'company_name_zoominfo': 'NotAvailable', 'website': 'NotAvailable', 'headquarters': 'NotAvailable', 'SIC Code': 'NotAvailable', 'NAICS Code': 'NotAvailable', 'revenue': 'NotAvailable', 'Number of Employees': 'NotAvailable', 'LinkedIn url': 'NotAvailable'}
{'company_name_zoominfo': 'Bio Carbon Solutions Global', 'website': 'www.biocarbonsolutionsglobal.com', 'headquarters': '76 N King St Ste 200, Honolulu, Hawaii, 96817, United States', 'SIC Code': '49,495', 'NAICS Code': '56,562', 'revenue': '<$5M', 'Number of Employees': '<25', 'LinkedIn url': '!not-found'}
{'company_name_zoominfo': 'NotAvailable', 'website': 'NotAvailable', 'headquarters': 'NotAvailable', 'SIC Code': 'NotAvailable', 'NAICS Code': 'NotAvailable', 'revenue': 'NotAvailable', 'Number of Employees': 'NotAvailable', 'LinkedIn url': 'NotAvailable'}
{'company_name_zoominfo': 'PitCharger', 'website': 'www.pitcharger.com', 'headquarters': '9950 N 225th St, Elkhorn, Nebraska, 68022, United States', 'SIC Code': '20,204', 'NAICS Code': '31,311', 'revenue': '<$5M', 'Number of Employees': '<25', 'LinkedIn url': '!not-found'}
{'company_name_zoominfo': 'Phoenix Elm', 'website': 'www.phoenixelm.com', 'headquarters': '10299 Southern Blvd Ste 210914, Royal Palm Beach, Florida, 33411, Unit...', 'SIC Code': '16,162', 'NAICS Code': '23,237', 'revenue': '<$5M', 'Number of Employees': '<25', 'LinkedIn url': 'http://www.linkedin.com/company/phoenix-elm'}
{'company_name_zoominfo': 'Erosion Control Services', 'website': 'www.ecsva.com', 'headquarters': '853 S Birdneck Rd, Virginia Beach, Virginia, 23451, United States', 'SIC Code': '49,495', 'NAICS Code': '11,115', 'revenue': '<$5M', 'Number of Employees': '<25', 'LinkedIn url': '!not-found'}
{'company_name_zoominfo': 'AfterTech', 'website': 'www.aftertech.net', 'headquarters': '310 W 5th St, Bartlesville, Oklahoma, 74003, United States', 'SIC Code': '49,495', 'NAICS Code': '56,562', 'revenue': '<$5M', 'Number of Employees': '<25', 'LinkedIn url': '!not-found'}
{'company_name_zoominfo': 'Plastic Bottle Crusher', 'website': 'www.plasticbottlecrusher.com', 'headquarters': 'PO Box 8123, Sunnybank, Queensland, 4109, Australia', 'SIC Code': '30,308', 'NAICS Code': '32,326', 'revenue': '<$5M', 'Number of Employees': '<25', 'LinkedIn url': '!not-found'}
{'company_name_zoominfo': 'Blink Water Solutions', 'website': 'www.blinkwatersolutions.com', 'headquarters': '250 Red Cliffs Dr Ste 4b224, Saint George, Utah, 84790, United States', 'SIC Code': '35,358', 'NAICS Code': '33,333', 'revenue': '$5.3M', 'Number of Employees': '<25', 'LinkedIn url': '!not-found'}
{'company_name_zoominfo': 'SolarMultiple', 'website': 'www.solarmultiple.com', 'headquarters': '18318 W 58th Pl Apt 74, Golden, Colorado, 80403, United States', 'SIC Code': '87,871', 'NAICS Code': '54,541', 'revenue': '<$5M', 'Number of Employees': '<25', 'LinkedIn url': 'http://www.linkedin.com/company/solar-multiple-llc'}
{'company_name_zoominfo': 'NotAvailable', 'website': 'NotAvailable', 'headquarters': 'NotAvailable', 'SIC Code': 'NotAvailable', 'NAICS Code': 'NotAvailable', 'revenue': 'NotAvailable', 'Number of Employees': 'NotAvailable', 'LinkedIn url': 'NotAvailable'}
{'company_name_zoominfo': 'Bluehouse Investments', 'website': 'www.bluehouse-investments.com', 'headquarters': '20 W Kinzie St 17F, Chicago, Illinois, 60654, United States', 'SIC Code': '67,679', 'NAICS Code': '52,523', 'revenue': '<$5M', 'Number of Employees': '<25', 'LinkedIn url': 'http://www.linkedin.com/company/bluehouse-investments'}
{'company_name_zoominfo': 'NotAvailable', 'website': 'NotAvailable', 'headquarters': 'NotAvailable', 'SIC Code': 'NotAvailable', 'NAICS Code': 'NotAvailable', 'revenue': 'NotAvailable', 'Number of Employees': 'NotAvailable', 'LinkedIn url': 'NotAvailable'}
{'company_name_zoominfo': 'Assured ITD', 'website': 'www.assureditd.com', 'headquarters': 'PO Box 12251, Raleigh, North Carolina, 27605, United States', 'SIC Code': '49,495', 'NAICS Code': '56,562', 'revenue': '$5.3M', 'Number of Employees': '<25', 'LinkedIn url': 'http://www.linkedin.com/company/assured-itd'}
{'company_name_zoominfo': 'Midwest Product Destruction & Recycling Services', 'website': 'www.midwestproductdestruction.com', 'headquarters': '1600 E Euclid Ave, Des Moines, Iowa, 50313, United States', 'SIC Code': '49,495', 'NAICS Code': '22,221', 'revenue': '$7M', 'Number of Employees': '<25', 'LinkedIn url': 'http://www.linkedin.com/company/midwest-product-destruction-and-recycling-services'}
{'company_name_zoominfo': 'Stellar3', 'website': 'www.stellar3.co', 'headquarters': '!not-found', 'SIC Code': '72,729', 'NAICS Code': '51,518', 'revenue': '<$5M', 'Number of Employees': '<25', 'LinkedIn url': 'http://www.linkedin.com/company/stellar3inc'}
{'company_name_zoominfo': 'NotAvailable', 'website': 'NotAvailable', 'headquarters': 'NotAvailable', 'SIC Code': 'NotAvailable', 'NAICS Code': 'NotAvailable', 'revenue': 'NotAvailable', 'Number of Employees': 'NotAvailable', 'LinkedIn url': 'NotAvailable'}
{'company_name_zoominfo': 'DS Services', 'website': 'www.water.com', 'headquarters': '2300 Windy Ridge Pkwy SE Ste 500N, Atlanta, Georgia, 30339, United Sta...', 'SIC Code': '20,208', 'NAICS Code': '31,312', 'revenue': '$2.5B', 'Number of Employees': '4,804', 'LinkedIn url': 'http://www.linkedin.com/company/ds-services-of-america-inc.'}
renewing ip
429
2a0b:f4c0:16c:6::1
{'company_name_zoominfo': 'Savin Lake Services', 'website': 'www.lakeandpond.com', 'headquarters': '3088 Hottis Rd, Hale, Michigan, 48739, United States', 'SIC Code': '34,343', 'NAICS Code': '11,115', 'revenue': '$5.7M', 'Number of Employees': '<25', 'LinkedIn url': 'http://www.linkedin.com/company/savin-lake-services-inc-'}
{'company_name_zoominfo': 'Double Star Ultraviolet Systems', 'website': 'www.doublestaruv.com', 'headquarters': '326 Lafayette Ave Ste 2, Hawthorne, New Jersey, 07506, United States', 'SIC Code': '36,364', 'NAICS Code': '33,335', 'revenue': '<$5M', 'Number of Employees': '<25', 'LinkedIn url': 'http://www.linkedin.com/company/double-star-ultraviolet-system'}
{'company_name_zoominfo': 'Shred-Cycle', 'website': 'www.shredcycleinc.com', 'headquarters': '572 Cauley Rd, East Dublin, Georgia, 31027, United States', 'SIC Code': '50,509', 'NAICS Code': '42,423', 'revenue': '<$5M', 'Number of Employees': '<25', 'LinkedIn url': '!not-found'}
{'company_name_zoominfo': 'GlobalSep', 'website': 'www.globalsep.com', 'headquarters': 'PO Box 949, La Grande, Oregon, 97850, United States', 'SIC Code': '35,358', 'NAICS Code': '33,333', 'revenue': '<$5M', 'Number of Employees': '<25', 'LinkedIn url': '!not-found'}
{'company_name_zoominfo': 'Paper Cuts', 'website': 'www.papercuts24-7.com', 'headquarters': '640 Jessie St, San Fernando, California, 91340, United States', 'SIC Code': '50,509', 'NAICS Code': '42,423', 'revenue': '<$5M', 'Number of Employees': '<25', 'LinkedIn url': 'http://www.linkedin.com/company/paper-cuts-24-7'}
{'company_name_zoominfo': 'NotAvailable', 'website': 'NotAvailable', 'headquarters': 'NotAvailable', 'SIC Code': 'NotAvailable', 'NAICS Code': 'NotAvailable', 'revenue': 'NotAvailable', 'Number of Employees': 'NotAvailable', 'LinkedIn url': 'NotAvailable'}
{'company_name_zoominfo': '!not-found', 'website': '!not-found', 'headquarters': '!not-found', 'SIC Code': '!not-found', 'NAICS Code': '!not-found', 'revenue': '!not-found', 'Number of Employees': '!not-found', 'LinkedIn url': '!not-found'}
{'company_name_zoominfo': 'NotAvailable', 'website': 'NotAvailable', 'headquarters': 'NotAvailable', 'SIC Code': 'NotAvailable', 'NAICS Code': 'NotAvailable', 'revenue': 'NotAvailable', 'Number of Employees': 'NotAvailable', 'LinkedIn url': 'NotAvailable'}
('Connection aborted.', RemoteDisconnected('Remote end closed connection without response'))
<class 'UnboundLocalError'>
error in http://webcache.googleusercontent.com/search?q=cache%3Ahttps%3A%2F%2Fwww.zoominfo.com%2Fc%2Fa-to-b-hauling%2F410337752
local variable 'page_content' referenced before assignment
https://www.zoominfo.com/c/a-to-b-hauling/410337752
{'company_name_zoominfo': '!unknown-error', 'website': '!unknown-error', 'headquarters': '!unknown-error', 'SIC Code': '!unknown-error', 'NAICS Code': '!unknown-error', 'revenue': '!unknown-error', 'Number of Employees': '!unknown-error', 'LinkedIn url': '!unknown-error'}
renewing ip
429
185.195.71.244
renewing ip
429
107.189.8.56
renewing ip
429
107.189.8.56
renewing ip
429
185.220.101.177
renewing ip
429
185.220.101.177
renewing ip
429
185.220.101.80
renewing ip
429
185.220.101.161
renewing ip
429
185.220.101.161
renewing ip
429
185.220.103.119
renewing ip
429
185.220.103.119
renewing ip
429
185.195.71.244
renewing ip
429
185.195.71.244
renewing ip
429
185.195.71.244
{'company_name_zoominfo': 'VERDECO RECYCLING', 'website': 'www.verdecorecycling.com', 'headquarters': '8685 Bowers Ave Unit C, South Gate, California, 90280, United States', 'SIC Code': '49,495', 'NAICS Code': '56,562', 'revenue': '$13.2M', 'Number of Employees': '41', 'LinkedIn url': 'http://www.linkedin.com/company/verdeco-group'}
{'company_name_zoominfo': '!not-found', 'website': '!not-found', 'headquarters': '!not-found', 'SIC Code': '!not-found', 'NAICS Code': '!not-found', 'revenue': '!not-found', 'Number of Employees': '!not-found', 'LinkedIn url': '!not-found'}
{'company_name_zoominfo': 'Spiral Cats', 'website': 'www.spcats.net', 'headquarters': 'Korea, Republic of', 'SIC Code': '59,594', 'NAICS Code': '45,453', 'revenue': '<$5M', 'Number of Employees': '<25', 'LinkedIn url': '!not-found'}
{'company_name_zoominfo': 'Newtech Recycling', 'website': 'www.newtechrecycling.com', 'headquarters': '600a Apgar Dr, Somerset, New Jersey, 08873, United States', 'SIC Code': '49,50', 'NAICS Code': '42,423', 'revenue': '$6.8M', 'Number of Employees': '34', 'LinkedIn url': 'http://www.linkedin.com/company/newtech-recycling-inc.'}
{'company_name_zoominfo': 'Kindly Light', 'website': 'www.kindlylight.io', 'headquarters': 'United States', 'SIC Code': '55,551', 'NAICS Code': '55,551', 'revenue': '<$5M', 'Number of Employees': '<25', 'LinkedIn url': '!not-found'}
{'company_name_zoominfo': 'NotAvailable', 'website': 'NotAvailable', 'headquarters': 'NotAvailable', 'SIC Code': 'NotAvailable', 'NAICS Code': 'NotAvailable', 'revenue': 'NotAvailable', 'Number of Employees': 'NotAvailable', 'LinkedIn url': 'NotAvailable'}
{'company_name_zoominfo': 'NotAvailable', 'website': 'NotAvailable', 'headquarters': 'NotAvailable', 'SIC Code': 'NotAvailable', 'NAICS Code': 'NotAvailable', 'revenue': 'NotAvailable', 'Number of Employees': 'NotAvailable', 'LinkedIn url': 'NotAvailable'}
site-not-indexed

{'company_name_zoominfo': '!not-found', 'website': '!not-found', 'headquarters': '!not-found', 'SIC Code': '!not-found', 'NAICS Code': '!not-found', 'revenue': '!not-found', 'Number of Employees': '!not-found', 'LinkedIn url': '!not-found'}
{'company_name_zoominfo': 'RecyclingAdvisor.com', 'website': 'www.recyclingadvisor.com', 'headquarters': '175 Varick St, New York, New York, 10014, United States', 'SIC Code': '49,495', 'NAICS Code': '56,562', 'revenue': '<$5M', 'Number of Employees': '<25', 'LinkedIn url': 'http://www.linkedin.com/company/recyclingunited-com'}
{'company_name_zoominfo': 'Swampthing Environmental', 'website': 'www.swampthing.biz', 'headquarters': '4057 Emerson Rd, Duluth, Minnesota, 55803, United States', 'SIC Code': '89,899', 'NAICS Code': '54,541', 'revenue': '<$5M', 'Number of Employees': '<25', 'LinkedIn url': '!not-found'}
{'company_name_zoominfo': 'Sierra Container Group', 'website': 'www.sierracontainer.com', 'headquarters': '6160 SW Hwy 200 Ste 110, Ocala, Florida, 34476, United States', 'SIC Code': '51,511', 'NAICS Code': '42,424', 'revenue': '<$5M', 'Number of Employees': '<25', 'LinkedIn url': 'http://www.linkedin.com/company/sierra-container-group'}
{'company_name_zoominfo': 'Absolute Water Professionals', 'website': 'www.awproutah.com', 'headquarters': '1687 E Shadow Cv, Salt Lake City, Utah, 84121, United States', 'SIC Code': '73,738', 'NAICS Code': '56,561', 'revenue': '<$5M', 'Number of Employees': '<25', 'LinkedIn url': '!not-found'}
{'company_name_zoominfo': 'Waste Tyre Solutions', 'website': 'www.wastetyres.com', 'headquarters': 'Bede House St. Cuthberts Way Aycliffe Industrial Park, Newton Aycliffe...', 'SIC Code': '49,495', 'NAICS Code': '22,221', 'revenue': '<$5M', 'Number of Employees': '<25', 'LinkedIn url': '!not-found'}
{'company_name_zoominfo': 'South Texas Dumpsters', 'website': 'www.southtexasdumpsters.com', 'headquarters': '9346 Tx-106 Loop, San Antonio, Texas, 78263, United States', 'SIC Code': '49,495', 'NAICS Code': '56,562', 'revenue': '<$5M', 'Number of Employees': '<25', 'LinkedIn url': 'http://www.linkedin.com/company/south-texas-dumpsters-inc'}
{'company_name_zoominfo': 'Grime Time', 'website': 'www.grimetime.com', 'headquarters': '4812 N Interstate Hwy 35 Ste B, Austin, Texas, 78751, United States', 'SIC Code': '49,495', 'NAICS Code': '22,221', 'revenue': '<$5M', 'Number of Employees': '<25', 'LinkedIn url': 'http://www.linkedin.com/company/grime-time'}
{'company_name_zoominfo': 'Smart Irrigation', 'website': 'www.smartirrigation.com', 'headquarters': '65 Springthorpe Rd, Birmingham, West Midlands, B24 0PL, United Kingdom', 'SIC Code': '49,497', 'NAICS Code': '22,221', 'revenue': '<$5M', 'Number of Employees': '<25', 'LinkedIn url': '!not-found'}
renewing ip
429
178.218.144.18
renewing ip
429
178.218.144.18
renewing ip
429
192.42.116.175
{'company_name_zoominfo': 'Commercial Snow Removal', 'website': 'www.csrsnow.com', 'headquarters': '110 Summer Rd, Flemington, New Jersey, 08822, United States', 'SIC Code': '47,473', 'NAICS Code': '48,488', 'revenue': '<$5M', 'Number of Employees': '<25', 'LinkedIn url': 'http://www.linkedin.com/company/csrsnow'}
{'company_name_zoominfo': 'OpWorksConnect', 'website': 'www.opworks.us', 'headquarters': '4050 Garden View Dr Ste 200, Grand Forks, North Dakota, 58201, United ...', 'SIC Code': '73,737', 'NAICS Code': '54,541', 'revenue': '<$5M', 'Number of Employees': '<25', 'LinkedIn url': 'http://www.linkedin.com/company/opworks'}
{'company_name_zoominfo': 'NotAvailable', 'website': 'NotAvailable', 'headquarters': 'NotAvailable', 'SIC Code': 'NotAvailable', 'NAICS Code': 'NotAvailable', 'revenue': 'NotAvailable', 'Number of Employees': 'NotAvailable', 'LinkedIn url': 'NotAvailable'}
{'company_name_zoominfo': 'Sutura Therapeutics', 'website': 'www.sutura.com', 'headquarters': '47-48 Hamilton Sq, Birkenhead, Merseyside, CH41 5AR, United Kingdom', 'SIC Code': '28,283', 'NAICS Code': '32,325', 'revenue': '$6.5M', 'Number of Employees': '26', 'LinkedIn url': '!not-found'}
{'company_name_zoominfo': 'NotAvailable', 'website': 'NotAvailable', 'headquarters': 'NotAvailable', 'SIC Code': 'NotAvailable', 'NAICS Code': 'NotAvailable', 'revenue': 'NotAvailable', 'Number of Employees': 'NotAvailable', 'LinkedIn url': 'NotAvailable'}
{'company_name_zoominfo': 'Spectralight Technologies', 'website': 'www.spectralightuv.com', 'headquarters': '2520 Shell Rd Ste A, Georgetown, Texas, 78628, United States', 'SIC Code': '35,358', 'NAICS Code': '33,333', 'revenue': '<$5M', 'Number of Employees': '<25', 'LinkedIn url': '!not-found'}
{'company_name_zoominfo': 'NotAvailable', 'website': 'NotAvailable', 'headquarters': 'NotAvailable', 'SIC Code': 'NotAvailable', 'NAICS Code': 'NotAvailable', 'revenue': 'NotAvailable', 'Number of Employees': 'NotAvailable', 'LinkedIn url': 'NotAvailable'}
{'company_name_zoominfo': 'WaterClear PLUS', 'website': 'www.waterclearplus.com', 'headquarters': 'United States', 'SIC Code': '35,358', 'NAICS Code': '33,333', 'revenue': '<$5M', 'Number of Employees': '<25', 'LinkedIn url': '!not-found'}
{'company_name_zoominfo': 'NotAvailable', 'website': 'NotAvailable', 'headquarters': 'NotAvailable', 'SIC Code': 'NotAvailable', 'NAICS Code': 'NotAvailable', 'revenue': 'NotAvailable', 'Number of Employees': 'NotAvailable', 'LinkedIn url': 'NotAvailable'}
{'company_name_zoominfo': 'Gaiamer Biotechnologies', 'website': 'www.gaiamer.com', 'headquarters': '5768 Lindenhurst Ave, Los Angeles, California, 90036, United States', 'SIC Code': '28,282', 'NAICS Code': '32,325', 'revenue': '<$5M', 'Number of Employees': '<25', 'LinkedIn url': '!not-found'}
{'company_name_zoominfo': 'Atlas Energy', 'website': 'www.atlasenergytx.com', 'headquarters': '!not-found', 'SIC Code': '49,491', 'NAICS Code': '22,221', 'revenue': '<$5M', 'Number of Employees': '<25', 'LinkedIn url': 'http://www.linkedin.com/company/atlas-energy-llc'}
{'company_name_zoominfo': 'Scott Farms', 'website': 'www.scottfarms.com', 'headquarters': '7965-a Simpson Rd, Lucama, North Carolina, 27851, United States', 'SIC Code': '01,013', 'NAICS Code': '11,111', 'revenue': '$30.7M', 'Number of Employees': '124', 'LinkedIn url': 'http://www.linkedin.com/company/scott-farms-inc'}
{'company_name_zoominfo': 'Green Bridge Industries', 'website': '!not-found', 'headquarters': '22431 Antonio Pkwy #b160-649, Rancho Santa Margarita, California, 9268...', 'SIC Code': '67,671', 'NAICS Code': '55,551', 'revenue': '<$5M', 'Number of Employees': '<25', 'LinkedIn url': '!not-found'}
{'company_name_zoominfo': 'NotAvailable', 'website': 'NotAvailable', 'headquarters': 'NotAvailable', 'SIC Code': 'NotAvailable', 'NAICS Code': 'NotAvailable', 'revenue': 'NotAvailable', 'Number of Employees': 'NotAvailable', 'LinkedIn url': 'NotAvailable'}
{'company_name_zoominfo': 'JD Raymond Transport', 'website': 'www.jdraymond.com', 'headquarters': '256 Summer St, Dover Foxcroft, Maine, 04426, United States', 'SIC Code': '47,478', 'NAICS Code': '48,484', 'revenue': '$8.3M', 'Number of Employees': '31', 'LinkedIn url': 'http://www.linkedin.com/company/raymond-transport'}
{'company_name_zoominfo': 'NotAvailable', 'website': 'NotAvailable', 'headquarters': 'NotAvailable', 'SIC Code': 'NotAvailable', 'NAICS Code': 'NotAvailable', 'revenue': 'NotAvailable', 'Number of Employees': 'NotAvailable', 'LinkedIn url': 'NotAvailable'}
{'company_name_zoominfo': 'Minnepura', 'website': 'www.minnepura.com', 'headquarters': '1000 Westgate Dr, Saint Paul, Minnesota, 55144, United States', 'SIC Code': '82,822', 'NAICS Code': '61,611', 'revenue': '<$5M', 'Number of Employees': '<25', 'LinkedIn url': 'http://www.linkedin.com/company/minnepura-technologies-inc'}
{'company_name_zoominfo': 'CCD International Biofuels & Energy', 'website': 'www.ccdbiofuels.com', 'headquarters': '2609 Wheeler Ave Ste 4, Houston, Texas, 77004, United States', 'SIC Code': '28,286', 'NAICS Code': '32,325', 'revenue': '<$5M', 'Number of Employees': '<25', 'LinkedIn url': '!not-found'}
{'company_name_zoominfo': 'NotAvailable', 'website': 'NotAvailable', 'headquarters': 'NotAvailable', 'SIC Code': 'NotAvailable', 'NAICS Code': 'NotAvailable', 'revenue': 'NotAvailable', 'Number of Employees': 'NotAvailable', 'LinkedIn url': 'NotAvailable'}
renewing ip
429
185.220.101.155
renewing ip
429
185.220.101.155
renewing ip
429
185.220.101.190
renewing ip
429
185.220.101.190
{'company_name_zoominfo': '!not-found', 'website': 'Halloran Philanthropies', 'headquarters': '!not-found', 'SIC Code': '!not-found', 'NAICS Code': '!not-found', 'revenue': '!not-found', 'Number of Employees': '!not-found', 'LinkedIn url': '!not-found'}
{'company_name_zoominfo': 'NotAvailable', 'website': 'NotAvailable', 'headquarters': 'NotAvailable', 'SIC Code': 'NotAvailable', 'NAICS Code': 'NotAvailable', 'revenue': 'NotAvailable', 'Number of Employees': 'NotAvailable', 'LinkedIn url': 'NotAvailable'}
{'company_name_zoominfo': 'eRIS Software', 'website': 'www.eris-software.com', 'headquarters': 'United States', 'SIC Code': '73,737', 'NAICS Code': '51,511', 'revenue': '<$5M', 'Number of Employees': '<25', 'LinkedIn url': '!not-found'}
{'company_name_zoominfo': 'NotAvailable', 'website': 'NotAvailable', 'headquarters': 'NotAvailable', 'SIC Code': 'NotAvailable', 'NAICS Code': 'NotAvailable', 'revenue': 'NotAvailable', 'Number of Employees': 'NotAvailable', 'LinkedIn url': 'NotAvailable'}
{'company_name_zoominfo': 'Artesia EcoScience', 'website': 'www.artesia-ecoscience.com', 'headquarters': '15 River Cir, Houston, Texas, 77063, United States', 'SIC Code': '13,138', 'NAICS Code': '21,213', 'revenue': '<$5M', 'Number of Employees': '<25', 'LinkedIn url': 'http://www.linkedin.com/company/artesia-ecoscience-llc'}
{'company_name_zoominfo': 'NuEnergy Operating', 'website': 'www.nuenergyop.com', 'headquarters': 'PO Box 1122, Gaylord, Michigan, 49734, United States', 'SIC Code': '13,138', 'NAICS Code': '21,213', 'revenue': '<$5M', 'Number of Employees': '<25', 'LinkedIn url': 'http://www.linkedin.com/company/nuenergy-operating-inc-'}
{'company_name_zoominfo': 'Fuel Reformation', 'website': 'www.fuelreformation.com', 'headquarters': '759 Shotgun Rd, Sunrise, Florida, 33326, United States', 'SIC Code': '28,286', 'NAICS Code': '32,325', 'revenue': '<$5M', 'Number of Employees': '<25', 'LinkedIn url': '!not-found'}
{'company_name_zoominfo': 'WhiteWater Concepts', 'website': 'www.whitewaterconcepts.com', 'headquarters': '17412 Ventura Blvd Ste 216, Encino, California, 91316, United States', 'SIC Code': '35,358', 'NAICS Code': '33,333', 'revenue': '<$5M', 'Number of Employees': '<25', 'LinkedIn url': '!not-found'}
{'company_name_zoominfo': 'Maven Technologies', 'website': 'www.maventech.com', 'headquarters': '1450 Lyell Ave Ste 5, Rochester, New York, 14606, United States', 'SIC Code': '49,495', 'NAICS Code': '56,562', 'revenue': '<$5M', 'Number of Employees': '<25', 'LinkedIn url': 'http://www.linkedin.com/company/maven-technologies'}
{'company_name_zoominfo': 'Rapid Green Group', 'website': 'www.rapidgreengroup.com', 'headquarters': '2972 Sangra Ave SW, Grandville, Michigan, 49418, United States', 'SIC Code': '49,495', 'NAICS Code': '56,562', 'revenue': '<$5M', 'Number of Employees': '<25', 'LinkedIn url': 'http://www.linkedin.com/company/rapid-green-group'}
{'company_name_zoominfo': 'CIPP', 'website': 'www.cippcorp.com', 'headquarters': 'PO Box 941669, Houston, Texas, 77094, United States', 'SIC Code': '16,162', 'NAICS Code': '23,237', 'revenue': '$12.9M', 'Number of Employees': '55', 'LinkedIn url': '!not-found'}
{'company_name_zoominfo': 'Eco Online', 'website': 'www.ecoonline.fi', 'headquarters': 'Finland', 'SIC Code': '73,737', 'NAICS Code': '51,511', 'revenue': '$6.9M', 'Number of Employees': '116', 'LinkedIn url': 'https://www.linkedin.com/company/ecoonlineoy'}
{'company_name_zoominfo': 'Colorado Pipeline Rehabilitation', 'website': 'www.coloradopipelinerehab.com', 'headquarters': '1020 W 124th Ave Unit 700, Westminster, Colorado, 80234, United States', 'SIC Code': '47,473', 'NAICS Code': '48,486', 'revenue': '<$5M', 'Number of Employees': '<25', 'LinkedIn url': 'http://www.linkedin.com/company/colorado-pipeline-rehabilitation'}
{'company_name_zoominfo': 'NotAvailable', 'website': 'NotAvailable', 'headquarters': 'NotAvailable', 'SIC Code': 'NotAvailable', 'NAICS Code': 'NotAvailable', 'revenue': 'NotAvailable', 'Number of Employees': 'NotAvailable', 'LinkedIn url': 'NotAvailable'}
{'company_name_zoominfo': 'Watershed', 'website': 'www.watershed.com', 'headquarters': 'San Francisco, California, United States', 'SIC Code': '73,738', 'NAICS Code': '51,518', 'revenue': '$25.2M', 'Number of Employees': '120', 'LinkedIn url': 'http://www.linkedin.com/company/watershedclimate'}
{'company_name_zoominfo': 'Highpoint Environmental', 'website': 'www.highpointenvironmental.com', 'headquarters': '2200 506th St NE, Rush City, Minnesota, 55069, United States', 'SIC Code': '33,334', 'NAICS Code': '33,331', 'revenue': '<$5M', 'Number of Employees': '<25', 'LinkedIn url': '!not-found'}
{'company_name_zoominfo': 'Yanke Energy', 'website': 'www.yanke-energy.com', 'headquarters': 'PO Box 5405, Boise, Idaho, 83705, United States', 'SIC Code': '17,179', 'NAICS Code': '23,238', 'revenue': '$54.7M', 'Number of Employees': '246', 'LinkedIn url': 'http://www.linkedin.com/company/yanke-machine-shop-&-fab'}
{'company_name_zoominfo': 'NotAvailable', 'website': 'NotAvailable', 'headquarters': 'NotAvailable', 'SIC Code': 'NotAvailable', 'NAICS Code': 'NotAvailable', 'revenue': 'NotAvailable', 'Number of Employees': 'NotAvailable', 'LinkedIn url': 'NotAvailable'}
{'company_name_zoominfo': 'NotAvailable', 'website': 'NotAvailable', 'headquarters': 'NotAvailable', 'SIC Code': 'NotAvailable', 'NAICS Code': 'NotAvailable', 'revenue': 'NotAvailable', 'Number of Employees': 'NotAvailable', 'LinkedIn url': 'NotAvailable'}
renewing ip
429
45.9.148.209
renewing ip
429
109.70.100.2
renewing ip
429
109.70.100.2
renewing ip
429
109.70.100.2
renewing ip
429
185.220.101.134
renewing ip
429
185.220.101.134
renewing ip
429
185.220.101.177
renewing ip
429
171.25.193.20
renewing ip
429
171.25.193.20
renewing ip
429
185.220.101.183
renewing ip
429
185.220.101.183
renewing ip
429
104.192.3.74
renewing ip
429
108.165.249.2
renewing ip
429
108.165.249.2
renewing ip
429
103.251.167.10
renewing ip
429
185.220.101.168
renewing ip
429
94.140.114.53
renewing ip
429
94.140.114.53
renewing ip
429
192.42.116.192
renewing ip
429
192.42.116.192
renewing ip
429
217.160.32.157
renewing ip
429
185.220.101.176
renewing ip
429
185.220.101.176
renewing ip
429
192.42.116.177
{'company_name_zoominfo': 'Sarg Recycling', 'website': 'www.sargrecycling.com', 'headquarters': '17148 SE Limerick Ct, Tequesta, Florida, 33469, United States', 'SIC Code': '49,495', 'NAICS Code': '56,562', 'revenue': '<$5M', 'Number of Employees': '<25', 'LinkedIn url': 'http://www.linkedin.com/company/sarg-recycling-inc-'}
{'company_name_zoominfo': 'Best of Utah Can Cleaning', 'website': 'www.bestofutahcancleaning.com', 'headquarters': '3683 W Sunrise Sky Ln, South Jordan, Utah, 84009, United States', 'SIC Code': '73,734', 'NAICS Code': '56,561', 'revenue': '<$5M', 'Number of Employees': '<25', 'LinkedIn url': '!not-found'}
{'company_name_zoominfo': '!not-found', 'website': '!not-found', 'headquarters': '!not-found', 'SIC Code': '!not-found', 'NAICS Code': '!not-found', 'revenue': '!not-found', 'Number of Employees': '!not-found', 'LinkedIn url': '!not-found'}
{'company_name_zoominfo': 'Tech Trading', 'website': 'www.techtradinginc.net', 'headquarters': '500 W Main St Ste 11, Wyckoff, New Jersey, 07481, United States', 'SIC Code': '50,501', 'NAICS Code': '42,423', 'revenue': '<$5M', 'Number of Employees': '<25', 'LinkedIn url': '!not-found'}
{'company_name_zoominfo': '!not-found', 'website': 'PCI Health Products', 'headquarters': '!not-found', 'SIC Code': '!not-found', 'NAICS Code': '!not-found', 'revenue': '!not-found', 'Number of Employees': '!not-found', 'LinkedIn url': '!not-found'}
{'company_name_zoominfo': 'NotAvailable', 'website': 'NotAvailable', 'headquarters': 'NotAvailable', 'SIC Code': 'NotAvailable', 'NAICS Code': 'NotAvailable', 'revenue': 'NotAvailable', 'Number of Employees': 'NotAvailable', 'LinkedIn url': 'NotAvailable'}
{'company_name_zoominfo': 'NotAvailable', 'website': 'NotAvailable', 'headquarters': 'NotAvailable', 'SIC Code': 'NotAvailable', 'NAICS Code': 'NotAvailable', 'revenue': 'NotAvailable', 'Number of Employees': 'NotAvailable', 'LinkedIn url': 'NotAvailable'}
{'company_name_zoominfo': 'Doorstep Hero', 'website': 'www.doorstephero.com', 'headquarters': 'United States', 'SIC Code': '49,495', 'NAICS Code': '56,562', 'revenue': '<$5M', 'Number of Employees': '<25', 'LinkedIn url': '!not-found'}
{'company_name_zoominfo': 'EZ Vent', 'website': 'www.ezventmfg.com', 'headquarters': '76 Old Hilltop Rd, Conowingo, Maryland, 21918, United States', 'SIC Code': '52,525', 'NAICS Code': '42,423', 'revenue': '<$5M', 'Number of Employees': '<25', 'LinkedIn url': '!not-found'}
{'company_name_zoominfo': 'EcoWater Systems LLC', 'website': 'www.ecowater.com', 'headquarters': '1890 Woodlane Dr, Woodbury, Minnesota, 55125, United States', 'SIC Code': '39,399', 'NAICS Code': '33,333', 'revenue': '$97.8M', 'Number of Employees': '315', 'LinkedIn url': 'http://www.linkedin.com/company/echo-water'}
{'company_name_zoominfo': 'KDF Fluid Treatment', 'website': 'www.kdfft.com', 'headquarters': '1500 Kdf Dr, Three Rivers, Michigan, 49093, United States', 'SIC Code': '35,358', 'NAICS Code': '33,333', 'revenue': '<$5M', 'Number of Employees': '<25', 'LinkedIn url': 'http://www.linkedin.com/company/kdf-fluid-treatment-inc'}
{'company_name_zoominfo': 'WasteFree', 'website': 'www.wastefree.com', 'headquarters': '2336 Irving Blvd, Dallas, Texas, 75207, United States', 'SIC Code': '42,421', 'NAICS Code': '56,562', 'revenue': '<$5M', 'Number of Employees': '<25', 'LinkedIn url': '!not-found'}
{'company_name_zoominfo': 'Ensaras', 'website': 'www.ensaras.com', 'headquarters': '1206 Wilshire Ct, Champaign, Illinois, 61821, United States', 'SIC Code': '87,873', 'NAICS Code': '54,541', 'revenue': '<$5M', 'Number of Employees': '<25', 'LinkedIn url': 'http://www.linkedin.com/company/ensaras'}
{'company_name_zoominfo': 'NotAvailable', 'website': 'NotAvailable', 'headquarters': 'NotAvailable', 'SIC Code': 'NotAvailable', 'NAICS Code': 'NotAvailable', 'revenue': 'NotAvailable', 'Number of Employees': 'NotAvailable', 'LinkedIn url': 'NotAvailable'}
renewing ip
429
185.220.101.10
renewing ip
429
185.220.101.163
renewing ip
429
178.218.144.99
renewing ip
429
178.218.144.99
renewing ip
429
31.24.148.37
renewing ip
429
31.24.148.37
renewing ip
429
81.19.139.201
{'company_name_zoominfo': 'Novo Energy Services', 'website': 'www.novoenergyservices.com', 'headquarters': '409 Travis 03203 St, Houston, Texas, 77002, United States', 'SIC Code': '87,874', 'NAICS Code': '54,541', 'revenue': '$5.1M', 'Number of Employees': '<25', 'LinkedIn url': 'http://www.linkedin.com/company/novo-consulting-services'}
{'company_name_zoominfo': 'NotAvailable', 'website': 'NotAvailable', 'headquarters': 'NotAvailable', 'SIC Code': 'NotAvailable', 'NAICS Code': 'NotAvailable', 'revenue': 'NotAvailable', 'Number of Employees': 'NotAvailable', 'LinkedIn url': 'NotAvailable'}
{'company_name_zoominfo': 'Select Recycling Waste Services', 'website': 'www.yelp.com/biz/select-recycling-waste-services-chesapeake', 'headquarters': '1500 Steel St, Chesapeake, Virginia, 23323, United States', 'SIC Code': '49,495', 'NAICS Code': '56,562', 'revenue': '$7.1M', 'Number of Employees': '<25', 'LinkedIn url': '!not-found'}
{'company_name_zoominfo': 'Cryodesalination', 'website': 'www.cryodesalination.com', 'headquarters': '4982 Dumfries Dr, Houston, Texas, 77096, United States', 'SIC Code': '35,358', 'NAICS Code': '33,333', 'revenue': '<$5M', 'Number of Employees': '<25', 'LinkedIn url': '!not-found'}
{'company_name_zoominfo': '!not-found', 'website': '!not-found', 'headquarters': '!not-found', 'SIC Code': '!not-found', 'NAICS Code': '!not-found', 'revenue': '!not-found', 'Number of Employees': '!not-found', 'LinkedIn url': '!not-found'}
{'company_name_zoominfo': 'NotAvailable', 'website': 'NotAvailable', 'headquarters': 'NotAvailable', 'SIC Code': 'NotAvailable', 'NAICS Code': 'NotAvailable', 'revenue': 'NotAvailable', 'Number of Employees': 'NotAvailable', 'LinkedIn url': 'NotAvailable'}
{'company_name_zoominfo': 'tawa water desalination', 'website': 'www.tawa.de', 'headquarters': '16 August-horch-str., Mainz, Rheinland-Pfalz, 55129, Germany', 'SIC Code': '49,494', 'NAICS Code': '22,221', 'revenue': '$7.2M', 'Number of Employees': '<25', 'LinkedIn url': 'http://www.linkedin.com/company/tawa-water-desalination'}
{'company_name_zoominfo': '!not-found', 'website': 'Whitehawk Construction Services', 'headquarters': '!not-found', 'SIC Code': '!not-found', 'NAICS Code': '!not-found', 'revenue': '!not-found', 'Number of Employees': '!not-found', 'LinkedIn url': '!not-found'}
{'company_name_zoominfo': '!not-found', 'website': '!not-found', 'headquarters': '!not-found', 'SIC Code': '!not-found', 'NAICS Code': '!not-found', 'revenue': '!not-found', 'Number of Employees': '!not-found', 'LinkedIn url': '!not-found'}
{'company_name_zoominfo': 'Aquarray', 'website': 'www.aquarray.com', 'headquarters': '6 Hermann-von-helmholtz-platz, Eggenstein-Leopoldshafen, Baden-Wuertte...', 'SIC Code': '87,873', 'NAICS Code': '54,541', 'revenue': '<$5M', 'Number of Employees': '<25', 'LinkedIn url': 'http://www.linkedin.com/company/eithealth'}
{'company_name_zoominfo': 'Excess Logic', 'website': 'www.excesslogic.com', 'headquarters': '47911 Westinghouse Dr, Fremont, California, 94539, United States', 'SIC Code': '76,769', 'NAICS Code': '56,561', 'revenue': '<$5M', 'Number of Employees': '<25', 'LinkedIn url': 'http://www.linkedin.com/company/cleanbayarea'}
{'company_name_zoominfo': 'NotAvailable', 'website': 'NotAvailable', 'headquarters': 'NotAvailable', 'SIC Code': 'NotAvailable', 'NAICS Code': 'NotAvailable', 'revenue': 'NotAvailable', 'Number of Employees': 'NotAvailable', 'LinkedIn url': 'NotAvailable'}
{'company_name_zoominfo': 'Rainwater Collector Tanks', 'website': 'www.rainwatercollectortanks.com', 'headquarters': '1600 Clovis R Barker Rd Ste 209, San Marcos, Texas, 78666, United Stat...', 'SIC Code': '34,344', 'NAICS Code': '33,332', 'revenue': '<$5M', 'Number of Employees': '<25', 'LinkedIn url': '!not-found'}
{'company_name_zoominfo': 'Ecovim', 'website': 'www.ecovimusa.com', 'headquarters': '320 S Milliken Ave Ste H, Ontario, California, 91761, United States', 'SIC Code': '28,287', 'NAICS Code': '32,325', 'revenue': '<$5M', 'Number of Employees': '<25', 'LinkedIn url': 'http://www.linkedin.com/company/ecovim-usa'}
{'company_name_zoominfo': 'Smart Water Systems', 'website': 'www.4smartwater.com', 'headquarters': '22405 N 19th Ave, Phoenix, Arizona, 85027, United States', 'SIC Code': '35,358', 'NAICS Code': '33,333', 'revenue': '<$5M', 'Number of Employees': '<25', 'LinkedIn url': '!not-found'}
{'company_name_zoominfo': 'Prassas Capital', 'website': 'www.prassascapital.com', 'headquarters': '12274 N Reflection Ridge Dr, Oro Valley, Arizona, 85755, United States', 'SIC Code': '62,621', 'NAICS Code': '52,523', 'revenue': '<$5M', 'Number of Employees': '<25', 'LinkedIn url': '!not-found'}
{'company_name_zoominfo': 'Aquarium World', 'website': 'www.aquariumworldpa.com', 'headquarters': '1512 Meetinghouse Rd, Boothwyn, Pennsylvania, 19061, United States', 'SIC Code': '84,842', 'NAICS Code': '71,712', 'revenue': '<$5M', 'Number of Employees': '<25', 'LinkedIn url': '!not-found'}
{'company_name_zoominfo': 'Halogen Systems', 'website': 'www.halogensys.com', 'headquarters': '919 Incline Way Ste 11, Incline Village, Nevada, 89451, United States', 'SIC Code': '87,871', 'NAICS Code': '54,541', 'revenue': '<$5M', 'Number of Employees': '<25', 'LinkedIn url': 'http://www.linkedin.com/company/halogen-systems-inc'}
renewing ip
429
185.220.100.246
renewing ip
429
107.189.6.124
renewing ip
429
192.42.116.212
{'company_name_zoominfo': 'CompuFlow', 'website': 'www.compuflow.com', 'headquarters': '402 N Santa Rosa Blvd, Santa Rosa, Texas, 78593, United States', 'SIC Code': '38,382', 'NAICS Code': '33,334', 'revenue': '<$5M', 'Number of Employees': '<25', 'LinkedIn url': '!not-found'}
{'company_name_zoominfo': 'J & R Enterprises', 'website': 'www.jandrsanitation.com', 'headquarters': '303 Hickory St, Garrison, Iowa, 52229, United States', 'SIC Code': '42,421', 'NAICS Code': '56,562', 'revenue': '<$5M', 'Number of Employees': '<25', 'LinkedIn url': '!not-found'}
{'company_name_zoominfo': 'NotAvailable', 'website': 'NotAvailable', 'headquarters': 'NotAvailable', 'SIC Code': 'NotAvailable', 'NAICS Code': 'NotAvailable', 'revenue': 'NotAvailable', 'Number of Employees': 'NotAvailable', 'LinkedIn url': 'NotAvailable'}
{'company_name_zoominfo': 'Spatial Hydrology', 'website': 'www.spatialhydrology.com', 'headquarters': '6472 SW 8 Ct, North Lauderdale, Florida, 33068, United States', 'SIC Code': '27,271', 'NAICS Code': '51,54', 'revenue': '<$5M', 'Number of Employees': '<25', 'LinkedIn url': '!not-found'}
{'company_name_zoominfo': 'Advanced Hydro', 'website': 'www.advancedhydro.net', 'headquarters': '2324 Ridgepoint Dr Ste G, Austin, Texas, 78754, United States', 'SIC Code': '81,811', 'NAICS Code': '54,541', 'revenue': '<$5M', 'Number of Employees': '<25', 'LinkedIn url': 'http://www.linkedin.com/company/advanced-hydro-inc.'}
{'company_name_zoominfo': 'Bio-Haz Solutions', 'website': 'www.bio-haz.com', 'headquarters': '23 Tonoli Rd, Nesquehoning, Pennsylvania, 18240, United States', 'SIC Code': '49,495', 'NAICS Code': '56,562', 'revenue': '$6.2M', 'Number of Employees': '<25', 'LinkedIn url': '!not-found'}
{'company_name_zoominfo': 'NotAvailable', 'website': 'NotAvailable', 'headquarters': 'NotAvailable', 'SIC Code': 'NotAvailable', 'NAICS Code': 'NotAvailable', 'revenue': 'NotAvailable', 'Number of Employees': 'NotAvailable', 'LinkedIn url': 'NotAvailable'}
{'company_name_zoominfo': 'NotAvailable', 'website': 'NotAvailable', 'headquarters': 'NotAvailable', 'SIC Code': 'NotAvailable', 'NAICS Code': 'NotAvailable', 'revenue': 'NotAvailable', 'Number of Employees': 'NotAvailable', 'LinkedIn url': 'NotAvailable'}
{'company_name_zoominfo': 'Blue Ridge Waste', 'website': 'www.blueridgewaste.com', 'headquarters': 'PO Box 411, Glen Alpine, North Carolina, 28628, United States', 'SIC Code': '49,495', 'NAICS Code': '56,562', 'revenue': '<$5M', 'Number of Employees': '<25', 'LinkedIn url': '!not-found'}
{'company_name_zoominfo': 'Secure Insurance Group', 'website': 'www.sigoh.com', 'headquarters': '4889 Sawmill Rd, Columbus, Ohio, 43235, United States', 'SIC Code': '64,641', 'NAICS Code': '52,524', 'revenue': '<$5M', 'Number of Employees': '<25', 'LinkedIn url': 'http://www.linkedin.com/company/secure-insurance-group-ohio'}
{'company_name_zoominfo': 'SR2O Holdings', 'website': 'www.sr2oholdings.com', 'headquarters': '600 N Walker Ave Ste 230, Oklahoma City, Oklahoma, 73102, United State...', 'SIC Code': '67,671', 'NAICS Code': '55,551', 'revenue': '<$5M', 'Number of Employees': '<25', 'LinkedIn url': '!not-found'}
{'company_name_zoominfo': 'BR Bock Consulting', 'website': 'www.brbock.com', 'headquarters': '218 N Sequoia Blvd, Florence, Alabama, 35630, United States', 'SIC Code': '87,874', 'NAICS Code': '54,541', 'revenue': '<$5M', 'Number of Employees': '<25', 'LinkedIn url': '!not-found'}
{'company_name_zoominfo': 'WIN Waste Innovations', 'website': 'www.win-waste.com', 'headquarters': '90 Arboretum Dr Ste 300, Portsmouth, New Hampshire, 03801, United Stat...', 'SIC Code': '49,495', 'NAICS Code': '22,221', 'revenue': '$22.3M', 'Number of Employees': '260', 'LinkedIn url': 'http://www.linkedin.com/company/win-waste-innovations'}
{'company_name_zoominfo': 'Sunrise Management Services', 'website': 'www.sunrisewasteandrecycling.com', 'headquarters': '2469 Auburn Rd, Utica, Michigan, 48317, United States', 'SIC Code': '87,874', 'NAICS Code': '56,561', 'revenue': '<$5M', 'Number of Employees': '<25', 'LinkedIn url': '!not-found'}
{'company_name_zoominfo': 'Coldwater Project Services', 'website': 'www.coldwaterps.com', 'headquarters': '4709 Silver Bow Rd NE, Tacoma, Washington, 98422, United States', 'SIC Code': '16,162', 'NAICS Code': '23,237', 'revenue': '<$5M', 'Number of Employees': '<25', 'LinkedIn url': '!not-found'}
{'company_name_zoominfo': 'American Air & Water', 'website': 'www.americanairandwater.com', 'headquarters': '12 Gibson Dr, Hilton Head Island, South Carolina, 29926, United States', 'SIC Code': '49,494', 'NAICS Code': '22,221', 'revenue': '$5.1M', 'Number of Employees': '37', 'LinkedIn url': '!not-found'}
renewing ip
429
185.220.102.241
renewing ip
429
185.220.102.241
renewing ip
429
192.42.116.192
renewing ip
429
192.42.116.192
renewing ip
429
185.220.100.247
renewing ip
429
23.154.177.19
renewing ip
429
23.154.177.19
renewing ip
429
23.154.177.19
renewing ip
429
185.100.87.250
renewing ip
429
185.100.87.250
renewing ip
429
198.98.60.90
renewing ip
429
192.42.116.194
{'company_name_zoominfo': 'Affordable Water Service', 'website': 'www.affordablewaterservice.com', 'headquarters': '3086 Shrider Rd, Colorado Springs, Colorado, 80920, United States', 'SIC Code': '49,494', 'NAICS Code': '22,221', 'revenue': '<$5M', 'Number of Employees': '<25', 'LinkedIn url': '!not-found'}
{'company_name_zoominfo': 'NotAvailable', 'website': 'NotAvailable', 'headquarters': 'NotAvailable', 'SIC Code': 'NotAvailable', 'NAICS Code': 'NotAvailable', 'revenue': 'NotAvailable', 'Number of Employees': 'NotAvailable', 'LinkedIn url': 'NotAvailable'}
{'company_name_zoominfo': 'NotAvailable', 'website': 'NotAvailable', 'headquarters': 'NotAvailable', 'SIC Code': 'NotAvailable', 'NAICS Code': 'NotAvailable', 'revenue': 'NotAvailable', 'Number of Employees': 'NotAvailable', 'LinkedIn url': 'NotAvailable'}
{'company_name_zoominfo': 'ReWild Mission Bay', 'website': 'www.rewildmissionbay.org', 'headquarters': '202 C St Fl 10, San Diego, California, 92101, United States', 'SIC Code': '83,839', 'NAICS Code': '81,813', 'revenue': '<$5M', 'Number of Employees': '<25', 'LinkedIn url': '!not-found'}
{'company_name_zoominfo': 'Pure-Pro Water', 'website': 'www.pure-pro.com', 'headquarters': '232 Cheng Kung 1st Rd, Kaohsiung, Takao, Taiwan', 'SIC Code': '49,54', 'NAICS Code': '22,221', 'revenue': '$11.5M', 'Number of Employees': '<25', 'LinkedIn url': 'http://www.linkedin.com/company/pure-pro-usa-corp'}
{'company_name_zoominfo': 'NotAvailable', 'website': 'NotAvailable', 'headquarters': 'NotAvailable', 'SIC Code': 'NotAvailable', 'NAICS Code': 'NotAvailable', 'revenue': 'NotAvailable', 'Number of Employees': 'NotAvailable', 'LinkedIn url': 'NotAvailable'}
{'company_name_zoominfo': '!not-found', 'website': '!not-found', 'headquarters': '!not-found', 'SIC Code': '!not-found', 'NAICS Code': '!not-found', 'revenue': '!not-found', 'Number of Employees': '!not-found', 'LinkedIn url': '!not-found'}
{'company_name_zoominfo': 'Junk Removal Bend Oregon', 'website': 'www.junkremovalbendoregon.com', 'headquarters': '21273 Bellflower Pl, Bend, Oregon, 97702, United States', 'SIC Code': '49,495', 'NAICS Code': '56,562', 'revenue': '<$5M', 'Number of Employees': '<25', 'LinkedIn url': '!not-found'}
{'company_name_zoominfo': 'Sustainable Ecosystems', 'website': 'www.sustainableecosystems.net', 'headquarters': '302 Se24th St, Ruskin, Florida, 33570, United States', 'SIC Code': '01,018', 'NAICS Code': '11,111', 'revenue': '<$5M', 'Number of Employees': '<25', 'LinkedIn url': '!not-found'}
{'company_name_zoominfo': 'WaterSolve', 'website': 'www.gowatersolve.com', 'headquarters': '5031 68th St SE, Caledonia, Michigan, 49316, United States', 'SIC Code': '89,899', 'NAICS Code': '54,541', 'revenue': '<$5M', 'Number of Employees': '<25', 'LinkedIn url': 'http://www.linkedin.com/company/watersolve'}
{'company_name_zoominfo': 'CJD E-Cycling', 'website': 'www.cjdecycling.com', 'headquarters': '5257 N St. Rt. 157, Edwardsville, Illinois, 62025, United States', 'SIC Code': '49,495', 'NAICS Code': '56,562', 'revenue': '<$5M', 'Number of Employees': '<25', 'LinkedIn url': 'http://www.linkedin.com/company/cjd-e-cycling'}
{'company_name_zoominfo': '!not-found', 'website': '!not-found', 'headquarters': '!not-found', 'SIC Code': '!not-found', 'NAICS Code': '!not-found', 'revenue': '!not-found', 'Number of Employees': '!not-found', 'LinkedIn url': '!not-found'}
{'company_name_zoominfo': 'Artisan Pump', 'website': 'www.artisanpumpco.com', 'headquarters': '21 W 211th Hill Ave, Glen Ellyn, Illinois, 60137, United States', 'SIC Code': '35,356', 'NAICS Code': '33,333', 'revenue': '<$5M', 'Number of Employees': '<25', 'LinkedIn url': '!not-found'}
{'company_name_zoominfo': 'Sigma Associates', 'website': 'www.sigmaassociates.com', 'headquarters': '30200 Telegraph Rd Ste 240, Bingham Farms, Michigan, 48025, United Sta...', 'SIC Code': '87,871', 'NAICS Code': '23,236', 'revenue': '$18.9M', 'Number of Employees': '44', 'LinkedIn url': 'http://www.linkedin.com/company/sigma-associates-inc-'}
{'company_name_zoominfo': 'Wilmot Pipelining', 'website': 'www.wilmotpipelining.com.au', 'headquarters': '2-88 Munibung Rd, Cardiff, New South Wales, 2285, Australia', 'SIC Code': '16,162', 'NAICS Code': '23,237', 'revenue': '$7.2M', 'Number of Employees': '26', 'LinkedIn url': '!not-found'}
{'company_name_zoominfo': 'NotAvailable', 'website': 'NotAvailable', 'headquarters': 'NotAvailable', 'SIC Code': 'NotAvailable', 'NAICS Code': 'NotAvailable', 'revenue': 'NotAvailable', 'Number of Employees': 'NotAvailable', 'LinkedIn url': 'NotAvailable'}
{'company_name_zoominfo': '!not-found', 'website': 'Austin Green Team', 'headquarters': '!not-found', 'SIC Code': '!not-found', 'NAICS Code': '!not-found', 'revenue': '!not-found', 'Number of Employees': '!not-found', 'LinkedIn url': '!not-found'}
{'company_name_zoominfo': 'Smart Water Services', 'website': 'www.smartwaterllc.com', 'headquarters': '3904 N Druid Hills Rd 344, Decatur, Georgia, 30033, United States', 'SIC Code': '38,382', 'NAICS Code': '33,334', 'revenue': '<$5M', 'Number of Employees': '<25', 'LinkedIn url': 'http://www.linkedin.com/company/smart-water-products-services'}
renewing ip
429
185.220.101.190
renewing ip
429
185.220.101.190
renewing ip
429
185.220.101.8
renewing ip
429
185.220.101.8
renewing ip
429
185.220.101.8
renewing ip
429
185.220.101.182
renewing ip
429
51.222.86.79
renewing ip
429
51.222.86.79
renewing ip
429
192.42.116.213
{'company_name_zoominfo': 'Green Places', 'website': 'www.greenplaces.com', 'headquarters': '3283 E Katherine Dr, Bullhead City, Arizona, 86429, United States', 'SIC Code': '73,737', 'NAICS Code': '51,511', 'revenue': '<$5M', 'Number of Employees': '<25', 'LinkedIn url': 'http://www.linkedin.com/company/green-places-tech'}
{'company_name_zoominfo': 'Novus Energy', 'website': 'www.novusenergy.ca', 'headquarters': '150 6th Ave SW Ste 5200, Calgary, Alberta, T2P 3Y7, Canada', 'SIC Code': '49,491', 'NAICS Code': '22,221', 'revenue': '$6.3M', 'Number of Employees': '<25', 'LinkedIn url': 'http://www.linkedin.com/company/novus-energy-inc-nvs-'}
{'company_name_zoominfo': 'Cross Instrumentation/ BuyHedland', 'website': 'www.buyhedland.com', 'headquarters': '4400 Piedmont Pkwy, Greensboro, North Carolina, 27410, United States', 'SIC Code': '38,382', 'NAICS Code': '33,334', 'revenue': '<$5M', 'Number of Employees': '<25', 'LinkedIn url': '!not-found'}
{'company_name_zoominfo': 'Solar Solutions', 'website': 'www.solarcleanwatersolution.com', 'headquarters': '10080 Willow Creek Rd, San Diego, California, 92131, United States', 'SIC Code': '50,507', 'NAICS Code': '42,423', 'revenue': '<$5M', 'Number of Employees': '<25', 'LinkedIn url': 'http://www.linkedin.com/company/solarsolutionsaquapak'}
{'company_name_zoominfo': 'Derichbourg USA', 'website': 'www.southside-u-pull-it.com', 'headquarters': '3515 Almeda Genoa, Houston, Texas, 77047, United States', 'SIC Code': '50,501', 'NAICS Code': '42,423', 'revenue': '<$5M', 'Number of Employees': '<25', 'LinkedIn url': '!not-found'}
{'company_name_zoominfo': 'Strickland Electronic Recycling', 'website': 'www.stricklandelectronicrecycling.com', 'headquarters': '1009 Bedford Ave, North, South Carolina, 29112, United States', 'SIC Code': '49,495', 'NAICS Code': '56,562', 'revenue': '<$5M', 'Number of Employees': '<25', 'LinkedIn url': '!not-found'}
{'company_name_zoominfo': '!not-found', 'website': 'iSustain', 'headquarters': '!not-found', 'SIC Code': '!not-found', 'NAICS Code': '!not-found', 'revenue': '!not-found', 'Number of Employees': '!not-found', 'LinkedIn url': '!not-found'}
{'company_name_zoominfo': 'Dewcon', 'website': 'www.dewconinc.com', 'headquarters': 'PO Box 439, Basking Ridge, New Jersey, 07920, United States', 'SIC Code': '16,162', 'NAICS Code': '23,237', 'revenue': '$11.7M', 'Number of Employees': '52', 'LinkedIn url': '!not-found'}
{'company_name_zoominfo': 'NotAvailable', 'website': 'NotAvailable', 'headquarters': 'NotAvailable', 'SIC Code': 'NotAvailable', 'NAICS Code': 'NotAvailable', 'revenue': 'NotAvailable', 'Number of Employees': 'NotAvailable', 'LinkedIn url': 'NotAvailable'}
{'company_name_zoominfo': 'Echelon Environmental', 'website': 'www.echelonenvironmental.ca', 'headquarters': '505 Hood Rd Unit 26, Markham, Ontario, L3R 5V6, Canada', 'SIC Code': '89,899', 'NAICS Code': '54,541', 'revenue': '$5.3M', 'Number of Employees': '<25', 'LinkedIn url': 'http://www.linkedin.com/company/echelon-environmental'}
{'company_name_zoominfo': 'Creative Water Solutions', 'website': 'www.cwsnaturally.com', 'headquarters': '13809 Industrial Park Blvd, Plymouth, Minnesota, 55441, United States', 'SIC Code': '35,358', 'NAICS Code': '33,333', 'revenue': '<$5M', 'Number of Employees': '<25', 'LinkedIn url': 'http://www.linkedin.com/company/creative-water-solutions'}
{'company_name_zoominfo': 'NotAvailable', 'website': 'NotAvailable', 'headquarters': 'NotAvailable', 'SIC Code': 'NotAvailable', 'NAICS Code': 'NotAvailable', 'revenue': 'NotAvailable', 'Number of Employees': 'NotAvailable', 'LinkedIn url': 'NotAvailable'}
{'company_name_zoominfo': 'MedClean', 'website': 'www.medclean.com', 'headquarters': '4601 W Addison St, Chicago, Illinois, 60641, United States', 'SIC Code': '72,721', 'NAICS Code': '81,812', 'revenue': '$16.8M', 'Number of Employees': '63', 'LinkedIn url': 'http://www.linkedin.com/company/medclean'}
{'company_name_zoominfo': 'WaterBank', 'website': 'www.waterbank.com', 'headquarters': '610 Gold Ave SW Ste 111, Albuquerque, New Mexico, 87102, United States', 'SIC Code': '20,208', 'NAICS Code': '31,312', 'revenue': '<$5M', 'Number of Employees': '<25', 'LinkedIn url': 'http://www.linkedin.com/company/waterbank'}
{'company_name_zoominfo': 'Water Bliss', 'website': 'www.purewaterbliss.com', 'headquarters': '13894 S Bangerter Pkwy Ste 200, Draper, Utah, 84020, United States', 'SIC Code': '52,525', 'NAICS Code': '42,423', 'revenue': '<$5M', 'Number of Employees': '<25', 'LinkedIn url': '!not-found'}
{'company_name_zoominfo': 'Clearwater Pond Management', 'website': 'www.clearwaterlpm.com', 'headquarters': '5423 Turner Smith Rd, Browns Summit, North Carolina, 27214, United Sta...', 'SIC Code': '89,899', 'NAICS Code': '54,541', 'revenue': '<$5M', 'Number of Employees': '<25', 'LinkedIn url': '!not-found'}
renewing ip
429
185.220.101.24
{'company_name_zoominfo': 'North Star Forms', 'website': 'www.northstarforms.com', 'headquarters': 'PO Box 681, Brush Prairie, Washington, 98606, United States', 'SIC Code': '73,733', 'NAICS Code': '54,541', 'revenue': '<$5M', 'Number of Employees': '<25', 'LinkedIn url': '!not-found'}
{'company_name_zoominfo': 'At Your Disposal', 'website': 'www.atyourdisposalutah.com', 'headquarters': '6173 W 2100th S, West Valley, Utah, 84128, United States', 'SIC Code': '49,495', 'NAICS Code': '56,562', 'revenue': '<$5M', 'Number of Employees': '<25', 'LinkedIn url': '!not-found'}
{'company_name_zoominfo': 'BioCleaner', 'website': 'www.biocleaner.com', 'headquarters': '2550 Corporate Pl Ste C101, Monterey Park, California, 91754, United S...', 'SIC Code': '35,358', 'NAICS Code': '33,333', 'revenue': '<$5M', 'Number of Employees': '<25', 'LinkedIn url': 'http://www.linkedin.com/company/15571656'}
{'company_name_zoominfo': 'Solar Water Relief', 'website': 'www.solarwaterrelief.com', 'headquarters': 'PO Box 7598, Wilmington, North Carolina, 28406, United States', 'SIC Code': '49,494', 'NAICS Code': '22,221', 'revenue': '<$5M', 'Number of Employees': '<25', 'LinkedIn url': 'https://www.linkedin.com/company/solar-water-relief-bahamas'}
{'company_name_zoominfo': 'Earth Friendly Recycling', 'website': 'www.earthfriendlyrecycling.net', 'headquarters': '11825 NE 113th St Ste 100, Vancouver, Washington, 98662, United States', 'SIC Code': '49,495', 'NAICS Code': '56,562', 'revenue': '<$5M', 'Number of Employees': '<25', 'LinkedIn url': 'http://www.linkedin.com/company/earth-friendly-recycling-llc'}
{'company_name_zoominfo': 'NotAvailable', 'website': 'NotAvailable', 'headquarters': 'NotAvailable', 'SIC Code': 'NotAvailable', 'NAICS Code': 'NotAvailable', 'revenue': 'NotAvailable', 'Number of Employees': 'NotAvailable', 'LinkedIn url': 'NotAvailable'}
{'company_name_zoominfo': 'Construction Product Marketing', 'website': 'www.constructionproductmarketing.com', 'headquarters': '3625 E Atlanta Ave Ste 2, Phoenix, Arizona, 85040, United States', 'SIC Code': '16,162', 'NAICS Code': '23,237', 'revenue': '<$5M', 'Number of Employees': '<25', 'LinkedIn url': 'http://www.linkedin.com/company/construction-product-marketing'}
{'company_name_zoominfo': 'RE-Ox', 'website': 'www.re-ox.com', 'headquarters': '9179 W Flamingo Rd Ste 110, Las Vegas, Nevada, 89147, United States', 'SIC Code': '73,738', 'NAICS Code': '56,561', 'revenue': '<$5M', 'Number of Employees': '<25', 'LinkedIn url': '!not-found'}
{'company_name_zoominfo': 'Cram-A-Lot', 'website': 'www.cram-a-lot.com', 'headquarters': '701 Butterfield Coach Rd, Springdale, Arkansas, 72765, United States', 'SIC Code': '35,358', 'NAICS Code': '33,333', 'revenue': '$40.1M', 'Number of Employees': '250', 'LinkedIn url': 'http://www.linkedin.com/company/j-v-manufacturing-inc-cram-a-lot'}
{'company_name_zoominfo': 'Agritec Systems', 'website': 'www.agritec.co.uk', 'headquarters': '91-97 Saltergate, Chesterfield, Derbyshire, S40 1LA, United Kingdom', 'SIC Code': '35,355', 'NAICS Code': '11,112', 'revenue': '<$5M', 'Number of Employees': '<25', 'LinkedIn url': 'http://www.linkedin.com/company/agritec-systems-limited'}
{'company_name_zoominfo': 'Metropolitan Waste and Resource Recovery Group', 'website': 'mwrrg.vic.gov.au', 'headquarters': '18-38 Siddeley St, Melbourne, Victoria, 3005, Australia', 'SIC Code': '95,951', 'NAICS Code': '92,924', 'revenue': '$31.9M', 'Number of Employees': '<25', 'LinkedIn url': 'http://www.linkedin.com/company/mwrrg'}
{'company_name_zoominfo': 'GeoCurrent', 'website': 'www.geocurrent.com', 'headquarters': '408 Bank St, Decatur, Alabama, 35601, United States', 'SIC Code': '87,871', 'NAICS Code': '54,541', 'revenue': '<$5M', 'Number of Employees': '<25', 'LinkedIn url': 'http://www.linkedin.com/company/magnolia-river'}
renewing ip
429
45.139.122.241
renewing ip
429
192.42.116.24
renewing ip
429
192.42.116.24
renewing ip
429
94.230.208.148
renewing ip
429
94.230.208.148
renewing ip
429
199.249.230.172
renewing ip
403
199.249.230.172
renewing ip
403
2.58.56.101
renewing ip
429
2.58.56.101
renewing ip
429
192.42.116.176
{'company_name_zoominfo': 'Pacific Water', 'website': 'www.pacificwaterinc.com', 'headquarters': '200 W Haven Ave, Salt Lake City, Utah, 84115, United States', 'SIC Code': '35,358', 'NAICS Code': '33,333', 'revenue': '$5.4M', 'Number of Employees': '<25', 'LinkedIn url': 'http://www.linkedin.com/company/pacific-waters'}
{'company_name_zoominfo': 'Sustainable Resins', 'website': 'www.sustainableresins.com', 'headquarters': 'United States', 'SIC Code': '52,525', 'NAICS Code': '42,424', 'revenue': '<$5M', 'Number of Employees': '<25', 'LinkedIn url': 'http://www.linkedin.com/company/sustainable-resins'}
{'company_name_zoominfo': 'NotAvailable', 'website': 'NotAvailable', 'headquarters': 'NotAvailable', 'SIC Code': 'NotAvailable', 'NAICS Code': 'NotAvailable', 'revenue': 'NotAvailable', 'Number of Employees': 'NotAvailable', 'LinkedIn url': 'NotAvailable'}
{'company_name_zoominfo': "Mike's Hauling Services", 'website': 'www.mikeshaulingservices.com', 'headquarters': '36818 Center Ridge Rd N, Ridgeville, Ohio, 44035, United States', 'SIC Code': '42,421', 'NAICS Code': '48,484', 'revenue': '<$5M', 'Number of Employees': '<25', 'LinkedIn url': '!not-found'}
{'company_name_zoominfo': 'NotAvailable', 'website': 'NotAvailable', 'headquarters': 'NotAvailable', 'SIC Code': 'NotAvailable', 'NAICS Code': 'NotAvailable', 'revenue': 'NotAvailable', 'Number of Employees': 'NotAvailable', 'LinkedIn url': 'NotAvailable'}
{'company_name_zoominfo': 'NotAvailable', 'website': 'NotAvailable', 'headquarters': 'NotAvailable', 'SIC Code': 'NotAvailable', 'NAICS Code': 'NotAvailable', 'revenue': 'NotAvailable', 'Number of Employees': 'NotAvailable', 'LinkedIn url': 'NotAvailable'}
{'company_name_zoominfo': 'Continental Recycling', 'website': 'www.continentalrecyclingusa.com', 'headquarters': '300 E Parker St, Graham, North Carolina, 27253, United States', 'SIC Code': '49,495', 'NAICS Code': '56,562', 'revenue': '$5.9M', 'Number of Employees': '<25', 'LinkedIn url': 'http://www.linkedin.com/company/continental-waste-management-llc'}
{'company_name_zoominfo': 'NotAvailable', 'website': 'NotAvailable', 'headquarters': 'NotAvailable', 'SIC Code': 'NotAvailable', 'NAICS Code': 'NotAvailable', 'revenue': 'NotAvailable', 'Number of Employees': 'NotAvailable', 'LinkedIn url': 'NotAvailable'}
{'company_name_zoominfo': 'Black Diamond Gathering', 'website': 'www.blackdiamondgathering.com', 'headquarters': '1001 Noble Energy Way, Houston, Texas, 77070, United States', 'SIC Code': '46,461', 'NAICS Code': '48,486', 'revenue': '$5.9M', 'Number of Employees': '<25', 'LinkedIn url': '!not-found'}
{'company_name_zoominfo': 'Water Analytics', 'website': 'www.wateranalytics.net', 'headquarters': '100 School St, Andover, Massachusetts, 01810, United States', 'SIC Code': '38,382', 'NAICS Code': '33,334', 'revenue': '<$5M', 'Number of Employees': '<25', 'LinkedIn url': 'http://www.linkedin.com/company/water-analytics'}
{'company_name_zoominfo': 'Continental Recycling', 'website': 'www.continentalrecycling.net', 'headquarters': '5082 W Mission Blvd, Montclair, California, 91762, United States', 'SIC Code': '49,50', 'NAICS Code': '22,221', 'revenue': '$5.3M', 'Number of Employees': '<25', 'LinkedIn url': 'http://www.linkedin.com/company/continental-recycling'}
