{'company_name_zoominfo': 'Bum Black Uplifting Movement', 'website': 'www.buildblack.org', 'headquarters': '7235 French Rd, Sacramento, California, 95828, United States', 'SIC Code': '67,673', 'NAICS Code': '81,813', 'revenue': '<$5M', 'Number of Employees': '<25', 'LinkedIn url': '!not-found'}
{'company_name_zoominfo': 'NotAvailable', 'website': 'NotAvailable', 'headquarters': 'NotAvailable', 'SIC Code': 'NotAvailable', 'NAICS Code': 'NotAvailable', 'revenue': 'NotAvailable', 'Number of Employees': 'NotAvailable', 'LinkedIn url': 'NotAvailable'}
{'company_name_zoominfo': 'Listas Locales', 'website': 'www.listaslocales.com', 'headquarters': '8325 W Hillsborough Ave, Tampa, Florida, 33615, United States', 'SIC Code': '73,731', 'NAICS Code': '54,541', 'revenue': '$6.4M', 'Number of Employees': '<25', 'LinkedIn url': 'https://www.linkedin.com/company/2958626'}
{'company_name_zoominfo': 'Go4Business', 'website': 'www.go4business.org', 'headquarters': 'Auf Dem Blocksberg, Hennef, Nordrhein-Westfalen, 53773, Germany', 'SIC Code': '82,829', 'NAICS Code': '61,611', 'revenue': '<$5M', 'Number of Employees': '<25', 'LinkedIn url': 'https://www.linkedin.com/company/go4business---dr--nicole-hermann-und-dr--norbert-hermann-gbr'}
{'company_name_zoominfo': 'Sound Technology', 'website': 'www.soundtechnologyinc.com', 'headquarters': '5025 E Fowler Ave Ste 10, Tampa, Florida, 33617, United States', 'SIC Code': '76,762', 'NAICS Code': '81,811', 'revenue': '$40.1M', 'Number of Employees': '202', 'LinkedIn url': 'https://www.linkedin.com/company/sound-technology-inc.'}
{'company_name_zoominfo': 'Leifsigns', 'website': 'www.leifsigns.com', 'headquarters': '11 Riley Rd, New Windsor, New York, 12553, United States', 'SIC Code': '39,399', 'NAICS Code': '33,339', 'revenue': '<$5M', 'Number of Employees': '<25', 'LinkedIn url': 'https://www.linkedin.com/company/leifsigns-llc'}
{'company_name_zoominfo': 'Vital Life World', 'website': 'www.vitallifeworld.com', 'headquarters': '45 Creekside Ln, Malvern, Pennsylvania, 19355, United States', 'SIC Code': '44,448', 'NAICS Code': '48,483', 'revenue': '$7.4M', 'Number of Employees': '30', 'LinkedIn url': '!not-found'}
{'company_name_zoominfo': 'Aloovi', 'website': 'www.aloovi.com', 'headquarters': '2591 Dallas Pkwy Ste 300 123, Frisco, Texas, 75034, United States', 'SIC Code': '73,738', 'NAICS Code': '56,561', 'revenue': '<$5M', 'Number of Employees': '<25', 'LinkedIn url': 'https://www.linkedin.com/company/aloovi'}
{'company_name_zoominfo': 'DirJournal', 'website': 'www.dirjournal.com', 'headquarters': '10702 Hood Road South Ste 1, Jacksonville, Florida, 32257, United Stat...', 'SIC Code': '27,271', 'NAICS Code': '51,519', 'revenue': '<$5M', 'Number of Employees': '<25', 'LinkedIn url': 'https://www.linkedin.com/company/dirjournal.com'}
{'company_name_zoominfo': 'Tucci Creative', 'website': 'www.tuccicreative.com', 'headquarters': '5967 E Fairmount St, Tucson, Arizona, 85712, United States', 'SIC Code': '73,731', 'NAICS Code': '54,541', 'revenue': '<$5M', 'Number of Employees': '<25', 'LinkedIn url': 'https://www.linkedin.com/company/tucci-creative-inc'}
site-not-indexed

{'company_name_zoominfo': '!not-found', 'website': '!not-found', 'headquarters': '!not-found', 'SIC Code': '!not-found', 'NAICS Code': '!not-found', 'revenue': '!not-found', 'Number of Employees': '!not-found', 'LinkedIn url': '!not-found'}
{'company_name_zoominfo': 'Bizwiki', 'website': 'www.bizwiki.co.uk', 'headquarters': '62 Tritton Rd, London, Greater London, SE21 8DE, United Kingdom', 'SIC Code': '73,737', 'NAICS Code': '81,811', 'revenue': '$12M', 'Number of Employees': '66', 'LinkedIn url': '!not-found'}
{'company_name_zoominfo': 'Local Pages', 'website': 'www.localpages.co.uk', 'headquarters': '1 Upton Rd, Bristol, Bristol, BS3 1LW, United Kingdom', 'SIC Code': '27,274', 'NAICS Code': '51,511', 'revenue': '<$5M', 'Number of Employees': '<25', 'LinkedIn url': 'https://www.linkedin.com/company/local-pages'}
{'company_name_zoominfo': 'Picksie.com', 'website': 'www.picksie.com', 'headquarters': '120 Wood Ave S Ste 501, Iselin, New Jersey, 08830, United States', 'SIC Code': '72,721', 'NAICS Code': '81,812', 'revenue': '<$5M', 'Number of Employees': '<25', 'LinkedIn url': '!not-found'}
{'company_name_zoominfo': 'Magik Helpers', 'website': 'www.magikhelpers.com', 'headquarters': '!not-found', 'SIC Code': '72,729', 'NAICS Code': '81,812', 'revenue': ':<$5 Million', 'Number of Employees': '<25', 'LinkedIn url': '!not-found'}
{'company_name_zoominfo': 'NotAvailable', 'website': 'NotAvailable', 'headquarters': 'NotAvailable', 'SIC Code': 'NotAvailable', 'NAICS Code': 'NotAvailable', 'revenue': 'NotAvailable', 'Number of Employees': 'NotAvailable', 'LinkedIn url': 'NotAvailable'}
{'company_name_zoominfo': 'Weitz Firm', 'website': 'www.fireflylisting.com', 'headquarters': '2005 Van Buren St Ste 104, Hollywood, Florida, 33020, United States', 'SIC Code': '27,274', 'NAICS Code': '51,511', 'revenue': '<$5M', 'Number of Employees': '<25', 'LinkedIn url': '!not-found'}
site-not-indexed

{'company_name_zoominfo': '!not-found', 'website': '!not-found', 'headquarters': '!not-found', 'SIC Code': '!not-found', 'NAICS Code': '!not-found', 'revenue': '!not-found', 'Number of Employees': '!not-found', 'LinkedIn url': '!not-found'}
{'company_name_zoominfo': 'Morristown Limousine', 'website': 'www.morristown-limo.com', 'headquarters': 'United States', 'SIC Code': '41,411', 'NAICS Code': '48,485', 'revenue': '<$5M', 'Number of Employees': '<25', 'LinkedIn url': '!not-found'}
{'company_name_zoominfo': 'New Bootstrap Site', 'website': 'www.kybizinfo.com', 'headquarters': '203 N Marion St, Tampa, Florida, 33602, United States', 'SIC Code': '86,861', 'NAICS Code': '81,813', 'revenue': '$5.1M', 'Number of Employees': '<25', 'LinkedIn url': 'https://www.linkedin.com/company/kybizinfo.com'}
{'company_name_zoominfo': 'Newsfeed', 'website': 'www.newsfeed.co.in', 'headquarters': 'India', 'SIC Code': '82,822', 'NAICS Code': '61,611', 'revenue': '<$5M', 'Number of Employees': '<25', 'LinkedIn url': '!not-found'}
renewing ip
429
2a0b:f4c1:2::246
{'company_name_zoominfo': 'Genio.com', 'website': 'www.hellogenio.com', 'headquarters': '440 N Wolfe Rd, Sunnyvale, California, 94085, United States', 'SIC Code': '73,737', 'NAICS Code': '51,511', 'revenue': '<$5M', 'Number of Employees': '<25', 'LinkedIn url': 'https://www.linkedin.com/company/genio'}
{'company_name_zoominfo': 'Javel', 'website': 'www.javel.com', 'headquarters': '!not-found', 'SIC Code': '73,737', 'NAICS Code': '51,517', 'revenue': '<$5M', 'Number of Employees': '<25', 'LinkedIn url': '!not-found'}
{'company_name_zoominfo': 'Bobby D Enterprises', 'website': 'www.10dayads.com', 'headquarters': '294 Windward Psge, Clearwater, Florida, 33767, United States', 'SIC Code': '59,593', 'NAICS Code': '45,453', 'revenue': '$8.9M', 'Number of Employees': '56', 'LinkedIn url': 'https://www.linkedin.com/company/10dayads-com'}
{'company_name_zoominfo': 'Thervo.com', 'website': 'www.thervo.com', 'headquarters': '2700 NE Andresen Rd Ste D17, Vancouver, Washington, 98661, United Stat...', 'SIC Code': '72,729', 'NAICS Code': '81,812', 'revenue': '$5.4M', 'Number of Employees': '<25', 'LinkedIn url': '!not-found'}
{'company_name_zoominfo': 'NotAvailable', 'website': 'NotAvailable', 'headquarters': 'NotAvailable', 'SIC Code': 'NotAvailable', 'NAICS Code': 'NotAvailable', 'revenue': 'NotAvailable', 'Number of Employees': 'NotAvailable', 'LinkedIn url': 'NotAvailable'}
{'company_name_zoominfo': 'HomeStars', 'website': 'www.homestars.com', 'headquarters': '49 Spadina Ave Ste 501, Toronto, Ontario, M5V 2J1, Canada', 'SIC Code': '27,274', 'NAICS Code': '51,519', 'revenue': '$19.5M', 'Number of Employees': '150', 'LinkedIn url': 'https://www.linkedin.com/company/homestars'}
{'company_name_zoominfo': 'NotAvailable', 'website': 'NotAvailable', 'headquarters': 'NotAvailable', 'SIC Code': 'NotAvailable', 'NAICS Code': 'NotAvailable', 'revenue': 'NotAvailable', 'Number of Employees': 'NotAvailable', 'LinkedIn url': 'NotAvailable'}
{'company_name_zoominfo': 'Local Featured', 'website': 'www.localfeatured.com', 'headquarters': '4578 Feather River Dr Ste D, Stockton, California, 95219, United State...', 'SIC Code': '17,171', 'NAICS Code': '23,238', 'revenue': '<$5M', 'Number of Employees': '<25', 'LinkedIn url': '!not-found'}
{'company_name_zoominfo': 'ThanksBud', 'website': 'www.thanksbud.com', 'headquarters': 'Little Rock, Arkansas, United States', 'SIC Code': '27,274', 'NAICS Code': '51,511', 'revenue': '<$5M', 'Number of Employees': '<25', 'LinkedIn url': '!not-found'}
{'company_name_zoominfo': 'Web Feet Communications', 'website': 'www.webfeetcommunications.com', 'headquarters': '9134 Piscataway Rd 422, Clinton, Maryland, 20735, United States', 'SIC Code': '73,737', 'NAICS Code': '54,541', 'revenue': '<$5M', 'Number of Employees': '<25', 'LinkedIn url': 'https://www.linkedin.com/company/149645'}
{'company_name_zoominfo': 'BusinessMart', 'website': 'www.businessmart.com', 'headquarters': '499 Ernston Rd Ste A10, Parlin, New Jersey, 08859, United States', 'SIC Code': '73,737', 'NAICS Code': '51,517', 'revenue': '$6.1M', 'Number of Employees': '31', 'LinkedIn url': 'https://www.linkedin.com/company/five-star-business-brokers'}
{'company_name_zoominfo': 'Doorstep', 'website': 'www.doorstepnow.com', 'headquarters': '!not-found', 'SIC Code': '59,596', 'NAICS Code': '45,454', 'revenue': '<$5M', 'Number of Employees': '<25', 'LinkedIn url': 'https://www.linkedin.com/company/doorstepdates'}
{'company_name_zoominfo': 'Zip', 'website': 'www.ziphq.com', 'headquarters': '33 New Montgomery St Ste 1420, San Francisco, California, 94105, Unite...', 'SIC Code': '73,737', 'NAICS Code': '51,511', 'revenue': '$27.3M', 'Number of Employees': '1,301', 'LinkedIn url': 'https://www.linkedin.com/company/theziphq'}
{'company_name_zoominfo': 'Cinch', 'website': 'www.cinchwallet.com', 'headquarters': '250 Greenwich St, New York, New York, 10007, United States', 'SIC Code': '59,594', 'NAICS Code': '54,541', 'revenue': '<$5M', 'Number of Employees': '<25', 'LinkedIn url': 'https://www.linkedin.com/company/cinchwallet'}
{'company_name_zoominfo': 'EZBZ', 'website': 'www.myezbz.com', 'headquarters': 'PO Box 73768, Houston, Texas, 77273, United States', 'SIC Code': '73,737', 'NAICS Code': '51,517', 'revenue': '<$5M', 'Number of Employees': '<25', 'LinkedIn url': 'https://www.linkedin.com/company/ezbz-inc-'}
{'company_name_zoominfo': 'Looking Up Long Island', 'website': 'www.lookingupli.com', 'headquarters': '34 Violet Rd, Rocky Point, New York, 11778, United States', 'SIC Code': '27,274', 'NAICS Code': '51,511', 'revenue': '<$5M', 'Number of Employees': '<25', 'LinkedIn url': '!not-found'}
renewing ip
429
2001:67c:6ec:203:192:42:116:173
{'company_name_zoominfo': 'Task Me About It', 'website': 'www.taskmeaboutit.com', 'headquarters': 'Branson, Missouri, 65616, United States', 'SIC Code': '15,152', 'NAICS Code': '23,236', 'revenue': '<$5M', 'Number of Employees': '<25', 'LinkedIn url': 'https://www.linkedin.com/company/task-me-about-it'}
{'company_name_zoominfo': 'Bossy Beauty', 'website': 'www.thebossybeauty.com', 'headquarters': 'United States', 'SIC Code': '72,723', 'NAICS Code': '81,812', 'revenue': '<$5M', 'Number of Employees': '<25', 'LinkedIn url': '!not-found'}
{'company_name_zoominfo': 'NotAvailable', 'website': 'NotAvailable', 'headquarters': 'NotAvailable', 'SIC Code': 'NotAvailable', 'NAICS Code': 'NotAvailable', 'revenue': 'NotAvailable', 'Number of Employees': 'NotAvailable', 'LinkedIn url': 'NotAvailable'}
{'company_name_zoominfo': "Bill's Lock Service & Building Maintenance", 'website': 'www.billslocksandmaintenance.com', 'headquarters': '1102 Shadow Lake Cir, Mount Pleasant, South Carolina, 29464, United St...', 'SIC Code': '76,769', 'NAICS Code': '56,561', 'revenue': '<$5M', 'Number of Employees': '<25', 'LinkedIn url': '!not-found'}
site-not-indexed

{'company_name_zoominfo': '!not-found', 'website': '!not-found', 'headquarters': '!not-found', 'SIC Code': '!not-found', 'NAICS Code': '!not-found', 'revenue': '!not-found', 'Number of Employees': '!not-found', 'LinkedIn url': '!not-found'}
{'company_name_zoominfo': '!not-found', 'website': 'RE/MAX', 'headquarters': '!not-found', 'SIC Code': '!not-found', 'NAICS Code': '!not-found', 'revenue': '!not-found', 'Number of Employees': '!not-found', 'LinkedIn url': '!not-found'}
{'company_name_zoominfo': 'Blockbox', 'website': 'www.blocbox.net', 'headquarters': '200 Broadway, New York, New York, 10038, United States', 'SIC Code': '61,611', 'NAICS Code': '52,522', 'revenue': '<$5M', 'Number of Employees': '<25', 'LinkedIn url': '!not-found'}
{'company_name_zoominfo': 'U-SNAP-BAC', 'website': 'www.usnapbac.org', 'headquarters': '14901 Warren Ave E, Detroit, Michigan, 48224, United States', 'SIC Code': '83,832', 'NAICS Code': '62,624', 'revenue': '<$5M', 'Number of Employees': '<25', 'LinkedIn url': '!not-found'}
{'company_name_zoominfo': 'ThriveWell', 'website': 'www.americandreammarketplace.com', 'headquarters': '4400 Jenifer St Nw 331, Washington, District of Columbia, 20015, Unite...', 'SIC Code': '86,861', 'NAICS Code': '81,813', 'revenue': '<$5M', 'Number of Employees': '<25', 'LinkedIn url': '!not-found'}
{'company_name_zoominfo': 'NotAvailable', 'website': 'NotAvailable', 'headquarters': 'NotAvailable', 'SIC Code': 'NotAvailable', 'NAICS Code': 'NotAvailable', 'revenue': 'NotAvailable', 'Number of Employees': 'NotAvailable', 'LinkedIn url': 'NotAvailable'}
{'company_name_zoominfo': 'Next Minute', 'website': 'nextminute.app', 'headquarters': '445 NE 12th Ave, Fort Lauderdale, Florida, 33301, United States', 'SIC Code': '73,737', 'NAICS Code': '54,541', 'revenue': '$5.1M', 'Number of Employees': '<25', 'LinkedIn url': 'https://www.linkedin.com/company/10813175'}
{'company_name_zoominfo': 'Fairfield County Labor Council', 'website': 'www.ctaflcio.org/fairfield-county-labor-council', 'headquarters': '290 Post Rd W, Westport, Connecticut, 06880, United States', 'SIC Code': '91,919', 'NAICS Code': '92,921', 'revenue': '<$5M', 'Number of Employees': '<25', 'LinkedIn url': '!not-found'}
{'company_name_zoominfo': 'NotAvailable', 'website': 'NotAvailable', 'headquarters': 'NotAvailable', 'SIC Code': 'NotAvailable', 'NAICS Code': 'NotAvailable', 'revenue': 'NotAvailable', 'Number of Employees': 'NotAvailable', 'LinkedIn url': 'NotAvailable'}
{'company_name_zoominfo': 'NeedTo', 'website': 'www.needto.com', 'headquarters': '1131 Miles, Cleveland, Ohio, 44134, United States', 'SIC Code': '73,738', 'NAICS Code': '81,812', 'revenue': '<$5M', 'Number of Employees': '<25', 'LinkedIn url': 'https://www.linkedin.com/company/needto'}
{'company_name_zoominfo': 'Localoop', 'website': 'www.localoop.com', 'headquarters': '3280 Gorham Ave Ste 201, Minneapolis, Minnesota, 55426, United States', 'SIC Code': '48,481', 'NAICS Code': '51,517', 'revenue': '<$5M', 'Number of Employees': '<25', 'LinkedIn url': 'https://www.linkedin.com/company/localoop'}
{'company_name_zoominfo': 'Tinytouchtales', 'website': 'www.tinytouchtales.com', 'headquarters': 'Berlin, Berlin, Germany', 'SIC Code': '73,737', 'NAICS Code': '51,511', 'revenue': '<$5M', 'Number of Employees': '<25', 'LinkedIn url': '!not-found'}
{'company_name_zoominfo': 'Cpeedy', 'website': 'www.cpeedy.com', 'headquarters': '655 N Central Ave Fl 17, Glendale, California, 91203, United States', 'SIC Code': '41,412', 'NAICS Code': '48,485', 'revenue': '<$5M', 'Number of Employees': '<25', 'LinkedIn url': '!not-found'}
{'company_name_zoominfo': 'Discover Dash', 'website': 'www.discoverdash.com', 'headquarters': '27 Rohini St, Turramurra, New South Wales, 2074, Australia', 'SIC Code': '73,731', 'NAICS Code': '54,541', 'revenue': '<$5M', 'Number of Employees': '<25', 'LinkedIn url': '!not-found'}
renewing ip
429
2a06:1700:0:15::2
{'company_name_zoominfo': 'Next Minute', 'website': 'nextminute.app', 'headquarters': '445 NE 12th Ave, Fort Lauderdale, Florida, 33301, United States', 'SIC Code': '73,737', 'NAICS Code': '54,541', 'revenue': '$5.1M', 'Number of Employees': '<25', 'LinkedIn url': 'https://www.linkedin.com/company/10813175'}
{'company_name_zoominfo': 'NotAvailable', 'website': 'NotAvailable', 'headquarters': 'NotAvailable', 'SIC Code': 'NotAvailable', 'NAICS Code': 'NotAvailable', 'revenue': 'NotAvailable', 'Number of Employees': 'NotAvailable', 'LinkedIn url': 'NotAvailable'}
{'company_name_zoominfo': 'NotAvailable', 'website': 'NotAvailable', 'headquarters': 'NotAvailable', 'SIC Code': 'NotAvailable', 'NAICS Code': 'NotAvailable', 'revenue': 'NotAvailable', 'Number of Employees': 'NotAvailable', 'LinkedIn url': 'NotAvailable'}
{'company_name_zoominfo': 'Loconomics', 'website': 'www.loconomics.mn.co', 'headquarters': '3150 18th St Ste 438, San Francisco, California, 94110, United States', 'SIC Code': '73,738', 'NAICS Code': '56,561', 'revenue': '$5M', 'Number of Employees': '<25', 'LinkedIn url': 'https://www.linkedin.com/company/loconomics-cooperative-inc-'}
{'company_name_zoominfo': 'NotAvailable', 'website': 'NotAvailable', 'headquarters': 'NotAvailable', 'SIC Code': 'NotAvailable', 'NAICS Code': 'NotAvailable', 'revenue': 'NotAvailable', 'Number of Employees': 'NotAvailable', 'LinkedIn url': 'NotAvailable'}
{'company_name_zoominfo': 'NotAvailable', 'website': 'NotAvailable', 'headquarters': 'NotAvailable', 'SIC Code': 'NotAvailable', 'NAICS Code': 'NotAvailable', 'revenue': 'NotAvailable', 'Number of Employees': 'NotAvailable', 'LinkedIn url': 'NotAvailable'}
{'company_name_zoominfo': 'eCul De Sac', 'website': 'www.eculdesac.com', 'headquarters': '30 Newbury St Fl 3, Boston, Massachusetts, 02116, United States', 'SIC Code': '73,737', 'NAICS Code': '51,518', 'revenue': '$364.5M', 'Number of Employees': '1,575', 'LinkedIn url': 'https://www.linkedin.com/company/ecul-de-sac'}
{'company_name_zoominfo': '!not-found', 'website': '!not-found', 'headquarters': '!not-found', 'SIC Code': '!not-found', 'NAICS Code': '!not-found', 'revenue': '!not-found', 'Number of Employees': '!not-found', 'LinkedIn url': '!not-found'}
{'company_name_zoominfo': 'Nearlist', 'website': 'www.nearlist.com', 'headquarters': '757 Page St, San Francisco, California, 94117, United States', 'SIC Code': '56,562', 'NAICS Code': '44,448', 'revenue': '<$5M', 'Number of Employees': '<25', 'LinkedIn url': 'https://www.linkedin.com/company/nearlist'}
{'company_name_zoominfo': 'NotAvailable', 'website': 'NotAvailable', 'headquarters': 'NotAvailable', 'SIC Code': 'NotAvailable', 'NAICS Code': 'NotAvailable', 'revenue': 'NotAvailable', 'Number of Employees': 'NotAvailable', 'LinkedIn url': 'NotAvailable'}
{'company_name_zoominfo': 'NotAvailable', 'website': 'NotAvailable', 'headquarters': 'NotAvailable', 'SIC Code': 'NotAvailable', 'NAICS Code': 'NotAvailable', 'revenue': 'NotAvailable', 'Number of Employees': 'NotAvailable', 'LinkedIn url': 'NotAvailable'}
{'company_name_zoominfo': 'Emr-baltic', 'website': 'www.emr-baltic.lt', 'headquarters': '164 Raudondvario Pl, Kaunas, Kaunas County, Lithuania', 'SIC Code': '47,473', 'NAICS Code': '54,541', 'revenue': '<$5M', 'Number of Employees': '<25', 'LinkedIn url': '!not-found'}
{'company_name_zoominfo': 'PinDone', 'website': 'www.pindone.com', 'headquarters': '!not-found', 'SIC Code': '73,737', 'NAICS Code': '54,541', 'revenue': ':$5 Million', 'Number of Employees': '26', 'LinkedIn url': 'https://www.linkedin.com/company/pindone-inc'}
{'company_name_zoominfo': 'getbooks', 'website': 'www.getbook.de', 'headquarters': '21 a Max-planck-str., Bad Camberg, Hessen, 65520, Germany', 'SIC Code': '51,519', 'NAICS Code': '42,424', 'revenue': '<$5M', 'Number of Employees': '<25', 'LinkedIn url': '!not-found'}
{'company_name_zoominfo': 'Butler Pharmacy', 'website': 'www.butlerrx.com', 'headquarters': '2301 Bridge Ave, Point Pleasant Beach, New Jersey, 08742, United State...', 'SIC Code': '59,591', 'NAICS Code': '44,446', 'revenue': '<$5M', 'Number of Employees': '<25', 'LinkedIn url': 'https://www.linkedin.com/company/butlers-pharmacy-inc'}
{'company_name_zoominfo': 'Luhu Cloud', 'website': 'www.luhucloud.com', 'headquarters': 'Romania', 'SIC Code': '48,483', 'NAICS Code': '51,515', 'revenue': '<$5M', 'Number of Employees': '<25', 'LinkedIn url': 'https://www.linkedin.com/company/digitalnest'}
{'company_name_zoominfo': '6YA', 'website': 'www.6ya.com', 'headquarters': '2010 El Camino Real, Santa Clara, California, 95050, United States', 'SIC Code': '73,737', 'NAICS Code': '51,517', 'revenue': '<$5M', 'Number of Employees': '<25', 'LinkedIn url': 'https://www.linkedin.com/company/6ya'}
{'company_name_zoominfo': '!not-found', 'website': 'Attaboy Beer', 'headquarters': '!not-found', 'SIC Code': '!not-found', 'NAICS Code': '!not-found', 'revenue': '!not-found', 'Number of Employees': '!not-found', 'LinkedIn url': '!not-found'}
{'company_name_zoominfo': 'EZWALL Coatings', 'website': 'www.ezwallcoatings.com', 'headquarters': '1001 Forest Ave, Dallas, Texas, 75215, United States', 'SIC Code': '32,327', 'NAICS Code': '32,327', 'revenue': '<$5M', 'Number of Employees': '<25', 'LinkedIn url': '!not-found'}
{'company_name_zoominfo': 'Lyngr', 'website': 'www.lyngr.com', 'headquarters': '14 Porter St, Portsmouth, New Hampshire, 03801, United States', 'SIC Code': '73,738', 'NAICS Code': '56,561', 'revenue': '<$5M', 'Number of Employees': '<25', 'LinkedIn url': '!not-found'}
{'company_name_zoominfo': "Mommy's Kitchen", 'website': 'www.mommyskitchen1.com', 'headquarters': '23024 NE 8th St, Sammamish, Washington, 98074, United States', 'SIC Code': '58,581', 'NAICS Code': '72,722', 'revenue': '<$5M', 'Number of Employees': '<25', 'LinkedIn url': '!not-found'}
{'company_name_zoominfo': 'Neighborly', 'website': 'www.neighborlybrands.com', 'headquarters': '1020 N University Parks Dr, Waco, Texas, 76707, United States', 'SIC Code': '73,738', 'NAICS Code': '51,518', 'revenue': '$3.3B', 'Number of Employees': '1,500', 'LinkedIn url': 'https://www.linkedin.com/company/the-dwyer-group'}
{'company_name_zoominfo': 'Service Noodle', 'website': 'www.servicenoodle.com', 'headquarters': 'PO Box 112, Hallsville, Missouri, 65255, United States', 'SIC Code': '73,734', 'NAICS Code': '81,811', 'revenue': '<$5M', 'Number of Employees': '<25', 'LinkedIn url': 'https://www.linkedin.com/company/1092702'}
renewing ip
429
2a03:e600:100::22
{'company_name_zoominfo': 'Chi Ching Financial', 'website': 'www.chichingtaxes.com', 'headquarters': '6933 Main St Ste B, Lithonia, Georgia, 30058, United States', 'SIC Code': '62,628', 'NAICS Code': '52,523', 'revenue': '<$5M', 'Number of Employees': '<25', 'LinkedIn url': 'https://www.linkedin.com/company/chi-ching-taxes-llc-'}
site-not-indexed

{'company_name_zoominfo': '!not-found', 'website': '!not-found', 'headquarters': '!not-found', 'SIC Code': '!not-found', 'NAICS Code': '!not-found', 'revenue': '!not-found', 'Number of Employees': '!not-found', 'LinkedIn url': '!not-found'}
site-not-indexed

{'company_name_zoominfo': '!not-found', 'website': '!not-found', 'headquarters': '!not-found', 'SIC Code': '!not-found', 'NAICS Code': '!not-found', 'revenue': '!not-found', 'Number of Employees': '!not-found', 'LinkedIn url': '!not-found'}
{'company_name_zoominfo': 'NotAvailable', 'website': 'NotAvailable', 'headquarters': 'NotAvailable', 'SIC Code': 'NotAvailable', 'NAICS Code': 'NotAvailable', 'revenue': 'NotAvailable', 'Number of Employees': 'NotAvailable', 'LinkedIn url': 'NotAvailable'}
{'company_name_zoominfo': 'NotAvailable', 'website': 'NotAvailable', 'headquarters': 'NotAvailable', 'SIC Code': 'NotAvailable', 'NAICS Code': 'NotAvailable', 'revenue': 'NotAvailable', 'Number of Employees': 'NotAvailable', 'LinkedIn url': 'NotAvailable'}
{'company_name_zoominfo': 'The Blak Business Directory', 'website': 'www.blakbusiness.com', 'headquarters': '1409 W Erie Ave, Philadelphia, Pennsylvania, 19140, United States', 'SIC Code': '27,274', 'NAICS Code': '51,511', 'revenue': '$20.2M', 'Number of Employees': '59', 'LinkedIn url': 'https://www.linkedin.com/company/814410'}
{'company_name_zoominfo': 'NotAvailable', 'website': 'NotAvailable', 'headquarters': 'NotAvailable', 'SIC Code': 'NotAvailable', 'NAICS Code': 'NotAvailable', 'revenue': 'NotAvailable', 'Number of Employees': 'NotAvailable', 'LinkedIn url': 'NotAvailable'}
{'company_name_zoominfo': 'Urban Helpers', 'website': 'www.urbanhelpers.com', 'headquarters': '1023 Arlington Blvd, Arlington, Virginia, 22209, United States', 'SIC Code': '15,152', 'NAICS Code': '23,236', 'revenue': '<$5M', 'Number of Employees': '<25', 'LinkedIn url': '!not-found'}
{'company_name_zoominfo': '!not-found', 'website': '!not-found', 'headquarters': '!not-found', 'SIC Code': '!not-found', 'NAICS Code': '!not-found', 'revenue': '!not-found', 'Number of Employees': '!not-found', 'LinkedIn url': '!not-found'}
{'company_name_zoominfo': 'Kinly', 'website': 'www.kinly.com', 'headquarters': '29 Radarweg Fl 14, Amsterdam, North Holland, 1043 CA, Netherlands', 'SIC Code': '73,737', 'NAICS Code': '51,518', 'revenue': '$285.6M', 'Number of Employees': '1,200', 'LinkedIn url': 'https://www.linkedin.com/company/wearekinly'}
{'company_name_zoominfo': 'Work Wingman', 'website': 'www.workwingman.com', 'headquarters': '!not-found', 'SIC Code': '73,738', 'NAICS Code': '56,561', 'revenue': '<$5M', 'Number of Employees': '<25', 'LinkedIn url': 'https://www.linkedin.com/company/workwingman'}
{'company_name_zoominfo': '!not-found', 'website': 'AAAS', 'headquarters': '!not-found', 'SIC Code': '!not-found', 'NAICS Code': '!not-found', 'revenue': '!not-found', 'Number of Employees': '!not-found', 'LinkedIn url': '!not-found'}
site-not-indexed

{'company_name_zoominfo': '!not-found', 'website': '!not-found', 'headquarters': '!not-found', 'SIC Code': '!not-found', 'NAICS Code': '!not-found', 'revenue': '!not-found', 'Number of Employees': '!not-found', 'LinkedIn url': '!not-found'}
{'company_name_zoominfo': 'The Pinch App', 'website': 'www.pinchapp.com', 'headquarters': '745 Atlantic Ave, Boston, Massachusetts, 02111, United States', 'SIC Code': '73,738', 'NAICS Code': '56,561', 'revenue': '<$5M', 'Number of Employees': '<25', 'LinkedIn url': 'https://www.linkedin.com/company/pinch-moments'}
site-not-indexed

{'company_name_zoominfo': '!not-found', 'website': '!not-found', 'headquarters': '!not-found', 'SIC Code': '!not-found', 'NAICS Code': '!not-found', 'revenue': '!not-found', 'Number of Employees': '!not-found', 'LinkedIn url': '!not-found'}
{'company_name_zoominfo': 'NotAvailable', 'website': 'NotAvailable', 'headquarters': 'NotAvailable', 'SIC Code': 'NotAvailable', 'NAICS Code': 'NotAvailable', 'revenue': 'NotAvailable', 'Number of Employees': 'NotAvailable', 'LinkedIn url': 'NotAvailable'}
{'company_name_zoominfo': 'NotAvailable', 'website': 'NotAvailable', 'headquarters': 'NotAvailable', 'SIC Code': 'NotAvailable', 'NAICS Code': 'NotAvailable', 'revenue': 'NotAvailable', 'Number of Employees': 'NotAvailable', 'LinkedIn url': 'NotAvailable'}
{'company_name_zoominfo': '!not-found', 'website': '!not-found', 'headquarters': '!not-found', 'SIC Code': '!not-found', 'NAICS Code': '!not-found', 'revenue': '!not-found', 'Number of Employees': '!not-found', 'LinkedIn url': '!not-found'}
{'company_name_zoominfo': 'Dost', 'website': 'www.dost-llc.com', 'headquarters': '1309 Coffeen Ave Ste 1200, Sheridan, Wyoming, 82801, United States', 'SIC Code': '73,737', 'NAICS Code': '54,541', 'revenue': '<$5M', 'Number of Employees': '<25', 'LinkedIn url': '!not-found'}
{'company_name_zoominfo': 'Get Gigs', 'website': 'www.getgigz.com', 'headquarters': '870 Fell St, San Francisco, California, 94117, United States', 'SIC Code': '72,729', 'NAICS Code': '81,812', 'revenue': '<$5M', 'Number of Employees': '<25', 'LinkedIn url': 'https://www.linkedin.com/company/getgigz'}
{'company_name_zoominfo': 'IBEX IT Business Experts', 'website': 'www.ibexexperts.com', 'headquarters': '3295 River Exchange Dr Ste 550, Norcross, Georgia, 30092, United State...', 'SIC Code': '83,833', 'NAICS Code': '62,624', 'revenue': '$5.8M', 'Number of Employees': '80', 'LinkedIn url': 'https://www.linkedin.com/company/ibex-it-business-experts'}
