{'company_name_zoominfo': 'NotAvailable', 'website': 'NotAvailable', 'headquarters': 'NotAvailable', 'SIC Code': 'NotAvailable', 'NAICS Code': 'NotAvailable', 'revenue': 'NotAvailable', 'Number of Employees': 'NotAvailable', 'LinkedIn url': 'NotAvailable'}
{'company_name_zoominfo': 'NotAvailable', 'website': 'NotAvailable', 'headquarters': 'NotAvailable', 'SIC Code': 'NotAvailable', 'NAICS Code': 'NotAvailable', 'revenue': 'NotAvailable', 'Number of Employees': 'NotAvailable', 'LinkedIn url': 'NotAvailable'}
{'company_name_zoominfo': 'Mid South', 'website': 'www.midsouthag.com', 'headquarters': '6840 Hwy 431 S, Owensboro, Kentucky, 42301, United States', 'SIC Code': '50,508', 'NAICS Code': '42,423', 'revenue': '$18.8M', 'Number of Employees': '84', 'LinkedIn url': 'https://www.linkedin.com/company/mid-south-ag-equipment-inc-'}
{'company_name_zoominfo': 'John W', 'website': 'www.johnwworley.com', 'headquarters': 'United States', 'SIC Code': '86,866', 'NAICS Code': '81,813', 'revenue': '<$5M', 'Number of Employees': '29', 'LinkedIn url': '!not-found'}
{'company_name_zoominfo': 'NotAvailable', 'website': 'NotAvailable', 'headquarters': 'NotAvailable', 'SIC Code': 'NotAvailable', 'NAICS Code': 'NotAvailable', 'revenue': 'NotAvailable', 'Number of Employees': 'NotAvailable', 'LinkedIn url': 'NotAvailable'}
{'company_name_zoominfo': 'NotAvailable', 'website': 'NotAvailable', 'headquarters': 'NotAvailable', 'SIC Code': 'NotAvailable', 'NAICS Code': 'NotAvailable', 'revenue': 'NotAvailable', 'Number of Employees': 'NotAvailable', 'LinkedIn url': 'NotAvailable'}
{'company_name_zoominfo': 'SpEd Advisors', 'website': 'www.spedadvisors.com', 'headquarters': '3895 Brockton Ave, Riverside, California, 92501, United States', 'SIC Code': '80,809', 'NAICS Code': '62,621', 'revenue': '<$5M', 'Number of Employees': '<25', 'LinkedIn url': '!not-found'}
{'company_name_zoominfo': 'Ozarks Deals', 'website': 'www.ozarksdeals.com', 'headquarters': '3280 Peachtree Rd Ste 2300, Atlanta, Georgia, 30305, United States', 'SIC Code': '73,731', 'NAICS Code': '54,541', 'revenue': '<$5M', 'Number of Employees': '<25', 'LinkedIn url': '!not-found'}
{'company_name_zoominfo': 'NotAvailable', 'website': 'NotAvailable', 'headquarters': 'NotAvailable', 'SIC Code': 'NotAvailable', 'NAICS Code': 'NotAvailable', 'revenue': 'NotAvailable', 'Number of Employees': 'NotAvailable', 'LinkedIn url': 'NotAvailable'}
{'company_name_zoominfo': 'Abodir', 'website': 'www.abodir.com', 'headquarters': 'India', 'SIC Code': '48,489', 'NAICS Code': '53,531', 'revenue': '<$5M', 'Number of Employees': '<25', 'LinkedIn url': 'https://www.linkedin.com/company/abodir'}
{'company_name_zoominfo': 'Sweet Angels DayCare', 'website': 'www.eazifind.com', 'headquarters': '1 Hebert Chitepo & Masotsha Ndlovu Ave, Bulawayo, 263, Zimbabwe', 'SIC Code': '83,835', 'NAICS Code': '62,624', 'revenue': '<$5M', 'Number of Employees': '<25', 'LinkedIn url': '!not-found'}
{'company_name_zoominfo': 'NotAvailable', 'website': 'NotAvailable', 'headquarters': 'NotAvailable', 'SIC Code': 'NotAvailable', 'NAICS Code': 'NotAvailable', 'revenue': 'NotAvailable', 'Number of Employees': 'NotAvailable', 'LinkedIn url': 'NotAvailable'}
{'company_name_zoominfo': 'Blackbillboard.com', 'website': 'www.blackbillboard.com', 'headquarters': '1227 Camellia Blvd Ste 202, Lafayette, Louisiana, 70508, United States', 'SIC Code': '27,272', 'NAICS Code': '51,511', 'revenue': '<$5M', 'Number of Employees': '<25', 'LinkedIn url': '!not-found'}
{'company_name_zoominfo': 'Top Florida Business', 'website': 'www.topfloridabusiness.com', 'headquarters': '4202 S Florida Ave, Lakeland, Florida, 33813, United States', 'SIC Code': '73,731', 'NAICS Code': '54,541', 'revenue': '<$5M', 'Number of Employees': '<25', 'LinkedIn url': '!not-found'}
{'company_name_zoominfo': 'NotAvailable', 'website': 'NotAvailable', 'headquarters': 'NotAvailable', 'SIC Code': 'NotAvailable', 'NAICS Code': 'NotAvailable', 'revenue': 'NotAvailable', 'Number of Employees': 'NotAvailable', 'LinkedIn url': 'NotAvailable'}
{'company_name_zoominfo': 'Gotchu Girl Coaching', 'website': 'www.gotchugirlcoaching.com', 'headquarters': 'United States', 'SIC Code': '82,829', 'NAICS Code': '61,611', 'revenue': '<$5M', 'Number of Employees': '<25', 'LinkedIn url': '!not-found'}
{'company_name_zoominfo': 'Family Fest', 'website': 'www.familyfestsf.com', 'headquarters': 'PO Box 90646, Sioux Falls, South Dakota, 57109, United States', 'SIC Code': '79,799', 'NAICS Code': '71,713', 'revenue': '$5.8M', 'Number of Employees': '29', 'LinkedIn url': '!not-found'}
{'company_name_zoominfo': 'Topmost World', 'website': 'www.topmost.com', 'headquarters': '4629 State St, Montclair, California, 91763, United States', 'SIC Code': '17,179', 'NAICS Code': '32,327', 'revenue': '<$5M', 'Number of Employees': '<25', 'LinkedIn url': 'https://www.linkedin.com/company/topmost-inc'}
{'company_name_zoominfo': 'NotAvailable', 'website': 'NotAvailable', 'headquarters': 'NotAvailable', 'SIC Code': 'NotAvailable', 'NAICS Code': 'NotAvailable', 'revenue': 'NotAvailable', 'Number of Employees': 'NotAvailable', 'LinkedIn url': 'NotAvailable'}
{'company_name_zoominfo': 'NotAvailable', 'website': 'NotAvailable', 'headquarters': 'NotAvailable', 'SIC Code': 'NotAvailable', 'NAICS Code': 'NotAvailable', 'revenue': 'NotAvailable', 'Number of Employees': 'NotAvailable', 'LinkedIn url': 'NotAvailable'}
{'company_name_zoominfo': 'NotAvailable', 'website': 'NotAvailable', 'headquarters': 'NotAvailable', 'SIC Code': 'NotAvailable', 'NAICS Code': 'NotAvailable', 'revenue': 'NotAvailable', 'Number of Employees': 'NotAvailable', 'LinkedIn url': 'NotAvailable'}
{'company_name_zoominfo': 'The BizAd', 'website': 'www.thebizad.com', 'headquarters': 'Lucie West Blvd 369, Port St Lucie, Florida, 34986, United States', 'SIC Code': '27,274', 'NAICS Code': '51,511', 'revenue': '<$5M', 'Number of Employees': '<25', 'LinkedIn url': '!not-found'}
{'company_name_zoominfo': 'NotAvailable', 'website': 'NotAvailable', 'headquarters': 'NotAvailable', 'SIC Code': 'NotAvailable', 'NAICS Code': 'NotAvailable', 'revenue': 'NotAvailable', 'Number of Employees': 'NotAvailable', 'LinkedIn url': 'NotAvailable'}
{'company_name_zoominfo': 'Colorado Business Professionals', 'website': 'www.coloradolocalbusinessdirectory.com', 'headquarters': '12081 W Alameda Pkwy 470, Lakewood, Colorado, 80228, United States', 'SIC Code': '27,274', 'NAICS Code': '51,511', 'revenue': '<$5M', 'Number of Employees': '<25', 'LinkedIn url': '!not-found'}
{'company_name_zoominfo': 'NotAvailable', 'website': 'NotAvailable', 'headquarters': 'NotAvailable', 'SIC Code': 'NotAvailable', 'NAICS Code': 'NotAvailable', 'revenue': 'NotAvailable', 'Number of Employees': 'NotAvailable', 'LinkedIn url': 'NotAvailable'}
{'company_name_zoominfo': '!not-found', 'website': 'PCRecruiter', 'headquarters': '!not-found', 'SIC Code': '!not-found', 'NAICS Code': '!not-found', 'revenue': '!not-found', 'Number of Employees': '!not-found', 'LinkedIn url': '!not-found'}
{'company_name_zoominfo': 'GoBestNow.com', 'website': 'www.gobestnow.com', 'headquarters': '6075 Franklin Ave 361, Los Angeles, California, 90046, United States', 'SIC Code': '50,508', 'NAICS Code': '42,423', 'revenue': '<$5M', 'Number of Employees': '<25', 'LinkedIn url': 'https://www.linkedin.com/company/gobestnow'}
{'company_name_zoominfo': 'NotAvailable', 'website': 'NotAvailable', 'headquarters': 'NotAvailable', 'SIC Code': 'NotAvailable', 'NAICS Code': 'NotAvailable', 'revenue': 'NotAvailable', 'Number of Employees': 'NotAvailable', 'LinkedIn url': 'NotAvailable'}
{'company_name_zoominfo': 'NotAvailable', 'website': 'NotAvailable', 'headquarters': 'NotAvailable', 'SIC Code': 'NotAvailable', 'NAICS Code': 'NotAvailable', 'revenue': 'NotAvailable', 'Number of Employees': 'NotAvailable', 'LinkedIn url': 'NotAvailable'}
{'company_name_zoominfo': 'NotAvailable', 'website': 'NotAvailable', 'headquarters': 'NotAvailable', 'SIC Code': 'NotAvailable', 'NAICS Code': 'NotAvailable', 'revenue': 'NotAvailable', 'Number of Employees': 'NotAvailable', 'LinkedIn url': 'NotAvailable'}
{'company_name_zoominfo': 'NotAvailable', 'website': 'NotAvailable', 'headquarters': 'NotAvailable', 'SIC Code': 'NotAvailable', 'NAICS Code': 'NotAvailable', 'revenue': 'NotAvailable', 'Number of Employees': 'NotAvailable', 'LinkedIn url': 'NotAvailable'}
{'company_name_zoominfo': 'NYClassi', 'website': 'www.nyclassi.com', 'headquarters': 'United States', 'SIC Code': '73,731', 'NAICS Code': '54,541', 'revenue': '<$5M', 'Number of Employees': '<25', 'LinkedIn url': '!not-found'}
{'company_name_zoominfo': 'Online Local Search', 'website': 'www.onlinelocalsearch.com', 'headquarters': '5301 N Federal Hwy Ste 250, Boca Raton, Florida, 33487, United States', 'SIC Code': '87,874', 'NAICS Code': '54,541', 'revenue': '<$5M', 'Number of Employees': '<25', 'LinkedIn url': '!not-found'}
{'company_name_zoominfo': 'NotAvailable', 'website': 'NotAvailable', 'headquarters': 'NotAvailable', 'SIC Code': 'NotAvailable', 'NAICS Code': 'NotAvailable', 'revenue': 'NotAvailable', 'Number of Employees': 'NotAvailable', 'LinkedIn url': 'NotAvailable'}
{'company_name_zoominfo': 'NotAvailable', 'website': 'NotAvailable', 'headquarters': 'NotAvailable', 'SIC Code': 'NotAvailable', 'NAICS Code': 'NotAvailable', 'revenue': 'NotAvailable', 'Number of Employees': 'NotAvailable', 'LinkedIn url': 'NotAvailable'}
{'company_name_zoominfo': 'Kronoz', 'website': 'www.kronoz.com', 'headquarters': '10370 Richmond Ave Ste 1125, Houston, Texas, 77042, United States', 'SIC Code': '47,473', 'NAICS Code': '54,541', 'revenue': '$21M', 'Number of Employees': '104', 'LinkedIn url': 'https://www.linkedin.com/company/kronoz-internacional'}
{'company_name_zoominfo': 'NotAvailable', 'website': 'NotAvailable', 'headquarters': 'NotAvailable', 'SIC Code': 'NotAvailable', 'NAICS Code': 'NotAvailable', 'revenue': 'NotAvailable', 'Number of Employees': 'NotAvailable', 'LinkedIn url': 'NotAvailable'}
renewing ip
429
2001:678:e3c::c
{'company_name_zoominfo': 'Zomart', 'website': 'www.zomart.com', 'headquarters': 'Electric Veng, Aizawl, Mizoram, 796007, India', 'SIC Code': '73,737', 'NAICS Code': '11,111', 'revenue': '<$5M', 'Number of Employees': '<25', 'LinkedIn url': '!not-found'}
{'company_name_zoominfo': 'Allow Me Concierge', 'website': 'www.allowmeconcierge.com', 'headquarters': 'United States', 'SIC Code': '48,489', 'NAICS Code': '81,812', 'revenue': '<$5M', 'Number of Employees': '<25', 'LinkedIn url': '!not-found'}
{'company_name_zoominfo': 'Green Valley Plumbing', 'website': 'www.greenvalleysahuaritaguide.com', 'headquarters': '750 W Camino Casa Verde, Green Valley, Arizona, 85614, United States', 'SIC Code': '27,274', 'NAICS Code': '51,511', 'revenue': '<$5M', 'Number of Employees': '<25', 'LinkedIn url': '!not-found'}
{'company_name_zoominfo': 'NotAvailable', 'website': 'NotAvailable', 'headquarters': 'NotAvailable', 'SIC Code': 'NotAvailable', 'NAICS Code': 'NotAvailable', 'revenue': 'NotAvailable', 'Number of Employees': 'NotAvailable', 'LinkedIn url': 'NotAvailable'}
{'company_name_zoominfo': 'NotAvailable', 'website': 'NotAvailable', 'headquarters': 'NotAvailable', 'SIC Code': 'NotAvailable', 'NAICS Code': 'NotAvailable', 'revenue': 'NotAvailable', 'Number of Employees': 'NotAvailable', 'LinkedIn url': 'NotAvailable'}
{'company_name_zoominfo': 'NotAvailable', 'website': 'NotAvailable', 'headquarters': 'NotAvailable', 'SIC Code': 'NotAvailable', 'NAICS Code': 'NotAvailable', 'revenue': 'NotAvailable', 'Number of Employees': 'NotAvailable', 'LinkedIn url': 'NotAvailable'}
{'company_name_zoominfo': '!not-found', 'website': 'Stop & Shop', 'headquarters': '!not-found', 'SIC Code': '!not-found', 'NAICS Code': '!not-found', 'revenue': '!not-found', 'Number of Employees': '!not-found', 'LinkedIn url': '!not-found'}
{'company_name_zoominfo': 'Public.com', 'website': 'www.public.com', 'headquarters': '265 Franklin St Fl 17, Boston, Massachusetts, 02110, United States', 'SIC Code': '62,621', 'NAICS Code': '51,511', 'revenue': '$7.7M', 'Number of Employees': '<25', 'LinkedIn url': 'https://www.linkedin.com/company/publi-com'}
{'company_name_zoominfo': 'Thump Local', 'website': 'www.thumplocal.net', 'headquarters': '24 N Tyson Ave Fl 1 Rear, Floral Park, New York, 11001, United States', 'SIC Code': '92,86', 'NAICS Code': '92,922', 'revenue': '<$5M', 'Number of Employees': '<25', 'LinkedIn url': 'https://www.linkedin.com/company/thump-local'}
{'company_name_zoominfo': 'Services Alley Technologies', 'website': 'www.servicesalley.com', 'headquarters': '6820 Commercial Dr Ste D#10, Springfield, Virginia, 22151, United Stat...', 'SIC Code': '73,734', 'NAICS Code': '56,561', 'revenue': '<$5M', 'Number of Employees': '<25', 'LinkedIn url': 'https://www.linkedin.com/company/services-alley'}
{'company_name_zoominfo': 'NotAvailable', 'website': 'NotAvailable', 'headquarters': 'NotAvailable', 'SIC Code': 'NotAvailable', 'NAICS Code': 'NotAvailable', 'revenue': 'NotAvailable', 'Number of Employees': 'NotAvailable', 'LinkedIn url': 'NotAvailable'}
{'company_name_zoominfo': 'B Local NYC', 'website': 'www.blocalnyc.com', 'headquarters': 'United States', 'SIC Code': '86,863', 'NAICS Code': '81,813', 'revenue': '<$5M', 'Number of Employees': '<25', 'LinkedIn url': 'https://www.linkedin.com/company/b-local-nyc'}
site-not-indexed

{'company_name_zoominfo': '!not-found', 'website': '!not-found', 'headquarters': '!not-found', 'SIC Code': '!not-found', 'NAICS Code': '!not-found', 'revenue': '!not-found', 'Number of Employees': '!not-found', 'LinkedIn url': '!not-found'}
{'company_name_zoominfo': 'Jop', 'website': 'www.jop.me', 'headquarters': '350 Lincoln Rd Fl 3, Miami Beach, Florida, 33139, United States', 'SIC Code': '82,829', 'NAICS Code': '61,611', 'revenue': '$5.7M', 'Number of Employees': '<25', 'LinkedIn url': 'https://www.linkedin.com/company/digital-pelican'}
{'company_name_zoominfo': 'CSBN Connect', 'website': 'www.csbnconnect.com', 'headquarters': '181 Direct Connection Dr, Rossville, Georgia, 30741, United States', 'SIC Code': '27,274', 'NAICS Code': '51,511', 'revenue': '<$5M', 'Number of Employees': '<25', 'LinkedIn url': 'https://www.linkedin.com/company/virtual-studios-inc'}
{'company_name_zoominfo': 'NotAvailable', 'website': 'NotAvailable', 'headquarters': 'NotAvailable', 'SIC Code': 'NotAvailable', 'NAICS Code': 'NotAvailable', 'revenue': 'NotAvailable', 'Number of Employees': 'NotAvailable', 'LinkedIn url': 'NotAvailable'}
{'company_name_zoominfo': 'NotAvailable', 'website': 'NotAvailable', 'headquarters': 'NotAvailable', 'SIC Code': 'NotAvailable', 'NAICS Code': 'NotAvailable', 'revenue': 'NotAvailable', 'Number of Employees': 'NotAvailable', 'LinkedIn url': 'NotAvailable'}
{'company_name_zoominfo': 'NotAvailable', 'website': 'NotAvailable', 'headquarters': 'NotAvailable', 'SIC Code': 'NotAvailable', 'NAICS Code': 'NotAvailable', 'revenue': 'NotAvailable', 'Number of Employees': 'NotAvailable', 'LinkedIn url': 'NotAvailable'}
{'company_name_zoominfo': 'NotAvailable', 'website': 'NotAvailable', 'headquarters': 'NotAvailable', 'SIC Code': 'NotAvailable', 'NAICS Code': 'NotAvailable', 'revenue': 'NotAvailable', 'Number of Employees': 'NotAvailable', 'LinkedIn url': 'NotAvailable'}
{'company_name_zoominfo': 'NotAvailable', 'website': 'NotAvailable', 'headquarters': 'NotAvailable', 'SIC Code': 'NotAvailable', 'NAICS Code': 'NotAvailable', 'revenue': 'NotAvailable', 'Number of Employees': 'NotAvailable', 'LinkedIn url': 'NotAvailable'}
{'company_name_zoominfo': 'Local Vibe Brewing', 'website': 'www.yelp.com/biz/robin-hood-brewing-bellefonte-2', 'headquarters': '303 Chadham Ct, Bellefonte, Pennsylvania, 16823, United States', 'SIC Code': '20,208', 'NAICS Code': '31,312', 'revenue': '<$5M', 'Number of Employees': '<25', 'LinkedIn url': '!not-found'}
{'company_name_zoominfo': 'NotAvailable', 'website': 'NotAvailable', 'headquarters': 'NotAvailable', 'SIC Code': 'NotAvailable', 'NAICS Code': 'NotAvailable', 'revenue': 'NotAvailable', 'Number of Employees': 'NotAvailable', 'LinkedIn url': 'NotAvailable'}
{'company_name_zoominfo': 'Best In Sweden', 'website': 'www.bestin.com', 'headquarters': 'United States', 'SIC Code': '58,581', 'NAICS Code': '72,722', 'revenue': '<$5M', 'Number of Employees': '<25', 'LinkedIn url': '!not-found'}
{'company_name_zoominfo': 'NotAvailable', 'website': 'NotAvailable', 'headquarters': 'NotAvailable', 'SIC Code': 'NotAvailable', 'NAICS Code': 'NotAvailable', 'revenue': 'NotAvailable', 'Number of Employees': 'NotAvailable', 'LinkedIn url': 'NotAvailable'}
renewing ip
429
2001:67c:6ec:203:192:42:116:173
{'company_name_zoominfo': 'Miami City Directory', 'website': 'www.miamicitydirectory.com', 'headquarters': 'PO Box 28251, Hialeah, Florida, 33002, United States', 'SIC Code': '27,274', 'NAICS Code': '51,511', 'revenue': '<$5M', 'Number of Employees': '<25', 'LinkedIn url': 'https://www.linkedin.com/company/miami-city-directory'}
{'company_name_zoominfo': 'NotAvailable', 'website': 'NotAvailable', 'headquarters': 'NotAvailable', 'SIC Code': 'NotAvailable', 'NAICS Code': 'NotAvailable', 'revenue': 'NotAvailable', 'Number of Employees': 'NotAvailable', 'LinkedIn url': 'NotAvailable'}
{'company_name_zoominfo': 'NotAvailable', 'website': 'NotAvailable', 'headquarters': 'NotAvailable', 'SIC Code': 'NotAvailable', 'NAICS Code': 'NotAvailable', 'revenue': 'NotAvailable', 'Number of Employees': 'NotAvailable', 'LinkedIn url': 'NotAvailable'}
{'company_name_zoominfo': 'NotAvailable', 'website': 'NotAvailable', 'headquarters': 'NotAvailable', 'SIC Code': 'NotAvailable', 'NAICS Code': 'NotAvailable', 'revenue': 'NotAvailable', 'Number of Employees': 'NotAvailable', 'LinkedIn url': 'NotAvailable'}
{'company_name_zoominfo': 'Liatoss', 'website': 'www.liatoss.ch', 'headquarters': '9 Ch. Vert, Corsier Sur Vevey, Vaud, 1804, Switzerland', 'SIC Code': '73,737', 'NAICS Code': '51,518', 'revenue': '$9M', 'Number of Employees': '43', 'LinkedIn url': 'https://www.linkedin.com/company/liatoss-sarl'}
{'company_name_zoominfo': 'NotAvailable', 'website': 'NotAvailable', 'headquarters': 'NotAvailable', 'SIC Code': 'NotAvailable', 'NAICS Code': 'NotAvailable', 'revenue': 'NotAvailable', 'Number of Employees': 'NotAvailable', 'LinkedIn url': 'NotAvailable'}
{'company_name_zoominfo': 'My Local Deals', 'website': 'www.mylocaldeals.net', 'headquarters': '3130 Melby St, Eau Claire, Wisconsin, 54703, United States', 'SIC Code': '86,863', 'NAICS Code': '81,813', 'revenue': '<$5M', 'Number of Employees': '<25', 'LinkedIn url': '!not-found'}
{'company_name_zoominfo': 'Advert Buzz', 'website': 'www.advertbuzz.com', 'headquarters': '!not-found', 'SIC Code': '73,731', 'NAICS Code': '54,541', 'revenue': ':<$5 Million', 'Number of Employees': '<25', 'LinkedIn url': '!not-found'}
{'company_name_zoominfo': 'Open-house-online.com', 'website': 'www.open-house-online.com', 'headquarters': 'United States', 'SIC Code': '65,653', 'NAICS Code': '53,531', 'revenue': '<$5M', 'Number of Employees': '<25', 'LinkedIn url': '!not-found'}
{'company_name_zoominfo': 'NotAvailable', 'website': 'NotAvailable', 'headquarters': 'NotAvailable', 'SIC Code': 'NotAvailable', 'NAICS Code': 'NotAvailable', 'revenue': 'NotAvailable', 'Number of Employees': 'NotAvailable', 'LinkedIn url': 'NotAvailable'}
{'company_name_zoominfo': 'MY ONLINE MARKETING', 'website': 'www.conservatoryblinds-buyersguide.co.uk', 'headquarters': 'Towngate House 2-8 Parkstone Rd, Poole, Poole, BH15 2PW, United Kingdo...', 'SIC Code': '73,731', 'NAICS Code': '54,541', 'revenue': '<$5M', 'Number of Employees': '<25', 'LinkedIn url': '!not-found'}
{'company_name_zoominfo': 'Pro Trailer', 'website': 'www.protrailersa.com', 'headquarters': '8511 I-10 Frontage Rd, Converse, Texas, 78109, United States', 'SIC Code': '37,379', 'NAICS Code': '33,336', 'revenue': '<$5M', 'Number of Employees': '<25', 'LinkedIn url': '!not-found'}
{'company_name_zoominfo': 'BC Fasteners & Tools', 'website': 'www.bcfasteners.com', 'headquarters': '1960 Windsor Rd 3, Kelowna, British Columbia, V1Y 4R5, Canada', 'SIC Code': '50,507', 'NAICS Code': '42,423', 'revenue': '$7.8M', 'Number of Employees': '28', 'LinkedIn url': 'https://www.linkedin.com/company/bc-fasteners-&-tools-ltd'}
{'company_name_zoominfo': 'Zhejiang Bailong Plastics Finished', 'website': 'www.bltoolbox.com', 'headquarters': '!not-found', 'SIC Code': '29,21', 'NAICS Code': '32,324', 'revenue': '<$5M', 'Number of Employees': '25', 'LinkedIn url': '!not-found'}
{'company_name_zoominfo': 'BestOfBranford.com', 'website': 'www.bestofbranford.com', 'headquarters': '47 Maple St, Branford, Connecticut, 06405, United States', 'SIC Code': '27,274', 'NAICS Code': '51,511', 'revenue': '<$5M', 'Number of Employees': '<25', 'LinkedIn url': '!not-found'}
{'company_name_zoominfo': 'Guaranteed Removals', 'website': 'www.guaranteedremovals.com', 'headquarters': '3425 Harvester Rd Ste 200, Burlington, Ontario, L7N 3M7, Canada', 'SIC Code': '42,421', 'NAICS Code': '48,484', 'revenue': '$20M', 'Number of Employees': '53', 'LinkedIn url': 'https://www.linkedin.com/company/guaranteedremovals'}
{'company_name_zoominfo': 'Gwinnett Business Video Directory', 'website': 'gwinnettbusinessvideo.directory', 'headquarters': '3675 Crestwood Pkwy Ste 400, Duluth, Georgia, 30096, United States', 'SIC Code': '27,274', 'NAICS Code': '51,511', 'revenue': '<$5M', 'Number of Employees': '<25', 'LinkedIn url': 'https://www.linkedin.com/company/peachtree-interactive'}
{'company_name_zoominfo': 'NotAvailable', 'website': 'NotAvailable', 'headquarters': 'NotAvailable', 'SIC Code': 'NotAvailable', 'NAICS Code': 'NotAvailable', 'revenue': 'NotAvailable', 'Number of Employees': 'NotAvailable', 'LinkedIn url': 'NotAvailable'}
{'company_name_zoominfo': 'Local Promoted', 'website': 'www.localpromoted.com', 'headquarters': '17280 Newhope St 4, Fountain Valley, California, 92708, United States', 'SIC Code': '86,863', 'NAICS Code': '81,813', 'revenue': '<$5M', 'Number of Employees': '<25', 'LinkedIn url': '!not-found'}
{'company_name_zoominfo': 'NotAvailable', 'website': 'NotAvailable', 'headquarters': 'NotAvailable', 'SIC Code': 'NotAvailable', 'NAICS Code': 'NotAvailable', 'revenue': 'NotAvailable', 'Number of Employees': 'NotAvailable', 'LinkedIn url': 'NotAvailable'}
{'company_name_zoominfo': 'Kic', 'website': 'www.kic.com', 'headquarters': '543 NW 77th St, Boca Raton, Florida, 33487, United States', 'SIC Code': '73,737', 'NAICS Code': '51,518', 'revenue': '<$5M', 'Number of Employees': '<25', 'LinkedIn url': '!not-found'}
{'company_name_zoominfo': 'NotAvailable', 'website': 'NotAvailable', 'headquarters': 'NotAvailable', 'SIC Code': 'NotAvailable', 'NAICS Code': 'NotAvailable', 'revenue': 'NotAvailable', 'Number of Employees': 'NotAvailable', 'LinkedIn url': 'NotAvailable'}
{'company_name_zoominfo': 'NotAvailable', 'website': 'NotAvailable', 'headquarters': 'NotAvailable', 'SIC Code': 'NotAvailable', 'NAICS Code': 'NotAvailable', 'revenue': 'NotAvailable', 'Number of Employees': 'NotAvailable', 'LinkedIn url': 'NotAvailable'}
{'company_name_zoominfo': 'Adeex', 'website': 'www.adeex.us', 'headquarters': '7930 Silver Leaf Ct Apt E, Glen Burnie, Maryland, 21061, United States', 'SIC Code': '73,734', 'NAICS Code': '56,561', 'revenue': '$9.4M', 'Number of Employees': '<25', 'LinkedIn url': 'https://www.linkedin.com/company/evisos'}
renewing ip
429
2a06:1700:0:15::2
{'company_name_zoominfo': 'Irooni Bazaar', 'website': 'www.iroonibazaar.us', 'headquarters': '15720 Ventura Blvd, Encino, California, 91436, United States', 'SIC Code': '58,581', 'NAICS Code': '72,722', 'revenue': '<$5M', 'Number of Employees': '<25', 'LinkedIn url': '!not-found'}
{'company_name_zoominfo': 'Swapilly.com', 'website': 'www.swapilly.com', 'headquarters': 'United States', 'SIC Code': '62,621', 'NAICS Code': '52,523', 'revenue': '<$5M', 'Number of Employees': '<25', 'LinkedIn url': '!not-found'}
{'company_name_zoominfo': 'NotAvailable', 'website': 'NotAvailable', 'headquarters': 'NotAvailable', 'SIC Code': 'NotAvailable', 'NAICS Code': 'NotAvailable', 'revenue': 'NotAvailable', 'Number of Employees': 'NotAvailable', 'LinkedIn url': 'NotAvailable'}
{'company_name_zoominfo': 'NotAvailable', 'website': 'NotAvailable', 'headquarters': 'NotAvailable', 'SIC Code': 'NotAvailable', 'NAICS Code': 'NotAvailable', 'revenue': 'NotAvailable', 'Number of Employees': 'NotAvailable', 'LinkedIn url': 'NotAvailable'}
{'company_name_zoominfo': 'NotAvailable', 'website': 'NotAvailable', 'headquarters': 'NotAvailable', 'SIC Code': 'NotAvailable', 'NAICS Code': 'NotAvailable', 'revenue': 'NotAvailable', 'Number of Employees': 'NotAvailable', 'LinkedIn url': 'NotAvailable'}
{'company_name_zoominfo': 'New Jersey Hub', 'website': 'www.newjerseyhub.com', 'headquarters': '10 Evans Pl, Pompton Plains, New Jersey, 07444, United States', 'SIC Code': '73,731', 'NAICS Code': '54,541', 'revenue': '<$5M', 'Number of Employees': '<25', 'LinkedIn url': 'https://www.linkedin.com/company/accurate-language-services'}
{'company_name_zoominfo': '!not-found', 'website': '!not-found', 'headquarters': '!not-found', 'SIC Code': '!not-found', 'NAICS Code': '!not-found', 'revenue': '!not-found', 'Number of Employees': '!not-found', 'LinkedIn url': '!not-found'}
{'company_name_zoominfo': 'zenClaire', 'website': 'www.zenclaire.com', 'headquarters': '411 Crossen Ave, Elk Grove Village, Illinois, 60007, United States', 'SIC Code': '73,738', 'NAICS Code': '54,541', 'revenue': '<$5M', 'Number of Employees': '<25', 'LinkedIn url': 'https://www.linkedin.com/company/zenclaire-design'}
{'company_name_zoominfo': 'NotAvailable', 'website': 'NotAvailable', 'headquarters': 'NotAvailable', 'SIC Code': 'NotAvailable', 'NAICS Code': 'NotAvailable', 'revenue': 'NotAvailable', 'Number of Employees': 'NotAvailable', 'LinkedIn url': 'NotAvailable'}
{'company_name_zoominfo': 'Utsah Assam', 'website': 'www.utsahassam.org', 'headquarters': 'house no. 23 Government Press Rd Bamunimaidam, Guwahati, Assam, 781021...', 'SIC Code': '83,832', 'NAICS Code': '62,624', 'revenue': '<$5M', 'Number of Employees': '<25', 'LinkedIn url': '!not-found'}
{'company_name_zoominfo': 'Greenacres', 'website': 'www.greenacrescompany.com', 'headquarters': '75 Codfish Hill Rd, Bethel, Connecticut, 06801, United States', 'SIC Code': '49,497', 'NAICS Code': '22,221', 'revenue': '<$5M', 'Number of Employees': '<25', 'LinkedIn url': '!not-found'}
{'company_name_zoominfo': 'NotAvailable', 'website': 'NotAvailable', 'headquarters': 'NotAvailable', 'SIC Code': 'NotAvailable', 'NAICS Code': 'NotAvailable', 'revenue': 'NotAvailable', 'Number of Employees': 'NotAvailable', 'LinkedIn url': 'NotAvailable'}
{'company_name_zoominfo': 'NotAvailable', 'website': 'NotAvailable', 'headquarters': 'NotAvailable', 'SIC Code': 'NotAvailable', 'NAICS Code': 'NotAvailable', 'revenue': 'NotAvailable', 'Number of Employees': 'NotAvailable', 'LinkedIn url': 'NotAvailable'}
{'company_name_zoominfo': 'NotAvailable', 'website': 'NotAvailable', 'headquarters': 'NotAvailable', 'SIC Code': 'NotAvailable', 'NAICS Code': 'NotAvailable', 'revenue': 'NotAvailable', 'Number of Employees': 'NotAvailable', 'LinkedIn url': 'NotAvailable'}
