{'company_name_zoominfo': 'Thumbtack', 'website': 'www.thumbtack.com', 'headquarters': '1355 Market St Ste 600, San Francisco, California, 94103, United State...', 'SIC Code': '89,899', 'NAICS Code': '51,518', 'revenue': '$210.1M', 'Number of Employees': '1,000', 'LinkedIn url': 'https://www.linkedin.com/company/thumbtack-inc.'}
{'company_name_zoominfo': 'Yelp', 'website': 'www.yelp.com', 'headquarters': '350 Mission St 10 Fl, San Francisco, California, 94105, United States', 'SIC Code': '89,899', 'NAICS Code': '51,518', 'revenue': '$1.1B', 'Number of Employees': '4,400', 'LinkedIn url': 'https://www.linkedin.com/company/yelp-com'}
{'company_name_zoominfo': 'Spruce', 'website': 'www.getspruce.com', 'headquarters': '1408 E 13th St, Austin, Texas, 78702, United States', 'SIC Code': '72,729', 'NAICS Code': '56,561', 'revenue': '$7.4M', 'Number of Employees': '25', 'LinkedIn url': 'https://www.linkedin.com/company/spruce-inc'}
{'company_name_zoominfo': 'Fountain', 'website': 'www.fountain.com', 'headquarters': '275 Sacramento St Fl 3, San Francisco, California, 94111, United State...', 'SIC Code': '73,737', 'NAICS Code': '51,511', 'revenue': '$48.3M', 'Number of Employees': '230', 'LinkedIn url': 'https://www.linkedin.com/company/fountain-software'}
{'company_name_zoominfo': 'NotAvailable', 'website': 'NotAvailable', 'headquarters': 'NotAvailable', 'SIC Code': 'NotAvailable', 'NAICS Code': 'NotAvailable', 'revenue': 'NotAvailable', 'Number of Employees': 'NotAvailable', 'LinkedIn url': 'NotAvailable'}
{'company_name_zoominfo': 'eLocal', 'website': 'www.elocal.com', 'headquarters': '1100 E Hector St Ste 101, Conshohocken, Pennsylvania, 19428, United St...', 'SIC Code': '81,811', 'NAICS Code': '54,541', 'revenue': '$44.2M', 'Number of Employees': '99', 'LinkedIn url': 'https://www.linkedin.com/company/elocal'}
{'company_name_zoominfo': '!not-found', 'website': '!not-found', 'headquarters': '!not-found', 'SIC Code': '!not-found', 'NAICS Code': '!not-found', 'revenue': '!not-found', 'Number of Employees': '!not-found', 'LinkedIn url': '!not-found'}
{'company_name_zoominfo': 'MerchantCircle', 'website': 'www.merchantcircle.com', 'headquarters': '201 Main St Ste 100, Los Altos, California, 94022, United States', 'SIC Code': '73,731', 'NAICS Code': '54,541', 'revenue': '$5.9M', 'Number of Employees': '32', 'LinkedIn url': 'https://www.linkedin.com/company/merchantcircle'}
{'company_name_zoominfo': 'Hidrent', 'website': 'www.hidrent.com', 'headquarters': '3102 Oak Lawn Ave, Dallas, Texas, 75219, United States', 'SIC Code': '86,863', 'NAICS Code': '81,813', 'revenue': '$5.9M', 'Number of Employees': '<25', 'LinkedIn url': 'https://www.linkedin.com/company/hidrent'}
{'company_name_zoominfo': "Judy's Book", 'website': 'www.judysbook.com', 'headquarters': '2626 S Saunders St, Raleigh, North Carolina, 27603, United States', 'SIC Code': '51,519', 'NAICS Code': '42,424', 'revenue': '<$5M', 'Number of Employees': '<25', 'LinkedIn url': "https://www.linkedin.com/company/judy's-book"}
{'company_name_zoominfo': 'Citysearch', 'website': 'www.citysearch.com', 'headquarters': '8833 Sunset Blvd, West Hollywood, California, 90069, United States', 'SIC Code': '73,737', 'NAICS Code': '72,722', 'revenue': '$26.7M', 'Number of Employees': '134', 'LinkedIn url': 'https://www.linkedin.com/company/163092'}
{'company_name_zoominfo': 'Amenify', 'website': 'www.amenify.com', 'headquarters': '18 Bartol St, San Francisco, California, 94133, United States', 'SIC Code': '73,737', 'NAICS Code': '54,541', 'revenue': '<$5M', 'Number of Employees': '<25', 'LinkedIn url': 'https://www.linkedin.com/company/amenify'}
{'company_name_zoominfo': 'Interogo Foundation', 'website': 'www.interogofoundation.com', 'headquarters': 'Vaduz, Liechtenstein', 'SIC Code': '67,671', 'NAICS Code': '55,551', 'revenue': '$38.8M', 'Number of Employees': '97', 'LinkedIn url': '!not-found'}
{'company_name_zoominfo': 'NotAvailable', 'website': 'NotAvailable', 'headquarters': 'NotAvailable', 'SIC Code': 'NotAvailable', 'NAICS Code': 'NotAvailable', 'revenue': 'NotAvailable', 'Number of Employees': 'NotAvailable', 'LinkedIn url': 'NotAvailable'}
{'company_name_zoominfo': 'Locality', 'website': 'www.localityonline.com', 'headquarters': '16-29 Andrews Rd, London, West Virginia, 25126, United States', 'SIC Code': '65,653', 'NAICS Code': '53,531', 'revenue': '<$5M', 'Number of Employees': '<25', 'LinkedIn url': 'https://www.linkedin.com/company/locality-ltd'}
{'company_name_zoominfo': 'Schedulicity', 'website': 'www.schedulicity.com', 'headquarters': '424 E Main St Ste 201, Bozeman, Montana, 59715, United States', 'SIC Code': '73,737', 'NAICS Code': '51,518', 'revenue': '$13.8M', 'Number of Employees': '67', 'LinkedIn url': 'https://www.linkedin.com/company/744156'}
{'company_name_zoominfo': 'Clever Sense', 'website': 'www.thecleversense.com', 'headquarters': '825 E Middlefield Rd, Mountain View, California, 94043, United States', 'SIC Code': '73,737', 'NAICS Code': '54,541', 'revenue': '<$5M', 'Number of Employees': '<25', 'LinkedIn url': 'https://www.linkedin.com/company/clever-sense-inc.'}
{'company_name_zoominfo': 'ByNext', 'website': 'www.bynext.co', 'headquarters': '2 N 6th St, Brooklyn, New York, 11249, United States', 'SIC Code': '72,721', 'NAICS Code': '81,812', 'revenue': '$17.2M', 'Number of Employees': '91', 'LinkedIn url': 'https://www.linkedin.com/company/poweredbynext'}
renewing ip
429
2001:678:e3c::c
{'company_name_zoominfo': 'CitySquares Online', 'website': 'www.citysquares.com', 'headquarters': '102 N Evergreen Ave, Arlington Heights, Illinois, 60004, United States', 'SIC Code': '73,737', 'NAICS Code': '51,517', 'revenue': '<$5M', 'Number of Employees': '<25', 'LinkedIn url': 'https://www.linkedin.com/company/citysquares.com'}
{'company_name_zoominfo': 'Fresh Chalk', 'website': 'www.freshchalk.com', 'headquarters': 'PO Box 70421, Seattle, Washington, 98124, United States', 'SIC Code': '58,581', 'NAICS Code': '72,722', 'revenue': '<$5M', 'Number of Employees': '<25', 'LinkedIn url': 'https://www.linkedin.com/company/fresh-chalk'}
{'company_name_zoominfo': 'PS Handyman', 'website': 'handymanonline.nyc', 'headquarters': '218 Kenilworth Ave, Staten Island, New York, 10312, United States', 'SIC Code': '72,729', 'NAICS Code': '81,812', 'revenue': '<$5M', 'Number of Employees': '<25', 'LinkedIn url': '!not-found'}
{'company_name_zoominfo': 'Simbi', 'website': 'www.simbi.com', 'headquarters': '2193 Datoro Dr, San Jose, California, 95130, United States', 'SIC Code': '72,729', 'NAICS Code': '81,812', 'revenue': '<$5M', 'Number of Employees': '<25', 'LinkedIn url': 'https://www.linkedin.com/company/simbi'}
{'company_name_zoominfo': 'Band Of Hands', 'website': 'www.bandofhands.com', 'headquarters': '9320 Chesapeake Dr Ste 101, San Diego, California, 92123, United State...', 'SIC Code': '73,736', 'NAICS Code': '54,541', 'revenue': '<$5M', 'Number of Employees': '<25', 'LinkedIn url': 'https://www.linkedin.com/company/band-of-hands'}
{'company_name_zoominfo': 'ToDoolie', 'website': 'www.todoolie.com', 'headquarters': '1353 Nottingham Rd, Grosse Pointe Park, Michigan, 48230, United States', 'SIC Code': '42,421', 'NAICS Code': '49,492', 'revenue': '<$5M', 'Number of Employees': '<25', 'LinkedIn url': 'https://www.linkedin.com/company/todooli-inc'}
{'company_name_zoominfo': 'Bahamas Local', 'website': 'www.bahamaslocal.com', 'headquarters': 'Shirley St, Nassau, New Providence, Bahamas', 'SIC Code': '27,271', 'NAICS Code': '51,511', 'revenue': '$5.9M', 'Number of Employees': '52', 'LinkedIn url': 'https://www.linkedin.com/company/2301998'}
{'company_name_zoominfo': 'Humans.net', 'website': 'www.humans.net', 'headquarters': '37 W 19 St Fl 2, New York, New York, 10011, United States', 'SIC Code': '73,733', 'NAICS Code': '56,561', 'revenue': '$6.5M', 'Number of Employees': '<25', 'LinkedIn url': 'https://www.linkedin.com/company/humans.net'}
{'company_name_zoominfo': 'Zappenin', 'website': 'www.zappenin.com', 'headquarters': '1075 Newark Granville Rd, Granville, Ohio, 43023, United States', 'SIC Code': '72,729', 'NAICS Code': '81,812', 'revenue': '<$5M', 'Number of Employees': '<25', 'LinkedIn url': 'https://www.linkedin.com/company/zappenin'}
{'company_name_zoominfo': 'Elmy', 'website': 'www.elmy.ua', 'headquarters': 'Ukraine', 'SIC Code': '73,738', 'NAICS Code': '56,561', 'revenue': '<$5M', 'Number of Employees': '42', 'LinkedIn url': 'https://www.linkedin.com/company/elmy-inc'}
{'company_name_zoominfo': 'DexKnows', 'website': 'www.dexknows.com', 'headquarters': '15517 Road 139, Cecil, Ohio, 45821, United States', 'SIC Code': '73,737', 'NAICS Code': '51,517', 'revenue': '$11.9M', 'Number of Employees': '39', 'LinkedIn url': 'https://www.linkedin.com/company/teteelight-electrical'}
{'company_name_zoominfo': 'Dawn Of Titans', 'website': 'www.dawnoftitans.com', 'headquarters': 'United States', 'SIC Code': '48,483', 'NAICS Code': '51,515', 'revenue': '<$5M', 'Number of Employees': '<25', 'LinkedIn url': '!not-found'}
renewing ip
429
2001:67c:6ec:203:192:42:116:173
{'company_name_zoominfo': 'Top Rated Local', 'website': 'www.topratedlocal.com', 'headquarters': '504 W Eisenhower Blvd, Loveland, Colorado, 80537, United States', 'SIC Code': '17,171', 'NAICS Code': '23,238', 'revenue': '$7.6M', 'Number of Employees': '<25', 'LinkedIn url': '!not-found'}
{'company_name_zoominfo': 'Romio', 'website': 'www.romio.com', 'headquarters': '14 W 23rd St, New York, New York, 10010, United States', 'SIC Code': '73,738', 'NAICS Code': '51,518', 'revenue': '$11.3M', 'Number of Employees': '25', 'LinkedIn url': 'https://www.linkedin.com/company/romio'}
{'company_name_zoominfo': 'Prefer', 'website': 'www.imi-prefer.eu', 'headquarters': '!not-found', 'SIC Code': '87,873', 'NAICS Code': '54,541', 'revenue': '<$5M', 'Number of Employees': '<25', 'LinkedIn url': 'https://www.linkedin.com/company/imi-prefer'}
{'company_name_zoominfo': 'Pando', 'website': 'www.askpando.com', 'headquarters': 'Oakland, California, United States', 'SIC Code': '17,171', 'NAICS Code': '23,238', 'revenue': '<$5M', 'Number of Employees': '<25', 'LinkedIn url': 'https://www.linkedin.com/company/askpando'}
{'company_name_zoominfo': 'Black Own', 'website': 'www.blackowncompany.com', 'headquarters': 'PO Box 770022, Orlando, Florida, 32877, United States', 'SIC Code': '73,738', 'NAICS Code': '56,561', 'revenue': '<$5M', 'Number of Employees': '<25', 'LinkedIn url': 'https://www.linkedin.com/company/black-enterprise'}
{'company_name_zoominfo': 'Konnecti', 'website': 'www.konnecti.com', 'headquarters': '3525 Piedmont Rd NE, Atlanta, Georgia, 30305, United States', 'SIC Code': '87,874', 'NAICS Code': '54,541', 'revenue': '$5.3M', 'Number of Employees': '<25', 'LinkedIn url': 'https://www.linkedin.com/company/konnecti'}
{'company_name_zoominfo': 'Mr Chime', 'website': 'www.mrchime.com', 'headquarters': '919 Calle Amanecer Ste M, San Clemente, California, 92673, United Stat...', 'SIC Code': '36,362', 'NAICS Code': '33,335', 'revenue': '$8M', 'Number of Employees': '29', 'LinkedIn url': '!not-found'}
{'company_name_zoominfo': 'TAKL', 'website': 'www.takl.com', 'headquarters': '1005 Flagpole Ct, Brentwood, Tennessee, 37027, United States', 'SIC Code': '76,769', 'NAICS Code': '81,811', 'revenue': '$11.6M', 'Number of Employees': '61', 'LinkedIn url': 'https://www.linkedin.com/company/takl'}
{'company_name_zoominfo': 'CityByApp', 'website': 'www.citybyapp.com', 'headquarters': '40107 Stowe Rd, Temecula, California, 92591, United States', 'SIC Code': '73,737', 'NAICS Code': '54,541', 'revenue': '$5M', 'Number of Employees': '<25', 'LinkedIn url': 'https://www.linkedin.com/company/citybyapp-inc'}
{'company_name_zoominfo': 'Potswork', 'website': 'www.potswork.com', 'headquarters': '340 Crestwood Cir 304 304, West Palm Beach, Florida, 33411, United Sta...', 'SIC Code': '73,738', 'NAICS Code': '56,561', 'revenue': '<$5M', 'Number of Employees': '<25', 'LinkedIn url': '!not-found'}
{'company_name_zoominfo': 'Classifieds', 'website': 'www.classified2000.net', 'headquarters': '333 Sandy Springs Cir NE, Atlanta, Georgia, 30328, United States', 'SIC Code': '27,271', 'NAICS Code': '51,511', 'revenue': '$7.1M', 'Number of Employees': '33', 'LinkedIn url': '!not-found'}
{'company_name_zoominfo': '!not-found', 'website': 'Jawabkom', 'headquarters': '!not-found', 'SIC Code': '!not-found', 'NAICS Code': '!not-found', 'revenue': '!not-found', 'Number of Employees': '!not-found', 'LinkedIn url': '!not-found'}
{'company_name_zoominfo': 'Keep', 'website': 'www.keepitlocalok.com', 'headquarters': '2836 NW 23rd St, Oklahoma City, Oklahoma, 73107, United States', 'SIC Code': '86,863', 'NAICS Code': '81,813', 'revenue': '$11.4M', 'Number of Employees': '52', 'LinkedIn url': 'https://www.linkedin.com/company/keep-it-local-ok'}
{'company_name_zoominfo': 'UrbiStat', 'website': 'www.urbistat.com', 'headquarters': '20 Via M. Vellani Marchi, Modena, Emilia-Romagna, 41100, Italy', 'SIC Code': '87,873', 'NAICS Code': '54,541', 'revenue': '$5.7M', 'Number of Employees': '<25', 'LinkedIn url': 'https://www.linkedin.com/company/urbistat'}
renewing ip
429
2a06:1700:0:15::2
{'company_name_zoominfo': 'Markate', 'website': 'www.markate.com', 'headquarters': '7730 E Greenway Rd 201, Scottsdale, Arizona, 85260, United States', 'SIC Code': '73,737', 'NAICS Code': '54,541', 'revenue': '<$5M', 'Number of Employees': '<25', 'LinkedIn url': 'https://www.linkedin.com/company/15085839'}
{'company_name_zoominfo': 'Handlr', 'website': 'www.myhandlr.com', 'headquarters': '178 Athalassas Ave, Nicosia, 2025, Cyprus', 'SIC Code': '73,737', 'NAICS Code': '51,511', 'revenue': '<$5M', 'Number of Employees': '<25', 'LinkedIn url': 'https://www.linkedin.com/company/handlr'}
{'company_name_zoominfo': 'Bazar', 'website': 'www.bazarklub.pl', 'headquarters': '13 Ul. Jagiellońska, Warsaw, 03-710, Poland', 'SIC Code': '58,581', 'NAICS Code': '72,722', 'revenue': '<$5M', 'Number of Employees': '<25', 'LinkedIn url': '!not-found'}
{'company_name_zoominfo': 'Hérouville Saint-Clair', 'website': 'www.herouville.net', 'headquarters': 'France', 'SIC Code': '91,919', 'NAICS Code': '92,921', 'revenue': '<$5M', 'Number of Employees': '<25', 'LinkedIn url': "https://www.linkedin.com/company/commune-d'herouville-saint-clair"}
{'company_name_zoominfo': 'NotAvailable', 'website': 'NotAvailable', 'headquarters': 'NotAvailable', 'SIC Code': 'NotAvailable', 'NAICS Code': 'NotAvailable', 'revenue': 'NotAvailable', 'Number of Employees': 'NotAvailable', 'LinkedIn url': 'NotAvailable'}
{'company_name_zoominfo': 'Fresh Chalk', 'website': 'www.freshchalk.com', 'headquarters': 'PO Box 70421, Seattle, Washington, 98124, United States', 'SIC Code': '58,581', 'NAICS Code': '72,722', 'revenue': '<$5M', 'Number of Employees': '<25', 'LinkedIn url': 'https://www.linkedin.com/company/fresh-chalk'}
{'company_name_zoominfo': 'Amerpages', 'website': 'www.amerpages.com', 'headquarters': '282 Aniceto Padilla Ave, Cochabamba, Cochabamba, Bolivia', 'SIC Code': '58,581', 'NAICS Code': '72,722', 'revenue': '<$5M', 'Number of Employees': '<25', 'LinkedIn url': 'https://www.linkedin.com/company/amerpages'}
{'company_name_zoominfo': 'Intentionalist', 'website': 'www.intentionalist.com', 'headquarters': '1555 NW Market St #a, Seattle, Washington, 98107, United States', 'SIC Code': '54,541', 'NAICS Code': '44,445', 'revenue': '<$5M', 'Number of Employees': '<25', 'LinkedIn url': 'https://www.linkedin.com/company/intentionalist'}
{'company_name_zoominfo': 'Goin', 'website': 'www.goin.org', 'headquarters': '1904 Fruitvale Blvd, Yakima, Washington, 98902, United States', 'SIC Code': '42,421', 'NAICS Code': '49,492', 'revenue': '<$5M', 'Number of Employees': '<25', 'LinkedIn url': '!not-found'}
{'company_name_zoominfo': 'Oryx Gaming', 'website': 'www.oryxgaming.com', 'headquarters': '1810 E Sahara Ave Ste 556, Las Vegas, Nevada, 89104, United States', 'SIC Code': '79,799', 'NAICS Code': '71,713', 'revenue': '$18.6M', 'Number of Employees': '105', 'LinkedIn url': 'https://www.linkedin.com/company/oryx-gaming'}
{'company_name_zoominfo': 'AbegYa', 'website': 'www.abegya.com', 'headquarters': 'Yaounde, Centre, Cameroon', 'SIC Code': '81,811', 'NAICS Code': '54,541', 'revenue': '<$5M', 'Number of Employees': '<25', 'LinkedIn url': 'https://www.linkedin.com/company/abegya'}
{'company_name_zoominfo': 'Talk to Bruno', 'website': 'www.talktobruno.com', 'headquarters': '5680 King Centre Dr Ste 600, Alexandria, Virginia, 22315, United State...', 'SIC Code': '48,483', 'NAICS Code': '51,515', 'revenue': '<$5M', 'Number of Employees': '<25', 'LinkedIn url': '!not-found'}
{'company_name_zoominfo': 'MESA', 'website': 'www.mesaproducts.com', 'headquarters': '4445 S 74th E Ave, Tulsa, Oklahoma, 74145, United States', 'SIC Code': '16,162', 'NAICS Code': '23,237', 'revenue': '$142.7M', 'Number of Employees': '266', 'LinkedIn url': 'https://www.linkedin.com/company/mesa_297117'}
{'company_name_zoominfo': 'OptTown', 'website': 'www.opttown.com', 'headquarters': '2975 Sorano Ct, Pleasanton, California, 94566, United States', 'SIC Code': '73,737', 'NAICS Code': '51,518', 'revenue': '$5M', 'Number of Employees': '<25', 'LinkedIn url': 'https://www.linkedin.com/company/opttown'}
{'company_name_zoominfo': 'Fredonia Penny Saver', 'website': 'www.pennysaverusa.com', 'headquarters': '276 W Main St Ste 1, Fredonia, New York, 14063, United States', 'SIC Code': '73,737', 'NAICS Code': '51,517', 'revenue': '$49M', 'Number of Employees': '248', 'LinkedIn url': 'https://www.linkedin.com/company/pennysaverusa-com'}
{'company_name_zoominfo': 'Help-Full', 'website': 'www.help-full.com', 'headquarters': 'PO Box 11182, Oakland, California, 94611, United States', 'SIC Code': '83,832', 'NAICS Code': '62,624', 'revenue': '<$5M', 'Number of Employees': '<25', 'LinkedIn url': 'https://www.linkedin.com/company/help-full'}
{'company_name_zoominfo': 'Grand Rapids Area Black Businesses', 'website': 'www.grabblocal.com', 'headquarters': '2024 28th St SW, Wyoming, Michigan, 49519, United States', 'SIC Code': '56,562', 'NAICS Code': '44,448', 'revenue': '$10.6M', 'Number of Employees': '52', 'LinkedIn url': 'https://www.linkedin.com/company/grabblocal'}
renewing ip
429
2a03:e600:100::22
{'company_name_zoominfo': 'Statewide Publishing', 'website': 'www.statewideyp.com', 'headquarters': '5009 W Clearwater Ave Ste K, Kennewick, Washington, 99336, United Stat...', 'SIC Code': '27,274', 'NAICS Code': '51,511', 'revenue': '$8.8M', 'Number of Employees': '32', 'LinkedIn url': 'https://www.linkedin.com/company/statewide-publishing'}
{'company_name_zoominfo': 'BuckGet.com', 'website': 'www.buckget.com', 'headquarters': '255 E Ohio St Apt 114C, Pittsburgh, Pennsylvania, 15212, United States', 'SIC Code': '73,737', 'NAICS Code': '51,517', 'revenue': '$33M', 'Number of Employees': '618', 'LinkedIn url': 'https://www.linkedin.com/company/buckget-com'}
{'company_name_zoominfo': 'AppyHour', 'website': 'www.appyhourmobile.com', 'headquarters': '614 S Johnson St, Iowa City, Iowa, 52240, United States', 'SIC Code': '73,737', 'NAICS Code': '51,511', 'revenue': '<$5M', 'Number of Employees': '<25', 'LinkedIn url': 'https://www.linkedin.com/company/appyhourinc'}
{'company_name_zoominfo': 'Katika', 'website': 'www.katikaexperiences.com', 'headquarters': '4815 Locust St Apt 408, Philadelphia, Pennsylvania, 19139, United Stat...', 'SIC Code': '47,472', 'NAICS Code': '56,561', 'revenue': '<$5M', 'Number of Employees': '<25', 'LinkedIn url': '!not-found'}
{'company_name_zoominfo': 'Benefits Plus', 'website': 'www.benefitsplus.com', 'headquarters': '6 Executive Dr Ste 103, Farmington, Connecticut, 06032, United States', 'SIC Code': '73,736', 'NAICS Code': '54,541', 'revenue': '$7.1M', 'Number of Employees': '<25', 'LinkedIn url': 'https://www.linkedin.com/company/us-benefits-plus-inc'}
{'company_name_zoominfo': 'JLINC Labs', 'website': 'www.jlinc.com', 'headquarters': '2323 Broadway, Oakland, California, 94612, United States', 'SIC Code': '73,737', 'NAICS Code': '51,511', 'revenue': '<$5M', 'Number of Employees': '<25', 'LinkedIn url': 'https://www.linkedin.com/company/jlinc-labs'}
{'company_name_zoominfo': 'Small Business Startup Solutions', 'website': 'www.smallbusinessstartupsolutions.com', 'headquarters': '!not-found', 'SIC Code': '87,874', 'NAICS Code': '51,518', 'revenue': '<$5M', 'Number of Employees': '<25', 'LinkedIn url': 'https://www.linkedin.com/company/small-business-startup-solutions'}
{'company_name_zoominfo': 'Zotogo', 'website': 'www.zotogo.com', 'headquarters': 'PO Box 1188, Southbury, Connecticut, 06488, United States', 'SIC Code': '73,737', 'NAICS Code': '54,541', 'revenue': '<$5M', 'Number of Employees': '<25', 'LinkedIn url': 'https://www.linkedin.com/company/zotogo'}
{'company_name_zoominfo': 'NotAvailable', 'website': 'NotAvailable', 'headquarters': 'NotAvailable', 'SIC Code': 'NotAvailable', 'NAICS Code': 'NotAvailable', 'revenue': 'NotAvailable', 'Number of Employees': 'NotAvailable', 'LinkedIn url': 'NotAvailable'}
{'company_name_zoominfo': 'My Jewish Listings', 'website': 'www.myjewishlistings.com', 'headquarters': '!not-found', 'SIC Code': '65,653', 'NAICS Code': '53,531', 'revenue': '<$5M', 'Number of Employees': '<25', 'LinkedIn url': 'https://www.linkedin.com/company/my-jewish-listings'}
{'company_name_zoominfo': 'Best Pick Reports', 'website': 'www.bestpickreports.com', 'headquarters': '225 Ottley Dr NE 200, Atlanta, Georgia, 30324, United States', 'SIC Code': '72,729', 'NAICS Code': '56,561', 'revenue': '$23.8M', 'Number of Employees': '90', 'LinkedIn url': 'https://www.linkedin.com/company/best-pick-reports'}
{'company_name_zoominfo': "U'GO Pros", 'website': 'www.ugopros.com', 'headquarters': 'PO Box 100670, Palm Bay, Florida, 32910, United States', 'SIC Code': '72,729', 'NAICS Code': '81,812', 'revenue': '$5.1M', 'Number of Employees': '<25', 'LinkedIn url': '!not-found'}
{'company_name_zoominfo': 'FixMate', 'website': 'www.fixmate.com', 'headquarters': '23161 2121 Carling Ave, Ottawa, Ontario, K2A 4E2, Canada', 'SIC Code': '73,738', 'NAICS Code': '56,561', 'revenue': '<$5M', 'Number of Employees': '<25', 'LinkedIn url': '!not-found'}
{'company_name_zoominfo': 'OBX.Live', 'website': 'www.obx.live', 'headquarters': 'PO Box 28, Kill Devil Hills, North Carolina, 27948, United States', 'SIC Code': '50,508', 'NAICS Code': '42,423', 'revenue': '<$5M', 'Number of Employees': '<25', 'LinkedIn url': '!not-found'}
{'company_name_zoominfo': 'Belboy', 'website': 'www.belboy.com', 'headquarters': '!not-found', 'SIC Code': '49,495', 'NAICS Code': '56,562', 'revenue': '<$5M', 'Number of Employees': '<25', 'LinkedIn url': '!not-found'}
{'company_name_zoominfo': 'Byus Group', 'website': 'www.byus.com.au', 'headquarters': '1-5 Dunlop St, Strathfield South, New South Wales, 2136, Australia', 'SIC Code': '39,399', 'NAICS Code': '33,339', 'revenue': '<$5M', 'Number of Employees': '<25', 'LinkedIn url': 'https://www.linkedin.com/company/byus-group-plc'}
{'company_name_zoominfo': 'Locals HQ', 'website': 'www.localshq.com', 'headquarters': '9214 Center St Fl 3, Manassas, Virginia, 20110, United States', 'SIC Code': '27,274', 'NAICS Code': '51,511', 'revenue': '$5.3M', 'Number of Employees': '<25', 'LinkedIn url': '!not-found'}
{'company_name_zoominfo': 'Visionworks The Mall at Robinson', 'website': 'www.shoprobinsonmall.com', 'headquarters': '100 Robinson Center Dr Spc 1360, Pittsburgh, Pennsylvania, 15205, Unit...', 'SIC Code': '65,651', 'NAICS Code': '53,531', 'revenue': '$368.3M', 'Number of Employees': '1,283', 'LinkedIn url': 'https://www.linkedin.com/company/the-mall-at-robinson'}
{'company_name_zoominfo': 'HS2', 'website': 'www.hs2amersham.org.uk', 'headquarters': 'United Kingdom', 'SIC Code': '83,832', 'NAICS Code': '62,624', 'revenue': '<$5M', 'Number of Employees': '<25', 'LinkedIn url': 'https://www.linkedin.com/company/diversityjobs-co-uk'}
{'company_name_zoominfo': 'Werkules', 'website': 'www.werkules.com', 'headquarters': '8 The Grn Ste 7825, Dover, Delaware, 19901, United States', 'SIC Code': '72,722', 'NAICS Code': '54,541', 'revenue': '<$5M', 'Number of Employees': '<25', 'LinkedIn url': 'https://www.linkedin.com/company/werkules'}
{'company_name_zoominfo': 'EZlocal', 'website': 'www.ezlocal.com', 'headquarters': '377 E Butterfield Rd Ste 300, Lombard, Illinois, 60148, United States', 'SIC Code': '87,874', 'NAICS Code': '54,541', 'revenue': '$5.9M', 'Number of Employees': '33', 'LinkedIn url': 'https://www.linkedin.com/company/ezlocal-inc-'}
{'company_name_zoominfo': 'Call Emmy', 'website': 'www.callemmy.com', 'headquarters': '!not-found', 'SIC Code': '73,738', 'NAICS Code': '56,561', 'revenue': '<$5M', 'Number of Employees': '<25', 'LinkedIn url': 'https://www.linkedin.com/company/callemmyapp'}
{'company_name_zoominfo': 'LocalStack', 'website': 'www.localstack.com', 'headquarters': '9171 Towne Centre Dr Ste 250, San Diego, California, 92122, United Sta...', 'SIC Code': '73,737', 'NAICS Code': '51,517', 'revenue': '$5.3M', 'Number of Employees': '<25', 'LinkedIn url': 'https://www.linkedin.com/company/localstack-inc'}
renewing ip
429
2620:18c:0:192::139
renewing ip
429
2001:67c:6ec:203:192:42:116:192
renewing ip
429
2602:fbf6:11:27::3
{'company_name_zoominfo': 'WhereU', 'website': 'www.whereyoucamefrom.biz', 'headquarters': 'PO Box 850049, New Orleans, Louisiana, 70118, United States', 'SIC Code': '73,738', 'NAICS Code': '81,812', 'revenue': '$5.7M', 'Number of Employees': '29', 'LinkedIn url': '!not-found'}
{'company_name_zoominfo': '!not-found', 'website': 'Orange County Tax Help', 'headquarters': '!not-found', 'SIC Code': '!not-found', 'NAICS Code': '!not-found', 'revenue': '!not-found', 'Number of Employees': '!not-found', 'LinkedIn url': '!not-found'}
{'company_name_zoominfo': 'TaskFriend', 'website': 'www.taskcause.com', 'headquarters': '11414 W Park Pl Ste 214, Milwaukee, Wisconsin, 53224, United States', 'SIC Code': '83,839', 'NAICS Code': '81,813', 'revenue': '$7M', 'Number of Employees': '27', 'LinkedIn url': 'https://www.linkedin.com/company/taskfriend-inc'}
{'company_name_zoominfo': '!not-found', 'website': 'American Family Insurance', 'headquarters': '!not-found', 'SIC Code': '!not-found', 'NAICS Code': '!not-found', 'revenue': '!not-found', 'Number of Employees': '!not-found', 'LinkedIn url': '!not-found'}
{'company_name_zoominfo': 'emazeMe', 'website': 'www.emazeme.com', 'headquarters': '222 Merchandise Mart Plz Ste 1212, Chicago, Illinois, 60654, United St...', 'SIC Code': '73,738', 'NAICS Code': '56,561', 'revenue': '<$5M', 'Number of Employees': '<25', 'LinkedIn url': 'https://www.linkedin.com/company/emazeme'}
{'company_name_zoominfo': 'Tuloko', 'website': 'www.tuloko.pl', 'headquarters': 'Poland', 'SIC Code': '25,251', 'NAICS Code': '33,337', 'revenue': '<$5M', 'Number of Employees': '<25', 'LinkedIn url': '!not-found'}
{'company_name_zoominfo': 'Prontopia', 'website': 'www.prontopia.com', 'headquarters': '1117 State St, Santa Barbara, California, 93101, United States', 'SIC Code': '47,472', 'NAICS Code': '56,561', 'revenue': '<$5M', 'Number of Employees': '<25', 'LinkedIn url': 'https://www.linkedin.com/company/prontopia'}
{'company_name_zoominfo': 'Promenade Homes', 'website': 'www.promenadehomesllc.com', 'headquarters': 'United States', 'SIC Code': '15,152', 'NAICS Code': '23,236', 'revenue': '<$5M', 'Number of Employees': '<25', 'LinkedIn url': '!not-found'}
{'company_name_zoominfo': 'SupportLocal', 'website': 'www.supportlocalcommunity.org', 'headquarters': '6370 SW Doy and Minnie Shiver Rd, Clarksville, Florida, 32430, United ...', 'SIC Code': '83,839', 'NAICS Code': '81,813', 'revenue': '<$5M', 'Number of Employees': '<25', 'LinkedIn url': '!not-found'}
{'company_name_zoominfo': 'Groupon', 'website': 'www.groupon.com', 'headquarters': '600 W Chicago Ave Ste 400, Chicago, Illinois, 60654, United States', 'SIC Code': '89,899', 'NAICS Code': '51,519', 'revenue': '$607.1M', 'Number of Employees': '3,675', 'LinkedIn url': 'https://www.linkedin.com/company/groupon'}
{'company_name_zoominfo': 'Voge', 'website': 'www.vogeinc.com', 'headquarters': '14766 Raymer St, Van Nuys, California, 91405, United States', 'SIC Code': '72,721', 'NAICS Code': '56,561', 'revenue': '<$5M', 'Number of Employees': '<25', 'LinkedIn url': 'https://www.linkedin.com/company/voge-inc'}
{'company_name_zoominfo': 'Butler At Your Service', 'website': 'www.yelp.com/biz/butler-at-your-service-lindenhurst-2', 'headquarters': '75 Linden St, Lindenhurst, New York, 11757, United States', 'SIC Code': '17,173', 'NAICS Code': '23,238', 'revenue': '<$5M', 'Number of Employees': '<25', 'LinkedIn url': '!not-found'}
{'company_name_zoominfo': 'NotAvailable', 'website': 'NotAvailable', 'headquarters': 'NotAvailable', 'SIC Code': 'NotAvailable', 'NAICS Code': 'NotAvailable', 'revenue': 'NotAvailable', 'Number of Employees': 'NotAvailable', 'LinkedIn url': 'NotAvailable'}
{'company_name_zoominfo': 'CitySmart', 'website': 'www.gocitysmart.com', 'headquarters': '1828 Walnut St Fl 3, Kansas City, Missouri, 64108, United States', 'SIC Code': '73,737', 'NAICS Code': '51,511', 'revenue': '<$5M', 'Number of Employees': '<25', 'LinkedIn url': 'https://www.linkedin.com/company/citysmart'}
{'company_name_zoominfo': 'Video Chat A Pro', 'website': 'www.videochatapro.com', 'headquarters': '3500 Lohman Ford Rd 1, Lago Vista, Texas, 78645, United States', 'SIC Code': '78,784', 'NAICS Code': '53,532', 'revenue': '<$5M', 'Number of Employees': '<25', 'LinkedIn url': 'https://www.linkedin.com/company/video-chat-a-pro-inc'}
