{'company_name_zoominfo': 'NotAvailable', 'website': 'NotAvailable', 'headquarters': 'NotAvailable', 'SIC Code': 'NotAvailable', 'NAICS Code': 'NotAvailable', 'revenue': 'NotAvailable', 'Number of Employees': 'NotAvailable', 'LinkedIn url': 'NotAvailable'}
{'company_name_zoominfo': 'miindia.com', 'website': 'www.miindia.com', 'headquarters': '2057 Orchard Lake Rd, Sylvan Lake, Michigan, 48320, United States', 'SIC Code': '89,899', 'NAICS Code': '51,518', 'revenue': '<$5M', 'Number of Employees': '<25', 'LinkedIn url': '!not-found'}
{'company_name_zoominfo': 'NotAvailable', 'website': 'NotAvailable', 'headquarters': 'NotAvailable', 'SIC Code': 'NotAvailable', 'NAICS Code': 'NotAvailable', 'revenue': 'NotAvailable', 'Number of Employees': 'NotAvailable', 'LinkedIn url': 'NotAvailable'}
{'company_name_zoominfo': 'Local First', 'website': 'www.localfirst.com', 'headquarters': '1034 Wealthy St SE, Grand Rapids, Michigan, 49506, United States', 'SIC Code': '86,863', 'NAICS Code': '81,813', 'revenue': '$5.8M', 'Number of Employees': '47', 'LinkedIn url': 'https://www.linkedin.com/company/local-first-of-west-michigan'}
{'company_name_zoominfo': 'Ginger', 'website': 'www.ginger.com', 'headquarters': '225 Bush St Ste 1900, San Francisco, California, 94104, United States', 'SIC Code': '73,737', 'NAICS Code': '51,511', 'revenue': '$70.2M', 'Number of Employees': '75', 'LinkedIn url': 'https://www.linkedin.com/company/carebyginger'}
{'company_name_zoominfo': 'Avontage', 'website': 'www.avontage.com', 'headquarters': '14747 N Northsight Blvd, Scottsdale, Arizona, 85260, United States', 'SIC Code': '73,731', 'NAICS Code': '54,541', 'revenue': '<$5M', 'Number of Employees': '<25', 'LinkedIn url': 'https://www.linkedin.com/company/avontage'}
{'company_name_zoominfo': 'Expertise', 'website': 'www.expertise.com', 'headquarters': '1414 42nd St 400, Seattle, Washington, 98105, United States', 'SIC Code': '73,737', 'NAICS Code': '51,518', 'revenue': '$21.4M', 'Number of Employees': '83', 'LinkedIn url': 'https://www.linkedin.com/company/exxportise-llc'}
{'company_name_zoominfo': 'Manta', 'website': 'www.manta.com', 'headquarters': '800 N High St, Columbus, Ohio, 43215, United States', 'SIC Code': '87,873', 'NAICS Code': '54,541', 'revenue': '$16M', 'Number of Employees': '98', 'LinkedIn url': 'https://www.linkedin.com/company/american-imaging-arkansas-'}
{'company_name_zoominfo': '!not-found', 'website': '!not-found', 'headquarters': '!not-found', 'SIC Code': '!not-found', 'NAICS Code': '!not-found', 'revenue': '!not-found', 'Number of Employees': '!not-found', 'LinkedIn url': '!not-found'}
{'company_name_zoominfo': 'NotAvailable', 'website': 'NotAvailable', 'headquarters': 'NotAvailable', 'SIC Code': 'NotAvailable', 'NAICS Code': 'NotAvailable', 'revenue': 'NotAvailable', 'Number of Employees': 'NotAvailable', 'LinkedIn url': 'NotAvailable'}
{'company_name_zoominfo': 'Local LBK', 'website': 'www.locallbk.com', 'headquarters': 'Lubbock, Texas, United States', 'SIC Code': '86,863', 'NAICS Code': '81,813', 'revenue': '$5.5M', 'Number of Employees': '<25', 'LinkedIn url': 'https://www.linkedin.com/company/local-lbk'}
{'company_name_zoominfo': 'Troolr', 'website': 'www.troolr.com', 'headquarters': '99 Vista Montana Apt 4135, San Jose, California, 95134, United States', 'SIC Code': '58,581', 'NAICS Code': '72,722', 'revenue': '<$5M', 'Number of Employees': '<25', 'LinkedIn url': 'https://www.linkedin.com/company/18425749'}
{'company_name_zoominfo': 'Hourwise', 'website': 'www.hourwise.com', 'headquarters': '211-b W 7th St, Richmond, Virginia, 23224, United States', 'SIC Code': '73,738', 'NAICS Code': '54,541', 'revenue': '<$5M', 'Number of Employees': '<25', 'LinkedIn url': 'https://www.linkedin.com/company/hourwise'}
{'company_name_zoominfo': 'ROOG', 'website': 'www.roog.co', 'headquarters': '1920 Mckinney Ave, Dallas, Texas, 75201, United States', 'SIC Code': '73,731', 'NAICS Code': '54,541', 'revenue': '<$5M', 'Number of Employees': '<25', 'LinkedIn url': 'https://www.linkedin.com/company/roog'}
{'company_name_zoominfo': 'Spruce', 'website': 'www.getspruce.com', 'headquarters': '1408 E 13th St, Austin, Texas, 78702, United States', 'SIC Code': '72,729', 'NAICS Code': '56,561', 'revenue': '$7.4M', 'Number of Employees': '25', 'LinkedIn url': 'https://www.linkedin.com/company/spruce-inc'}
{'company_name_zoominfo': 'done.by', 'website': 'www.done.by', 'headquarters': 'Belarus', 'SIC Code': '73,737', 'NAICS Code': '81,811', 'revenue': '$5.2M', 'Number of Employees': '25', 'LinkedIn url': 'https://www.linkedin.com/company/done-by'}
{'company_name_zoominfo': 'Onekliq Technologies', 'website': 'www.onekliq.com', 'headquarters': 'United States', 'SIC Code': '73,737', 'NAICS Code': '51,518', 'revenue': '<$5M', 'Number of Employees': '<25', 'LinkedIn url': '!not-found'}
{'company_name_zoominfo': 'iservices', 'website': 'www.iservices.com', 'headquarters': 'PO Box 75688, Colorado Springs, Colorado, 80970, United States', 'SIC Code': '73,737', 'NAICS Code': '54,541', 'revenue': '<$5M', 'Number of Employees': '<25', 'LinkedIn url': '!not-found'}
{'company_name_zoominfo': 'NotAvailable', 'website': 'NotAvailable', 'headquarters': 'NotAvailable', 'SIC Code': 'NotAvailable', 'NAICS Code': 'NotAvailable', 'revenue': 'NotAvailable', 'Number of Employees': 'NotAvailable', 'LinkedIn url': 'NotAvailable'}
{'company_name_zoominfo': 'Motil', 'website': 'www.motil.com.br', 'headquarters': 'Brazil', 'SIC Code': '51,511', 'NAICS Code': '45,453', 'revenue': '<$5M', 'Number of Employees': '<25', 'LinkedIn url': '!not-found'}
{'company_name_zoominfo': 'Sercle', 'website': 'www.sercle.net', 'headquarters': 'California City, California, United States', 'SIC Code': '35,357', 'NAICS Code': '33,334', 'revenue': '<$5M', 'Number of Employees': '32', 'LinkedIn url': '!not-found'}
renewing ip
429
2a0b:f4c1:2::246
{'company_name_zoominfo': 'ProNow', 'website': 'www.pronow.app', 'headquarters': '!not-found', 'SIC Code': '56,561', 'NAICS Code': '44,448', 'revenue': '<$5M', 'Number of Employees': '<25', 'LinkedIn url': 'https://www.linkedin.com/company/data-driven-decision-science'}
{'company_name_zoominfo': 'I Need A Hand', 'website': 'www.ineedahand.net', 'headquarters': '!not-found', 'SIC Code': '82,822', 'NAICS Code': '51,517', 'revenue': '<$5M', 'Number of Employees': '38', 'LinkedIn url': 'https://www.linkedin.com/company/ineedahand'}
{'company_name_zoominfo': 'Franchise123', 'website': 'www.fran123.com', 'headquarters': '105 S Market St, Philadelphia, Pa, Brazil', 'SIC Code': '67,679', 'NAICS Code': '53,533', 'revenue': '<$5M', 'Number of Employees': '<25', 'LinkedIn url': 'https://www.linkedin.com/company/fran-123'}
{'company_name_zoominfo': 'PingPro', 'website': 'www.pingpro.com', 'headquarters': 'San Jose, California, United States', 'SIC Code': '15,153', 'NAICS Code': '23,236', 'revenue': '<$5M', 'Number of Employees': '<25', 'LinkedIn url': 'https://www.linkedin.com/company/pingpro'}
{'company_name_zoominfo': 'Hood', 'website': 'www.hoodofficial.com', 'headquarters': '110 N San Joaquin St 302, Stockton, California, 95202, United States', 'SIC Code': '73,731', 'NAICS Code': '54,541', 'revenue': '<$5M', 'Number of Employees': '<25', 'LinkedIn url': '!not-found'}
{'company_name_zoominfo': 'Wyngspan', 'website': 'www.wyngspan.com', 'headquarters': '25 Braintree Hill Office Park Ste 200, Braintree, Massachusetts, 02184...', 'SIC Code': '67,673', 'NAICS Code': '52,525', 'revenue': '<$5M', 'Number of Employees': '<25', 'LinkedIn url': 'https://www.linkedin.com/company/wyngspan-inc-'}
{'company_name_zoominfo': 'NotAvailable', 'website': 'NotAvailable', 'headquarters': 'NotAvailable', 'SIC Code': 'NotAvailable', 'NAICS Code': 'NotAvailable', 'revenue': 'NotAvailable', 'Number of Employees': 'NotAvailable', 'LinkedIn url': 'NotAvailable'}
{'company_name_zoominfo': 'NotAvailable', 'website': 'NotAvailable', 'headquarters': 'NotAvailable', 'SIC Code': 'NotAvailable', 'NAICS Code': 'NotAvailable', 'revenue': 'NotAvailable', 'Number of Employees': 'NotAvailable', 'LinkedIn url': 'NotAvailable'}
{'company_name_zoominfo': 'Klickle', 'website': 'www.klickle.com', 'headquarters': '2411 Grand Ave, Des Moines, Iowa, 50312, United States', 'SIC Code': '58,581', 'NAICS Code': '72,722', 'revenue': '<$5M', 'Number of Employees': '<25', 'LinkedIn url': 'https://www.linkedin.com/company/klickle'}
{'company_name_zoominfo': 'BizUp', 'website': 'www.bizup.me', 'headquarters': '2302 Parklake Dr NE Ste 675, Atlanta, Georgia, 30345, United States', 'SIC Code': '72,722', 'NAICS Code': '54,541', 'revenue': '<$5M', 'Number of Employees': '<25', 'LinkedIn url': '!not-found'}
{'company_name_zoominfo': 'NotAvailable', 'website': 'NotAvailable', 'headquarters': 'NotAvailable', 'SIC Code': 'NotAvailable', 'NAICS Code': 'NotAvailable', 'revenue': 'NotAvailable', 'Number of Employees': 'NotAvailable', 'LinkedIn url': 'NotAvailable'}
{'company_name_zoominfo': 'Lohfeld Consulting Group', 'website': 'www.lohfeldconsulting.com', 'headquarters': '30 Am 1101 K St NW Ste 500, Washington, District of Columbia, 20005, U...', 'SIC Code': '87,874', 'NAICS Code': '54,541', 'revenue': '$22.5M', 'Number of Employees': '83', 'LinkedIn url': 'https://www.linkedin.com/company/lohfeld-consulting-group'}
{'company_name_zoominfo': 'Ubii', 'website': 'www.ubii.com', 'headquarters': 'PO Box 8960, Deerfield Beach, Florida, 33441, United States', 'SIC Code': '15,152', 'NAICS Code': '23,236', 'revenue': '<$5M', 'Number of Employees': '<25', 'LinkedIn url': '!not-found'}
{'company_name_zoominfo': 'Boom Local', 'website': 'www.boomlocalusa.com', 'headquarters': '!not-found', 'SIC Code': '86,863', 'NAICS Code': '81,813', 'revenue': '<$5M', 'Number of Employees': '<25', 'LinkedIn url': 'https://www.linkedin.com/company/boom-local-usa'}
{'company_name_zoominfo': 'teddslist.com', 'website': 'www.teddslist.com', 'headquarters': 'PO Box 10493, Raleigh, North Carolina, 27605, United States', 'SIC Code': '59,594', 'NAICS Code': '45,453', 'revenue': '<$5M', 'Number of Employees': '<25', 'LinkedIn url': 'https://www.linkedin.com/company/teddslist-com'}
{'company_name_zoominfo': 'NotAvailable', 'website': 'NotAvailable', 'headquarters': 'NotAvailable', 'SIC Code': 'NotAvailable', 'NAICS Code': 'NotAvailable', 'revenue': 'NotAvailable', 'Number of Employees': 'NotAvailable', 'LinkedIn url': 'NotAvailable'}
{'company_name_zoominfo': 'NotAvailable', 'website': 'NotAvailable', 'headquarters': 'NotAvailable', 'SIC Code': 'NotAvailable', 'NAICS Code': 'NotAvailable', 'revenue': 'NotAvailable', 'Number of Employees': 'NotAvailable', 'LinkedIn url': 'NotAvailable'}
{'company_name_zoominfo': 'NotAvailable', 'website': 'NotAvailable', 'headquarters': 'NotAvailable', 'SIC Code': 'NotAvailable', 'NAICS Code': 'NotAvailable', 'revenue': 'NotAvailable', 'Number of Employees': 'NotAvailable', 'LinkedIn url': 'NotAvailable'}
{'company_name_zoominfo': 'NotAvailable', 'website': 'NotAvailable', 'headquarters': 'NotAvailable', 'SIC Code': 'NotAvailable', 'NAICS Code': 'NotAvailable', 'revenue': 'NotAvailable', 'Number of Employees': 'NotAvailable', 'LinkedIn url': 'NotAvailable'}
{'company_name_zoominfo': 'yellCast', 'website': 'www.yellcast.com', 'headquarters': '865 Laurel St, San Carlos, California, 94070, United States', 'SIC Code': '73,737', 'NAICS Code': '51,518', 'revenue': '<$5M', 'Number of Employees': '<25', 'LinkedIn url': '!not-found'}
{'company_name_zoominfo': 'Netword', 'website': 'www.netword.com', 'headquarters': '5959 Topanga Canyon Blvd Ste 120, Woodland Hills, California, 91367, U...', 'SIC Code': '73,737', 'NAICS Code': '51,518', 'revenue': '<$5M', 'Number of Employees': '<25', 'LinkedIn url': 'https://www.linkedin.com/company/netword-inc.'}
renewing ip
429
2a03:94e0:ffff:185:243:218:0:27
{'company_name_zoominfo': 'TagDat', 'website': 'www.tagdat.net', 'headquarters': '355 Lagunita Dr, Soquel, California, 95073, United States', 'SIC Code': '73,737', 'NAICS Code': '54,541', 'revenue': '$5.5M', 'Number of Employees': '<25', 'LinkedIn url': 'https://www.linkedin.com/company/tagdat-intelligent-data-capture'}
{'company_name_zoominfo': 'NotAvailable', 'website': 'NotAvailable', 'headquarters': 'NotAvailable', 'SIC Code': 'NotAvailable', 'NAICS Code': 'NotAvailable', 'revenue': 'NotAvailable', 'Number of Employees': 'NotAvailable', 'LinkedIn url': 'NotAvailable'}
{'company_name_zoominfo': 'Southport-Oak Island Club', 'website': 'www.southport-oakisland-kiwanis.org', 'headquarters': '!not-found', 'SIC Code': '86,864', 'NAICS Code': '81,813', 'revenue': '<$5M', 'Number of Employees': '<25', 'LinkedIn url': '!not-found'}
{'company_name_zoominfo': 'Microtask', 'website': 'www.microtask.com', 'headquarters': '104 Fort Lee Rd, Teaneck, New Jersey, 07666, United States', 'SIC Code': '73,737', 'NAICS Code': '54,541', 'revenue': '<$5M', 'Number of Employees': '<25', 'LinkedIn url': 'https://www.linkedin.com/company/microtask-consulting-inc'}
{'company_name_zoominfo': '!not-found', 'website': '!not-found', 'headquarters': '!not-found', 'SIC Code': '!not-found', 'NAICS Code': '!not-found', 'revenue': '!not-found', 'Number of Employees': '!not-found', 'LinkedIn url': '!not-found'}
{'company_name_zoominfo': 'Twig Com', 'website': 'www.twigcom.com', 'headquarters': '14 Fin-24910, Salo, Southwest Finland, Finland', 'SIC Code': '73,737', 'NAICS Code': '51,518', 'revenue': '$5.7M', 'Number of Employees': '<25', 'LinkedIn url': 'https://www.linkedin.com/company/twig-com-ltd'}
{'company_name_zoominfo': 'Contra Costa College', 'website': 'www.contracosta.edu', 'headquarters': '2600 Mission Bell Dr Rm Ge 225, San Pablo, California, 94806, United S...', 'SIC Code': '82,822', 'NAICS Code': '61,611', 'revenue': '$32.6M', 'Number of Employees': '223', 'LinkedIn url': 'https://www.linkedin.com/company/contra-costa-community-college-district'}
{'company_name_zoominfo': 'NotAvailable', 'website': 'NotAvailable', 'headquarters': 'NotAvailable', 'SIC Code': 'NotAvailable', 'NAICS Code': 'NotAvailable', 'revenue': 'NotAvailable', 'Number of Employees': 'NotAvailable', 'LinkedIn url': 'NotAvailable'}
{'company_name_zoominfo': 'Viper Networks', 'website': 'www.vipernetworks.com', 'headquarters': '200 E Big Beaver Rd, Troy, Michigan, 48083, United States', 'SIC Code': '36,364', 'NAICS Code': '33,335', 'revenue': '<$5M', 'Number of Employees': '<25', 'LinkedIn url': 'https://www.linkedin.com/company/viper-networks-inc.'}
{'company_name_zoominfo': 'NotAvailable', 'website': 'NotAvailable', 'headquarters': 'NotAvailable', 'SIC Code': 'NotAvailable', 'NAICS Code': 'NotAvailable', 'revenue': 'NotAvailable', 'Number of Employees': 'NotAvailable', 'LinkedIn url': 'NotAvailable'}
{'company_name_zoominfo': 'Community Ripple', 'website': 'www.communityripple.com', 'headquarters': '265 Turkeysag Trl Ste 114, Palmyra, Virginia, 22963, United States', 'SIC Code': '73,738', 'NAICS Code': '56,561', 'revenue': '<$5M', 'Number of Employees': '<25', 'LinkedIn url': 'https://www.linkedin.com/company/community-ripple'}
{'company_name_zoominfo': 'NotAvailable', 'website': 'NotAvailable', 'headquarters': 'NotAvailable', 'SIC Code': 'NotAvailable', 'NAICS Code': 'NotAvailable', 'revenue': 'NotAvailable', 'Number of Employees': 'NotAvailable', 'LinkedIn url': 'NotAvailable'}
{'company_name_zoominfo': 'Ya 3arab', 'website': 'www.ya3arab.net', 'headquarters': '6805 W Riverchase Dr, Temple Terrace, Florida, 33637, United States', 'SIC Code': '27,271', 'NAICS Code': '51,511', 'revenue': '<$5M', 'Number of Employees': '<25', 'LinkedIn url': '!not-found'}
{'company_name_zoominfo': 'CitySpotz Search & Social', 'website': 'www.cityspotz.com', 'headquarters': '201 17th St NW, Atlanta, Georgia, 30363, United States', 'SIC Code': '72,729', 'NAICS Code': '56,561', 'revenue': '<$5M', 'Number of Employees': '<25', 'LinkedIn url': 'https://www.linkedin.com/company/cityspotz-inc'}
{'company_name_zoominfo': 'WooWho Network', 'website': 'www.woowhonetwork.com', 'headquarters': '1211 4th St, Santa Monica, California, 90401, United States', 'SIC Code': '73,731', 'NAICS Code': '54,541', 'revenue': '<$5M', 'Number of Employees': '<25', 'LinkedIn url': '!not-found'}
{'company_name_zoominfo': 'Bimpies', 'website': 'www.bimpies.com', 'headquarters': '1148 Cadillac Ct, Milpitas, California, 95035, United States', 'SIC Code': '58,581', 'NAICS Code': '72,722', 'revenue': '<$5M', 'Number of Employees': '<25', 'LinkedIn url': 'https://www.linkedin.com/company/bimpies'}
{'company_name_zoominfo': 'Yellow Dog Patrol', 'website': 'www.yellowdogpatrol.com', 'headquarters': '125 1st St S, Montgomery, Minnesota, 56069, United States', 'SIC Code': '73,738', 'NAICS Code': '51,519', 'revenue': '<$5M', 'Number of Employees': '<25', 'LinkedIn url': '!not-found'}
{'company_name_zoominfo': 'Referral Source', 'website': 'www.referralsourceonline.com', 'headquarters': '1501 Bass Rd, Macon, Georgia, 31210, United States', 'SIC Code': '65,653', 'NAICS Code': '53,531', 'revenue': '<$5M', 'Number of Employees': '<25', 'LinkedIn url': '!not-found'}
{'company_name_zoominfo': 'Burbank Group', 'website': 'www.burbank.com.au', 'headquarters': '36 Aberdeen Rd 8, Altona, Victoria, 3018, Australia', 'SIC Code': '65,653', 'NAICS Code': '23,236', 'revenue': '$23.2M', 'Number of Employees': '91', 'LinkedIn url': 'https://www.linkedin.com/company/burbank-building-services'}
site-not-indexed

{'company_name_zoominfo': '!not-found', 'website': '!not-found', 'headquarters': '!not-found', 'SIC Code': '!not-found', 'NAICS Code': '!not-found', 'revenue': '!not-found', 'Number of Employees': '!not-found', 'LinkedIn url': '!not-found'}
{'company_name_zoominfo': 'Qbitt', 'website': 'www.qbitt.io', 'headquarters': '934 6th St S Ste 201, Kirkland, Washington, 98033, United States', 'SIC Code': '73,738', 'NAICS Code': '56,561', 'revenue': '<$5M', 'Number of Employees': '<25', 'LinkedIn url': '!not-found'}
renewing ip
429
2a03:4000:6:d05f:78d7:1fff:fe72:3992
{'company_name_zoominfo': 'Bloomchase', 'website': 'www.abrahamhp.com', 'headquarters': '123 Main St, New York, New York, 10001, United States', 'SIC Code': '83,832', 'NAICS Code': '62,624', 'revenue': '<$5M', 'Number of Employees': '<25', 'LinkedIn url': '!not-found'}
{'company_name_zoominfo': 'ToDoolie', 'website': 'www.todoolie.com', 'headquarters': '1353 Nottingham Rd, Grosse Pointe Park, Michigan, 48230, United States', 'SIC Code': '42,421', 'NAICS Code': '49,492', 'revenue': '<$5M', 'Number of Employees': '<25', 'LinkedIn url': 'https://www.linkedin.com/company/todooli-inc'}
{'company_name_zoominfo': 'Sable Business Directory', 'website': 'www.thesablebusinessdirectory.com', 'headquarters': 'United States', 'SIC Code': '27,274', 'NAICS Code': '51,511', 'revenue': '<$5M', 'Number of Employees': '<25', 'LinkedIn url': '!not-found'}
{'company_name_zoominfo': 'Yes Plz', 'website': 'yesplz.coffee', 'headquarters': '3821 S Santa Fe Ave, Vernon, California, 90058, United States', 'SIC Code': '20,209', 'NAICS Code': '31,311', 'revenue': '<$5M', 'Number of Employees': '<25', 'LinkedIn url': '!not-found'}
{'company_name_zoominfo': '!not-found', 'website': 'John Ciardullo Associates', 'headquarters': '!not-found', 'SIC Code': '!not-found', 'NAICS Code': '!not-found', 'revenue': '!not-found', 'Number of Employees': '!not-found', 'LinkedIn url': '!not-found'}
{'company_name_zoominfo': '!not-found', 'website': 'Majid Al Futtaim', 'headquarters': '!not-found', 'SIC Code': '!not-found', 'NAICS Code': '!not-found', 'revenue': '!not-found', 'Number of Employees': '!not-found', 'LinkedIn url': '!not-found'}
{'company_name_zoominfo': 'Plumbwise Sheffield', 'website': 'www.plumbwisesheffield.com', 'headquarters': 'Union Rd, Sheffield, South Yorkshire, S11 9DS, United Kingdom', 'SIC Code': '72,722', 'NAICS Code': '54,541', 'revenue': '<$5M', 'Number of Employees': '<25', 'LinkedIn url': '!not-found'}
{'company_name_zoominfo': 'Kinect', 'website': 'www.kinecthq.com', 'headquarters': '200 Corporate Pointe Ste 410, Culver City, California, 90230, United S...', 'SIC Code': '73,736', 'NAICS Code': '56,561', 'revenue': '<$5M', 'Number of Employees': '<25', 'LinkedIn url': 'https://www.linkedin.com/company/kinecthq'}
{'company_name_zoominfo': 'Franklin Is', 'website': 'www.franklinis.com', 'headquarters': '1604 Westgate Cir Ste 150, Brentwood, Tennessee, 37027, United States', 'SIC Code': '86,869', 'NAICS Code': '81,813', 'revenue': '<$5M', 'Number of Employees': '<25', 'LinkedIn url': 'https://www.linkedin.com/company/franklinis.com'}
{'company_name_zoominfo': 'WhoWeUse', 'website': 'www.whoweuse.net', 'headquarters': '18627 Old Triangle Rd, Triangle, Virginia, 22172, United States', 'SIC Code': '73,737', 'NAICS Code': '54,541', 'revenue': '<$5M', 'Number of Employees': '<25', 'LinkedIn url': '!not-found'}
{'company_name_zoominfo': 'PinDo', 'website': 'www.pindoit.com', 'headquarters': '!not-found', 'SIC Code': '73,737', 'NAICS Code': '51,511', 'revenue': '<$5M', 'Number of Employees': '<25', 'LinkedIn url': 'https://www.linkedin.com/company/pindoit'}
{'company_name_zoominfo': 'HEROIC - Growth Acceleration Consultancy', 'website': 'www.be-heroic.com', 'headquarters': 'Netherlands', 'SIC Code': '87,874', 'NAICS Code': '51,518', 'revenue': '<$5M', 'Number of Employees': '<25', 'LinkedIn url': 'https://www.linkedin.com/company/be-heroic'}
{'company_name_zoominfo': 'Geopage Consultants', 'website': 'www.geopageconsultants.com', 'headquarters': '#122 7th Main Road Khb Colony 2nd Stage Basaveshwarenagar, Bengaluru, ...', 'SIC Code': '87,874', 'NAICS Code': '54,541', 'revenue': '<$5M', 'Number of Employees': '<25', 'LinkedIn url': 'https://www.linkedin.com/company/geopage-consultants'}
{'company_name_zoominfo': 'MyPeople', 'website': 'www.mypeoplenow.com', 'headquarters': '12840 NE 85th St Ste A109, Kirkland, Washington, 98033, United States', 'SIC Code': '48,489', 'NAICS Code': '81,812', 'revenue': '<$5M', 'Number of Employees': '<25', 'LinkedIn url': 'https://www.linkedin.com/company/mypeoplenow'}
{'company_name_zoominfo': 'Favorhood', 'website': 'www.favorhood.app', 'headquarters': '!not-found', 'SIC Code': '48,489', 'NAICS Code': '51,517', 'revenue': '$12M', 'Number of Employees': '217', 'LinkedIn url': 'https://www.linkedin.com/company/favorhood'}
{'company_name_zoominfo': 'Kinect', 'website': 'www.kinecthq.com', 'headquarters': '200 Corporate Pointe Ste 410, Culver City, California, 90230, United S...', 'SIC Code': '73,736', 'NAICS Code': '56,561', 'revenue': '<$5M', 'Number of Employees': '<25', 'LinkedIn url': 'https://www.linkedin.com/company/kinecthq'}
{'company_name_zoominfo': 'NotAvailable', 'website': 'NotAvailable', 'headquarters': 'NotAvailable', 'SIC Code': 'NotAvailable', 'NAICS Code': 'NotAvailable', 'revenue': 'NotAvailable', 'Number of Employees': 'NotAvailable', 'LinkedIn url': 'NotAvailable'}
renewing ip
429
2a03:e600:100::22
{'company_name_zoominfo': 'Neustar Localeze', 'website': 'www.neustarlocaleze.biz', 'headquarters': '21575 Ridgetop Cir, Sterling, Virginia, 20166, United States', 'SIC Code': '73,737', 'NAICS Code': '51,517', 'revenue': '$217.9M', 'Number of Employees': '1,081', 'LinkedIn url': 'https://www.linkedin.com/company/localeze'}
{'company_name_zoominfo': 'Kwinshi', 'website': 'www.kwinshi.com', 'headquarters': '2359 Ellison Rd, Corning, New York, 14830, United States', 'SIC Code': '27,271', 'NAICS Code': '51,519', 'revenue': '<$5M', 'Number of Employees': '<25', 'LinkedIn url': '!not-found'}
{'company_name_zoominfo': 'Revenue Task Force', 'website': 'www.revenuetaskforce.com', 'headquarters': '1900 E Golf Rd Ste 950, Schaumburg, Illinois, 60172, United States', 'SIC Code': '73,738', 'NAICS Code': '56,561', 'revenue': '<$5M', 'Number of Employees': '<25', 'LinkedIn url': '!not-found'}
{'company_name_zoominfo': 'Virginia Center Commons', 'website': 'www.shopvirginiacentercommons.com', 'headquarters': '10101 Brook Rd Ste 765, Glen Allen, Virginia, 23059, United States', 'SIC Code': '65,653', 'NAICS Code': '53,531', 'revenue': '<$5M', 'Number of Employees': '<25', 'LinkedIn url': 'https://www.linkedin.com/company/virginia-center-commons-mall'}
{'company_name_zoominfo': 'Utility', 'website': 'www.utilityresults.com', 'headquarters': '32 Blackfriars Rd, London, Greater London, SE1 8PB, United Kingdom', 'SIC Code': '73,733', 'NAICS Code': '54,541', 'revenue': '$8.4M', 'Number of Employees': '36', 'LinkedIn url': 'https://www.linkedin.com/company/utility-results-ltd'}
{'company_name_zoominfo': 'Locals HQ', 'website': 'www.localshq.com', 'headquarters': '9214 Center St Fl 3, Manassas, Virginia, 20110, United States', 'SIC Code': '27,274', 'NAICS Code': '51,511', 'revenue': '$5.3M', 'Number of Employees': '<25', 'LinkedIn url': '!not-found'}
{'company_name_zoominfo': 'NotAvailable', 'website': 'NotAvailable', 'headquarters': 'NotAvailable', 'SIC Code': 'NotAvailable', 'NAICS Code': 'NotAvailable', 'revenue': 'NotAvailable', 'Number of Employees': 'NotAvailable', 'LinkedIn url': 'NotAvailable'}
{'company_name_zoominfo': 'FlipTree', 'website': 'www.fliptree.com', 'headquarters': '!not-found', 'SIC Code': '73,738', 'NAICS Code': '56,561', 'revenue': '<$5M', 'Number of Employees': '<25', 'LinkedIn url': 'https://www.linkedin.com/company/fliptreepartners'}
{'company_name_zoominfo': 'Get Help', 'website': 'www.gethelp.com', 'headquarters': '7080 Hollywood Blvd Ste 1100, Los Angeles, California, 90028, United S...', 'SIC Code': '73,737', 'NAICS Code': '51,519', 'revenue': '<$5M', 'Number of Employees': '<25', 'LinkedIn url': 'https://www.linkedin.com/company/gethelpinc'}
{'company_name_zoominfo': 'TaskFair', 'website': 'www.taskfair.com', 'headquarters': '407 Lincoln Rd, Miami Beach, Florida, 33139, United States', 'SIC Code': '73,734', 'NAICS Code': '56,561', 'revenue': '<$5M', 'Number of Employees': '<25', 'LinkedIn url': 'https://www.linkedin.com/company/taskfair-com'}
{'company_name_zoominfo': 'Golocal247', 'website': 'www.golocal247.com', 'headquarters': "10200 Groogan's Ml, The Woodlands, Texas, 77380, United States", 'SIC Code': '27,274', 'NAICS Code': '51,511', 'revenue': '$39.1M', 'Number of Employees': '186', 'LinkedIn url': 'https://www.linkedin.com/company/golocal247.com'}
{'company_name_zoominfo': 'NotAvailable', 'website': 'NotAvailable', 'headquarters': 'NotAvailable', 'SIC Code': 'NotAvailable', 'NAICS Code': 'NotAvailable', 'revenue': 'NotAvailable', 'Number of Employees': 'NotAvailable', 'LinkedIn url': 'NotAvailable'}
{'company_name_zoominfo': 'Museum', 'website': 'www.museum.com', 'headquarters': '1071 5th Ave, New York, New York, 10128, United States', 'SIC Code': '84,841', 'NAICS Code': '71,712', 'revenue': '$76.9M', 'Number of Employees': '222', 'LinkedIn url': 'https://www.linkedin.com/company/nuseumcom'}
{'company_name_zoominfo': 'kNEEBU', 'website': 'www.kneebu.com', 'headquarters': '3209 E Crystal Lake Ave, Crystal Lake, Illinois, 60014, United States', 'SIC Code': '80,808', 'NAICS Code': '62,621', 'revenue': '<$5M', 'Number of Employees': '<25', 'LinkedIn url': 'https://www.linkedin.com/company/kneebu'}
{'company_name_zoominfo': 'THINKlocal', 'website': 'www.thinklocalwi.com', 'headquarters': '200 S Executive Dr Ste 101, Brookfield, Wisconsin, 53005, United State...', 'SIC Code': '27,271', 'NAICS Code': '51', 'revenue': '$11.2M', 'Number of Employees': '55', 'LinkedIn url': 'https://www.linkedin.com/company/thinklocalwisconsin'}
{'company_name_zoominfo': '!not-found', 'website': 'WiredMates', 'headquarters': '!not-found', 'SIC Code': '!not-found', 'NAICS Code': '!not-found', 'revenue': '!not-found', 'Number of Employees': '!not-found', 'LinkedIn url': '!not-found'}
{'company_name_zoominfo': 'NotAvailable', 'website': 'NotAvailable', 'headquarters': 'NotAvailable', 'SIC Code': 'NotAvailable', 'NAICS Code': 'NotAvailable', 'revenue': 'NotAvailable', 'Number of Employees': 'NotAvailable', 'LinkedIn url': 'NotAvailable'}
{'company_name_zoominfo': 'NotAvailable', 'website': 'NotAvailable', 'headquarters': 'NotAvailable', 'SIC Code': 'NotAvailable', 'NAICS Code': 'NotAvailable', 'revenue': 'NotAvailable', 'Number of Employees': 'NotAvailable', 'LinkedIn url': 'NotAvailable'}
{'company_name_zoominfo': '!not-found', 'website': 'Socotra', 'headquarters': '!not-found', 'SIC Code': '!not-found', 'NAICS Code': '!not-found', 'revenue': '!not-found', 'Number of Employees': '!not-found', 'LinkedIn url': '!not-found'}
