{'company_name_zoominfo': 'NotAvailable', 'website': 'NotAvailable', 'headquarters': 'NotAvailable', 'SIC Code': 'NotAvailable', 'NAICS Code': 'NotAvailable', 'revenue': 'NotAvailable', 'Number of Employees': 'NotAvailable', 'LinkedIn url': 'NotAvailable'}
{'company_name_zoominfo': 'NotAvailable', 'website': 'NotAvailable', 'headquarters': 'NotAvailable', 'SIC Code': 'NotAvailable', 'NAICS Code': 'NotAvailable', 'revenue': 'NotAvailable', 'Number of Employees': 'NotAvailable', 'LinkedIn url': 'NotAvailable'}
{'company_name_zoominfo': 'Its A Mega Thing', 'website': 'www.megathing.com.au', 'headquarters': '5-12 Greenway Dr, Tweed Heads, New South Wales, 2485, Australia', 'SIC Code': '67,672', 'NAICS Code': '52,525', 'revenue': '<$5M', 'Number of Employees': '<25', 'LinkedIn url': 'https://www.linkedin.com/company/its-a-mega-thing-pty-ltd'}
{'company_name_zoominfo': 'Caydu.com', 'website': 'www.canhcut.com', 'headquarters': 'Viet Nam', 'SIC Code': '27,274', 'NAICS Code': '51,511', 'revenue': '<$5M', 'Number of Employees': '<25', 'LinkedIn url': '!not-found'}
{'company_name_zoominfo': 'NotAvailable', 'website': 'NotAvailable', 'headquarters': 'NotAvailable', 'SIC Code': 'NotAvailable', 'NAICS Code': 'NotAvailable', 'revenue': 'NotAvailable', 'Number of Employees': 'NotAvailable', 'LinkedIn url': 'NotAvailable'}
{'company_name_zoominfo': 'NotAvailable', 'website': 'NotAvailable', 'headquarters': 'NotAvailable', 'SIC Code': 'NotAvailable', 'NAICS Code': 'NotAvailable', 'revenue': 'NotAvailable', 'Number of Employees': 'NotAvailable', 'LinkedIn url': 'NotAvailable'}
{'company_name_zoominfo': 'Amarillo', 'website': 'www.visitamarillo.com', 'headquarters': '1000 S Polk St, Amarillo, Texas, 79101, United States', 'SIC Code': '73,731', 'NAICS Code': '71,712', 'revenue': '<$5M', 'Number of Employees': '<25', 'LinkedIn url': 'https://www.linkedin.com/company/719752'}
{'company_name_zoominfo': 'Capital Area Regional Planning Commission', 'website': 'www.capitalarearpc.org', 'headquarters': '100 State St Ste 400, Madison, Wisconsin, 53703, United States', 'SIC Code': '95,953', 'NAICS Code': '92,925', 'revenue': '<$5M', 'Number of Employees': '<25', 'LinkedIn url': 'https://www.linkedin.com/company/capital-area-regional-planning-commission'}
{'company_name_zoominfo': 'NotAvailable', 'website': 'NotAvailable', 'headquarters': 'NotAvailable', 'SIC Code': 'NotAvailable', 'NAICS Code': 'NotAvailable', 'revenue': 'NotAvailable', 'Number of Employees': 'NotAvailable', 'LinkedIn url': 'NotAvailable'}
{'company_name_zoominfo': 'NotAvailable', 'website': 'NotAvailable', 'headquarters': 'NotAvailable', 'SIC Code': 'NotAvailable', 'NAICS Code': 'NotAvailable', 'revenue': 'NotAvailable', 'Number of Employees': 'NotAvailable', 'LinkedIn url': 'NotAvailable'}
{'company_name_zoominfo': 'NotAvailable', 'website': 'NotAvailable', 'headquarters': 'NotAvailable', 'SIC Code': 'NotAvailable', 'NAICS Code': 'NotAvailable', 'revenue': 'NotAvailable', 'Number of Employees': 'NotAvailable', 'LinkedIn url': 'NotAvailable'}
{'company_name_zoominfo': 'NotAvailable', 'website': 'NotAvailable', 'headquarters': 'NotAvailable', 'SIC Code': 'NotAvailable', 'NAICS Code': 'NotAvailable', 'revenue': 'NotAvailable', 'Number of Employees': 'NotAvailable', 'LinkedIn url': 'NotAvailable'}
site-not-indexed

{'company_name_zoominfo': '!not-found', 'website': '!not-found', 'headquarters': '!not-found', 'SIC Code': '!not-found', 'NAICS Code': '!not-found', 'revenue': '!not-found', 'Number of Employees': '!not-found', 'LinkedIn url': '!not-found'}
{'company_name_zoominfo': 'Chore', 'website': 'www.getchore.com', 'headquarters': '!not-found', 'SIC Code': '73,737', 'NAICS Code': '54,541', 'revenue': '<$5M', 'Number of Employees': '<25', 'LinkedIn url': 'https://www.linkedin.com/company/choreapp'}
{'company_name_zoominfo': 'Local Enterprise Offices', 'website': 'www.localenterprise.ie', 'headquarters': '8 Kent St, Clonakilty, Co Cork, Ireland', 'SIC Code': '73,737', 'NAICS Code': '51,518', 'revenue': '$7.8M', 'Number of Employees': '27', 'LinkedIn url': 'https://www.linkedin.com/company/west-cork-enterprise-board'}
{'company_name_zoominfo': 'Bustin Boilers', 'website': 'www.black2business.uk', 'headquarters': '38 Clitheroe Ave, London, Essex, HA2 9UX, United Kingdom', 'SIC Code': '17,171', 'NAICS Code': '23,238', 'revenue': '$6M', 'Number of Employees': '27', 'LinkedIn url': '!not-found'}
{'company_name_zoominfo': 'NotAvailable', 'website': 'NotAvailable', 'headquarters': 'NotAvailable', 'SIC Code': 'NotAvailable', 'NAICS Code': 'NotAvailable', 'revenue': 'NotAvailable', 'Number of Employees': 'NotAvailable', 'LinkedIn url': 'NotAvailable'}
{'company_name_zoominfo': 'Bestlists', 'website': 'www.bestlists.biz', 'headquarters': '!not-found', 'SIC Code': '50,506', 'NAICS Code': '44,443', 'revenue': '<$5M', 'Number of Employees': '<25', 'LinkedIn url': '!not-found'}
{'company_name_zoominfo': 'ListingPro', 'website': 'www.listingprowp.com', 'headquarters': 'India', 'SIC Code': '73,737', 'NAICS Code': '51,517', 'revenue': '$5.9M', 'Number of Employees': '<25', 'LinkedIn url': '!not-found'}
{'company_name_zoominfo': 'Car Credit Palmyra', 'website': 'www.carcreditpalmyra.com', 'headquarters': '701 E Main St, Palmyra, Pennsylvania, 17078, United States', 'SIC Code': '55,551', 'NAICS Code': '44,441', 'revenue': '<$5M', 'Number of Employees': '<25', 'LinkedIn url': '!not-found'}
{'company_name_zoominfo': 'ConnecticutCraftBreweries.com', 'website': 'www.connecticutcraftbreweries.com', 'headquarters': '738 Main St S, Woodbury, Connecticut, 06798, United States', 'SIC Code': '20,208', 'NAICS Code': '31,312', 'revenue': '<$5M', 'Number of Employees': '<25', 'LinkedIn url': '!not-found'}
{'company_name_zoominfo': 'ZookList Free', 'website': 'www.zooklist.com', 'headquarters': '!not-found', 'SIC Code': '73,731', 'NAICS Code': '54,541', 'revenue': '<$5M', 'Number of Employees': '<25', 'LinkedIn url': '!not-found'}
{'company_name_zoominfo': 'Giggable', 'website': 'www.giggable.co', 'headquarters': '17-19 Bridge St, Sydney, New South Wales, 2000, Australia', 'SIC Code': '73,736', 'NAICS Code': '56,561', 'revenue': '<$5M', 'Number of Employees': '<25', 'LinkedIn url': 'https://www.linkedin.com/company/giggable-co'}
{'company_name_zoominfo': 'Illinois Local Guide', 'website': 'www.illinoislocalguide.com', 'headquarters': '321 N Clark St Ste 500, Chicago, Illinois, 60654, United States', 'SIC Code': '80,802', 'NAICS Code': '62,621', 'revenue': '<$5M', 'Number of Employees': '<25', 'LinkedIn url': 'https://www.linkedin.com/company/resolution-productions-group'}
{'company_name_zoominfo': 'Inthemode', 'website': 'www.in-themode.com', 'headquarters': 'United States', 'SIC Code': '51,513', 'NAICS Code': '44,448', 'revenue': '<$5M', 'Number of Employees': '<25', 'LinkedIn url': '!not-found'}
{'company_name_zoominfo': 'The SmartList', 'website': 'www.thesmartlist.co.uk', 'headquarters': 'The Smartlist Unex House suite b Bourges Blvd, Peterborough, Cambridge...', 'SIC Code': '73,736', 'NAICS Code': '56,561', 'revenue': '<$5M', 'Number of Employees': '<25', 'LinkedIn url': 'https://www.linkedin.com/company/thesmartlist-co-uk'}
{'company_name_zoominfo': 'Squirrel', 'website': 'squirrel.financial', 'headquarters': '6 Rue Neuve Popincourt, Paris, Ile-de-France, 75011, France', 'SIC Code': '87,874', 'NAICS Code': '54,541', 'revenue': '$13M', 'Number of Employees': '64', 'LinkedIn url': 'https://www.linkedin.com/company/squirrel-financial'}
{'company_name_zoominfo': '!not-found', 'website': '!not-found', 'headquarters': '!not-found', 'SIC Code': '!not-found', 'NAICS Code': '!not-found', 'revenue': '!not-found', 'Number of Employees': '!not-found', 'LinkedIn url': '!not-found'}
{'company_name_zoominfo': 'NotAvailable', 'website': 'NotAvailable', 'headquarters': 'NotAvailable', 'SIC Code': 'NotAvailable', 'NAICS Code': 'NotAvailable', 'revenue': 'NotAvailable', 'Number of Employees': 'NotAvailable', 'LinkedIn url': 'NotAvailable'}
renewing ip
429
2001:678:e3c::c
{'company_name_zoominfo': 'Tamil Business Directory & Advertisings', 'website': 'www.directads.ca', 'headquarters': '106 Select Ave Unit 9/9a, Scarborough, Ontario, M1V 4A7, Canada', 'SIC Code': '27,274', 'NAICS Code': '51,511', 'revenue': '<$5M', 'Number of Employees': '<25', 'LinkedIn url': '!not-found'}
{'company_name_zoominfo': 'PhoenixAList.com', 'website': 'www.phoenixalist.com', 'headquarters': 'United States', 'SIC Code': '17,171', 'NAICS Code': '23,238', 'revenue': '<$5M', 'Number of Employees': '<25', 'LinkedIn url': '!not-found'}
{'company_name_zoominfo': 'NotAvailable', 'website': 'NotAvailable', 'headquarters': 'NotAvailable', 'SIC Code': 'NotAvailable', 'NAICS Code': 'NotAvailable', 'revenue': 'NotAvailable', 'Number of Employees': 'NotAvailable', 'LinkedIn url': 'NotAvailable'}
{'company_name_zoominfo': 'City Guide NY', 'website': 'www.cityguideny.com', 'headquarters': '472 86th St, Brooklyn, New York, 11209, United States', 'SIC Code': '73,738', 'NAICS Code': '56,561', 'revenue': '$51.7M', 'Number of Employees': '279', 'LinkedIn url': 'https://www.linkedin.com/company/city-guide-usa'}
{'company_name_zoominfo': 'Standout 360', 'website': 'www.standout360.com', 'headquarters': 'United States', 'SIC Code': '73,731', 'NAICS Code': '54,541', 'revenue': '<$5M', 'Number of Employees': '<25', 'LinkedIn url': 'https://www.linkedin.com/company/standout-360-marketing'}
{'company_name_zoominfo': 'Outer Banks Concierge', 'website': 'www.outerbanksconcierge.com', 'headquarters': '4325 Ridge Rd, Kitty Hawk, North Carolina, 27949, United States', 'SIC Code': '55,554', 'NAICS Code': '44,447', 'revenue': '<$5M', 'Number of Employees': '<25', 'LinkedIn url': 'https://www.linkedin.com/company/outer-banks-concierge'}
{'company_name_zoominfo': 'Zonar Systems', 'website': 'www.zonarsystems.com', 'headquarters': '18200 Cascade Ave S, Seattle, Washington, 98188, United States', 'SIC Code': '73,738', 'NAICS Code': '51,518', 'revenue': '$97.5M', 'Number of Employees': '350', 'LinkedIn url': 'https://www.linkedin.com/company/36918'}
{'company_name_zoominfo': 'MBP Local', 'website': 'www.mbplocal.com', 'headquarters': '3605 Bard Rd, Beaverton, Michigan, 48612, United States', 'SIC Code': '59,594', 'NAICS Code': '45,451', 'revenue': '<$5M', 'Number of Employees': '<25', 'LinkedIn url': '!not-found'}
{'company_name_zoominfo': 'NotAvailable', 'website': 'NotAvailable', 'headquarters': 'NotAvailable', 'SIC Code': 'NotAvailable', 'NAICS Code': 'NotAvailable', 'revenue': 'NotAvailable', 'Number of Employees': 'NotAvailable', 'LinkedIn url': 'NotAvailable'}
{'company_name_zoominfo': 'The Jewish Marketplace', 'website': 'www.thejewishmarketplace.com', 'headquarters': 'United States', 'SIC Code': '59,594', 'NAICS Code': '45,451', 'revenue': '<$5M', 'Number of Employees': '<25', 'LinkedIn url': '!not-found'}
{'company_name_zoominfo': 'Zinagi', 'website': 'www.zinagi.com', 'headquarters': '655-2-1008 Hara, Numazu, Shizuoka, 410-0312, Japan', 'SIC Code': '87,873', 'NAICS Code': '54,541', 'revenue': '<$5M', 'Number of Employees': '<25', 'LinkedIn url': 'https://www.linkedin.com/company/zinagi'}
{'company_name_zoominfo': 'Sheger', 'website': 'www.shegerplc.com', 'headquarters': 'Ethiopia', 'SIC Code': '51,512', 'NAICS Code': '42,424', 'revenue': '<$5M', 'Number of Employees': '<25', 'LinkedIn url': '!not-found'}
{'company_name_zoominfo': '!not-found', 'website': '!not-found', 'headquarters': '!not-found', 'SIC Code': '!not-found', 'NAICS Code': '!not-found', 'revenue': '!not-found', 'Number of Employees': '!not-found', 'LinkedIn url': '!not-found'}
{'company_name_zoominfo': 'The Real Business Team', 'website': 'www.therealbusinessteam.com', 'headquarters': '24399 Telegraph Rd, Southfield, Michigan, 48033, United States', 'SIC Code': '27,274', 'NAICS Code': '51,511', 'revenue': '<$5M', 'Number of Employees': '<25', 'LinkedIn url': '!not-found'}
{'company_name_zoominfo': 'NotAvailable', 'website': 'NotAvailable', 'headquarters': 'NotAvailable', 'SIC Code': 'NotAvailable', 'NAICS Code': 'NotAvailable', 'revenue': 'NotAvailable', 'Number of Employees': 'NotAvailable', 'LinkedIn url': 'NotAvailable'}
{'company_name_zoominfo': 'NotAvailable', 'website': 'NotAvailable', 'headquarters': 'NotAvailable', 'SIC Code': 'NotAvailable', 'NAICS Code': 'NotAvailable', 'revenue': 'NotAvailable', 'Number of Employees': 'NotAvailable', 'LinkedIn url': 'NotAvailable'}
{'company_name_zoominfo': 'NotAvailable', 'website': 'NotAvailable', 'headquarters': 'NotAvailable', 'SIC Code': 'NotAvailable', 'NAICS Code': 'NotAvailable', 'revenue': 'NotAvailable', 'Number of Employees': 'NotAvailable', 'LinkedIn url': 'NotAvailable'}
{'company_name_zoominfo': 'USA247.info', 'website': 'www.usa247.info', 'headquarters': 'Court, New York, 11371, United States', 'SIC Code': '65,653', 'NAICS Code': '53,531', 'revenue': '<$5M', 'Number of Employees': '<25', 'LinkedIn url': '!not-found'}
{'company_name_zoominfo': 'The Service Guys', 'website': 'www.theserviceguys.net', 'headquarters': '626 E River Rd, Anoka, Minnesota, 55303, United States', 'SIC Code': '76,769', 'NAICS Code': '81,811', 'revenue': '<$5M', 'Number of Employees': '<25', 'LinkedIn url': 'https://www.linkedin.com/company/the-service-guys'}
{'company_name_zoominfo': 'Highend Home Appliance', 'website': 'www.aircleanercn.com', 'headquarters': 'China', 'SIC Code': '36,363', 'NAICS Code': '33,335', 'revenue': '<$5M', 'Number of Employees': '<25', 'LinkedIn url': '!not-found'}
renewing ip
429
2001:67c:6ec:203:192:42:116:173
{'company_name_zoominfo': 'AskAA-Ron', 'website': 'www.askaa-ron.com', 'headquarters': '!not-found', 'SIC Code': '73,731', 'NAICS Code': '54,541', 'revenue': '<$5M', 'Number of Employees': '<25', 'LinkedIn url': '!not-found'}
{'company_name_zoominfo': 'NotAvailable', 'website': 'NotAvailable', 'headquarters': 'NotAvailable', 'SIC Code': 'NotAvailable', 'NAICS Code': 'NotAvailable', 'revenue': 'NotAvailable', 'Number of Employees': 'NotAvailable', 'LinkedIn url': 'NotAvailable'}
{'company_name_zoominfo': 'NotAvailable', 'website': 'NotAvailable', 'headquarters': 'NotAvailable', 'SIC Code': 'NotAvailable', 'NAICS Code': 'NotAvailable', 'revenue': 'NotAvailable', 'Number of Employees': 'NotAvailable', 'LinkedIn url': 'NotAvailable'}
{'company_name_zoominfo': 'Local City Connections.com', 'website': 'www.localcityconnections.com', 'headquarters': '!not-found', 'SIC Code': '54,546', 'NAICS Code': '31,311', 'revenue': '<$5M', 'Number of Employees': '<25', 'LinkedIn url': '!not-found'}
{'company_name_zoominfo': 'Grayling Main Street', 'website': 'www.downtowngrayling.com', 'headquarters': '213 N James St, Grayling, Michigan, 49738, United States', 'SIC Code': '86,861', 'NAICS Code': '81,813', 'revenue': '<$5M', 'Number of Employees': '<25', 'LinkedIn url': '!not-found'}
{'company_name_zoominfo': 'NotAvailable', 'website': 'NotAvailable', 'headquarters': 'NotAvailable', 'SIC Code': 'NotAvailable', 'NAICS Code': 'NotAvailable', 'revenue': 'NotAvailable', 'Number of Employees': 'NotAvailable', 'LinkedIn url': 'NotAvailable'}
{'company_name_zoominfo': 'EverythingCincy', 'website': 'www.everythingcincy.com', 'headquarters': '6131 Stewart Ave, Cincinnati, Ohio, 45227, United States', 'SIC Code': '52,526', 'NAICS Code': '44,444', 'revenue': '<$5M', 'Number of Employees': '<25', 'LinkedIn url': '!not-found'}
{'company_name_zoominfo': 'NotAvailable', 'website': 'NotAvailable', 'headquarters': 'NotAvailable', 'SIC Code': 'NotAvailable', 'NAICS Code': 'NotAvailable', 'revenue': 'NotAvailable', 'Number of Employees': 'NotAvailable', 'LinkedIn url': 'NotAvailable'}
{'company_name_zoominfo': 'OnePlane', 'website': 'www.oneplane.com', 'headquarters': '911 Western Ave Ste 360, Seattle, Washington, 98104, United States', 'SIC Code': '73,737', 'NAICS Code': '51,518', 'revenue': '<$5M', 'Number of Employees': '<25', 'LinkedIn url': 'https://www.linkedin.com/company/oneplane-corporation'}
{'company_name_zoominfo': 'NotAvailable', 'website': 'NotAvailable', 'headquarters': 'NotAvailable', 'SIC Code': 'NotAvailable', 'NAICS Code': 'NotAvailable', 'revenue': 'NotAvailable', 'Number of Employees': 'NotAvailable', 'LinkedIn url': 'NotAvailable'}
{'company_name_zoominfo': 'NotAvailable', 'website': 'NotAvailable', 'headquarters': 'NotAvailable', 'SIC Code': 'NotAvailable', 'NAICS Code': 'NotAvailable', 'revenue': 'NotAvailable', 'Number of Employees': 'NotAvailable', 'LinkedIn url': 'NotAvailable'}
{'company_name_zoominfo': 'NotAvailable', 'website': 'NotAvailable', 'headquarters': 'NotAvailable', 'SIC Code': 'NotAvailable', 'NAICS Code': 'NotAvailable', 'revenue': 'NotAvailable', 'Number of Employees': 'NotAvailable', 'LinkedIn url': 'NotAvailable'}
{'company_name_zoominfo': 'US Accredited Business Directory', 'website': 'www.theuscitiesbusinessdirectory.com', 'headquarters': '11269 Leopard St, Corpus Christi, Texas, 78410, United States', 'SIC Code': '27,274', 'NAICS Code': '51,511', 'revenue': '<$5M', 'Number of Employees': '<25', 'LinkedIn url': '!not-found'}
{'company_name_zoominfo': 'Gongago', 'website': 'www.gongago.com', 'headquarters': 'Laguna Beach, California, United States', 'SIC Code': '73,737', 'NAICS Code': '51,517', 'revenue': '<$5M', 'Number of Employees': '<25', 'LinkedIn url': 'https://www.linkedin.com/company/gcems'}
{'company_name_zoominfo': '!not-found', 'website': '!not-found', 'headquarters': '!not-found', 'SIC Code': '!not-found', 'NAICS Code': '!not-found', 'revenue': '!not-found', 'Number of Employees': '!not-found', 'LinkedIn url': '!not-found'}
{'company_name_zoominfo': 'Local Express', 'website': 'www.localexpress.io', 'headquarters': '700 N Brand Blvd Ste 910, Glendale, California, 91203, United States', 'SIC Code': '73,737', 'NAICS Code': '51,518', 'revenue': '<$5M', 'Number of Employees': '<25', 'LinkedIn url': 'https://www.linkedin.com/company/localexpress'}
{'company_name_zoominfo': 'Freeinfosearchonline', 'website': 'www.freeinfosearchonline.com', 'headquarters': '14301 Fnb Pkwy Ste 100, Omaha, Nebraska, 68154, United States', 'SIC Code': '75,751', 'NAICS Code': '53,532', 'revenue': '<$5M', 'Number of Employees': '<25', 'LinkedIn url': '!not-found'}
{'company_name_zoominfo': 'NotAvailable', 'website': 'NotAvailable', 'headquarters': 'NotAvailable', 'SIC Code': 'NotAvailable', 'NAICS Code': 'NotAvailable', 'revenue': 'NotAvailable', 'Number of Employees': 'NotAvailable', 'LinkedIn url': 'NotAvailable'}
{'company_name_zoominfo': 'NotAvailable', 'website': 'NotAvailable', 'headquarters': 'NotAvailable', 'SIC Code': 'NotAvailable', 'NAICS Code': 'NotAvailable', 'revenue': 'NotAvailable', 'Number of Employees': 'NotAvailable', 'LinkedIn url': 'NotAvailable'}
{'company_name_zoominfo': 'NotAvailable', 'website': 'NotAvailable', 'headquarters': 'NotAvailable', 'SIC Code': 'NotAvailable', 'NAICS Code': 'NotAvailable', 'revenue': 'NotAvailable', 'Number of Employees': 'NotAvailable', 'LinkedIn url': 'NotAvailable'}
{'company_name_zoominfo': 'NotAvailable', 'website': 'NotAvailable', 'headquarters': 'NotAvailable', 'SIC Code': 'NotAvailable', 'NAICS Code': 'NotAvailable', 'revenue': 'NotAvailable', 'Number of Employees': 'NotAvailable', 'LinkedIn url': 'NotAvailable'}
{'company_name_zoominfo': 'SASNAK Realty', 'website': 'www.sasnakre.com', 'headquarters': '13 Diaden Dr, Sublette, Kansas, 67877, United States', 'SIC Code': '65,653', 'NAICS Code': '53,531', 'revenue': '<$5M', 'Number of Employees': '<25', 'LinkedIn url': '!not-found'}
{'company_name_zoominfo': 'NotAvailable', 'website': 'NotAvailable', 'headquarters': 'NotAvailable', 'SIC Code': 'NotAvailable', 'NAICS Code': 'NotAvailable', 'revenue': 'NotAvailable', 'Number of Employees': 'NotAvailable', 'LinkedIn url': 'NotAvailable'}
{'company_name_zoominfo': 'NotAvailable', 'website': 'NotAvailable', 'headquarters': 'NotAvailable', 'SIC Code': 'NotAvailable', 'NAICS Code': 'NotAvailable', 'revenue': 'NotAvailable', 'Number of Employees': 'NotAvailable', 'LinkedIn url': 'NotAvailable'}
{'company_name_zoominfo': 'Business Listing Pro', 'website': 'www.businesslistingpro.com', 'headquarters': 'PO Box 1766, Snowflake, Arizona, 85937, United States', 'SIC Code': '27,274', 'NAICS Code': '51,511', 'revenue': '<$5M', 'Number of Employees': '<25', 'LinkedIn url': '!not-found'}
{'company_name_zoominfo': 'Instantrush.net', 'website': 'www.instantrush.net', 'headquarters': '444 W Lake St, Chicago, Illinois, 60606, United States', 'SIC Code': '27,271', 'NAICS Code': '51,519', 'revenue': '<$5M', 'Number of Employees': '<25', 'LinkedIn url': '!not-found'}
{'company_name_zoominfo': 'iLocate', 'website': 'www.ilocatelocal.com', 'headquarters': 'United Kingdom', 'SIC Code': '81,811', 'NAICS Code': '51,518', 'revenue': '<$5M', 'Number of Employees': '<25', 'LinkedIn url': 'https://www.linkedin.com/company/ilocate-local'}
{'company_name_zoominfo': 'NotAvailable', 'website': 'NotAvailable', 'headquarters': 'NotAvailable', 'SIC Code': 'NotAvailable', 'NAICS Code': 'NotAvailable', 'revenue': 'NotAvailable', 'Number of Employees': 'NotAvailable', 'LinkedIn url': 'NotAvailable'}
{'company_name_zoominfo': 'NotAvailable', 'website': 'NotAvailable', 'headquarters': 'NotAvailable', 'SIC Code': 'NotAvailable', 'NAICS Code': 'NotAvailable', 'revenue': 'NotAvailable', 'Number of Employees': 'NotAvailable', 'LinkedIn url': 'NotAvailable'}
{'company_name_zoominfo': 'NotAvailable', 'website': 'NotAvailable', 'headquarters': 'NotAvailable', 'SIC Code': 'NotAvailable', 'NAICS Code': 'NotAvailable', 'revenue': 'NotAvailable', 'Number of Employees': 'NotAvailable', 'LinkedIn url': 'NotAvailable'}
{'company_name_zoominfo': 'NotAvailable', 'website': 'NotAvailable', 'headquarters': 'NotAvailable', 'SIC Code': 'NotAvailable', 'NAICS Code': 'NotAvailable', 'revenue': 'NotAvailable', 'Number of Employees': 'NotAvailable', 'LinkedIn url': 'NotAvailable'}
{'company_name_zoominfo': 'Safety Gear Pro', 'website': 'www.safetygearpro.com', 'headquarters': '13004 Murphy Rd Ste 224, Stafford, Texas, 77477, United States', 'SIC Code': '50,509', 'NAICS Code': '42,423', 'revenue': '<$5M', 'Number of Employees': '<25', 'LinkedIn url': '!not-found'}
{'company_name_zoominfo': 'NotAvailable', 'website': 'NotAvailable', 'headquarters': 'NotAvailable', 'SIC Code': 'NotAvailable', 'NAICS Code': 'NotAvailable', 'revenue': 'NotAvailable', 'Number of Employees': 'NotAvailable', 'LinkedIn url': 'NotAvailable'}
renewing ip
429
2a03:4000:6:d05f:78d7:1fff:fe72:3992
{'company_name_zoominfo': '!not-found', 'website': '!not-found', 'headquarters': '!not-found', 'SIC Code': '!not-found', 'NAICS Code': '!not-found', 'revenue': '!not-found', 'Number of Employees': '!not-found', 'LinkedIn url': '!not-found'}
{'company_name_zoominfo': 'ExpoBusiness', 'website': 'www.expobusiness.com', 'headquarters': '2150 Coral Way Ste 1, Miami, Florida, 33145, United States', 'SIC Code': '73,738', 'NAICS Code': '54,541', 'revenue': '<$5M', 'Number of Employees': '<25', 'LinkedIn url': 'https://www.linkedin.com/company/expo-business'}
{'company_name_zoominfo': 'Able Hands Mobile Massage', 'website': 'www.mymassageguy.com', 'headquarters': 'United States', 'SIC Code': '72,729', 'NAICS Code': '81,812', 'revenue': '<$5M', 'Number of Employees': '<25', 'LinkedIn url': 'https://www.linkedin.com/company/able-hands-mobile-massage'}
{'company_name_zoominfo': 'Ngallan', 'website': 'www.ngallan.com', 'headquarters': '!not-found', 'SIC Code': '87,874', 'NAICS Code': '54,541', 'revenue': ':<$5 Million', 'Number of Employees': '<25', 'LinkedIn url': '!not-found'}
{'company_name_zoominfo': 'Life Harmony Links', 'website': 'www.lifeharmonylinks.com', 'headquarters': '875 Ralph David Abernathy Blvd SW, Atlanta, Georgia, 30310, United Sta...', 'SIC Code': '73,738', 'NAICS Code': '56,561', 'revenue': '<$5M', 'Number of Employees': '<25', 'LinkedIn url': '!not-found'}
{'company_name_zoominfo': 'E-Z Schedule', 'website': 'www.e-zschedule.com', 'headquarters': '6 Peter Cooper Rd Ste 7H, New York City, New York, 10010, United State...', 'SIC Code': '73,737', 'NAICS Code': '51,518', 'revenue': '$7M', 'Number of Employees': '31', 'LinkedIn url': '!not-found'}
{'company_name_zoominfo': 'Seal Source', 'website': 'www.sealsourceinc.com', 'headquarters': '16027 NE Cameron Blvd, Portland, Oregon, 97230, United States', 'SIC Code': '30,305', 'NAICS Code': '33,339', 'revenue': '<$5M', 'Number of Employees': '<25', 'LinkedIn url': '!not-found'}
{'company_name_zoominfo': 'New York Local Pro', 'website': 'www.newyorklocalpro.com', 'headquarters': '61 Broadway Ste 2780, New York, New York, 10006, United States', 'SIC Code': '81,811', 'NAICS Code': '54,541', 'revenue': '<$5M', 'Number of Employees': '<25', 'LinkedIn url': '!not-found'}
{'company_name_zoominfo': 'Exit Real Estate Professionals Network', 'website': 'www.findknoxvillehouses.com', 'headquarters': '9821 Cogdill Rd Ste 1A, Knoxville, Tennessee, 37932, United States', 'SIC Code': '65,653', 'NAICS Code': '53,531', 'revenue': '$6.9M', 'Number of Employees': '<25', 'LinkedIn url': '!not-found'}
{'company_name_zoominfo': "O'Snap", 'website': 'www.osnapmobile.com', 'headquarters': '539 W Commerce Ste 475, Dallas, Texas, 75208, United States', 'SIC Code': '73,737', 'NAICS Code': '51,511', 'revenue': '<$5M', 'Number of Employees': '<25', 'LinkedIn url': '!not-found'}
{'company_name_zoominfo': 'NotAvailable', 'website': 'NotAvailable', 'headquarters': 'NotAvailable', 'SIC Code': 'NotAvailable', 'NAICS Code': 'NotAvailable', 'revenue': 'NotAvailable', 'Number of Employees': 'NotAvailable', 'LinkedIn url': 'NotAvailable'}
{'company_name_zoominfo': 'Buy Black Lou', 'website': 'www.theblackbusinessapp.com', 'headquarters': 'PO Box 23429, Louisville, Kentucky, 40223, United States', 'SIC Code': '73,738', 'NAICS Code': '56,561', 'revenue': '<$5M', 'Number of Employees': '<25', 'LinkedIn url': '!not-found'}
{'company_name_zoominfo': 'NotAvailable', 'website': 'NotAvailable', 'headquarters': 'NotAvailable', 'SIC Code': 'NotAvailable', 'NAICS Code': 'NotAvailable', 'revenue': 'NotAvailable', 'Number of Employees': 'NotAvailable', 'LinkedIn url': 'NotAvailable'}
{'company_name_zoominfo': 'Maven', 'website': 'www.maven-inc.com', 'headquarters': '2 Bala Plz Ste 300, Bala Cynwyd, Pennsylvania, 19004, United States', 'SIC Code': '87,874', 'NAICS Code': '54,541', 'revenue': '$9.1M', 'Number of Employees': '32', 'LinkedIn url': 'https://www.linkedin.com/company/maven-inc'}
{'company_name_zoominfo': 'People Growers Marketplace', 'website': 'www.peoplegrowersmarketplace.com', 'headquarters': '10110 SW Nimbus Ave B1, Portland, Oregon, 97223, United States', 'SIC Code': '86,861', 'NAICS Code': '81,813', 'revenue': '<$5M', 'Number of Employees': '<25', 'LinkedIn url': '!not-found'}
{'company_name_zoominfo': 'MS Services', 'website': 'www.msservices-inc.com', 'headquarters': '8943 J St, Omaha, Nebraska, 68127, United States', 'SIC Code': '17,172', 'NAICS Code': '23,238', 'revenue': '<$5M', 'Number of Employees': '<25', 'LinkedIn url': '!not-found'}
{'company_name_zoominfo': 'Mississippi Hub', 'website': 'www.mississippihub.com', 'headquarters': '!not-found', 'SIC Code': '27,274', 'NAICS Code': '51,511', 'revenue': ':<$5 Million', 'Number of Employees': '<25', 'LinkedIn url': '!not-found'}
