{'company_name_zoominfo': 'NotAvailable', 'website': 'NotAvailable', 'headquarters': 'NotAvailable', 'SIC Code': 'NotAvailable', 'NAICS Code': 'NotAvailable', 'revenue': 'NotAvailable', 'Number of Employees': 'NotAvailable', 'LinkedIn url': 'NotAvailable'}
{'company_name_zoominfo': 'Snapu', 'website': 'www.snapu.com', 'headquarters': '7507 1st Ave SW, Cedar Rapids, Iowa, 52405, United States', 'SIC Code': '48,489', 'NAICS Code': '81,812', 'revenue': '<$5M', 'Number of Employees': '<25', 'LinkedIn url': '!not-found'}
{'company_name_zoominfo': 'NotAvailable', 'website': 'NotAvailable', 'headquarters': 'NotAvailable', 'SIC Code': 'NotAvailable', 'NAICS Code': 'NotAvailable', 'revenue': 'NotAvailable', 'Number of Employees': 'NotAvailable', 'LinkedIn url': 'NotAvailable'}
{'company_name_zoominfo': 'Nearhero', 'website': 'www.nearhero.com', 'headquarters': '5907 W 28 Ave, Hialeah, Florida, 33016, United States', 'SIC Code': '73,737', 'NAICS Code': '54,541', 'revenue': '<$5M', 'Number of Employees': '<25', 'LinkedIn url': 'https://www.linkedin.com/company/nearhero'}
{'company_name_zoominfo': 'NotAvailable', 'website': 'NotAvailable', 'headquarters': 'NotAvailable', 'SIC Code': 'NotAvailable', 'NAICS Code': 'NotAvailable', 'revenue': 'NotAvailable', 'Number of Employees': 'NotAvailable', 'LinkedIn url': 'NotAvailable'}
{'company_name_zoominfo': 'ZuriTap', 'website': 'www.zuritap.com', 'headquarters': 'United States', 'SIC Code': '73,738', 'NAICS Code': '54,541', 'revenue': '<$5M', 'Number of Employees': '<25', 'LinkedIn url': 'https://www.linkedin.com/company/zuritapmobile'}
{'company_name_zoominfo': 'NotAvailable', 'website': 'NotAvailable', 'headquarters': 'NotAvailable', 'SIC Code': 'NotAvailable', 'NAICS Code': 'NotAvailable', 'revenue': 'NotAvailable', 'Number of Employees': 'NotAvailable', 'LinkedIn url': 'NotAvailable'}
{'company_name_zoominfo': 'NotAvailable', 'website': 'NotAvailable', 'headquarters': 'NotAvailable', 'SIC Code': 'NotAvailable', 'NAICS Code': 'NotAvailable', 'revenue': 'NotAvailable', 'Number of Employees': 'NotAvailable', 'LinkedIn url': 'NotAvailable'}
{'company_name_zoominfo': 'ThreeBestRated', 'website': 'www.threebestrated.com', 'headquarters': '317 Ranch Road 620 S 302G, Austin, Texas, 78734, United States', 'SIC Code': '72,722', 'NAICS Code': '54,541', 'revenue': '<$5M', 'Number of Employees': '<25', 'LinkedIn url': 'https://www.linkedin.com/company/threebestrated-com'}
{'company_name_zoominfo': 'NotAvailable', 'website': 'NotAvailable', 'headquarters': 'NotAvailable', 'SIC Code': 'NotAvailable', 'NAICS Code': 'NotAvailable', 'revenue': 'NotAvailable', 'Number of Employees': 'NotAvailable', 'LinkedIn url': 'NotAvailable'}
{'company_name_zoominfo': 'Weekly Paper', 'website': 'www.weeklypaper.com', 'headquarters': '!not-found', 'SIC Code': '27,271', 'NAICS Code': '51,511', 'revenue': '<$5M', 'Number of Employees': '<25', 'LinkedIn url': '!not-found'}
{'company_name_zoominfo': 'Telron', 'website': 'www.telron.co.uk', 'headquarters': '24 Gostwick Rd, Bedford, Bedfordshire, MK42 9XD, United Kingdom', 'SIC Code': '48,481', 'NAICS Code': '51,517', 'revenue': '<$5M', 'Number of Employees': '<25', 'LinkedIn url': '!not-found'}
{'company_name_zoominfo': 'NotAvailable', 'website': 'NotAvailable', 'headquarters': 'NotAvailable', 'SIC Code': 'NotAvailable', 'NAICS Code': 'NotAvailable', 'revenue': 'NotAvailable', 'Number of Employees': 'NotAvailable', 'LinkedIn url': 'NotAvailable'}
{'company_name_zoominfo': 'NotAvailable', 'website': 'NotAvailable', 'headquarters': 'NotAvailable', 'SIC Code': 'NotAvailable', 'NAICS Code': 'NotAvailable', 'revenue': 'NotAvailable', 'Number of Employees': 'NotAvailable', 'LinkedIn url': 'NotAvailable'}
{'company_name_zoominfo': 'NotAvailable', 'website': 'NotAvailable', 'headquarters': 'NotAvailable', 'SIC Code': 'NotAvailable', 'NAICS Code': 'NotAvailable', 'revenue': 'NotAvailable', 'Number of Employees': 'NotAvailable', 'LinkedIn url': 'NotAvailable'}
{'company_name_zoominfo': '!not-found', 'website': 'Puppies Behind Bars', 'headquarters': '!not-found', 'SIC Code': '!not-found', 'NAICS Code': '!not-found', 'revenue': '!not-found', 'Number of Employees': '!not-found', 'LinkedIn url': '!not-found'}
{'company_name_zoominfo': 'Parker Rust-Proof of Cleveland', 'website': 'www.parkerhq.com', 'headquarters': '1688 Arabella Rd, Cleveland, Ohio, 44112, United States', 'SIC Code': '34,347', 'NAICS Code': '33,332', 'revenue': '$7.4M', 'Number of Employees': '<25', 'LinkedIn url': 'https://www.linkedin.com/company/parker-rust-proof-co-'}
{'company_name_zoominfo': 'NotAvailable', 'website': 'NotAvailable', 'headquarters': 'NotAvailable', 'SIC Code': 'NotAvailable', 'NAICS Code': 'NotAvailable', 'revenue': 'NotAvailable', 'Number of Employees': 'NotAvailable', 'LinkedIn url': 'NotAvailable'}
site-not-indexed

{'company_name_zoominfo': '!not-found', 'website': '!not-found', 'headquarters': '!not-found', 'SIC Code': '!not-found', 'NAICS Code': '!not-found', 'revenue': '!not-found', 'Number of Employees': '!not-found', 'LinkedIn url': '!not-found'}
{'company_name_zoominfo': 'NotAvailable', 'website': 'NotAvailable', 'headquarters': 'NotAvailable', 'SIC Code': 'NotAvailable', 'NAICS Code': 'NotAvailable', 'revenue': 'NotAvailable', 'Number of Employees': 'NotAvailable', 'LinkedIn url': 'NotAvailable'}
{'company_name_zoominfo': 'California', 'website': 'www.california-company.com', 'headquarters': '12626 Riverside Dr, Valley Village, California, 91607, United States', 'SIC Code': '81,811', 'NAICS Code': '54,541', 'revenue': '<$5M', 'Number of Employees': '<25', 'LinkedIn url': '!not-found'}
{'company_name_zoominfo': 'yourStore', 'website': 'www.yourstore.com', 'headquarters': '!not-found', 'SIC Code': '51,513', 'NAICS Code': '42,424', 'revenue': '<$5M', 'Number of Employees': '<25', 'LinkedIn url': 'https://www.linkedin.com/company/yourstorecom'}
{'company_name_zoominfo': 'WikiSoft', 'website': 'www.wikisoft.com', 'headquarters': '315 Montgomery St, San Francisco, California, 94104, United States', 'SIC Code': '73,737', 'NAICS Code': '51,518', 'revenue': '<$5M', 'Number of Employees': '<25', 'LinkedIn url': '!not-found'}
{'company_name_zoominfo': 'NotAvailable', 'website': 'NotAvailable', 'headquarters': 'NotAvailable', 'SIC Code': 'NotAvailable', 'NAICS Code': 'NotAvailable', 'revenue': 'NotAvailable', 'Number of Employees': 'NotAvailable', 'LinkedIn url': 'NotAvailable'}
{'company_name_zoominfo': 'New World Tailoring', 'website': 'www.newworldtailoring.com', 'headquarters': '405 NW 7th Ct, Boynton Beach, Florida, 33426, United States', 'SIC Code': '56,569', 'NAICS Code': '44,448', 'revenue': '<$5M', 'Number of Employees': '<25', 'LinkedIn url': '!not-found'}
{'company_name_zoominfo': 'Pueblo Association of Realtors', 'website': 'www.pueblomls.org', 'headquarters': '2220 Kachina Dr, Pueblo, Colorado, 81008, United States', 'SIC Code': '45,458', 'NAICS Code': '48,488', 'revenue': '$51.8M', 'Number of Employees': '381', 'LinkedIn url': 'https://www.linkedin.com/company/1784694'}
{'company_name_zoominfo': 'Houston Tunnels App', 'website': 'www.houstontunnelsapp.com', 'headquarters': 'United States', 'SIC Code': '50,504', 'NAICS Code': '42,423', 'revenue': '<$5M', 'Number of Employees': '<25', 'LinkedIn url': '!not-found'}
{'company_name_zoominfo': 'Usecue', 'website': 'www.usecue.com', 'headquarters': '22 E Du Perronlaan, Delft, South Holland, Netherlands', 'SIC Code': '73,737', 'NAICS Code': '54,541', 'revenue': '$5.3M', 'Number of Employees': '<25', 'LinkedIn url': 'https://www.linkedin.com/company/usecue-webdevelopment'}
site-not-indexed

{'company_name_zoominfo': '!not-found', 'website': '!not-found', 'headquarters': '!not-found', 'SIC Code': '!not-found', 'NAICS Code': '!not-found', 'revenue': '!not-found', 'Number of Employees': '!not-found', 'LinkedIn url': '!not-found'}
{'company_name_zoominfo': 'NotAvailable', 'website': 'NotAvailable', 'headquarters': 'NotAvailable', 'SIC Code': 'NotAvailable', 'NAICS Code': 'NotAvailable', 'revenue': 'NotAvailable', 'Number of Employees': 'NotAvailable', 'LinkedIn url': 'NotAvailable'}
{'company_name_zoominfo': 'NotAvailable', 'website': 'NotAvailable', 'headquarters': 'NotAvailable', 'SIC Code': 'NotAvailable', 'NAICS Code': 'NotAvailable', 'revenue': 'NotAvailable', 'Number of Employees': 'NotAvailable', 'LinkedIn url': 'NotAvailable'}
{'company_name_zoominfo': 'NotAvailable', 'website': 'NotAvailable', 'headquarters': 'NotAvailable', 'SIC Code': 'NotAvailable', 'NAICS Code': 'NotAvailable', 'revenue': 'NotAvailable', 'Number of Employees': 'NotAvailable', 'LinkedIn url': 'NotAvailable'}
{'company_name_zoominfo': 'Task Ninja Services', 'website': 'www.taskninjaservices.com', 'headquarters': 'United States', 'SIC Code': '73,738', 'NAICS Code': '56,561', 'revenue': '<$5M', 'Number of Employees': '<25', 'LinkedIn url': 'https://www.linkedin.com/company/task-ninja-jamaica'}
{'company_name_zoominfo': 'NotAvailable', 'website': 'NotAvailable', 'headquarters': 'NotAvailable', 'SIC Code': 'NotAvailable', 'NAICS Code': 'NotAvailable', 'revenue': 'NotAvailable', 'Number of Employees': 'NotAvailable', 'LinkedIn url': 'NotAvailable'}
{'company_name_zoominfo': 'NotAvailable', 'website': 'NotAvailable', 'headquarters': 'NotAvailable', 'SIC Code': 'NotAvailable', 'NAICS Code': 'NotAvailable', 'revenue': 'NotAvailable', 'Number of Employees': 'NotAvailable', 'LinkedIn url': 'NotAvailable'}
{'company_name_zoominfo': 'NotAvailable', 'website': 'NotAvailable', 'headquarters': 'NotAvailable', 'SIC Code': 'NotAvailable', 'NAICS Code': 'NotAvailable', 'revenue': 'NotAvailable', 'Number of Employees': 'NotAvailable', 'LinkedIn url': 'NotAvailable'}
{'company_name_zoominfo': 'Youdawi', 'website': 'www.youdawi.com', 'headquarters': '!not-found', 'SIC Code': '48,489', 'NAICS Code': '51,518', 'revenue': '$5.1M', 'Number of Employees': '40', 'LinkedIn url': 'https://www.linkedin.com/company/youdawi'}
renewing ip
429
2001:678:e3c::c
{'company_name_zoominfo': 'Shadow West', 'website': 'www.shadowwest.com', 'headquarters': '1118 Meadowlark Pl, Molalla, Oregon, 97038, United States', 'SIC Code': '27,277', 'NAICS Code': '51,511', 'revenue': '<$5M', 'Number of Employees': '<25', 'LinkedIn url': 'https://www.linkedin.com/company/shadow-west-photography'}
{'company_name_zoominfo': 'CustomerX.i', 'website': 'www.customerxi.com', 'headquarters': '3102 Oak Lawn Ave, Dallas, Texas, 75219, United States', 'SIC Code': '73,738', 'NAICS Code': '56,561', 'revenue': '<$5M', 'Number of Employees': '<25', 'LinkedIn url': 'https://www.linkedin.com/company/customerxi'}
{'company_name_zoominfo': 'NotAvailable', 'website': 'NotAvailable', 'headquarters': 'NotAvailable', 'SIC Code': 'NotAvailable', 'NAICS Code': 'NotAvailable', 'revenue': 'NotAvailable', 'Number of Employees': 'NotAvailable', 'LinkedIn url': 'NotAvailable'}
{'company_name_zoominfo': 'NotAvailable', 'website': 'NotAvailable', 'headquarters': 'NotAvailable', 'SIC Code': 'NotAvailable', 'NAICS Code': 'NotAvailable', 'revenue': 'NotAvailable', 'Number of Employees': 'NotAvailable', 'LinkedIn url': 'NotAvailable'}
{'company_name_zoominfo': 'Techvo', 'website': 'www.techvo.net', 'headquarters': '332 W Lee Hwy Ste 404, Warrenton, Virginia, 20186, United States', 'SIC Code': '48,481', 'NAICS Code': '51,517', 'revenue': '<$5M', 'Number of Employees': '<25', 'LinkedIn url': 'https://www.linkedin.com/company/669425'}
{'company_name_zoominfo': 'nibu / International', 'website': 'nibu.app', 'headquarters': '!not-found', 'SIC Code': '72,729', 'NAICS Code': '51,518', 'revenue': '<$5M', 'Number of Employees': '<25', 'LinkedIn url': 'https://www.linkedin.com/company/nibu-international'}
{'company_name_zoominfo': 'NotAvailable', 'website': 'NotAvailable', 'headquarters': 'NotAvailable', 'SIC Code': 'NotAvailable', 'NAICS Code': 'NotAvailable', 'revenue': 'NotAvailable', 'Number of Employees': 'NotAvailable', 'LinkedIn url': 'NotAvailable'}
{'company_name_zoominfo': 'Utah Business', 'website': 'www.utahbusiness.com', 'headquarters': '55 N 300 W Ste 500, Salt Lake City, Utah, 84101, United States', 'SIC Code': '27,272', 'NAICS Code': '51,511', 'revenue': '<$5M', 'Number of Employees': '<25', 'LinkedIn url': 'https://www.linkedin.com/company/utah-business-magazine'}
{'company_name_zoominfo': 'Kudzu Company Credit Repair', 'website': 'www.kudzucompany.com', 'headquarters': 'United States', 'SIC Code': '76,769', 'NAICS Code': '81,811', 'revenue': '<$5M', 'Number of Employees': '<25', 'LinkedIn url': '!not-found'}
{'company_name_zoominfo': 'Uplift Arkansas', 'website': 'www.upliftarkansas.com', 'headquarters': '2300 Cottondale Ln 300, Little Rock, Arkansas, 72212, United States', 'SIC Code': '54,541', 'NAICS Code': '44,445', 'revenue': '<$5M', 'Number of Employees': '<25', 'LinkedIn url': '!not-found'}
{'company_name_zoominfo': '!not-found', 'website': '!not-found', 'headquarters': '!not-found', 'SIC Code': '!not-found', 'NAICS Code': '!not-found', 'revenue': '!not-found', 'Number of Employees': '!not-found', 'LinkedIn url': '!not-found'}
{'company_name_zoominfo': 'Botw', 'website': 'www.botw.org', 'headquarters': '1700 W Market St Ste 205, Akron, Ohio, 44313, United States', 'SIC Code': '73,737', 'NAICS Code': '51,517', 'revenue': '$18.6M', 'Number of Employees': '<25', 'LinkedIn url': 'https://www.linkedin.com/company/112010'}
{'company_name_zoominfo': 'Paygrade', 'website': 'www.paygrade.io', 'headquarters': '377 Scott Blvd, Milton, Ontario, L9T 0T1, Canada', 'SIC Code': '73,737', 'NAICS Code': '51,518', 'revenue': '<$5M', 'Number of Employees': '<25', 'LinkedIn url': 'https://www.linkedin.com/company/stash101'}
{'company_name_zoominfo': 'Yabba Dabba Doo', 'website': 'www.yabbadabbadoodles.com', 'headquarters': '10585 E Crescent Moon Dr, Scottsdale, Arizona, 85262, United States', 'SIC Code': '73,738', 'NAICS Code': '56,561', 'revenue': '<$5M', 'Number of Employees': '<25', 'LinkedIn url': '!not-found'}
{'company_name_zoominfo': 'Bellom', 'website': 'www.bellom.com', 'headquarters': '16175 Cleveland St 618, Redmond, Washington, 98052, United States', 'SIC Code': '51,514', 'NAICS Code': '45,453', 'revenue': '<$5M', 'Number of Employees': '<25', 'LinkedIn url': '!not-found'}
{'company_name_zoominfo': 'Dnifit', 'website': 'www.dnifit.com', 'headquarters': '11 Powerhouse Rd, Roslyn Heights, New York, 11577, United States', 'SIC Code': '73,737', 'NAICS Code': '51,517', 'revenue': '<$5M', 'Number of Employees': '<25', 'LinkedIn url': 'https://www.linkedin.com/company/dnifit'}
{'company_name_zoominfo': 'Blackout Cyber', 'website': 'www.blackoutcyber.com', 'headquarters': '8900 Crosspointe Glen Way, Lorton, Virginia, 22079, United States', 'SIC Code': '73,737', 'NAICS Code': '51,517', 'revenue': '<$5M', 'Number of Employees': '<25', 'LinkedIn url': '!not-found'}
{'company_name_zoominfo': 'NotAvailable', 'website': 'NotAvailable', 'headquarters': 'NotAvailable', 'SIC Code': 'NotAvailable', 'NAICS Code': 'NotAvailable', 'revenue': 'NotAvailable', 'Number of Employees': 'NotAvailable', 'LinkedIn url': 'NotAvailable'}
renewing ip
429
2a01:6340:2:501::20
{'company_name_zoominfo': 'HelpMeNow Mobile', 'website': 'www.hmnmobile.com', 'headquarters': '2020 Sunrise Valley Dr Ste 100, Reston, Virginia, 20191, United States', 'SIC Code': '72,729', 'NAICS Code': '81,812', 'revenue': '<$5M', 'Number of Employees': '<25', 'LinkedIn url': '!not-found'}
{'company_name_zoominfo': 'NotAvailable', 'website': 'NotAvailable', 'headquarters': 'NotAvailable', 'SIC Code': 'NotAvailable', 'NAICS Code': 'NotAvailable', 'revenue': 'NotAvailable', 'Number of Employees': 'NotAvailable', 'LinkedIn url': 'NotAvailable'}
{'company_name_zoominfo': 'NotAvailable', 'website': 'NotAvailable', 'headquarters': 'NotAvailable', 'SIC Code': 'NotAvailable', 'NAICS Code': 'NotAvailable', 'revenue': 'NotAvailable', 'Number of Employees': 'NotAvailable', 'LinkedIn url': 'NotAvailable'}
{'company_name_zoominfo': 'NotAvailable', 'website': 'NotAvailable', 'headquarters': 'NotAvailable', 'SIC Code': 'NotAvailable', 'NAICS Code': 'NotAvailable', 'revenue': 'NotAvailable', 'Number of Employees': 'NotAvailable', 'LinkedIn url': 'NotAvailable'}
{'company_name_zoominfo': 'NotAvailable', 'website': 'NotAvailable', 'headquarters': 'NotAvailable', 'SIC Code': 'NotAvailable', 'NAICS Code': 'NotAvailable', 'revenue': 'NotAvailable', 'Number of Employees': 'NotAvailable', 'LinkedIn url': 'NotAvailable'}
{'company_name_zoominfo': 'NotAvailable', 'website': 'NotAvailable', 'headquarters': 'NotAvailable', 'SIC Code': 'NotAvailable', 'NAICS Code': 'NotAvailable', 'revenue': 'NotAvailable', 'Number of Employees': 'NotAvailable', 'LinkedIn url': 'NotAvailable'}
{'company_name_zoominfo': 'Blaxfriday', 'website': 'www.blaxfriday.com', 'headquarters': '1090 S Gilbert Rd, Gilbert, Arizona, 85296, United States', 'SIC Code': '73,731', 'NAICS Code': '54,541', 'revenue': '<$5M', 'Number of Employees': '<25', 'LinkedIn url': 'https://www.linkedin.com/company/bay-street-capital-holdings'}
{'company_name_zoominfo': 'Dey', 'website': 'dey.nyc', 'headquarters': '165 Hudson St Apt 6B, New York City, New York, 10013, United States', 'SIC Code': '73,738', 'NAICS Code': '56,561', 'revenue': '<$5M', 'Number of Employees': '<25', 'LinkedIn url': '!not-found'}
{'company_name_zoominfo': 'NotAvailable', 'website': 'NotAvailable', 'headquarters': 'NotAvailable', 'SIC Code': 'NotAvailable', 'NAICS Code': 'NotAvailable', 'revenue': 'NotAvailable', 'Number of Employees': 'NotAvailable', 'LinkedIn url': 'NotAvailable'}
{'company_name_zoominfo': 'NotAvailable', 'website': 'NotAvailable', 'headquarters': 'NotAvailable', 'SIC Code': 'NotAvailable', 'NAICS Code': 'NotAvailable', 'revenue': 'NotAvailable', 'Number of Employees': 'NotAvailable', 'LinkedIn url': 'NotAvailable'}
{'company_name_zoominfo': 'Easyfie', 'website': 'www.easyfie.com', 'headquarters': '71 Shelton St, London, Greater London, WC2H 9JQ, United Kingdom', 'SIC Code': '51,513', 'NAICS Code': '42,424', 'revenue': '<$5M', 'Number of Employees': '<25', 'LinkedIn url': 'https://www.linkedin.com/company/easyfile'}
{'company_name_zoominfo': 'NotAvailable', 'website': 'NotAvailable', 'headquarters': 'NotAvailable', 'SIC Code': 'NotAvailable', 'NAICS Code': 'NotAvailable', 'revenue': 'NotAvailable', 'Number of Employees': 'NotAvailable', 'LinkedIn url': 'NotAvailable'}
{'company_name_zoominfo': '1-800-722-6032', 'website': 'www.africanyellowpagesusa.com', 'headquarters': '305 Spring Creek Village Rd, Dallas, Texas, 75248, United States', 'SIC Code': '27,274', 'NAICS Code': '51,511', 'revenue': '<$5M', 'Number of Employees': '<25', 'LinkedIn url': '!not-found'}
{'company_name_zoominfo': "Modesto's Karate", 'website': 'www.modestoskarateacademy-eggharbortownship.com', 'headquarters': '6760 Washington Egg Ave, Egg Harbor Township, New Jersey, 08234, Unite...', 'SIC Code': '79,799', 'NAICS Code': '61,611', 'revenue': '<$5M', 'Number of Employees': '<25', 'LinkedIn url': '!not-found'}
{'company_name_zoominfo': 'NotAvailable', 'website': 'NotAvailable', 'headquarters': 'NotAvailable', 'SIC Code': 'NotAvailable', 'NAICS Code': 'NotAvailable', 'revenue': 'NotAvailable', 'Number of Employees': 'NotAvailable', 'LinkedIn url': 'NotAvailable'}
{'company_name_zoominfo': 'NotAvailable', 'website': 'NotAvailable', 'headquarters': 'NotAvailable', 'SIC Code': 'NotAvailable', 'NAICS Code': 'NotAvailable', 'revenue': 'NotAvailable', 'Number of Employees': 'NotAvailable', 'LinkedIn url': 'NotAvailable'}
{'company_name_zoominfo': 'Freead1.net', 'website': 'www.freead1.net', 'headquarters': '1201 Camino Del Mar Ste 205, Del Mar, California, 92014, United States', 'SIC Code': '48,489', 'NAICS Code': '51,517', 'revenue': '$8.6M', 'Number of Employees': '42', 'LinkedIn url': '!not-found'}
{'company_name_zoominfo': 'NotAvailable', 'website': 'NotAvailable', 'headquarters': 'NotAvailable', 'SIC Code': 'NotAvailable', 'NAICS Code': 'NotAvailable', 'revenue': 'NotAvailable', 'Number of Employees': 'NotAvailable', 'LinkedIn url': 'NotAvailable'}
{'company_name_zoominfo': 'Genesee Valley Quilt Club', 'website': 'www.geneseevalleyquiltfest.com', 'headquarters': '1 Lomb Memorial Dr, Rochester, New York, 14623, United States', 'SIC Code': '59,594', 'NAICS Code': '45,451', 'revenue': '<$5M', 'Number of Employees': '<25', 'LinkedIn url': '!not-found'}
{'company_name_zoominfo': '!not-found', 'website': '!not-found', 'headquarters': '!not-found', 'SIC Code': '!not-found', 'NAICS Code': '!not-found', 'revenue': '!not-found', 'Number of Employees': '!not-found', 'LinkedIn url': '!not-found'}
{'company_name_zoominfo': 'Super Amarelas', 'website': 'www.superamarelas.com', 'headquarters': '1337 Ave Duque De Caxias 102, Pelotas, Rio Grande do Sul, 96000-000, B...', 'SIC Code': '73,737', 'NAICS Code': '81,811', 'revenue': '$5M', 'Number of Employees': '29', 'LinkedIn url': 'https://www.linkedin.com/company/super-amarelas'}
{'company_name_zoominfo': 'NotAvailable', 'website': 'NotAvailable', 'headquarters': 'NotAvailable', 'SIC Code': 'NotAvailable', 'NAICS Code': 'NotAvailable', 'revenue': 'NotAvailable', 'Number of Employees': 'NotAvailable', 'LinkedIn url': 'NotAvailable'}
{'company_name_zoominfo': 'NotAvailable', 'website': 'NotAvailable', 'headquarters': 'NotAvailable', 'SIC Code': 'NotAvailable', 'NAICS Code': 'NotAvailable', 'revenue': 'NotAvailable', 'Number of Employees': 'NotAvailable', 'LinkedIn url': 'NotAvailable'}
{'company_name_zoominfo': 'vKind', 'website': 'www.vkind.com', 'headquarters': 'United States', 'SIC Code': '27,274', 'NAICS Code': '51,511', 'revenue': '<$5M', 'Number of Employees': '<25', 'LinkedIn url': 'https://www.linkedin.com/company/vkind-app'}
{'company_name_zoominfo': 'Cruncher Baits', 'website': 'www.cruncherbaits.com', 'headquarters': '23810 Hayes, Roseville, Michigan, 48066, United States', 'SIC Code': '59,594', 'NAICS Code': '45,451', 'revenue': '<$5M', 'Number of Employees': '<25', 'LinkedIn url': '!not-found'}
{'company_name_zoominfo': 'TOPRO', 'website': 'www.topromobility.co.uk', 'headquarters': '3mc Middlemarch Business Park Siskin Dr, Coventry, West Midlands, CV3 ...', 'SIC Code': '59,596', 'NAICS Code': '45,454', 'revenue': '<$5M', 'Number of Employees': '<25', 'LinkedIn url': 'https://www.linkedin.com/company/topro-gmbh'}
{'company_name_zoominfo': 'Workaholics', 'website': 'www.workaholics-gmbh.de', 'headquarters': '28 Paul-heyse-str., München, Bayern, 80336, Germany', 'SIC Code': '73,736', 'NAICS Code': '56,561', 'revenue': '<$5M', 'Number of Employees': '<25', 'LinkedIn url': '!not-found'}
{'company_name_zoominfo': 'Integrity Technology Services', 'website': 'www.integritytechservice.com', 'headquarters': '1112 Walnut Ave Ste 12, Tustin, California, 92780, United States', 'SIC Code': '55,551', 'NAICS Code': '44,441', 'revenue': '<$5M', 'Number of Employees': '<25', 'LinkedIn url': '!not-found'}
{'company_name_zoominfo': 'Personal Gofer', 'website': 'www.personalgofer.com', 'headquarters': '2333 Brickell Ave Ste D1, Miami, Florida, 33129, United States', 'SIC Code': '73,738', 'NAICS Code': '81,812', 'revenue': '<$5M', 'Number of Employees': '<25', 'LinkedIn url': 'https://www.linkedin.com/company/personalgofer'}
renewing ip
429
2a03:4000:6:d05f:78d7:1fff:fe72:3992
{'company_name_zoominfo': 'Resolve', 'website': 'www.resolve.io', 'headquarters': '300 Orchard City Dr Ste 110, Campbell, California, 95008, United State...', 'SIC Code': '73,737', 'NAICS Code': '51,518', 'revenue': '$31.5M', 'Number of Employees': '150', 'LinkedIn url': 'https://www.linkedin.com/company/resolvesystems'}
{'company_name_zoominfo': 'DZlinko', 'website': 'www.dzlinko.com', 'headquarters': 'United States', 'SIC Code': '73,738', 'NAICS Code': '56,561', 'revenue': '<$5M', 'Number of Employees': '<25', 'LinkedIn url': '!not-found'}
{'company_name_zoominfo': 'DZlinko', 'website': 'www.dzlinko.com', 'headquarters': 'United States', 'SIC Code': '73,738', 'NAICS Code': '56,561', 'revenue': '<$5M', 'Number of Employees': '<25', 'LinkedIn url': '!not-found'}
{'company_name_zoominfo': 'Black Business Ink', 'website': 'www.blackbusinessink.com', 'headquarters': 'PO Box 20693, Winston Salem, North Carolina, 27120, United States', 'SIC Code': '27,272', 'NAICS Code': '51,511', 'revenue': '<$5M', 'Number of Employees': '<25', 'LinkedIn url': '!not-found'}
{'company_name_zoominfo': 'Bizzy', 'website': 'www.bizzy.co.id', 'headquarters': 'Sinar Mas Digital Venture Bldg Jalan Riau No. 1, Menteng, Jakarta, Ind...', 'SIC Code': '87,873', 'NAICS Code': '54,541', 'revenue': '<$5M', 'Number of Employees': '<25', 'LinkedIn url': 'https://www.linkedin.com/company/6412446'}
{'company_name_zoominfo': 'NotAvailable', 'website': 'NotAvailable', 'headquarters': 'NotAvailable', 'SIC Code': 'NotAvailable', 'NAICS Code': 'NotAvailable', 'revenue': 'NotAvailable', 'Number of Employees': 'NotAvailable', 'LinkedIn url': 'NotAvailable'}
{'company_name_zoominfo': 'JoatSpace', 'website': 'www.joatspace.com', 'headquarters': 'Syosset, New York, 11791, United States', 'SIC Code': '72,722', 'NAICS Code': '54,541', 'revenue': '<$5M', 'Number of Employees': '<25', 'LinkedIn url': 'https://www.linkedin.com/company/joatspace'}
{'company_name_zoominfo': 'Youbble', 'website': 'www.youbble.com', 'headquarters': '!not-found', 'SIC Code': '82,822', 'NAICS Code': '61,611', 'revenue': '<$5M', 'Number of Employees': '<25', 'LinkedIn url': 'https://www.linkedin.com/company/youbble'}
{'company_name_zoominfo': 'NotAvailable', 'website': 'NotAvailable', 'headquarters': 'NotAvailable', 'SIC Code': 'NotAvailable', 'NAICS Code': 'NotAvailable', 'revenue': 'NotAvailable', 'Number of Employees': 'NotAvailable', 'LinkedIn url': 'NotAvailable'}
{'company_name_zoominfo': '!not-found', 'website': 'Upstart', 'headquarters': '!not-found', 'SIC Code': '!not-found', 'NAICS Code': '!not-found', 'revenue': '!not-found', 'Number of Employees': '!not-found', 'LinkedIn url': '!not-found'}
{'company_name_zoominfo': '!not-found', 'website': 'ServiceWiz', 'headquarters': '!not-found', 'SIC Code': '!not-found', 'NAICS Code': '!not-found', 'revenue': '!not-found', 'Number of Employees': '!not-found', 'LinkedIn url': '!not-found'}
{'company_name_zoominfo': 'Frendorsed', 'website': 'www.frendorsed.com', 'headquarters': 'Phoenix, Arizona, United States', 'SIC Code': '72,722', 'NAICS Code': '54,541', 'revenue': '<$5M', 'Number of Employees': '26', 'LinkedIn url': 'https://www.linkedin.com/company/frendorsed'}
{'company_name_zoominfo': 'I Need A Hand', 'website': 'www.ineedahand.net', 'headquarters': '!not-found', 'SIC Code': '82,822', 'NAICS Code': '51,517', 'revenue': '<$5M', 'Number of Employees': '38', 'LinkedIn url': 'https://www.linkedin.com/company/ineedahand'}
{'company_name_zoominfo': 'OpenClick', 'website': 'www.creareunapp.it', 'headquarters': '49 Via Cantaluppi, Lipomo, Lombardy, 22030, Italy', 'SIC Code': '58,581', 'NAICS Code': '72,722', 'revenue': '<$5M', 'Number of Employees': '<25', 'LinkedIn url': 'https://www.linkedin.com/company/openclick'}
{'company_name_zoominfo': 'NotAvailable', 'website': 'NotAvailable', 'headquarters': 'NotAvailable', 'SIC Code': 'NotAvailable', 'NAICS Code': 'NotAvailable', 'revenue': 'NotAvailable', 'Number of Employees': 'NotAvailable', 'LinkedIn url': 'NotAvailable'}
