{'company_name_zoominfo': 'Optimal Digital Marketing', 'website': 'www.optimal.marketing', 'headquarters': '161 S Riverheath Way Ste 2100, Appleton, Wisconsin, 54915, United Stat...', 'SIC Code': '87,874', 'NAICS Code': '54,541', 'revenue': '<$5M', 'Number of Employees': '<25', 'LinkedIn url': 'http://www.linkedin.com/company/optimaldigitalmarketing'}
{'company_name_zoominfo': 'Kyber Digital', 'website': 'www.kyberdigital.com', 'headquarters': 'United States', 'SIC Code': '87,874', 'NAICS Code': '54,541', 'revenue': '<$5M', 'Number of Employees': '<25', 'LinkedIn url': 'http://www.linkedin.com/company/kyberdigital'}
{'company_name_zoominfo': 'Quillin', 'website': 'www.quillinlv.com', 'headquarters': '8080 W Sahara Ave Ste A, Las Vegas, Nevada, 89117, United States', 'SIC Code': '73,731', 'NAICS Code': '54,541', 'revenue': '<$5M', 'Number of Employees': '<25', 'LinkedIn url': 'http://www.linkedin.com/company/quillinlv'}
{'company_name_zoominfo': 'TMD Management Group', 'website': 'www.tmdmktg.com', 'headquarters': '476 Heritage Park Blvd Ste 104, Layton, Utah, 84041, United States', 'SIC Code': '73,736', 'NAICS Code': '56,561', 'revenue': '<$5M', 'Number of Employees': '<25', 'LinkedIn url': 'http://www.linkedin.com/company/tmd-mktg'}
{'company_name_zoominfo': 'Boost by Design', 'website': 'www.boostbydesign.com', 'headquarters': '428 Bull St Ste 203, Savannah, Georgia, 31401, United States', 'SIC Code': '73,738', 'NAICS Code': '54,541', 'revenue': '<$5M', 'Number of Employees': '<25', 'LinkedIn url': 'http://www.linkedin.com/company/boost-by-design'}
renewing ip
429
2620:7:6001::122
{'company_name_zoominfo': 'Indeed', 'website': 'www.indeed.com', 'headquarters': '6433 Champion Grandview Way Bldg 1, Austin, Texas, 78750, United State...', 'SIC Code': '73,737', 'NAICS Code': '51,518', 'revenue': '$4.8B', 'Number of Employees': '11,500', 'LinkedIn url': 'http://www.linkedin.com/company/indeed-com'}
{'company_name_zoominfo': 'Real Xposure', 'website': 'www.realxposure.com', 'headquarters': '1293 N University Dr Ste 144, Crystal Springs, Florida, 33524, United ...', 'SIC Code': '73,737', 'NAICS Code': '51,518', 'revenue': '<$5M', 'Number of Employees': '<25', 'LinkedIn url': 'http://www.linkedin.com/company/real-xposure-inc'}
{'company_name_zoominfo': 'Conversion Moxy', 'website': 'www.conversionmoxy.com', 'headquarters': '2536 Reynolda Rd, Winston Salem, North Carolina, 27106, United States', 'SIC Code': '87,874', 'NAICS Code': '54,541', 'revenue': '<$5M', 'Number of Employees': '<25', 'LinkedIn url': 'http://www.linkedin.com/company/conversionmoxy'}
{'company_name_zoominfo': 'Ava Dma', 'website': 'www.avadma.com', 'headquarters': '228 Park Ave S 51087, New York City, New York, 10003, United States', 'SIC Code': '73,731', 'NAICS Code': '54,541', 'revenue': '<$5M', 'Number of Employees': '<25', 'LinkedIn url': '!not-found'}
{'company_name_zoominfo': 'Page One', 'website': 'www.pageone.no', 'headquarters': '1d Jernbanegaten, Tonsberg, Vestfold, 3110, Norway', 'SIC Code': '73,737', 'NAICS Code': '81,811', 'revenue': '<$5M', 'Number of Employees': '<25', 'LinkedIn url': '!not-found'}
{'company_name_zoominfo': 'Ydop', 'website': 'www.ydop.com', 'headquarters': '127 E Orange St, Lancaster, Pennsylvania, 17602, United States', 'SIC Code': '73,731', 'NAICS Code': '54,541', 'revenue': '<$5M', 'Number of Employees': '<25', 'LinkedIn url': 'http://www.linkedin.com/company/ydop'}
{'company_name_zoominfo': 'Spokes Digital', 'website': 'www.spokesdigital.us', 'headquarters': '2010 Crow Canyon Pl Ste 100, San Ramon, California, 94583, United Stat...', 'SIC Code': '86,73', 'NAICS Code': '54,541', 'revenue': '$6.2M', 'Number of Employees': '74', 'LinkedIn url': 'http://www.linkedin.com/company/spokes_digital'}
{'company_name_zoominfo': 'Iowa Digital', 'website': 'www.iowadnb.com', 'headquarters': '4150 Westown Pkwy 101, West Des Moines, Iowa, 50266, United States', 'SIC Code': '73,738', 'NAICS Code': '54,541', 'revenue': '<$5M', 'Number of Employees': '<25', 'LinkedIn url': 'http://www.linkedin.com/company/iowa-digital-newsboards'}
{'company_name_zoominfo': 'HUNTER Digital', 'website': 'www.hunterdigitalmarketing.com', 'headquarters': '7 Lowell Rd, Port Washington, New York, 11050, United States', 'SIC Code': '73,731', 'NAICS Code': '54,541', 'revenue': '<$5M', 'Number of Employees': '<25', 'LinkedIn url': 'http://www.linkedin.com/company/hunter-digital'}
{'company_name_zoominfo': 'eWebResults', 'website': 'www.ewrdigital.com', 'headquarters': '13105 Northwest Fwy Ste 765, Houston, Texas, 77040, United States', 'SIC Code': '73,731', 'NAICS Code': '54,541', 'revenue': '$5.9M', 'Number of Employees': '<25', 'LinkedIn url': 'http://www.linkedin.com/company/ewebresults'}
{'company_name_zoominfo': '108 Agency', 'website': 'www.108agency.cz', 'headquarters': '939/20 Příběnická, Prague, 130 00, Czech Republic', 'SIC Code': '17,175', 'NAICS Code': '23,238', 'revenue': '$6.8M', 'Number of Employees': '<25', 'LinkedIn url': 'http://www.linkedin.com/company/108-agency'}
('Connection aborted.', RemoteDisconnected('Remote end closed connection without response'))
<class 'UnboundLocalError'>
error in http://webcache.googleusercontent.com/search?q=cache%3Ahttps%3A%2F%2Fwww.zoominfo.com%2Fc%2Fnorthpeak%2F473607650
local variable 'page_content' referenced before assignment
https://www.zoominfo.com/c/northpeak/473607650
{'company_name_zoominfo': '!unknown-error', 'website': '!unknown-error', 'headquarters': '!unknown-error', 'SIC Code': '!unknown-error', 'NAICS Code': '!unknown-error', 'revenue': '!unknown-error', 'Number of Employees': '!unknown-error', 'LinkedIn url': '!unknown-error'}
renewing ip
429
2a03:e600:100::77
{'company_name_zoominfo': '!not-found', 'website': '!not-found', 'headquarters': '!not-found', 'SIC Code': '!not-found', 'NAICS Code': '!not-found', 'revenue': '!not-found', 'Number of Employees': '!not-found', 'LinkedIn url': '!not-found'}
{'company_name_zoominfo': 'Linear Design', 'website': 'www.lineardesign.com', 'headquarters': '9160 S 300 W Ste 5, Sandy, Utah, 84070, United States', 'SIC Code': '73,731', 'NAICS Code': '54,541', 'revenue': '<$5M', 'Number of Employees': '<25', 'LinkedIn url': 'http://www.linkedin.com/company/linear-design'}
{'company_name_zoominfo': 'Solutions', 'website': 'www.i76solutions.com', 'headquarters': '1254 Cressman Rd, Skippack, Pennsylvania, 19474, United States', 'SIC Code': '73,731', 'NAICS Code': '54,541', 'revenue': '$14.2M', 'Number of Employees': '69', 'LinkedIn url': 'http://www.linkedin.com/company/i76-solutions'}
{'company_name_zoominfo': 'Plaudit Design', 'website': 'www.plaudit.com', 'headquarters': '2470 University Ave West, Saint Paul, Minnesota, 55114, United States', 'SIC Code': '73,737', 'NAICS Code': '51,518', 'revenue': '$5.4M', 'Number of Employees': '<25', 'LinkedIn url': 'http://www.linkedin.com/company/plaudit-design'}
{'company_name_zoominfo': 'Pareto Marketing', 'website': 'www.paretomarketing.co.uk', 'headquarters': 'Marketing Suite 1b Station House Adams Hl, Knutsford, Cheshire, WA16 6...', 'SIC Code': '87,874', 'NAICS Code': '54,541', 'revenue': '<$5M', 'Number of Employees': '<25', 'LinkedIn url': 'http://www.linkedin.com/company/pareto-marketing'}
{'company_name_zoominfo': 'Top Notch Dezigns NY', 'website': 'www.topnotchdezigns.com', 'headquarters': '445 Broadhollow Rd Ste 25, Melville, New York, 11747, United States', 'SIC Code': '73,731', 'NAICS Code': '54,541', 'revenue': '$10M', 'Number of Employees': '50', 'LinkedIn url': 'http://www.linkedin.com/company/top-notch-dezigns-ny-llc'}
{'company_name_zoominfo': 'Slt Consulting', 'website': 'www.sltconsulting.co', 'headquarters': '2364 Darts Cove Way, Mount Pleasant, South Carolina, 29466, United Sta...', 'SIC Code': '87,874', 'NAICS Code': '54,541', 'revenue': '<$5M', 'Number of Employees': '<25', 'LinkedIn url': 'http://www.linkedin.com/company/slt-llc'}
{'company_name_zoominfo': 'Mabbly', 'website': 'www.mabbly.com', 'headquarters': '640 N La Salle Dr Ste 638, Chicago, Illinois, 60654, United States', 'SIC Code': '87,874', 'NAICS Code': '54,541', 'revenue': '<$5M', 'Number of Employees': '<25', 'LinkedIn url': 'http://www.linkedin.com/company/mabbly'}
{'company_name_zoominfo': 'Charmac Solutions', 'website': 'www.charmac.com', 'headquarters': '1989 University Ln Ste G, Lisle, Illinois, 60532, United States', 'SIC Code': '59,596', 'NAICS Code': '45,454', 'revenue': '$19M', 'Number of Employees': '26', 'LinkedIn url': 'http://www.linkedin.com/company/charmac-solutions-llc'}
{'company_name_zoominfo': 'HawkSEM', 'website': 'www.hawksem.com', 'headquarters': '10940 Wilshire Blvd 1600, Los Angeles, California, 90024, United State...', 'SIC Code': '87,874', 'NAICS Code': '54,541', 'revenue': '<$5M', 'Number of Employees': '<25', 'LinkedIn url': 'http://www.linkedin.com/company/hawksem'}
{'company_name_zoominfo': 'Local Management', 'website': 'www.localmanagement.us', 'headquarters': '200 Lindell Blvd Ste 914, Delray Beach, Florida, 33483, United States', 'SIC Code': '73,731', 'NAICS Code': '54,541', 'revenue': '$5.3M', 'Number of Employees': '<25', 'LinkedIn url': 'http://www.linkedin.com/company/local-point-marketing-group'}
{'company_name_zoominfo': '45rpm', 'website': 'www.45rpm.co', 'headquarters': '7006 Carroll Ave Ste 200, Takoma Park, Maryland, 20912, United States', 'SIC Code': '73,731', 'NAICS Code': '54,541', 'revenue': '<$5M', 'Number of Employees': '<25', 'LinkedIn url': 'http://www.linkedin.com/company/45rpm'}
renewing ip
429
2a03:e600:100::67
{'company_name_zoominfo': 'OptFirst', 'website': 'www.optfirst.com', 'headquarters': '168 NE 96th St, Miami Shores, Florida, 33138, United States', 'SIC Code': '87,874', 'NAICS Code': '54,541', 'revenue': '$9.5M', 'Number of Employees': '<25', 'LinkedIn url': 'http://www.linkedin.com/company/optfirst'}
{'company_name_zoominfo': 'Kanbar Digital', 'website': 'www.kanbardigital.com', 'headquarters': '550 W B St, San Diego, California, 92101, United States', 'SIC Code': '73,738', 'NAICS Code': '56,561', 'revenue': '<$5M', 'Number of Employees': '<25', 'LinkedIn url': '!not-found'}
{'company_name_zoominfo': 'Wingman Agency', 'website': 'www.weareyourwingman.com', 'headquarters': '2 Goudsbloemstraat, Leuven, Flanders, 3000, Belgium', 'SIC Code': '73,731', 'NAICS Code': '54,541', 'revenue': '<$5M', 'Number of Employees': '<25', 'LinkedIn url': 'http://www.linkedin.com/company/we-are-your-wingman'}
{'company_name_zoominfo': 'Web Tech Fusion', 'website': 'www.webtechfusion.com', 'headquarters': '701 Appomattox Trace Rd, Powhatan, Virginia, 23139, United States', 'SIC Code': '73,737', 'NAICS Code': '54,541', 'revenue': '<$5M', 'Number of Employees': '<25', 'LinkedIn url': 'http://www.linkedin.com/company/web-tech-fusion'}
{'company_name_zoominfo': '!not-found', 'website': 'James & Matthew', 'headquarters': '!not-found', 'SIC Code': '!not-found', 'NAICS Code': '!not-found', 'revenue': '!not-found', 'Number of Employees': '!not-found', 'LinkedIn url': '!not-found'}
{'company_name_zoominfo': 'Digital Drew SEM', 'website': 'www.digitaldrewsem.com', 'headquarters': '300 E 75th St, New York, New York, 10021, United States', 'SIC Code': '73,731', 'NAICS Code': '54,541', 'revenue': '<$5M', 'Number of Employees': '<25', 'LinkedIn url': 'http://www.linkedin.com/company/digitaldrew'}
{'company_name_zoominfo': 'InPulse Digital', 'website': 'www.inpulsedigital.com', 'headquarters': '95 Merrick Way Fl 3, Coral Gables, Florida, 33134, United States', 'SIC Code': '73,731', 'NAICS Code': '54,541', 'revenue': '$6M', 'Number of Employees': '<25', 'LinkedIn url': 'http://www.linkedin.com/company/inpulsedigital'}
{'company_name_zoominfo': 'SC Digital', 'website': 'www.scdigital.com', 'headquarters': '405 The Hl, Portsmouth, New Hampshire, 03801, United States', 'SIC Code': '73,731', 'NAICS Code': '54,541', 'revenue': '<$5M', 'Number of Employees': '<25', 'LinkedIn url': 'http://www.linkedin.com/company/solomon-strategic-business-development'}
{'company_name_zoominfo': 'WISE Digital Partners', 'website': 'www.wisedigitalpartners.com', 'headquarters': '500 W Harbor Dr 303, San Diego, California, 92101, United States', 'SIC Code': '87,874', 'NAICS Code': '54,541', 'revenue': '<$5M', 'Number of Employees': '<25', 'LinkedIn url': 'http://www.linkedin.com/company/wise-digital-partners'}
{'company_name_zoominfo': 'From The Future', 'website': 'ftf.agency', 'headquarters': '448 N 10th St Ste 401, Philadelphia, Pennsylvania, 19123, United State...', 'SIC Code': '73,737', 'NAICS Code': '54,541', 'revenue': '<$5M', 'Number of Employees': '<25', 'LinkedIn url': "http://www.linkedin.com/company/i'm-from-the-future-llc"}
{'company_name_zoominfo': 'Proper', 'website': 'www.properandco.com', 'headquarters': '9655 S Dixie Hwy Ste 202, Miami, Florida, 33156, United States', 'SIC Code': '73,731', 'NAICS Code': '54,541', 'revenue': '<$5M', 'Number of Employees': '<25', 'LinkedIn url': 'http://www.linkedin.com/company/properandco'}
renewing ip
429
2620:18c:0:192::135
renewing ip
429
2001:67c:6ec:203:192:42:116:175
renewing ip
429
2001:67c:6ec:203:192:42:116:175
renewing ip
429
2a0b:f4c2:1::1
renewing ip
429
2001:67c:6ec:203:192:42:116:196
renewing ip
429
2001:67c:6ec:203:192:42:116:196
{'company_name_zoominfo': 'Smashed Media', 'website': 'www.smashedmedia.com', 'headquarters': '902 Clint Moore Rd 108, Boca Raton, Florida, 33487, United States', 'SIC Code': '87,874', 'NAICS Code': '54,541', 'revenue': '<$5M', 'Number of Employees': '<25', 'LinkedIn url': 'http://www.linkedin.com/company/smashedmedia'}
{'company_name_zoominfo': 'Ideometry', 'website': 'www.ideometry.com', 'headquarters': '50 Milk St Fl 17, Boston, Massachusetts, 02109, United States', 'SIC Code': '73,731', 'NAICS Code': '54,541', 'revenue': '<$5M', 'Number of Employees': '<25', 'LinkedIn url': 'http://www.linkedin.com/company/ideometry'}
{'company_name_zoominfo': 'WiT Group', 'website': 'www.witgroupagency.com', 'headquarters': '125 Remount Rd Ste C1, Charlotte, North Carolina, 28203, United States', 'SIC Code': '72,722', 'NAICS Code': '54,541', 'revenue': '<$5M', 'Number of Employees': '<25', 'LinkedIn url': 'http://www.linkedin.com/company/64876146'}
{'company_name_zoominfo': 'Market 8 Group', 'website': 'www.market8.net', 'headquarters': '80 SW 8th St Ste 2000, Miami, Florida, 33130, United States', 'SIC Code': '73,731', 'NAICS Code': '54,541', 'revenue': '<$5M', 'Number of Employees': '<25', 'LinkedIn url': 'http://www.linkedin.com/company/market-8'}
{'company_name_zoominfo': 'Accelerated Digital Media', 'website': 'www.accelerateddigitalmedia.com', 'headquarters': '159 N Sangamon St Ste 210, Chicago, Illinois, 60607, United States', 'SIC Code': '87,874', 'NAICS Code': '54,541', 'revenue': '$8.2M', 'Number of Employees': '<25', 'LinkedIn url': 'http://www.linkedin.com/company/accelerateddigitalmedia'}
{'company_name_zoominfo': 'Faceless Digital', 'website': 'www.facelessdigital.com', 'headquarters': '1724 W 10th Pl 8, Tempe, Arizona, 85281, United States', 'SIC Code': '73,731', 'NAICS Code': '54,541', 'revenue': '<$5M', 'Number of Employees': '<25', 'LinkedIn url': 'http://www.linkedin.com/company/faceless-digital'}
{'company_name_zoominfo': 'MetaSense Marketing', 'website': 'www.metasensemarketing.com', 'headquarters': '403 Commerce Ln Ste 5, West Berlin, New Jersey, 08091, United States', 'SIC Code': '87,874', 'NAICS Code': '54,541', 'revenue': '<$5M', 'Number of Employees': '<25', 'LinkedIn url': 'http://www.linkedin.com/company/metasense'}
{'company_name_zoominfo': 'Shero Commerce', 'website': 'www.sherocommerce.com', 'headquarters': '21 Glen Pond Dr, Red Hook, New York, 12571, United States', 'SIC Code': '73,737', 'NAICS Code': '54,541', 'revenue': '<$5M', 'Number of Employees': '<25', 'LinkedIn url': 'http://www.linkedin.com/company/shero-designs'}
{'company_name_zoominfo': 'Growth Savvy', 'website': 'www.growthsavvy.com', 'headquarters': '15201 Lexington Farms Dr, Alpharetta, Georgia, 30004, United States', 'SIC Code': '62,628', 'NAICS Code': '52,523', 'revenue': '$6.2M', 'Number of Employees': '<25', 'LinkedIn url': 'https://www.linkedin.com/company/growth-savvy-llc'}
{'company_name_zoominfo': 'SteadyRain', 'website': 'www.steadyrain.com', 'headquarters': '716 Geyer Ave Ste 300, St. Louis, Missouri, 63104, United States', 'SIC Code': '73,737', 'NAICS Code': '54,541', 'revenue': '$10.1M', 'Number of Employees': '<25', 'LinkedIn url': 'http://www.linkedin.com/company/77785'}
{'company_name_zoominfo': 'KO Websites', 'website': 'www.ko-websites.com', 'headquarters': '3209 Castro Valley Blvd 4, Castro Valley, California, 94546, United St...', 'SIC Code': '73,737', 'NAICS Code': '51,518', 'revenue': '<$5M', 'Number of Employees': '<25', 'LinkedIn url': 'http://www.linkedin.com/company/ko-websites'}
renewing ip
429
2a0b:f4c2:2::34
renewing ip
429
2a0b:f4c1:2::243
renewing ip
429
2a06:1700:0:12::3
renewing ip
429
2a06:1700:0:12::3
renewing ip
429
2a0b:f4c1:2::243
renewing ip
429
2a0b:f4c1:2::243
renewing ip
429
2a0b:f4c2:1::1
{'company_name_zoominfo': 'ajile Media Group', 'website': 'www.ajilemedia.com', 'headquarters': '3110 E Fruitvale Ct, Gilbert, Arizona, 85297, United States', 'SIC Code': '87,874', 'NAICS Code': '54,541', 'revenue': '<$5M', 'Number of Employees': '<25', 'LinkedIn url': '!not-found'}
{'company_name_zoominfo': 'Avita Group', 'website': 'www.avitagroup.com', 'headquarters': '26500 Agoura Rd, Calabasas, California, 91302, United States', 'SIC Code': '87,874', 'NAICS Code': '54,541', 'revenue': '$5.1M', 'Number of Employees': '<25', 'LinkedIn url': 'http://www.linkedin.com/company/avitagroup'}
{'company_name_zoominfo': 'Logical Position', 'website': 'www.logicalposition.com', 'headquarters': '6000 Meadows Rd Ste 200, Lake Oswego, Oregon, 97035, United States', 'SIC Code': '73,731', 'NAICS Code': '54,541', 'revenue': '$47.3M', 'Number of Employees': '501', 'LinkedIn url': 'http://www.linkedin.com/company/logicalposition'}
{'company_name_zoominfo': 'Stackmatix', 'website': 'www.stackmatix.com', 'headquarters': '859 Vallejo St Unit B, San Francisco, California, 94133, United States', 'SIC Code': '87,874', 'NAICS Code': '54,541', 'revenue': '<$5M', 'Number of Employees': '<25', 'LinkedIn url': 'http://www.linkedin.com/company/stackmatix'}
{'company_name_zoominfo': 'Truu Digital', 'website': 'www.truudigital.com', 'headquarters': 'PO Box 53386, Bellevue, Washington, 98015, United States', 'SIC Code': '73,731', 'NAICS Code': '54,541', 'revenue': '$8.3M', 'Number of Employees': '33', 'LinkedIn url': 'http://www.linkedin.com/company/truu-digital'}
{'company_name_zoominfo': 'Lasanan', 'website': 'www.lasanan.com', 'headquarters': '421 W State St Ste 215, Columbus, Ohio, 43215, United States', 'SIC Code': '87,874', 'NAICS Code': '54,541', 'revenue': '<$5M', 'Number of Employees': '<25', 'LinkedIn url': 'http://www.linkedin.com/company/lasanan'}
{'company_name_zoominfo': 'Lever Interactive', 'website': 'www.leverinteractive.com', 'headquarters': '701 Warrenville Rd Ste 200, Lisle, Illinois, 60532, United States', 'SIC Code': '73,731', 'NAICS Code': '54,541', 'revenue': '$6M', 'Number of Employees': '<25', 'LinkedIn url': 'http://www.linkedin.com/company/lever-interactive'}
{'company_name_zoominfo': 'Digital Brand Expressions', 'website': 'www.digitalbrandexpressions.com', 'headquarters': '101 Morgan Ln Ste 203B, Plainsboro, New Jersey, 08536, United States', 'SIC Code': '73,731', 'NAICS Code': '54,541', 'revenue': '<$5M', 'Number of Employees': '<25', 'LinkedIn url': 'http://www.linkedin.com/company/digital-brand-expressions'}
{'company_name_zoominfo': 'SEO My Business', 'website': 'www.seomybusiness.com', 'headquarters': '239 Grant St SE Ste 103, Atlanta, Georgia, 30312, United States', 'SIC Code': '73,731', 'NAICS Code': '54,541', 'revenue': '<$5M', 'Number of Employees': '<25', 'LinkedIn url': 'http://www.linkedin.com/company/abmagency'}
{'company_name_zoominfo': 'Buzz Worthy Marketing', 'website': 'www.iwantbuzz.com', 'headquarters': '8902 Red Hawk Cir, Racine, Wisconsin, 53406, United States', 'SIC Code': '87,874', 'NAICS Code': '54,541', 'revenue': '<$5M', 'Number of Employees': '<25', 'LinkedIn url': '!not-found'}
{'company_name_zoominfo': '5th & Melody', 'website': 'www.5thmelody.com', 'headquarters': '447 Broadway, New York, New York, 10013, United States', 'SIC Code': '73,733', 'NAICS Code': '54,541', 'revenue': '<$5M', 'Number of Employees': '<25', 'LinkedIn url': '!not-found'}
{'company_name_zoominfo': 'Fullmoon Digital', 'website': 'www.fullmoondigital.com', 'headquarters': '1518 River Wood Ct, Simi Valley, California, 93063, United States', 'SIC Code': '87,874', 'NAICS Code': '54,541', 'revenue': '<$5M', 'Number of Employees': '<25', 'LinkedIn url': 'http://www.linkedin.com/company/fmdagency'}
{'company_name_zoominfo': 'Netmark', 'website': 'www.netmark.com', 'headquarters': '784 Clearwater Loop Ste 5121, Post Falls, Idaho, 83854, United States', 'SIC Code': '87,874', 'NAICS Code': '54,541', 'revenue': '$6M', 'Number of Employees': '54', 'LinkedIn url': 'http://www.linkedin.com/company/netmark-com'}
{'company_name_zoominfo': 'ECF Marketing', 'website': 'www.ecfmarketing.com', 'headquarters': '11331 183rd St 183, Cerritos, California, 90703, United States', 'SIC Code': '87,874', 'NAICS Code': '54,541', 'revenue': '<$5M', 'Number of Employees': '<25', 'LinkedIn url': 'http://www.linkedin.com/company/ecf-marketing'}
{'company_name_zoominfo': 'Seedlogic', 'website': 'www.seedlogic.com', 'headquarters': '405 Southwest Blvd Ste 200, Kansas City, Missouri, 64108, United State...', 'SIC Code': '73,731', 'NAICS Code': '54,541', 'revenue': '<$5M', 'Number of Employees': '<25', 'LinkedIn url': 'http://www.linkedin.com/company/seedlogic'}
{'company_name_zoominfo': 'Element212', 'website': 'www.element212.com', 'headquarters': '1106 Meridian St Ste 212, Anderson, Indiana, 46016, United States', 'SIC Code': '73,731', 'NAICS Code': '54,541', 'revenue': '<$5M', 'Number of Employees': '<25', 'LinkedIn url': 'http://www.linkedin.com/company/element212'}
renewing ip
429
2001:67c:6ec:203:192:42:116:186
{'company_name_zoominfo': 'hipeDIGITAL', 'website': 'www.hipedigital.net', 'headquarters': '407 Lincoln Rd Ste 230, Miami Beach, Florida, 33139, United States', 'SIC Code': '73,733', 'NAICS Code': '54,541', 'revenue': '<$5M', 'Number of Employees': '<25', 'LinkedIn url': 'http://www.linkedin.com/company/hipedigital'}
{'company_name_zoominfo': 'Tomato Digital Agency', 'website': 'www.tomatodws.it', 'headquarters': 'Italy', 'SIC Code': '73,733', 'NAICS Code': '54,541', 'revenue': '<$5M', 'Number of Employees': '<25', 'LinkedIn url': 'http://www.linkedin.com/company/tomato-dws'}
{'company_name_zoominfo': 'Xcite Media Group', 'website': 'www.thexcitegroup.com', 'headquarters': '4401 S Quebec St Ste 101, Denver, Colorado, 80237, United States', 'SIC Code': '73,737', 'NAICS Code': '51,517', 'revenue': '<$5M', 'Number of Employees': '<25', 'LinkedIn url': 'http://www.linkedin.com/company/xcite-media-group-llc'}
{'company_name_zoominfo': 'Tulumi', 'website': 'www.tulumi.com', 'headquarters': '16215 State Road 50 Ste 204, Clermont, Florida, 34711, United States', 'SIC Code': '87,874', 'NAICS Code': '54,541', 'revenue': '<$5M', 'Number of Employees': '<25', 'LinkedIn url': 'http://www.linkedin.com/company/tulumi'}
{'company_name_zoominfo': 'SPC Tech', 'website': 'www.spctech.ca', 'headquarters': '10-2169 Orchard Rd, Burlington, Ontario, L7L 7H9, Canada', 'SIC Code': '73,737', 'NAICS Code': '81,811', 'revenue': '<$5M', 'Number of Employees': '<25', 'LinkedIn url': '!not-found'}
{'company_name_zoominfo': 'Isocnet', 'website': 'www.isoc.net', 'headquarters': '7000 Houston Rd Ste 45, Florence, Kentucky, 41042, United States', 'SIC Code': '48,481', 'NAICS Code': '51,517', 'revenue': '$5.2M', 'Number of Employees': '<25', 'LinkedIn url': 'http://www.linkedin.com/company/isocnet'}
{'company_name_zoominfo': 'Regex SEO', 'website': 'www.regexseo.com', 'headquarters': '4801 Woodway Dr Ste 275E, Houston, Texas, 77056, United States', 'SIC Code': '73,737', 'NAICS Code': '51,517', 'revenue': '<$5M', 'Number of Employees': '<25', 'LinkedIn url': 'http://www.linkedin.com/company/regexseo'}
{'company_name_zoominfo': 'BlueTone Media', 'website': 'www.bluetonemedia.com', 'headquarters': '201 N Front St Ste 601, Wilmington, North Carolina, 28401, United Stat...', 'SIC Code': '73,737', 'NAICS Code': '51,518', 'revenue': '<$5M', 'Number of Employees': '<25', 'LinkedIn url': 'http://www.linkedin.com/company/bluetone-media'}
{'company_name_zoominfo': 'The Anti Agency', 'website': 'www.theantiagency.org', 'headquarters': '600 Moulton Ave, Los Angeles, California, 90031, United States', 'SIC Code': '87,874', 'NAICS Code': '54,541', 'revenue': '<$5M', 'Number of Employees': '<25', 'LinkedIn url': '!not-found'}
{'company_name_zoominfo': 'CC Media', 'website': 'www.cc.media', 'headquarters': '75 Mccabe Dr 19876, Reno, Nevada, 89511, United States', 'SIC Code': '73,731', 'NAICS Code': '54,541', 'revenue': '$5.3M', 'Number of Employees': '<25', 'LinkedIn url': 'http://www.linkedin.com/company/creative-concepts-media---marketing'}
{'company_name_zoominfo': 'The Click Depot', 'website': 'www.theclickdepot.com', 'headquarters': '2113 Cameron St 237, Raleigh, North Carolina, 27605, United States', 'SIC Code': '87,874', 'NAICS Code': '54,541', 'revenue': '<$5M', 'Number of Employees': '<25', 'LinkedIn url': 'http://www.linkedin.com/company/the-click-depot-inc'}
{'company_name_zoominfo': 'blaZop', 'website': 'www.blazop.com', 'headquarters': '!not-found', 'SIC Code': '72,722', 'NAICS Code': '54,541', 'revenue': '<$5M', 'Number of Employees': '<25', 'LinkedIn url': 'http://www.linkedin.com/company/blazop'}
renewing ip
429
2a0b:f4c0:16c:2::1
{'company_name_zoominfo': 'Evolved Commerce', 'website': 'www.evolvedcommerce.com', 'headquarters': '525 S 850 E Ste 4, Lehi, Utah, 84043, United States', 'SIC Code': '87,873', 'NAICS Code': '54,541', 'revenue': '$5.1M', 'Number of Employees': '<25', 'LinkedIn url': 'http://www.linkedin.com/company/evolved-commerce'}
('Connection aborted.', RemoteDisconnected('Remote end closed connection without response'))
<class 'UnboundLocalError'>
error in http://webcache.googleusercontent.com/search?q=cache%3Ahttps%3A%2F%2Fwww.zoominfo.com%2Fc%2Fintegritive-inc%2F49005928
local variable 'page_content' referenced before assignment
https://www.zoominfo.com/c/integritive-inc/49005928
{'company_name_zoominfo': '!unknown-error', 'website': '!unknown-error', 'headquarters': '!unknown-error', 'SIC Code': '!unknown-error', 'NAICS Code': '!unknown-error', 'revenue': '!unknown-error', 'Number of Employees': '!unknown-error', 'LinkedIn url': '!unknown-error'}
{'company_name_zoominfo': 'United Turbo & Fuel', 'website': 'www.unitedturboandfuel.com', 'headquarters': '621 9th St N, Birmingham, Alabama, 35203, United States', 'SIC Code': '28,286', 'NAICS Code': '32,325', 'revenue': '<$5M', 'Number of Employees': '<25', 'LinkedIn url': '!not-found'}
{'company_name_zoominfo': '!not-found', 'website': '!not-found', 'headquarters': '!not-found', 'SIC Code': '!not-found', 'NAICS Code': '!not-found', 'revenue': '!not-found', 'Number of Employees': '!not-found', 'LinkedIn url': '!not-found'}
{'company_name_zoominfo': 'DealFlow', 'website': 'www.dealflowco.com', 'headquarters': '!not-found', 'SIC Code': '73,737', 'NAICS Code': '54,541', 'revenue': '<$5M', 'Number of Employees': '<25', 'LinkedIn url': 'http://www.linkedin.com/company/shinebridge'}
{'company_name_zoominfo': 'Expert Internet Marketing', 'website': 'www.expertinternetmarketing.com', 'headquarters': '410 S Rampart Blvd Ste 390, Las Vegas, Nevada, 89145, United States', 'SIC Code': '73,731', 'NAICS Code': '54,541', 'revenue': '<$5M', 'Number of Employees': '<25', 'LinkedIn url': 'http://www.linkedin.com/company/expert-internet-marketing'}
{'company_name_zoominfo': '!not-found', 'website': '!not-found', 'headquarters': '!not-found', 'SIC Code': '!not-found', 'NAICS Code': '!not-found', 'revenue': '!not-found', 'Number of Employees': '!not-found', 'LinkedIn url': '!not-found'}
{'company_name_zoominfo': 'Channel V Media', 'website': 'www.channelvmedia.com', 'headquarters': '167 W 23rd St. Floors 2 & 3, New York, New York, 10011, United States', 'SIC Code': '87,874', 'NAICS Code': '54,541', 'revenue': '$6.1M', 'Number of Employees': '<25', 'LinkedIn url': 'http://www.linkedin.com/company/channel-v-media'}
{'company_name_zoominfo': 'Agency|51', 'website': 'www.adagency51.com', 'headquarters': '106 W 4th St Ste 400, Santa Ana, California, 92701, United States', 'SIC Code': '73,731', 'NAICS Code': '54,541', 'revenue': '$6.4M', 'Number of Employees': '<25', 'LinkedIn url': 'http://www.linkedin.com/company/agency-51-advertising'}
{'company_name_zoominfo': 'Targeted Victory', 'website': 'www.targetedvictory.com', 'headquarters': '2311 Wilson Blvd Fl 2, Arlington, Virginia, 22201, United States', 'SIC Code': '73,731', 'NAICS Code': '54,541', 'revenue': '$30.3M', 'Number of Employees': '103', 'LinkedIn url': 'http://www.linkedin.com/company/targeted-victory'}
{'company_name_zoominfo': 'Rasa Solutions', 'website': 'www.rasa.io', 'headquarters': '924 Valmont St Ste 200, New Orleans, Louisiana, 70115, United States', 'SIC Code': '73,737', 'NAICS Code': '51,511', 'revenue': '$5.4M', 'Number of Employees': '<25', 'LinkedIn url': 'http://www.linkedin.com/company/rasa-io'}
{'company_name_zoominfo': 'Screen Pilot', 'website': 'www.screenpilot.com', 'headquarters': '1600 Wynkoop St Ste 300, Denver, Colorado, 80202, United States', 'SIC Code': '87,874', 'NAICS Code': '54,541', 'revenue': '$5.3M', 'Number of Employees': '<25', 'LinkedIn url': 'http://www.linkedin.com/company/screen-pilot'}
{'company_name_zoominfo': 'Noble House Media', 'website': 'www.noblehousemedia.com', 'headquarters': '1063 Post Rd Fl 2, Darien, Connecticut, 06820, United States', 'SIC Code': '48,489', 'NAICS Code': '51,517', 'revenue': '<$5M', 'Number of Employees': '<25', 'LinkedIn url': 'http://www.linkedin.com/company/noble-house-media-group'}
{'company_name_zoominfo': 'Respect Branding', 'website': 'www.respectbranding.com', 'headquarters': '27 Lehi St, Bene Beraq, Tel Aviv, Israel', 'SIC Code': '73,731', 'NAICS Code': '54,541', 'revenue': '$5.1M', 'Number of Employees': '<25', 'LinkedIn url': 'http://www.linkedin.com/company/respect-branding'}
{'company_name_zoominfo': 'Thoughtprocess Interactive', 'website': 'www.thoughtprocessinteractive.com', 'headquarters': '10 Triad South Dr Ste B, Saint Charles, Missouri, 63304, United States', 'SIC Code': '73,737', 'NAICS Code': '51,518', 'revenue': '<$5M', 'Number of Employees': '<25', 'LinkedIn url': 'http://www.linkedin.com/company/thoughtprocess-interactive'}
{'company_name_zoominfo': 'RFTB Digital Agency', 'website': 'www.rideforthebrand.net', 'headquarters': '221 W Exchange Ave Ste 313, Fort Worth, Texas, 76164, United States', 'SIC Code': '73,733', 'NAICS Code': '54,541', 'revenue': '$5M', 'Number of Employees': '34', 'LinkedIn url': 'http://www.linkedin.com/company/ride-for-the-brand---digital-agency'}
renewing ip
429
2620:18c:0:192::216
{'company_name_zoominfo': 'Nettingsolutions', 'website': 'www.nettingsolutions.com', 'headquarters': '8400 NW 36th St Ste 450, Doral, Florida, 33166, United States', 'SIC Code': '87,874', 'NAICS Code': '54,541', 'revenue': '<$5M', 'Number of Employees': '<25', 'LinkedIn url': 'http://www.linkedin.com/company/netting-solutions'}
{'company_name_zoominfo': '!not-found', 'website': '!not-found', 'headquarters': '!not-found', 'SIC Code': '!not-found', 'NAICS Code': '!not-found', 'revenue': '!not-found', 'Number of Employees': '!not-found', 'LinkedIn url': '!not-found'}
{'company_name_zoominfo': '2120 Creative', 'website': 'www.2120creative.com', 'headquarters': '135 Little Conestoga Rd, Chester Springs, Pennsylvania, 19425, United ...', 'SIC Code': '73,731', 'NAICS Code': '54,541', 'revenue': '<$5M', 'Number of Employees': '<25', 'LinkedIn url': 'http://www.linkedin.com/company/11166927'}
{'company_name_zoominfo': 'Social Spice Media', 'website': 'www.socialspicemedia.com', 'headquarters': '2360 E Ventura Blvd Ste D, Camarillo, California, 93010, United States', 'SIC Code': '48,489', 'NAICS Code': '51,517', 'revenue': '<$5M', 'Number of Employees': '<25', 'LinkedIn url': 'http://www.linkedin.com/company/social-spice-media'}
{'company_name_zoominfo': 'Andrews Wharton', 'website': 'www.andrewswharton.com', 'headquarters': '700 Veterans Hwy 115, Hauppauge, New York, 11788, United States', 'SIC Code': '73,733', 'NAICS Code': '54,541', 'revenue': '$14.3M', 'Number of Employees': '26', 'LinkedIn url': 'http://www.linkedin.com/company/andrews-wharton-inc.'}
{'company_name_zoominfo': 'HyperGrowthCEO', 'website': 'www.hypergrowthceo.com', 'headquarters': '370 S 300th E, Salt Lake City, Utah, 84111, United States', 'SIC Code': '73,731', 'NAICS Code': '54,541', 'revenue': '<$5M', 'Number of Employees': '<25', 'LinkedIn url': 'http://www.linkedin.com/company/hypergrowthceo'}
{'company_name_zoominfo': 'Gifts', 'website': 'www.gifts.com', 'headquarters': '1259 S Orange Grove Ave, Los Angeles, California, 90019, United States', 'SIC Code': '59,594', 'NAICS Code': '45,453', 'revenue': '<$5M', 'Number of Employees': '<25', 'LinkedIn url': 'http://www.linkedin.com/company/gifts.com'}
{'company_name_zoominfo': '!not-found', 'website': '!not-found', 'headquarters': '!not-found', 'SIC Code': '!not-found', 'NAICS Code': '!not-found', 'revenue': '!not-found', 'Number of Employees': '!not-found', 'LinkedIn url': '!not-found'}
{'company_name_zoominfo': 'WebVillage Marketing', 'website': 'webvillage.marketing', 'headquarters': '438 E Katella Ave Ste 222, Orange, California, 92867, United States', 'SIC Code': '73,737', 'NAICS Code': '54,541', 'revenue': '<$5M', 'Number of Employees': '<25', 'LinkedIn url': 'http://www.linkedin.com/company/webvillagemarketing'}
{'company_name_zoominfo': 'Greenium', 'website': 'www.greenium.net', 'headquarters': '8400 NW 36th St Ste 450, Doral, Florida, 33166, United States', 'SIC Code': '67,679', 'NAICS Code': '52,523', 'revenue': '<$5M', 'Number of Employees': '<25', 'LinkedIn url': '!not-found'}
renewing ip
429
2a0b:f4c0:16c:6::1
renewing ip
429
2001:67c:6ec:203:192:42:116:201
renewing ip
429
2001:67c:6ec:203:192:42:116:201
renewing ip
429
2a03:94e0:ffff:185:181:61:0:115
{'company_name_zoominfo': 'Xtern Software', 'website': 'www.xternsoftware.com', 'headquarters': '407 Parkway St Ste F, Greensboro, North Carolina, 27401, United States', 'SIC Code': '73,737', 'NAICS Code': '54,541', 'revenue': '<$5M', 'Number of Employees': '<25', 'LinkedIn url': 'http://www.linkedin.com/company/xtern-software'}
{'company_name_zoominfo': 'Beson4', 'website': 'www.beson4.com', 'headquarters': '13500 Sutton Park Dr S 105, Jacksonville, Florida, 32224, United State...', 'SIC Code': '73,731', 'NAICS Code': '54,541', 'revenue': '<$5M', 'Number of Employees': '<25', 'LinkedIn url': 'http://www.linkedin.com/company/beson4-media-group'}
{'company_name_zoominfo': 'MMPR Marketing', 'website': 'www.mmprmarketing.com', 'headquarters': '3939 E Campbell Ave Ste 120, Phoenix, Arizona, 85018, United States', 'SIC Code': '87,874', 'NAICS Code': '54,541', 'revenue': '<$5M', 'Number of Employees': '<25', 'LinkedIn url': 'http://www.linkedin.com/company/margo-media'}
{'company_name_zoominfo': '!not-found', 'website': '!not-found', 'headquarters': '!not-found', 'SIC Code': '!not-found', 'NAICS Code': '!not-found', 'revenue': '!not-found', 'Number of Employees': '!not-found', 'LinkedIn url': '!not-found'}
{'company_name_zoominfo': 'Cloud Media', 'website': 'www.cloudmediaint.com', 'headquarters': '5667 Main Ave NE, Albertville, Minnesota, 55301, United States', 'SIC Code': '78,781', 'NAICS Code': '51,512', 'revenue': '<$5M', 'Number of Employees': '<25', 'LinkedIn url': 'http://www.linkedin.com/company/cloud-media-international'}
{'company_name_zoominfo': 'Demand Curve Marketing', 'website': 'www.demandcurvemarketing.com', 'headquarters': '7950 Southeastern Ave 39417, Indianapolis, Indiana, 46239, United Stat...', 'SIC Code': '73,733', 'NAICS Code': '54,541', 'revenue': '$5.4M', 'Number of Employees': '<25', 'LinkedIn url': 'http://www.linkedin.com/company/demandcurvemarketing-inc'}
{'company_name_zoominfo': '!not-found', 'website': 'Pilot', 'headquarters': '!not-found', 'SIC Code': '!not-found', 'NAICS Code': '!not-found', 'revenue': '!not-found', 'Number of Employees': '!not-found', 'LinkedIn url': '!not-found'}
{'company_name_zoominfo': 'Defero', 'website': 'www.deferousa.com', 'headquarters': '3131 E Camelback Rd Ste 360, Phoenix, Arizona, 85016, United States', 'SIC Code': '73,731', 'NAICS Code': '54,541', 'revenue': '$29.2M', 'Number of Employees': '30', 'LinkedIn url': 'http://www.linkedin.com/company/defero'}
{'company_name_zoominfo': 'LOJO Group', 'website': 'www.lojomarketing.com', 'headquarters': 'PO Box 1983, Rocklin, California, 95677, United States', 'SIC Code': '73,737', 'NAICS Code': '51,517', 'revenue': '$5.6M', 'Number of Employees': '<25', 'LinkedIn url': 'http://www.linkedin.com/company/lojo-group'}
{'company_name_zoominfo': 'Banktastic', 'website': 'www.banktastic.agency', 'headquarters': '3127 SW Huntoon St Ste B, Topeka, Kansas, 66604, United States', 'SIC Code': '73,731', 'NAICS Code': '54,541', 'revenue': '<$5M', 'Number of Employees': '<25', 'LinkedIn url': 'http://www.linkedin.com/company/banktastic'}
{'company_name_zoominfo': 'Target Marketing Digital', 'website': 'www.targetmktng.com', 'headquarters': '31 Hudson Yards 11TH Fl, New York, New York, 10001, United States', 'SIC Code': '87,874', 'NAICS Code': '54,541', 'revenue': '<$5M', 'Number of Employees': '<25', 'LinkedIn url': 'http://www.linkedin.com/company/2987047'}
{'company_name_zoominfo': 'Digital Bombers', 'website': 'www.digitalbombers.com', 'headquarters': '2548 Maggie Cv, Lexington, Kentucky, 40511, United States', 'SIC Code': '73,731', 'NAICS Code': '54,541', 'revenue': '$5.3M', 'Number of Employees': '<25', 'LinkedIn url': 'http://www.linkedin.com/company/digital-bombers'}
{'company_name_zoominfo': '1905 New Media', 'website': 'www.1905newmedia.com', 'headquarters': '601 Kingshighway, Saint Charles, Missouri, 63301, United States', 'SIC Code': '48,489', 'NAICS Code': '51,517', 'revenue': '<$5M', 'Number of Employees': '<25', 'LinkedIn url': 'http://www.linkedin.com/company/1905-new-media'}
{'company_name_zoominfo': '!not-found', 'website': 'YelloMonkey', 'headquarters': '!not-found', 'SIC Code': '!not-found', 'NAICS Code': '!not-found', 'revenue': '!not-found', 'Number of Employees': '!not-found', 'LinkedIn url': '!not-found'}
{'company_name_zoominfo': 'Automated Dreams', 'website': 'www.automateddreams.com', 'headquarters': '411 SE 14th Ave 306, Portland, Oregon, 97214, United States', 'SIC Code': '73,738', 'NAICS Code': '56,561', 'revenue': '<$5M', 'Number of Employees': '<25', 'LinkedIn url': 'http://www.linkedin.com/company/automated-dreams'}
{'company_name_zoominfo': 'Fivefoottwo Marketing', 'website': 'www.fivefoottwomarketing.com', 'headquarters': '6 Mountain Way S, West Orange, New Jersey, 07052, United States', 'SIC Code': '87,874', 'NAICS Code': '54,541', 'revenue': '<$5M', 'Number of Employees': '<25', 'LinkedIn url': 'http://www.linkedin.com/company/fivefoottwo-marketing'}
{'company_name_zoominfo': 'Visible Factors', 'website': 'www.visiblefactors.com', 'headquarters': '444 S Flower St Fl 13, Los Angeles, California, 90071, United States', 'SIC Code': '87,874', 'NAICS Code': '54,541', 'revenue': '<$5M', 'Number of Employees': '<25', 'LinkedIn url': 'http://www.linkedin.com/company/visible-factors'}
{'company_name_zoominfo': '!not-found', 'website': '!not-found', 'headquarters': '!not-found', 'SIC Code': '!not-found', 'NAICS Code': '!not-found', 'revenue': '!not-found', 'Number of Employees': '!not-found', 'LinkedIn url': '!not-found'}
{'company_name_zoominfo': 'Marketing Nutz', 'website': 'www.themarketingnutz.com', 'headquarters': '6555 Sanger Rd, Orlando, Florida, 32832, United States', 'SIC Code': '65,653', 'NAICS Code': '53,531', 'revenue': '$5.7M', 'Number of Employees': '<25', 'LinkedIn url': 'http://www.linkedin.com/company/marketing-nutz'}
renewing ip
429
2a0b:f4c2:1::1
renewing ip
429
2001:67c:6ec:203:192:42:116:202
renewing ip
429
2001:67c:6ec:203:192:42:116:209
renewing ip
429
2001:67c:6ec:203:192:42:116:209
renewing ip
429
2001:67c:6ec:203:192:42:116:209
renewing ip
429
2605:6400:30:edc3::34
renewing ip
429
2605:6400:30:edc3::34
renewing ip
429
2605:6400:30:edc3::34
renewing ip
429
2a03:94e0:ffff:185:243:218:0:204
renewing ip
429
2a05:dfc7:4053::1
{'company_name_zoominfo': 'abundance group', 'website': 'theabundance.group', 'headquarters': '601 Thorne Ave, Portsmouth, Virginia, 23701, United States', 'SIC Code': '82,829', 'NAICS Code': '61,611', 'revenue': '<$5M', 'Number of Employees': '<25', 'LinkedIn url': '!not-found'}
