{'company_name_zoominfo': 'Zoklean', 'website': 'www.zoklean.com', 'headquarters': '340 S Lemon Ave Ste 4404, Walnut, California, 91789, United States', 'SIC Code': '73,734', 'NAICS Code': '56,561', 'revenue': '$31.3M', 'Number of Employees': '157', 'LinkedIn url': 'http://www.linkedin.com/company/zoklean-technologies'}
{'company_name_zoominfo': 'Helpling', 'website': 'www.helpling.com.sg', 'headquarters': 'Singapore', 'SIC Code': '73,734', 'NAICS Code': '56,561', 'revenue': '$7.8M', 'Number of Employees': '<25', 'LinkedIn url': 'http://www.linkedin.com/company/helpling-singapore'}
{'company_name_zoominfo': 'Next Minute', 'website': 'nextminute.app', 'headquarters': '445 NE 12th Ave, Fort Lauderdale, Florida, 33301, United States', 'SIC Code': '73,737', 'NAICS Code': '54,541', 'revenue': '$5.1M', 'Number of Employees': '<25', 'LinkedIn url': 'http://www.linkedin.com/company/10813175'}
{'company_name_zoominfo': 'NeedTo', 'website': 'www.needto.com', 'headquarters': '1131 Miles, Cleveland, Ohio, 44134, United States', 'SIC Code': '73,738', 'NAICS Code': '81,812', 'revenue': '<$5M', 'Number of Employees': '<25', 'LinkedIn url': 'http://www.linkedin.com/company/needto'}
{'company_name_zoominfo': 'EasyGo PRO', 'website': 'www.easygopro.us', 'headquarters': '127 Emory St, Attleboro, Massachusetts, 02703, United States', 'SIC Code': '73,734', 'NAICS Code': '56,561', 'revenue': '<$5M', 'Number of Employees': '<25', 'LinkedIn url': '!not-found'}
{'company_name_zoominfo': 'Hoppy', 'website': 'www.hoppy.co.uk', 'headquarters': 'Church St, Ickleton, Cambridgeshire, United Kingdom', 'SIC Code': '48,481', 'NAICS Code': '51,517', 'revenue': '<$5M', 'Number of Employees': '<25', 'LinkedIn url': 'http://www.linkedin.com/company/hoppy_uk'}
renewing ip
429
2620:7:6001::122
{'company_name_zoominfo': 'Butler Pharmacy', 'website': 'www.butlerrx.com', 'headquarters': '2301 Bridge Ave, Point Pleasant Beach, New Jersey, 08742, United State...', 'SIC Code': '59,591', 'NAICS Code': '44,446', 'revenue': '<$5M', 'Number of Employees': '<25', 'LinkedIn url': 'http://www.linkedin.com/company/butlers-pharmacy-inc'}
{'company_name_zoominfo': 'Cora Home', 'website': 'www.corahome.com', 'headquarters': '640 N Lasalle St Ste 460, Chicago, Illinois, 60654, United States', 'SIC Code': '73,738', 'NAICS Code': '54,541', 'revenue': '<$5M', 'Number of Employees': '<25', 'LinkedIn url': 'http://www.linkedin.com/company/cora-home'}
{'company_name_zoominfo': 'Trycare', 'website': 'www.footinformationcentre.co.uk', 'headquarters': 'United Kingdom', 'SIC Code': '73,735', 'NAICS Code': '53,532', 'revenue': '<$5M', 'Number of Employees': '<25', 'LinkedIn url': '!not-found'}
{'company_name_zoominfo': 'Urban Helpers', 'website': 'www.urbanhelpers.com', 'headquarters': '1023 Arlington Blvd, Arlington, Virginia, 22209, United States', 'SIC Code': '15,152', 'NAICS Code': '23,236', 'revenue': '<$5M', 'Number of Employees': '<25', 'LinkedIn url': '!not-found'}
{'company_name_zoominfo': 'Homenovator', 'website': 'www.homenovator.com', 'headquarters': '1751 Pinnacle Dr Ste 537, Tysons Corner, Virginia, 22102, United State...', 'SIC Code': '15,152', 'NAICS Code': '23,236', 'revenue': '<$5M', 'Number of Employees': '<25', 'LinkedIn url': 'http://www.linkedin.com/company/outroop-inc'}
{'company_name_zoominfo': 'IBEX IT Business Experts', 'website': 'www.ibexexperts.com', 'headquarters': '3295 River Exchange Dr Ste 550, Norcross, Georgia, 30092, United State...', 'SIC Code': '83,833', 'NAICS Code': '62,624', 'revenue': '$5.8M', 'Number of Employees': '80', 'LinkedIn url': 'http://www.linkedin.com/company/ibex-it-business-experts'}
{'company_name_zoominfo': '!not-found', 'website': '!not-found', 'headquarters': '!not-found', 'SIC Code': '!not-found', 'NAICS Code': '!not-found', 'revenue': '!not-found', 'Number of Employees': '!not-found', 'LinkedIn url': '!not-found'}
{'company_name_zoominfo': 'Neighborly', 'website': 'www.neighborlybrands.com', 'headquarters': '1020 N University Parks Dr, Waco, Texas, 76707, United States', 'SIC Code': '73,738', 'NAICS Code': '51,518', 'revenue': '$3.3B', 'Number of Employees': '1,500', 'LinkedIn url': 'http://www.linkedin.com/company/the-dwyer-group'}
{'company_name_zoominfo': 'Home Settings', 'website': 'www.homesettingsllc.com', 'headquarters': '4900 Royal Ave Lot 67, Eugene, Oregon, 97402, United States', 'SIC Code': '73,734', 'NAICS Code': '56,561', 'revenue': '<$5M', 'Number of Employees': '<25', 'LinkedIn url': 'http://www.linkedin.com/company/homesettingsllc'}
{'company_name_zoominfo': 'Vicker', 'website': 'www.vicker.org', 'headquarters': 'Milan, Lombardy, Italy', 'SIC Code': '82,829', 'NAICS Code': '61,611', 'revenue': '<$5M', 'Number of Employees': '<25', 'LinkedIn url': 'http://www.linkedin.com/company/vicker'}
{'company_name_zoominfo': 'Usecue', 'website': 'www.usecue.com', 'headquarters': '22 E Du Perronlaan, Delft, South Holland, Netherlands', 'SIC Code': '73,737', 'NAICS Code': '54,541', 'revenue': '$5.3M', 'Number of Employees': '<25', 'LinkedIn url': 'http://www.linkedin.com/company/usecue-webdevelopment'}
{'company_name_zoominfo': 'NotAvailable', 'website': 'NotAvailable', 'headquarters': 'NotAvailable', 'SIC Code': 'NotAvailable', 'NAICS Code': 'NotAvailable', 'revenue': 'NotAvailable', 'Number of Employees': 'NotAvailable', 'LinkedIn url': 'NotAvailable'}
{'company_name_zoominfo': '!not-found', 'website': 'Synergy Enterprises', 'headquarters': '!not-found', 'SIC Code': '!not-found', 'NAICS Code': '!not-found', 'revenue': '!not-found', 'Number of Employees': '!not-found', 'LinkedIn url': '!not-found'}
('Connection aborted.', RemoteDisconnected('Remote end closed connection without response'))
<class 'UnboundLocalError'>
error in http://webcache.googleusercontent.com/search?q=cache%3Ahttps%3A%2F%2Fwww.zoominfo.com%2Fc%2Fgleem%2F368175315
local variable 'page_content' referenced before assignment
https://www.zoominfo.com/c/gleem/368175315
{'company_name_zoominfo': '!unknown-error', 'website': '!unknown-error', 'headquarters': '!unknown-error', 'SIC Code': '!unknown-error', 'NAICS Code': '!unknown-error', 'revenue': '!unknown-error', 'Number of Employees': '!unknown-error', 'LinkedIn url': '!unknown-error'}
renewing ip
429
2a03:e600:100::77
{'company_name_zoominfo': 'Gladly', 'website': 'www.gladly.io', 'headquarters': '400 Concar Dr, San Mateo, California, 94402, United States', 'SIC Code': '73,731', 'NAICS Code': '54,541', 'revenue': '<$5M', 'Number of Employees': '<25', 'LinkedIn url': 'http://www.linkedin.com/company/tab-for-a-cause'}
{'company_name_zoominfo': '!not-found', 'website': '!not-found', 'headquarters': '!not-found', 'SIC Code': '!not-found', 'NAICS Code': '!not-found', 'revenue': '!not-found', 'Number of Employees': '!not-found', 'LinkedIn url': '!not-found'}
{'company_name_zoominfo': 'HelpMeNow Mobile', 'website': 'www.hmnmobile.com', 'headquarters': '2020 Sunrise Valley Dr Ste 100, Reston, Virginia, 20191, United States', 'SIC Code': '72,729', 'NAICS Code': '81,812', 'revenue': '<$5M', 'Number of Employees': '<25', 'LinkedIn url': '!not-found'}
{'company_name_zoominfo': 'Blooms & Candy', 'website': 'www.bloomsandcandy.co.uk', 'headquarters': '27 Station Approach, London, Essex, BR2 7EQ, United Kingdom', 'SIC Code': '54,544', 'NAICS Code': '44,445', 'revenue': '<$5M', 'Number of Employees': '<25', 'LinkedIn url': '!not-found'}
{'company_name_zoominfo': 'BuildBoard', 'website': 'www.buildboard.com', 'headquarters': '759 Cypress Ln, Carol Stream, Illinois, 60188, United States', 'SIC Code': '72,722', 'NAICS Code': '54,541', 'revenue': '$7.9M', 'Number of Employees': '33', 'LinkedIn url': '!not-found'}
{'company_name_zoominfo': '!not-found', 'website': 'Househappy', 'headquarters': '!not-found', 'SIC Code': '!not-found', 'NAICS Code': '!not-found', 'revenue': '!not-found', 'Number of Employees': '!not-found', 'LinkedIn url': '!not-found'}
{'company_name_zoominfo': 'The Pinch App', 'website': 'www.pinchapp.com', 'headquarters': '745 Atlantic Ave, Boston, Massachusetts, 02111, United States', 'SIC Code': '73,738', 'NAICS Code': '56,561', 'revenue': '<$5M', 'Number of Employees': '<25', 'LinkedIn url': 'https://www.linkedin.com/company/pinch-moments'}
{'company_name_zoominfo': 'ProntoPro', 'website': 'www.prontopro.it', 'headquarters': '10-12 Via Degli Olivetani, Milan, Mi, 20123, Italy', 'SIC Code': '82,829', 'NAICS Code': '61,611', 'revenue': '$6M', 'Number of Employees': '62', 'LinkedIn url': 'http://www.linkedin.com/company/prontopro'}
{'company_name_zoominfo': '!not-found', 'website': '!not-found', 'headquarters': '!not-found', 'SIC Code': '!not-found', 'NAICS Code': '!not-found', 'revenue': '!not-found', 'Number of Employees': '!not-found', 'LinkedIn url': '!not-found'}
{'company_name_zoominfo': 'Gratz Industries', 'website': 'www.gratzindustries.com', 'headquarters': '1108 Shackamaxon St, Philadelphia, Pennsylvania, 19125, United States', 'SIC Code': '39,399', 'NAICS Code': '33,339', 'revenue': '$14M', 'Number of Employees': '40', 'LinkedIn url': 'http://www.linkedin.com/company/gratz-industries'}
{'company_name_zoominfo': 'NotAvailable', 'website': 'NotAvailable', 'headquarters': 'NotAvailable', 'SIC Code': 'NotAvailable', 'NAICS Code': 'NotAvailable', 'revenue': 'NotAvailable', 'Number of Employees': 'NotAvailable', 'LinkedIn url': 'NotAvailable'}
{'company_name_zoominfo': 'Apper', 'website': 'www.apperosrl.it', 'headquarters': '29 Via Verrastro, Potenza, Basilicata, 85100, Italy', 'SIC Code': '73,737', 'NAICS Code': '51,511', 'revenue': '$6M', 'Number of Employees': '27', 'LinkedIn url': 'https://www.linkedin.com/company/apper-srl'}
{'company_name_zoominfo': 'Zyp', 'website': 'www.zypapp.com', 'headquarters': '237 Moody St Apt 364, Waltham, Massachusetts, 02453, United States', 'SIC Code': '73,734', 'NAICS Code': '56,561', 'revenue': '<$5M', 'Number of Employees': '<25', 'LinkedIn url': 'http://www.linkedin.com/company/zyp-llc'}
renewing ip
429
2a03:e600:100::67
{'company_name_zoominfo': 'Apex Land Group', 'website': 'www.apexlandgroup.com', 'headquarters': '2399 Water Tower Rd, Longs, South Carolina, 29568, United States', 'SIC Code': '78,782', 'NAICS Code': '56,561', 'revenue': '<$5M', 'Number of Employees': '<25', 'LinkedIn url': 'http://www.linkedin.com/company/apex-land-group'}
{'company_name_zoominfo': '!not-found', 'website': 'Obviouslee Marketing', 'headquarters': '!not-found', 'SIC Code': '!not-found', 'NAICS Code': '!not-found', 'revenue': '!not-found', 'Number of Employees': '!not-found', 'LinkedIn url': '!not-found'}
{'company_name_zoominfo': 'Couch & Associates', 'website': 'www.couch-associates.com', 'headquarters': '116 Spadina Ave Ste 400, Toronto, Ontario, M5V 2K6, Canada', 'SIC Code': '87,874', 'NAICS Code': '54,541', 'revenue': '<$5M', 'Number of Employees': '<25', 'LinkedIn url': '!not-found'}
{'company_name_zoominfo': 'Rapid Boost Marketing', 'website': 'www.rapidboostmarketing.com', 'headquarters': '105 Ave, Edmonton, Alberta, T5S 1T1, Canada', 'SIC Code': '73,731', 'NAICS Code': '54,541', 'revenue': '$31.4M', 'Number of Employees': '124', 'LinkedIn url': 'http://www.linkedin.com/company/rapid-boost-marketing'}
{'company_name_zoominfo': 'Thomas Puckett', 'website': 'www.thomaspuckett.com', 'headquarters': '4680 Polaris Ave Ste 200, Las Vegas, Nevada, 89103, United States', 'SIC Code': '73,731', 'NAICS Code': '54,541', 'revenue': '<$5M', 'Number of Employees': '<25', 'LinkedIn url': 'http://www.linkedin.com/company/thomas-puckett-advertising'}
{'company_name_zoominfo': 'Bureau Gravity', 'website': 'www.bureaugravity.com', 'headquarters': '56 S Lasalle St, Aurora, Illinois, 60505, United States', 'SIC Code': '73,733', 'NAICS Code': '54,541', 'revenue': '<$5M', 'Number of Employees': '<25', 'LinkedIn url': 'http://www.linkedin.com/company/bureau-gravity'}
{'company_name_zoominfo': 'TruePresence', 'website': 'www.true-presence.com', 'headquarters': 'Guatemala', 'SIC Code': '86,866', 'NAICS Code': '81,813', 'revenue': '$5.2M', 'Number of Employees': '25', 'LinkedIn url': 'http://www.linkedin.com/company/31569'}
{'company_name_zoominfo': 'Number Six Software', 'website': 'www.numbersix.com', 'headquarters': '90 S 400 W Ste 700, Salt Lake City, Utah, 84101, United States', 'SIC Code': '73,737', 'NAICS Code': '51,518', 'revenue': '$21.5M', 'Number of Employees': '104', 'LinkedIn url': 'http://www.linkedin.com/company/numbersix'}
{'company_name_zoominfo': 'RTL Electric', 'website': 'www.rtl-electric.com', 'headquarters': '107 E 1st St, Merrill, Wisconsin, 54452, United States', 'SIC Code': '17,173', 'NAICS Code': '23,238', 'revenue': '<$5M', 'Number of Employees': '<25', 'LinkedIn url': '!not-found'}
{'company_name_zoominfo': 'Smb Engine', 'website': 'www.smbengine.com', 'headquarters': '244 5th Ave Ste 2210, New York, New York, 10001, United States', 'SIC Code': '87,874', 'NAICS Code': '54,541', 'revenue': '<$5M', 'Number of Employees': '<25', 'LinkedIn url': 'http://www.linkedin.com/company/smb-engine'}
renewing ip
429
2620:18c:0:192::135
renewing ip
429
2001:67c:6ec:203:192:42:116:175
renewing ip
429
2001:67c:6ec:203:192:42:116:175
renewing ip
429
2a0b:f4c2:1::1
renewing ip
429
2001:67c:6ec:203:192:42:116:196
renewing ip
429
2001:67c:6ec:203:192:42:116:196
renewing ip
429
2a06:1700:0:12::4
{'company_name_zoominfo': 'Results Integrated Marketing Communications', 'website': 'www.resultsimc.com', 'headquarters': '2018 Grant St, Bettendorf, Iowa, 52722, United States', 'SIC Code': '48,489', 'NAICS Code': '51,517', 'revenue': '<$5M', 'Number of Employees': '<25', 'LinkedIn url': 'http://www.linkedin.com/company/results-marketing-qc'}
{'company_name_zoominfo': 'Dynamicweb', 'website': 'www.dynamicweb.com', 'headquarters': '12777 W Jefferson Blvd Ste 300, Los Angeles, California, 90066, United...', 'SIC Code': '73,737', 'NAICS Code': '51,518', 'revenue': '$16.7M', 'Number of Employees': '78', 'LinkedIn url': 'http://www.linkedin.com/company/dynamicweb-software'}
{'company_name_zoominfo': 'Two Oceans Digital', 'website': 'www.twooceansdigital.com', 'headquarters': '701 Simonton St, Key West, Florida, 33040, United States', 'SIC Code': '73,731', 'NAICS Code': '54,541', 'revenue': '$7.7M', 'Number of Employees': '<25', 'LinkedIn url': 'http://www.linkedin.com/company/two-oceans-digital'}
{'company_name_zoominfo': 'iFrog Digital Marketing', 'website': 'www.ifrog.com', 'headquarters': '101 Bay St Ste A, Easton, Maryland, 21601, United States', 'SIC Code': '87,874', 'NAICS Code': '54,541', 'revenue': '$16.3M', 'Number of Employees': '26', 'LinkedIn url': 'http://www.linkedin.com/company/ifrog-digital-marketing'}
{'company_name_zoominfo': 'NotAvailable', 'website': 'NotAvailable', 'headquarters': 'NotAvailable', 'SIC Code': 'NotAvailable', 'NAICS Code': 'NotAvailable', 'revenue': 'NotAvailable', 'Number of Employees': 'NotAvailable', 'LinkedIn url': 'NotAvailable'}
{'company_name_zoominfo': 'Chicago Stream Media', 'website': 'www.chicagostreammedia.com', 'headquarters': '735 N Hickory Ave, Arlington Heights, Illinois, 60004, United States', 'SIC Code': '87,874', 'NAICS Code': '54,541', 'revenue': '<$5M', 'Number of Employees': '<25', 'LinkedIn url': 'http://www.linkedin.com/company/chicago-stream-media'}
{'company_name_zoominfo': 'Convergent Agency', 'website': 'www.convergentagency.com', 'headquarters': '1870 N Corporate Lakes Blvd, Weston, Florida, 33326, United States', 'SIC Code': '87,874', 'NAICS Code': '54,541', 'revenue': '<$5M', 'Number of Employees': '<25', 'LinkedIn url': 'http://www.linkedin.com/company/convergent-communication-technologies-cct-'}
{'company_name_zoominfo': 'Sheng Li Digital', 'website': 'www.shenglidigital.com', 'headquarters': '65-175 Varick St, New York City, New York, 10014, United States', 'SIC Code': '87,874', 'NAICS Code': '54,541', 'revenue': '<$5M', 'Number of Employees': '<25', 'LinkedIn url': 'http://www.linkedin.com/company/sheng-li-digital'}
{'company_name_zoominfo': 'Media Wizards', 'website': 'www.mediawizards.biz', 'headquarters': '!not-found', 'SIC Code': '48,489', 'NAICS Code': '51,517', 'revenue': '<$5M', 'Number of Employees': '<25', 'LinkedIn url': '!not-found'}
{'company_name_zoominfo': 'The Goss Agency', 'website': 'www.thegossagency.com', 'headquarters': '49 Broadway St Ste 202, Asheville, North Carolina, 28801, United State...', 'SIC Code': '73,731', 'NAICS Code': '54,541', 'revenue': '<$5M', 'Number of Employees': '<25', 'LinkedIn url': 'http://www.linkedin.com/company/the-goss-agency'}
{'company_name_zoominfo': 'Growtomation Marketing Solutions Pvt', 'website': 'www.growtomation.in', 'headquarters': 'India', 'SIC Code': '73,731', 'NAICS Code': '54,541', 'revenue': '<$5M', 'Number of Employees': '<25', 'LinkedIn url': 'http://www.linkedin.com/company/growtomation'}
renewing ip
429
2a0b:f4c2:2::34
renewing ip
429
2a0b:f4c1:2::243
renewing ip
429
2a06:1700:0:12::3
renewing ip
429
2a0b:f4c1:2::243
renewing ip
429
2a0b:f4c1:2::243
renewing ip
429
2a0b:f4c2:1::1
renewing ip
429
2001:ba0:1800:80ac::1
{'company_name_zoominfo': '!not-found', 'website': 'Triangle Media Partners', 'headquarters': '!not-found', 'SIC Code': '!not-found', 'NAICS Code': '!not-found', 'revenue': '!not-found', 'Number of Employees': '!not-found', 'LinkedIn url': '!not-found'}
{'company_name_zoominfo': 'The Publicus Community', 'website': 'www.publicusco.com', 'headquarters': '128 E Hargett St Ste 203, Raleigh, North Carolina, 27601, United State...', 'SIC Code': '73,731', 'NAICS Code': '54,541', 'revenue': '<$5M', 'Number of Employees': '<25', 'LinkedIn url': 'http://www.linkedin.com/company/the-publicus-community'}
{'company_name_zoominfo': 'J. Schmid', 'website': 'www.jschmid.com', 'headquarters': '5800 Foxridge Dr Ste 200, Mission, Kansas, 66202, United States', 'SIC Code': '73,731', 'NAICS Code': '54,541', 'revenue': '$18.4M', 'Number of Employees': '<25', 'LinkedIn url': 'http://www.linkedin.com/company/j--schmid-&-assoc--inc-'}
{'company_name_zoominfo': 'Next Steps Marketing', 'website': 'www.nextstepsmarketing.com', 'headquarters': '1 Polk St Fl 2, San Francisco, California, 94102, United States', 'SIC Code': '87,874', 'NAICS Code': '54,541', 'revenue': '<$5M', 'Number of Employees': '<25', 'LinkedIn url': 'http://www.linkedin.com/company/next-steps-marketing'}
{'company_name_zoominfo': 'Brownrice Marketing', 'website': 'www.brownricemarketing.com', 'headquarters': '476 Metairie Rd Ste 202, Metairie, Louisiana, 70005, United States', 'SIC Code': '73,731', 'NAICS Code': '54,541', 'revenue': '<$5M', 'Number of Employees': '<25', 'LinkedIn url': 'http://www.linkedin.com/company/brownrice-marketing-inc.'}
{'company_name_zoominfo': 'Triple-Nine Digital', 'website': 'www.triple9digital.com', 'headquarters': '999 W Riverside Ave, Spokane, Washington, 99201, United States', 'SIC Code': '73,731', 'NAICS Code': '54,541', 'revenue': '<$5M', 'Number of Employees': '<25', 'LinkedIn url': 'http://www.linkedin.com/company/triple-nine-digital'}
site-not-indexed

{'company_name_zoominfo': '!not-found', 'website': '!not-found', 'headquarters': '!not-found', 'SIC Code': '!not-found', 'NAICS Code': '!not-found', 'revenue': '!not-found', 'Number of Employees': '!not-found', 'LinkedIn url': '!not-found'}
{'company_name_zoominfo': 'Creative Science', 'website': 'www.creativescience.co', 'headquarters': '2900 Connecticut Ave NW Ste 206, Washington, District of Columbia, 200...', 'SIC Code': '87,873', 'NAICS Code': '54,541', 'revenue': '$5.1M', 'Number of Employees': '<25', 'LinkedIn url': 'http://www.linkedin.com/company/creative-science-labs'}
{'company_name_zoominfo': '44i Capital', 'website': 'www.44icapital.com', 'headquarters': 'Greystones Barn End, Harrogate, North Yorkshire, HG3 4BB, United Kingd...', 'SIC Code': '67,679', 'NAICS Code': '52,523', 'revenue': '<$5M', 'Number of Employees': '<25', 'LinkedIn url': '!not-found'}
{'company_name_zoominfo': 'Pop-Dot Marketing', 'website': 'www.popdotmarketing.com', 'headquarters': '122 W Washington Ave Ste 620, Madison, Wisconsin, 53703, United States', 'SIC Code': '73,731', 'NAICS Code': '54,541', 'revenue': '$5.8M', 'Number of Employees': '<25', 'LinkedIn url': 'http://www.linkedin.com/company/pop-dot'}
{'company_name_zoominfo': 'Decibel Blue', 'website': 'www.decibelblue.com', 'headquarters': '948 Logan St 2, Denver, Colorado, 80203, United States', 'SIC Code': '87,874', 'NAICS Code': '54,541', 'revenue': '<$5M', 'Number of Employees': '<25', 'LinkedIn url': 'http://www.linkedin.com/company/decibel-blue'}
{'company_name_zoominfo': 'Faircom New York', 'website': 'www.faircomny.com', 'headquarters': '12 W 27th St 13TH Fl, New York, New York, 10001, United States', 'SIC Code': '87,873', 'NAICS Code': '54,541', 'revenue': '$14.1M', 'Number of Employees': '27', 'LinkedIn url': 'http://www.linkedin.com/company/euroamerican-communication-inc-'}
{'company_name_zoominfo': 'Denver Advertising', 'website': 'www.denveradvertising.com', 'headquarters': '7853 E Arapahoe Ct Ste 2700, Centennial, Colorado, 80112, United State...', 'SIC Code': '73,731', 'NAICS Code': '54,541', 'revenue': '<$5M', 'Number of Employees': '<25', 'LinkedIn url': 'http://www.linkedin.com/company/denver-advertising'}
{'company_name_zoominfo': 'Right Place Media', 'website': 'www.rightplacemedia.com', 'headquarters': '437 Lewis Hargett Cir Ste 130, Lexington, Kentucky, 40503, United Stat...', 'SIC Code': '73,731', 'NAICS Code': '54,541', 'revenue': '<$5M', 'Number of Employees': '<25', 'LinkedIn url': 'http://www.linkedin.com/company/392176'}
{'company_name_zoominfo': 'EMW', 'website': 'www.emw-me.com', 'headquarters': 'Office A19 Khalidiyah Tower, Abu Dhabi, Abu Dhabi, United Arab Emirate...', 'SIC Code': '73,737', 'NAICS Code': '54,541', 'revenue': '$15.4M', 'Number of Employees': '54', 'LinkedIn url': 'http://www.linkedin.com/company/4849944'}
{'company_name_zoominfo': 'Core Gen', 'website': 'www.cgencorp.com', 'headquarters': '2573 Sophiea Pkwy, Okemos, Michigan, 48864, United States', 'SIC Code': '73,736', 'NAICS Code': '56,561', 'revenue': '$7.4M', 'Number of Employees': '35', 'LinkedIn url': 'http://www.linkedin.com/company/coregen-corporation-llc'}
renewing ip
429
2001:67c:6ec:203:192:42:116:186
{'company_name_zoominfo': 'Red Rokk', 'website': 'www.redrokk.com', 'headquarters': '114 W Magnolia St Ste 505, Bellingham, Washington, 98225, United State...', 'SIC Code': '73,731', 'NAICS Code': '54,541', 'revenue': '$6.8M', 'Number of Employees': '<25', 'LinkedIn url': 'http://www.linkedin.com/company/red-rokk-interactive'}
{'company_name_zoominfo': 'DNI', 'website': 'www.dnicorp.com', 'headquarters': '711 Spence Ln, Nashville, Tennessee, 37217, United States', 'SIC Code': '27,275', 'NAICS Code': '32,323', 'revenue': '<$5M', 'Number of Employees': '33', 'LinkedIn url': 'http://www.linkedin.com/company/1409887'}
{'company_name_zoominfo': 'NotAvailable', 'website': 'NotAvailable', 'headquarters': 'NotAvailable', 'SIC Code': 'NotAvailable', 'NAICS Code': 'NotAvailable', 'revenue': 'NotAvailable', 'Number of Employees': 'NotAvailable', 'LinkedIn url': 'NotAvailable'}
{'company_name_zoominfo': '!not-found', 'website': 'MediaCutlet', 'headquarters': '!not-found', 'SIC Code': '!not-found', 'NAICS Code': '!not-found', 'revenue': '!not-found', 'Number of Employees': '!not-found', 'LinkedIn url': '!not-found'}
{'company_name_zoominfo': 'ActiveLAMP', 'website': 'www.activelamp.com', 'headquarters': '12180 Ridgecrest Rd Ste 106, Victorville, California, 92395, United St...', 'SIC Code': '73,737', 'NAICS Code': '54,541', 'revenue': '<$5M', 'Number of Employees': '<25', 'LinkedIn url': 'http://www.linkedin.com/company/activelamp'}
{'company_name_zoominfo': '!not-found', 'website': 'Michael Zizzamia', 'headquarters': '!not-found', 'SIC Code': '!not-found', 'NAICS Code': '!not-found', 'revenue': '!not-found', 'Number of Employees': '!not-found', 'LinkedIn url': '!not-found'}
{'company_name_zoominfo': 'Mr Fix-It', 'website': 'www.mrfix-it.net', 'headquarters': '4450 Fm 1387, Midlothian, Texas, 76065, United States', 'SIC Code': '59,594', 'NAICS Code': '45,451', 'revenue': '<$5M', 'Number of Employees': '<25', 'LinkedIn url': '!not-found'}
{'company_name_zoominfo': 'Great Pros', 'website': 'www.greatpros.com', 'headquarters': '2398 E Camelback Rd, Phoenix, Arizona, 85016, United States', 'SIC Code': '15,152', 'NAICS Code': '23,236', 'revenue': '<$5M', 'Number of Employees': '<25', 'LinkedIn url': '!not-found'}
{'company_name_zoominfo': 'Speedy Floor Removal', 'website': 'www.speedyfloorremoval.com', 'headquarters': '13990 Bartram Park Blvd Ste 1019, Jacksonville, Florida, 32258, United...', 'SIC Code': '52,525', 'NAICS Code': '44,442', 'revenue': '<$5M', 'Number of Employees': '<25', 'LinkedIn url': 'http://www.linkedin.com/company/speedy-floor-removal-llc'}
{'company_name_zoominfo': 'HomeTool', 'website': 'www.hometool.com', 'headquarters': 'PO Box 22043, Houston, Texas, 77227, United States', 'SIC Code': '73,734', 'NAICS Code': '56,561', 'revenue': '<$5M', 'Number of Employees': '<25', 'LinkedIn url': 'http://www.linkedin.com/company/hometool'}
{'company_name_zoominfo': 'Qjob', 'website': 'www.qjob.hu', 'headquarters': 'Hungary', 'SIC Code': '76,769', 'NAICS Code': '81,811', 'revenue': '<$5M', 'Number of Employees': '<25', 'LinkedIn url': 'http://www.linkedin.com/company/qjob-hu'}
{'company_name_zoominfo': 'Troubadour', 'website': 'www.troubadour.com', 'headquarters': '9081 Santa Monica Blvd, West Hollywood, California, 90069, United Stat...', 'SIC Code': '79,792', 'NAICS Code': '71,713', 'revenue': '<$5M', 'Number of Employees': '<25', 'LinkedIn url': "http://www.linkedin.com/company/doug-weston's-troubadour"}
{'company_name_zoominfo': 'E-cleaning', 'website': 'www.yelp.com/biz/e-cleaning-reston', 'headquarters': '2409 Alsop Ct, Reston, Virginia, 20191, United States', 'SIC Code': '73,734', 'NAICS Code': '56,561', 'revenue': '<$5M', 'Number of Employees': '<25', 'LinkedIn url': '!not-found'}
{'company_name_zoominfo': 'NotAvailable', 'website': 'NotAvailable', 'headquarters': 'NotAvailable', 'SIC Code': 'NotAvailable', 'NAICS Code': 'NotAvailable', 'revenue': 'NotAvailable', 'Number of Employees': 'NotAvailable', 'LinkedIn url': 'NotAvailable'}
renewing ip
429
2a0b:f4c0:16c:2::1
{'company_name_zoominfo': 'Dynamic Data for Solutions Systems', 'website': 'www.academyux.com', 'headquarters': '47 Ahmad Ukla Al Nsour Jandaweel, Amman Jordan, Amman, 11814, Jordan', 'SIC Code': '73,737', 'NAICS Code': '54,541', 'revenue': '<$5M', 'Number of Employees': '<25', 'LinkedIn url': 'http://www.linkedin.com/company/19046101'}
('Connection aborted.', RemoteDisconnected('Remote end closed connection without response'))
<class 'UnboundLocalError'>
error in http://webcache.googleusercontent.com/search?q=cache%3Ahttps%3A%2F%2Fwww.zoominfo.com%2Fc%2Fbunde-wischen-ev%2F431126329
local variable 'page_content' referenced before assignment
https://www.zoominfo.com/c/bunde-wischen-ev/431126329
{'company_name_zoominfo': '!unknown-error', 'website': '!unknown-error', 'headquarters': '!unknown-error', 'SIC Code': '!unknown-error', 'NAICS Code': '!unknown-error', 'revenue': '!unknown-error', 'Number of Employees': '!unknown-error', 'LinkedIn url': '!unknown-error'}
{'company_name_zoominfo': 'Mini Maid', 'website': 'www.minimaid.com', 'headquarters': '3020 Canton Rd Ste 224, Marietta, Georgia, 30066, United States', 'SIC Code': '73,734', 'NAICS Code': '56,561', 'revenue': '<$5M', 'Number of Employees': '<25', 'LinkedIn url': 'http://www.linkedin.com/company/mini-maid-services-co-inc'}
{'company_name_zoominfo': 'Wynnow', 'website': 'www.wynnow.com', 'headquarters': '3565 Nesco Rd, Hammonton, New Jersey, 08037, United States', 'SIC Code': '73,734', 'NAICS Code': '56,561', 'revenue': '<$5M', 'Number of Employees': '<25', 'LinkedIn url': '!not-found'}
{'company_name_zoominfo': '!not-found', 'website': '!not-found', 'headquarters': '!not-found', 'SIC Code': '!not-found', 'NAICS Code': '!not-found', 'revenue': '!not-found', 'Number of Employees': '!not-found', 'LinkedIn url': '!not-found'}
{'company_name_zoominfo': 'Polpo', 'website': 'www.polpo.nl', 'headquarters': 'Netherlands', 'SIC Code': '67,673', 'NAICS Code': '52,523', 'revenue': '<$5M', 'Number of Employees': '<25', 'LinkedIn url': 'https://www.linkedin.com/company/polpo'}
{'company_name_zoominfo': 'Chores', 'website': 'www.choresllc.com', 'headquarters': '1405 N Baxter St, Anaheim, California, 92806, United States', 'SIC Code': '51,514', 'NAICS Code': '42,424', 'revenue': '<$5M', 'Number of Employees': '<25', 'LinkedIn url': '!not-found'}
{'company_name_zoominfo': 'Task Guru', 'website': 'www.taskguru.com', 'headquarters': '100 Congress Ave Ste 2000, Austin, Texas, 78701, United States', 'SIC Code': '17,176', 'NAICS Code': '23,238', 'revenue': '<$5M', 'Number of Employees': '<25', 'LinkedIn url': 'http://www.linkedin.com/company/taskguru'}
{'company_name_zoominfo': 'HelpFully', 'website': 'www.helpfullyit.com', 'headquarters': 'United Kingdom', 'SIC Code': '73,737', 'NAICS Code': '54,541', 'revenue': '<$5M', 'Number of Employees': '<25', 'LinkedIn url': 'https://www.linkedin.com/company/helpfullyit'}
{'company_name_zoominfo': 'Refined Haystack', 'website': 'www.refinedhaystack.com', 'headquarters': '230 W Superior St Ste 107, Chicago, Illinois, 60654, United States', 'SIC Code': '73,738', 'NAICS Code': '54,541', 'revenue': '<$5M', 'Number of Employees': '<25', 'LinkedIn url': 'http://www.linkedin.com/company/refined-haystack'}
{'company_name_zoominfo': 'Craftstaff', 'website': 'www.craftstaffofsouthflorida.com', 'headquarters': '801 S Florida Ave Ste 1, Lakeland, Florida, 33801, United States', 'SIC Code': '73,736', 'NAICS Code': '56,561', 'revenue': '<$5M', 'Number of Employees': '<25', 'LinkedIn url': 'https://www.linkedin.com/company/4590878'}
{'company_name_zoominfo': 'Hirerated', 'website': 'www.hireratedhelp.com', 'headquarters': '3200 Summit Blvd 16262, West Palm Beach, Florida, 33416, United States', 'SIC Code': '47,478', 'NAICS Code': '48,488', 'revenue': '<$5M', 'Number of Employees': '<25', 'LinkedIn url': '!not-found'}
{'company_name_zoominfo': 'Worklab.io', 'website': 'www.worklab.io', 'headquarters': '124 E Olive Ave Ste 205, Burbank, California, 91502, United States', 'SIC Code': '73,738', 'NAICS Code': '56,561', 'revenue': '<$5M', 'Number of Employees': '<25', 'LinkedIn url': 'http://www.linkedin.com/company/worklab-io'}
{'company_name_zoominfo': 'Alice Care', 'website': 'www.alice.care', 'headquarters': '8146 Greenback Ln Ste 106, Fair Oaks, California, 95628, United States', 'SIC Code': '80,805', 'NAICS Code': '62,623', 'revenue': '<$5M', 'Number of Employees': '<25', 'LinkedIn url': '!not-found'}
{'company_name_zoominfo': 'NotAvailable', 'website': 'NotAvailable', 'headquarters': 'NotAvailable', 'SIC Code': 'NotAvailable', 'NAICS Code': 'NotAvailable', 'revenue': 'NotAvailable', 'Number of Employees': 'NotAvailable', 'LinkedIn url': 'NotAvailable'}
{'company_name_zoominfo': '!not-found', 'website': 'Local Contractor', 'headquarters': '!not-found', 'SIC Code': '!not-found', 'NAICS Code': '!not-found', 'revenue': '!not-found', 'Number of Employees': '!not-found', 'LinkedIn url': '!not-found'}
{'company_name_zoominfo': 'WAND USA', 'website': 'www.wandusa.com', 'headquarters': '911 Washington Ave Unit 849, St. Louis, Missouri, 63101, United States', 'SIC Code': '28,284', 'NAICS Code': '32,325', 'revenue': '<$5M', 'Number of Employees': '<25', 'LinkedIn url': 'http://www.linkedin.com/company/wand-usa'}
{'company_name_zoominfo': 'AlltimePower', 'website': 'www.alltimepower.com', 'headquarters': 'United States', 'SIC Code': '36,362', 'NAICS Code': '33,335', 'revenue': '<$5M', 'Number of Employees': '<25', 'LinkedIn url': 'http://www.linkedin.com/company/alltimepower'}
{'company_name_zoominfo': 'UTZO Technologies', 'website': 'www.utzo.com', 'headquarters': '4231 Business Center Dr Ste 12, Fremont, California, 94538, United Sta...', 'SIC Code': '17,171', 'NAICS Code': '23,238', 'revenue': '<$5M', 'Number of Employees': '<25', 'LinkedIn url': 'http://www.linkedin.com/company/utzousa'}
{'company_name_zoominfo': 'NotAvailable', 'website': 'NotAvailable', 'headquarters': 'NotAvailable', 'SIC Code': 'NotAvailable', 'NAICS Code': 'NotAvailable', 'revenue': 'NotAvailable', 'Number of Employees': 'NotAvailable', 'LinkedIn url': 'NotAvailable'}
{'company_name_zoominfo': 'NotAvailable', 'website': 'NotAvailable', 'headquarters': 'NotAvailable', 'SIC Code': 'NotAvailable', 'NAICS Code': 'NotAvailable', 'revenue': 'NotAvailable', 'Number of Employees': 'NotAvailable', 'LinkedIn url': 'NotAvailable'}
{'company_name_zoominfo': 'NotAvailable', 'website': 'NotAvailable', 'headquarters': 'NotAvailable', 'SIC Code': 'NotAvailable', 'NAICS Code': 'NotAvailable', 'revenue': 'NotAvailable', 'Number of Employees': 'NotAvailable', 'LinkedIn url': 'NotAvailable'}
{'company_name_zoominfo': 'NotAvailable', 'website': 'NotAvailable', 'headquarters': 'NotAvailable', 'SIC Code': 'NotAvailable', 'NAICS Code': 'NotAvailable', 'revenue': 'NotAvailable', 'Number of Employees': 'NotAvailable', 'LinkedIn url': 'NotAvailable'}
{'company_name_zoominfo': 'MaidIt', 'website': 'www.maidit.us', 'headquarters': '2305 Worthington St, Dallas, Texas, 75204, United States', 'SIC Code': '73,734', 'NAICS Code': '56,561', 'revenue': '<$5M', 'Number of Employees': '<25', 'LinkedIn url': 'http://www.linkedin.com/company/40962306'}
renewing ip
429
2620:18c:0:192::216
{'company_name_zoominfo': 'UtilityHound', 'website': 'www.utilityhound.com', 'headquarters': 'Crested Butte, Colorado, 81224, United States', 'SIC Code': '49,493', 'NAICS Code': '22,221', 'revenue': '$5.4M', 'Number of Employees': '27', 'LinkedIn url': 'http://www.linkedin.com/company/utilityhound'}
{'company_name_zoominfo': 'ALLPRO', 'website': 'www.allprocorp.com', 'headquarters': '4946 Joanne Kearney Blvd, Tampa, Florida, 33619, United States', 'SIC Code': '86,52', 'NAICS Code': '44,444', 'revenue': '<$5M', 'Number of Employees': '<25', 'LinkedIn url': 'http://www.linkedin.com/company/allpro-sportsbook'}
{'company_name_zoominfo': 'Zytrio', 'website': 'www.zytrio.com', 'headquarters': '2481 Calle Villada Cir, Duarte, California, 91010, United States', 'SIC Code': '72,721', 'NAICS Code': '56,561', 'revenue': '<$5M', 'Number of Employees': '<25', 'LinkedIn url': '!not-found'}
{'company_name_zoominfo': 'L&K Handyman Services', 'website': 'www.lkhandymanservices.com', 'headquarters': '106 Attie Cir, Broussard, Louisiana, 70518, United States', 'SIC Code': '72,729', 'NAICS Code': '81,812', 'revenue': '<$5M', 'Number of Employees': '<25', 'LinkedIn url': '!not-found'}
{'company_name_zoominfo': 'Pro Trailer', 'website': 'www.protrailersa.com', 'headquarters': '8511 I-10 Frontage Rd, Converse, Texas, 78109, United States', 'SIC Code': '37,379', 'NAICS Code': '33,336', 'revenue': '<$5M', 'Number of Employees': '<25', 'LinkedIn url': '!not-found'}
{'company_name_zoominfo': 'Qleen', 'website': 'www.qleen.com.br', 'headquarters': 'Brazil', 'SIC Code': '61,611', 'NAICS Code': '52,522', 'revenue': '<$5M', 'Number of Employees': '<25', 'LinkedIn url': '!not-found'}
{'company_name_zoominfo': 'NotAvailable', 'website': 'NotAvailable', 'headquarters': 'NotAvailable', 'SIC Code': 'NotAvailable', 'NAICS Code': 'NotAvailable', 'revenue': 'NotAvailable', 'Number of Employees': 'NotAvailable', 'LinkedIn url': 'NotAvailable'}
{'company_name_zoominfo': 'Z2o', 'website': 'www.z2o.com', 'headquarters': 'United States', 'SIC Code': '73,734', 'NAICS Code': '56,561', 'revenue': '<$5M', 'Number of Employees': '<25', 'LinkedIn url': '!not-found'}
{'company_name_zoominfo': 'Intuitive Digital', 'website': 'www.intuitivedigital.com', 'headquarters': '2715 SE 8th Ave Ste 145, Portland, Oregon, 97202, United States', 'SIC Code': '73,731', 'NAICS Code': '54,541', 'revenue': '$10M', 'Number of Employees': '<25', 'LinkedIn url': 'http://www.linkedin.com/company/intuitive-digital'}
{'company_name_zoominfo': 'The Creative Momentum', 'website': 'www.thecreativemomentum.com', 'headquarters': '1801 Old Alabama Rd Ste 125, Roswell, Georgia, 30076, United States', 'SIC Code': '73,731', 'NAICS Code': '54,541', 'revenue': '<$5M', 'Number of Employees': '<25', 'LinkedIn url': 'http://www.linkedin.com/company/the-creative-momentum'}
{'company_name_zoominfo': 'Reap Commerce', 'website': 'www.reapcommerce.com', 'headquarters': '1920 Mckinney Ave Fl 7, Dallas, Texas, 75201, United States', 'SIC Code': '73,731', 'NAICS Code': '54,541', 'revenue': '<$5M', 'Number of Employees': '<25', 'LinkedIn url': '!not-found'}
{'company_name_zoominfo': 'Decorilla', 'website': 'www.decorilla.com', 'headquarters': '230 Park Ave Fl 3, New York City, New York, 10169, United States', 'SIC Code': '73,738', 'NAICS Code': '54,541', 'revenue': '$8.9M', 'Number of Employees': '34', 'LinkedIn url': 'http://www.linkedin.com/company/decorilla'}
{'company_name_zoominfo': 'Decorist', 'website': 'www.decorist.com', 'headquarters': '38 Keyes Ave Ste 102, San Francisco, California, 94129, United States', 'SIC Code': '73,738', 'NAICS Code': '54,541', 'revenue': '$29.7M', 'Number of Employees': '25', 'LinkedIn url': 'http://www.linkedin.com/company/decorist'}
{'company_name_zoominfo': 'Digifabshop', 'website': 'www.digifabshop.com', 'headquarters': '99 S 3rd St Ste 2, Hudson, New York, 12534, United States', 'SIC Code': '24,243', 'NAICS Code': '32,321', 'revenue': '$23M', 'Number of Employees': '81', 'LinkedIn url': 'http://www.linkedin.com/company/digifabshop'}
{'company_name_zoominfo': 'Adopt a Contractor', 'website': 'www.adopt-a-contractor.com', 'headquarters': '20200 W Dixie Hwy Ste 1109, Miami, Florida, 33180, United States', 'SIC Code': '15,152', 'NAICS Code': '23,236', 'revenue': '<$5M', 'Number of Employees': '<25', 'LinkedIn url': 'http://www.linkedin.com/company/adopt-a-contractor'}
renewing ip
429
2001:67c:6ec:203:192:42:116:201
renewing ip
429
2001:67c:6ec:203:192:42:116:201
renewing ip
429
2a03:94e0:ffff:185:181:61:0:115
{'company_name_zoominfo': '!not-found', 'website': '!not-found', 'headquarters': '!not-found', 'SIC Code': '!not-found', 'NAICS Code': '!not-found', 'revenue': '!not-found', 'Number of Employees': '!not-found', 'LinkedIn url': '!not-found'}
{'company_name_zoominfo': 'Rated People', 'website': 'www.ratedpeople.com', 'headquarters': '240 Blackfriars Rd, London, Greater London, SE1 8NW, United Kingdom', 'SIC Code': '42,421', 'NAICS Code': '48,484', 'revenue': '$22.4M', 'Number of Employees': '58', 'LinkedIn url': 'http://www.linkedin.com/company/148230'}
