{'company_name_zoominfo': 'Hidrent', 'website': 'www.hidrent.com', 'headquarters': '3102 Oak Lawn Ave, Dallas, Texas, 75219, United States', 'SIC Code': '86,863', 'NAICS Code': '81,813', 'revenue': '$5.9M', 'Number of Employees': '<25', 'LinkedIn url': 'http://www.linkedin.com/company/hidrent'}
{'company_name_zoominfo': 'Joist', 'website': 'www.joist.com', 'headquarters': '300-490 Adelaide St W, Toronto, Ontario, M5V 1T2, Canada', 'SIC Code': '73,737', 'NAICS Code': '54,541', 'revenue': '$6.3M', 'Number of Employees': '<25', 'LinkedIn url': 'http://www.linkedin.com/company/joist'}
{'company_name_zoominfo': 'Interogo Foundation', 'website': 'www.interogofoundation.com', 'headquarters': 'Vaduz, Liechtenstein', 'SIC Code': '67,671', 'NAICS Code': '55,551', 'revenue': '$38.8M', 'Number of Employees': '97', 'LinkedIn url': '!not-found'}
{'company_name_zoominfo': 'Properly', 'website': 'www.getproperly.com', 'headquarters': '5214f Diamond Heights Blvd 356, San Francisco, California, 94131, Unit...', 'SIC Code': '73,737', 'NAICS Code': '51,511', 'revenue': '<$5M', 'Number of Employees': '<25', 'LinkedIn url': 'http://www.linkedin.com/company/properly-inc'}
{'company_name_zoominfo': 'Prefer', 'website': 'www.imi-prefer.eu', 'headquarters': '!not-found', 'SIC Code': '87,873', 'NAICS Code': '54,541', 'revenue': '<$5M', 'Number of Employees': '<25', 'LinkedIn url': 'http://www.linkedin.com/company/imi-prefer'}
site-not-indexed

{'company_name_zoominfo': '!not-found', 'website': '!not-found', 'headquarters': '!not-found', 'SIC Code': '!not-found', 'NAICS Code': '!not-found', 'revenue': '!not-found', 'Number of Employees': '!not-found', 'LinkedIn url': '!not-found'}
{'company_name_zoominfo': 'Getable', 'website': 'www.getable.com', 'headquarters': '1835 Newport Blvd A109-240, Costa Mesa, California, 92627, United Stat...', 'SIC Code': '73,735', 'NAICS Code': '53,532', 'revenue': '<$5M', 'Number of Employees': '<25', 'LinkedIn url': 'http://www.linkedin.com/company/getable'}
renewing ip
429
2620:7:6001::122
{'company_name_zoominfo': 'Konnecti', 'website': 'www.konnecti.com', 'headquarters': '3525 Piedmont Rd NE, Atlanta, Georgia, 30305, United States', 'SIC Code': '87,874', 'NAICS Code': '54,541', 'revenue': '$5.3M', 'Number of Employees': '<25', 'LinkedIn url': 'http://www.linkedin.com/company/konnecti'}
{'company_name_zoominfo': 'MyBuilder', 'website': 'www.mybuilder.com', 'headquarters': 'house Tiling Rd Fl 2 Cardiff, London, Greater London, NW2 1LJ, United ...', 'SIC Code': '15,152', 'NAICS Code': '23,236', 'revenue': '$6.9M', 'Number of Employees': '<25', 'LinkedIn url': 'http://www.linkedin.com/company/mybuilder-limited'}
{'company_name_zoominfo': 'Skylight Tools', 'website': 'skylight.tools', 'headquarters': '!not-found', 'SIC Code': '35,354', 'NAICS Code': '33,333', 'revenue': '<$5M', 'Number of Employees': '28', 'LinkedIn url': 'http://www.linkedin.com/company/skylight.'}
{'company_name_zoominfo': 'Markate', 'website': 'www.markate.com', 'headquarters': '7730 E Greenway Rd 201, Scottsdale, Arizona, 85260, United States', 'SIC Code': '73,737', 'NAICS Code': '54,541', 'revenue': '<$5M', 'Number of Employees': '<25', 'LinkedIn url': 'http://www.linkedin.com/company/15085839'}
{'company_name_zoominfo': 'Handlr', 'website': 'www.myhandlr.com', 'headquarters': '178 Athalassas Ave, Nicosia, 2025, Cyprus', 'SIC Code': '73,737', 'NAICS Code': '51,511', 'revenue': '<$5M', 'Number of Employees': '<25', 'LinkedIn url': 'http://www.linkedin.com/company/handlr'}
{'company_name_zoominfo': 'Goin', 'website': 'www.goin.org', 'headquarters': '1904 Fruitvale Blvd, Yakima, Washington, 98902, United States', 'SIC Code': '42,421', 'NAICS Code': '49,492', 'revenue': '<$5M', 'Number of Employees': '<25', 'LinkedIn url': '!not-found'}
{'company_name_zoominfo': 'NotAvailable', 'website': 'NotAvailable', 'headquarters': 'NotAvailable', 'SIC Code': 'NotAvailable', 'NAICS Code': 'NotAvailable', 'revenue': 'NotAvailable', 'Number of Employees': 'NotAvailable', 'LinkedIn url': 'NotAvailable'}
{'company_name_zoominfo': 'ADEO', 'website': 'www.adeo.com', 'headquarters': '135 Rue Sadi Carnot Cs 00001, Ronchin, Wallis and Futuna, 59790, Franc...', 'SIC Code': '52,521', 'NAICS Code': '44,444', 'revenue': '$31.7B', 'Number of Employees': '150,000', 'LinkedIn url': 'http://www.linkedin.com/company/groupe-adeo'}
{'company_name_zoominfo': 'Help-Full', 'website': 'www.help-full.com', 'headquarters': 'PO Box 11182, Oakland, California, 94611, United States', 'SIC Code': '83,832', 'NAICS Code': '62,624', 'revenue': '<$5M', 'Number of Employees': '<25', 'LinkedIn url': 'https://www.linkedin.com/company/help-full'}
{'company_name_zoominfo': 'Tastemakers', 'website': 'www.tastemakersllc.com', 'headquarters': '589 8th Ave Fl 3, New York, New York, 10018, United States', 'SIC Code': '39,399', 'NAICS Code': '33,339', 'revenue': '$6M', 'Number of Employees': '26', 'LinkedIn url': 'http://www.linkedin.com/company/tastemakers-magazine'}
{'company_name_zoominfo': 'GoPillar', 'website': 'www.gopillar.com', 'headquarters': '405 Howard St, San Francisco, California, 94105, United States', 'SIC Code': '87,871', 'NAICS Code': '54,541', 'revenue': '$5.3M', 'Number of Employees': '<25', 'LinkedIn url': 'http://www.linkedin.com/company/cocontest'}
{'company_name_zoominfo': 'Solvari', 'website': 'www.solvari.nl', 'headquarters': '5 Zoomstede, Nieuwegein, Utrecht, 3431 HK, Netherlands', 'SIC Code': '16,162', 'NAICS Code': '23,237', 'revenue': '$7.5M', 'Number of Employees': '29', 'LinkedIn url': 'http://www.linkedin.com/company/solvari'}
{'company_name_zoominfo': 'Zotogo', 'website': 'www.zotogo.com', 'headquarters': 'PO Box 1188, Southbury, Connecticut, 06488, United States', 'SIC Code': '73,737', 'NAICS Code': '54,541', 'revenue': '<$5M', 'Number of Employees': '<25', 'LinkedIn url': 'http://www.linkedin.com/company/zotogo'}
('Connection aborted.', RemoteDisconnected('Remote end closed connection without response'))
<class 'UnboundLocalError'>
error in http://webcache.googleusercontent.com/search?q=cache%3Ahttps%3A%2F%2Fwww.zoominfo.com%2Fc%2Fgo-trashy-inc%2F398817726
local variable 'page_content' referenced before assignment
https://www.zoominfo.com/c/go-trashy-inc/398817726
{'company_name_zoominfo': '!unknown-error', 'website': '!unknown-error', 'headquarters': '!unknown-error', 'SIC Code': '!unknown-error', 'NAICS Code': '!unknown-error', 'revenue': '!unknown-error', 'Number of Employees': '!unknown-error', 'LinkedIn url': '!unknown-error'}
renewing ip
429
2a03:e600:100::77
site-not-indexed

{'company_name_zoominfo': '!not-found', 'website': '!not-found', 'headquarters': '!not-found', 'SIC Code': '!not-found', 'NAICS Code': '!not-found', 'revenue': '!not-found', 'Number of Employees': '!not-found', 'LinkedIn url': '!not-found'}
{'company_name_zoominfo': 'Belboy', 'website': 'www.belboy.com', 'headquarters': '!not-found', 'SIC Code': '49,495', 'NAICS Code': '56,562', 'revenue': '<$5M', 'Number of Employees': '<25', 'LinkedIn url': '!not-found'}
{'company_name_zoominfo': 'The Happy Home Sellers', 'website': 'www.pattifoden.com', 'headquarters': '50 Sewall St Fl 2, Portland, Maine, 04102, United States', 'SIC Code': '65,653', 'NAICS Code': '53,531', 'revenue': '$30M', 'Number of Employees': '114', 'LinkedIn url': '!not-found'}
{'company_name_zoominfo': 'Call Emmy', 'website': 'www.callemmy.com', 'headquarters': '!not-found', 'SIC Code': '73,738', 'NAICS Code': '56,561', 'revenue': '<$5M', 'Number of Employees': '<25', 'LinkedIn url': 'http://www.linkedin.com/company/callemmyapp'}
{'company_name_zoominfo': 'Emptor', 'website': 'www.emptor.io', 'headquarters': '33 W 60th St, New York City, New York, 10023, United States', 'SIC Code': '73,737', 'NAICS Code': '54,541', 'revenue': '$15.6M', 'Number of Employees': '31', 'LinkedIn url': 'http://www.linkedin.com/company/emptor'}
{'company_name_zoominfo': 'TinkerLink', 'website': 'www.tinkerlink.com', 'headquarters': 'Barcelona, Catalonia, Spain', 'SIC Code': '47,472', 'NAICS Code': '56,561', 'revenue': '<$5M', 'Number of Employees': '<25', 'LinkedIn url': 'http://www.linkedin.com/company/tinkerlink'}
{'company_name_zoominfo': 'HealthWallet', 'website': 'www.thehealthwallet.com', 'headquarters': '1613 S Capital of Tx Hwy Ste 205, Austin, Texas, 78746, United States', 'SIC Code': '80,809', 'NAICS Code': '62,621', 'revenue': '<$5M', 'Number of Employees': '<25', 'LinkedIn url': 'http://www.linkedin.com/company/healthwallet'}
{'company_name_zoominfo': 'Kozee Labs', 'website': 'www.getkozee.com', 'headquarters': '160 Greentree Dr Ste 101, Dover Air Force Base, Delaware, 19902, Unite...', 'SIC Code': '73,737', 'NAICS Code': '51,511', 'revenue': '<$5M', 'Number of Employees': '<25', 'LinkedIn url': 'http://www.linkedin.com/company/kozee-labs'}
{'company_name_zoominfo': 'Mighty', 'website': 'www.mighty.la', 'headquarters': 'United States', 'SIC Code': '73,738', 'NAICS Code': '54,541', 'revenue': '<$5M', 'Number of Employees': '<25', 'LinkedIn url': '!not-found'}
{'company_name_zoominfo': 'Bark', 'website': 'www.bark.com', 'headquarters': '40 Eastbourne Ter, London, Essex, W2 6LG, United Kingdom', 'SIC Code': '73,736', 'NAICS Code': '51,519', 'revenue': '$10.5M', 'Number of Employees': '33', 'LinkedIn url': 'http://www.linkedin.com/company/bark-com'}
{'company_name_zoominfo': 'NotAvailable', 'website': 'NotAvailable', 'headquarters': 'NotAvailable', 'SIC Code': 'NotAvailable', 'NAICS Code': 'NotAvailable', 'revenue': 'NotAvailable', 'Number of Employees': 'NotAvailable', 'LinkedIn url': 'NotAvailable'}
{'company_name_zoominfo': 'TruStar Marketing', 'website': 'www.trustarmarketing.com', 'headquarters': '750 Old Hickory Two Blvd Bldg Ste 150, Brentwood, Tennessee, 37027, Un...', 'SIC Code': '73,731', 'NAICS Code': '54,541', 'revenue': '<$5M', 'Number of Employees': '<25', 'LinkedIn url': 'http://www.linkedin.com/company/trustar-marketing'}
{'company_name_zoominfo': 'Wayne Media Group', 'website': 'www.waynemedia.com', 'headquarters': '117 E Grand River Ave, Louisville, Kentucky, 40299, United States', 'SIC Code': '48,489', 'NAICS Code': '51,517', 'revenue': '<$5M', 'Number of Employees': '<25', 'LinkedIn url': 'http://www.linkedin.com/company/waynemediagroup'}
{'company_name_zoominfo': '215 Marketing', 'website': 'www.215marketing.com', 'headquarters': '1031 N 3rd St Ste 101, Philadelphia, Pennsylvania, 19123, United State...', 'SIC Code': '87,874', 'NAICS Code': '54,541', 'revenue': '<$5M', 'Number of Employees': '<25', 'LinkedIn url': 'http://www.linkedin.com/company/215-marketing'}
{'company_name_zoominfo': 'Threshold Agency', 'website': 'www.thresholdagency.com', 'headquarters': '3809 S 2nd St Ste C300, Austin, Texas, 78704, United States', 'SIC Code': '73,731', 'NAICS Code': '54,541', 'revenue': '$7.3M', 'Number of Employees': '29', 'LinkedIn url': 'http://www.linkedin.com/company/threshold-agency'}
renewing ip
429
2a03:e600:100::67
{'company_name_zoominfo': 'Harvey', 'website': 'www.harveyagency.com', 'headquarters': '1600 W 41st St Ste 400, Baltimore, Maryland, 21211, United States', 'SIC Code': '73,738', 'NAICS Code': '54,541', 'revenue': '$14.2M', 'Number of Employees': '<25', 'LinkedIn url': 'http://www.linkedin.com/company/harvey-&-daughters'}
{'company_name_zoominfo': 'LS Media', 'website': 'www.lsmedia.com', 'headquarters': '304 Main Ave 108, Norwalk, Connecticut, 06851, United States', 'SIC Code': '73,731', 'NAICS Code': '54,541', 'revenue': '<$5M', 'Number of Employees': '<25', 'LinkedIn url': 'http://www.linkedin.com/company/ls-media-llc'}
{'company_name_zoominfo': 'Solution Agency Agency', 'website': 'www.solutionagency.net', 'headquarters': '1111 St Gregory St Unit 401, Cincinnati, Ohio, 45202, United States', 'SIC Code': '48,489', 'NAICS Code': '51,517', 'revenue': '<$5M', 'Number of Employees': '<25', 'LinkedIn url': 'http://www.linkedin.com/company/solution-design-services-inc.'}
{'company_name_zoominfo': 'Top Position', 'website': 'www.topposition.eu', 'headquarters': 'Poland', 'SIC Code': '73,731', 'NAICS Code': '54,541', 'revenue': '<$5M', 'Number of Employees': '<25', 'LinkedIn url': 'https://www.linkedin.com/company/top-position-pl-'}
{'company_name_zoominfo': 'Belltower Advertising', 'website': 'www.belltoweradvertising.com', 'headquarters': '205 Fairfield Ave, Bellevue, Kentucky, 41073, United States', 'SIC Code': '73,731', 'NAICS Code': '54,541', 'revenue': '<$5M', 'Number of Employees': '<25', 'LinkedIn url': 'http://www.linkedin.com/company/belltower-advertising-inc'}
{'company_name_zoominfo': 'MarketBurst', 'website': 'www.marketburst.net', 'headquarters': '7115 Bremerton Ct, Dallas, Texas, 75252, United States', 'SIC Code': '87,874', 'NAICS Code': '54,541', 'revenue': '<$5M', 'Number of Employees': '<25', 'LinkedIn url': 'http://www.linkedin.com/company/marketburst'}
{'company_name_zoominfo': 'NotAvailable', 'website': 'NotAvailable', 'headquarters': 'NotAvailable', 'SIC Code': 'NotAvailable', 'NAICS Code': 'NotAvailable', 'revenue': 'NotAvailable', 'Number of Employees': 'NotAvailable', 'LinkedIn url': 'NotAvailable'}
{'company_name_zoominfo': 'Jalapeño Digital', 'website': 'www.jalapenodigital.com', 'headquarters': '501 E Las Olas Blvd, Fort Lauderdale, Florida, 33301, United States', 'SIC Code': '87,874', 'NAICS Code': '54,541', 'revenue': '<$5M', 'Number of Employees': '<25', 'LinkedIn url': 'http://www.linkedin.com/company/jalapenodigitalteam'}
{'company_name_zoominfo': '!not-found', 'website': 'Richardson', 'headquarters': '!not-found', 'SIC Code': '!not-found', 'NAICS Code': '!not-found', 'revenue': '!not-found', 'Number of Employees': '!not-found', 'LinkedIn url': '!not-found'}
{'company_name_zoominfo': 'PureDriven', 'website': 'www.puredriven.com', 'headquarters': '618 1st Ave, Two Harbors, Minnesota, 55616, United States', 'SIC Code': '87,874', 'NAICS Code': '54,541', 'revenue': '$17.7M', 'Number of Employees': '<25', 'LinkedIn url': 'http://www.linkedin.com/company/puredriven'}
{'company_name_zoominfo': 'SAMA Labs', 'website': 'www.sama-labs.com', 'headquarters': '1140 Holland Dr 2, Boca Raton, Florida, 33487, United States', 'SIC Code': '87,874', 'NAICS Code': '54,541', 'revenue': '<$5M', 'Number of Employees': '<25', 'LinkedIn url': 'http://www.linkedin.com/company/sama-labs'}
{'company_name_zoominfo': 'Marketing Mojo', 'website': 'www.marketing-mojo.com', 'headquarters': '100 10th St NE Ste 301, Charlottesville, Virginia, 22902, United State...', 'SIC Code': '87,874', 'NAICS Code': '54,541', 'revenue': '<$5M', 'Number of Employees': '<25', 'LinkedIn url': 'http://www.linkedin.com/company/marketing-mojo-a-digital-marketing-agency'}
renewing ip
429
2620:18c:0:192::135
renewing ip
429
2001:67c:6ec:203:192:42:116:175
renewing ip
429
2001:67c:6ec:203:192:42:116:175
renewing ip
429
2a0b:f4c2:1::1
renewing ip
429
2a0b:f4c2:1::1
renewing ip
429
2001:67c:6ec:203:192:42:116:196
renewing ip
429
2a06:1700:0:12::4
{'company_name_zoominfo': 'Bluesoft Design', 'website': 'www.bluesoftdesign.com', 'headquarters': '4041 Hadley Rd Unit Q, South Plainfield, New Jersey, 07080, United Sta...', 'SIC Code': '73,738', 'NAICS Code': '54,541', 'revenue': '$5.4M', 'Number of Employees': '<25', 'LinkedIn url': 'http://www.linkedin.com/company/bluesoft-design'}
{'company_name_zoominfo': 'RedRover', 'website': 'www.redrovercompany.com', 'headquarters': '22 N Front St Ste 300, Memphis, Tennessee, 38103, United States', 'SIC Code': '73,731', 'NAICS Code': '54,541', 'revenue': '<$5M', 'Number of Employees': '<25', 'LinkedIn url': 'http://www.linkedin.com/company/redrover-company'}
{'company_name_zoominfo': 'Mad Men Marketing', 'website': 'www.madmenmarketinginc.com', 'headquarters': '315 E Bay St Ste 200, Jacksonville, Florida, 32202, United States', 'SIC Code': '73,731', 'NAICS Code': '54,541', 'revenue': '$19.6M', 'Number of Employees': '<25', 'LinkedIn url': 'http://www.linkedin.com/company/mad-men-marketing'}
{'company_name_zoominfo': 'Qry', 'website': 'www.weareqry.com', 'headquarters': '!not-found', 'SIC Code': '73,731', 'NAICS Code': '54,541', 'revenue': '<$5M', 'Number of Employees': '<25', 'LinkedIn url': 'http://www.linkedin.com/company/weareqry'}
{'company_name_zoominfo': 'GrowMojo', 'website': 'www.growmojo.com', 'headquarters': '65 Manor Rd, Kentfield, California, 94904, United States', 'SIC Code': '73,738', 'NAICS Code': '56,561', 'revenue': '<$5M', 'Number of Employees': '<25', 'LinkedIn url': 'http://www.linkedin.com/company/growmojo'}
{'company_name_zoominfo': 'ThinkSEM', 'website': 'www.thinksem.com', 'headquarters': '2277 Hwy 36 W Ste 220, Roseville, Minnesota, 55113, United States', 'SIC Code': '87,874', 'NAICS Code': '54,541', 'revenue': '<$5M', 'Number of Employees': '<25', 'LinkedIn url': 'http://www.linkedin.com/company/thinksem-&-attorneyppc'}
{'company_name_zoominfo': 'The PPC Guys', 'website': 'www.theppcguys.com', 'headquarters': '7132 N Harlem Ave Ste 205, Chicago, Illinois, 60631, United States', 'SIC Code': '73,731', 'NAICS Code': '54,541', 'revenue': '$5.6M', 'Number of Employees': '<25', 'LinkedIn url': 'http://www.linkedin.com/company/the-ppc-guys'}
{'company_name_zoominfo': 'Automated Marketing Group', 'website': 'www.automatedmarketinggroup.com', 'headquarters': '250 E Dry Creek Rd Ste 202B, Littleton, Colorado, 80122, United States', 'SIC Code': '87,874', 'NAICS Code': '54,541', 'revenue': '$7M', 'Number of Employees': '<25', 'LinkedIn url': 'http://www.linkedin.com/company/automated-marketing-group'}
{'company_name_zoominfo': 'Jack Pine Media', 'website': 'www.jackpinemedia.com', 'headquarters': '1001 4th Ave Ste 3200, Seattle, Washington, 98154, United States', 'SIC Code': '48,489', 'NAICS Code': '51,517', 'revenue': '<$5M', 'Number of Employees': '<25', 'LinkedIn url': '!not-found'}
{'company_name_zoominfo': 'Vor Digital', 'website': 'www.vordigital.com.br', 'headquarters': 'Brazil', 'SIC Code': '27,278', 'NAICS Code': '32,323', 'revenue': '<$5M', 'Number of Employees': '<25', 'LinkedIn url': 'http://www.linkedin.com/company/vor---inteligncia-coletiva'}
renewing ip
429
2a0b:f4c2:2::34
renewing ip
429
2a0b:f4c1:2::243
renewing ip
429
2a06:1700:0:12::3
renewing ip
429
2a06:1700:0:12::3
renewing ip
429
2a0b:f4c1:2::243
renewing ip
429
2a0b:f4c1:2::243
renewing ip
429
2a0b:f4c2:1::1
{'company_name_zoominfo': 'Prospacemarketing', 'website': 'www.prospacemarketing.com', 'headquarters': '954 Pearl St, Boulder, Colorado, 80302, United States', 'SIC Code': '73,731', 'NAICS Code': '54,541', 'revenue': '<$5M', 'Number of Employees': '<25', 'LinkedIn url': 'http://www.linkedin.com/company/prospacemarketing'}
{'company_name_zoominfo': 'Level Up Coaching 360', 'website': 'www.levelup360.com', 'headquarters': '116 N Cypress Rd, Sterling, Virginia, 20164, United States', 'SIC Code': '89,899', 'NAICS Code': '54,541', 'revenue': '<$5M', 'Number of Employees': '<25', 'LinkedIn url': '!not-found'}
site-not-indexed

{'company_name_zoominfo': '!not-found', 'website': '!not-found', 'headquarters': '!not-found', 'SIC Code': '!not-found', 'NAICS Code': '!not-found', 'revenue': '!not-found', 'Number of Employees': '!not-found', 'LinkedIn url': '!not-found'}
{'company_name_zoominfo': 'RookSEO', 'website': 'www.rookdigital.co', 'headquarters': '7423 Alabama Ave, Canoga Park, California, 91303, United States', 'SIC Code': '87,874', 'NAICS Code': '54,541', 'revenue': '<$5M', 'Number of Employees': '<25', 'LinkedIn url': 'http://www.linkedin.com/company/rook-seo'}
{'company_name_zoominfo': 'Hudson Digital Group', 'website': 'www.hudsondigitalgroup.com', 'headquarters': '26 Park St Ste 2207, Montclair, New Jersey, 07042, United States', 'SIC Code': '73,738', 'NAICS Code': '56,561', 'revenue': '<$5M', 'Number of Employees': '<25', 'LinkedIn url': 'http://www.linkedin.com/company/hudson-digital-group-inc'}
{'company_name_zoominfo': 'Gettheclicks', 'website': 'www.gettheclicks.com', 'headquarters': '37 N Orange Ave Ste 420, Orlando, Florida, 32801, United States', 'SIC Code': '73,737', 'NAICS Code': '54,541', 'revenue': '<$5M', 'Number of Employees': '<25', 'LinkedIn url': 'http://www.linkedin.com/company/get-the-clicks'}
{'company_name_zoominfo': 'FiveFifty', 'website': 'www.fivefifty.com', 'headquarters': '3001 Brighton Blvd 2793, Denver, Colorado, 80216, United States', 'SIC Code': '73,731', 'NAICS Code': '54,541', 'revenue': '<$5M', 'Number of Employees': '<25', 'LinkedIn url': 'http://www.linkedin.com/company/fivefifty'}
{'company_name_zoominfo': 'Tuna Traffic', 'website': 'www.tunatraffic.com', 'headquarters': '1443 27th St Ste B, Caledonia, Wisconsin, 53108, United States', 'SIC Code': '87,874', 'NAICS Code': '54,541', 'revenue': '<$5M', 'Number of Employees': '<25', 'LinkedIn url': 'http://www.linkedin.com/company/tuna-traffic'}
{'company_name_zoominfo': 'Exverus Media', 'website': 'www.exverus.com', 'headquarters': '7080 Hollywood Blvd Fl 7, Los Angeles, California, 90028, United State...', 'SIC Code': '73,731', 'NAICS Code': '54,541', 'revenue': '<$5M', 'Number of Employees': '<25', 'LinkedIn url': 'http://www.linkedin.com/company/exverus-media-inc-'}
{'company_name_zoominfo': 'Silverlight Digital', 'website': 'www.silverlightdigital.com', 'headquarters': '15 E 32nd St Fl 3, New York, New York, 10016, United States', 'SIC Code': '73,731', 'NAICS Code': '54,541', 'revenue': '$6.8M', 'Number of Employees': '<25', 'LinkedIn url': 'http://www.linkedin.com/company/silverlight-digital'}
{'company_name_zoominfo': 'Bespoken Management', 'website': 'www.bspkn.co', 'headquarters': '113 N Green St, Chicago, Illinois, 60607, United States', 'SIC Code': '73,737', 'NAICS Code': '51,518', 'revenue': '<$5M', 'Number of Employees': '<25', 'LinkedIn url': 'http://www.linkedin.com/company/bespoken-management'}
{'company_name_zoominfo': 'Salem Surround', 'website': 'www.salemsurround.com', 'headquarters': '6400 N Belt Line Rd Ste 200, Irving, Texas, 75063, United States', 'SIC Code': '73,737', 'NAICS Code': '51,518', 'revenue': '<$5M', 'Number of Employees': '<25', 'LinkedIn url': 'http://www.linkedin.com/company/salemsurround'}
{'company_name_zoominfo': 'Comercialtec Lda', 'website': 'www.comercialtec.pt', 'headquarters': '264 Rua Nº38 4501 910, Espinho, Aveiro, Portugal', 'SIC Code': '54,541', 'NAICS Code': '44,445', 'revenue': '<$5M', 'Number of Employees': '<25', 'LinkedIn url': 'http://www.linkedin.com/company/comercialtec'}
{'company_name_zoominfo': 'BannerWave', 'website': 'www.bannerwave.com', 'headquarters': '901 Lake St 2302, Oak Park, Illinois, 60303, United States', 'SIC Code': '73,731', 'NAICS Code': '54,541', 'revenue': '$9.7M', 'Number of Employees': '<25', 'LinkedIn url': 'http://www.linkedin.com/company/bannerwave'}
{'company_name_zoominfo': 'ROI Law Firm', 'website': 'www.roilawfirm.com', 'headquarters': '1302 N I St Ste C, Tacoma, Washington, 98403, United States', 'SIC Code': '81,811', 'NAICS Code': '54,541', 'revenue': '<$5M', 'Number of Employees': '<25', 'LinkedIn url': '!not-found'}
{'company_name_zoominfo': 'Odd Duck Media', 'website': 'www.oddduckmedia.com', 'headquarters': '11703 Huebner Rd Ste 106-452, San Antonio, Texas, 78230, United States', 'SIC Code': '87,874', 'NAICS Code': '54,541', 'revenue': '<$5M', 'Number of Employees': '<25', 'LinkedIn url': 'http://www.linkedin.com/company/odd-duck-media'}
{'company_name_zoominfo': 'Marriner Marketing Communications', 'website': 'www.marriner.com', 'headquarters': '6731 Columbia Gateway Dr Ste 250, Columbia, Maryland, 21046, United St...', 'SIC Code': '73,731', 'NAICS Code': '54,541', 'revenue': '$211.3M', 'Number of Employees': '1,015', 'LinkedIn url': 'http://www.linkedin.com/company/mariner-marketing-corp'}
renewing ip
429
2a00:da00:1800:31b::1
{'company_name_zoominfo': 'Ladder', 'website': 'www.ladder.io', 'headquarters': '337b E 8th St, New York City, New York, 10009, United States', 'SIC Code': '73,736', 'NAICS Code': '56,561', 'revenue': '<$5M', 'Number of Employees': '<25', 'LinkedIn url': 'http://www.linkedin.com/company/13844'}
{'company_name_zoominfo': 'UPBrand Collaborative', 'website': 'www.upbrand.com', 'headquarters': '200 N Broadway Ste 1510, St. Louis, Missouri, 63102, United States', 'SIC Code': '73,731', 'NAICS Code': '54,541', 'revenue': '<$5M', 'Number of Employees': '<25', 'LinkedIn url': 'http://www.linkedin.com/company/upbrand-collaborative'}
{'company_name_zoominfo': 'Social Revolt', 'website': 'www.socialrevoltagency.com', 'headquarters': '211 N Ervay St Fl 17, Dallas, Texas, 75201, United States', 'SIC Code': '87,874', 'NAICS Code': '54,541', 'revenue': '<$5M', 'Number of Employees': '<25', 'LinkedIn url': 'http://www.linkedin.com/company/socialrevoltagency'}
{'company_name_zoominfo': 'Blueprint Interactive', 'website': 'www.blueprintinteractive.com', 'headquarters': '1730 Rhode Island Ave NW Ste 1014, Washington, District of Columbia, 2...', 'SIC Code': '86,865', 'NAICS Code': '81,813', 'revenue': '$6.2M', 'Number of Employees': '<25', 'LinkedIn url': 'http://www.linkedin.com/company/blueprint-interactive'}
{'company_name_zoominfo': 'Seismic Digital', 'website': 'www.seismicdigital.com', 'headquarters': '7232 W 79th St, Overland Park, Kansas, 66204, United States', 'SIC Code': '73,731', 'NAICS Code': '54,541', 'revenue': '<$5M', 'Number of Employees': '<25', 'LinkedIn url': 'http://www.linkedin.com/company/seismic-digital-us'}
{'company_name_zoominfo': 'Ingenex Digital Marketing', 'website': 'www.ingenexdigital.com', 'headquarters': '116 E Washington St Ste 200, Ann Arbor, Michigan, 48104, United States', 'SIC Code': '87,874', 'NAICS Code': '54,541', 'revenue': '$5.1M', 'Number of Employees': '<25', 'LinkedIn url': 'http://www.linkedin.com/company/ingenex-digital-marketing'}
{'company_name_zoominfo': 'Connectivity Strategy', 'website': 'www.connectivitystrategy.com', 'headquarters': '433 Central Ave Fl 4, Saint Petersburg, Florida, 33701, United States', 'SIC Code': '73,731', 'NAICS Code': '54,541', 'revenue': '<$5M', 'Number of Employees': '<25', 'LinkedIn url': 'http://www.linkedin.com/company/connectivity-marketing-&-media-agency'}
{'company_name_zoominfo': 'Unofficial', 'website': 'www.unofficial.cc', 'headquarters': '73 Union Ave, Memphis, Tennessee, 38103, United States', 'SIC Code': '73,737', 'NAICS Code': '54,541', 'revenue': '<$5M', 'Number of Employees': '<25', 'LinkedIn url': 'http://www.linkedin.com/company/unofficial'}
{'company_name_zoominfo': 'Catalyst Marketing Agency', 'website': 'www.catalystmarketing.io', 'headquarters': '1415 Park Ave W, Denver, Colorado, 80205, United States', 'SIC Code': '87,874', 'NAICS Code': '54,541', 'revenue': '<$5M', 'Number of Employees': '<25', 'LinkedIn url': 'http://www.linkedin.com/company/7788981'}
{'company_name_zoominfo': 'NetSearch Digital Marketing', 'website': 'www.netsearchdigitalmarketing.com', 'headquarters': '6421 Rigsby Rd Ste 101, Richmond, Virginia, 23226, United States', 'SIC Code': '73,731', 'NAICS Code': '54,541', 'revenue': '$5.6M', 'Number of Employees': '33', 'LinkedIn url': 'http://www.linkedin.com/company/netsearch-direct'}
{'company_name_zoominfo': 'Cpcom', 'website': 'www.cpcom.com.au', 'headquarters': '9 De Laeter Way, Bentley, Western Australia, 6102, Australia', 'SIC Code': '57,573', 'NAICS Code': '44,443', 'revenue': '$8.5M', 'Number of Employees': '34', 'LinkedIn url': '!not-found'}
renewing ip
429
2a0b:f4c0:16c:2::1
{'company_name_zoominfo': 'ZCorp PR', 'website': 'www.zcorppr.com', 'headquarters': '2651 W Eau Gallie Blvd Ste B, Melbourne, Florida, 32935, United States', 'SIC Code': '73,731', 'NAICS Code': '54,541', 'revenue': '$6M', 'Number of Employees': '<25', 'LinkedIn url': 'http://www.linkedin.com/company/zcorppr'}
{'company_name_zoominfo': 'Rem Marketing', 'website': 'www.remmkt.com', 'headquarters': 'Chile', 'SIC Code': '73,731', 'NAICS Code': '54,541', 'revenue': '<$5M', 'Number of Employees': '<25', 'LinkedIn url': 'http://www.linkedin.com/company/remmkt'}
{'company_name_zoominfo': 'iWebDNA', 'website': 'www.iwebdna.com', 'headquarters': '5 Brewster St, Glen Cove, New York, 11542, United States', 'SIC Code': '73,737', 'NAICS Code': '54,541', 'revenue': '<$5M', 'Number of Employees': '<25', 'LinkedIn url': 'http://www.linkedin.com/company/iwebdna'}
{'company_name_zoominfo': 'Stirista', 'website': 'www.stirista.com', 'headquarters': '16414 San Pedro Ave Ste 150, San Antonio, Texas, 78232, United States', 'SIC Code': '87,874', 'NAICS Code': '54,541', 'revenue': '$7.1M', 'Number of Employees': '46', 'LinkedIn url': 'http://www.linkedin.com/company/stirista-global'}
{'company_name_zoominfo': 'The DeBerry Group', 'website': 'www.talk-strategy.com', 'headquarters': '110 Broadway St Ste 625, San Antonio, Texas, 78205, United States', 'SIC Code': '87,874', 'NAICS Code': '54,541', 'revenue': '$9.7M', 'Number of Employees': '<25', 'LinkedIn url': 'http://www.linkedin.com/company/the-deberry-group'}
{'company_name_zoominfo': 'Red Deluxe', 'website': 'www.reddeluxe.com', 'headquarters': '85 Union Ave Fl 2, Memphis, Tennessee, 38103, United States', 'SIC Code': '73,731', 'NAICS Code': '54,541', 'revenue': '$5.3M', 'Number of Employees': '<25', 'LinkedIn url': 'http://www.linkedin.com/company/red-deluxe'}
{'company_name_zoominfo': 'Ceatus Media', 'website': 'www.ceatus.com', 'headquarters': '4141 Jutland Dr Ste 215, San Diego, California, 92117, United States', 'SIC Code': '73,731', 'NAICS Code': '51,518', 'revenue': '$10.8M', 'Number of Employees': '31', 'LinkedIn url': 'http://www.linkedin.com/company/ceatus-media-group'}
{'company_name_zoominfo': 'Execution Specialists Group', 'website': 'www.esgimpact.com', 'headquarters': '1401 Lawrence St Ste 1600, Denver, Colorado, 80202, United States', 'SIC Code': '87,874', 'NAICS Code': '54,541', 'revenue': '<$5M', 'Number of Employees': '<25', 'LinkedIn url': 'http://www.linkedin.com/company/execution-specialists-group-llc'}
{'company_name_zoominfo': 'Expect3', 'website': 'www.expect3.com', 'headquarters': '3104 S Elm Pl Ste C, Broken Arrow, Oklahoma, 74012, United States', 'SIC Code': '87,874', 'NAICS Code': '54,541', 'revenue': '<$5M', 'Number of Employees': '<25', 'LinkedIn url': 'http://www.linkedin.com/company/expect3-digital-media-agency'}
{'company_name_zoominfo': 'Strategis', 'website': 'www.strategis.is', 'headquarters': '555 Amory St Ste 3R, Boston, Massachusetts, 02130, United States', 'SIC Code': '73,731', 'NAICS Code': '54,541', 'revenue': '$5.2M', 'Number of Employees': '<25', 'LinkedIn url': 'http://www.linkedin.com/company/strategis'}
{'company_name_zoominfo': 'Hj Design', 'website': 'www.hjdesign.net', 'headquarters': '6603 h Royal St, Pleasant Valley, Missouri, 64068, United States', 'SIC Code': '73,731', 'NAICS Code': '54,541', 'revenue': '<$5M', 'Number of Employees': '<25', 'LinkedIn url': 'http://www.linkedin.com/company/hj-design'}
{'company_name_zoominfo': 'CVA Advertising & Marketing', 'website': 'www.cvaadv.com', 'headquarters': '4105 Faudree Rd, Odessa, Texas, 79765, United States', 'SIC Code': '73,731', 'NAICS Code': '54,541', 'revenue': '<$5M', 'Number of Employees': '<25', 'LinkedIn url': 'http://www.linkedin.com/company/cva-advertising-&-marketing'}
{'company_name_zoominfo': 'Redstitch', 'website': 'www.redstitchdigital.com', 'headquarters': '104 N 6th Ave, Evansville, Indiana, 47710, United States', 'SIC Code': '87,874', 'NAICS Code': '54,541', 'revenue': '<$5M', 'Number of Employees': '<25', 'LinkedIn url': 'http://www.linkedin.com/company/redstitch-llc'}
{'company_name_zoominfo': 'iFocus Marketing', 'website': 'www.ifocusmarketing.com', 'headquarters': '4400 College Blvd Ste 325, Overland Park, Kansas, 66211, United States', 'SIC Code': '87,874', 'NAICS Code': '54,541', 'revenue': '$17.3M', 'Number of Employees': '<25', 'LinkedIn url': 'http://www.linkedin.com/company/ifocus-marketing'}
{'company_name_zoominfo': 'NotAvailable', 'website': 'NotAvailable', 'headquarters': 'NotAvailable', 'SIC Code': 'NotAvailable', 'NAICS Code': 'NotAvailable', 'revenue': 'NotAvailable', 'Number of Employees': 'NotAvailable', 'LinkedIn url': 'NotAvailable'}
{'company_name_zoominfo': 'The Wood Agency', 'website': 'www.thewoodagency.com', 'headquarters': '7550 W Interstate 10 Ste 505, San Antonio, Texas, 78229, United States', 'SIC Code': '73,731', 'NAICS Code': '54,541', 'revenue': '<$5M', 'Number of Employees': '<25', 'LinkedIn url': 'http://www.linkedin.com/company/the-wood-agency'}
{'company_name_zoominfo': 'Flying Hippo', 'website': 'www.flyinghippo.com', 'headquarters': '130 E 3rd St 103, Des Moines, Iowa, 50309, United States', 'SIC Code': '73,731', 'NAICS Code': '54,541', 'revenue': '$7.5M', 'Number of Employees': '27', 'LinkedIn url': 'http://www.linkedin.com/company/flying-hippo-web-technologies'}
{'company_name_zoominfo': '45 Degrees North', 'website': 'www.45north.com', 'headquarters': '642 Cottonwood Rd Ste 3, Bozeman, Montana, 59718, United States', 'SIC Code': '73,733', 'NAICS Code': '54,541', 'revenue': '<$5M', 'Number of Employees': '<25', 'LinkedIn url': 'http://www.linkedin.com/company/45-degrees-north'}
{'company_name_zoominfo': 'NotAvailable', 'website': 'NotAvailable', 'headquarters': 'NotAvailable', 'SIC Code': 'NotAvailable', 'NAICS Code': 'NotAvailable', 'revenue': 'NotAvailable', 'Number of Employees': 'NotAvailable', 'LinkedIn url': 'NotAvailable'}
{'company_name_zoominfo': 'N2Q Consulting', 'website': 'www.notothequo.com', 'headquarters': 'PO Box 55775, Seattle, Washington, 98155, United States', 'SIC Code': '87,874', 'NAICS Code': '54,541', 'revenue': '<$5M', 'Number of Employees': '<25', 'LinkedIn url': 'http://www.linkedin.com/company/no-to-the-quo-consulting'}
renewing ip
429
2620:18c:0:192::216
{'company_name_zoominfo': 'Think Cre8tive', 'website': 'www.thinkcre8tive.com', 'headquarters': '129 S Main St Ste 260, Grapevine, Texas, 76051, United States', 'SIC Code': '73,731', 'NAICS Code': '54,541', 'revenue': '<$5M', 'Number of Employees': '<25', 'LinkedIn url': 'http://www.linkedin.com/company/think-cre8tive'}
{'company_name_zoominfo': 'Cristal Clear Cleaning', 'website': 'www.cristalclearcleaning.com', 'headquarters': '1101 Beach Blvd, Jacksonville Beach, Florida, 32250, United States', 'SIC Code': '73,734', 'NAICS Code': '56,561', 'revenue': '<$5M', 'Number of Employees': '<25', 'LinkedIn url': '!not-found'}
{'company_name_zoominfo': 'Eden Court Advertising', 'website': 'www.edenads.com', 'headquarters': '1646 W Snow Ave Ste 199, Tampa, Florida, 33606, United States', 'SIC Code': '73,731', 'NAICS Code': '54,541', 'revenue': '<$5M', 'Number of Employees': '<25', 'LinkedIn url': 'http://www.linkedin.com/company/edencourtadco'}
{'company_name_zoominfo': 'Sosemo', 'website': 'www.sosemo.com', 'headquarters': '60 Broad St Fl 24 Ste 2513, New York, New York, 10004, United States', 'SIC Code': '73,731', 'NAICS Code': '54,541', 'revenue': '<$5M', 'Number of Employees': '<25', 'LinkedIn url': 'http://www.linkedin.com/company/sosemo'}
{'company_name_zoominfo': 'CC & A Strategic Media', 'website': 'www.ccastrategicmedia.com', 'headquarters': 'PO Box 39, Perry Hall, Maryland, 21128, United States', 'SIC Code': '48,489', 'NAICS Code': '51,517', 'revenue': '<$5M', 'Number of Employees': '<25', 'LinkedIn url': 'http://www.linkedin.com/company/cc&a-strategic-media'}
{'company_name_zoominfo': 'Marshall Advertising', 'website': 'www.marshalladvertising.com', 'headquarters': '1501 S Dale Mabry Hwy Ste A8, Tampa, Florida, 33629, United States', 'SIC Code': '73,731', 'NAICS Code': '54,541', 'revenue': '<$5M', 'Number of Employees': '<25', 'LinkedIn url': 'http://www.linkedin.com/company/marshall-advertising'}
{'company_name_zoominfo': 'Blennd', 'website': 'www.blennd.com', 'headquarters': '3461 Ringsby Ct Ste 220, Denver, Colorado, 80216, United States', 'SIC Code': '73,733', 'NAICS Code': '54,541', 'revenue': '<$5M', 'Number of Employees': '<25', 'LinkedIn url': 'http://www.linkedin.com/company/blennd'}
{'company_name_zoominfo': '214 Interactive', 'website': 'www.214interactive.com', 'headquarters': '5307 E Mockingbird Ln Ste 500, Dallas, Texas, 75206, United States', 'SIC Code': '73,731', 'NAICS Code': '54,541', 'revenue': '<$5M', 'Number of Employees': '<25', 'LinkedIn url': 'http://www.linkedin.com/company/214-interactive'}
