{'company_name_zoominfo': 'Green Dot', 'website': 'www.greendot.com', 'headquarters': '3465 E Foothill Blvd, Pasadena, California, 91107, United States', 'SIC Code': '61,614', 'NAICS Code': '52,522', 'revenue': '$1.4B', 'Number of Employees': '1,200', 'LinkedIn url': 'http://www.linkedin.com/company/green-dot-corporation'}
{'company_name_zoominfo': 'Stratagon', 'website': 'www.stratagon.com', 'headquarters': '4601 Charlotte Park Dr, Charlotte, North Carolina, 28217, United State...', 'SIC Code': '87,874', 'NAICS Code': '54,541', 'revenue': '<$5M', 'Number of Employees': '<25', 'LinkedIn url': 'http://www.linkedin.com/company/stratagon'}
{'company_name_zoominfo': 'Black Line Consulting', 'website': 'www.blacklineit.com', 'headquarters': '1751 W Diehl Rd Ste 185, Naperville, Illinois, 60563, United States', 'SIC Code': '87,874', 'NAICS Code': '54,541', 'revenue': '<$5M', 'Number of Employees': '<25', 'LinkedIn url': 'http://www.linkedin.com/company/blackline-consulting'}
{'company_name_zoominfo': '6AM Marketing', 'website': 'www.6ammarketing.com', 'headquarters': '2901 W Beltline Hwy Ste 300, Madison, Wisconsin, 53713, United States', 'SIC Code': '73,731', 'NAICS Code': '54,541', 'revenue': '<$5M', 'Number of Employees': '<25', 'LinkedIn url': 'http://www.linkedin.com/company/6am-marketing'}
{'company_name_zoominfo': 'We Are Plus', 'website': 'www.weareplus.com', 'headquarters': '162 W 21st St Fl 4, New York, New York, 10011, United States', 'SIC Code': '73,731', 'NAICS Code': '54,541', 'revenue': '<$5M', 'Number of Employees': '<25', 'LinkedIn url': 'http://www.linkedin.com/company/we-are-plus'}
{'company_name_zoominfo': 'Maxwell PR', 'website': 'www.thinkmaxwell.com', 'headquarters': '3934 SW Corbett Ave, Portland, Oregon, 97239, United States', 'SIC Code': '87,874', 'NAICS Code': '54,541', 'revenue': '$10.9M', 'Number of Employees': '34', 'LinkedIn url': 'http://www.linkedin.com/company/maxwellpr'}
renewing ip
429
2620:7:6001::122
{'company_name_zoominfo': 'Top Source Media', 'website': 'www.topsourcemedia.com', 'headquarters': '2303 Kennedy St NE 201, Minneapolis, Minnesota, 55413, United States', 'SIC Code': '87,874', 'NAICS Code': '54,541', 'revenue': '<$5M', 'Number of Employees': '<25', 'LinkedIn url': 'http://www.linkedin.com/company/top-source-media'}
{'company_name_zoominfo': 'Karma Agency', 'website': 'www.karmaagency.com', 'headquarters': '230 S Broad St Ste 1500, Philadelphia, Pennsylvania, 19102, United Sta...', 'SIC Code': '87,874', 'NAICS Code': '54,541', 'revenue': '$9.4M', 'Number of Employees': '32', 'LinkedIn url': 'http://www.linkedin.com/company/the-karma-agency'}
{'company_name_zoominfo': 'RMD Group', 'website': 'www.rmdgroupinc.com', 'headquarters': '2311 South St, Long Beach, California, 90805, United States', 'SIC Code': '73,731', 'NAICS Code': '33,336', 'revenue': '$75M', 'Number of Employees': '185', 'LinkedIn url': 'http://www.linkedin.com/company/rmd-group'}
{'company_name_zoominfo': 'Willow Marketing', 'website': 'www.willowmarketing.com', 'headquarters': '3590 N Meridian St Ste 200, Indianapolis, Indiana, 46208, United State...', 'SIC Code': '87,874', 'NAICS Code': '54,541', 'revenue': '<$5M', 'Number of Employees': '<25', 'LinkedIn url': 'http://www.linkedin.com/company/willow-marketing'}
{'company_name_zoominfo': 'Internet Lava', 'website': 'www.internetlava.com', 'headquarters': '2603 Augusta Dr Ste 850, Houston, Texas, 77057, United States', 'SIC Code': '81,811', 'NAICS Code': '54,541', 'revenue': '$130.9M', 'Number of Employees': '<25', 'LinkedIn url': 'http://www.linkedin.com/company/internet-lava-llc'}
{'company_name_zoominfo': 'Saturday Brand Communications', 'website': 'www.heysaturday.com', 'headquarters': '1310 S Tryon St Ste 110, Charlotte, North Carolina, 28203, United Stat...', 'SIC Code': '73,731', 'NAICS Code': '54,541', 'revenue': '$7.7M', 'Number of Employees': '<25', 'LinkedIn url': 'http://www.linkedin.com/company/saturday-brand-communications'}
{'company_name_zoominfo': 'Boston Digital', 'website': 'www.bostondigital.com', 'headquarters': '529 Main St Ste 212, Charlestown, Massachusetts, 02129, United States', 'SIC Code': '87,874', 'NAICS Code': '54,541', 'revenue': '$17.3M', 'Number of Employees': '31', 'LinkedIn url': 'http://www.linkedin.com/company/boston-interactive'}
{'company_name_zoominfo': 'SeyferthPR', 'website': 'www.seyferthpr.com', 'headquarters': '40 Monroe Ctr NW Ste 202, Grand Rapids, Michigan, 49503, United States', 'SIC Code': '87,874', 'NAICS Code': '54,541', 'revenue': '$5.9M', 'Number of Employees': '30', 'LinkedIn url': 'http://www.linkedin.com/company/seyferthpr'}
{'company_name_zoominfo': 'MindEcology', 'website': 'www.mindecology.com', 'headquarters': '11801 Domain Blvd Fl 3, Austin, Texas, 78758, United States', 'SIC Code': '73,731', 'NAICS Code': '54,541', 'revenue': '<$5M', 'Number of Employees': '<25', 'LinkedIn url': 'http://www.linkedin.com/company/mindecology'}
{'company_name_zoominfo': 'Mittcom', 'website': 'www.mittcom.com', 'headquarters': '300 1st Ave Ste 204, Needham, Massachusetts, 02494, United States', 'SIC Code': '73,731', 'NAICS Code': '54,541', 'revenue': '$5.2M', 'Number of Employees': '<25', 'LinkedIn url': 'http://www.linkedin.com/company/mittcom'}
{'company_name_zoominfo': 'Farm Design', 'website': 'www.farmpd.com', 'headquarters': '12 Silver Lake Rd, Hollis, New Hampshire, 03049, United States', 'SIC Code': '38,384', 'NAICS Code': '33,339', 'revenue': '$9.2M', 'Number of Employees': '58', 'LinkedIn url': 'http://www.linkedin.com/company/farm-design-inc'}
{'company_name_zoominfo': 'Arrow Promotional', 'website': 'www.arrowpromotional.com', 'headquarters': '6 W 20th St Fl 3, New York, New York, 10011, United States', 'SIC Code': '51,519', 'NAICS Code': '54,541', 'revenue': '<$5M', 'Number of Employees': '<25', 'LinkedIn url': 'http://www.linkedin.com/company/dealgifts'}
('Connection aborted.', RemoteDisconnected('Remote end closed connection without response'))
<class 'UnboundLocalError'>
error in http://webcache.googleusercontent.com/search?q=cache%3Ahttps%3A%2F%2Fwww.zoominfo.com%2Fc%2Fadvanced-sterilization-products-inc%2F590548
local variable 'page_content' referenced before assignment
https://www.zoominfo.com/c/advanced-sterilization-products-inc/590548
{'company_name_zoominfo': '!unknown-error', 'website': '!unknown-error', 'headquarters': '!unknown-error', 'SIC Code': '!unknown-error', 'NAICS Code': '!unknown-error', 'revenue': '!unknown-error', 'Number of Employees': '!unknown-error', 'LinkedIn url': '!unknown-error'}
renewing ip
429
2a03:e600:100::77
{'company_name_zoominfo': 'Broadstreet', 'website': 'www.broadstreet.com', 'headquarters': '242 W 30th St Fl 2, New York, New York, 10001, United States', 'SIC Code': '87,874', 'NAICS Code': '54,541', 'revenue': '$7.8M', 'Number of Employees': '42', 'LinkedIn url': 'http://www.linkedin.com/company/broadstreet'}
{'company_name_zoominfo': 'Awe Collective', 'website': 'www.awecollective.com', 'headquarters': '500 S Mill Ave Ste 1436, Tempe, Arizona, 85281, United States', 'SIC Code': '87,874', 'NAICS Code': '54,541', 'revenue': '<$5M', 'Number of Employees': '<25', 'LinkedIn url': 'http://www.linkedin.com/company/awe-collective'}
{'company_name_zoominfo': 'The Ousset Agency', 'website': 'www.getousset.com', 'headquarters': '20540 State Hwy 46 W Ste 115, Spring Branch, Texas, 78070, United Stat...', 'SIC Code': '73,731', 'NAICS Code': '54,541', 'revenue': '<$5M', 'Number of Employees': '<25', 'LinkedIn url': 'http://www.linkedin.com/company/the-ousset-agency'}
{'company_name_zoominfo': 'SISDigital', 'website': 'www.sisdigital.agency', 'headquarters': '1608 Queen St Ste B, Wilmington, North Carolina, 28401, United States', 'SIC Code': '73,731', 'NAICS Code': '54,541', 'revenue': '$6M', 'Number of Employees': '<25', 'LinkedIn url': 'http://www.linkedin.com/company/234118'}
{'company_name_zoominfo': 'Agenc', 'website': 'www.agen-c.com', 'headquarters': '5285 W Washington Blvd, Los Angeles, California, 90016, United States', 'SIC Code': '73,733', 'NAICS Code': '54,541', 'revenue': '<$5M', 'Number of Employees': '<25', 'LinkedIn url': 'http://www.linkedin.com/company/agenc-experiential-&-digital-marketing'}
{'company_name_zoominfo': 'Koch Communications', 'website': 'www.kochcomm.com', 'headquarters': '629 W Sheridan Ave Ste 101, Oklahoma City, Oklahoma, 73102, United Sta...', 'SIC Code': '87,874', 'NAICS Code': '54,541', 'revenue': '$17M', 'Number of Employees': '34', 'LinkedIn url': 'http://www.linkedin.com/company/koch-communications'}
{'company_name_zoominfo': 'The Mitchells Agency', 'website': 'www.themitchellsagency.com', 'headquarters': '1311 E 7th Ave, Tallahassee, Florida, 32303, United States', 'SIC Code': '73,731', 'NAICS Code': '54,541', 'revenue': '<$5M', 'Number of Employees': '<25', 'LinkedIn url': 'http://www.linkedin.com/company/peter-mitchell-associates'}
{'company_name_zoominfo': 'Know Advertising', 'website': 'www.knowad.com', 'headquarters': '422 W Eleven Mile Rd, Royal Oak, Michigan, 48067, United States', 'SIC Code': '73,731', 'NAICS Code': '54,541', 'revenue': '$13.3M', 'Number of Employees': '<25', 'LinkedIn url': 'http://www.linkedin.com/company/know-advertising'}
{'company_name_zoominfo': 'CBE Press', 'website': 'www.cannabisbusinessexecutive.com', 'headquarters': '112 Meridian Ln, Towson, Maryland, 21286, United States', 'SIC Code': '27,274', 'NAICS Code': '51,511', 'revenue': '$9.6M', 'Number of Employees': '44', 'LinkedIn url': 'http://www.linkedin.com/company/cannabis-business-executive'}
{'company_name_zoominfo': 'Tiny Horse', 'website': 'www.tinyhorse.com', 'headquarters': '6121 Sunset Blvd, Los Angeles, California, 90028, United States', 'SIC Code': '51,515', 'NAICS Code': '42,424', 'revenue': '$5M', 'Number of Employees': '<25', 'LinkedIn url': 'http://www.linkedin.com/company/tiny-horse'}
{'company_name_zoominfo': 'Rcg', 'website': 'www.rcgadvertising.com', 'headquarters': '10031 Maple St, Omaha, Nebraska, 68134, United States', 'SIC Code': '73,731', 'NAICS Code': '54,541', 'revenue': '<$5M', 'Number of Employees': '<25', 'LinkedIn url': 'http://www.linkedin.com/company/rcgadvertising'}
{'company_name_zoominfo': 'RevenFlo', 'website': 'www.revenflo.com', 'headquarters': '157 E Main St Ste 200, Rock Hill, South Carolina, 29730, United States', 'SIC Code': '73,737', 'NAICS Code': '51,518', 'revenue': '$5M', 'Number of Employees': '<25', 'LinkedIn url': 'http://www.linkedin.com/company/revenflo-web-team'}
{'company_name_zoominfo': 'Melonhead', 'website': 'www.melonhead.ca', 'headquarters': '1 Promenade Cir, Thornhill, Ontario, L4J 4P8, Canada', 'SIC Code': '72,723', 'NAICS Code': '81,812', 'revenue': '<$5M', 'Number of Employees': '<25', 'LinkedIn url': '!not-found'}
renewing ip
429
2a03:e600:100::67
{'company_name_zoominfo': 'Chemistry Club', 'website': 'www.chemistryclub.com', 'headquarters': '451 Pacific Ave, San Francisco, California, 94133, United States', 'SIC Code': '73,731', 'NAICS Code': '54,541', 'revenue': '$5.6M', 'Number of Employees': '<25', 'LinkedIn url': 'http://www.linkedin.com/company/engine-company-1'}
{'company_name_zoominfo': 'Avion Agency', 'website': 'www.avioncommunications.com.au', 'headquarters': '119 Ferrars St, South Melbourne, Victoria, 3205, Australia', 'SIC Code': '48,489', 'NAICS Code': '51,517', 'revenue': '<$5M', 'Number of Employees': '<25', 'LinkedIn url': 'http://www.linkedin.com/company/avion-communications---where-messages-take-flight'}
{'company_name_zoominfo': 'Bluekey Company', 'website': 'www.bluekeycompany.com', 'headquarters': '17-19 Sydhavnsgade, København Sv, Capital Region, 02450, Denmark', 'SIC Code': '47,473', 'NAICS Code': '54,541', 'revenue': '<$5M', 'Number of Employees': '<25', 'LinkedIn url': 'http://www.linkedin.com/company/bluekey-company'}
{'company_name_zoominfo': 'Cetudio - Creative Studio', 'website': 'www.cetudio.com', 'headquarters': '!not-found', 'SIC Code': '72,729', 'NAICS Code': '81,812', 'revenue': '<$5M', 'Number of Employees': '<25', 'LinkedIn url': 'https://www.linkedin.com/company/cetudio'}
{'company_name_zoominfo': '!not-found', 'website': 'www.andcompany.com', 'headquarters': '8240 Sunset Blvd, Los Angeles, California, 90046, United States', 'SIC Code': '73,731', 'NAICS Code': '54,541', 'revenue': '$6.1M', 'Number of Employees': '25', 'LinkedIn url': 'http://www.linkedin.com/company/and-company'}
{'company_name_zoominfo': 'North Star Destination Strategies', 'website': 'www.northstarideas.com', 'headquarters': '594 Northern Rd, Nashville, Tennessee, 37122, United States', 'SIC Code': '87,873', 'NAICS Code': '54,541', 'revenue': '<$5M', 'Number of Employees': '<25', 'LinkedIn url': 'http://www.linkedin.com/company/north-star-destination-strategies'}
{'company_name_zoominfo': 'Barber Martin Agency', 'website': 'www.barbermartin.com', 'headquarters': '1408a Roseneath Rd, Richmond, Virginia, 23230, United States', 'SIC Code': '72,724', 'NAICS Code': '81,812', 'revenue': '$25.3M', 'Number of Employees': '25', 'LinkedIn url': 'http://www.linkedin.com/company/barber-martin-advertising'}
{'company_name_zoominfo': 'Seva Search', 'website': 'www.talklocal.com', 'headquarters': '8400 Baltimore Ave Ste 375, College Park, Maryland, 20740, United Stat...', 'SIC Code': '72,729', 'NAICS Code': '56,561', 'revenue': '$5.6M', 'Number of Employees': '<25', 'LinkedIn url': 'http://www.linkedin.com/company/talk-local'}
{'company_name_zoominfo': 'Pixel Parlour', 'website': 'www.pixelparlour.space', 'headquarters': '207 1st Ave S, Kent, Washington, 98032, United States', 'SIC Code': '72,722', 'NAICS Code': '54,541', 'revenue': '<$5M', 'Number of Employees': '<25', 'LinkedIn url': '!not-found'}
{'company_name_zoominfo': 'Emprove', 'website': 'www.emproveit.com', 'headquarters': '10150 Covington Cross Dr, Las Vegas, Nevada, 89144, United States', 'SIC Code': '87,874', 'NAICS Code': '23,236', 'revenue': '$5.1M', 'Number of Employees': '<25', 'LinkedIn url': 'http://www.linkedin.com/company/emprove-services-inc-'}
{'company_name_zoominfo': 'Hourwise', 'website': 'www.hourwise.com', 'headquarters': '211-b W 7th St, Richmond, Virginia, 23224, United States', 'SIC Code': '73,738', 'NAICS Code': '54,541', 'revenue': '<$5M', 'Number of Employees': '<25', 'LinkedIn url': 'http://www.linkedin.com/company/hourwise'}
renewing ip
429
2620:18c:0:192::135
renewing ip
429
2001:67c:6ec:203:192:42:116:175
renewing ip
429
2001:67c:6ec:203:192:42:116:175
renewing ip
429
2a0b:f4c2:1::1
renewing ip
429
2001:67c:6ec:203:192:42:116:196
renewing ip
429
2001:67c:6ec:203:192:42:116:196
renewing ip
429
2a06:1700:0:12::4
{'company_name_zoominfo': 'ROOG', 'website': 'www.roog.co', 'headquarters': '1920 Mckinney Ave, Dallas, Texas, 75201, United States', 'SIC Code': '73,731', 'NAICS Code': '54,541', 'revenue': '<$5M', 'Number of Employees': '<25', 'LinkedIn url': 'http://www.linkedin.com/company/roog'}
{'company_name_zoominfo': 'Shovler', 'website': 'www.shovler.com', 'headquarters': '765 Amsterdam Ave Apt 14G, New York City, New York, 10025, United Stat...', 'SIC Code': '47,473', 'NAICS Code': '48,488', 'revenue': '<$5M', 'Number of Employees': '<25', 'LinkedIn url': 'https://www.linkedin.com/company/3635689'}
{'company_name_zoominfo': 'Motil', 'website': 'www.motil.com.br', 'headquarters': 'Brazil', 'SIC Code': '51,511', 'NAICS Code': '45,453', 'revenue': '<$5M', 'Number of Employees': '<25', 'LinkedIn url': '!not-found'}
{'company_name_zoominfo': "Cisol's Place", 'website': 'www.renozee.com', 'headquarters': '5531 Oakview Ter, Liberty Township, Ohio, 45011, United States', 'SIC Code': '65,653', 'NAICS Code': '53,531', 'revenue': '<$5M', 'Number of Employees': '<25', 'LinkedIn url': 'http://www.linkedin.com/company/renozee'}
{'company_name_zoominfo': 'Profy', 'website': 'www.profy.co', 'headquarters': 'Colombia', 'SIC Code': '73,738', 'NAICS Code': '56,561', 'revenue': '<$5M', 'Number of Employees': '<25', 'LinkedIn url': 'http://www.linkedin.com/company/profy-co'}
{'company_name_zoominfo': 'Wyngspan', 'website': 'www.wyngspan.com', 'headquarters': '25 Braintree Hill Office Park Ste 200, Braintree, Massachusetts, 02184...', 'SIC Code': '67,673', 'NAICS Code': '52,525', 'revenue': '<$5M', 'Number of Employees': '<25', 'LinkedIn url': 'http://www.linkedin.com/company/wyngspan-inc-'}
{'company_name_zoominfo': 'Maids Services', 'website': 'www.maidsapp.com', 'headquarters': '1575 N Lake Ave Unit 203, Pasadena, California, 91104, United States', 'SIC Code': '73,734', 'NAICS Code': '56,561', 'revenue': '<$5M', 'Number of Employees': '<25', 'LinkedIn url': 'http://www.linkedin.com/company/maid-services-inc'}
{'company_name_zoominfo': 'Get Maids', 'website': 'www.getmaids.com', 'headquarters': 'United States', 'SIC Code': '57,573', 'NAICS Code': '44,443', 'revenue': '<$5M', 'Number of Employees': '<25', 'LinkedIn url': '!not-found'}
{'company_name_zoominfo': 'Ubii', 'website': 'www.ubii.com', 'headquarters': 'PO Box 8960, Deerfield Beach, Florida, 33441, United States', 'SIC Code': '15,152', 'NAICS Code': '23,236', 'revenue': '<$5M', 'Number of Employees': '<25', 'LinkedIn url': '!not-found'}
{'company_name_zoominfo': '1Roof', 'website': 'www.1roof.com', 'headquarters': '5-7 Vernon Yard, London, Greater London, W11 2DX, United Kingdom', 'SIC Code': '87,871', 'NAICS Code': '54,541', 'revenue': '<$5M', 'Number of Employees': '<25', 'LinkedIn url': "http://www.linkedin.com/company/the-builders'-network"}
renewing ip
429
2a0b:f4c2:2::34
renewing ip
429
2a0b:f4c1:2::243
renewing ip
429
2a06:1700:0:12::3
renewing ip
429
2a0b:f4c1:2::243
renewing ip
429
2a0b:f4c1:2::243
renewing ip
429
2a0b:f4c2:1::1
renewing ip
429
2a0b:f4c2:1::1
{'company_name_zoominfo': 'Helpbooks', 'website': 'www.helpbooks.com', 'headquarters': '314 Chaucer St, Helena, Montana, 59601, United States', 'SIC Code': '59,594', 'NAICS Code': '45,451', 'revenue': '<$5M', 'Number of Employees': '<25', 'LinkedIn url': '!not-found'}
{'company_name_zoominfo': 'NotAvailable', 'website': 'NotAvailable', 'headquarters': 'NotAvailable', 'SIC Code': 'NotAvailable', 'NAICS Code': 'NotAvailable', 'revenue': 'NotAvailable', 'Number of Employees': 'NotAvailable', 'LinkedIn url': 'NotAvailable'}
{'company_name_zoominfo': 'Bromley', 'website': 'www.bromley.com', 'headquarters': '3984 Vt Rte 11, Peru, Vermont, 05152, United States', 'SIC Code': '79,799', 'NAICS Code': '71,713', 'revenue': '$12.5M', 'Number of Employees': '25', 'LinkedIn url': 'http://www.linkedin.com/company/bromley-view-inn'}
{'company_name_zoominfo': 'NotAvailable', 'website': 'NotAvailable', 'headquarters': 'NotAvailable', 'SIC Code': 'NotAvailable', 'NAICS Code': 'NotAvailable', 'revenue': 'NotAvailable', 'Number of Employees': 'NotAvailable', 'LinkedIn url': 'NotAvailable'}
{'company_name_zoominfo': 'Virtual', 'website': 'www.virtual-corp.com', 'headquarters': '1000 Enterprise Dr Ste 301, Rockaway, New Jersey, 07866, United States', 'SIC Code': '73,737', 'NAICS Code': '54,541', 'revenue': '$6.7M', 'Number of Employees': '<25', 'LinkedIn url': 'http://www.linkedin.com/company/virtual-corporation-ltd'}
{'company_name_zoominfo': 'Bimpies', 'website': 'www.bimpies.com', 'headquarters': '1148 Cadillac Ct, Milpitas, California, 95035, United States', 'SIC Code': '58,581', 'NAICS Code': '72,722', 'revenue': '<$5M', 'Number of Employees': '<25', 'LinkedIn url': 'http://www.linkedin.com/company/bimpies'}
{'company_name_zoominfo': 'LawnTap', 'website': 'www.lawntap.com', 'headquarters': '3423 Piedmont Rd NE, Atlanta, Georgia, 30305, United States', 'SIC Code': '78,782', 'NAICS Code': '56,561', 'revenue': '<$5M', 'Number of Employees': '<25', 'LinkedIn url': 'http://www.linkedin.com/company/lawntap'}
{'company_name_zoominfo': 'Qbitt', 'website': 'www.qbitt.io', 'headquarters': '934 6th St S Ste 201, Kirkland, Washington, 98033, United States', 'SIC Code': '73,738', 'NAICS Code': '56,561', 'revenue': '<$5M', 'Number of Employees': '<25', 'LinkedIn url': '!not-found'}
{'company_name_zoominfo': 'Bestimator', 'website': 'www.bestimator.co.uk', 'headquarters': 'Yew Grn, Frant Withyham Ward, England, TN3 9AS, United Kingdom', 'SIC Code': '17,175', 'NAICS Code': '23,238', 'revenue': '<$5M', 'Number of Employees': '<25', 'LinkedIn url': 'http://www.linkedin.com/company/5310971'}
{'company_name_zoominfo': 'SnoHub', 'website': 'www.snohub.com', 'headquarters': '351 Branchville Rd, Ridgefield, Connecticut, 06877, United States', 'SIC Code': '78,782', 'NAICS Code': '56,561', 'revenue': '<$5M', 'Number of Employees': '<25', 'LinkedIn url': 'http://www.linkedin.com/company/snohub'}
site-not-indexed

{'company_name_zoominfo': '!not-found', 'website': '!not-found', 'headquarters': '!not-found', 'SIC Code': '!not-found', 'NAICS Code': '!not-found', 'revenue': '!not-found', 'Number of Employees': '!not-found', 'LinkedIn url': '!not-found'}
{'company_name_zoominfo': 'Hipster Maid', 'website': 'www.yelp.com/biz/hipstermaid-san-jose-2', 'headquarters': '4946 Rio Vista Ave, San Jose, California, 95129, United States', 'SIC Code': '73,734', 'NAICS Code': '56,561', 'revenue': '<$5M', 'Number of Employees': '<25', 'LinkedIn url': '!not-found'}
{'company_name_zoominfo': 'Utility', 'website': 'www.utilityresults.com', 'headquarters': '32 Blackfriars Rd, London, Greater London, SE1 8PB, United Kingdom', 'SIC Code': '73,733', 'NAICS Code': '54,541', 'revenue': '$8.4M', 'Number of Employees': '36', 'LinkedIn url': 'http://www.linkedin.com/company/utility-results-ltd'}
{'company_name_zoominfo': 'Fixr', 'website': 'www.fixr.com', 'headquarters': '2711 Centerville Rd Ste 120, Wilmington, Delaware, 19808, United State...', 'SIC Code': '73,737', 'NAICS Code': '23,238', 'revenue': '$11.8M', 'Number of Employees': '<25', 'LinkedIn url': 'http://www.linkedin.com/company/fixr'}
{'company_name_zoominfo': 'FlipTree', 'website': 'www.fliptree.com', 'headquarters': '!not-found', 'SIC Code': '73,738', 'NAICS Code': '56,561', 'revenue': '<$5M', 'Number of Employees': '<25', 'LinkedIn url': 'http://www.linkedin.com/company/fliptreepartners'}
{'company_name_zoominfo': 'Get Help', 'website': 'www.gethelp.com', 'headquarters': '7080 Hollywood Blvd Ste 1100, Los Angeles, California, 90028, United S...', 'SIC Code': '73,737', 'NAICS Code': '51,519', 'revenue': '<$5M', 'Number of Employees': '<25', 'LinkedIn url': 'http://www.linkedin.com/company/gethelpinc'}
{'company_name_zoominfo': 'Museum', 'website': 'www.museum.com', 'headquarters': '1071 5th Ave, New York, New York, 10128, United States', 'SIC Code': '84,841', 'NAICS Code': '71,712', 'revenue': '$76.9M', 'Number of Employees': '222', 'LinkedIn url': 'http://www.linkedin.com/company/nuseumcom'}
{'company_name_zoominfo': 'NotAvailable', 'website': 'NotAvailable', 'headquarters': 'NotAvailable', 'SIC Code': 'NotAvailable', 'NAICS Code': 'NotAvailable', 'revenue': 'NotAvailable', 'Number of Employees': 'NotAvailable', 'LinkedIn url': 'NotAvailable'}
{'company_name_zoominfo': '!not-found', 'website': 'WiredMates', 'headquarters': '!not-found', 'SIC Code': '!not-found', 'NAICS Code': '!not-found', 'revenue': '!not-found', 'Number of Employees': '!not-found', 'LinkedIn url': '!not-found'}
renewing ip
429
2001:67c:6ec:203:192:42:116:186
{'company_name_zoominfo': 'Oscar App Labs', 'website': 'www.instruktapp.com', 'headquarters': '566 S Mccaslin Blvd #270005, Superior, Colorado, 80027, United States', 'SIC Code': '73,737', 'NAICS Code': '54,541', 'revenue': '$6M', 'Number of Employees': '27', 'LinkedIn url': 'http://www.linkedin.com/company/instrukt'}
{'company_name_zoominfo': 'Jobin', 'website': 'www.jobinhr.co.il', 'headquarters': 'Israel', 'SIC Code': '73,736', 'NAICS Code': '54,541', 'revenue': '<$5M', 'Number of Employees': '<25', 'LinkedIn url': 'http://www.linkedin.com/company/jobin'}
{'company_name_zoominfo': 'NotAvailable', 'website': 'NotAvailable', 'headquarters': 'NotAvailable', 'SIC Code': 'NotAvailable', 'NAICS Code': 'NotAvailable', 'revenue': 'NotAvailable', 'Number of Employees': 'NotAvailable', 'LinkedIn url': 'NotAvailable'}
{'company_name_zoominfo': 'NotAvailable', 'website': 'NotAvailable', 'headquarters': 'NotAvailable', 'SIC Code': 'NotAvailable', 'NAICS Code': 'NotAvailable', 'revenue': 'NotAvailable', 'Number of Employees': 'NotAvailable', 'LinkedIn url': 'NotAvailable'}
{'company_name_zoominfo': 'EasyPaint', 'website': 'www.easypaint.com', 'headquarters': '225 Bush St Fl 12, San Francisco, California, 94104, United States', 'SIC Code': '52,523', 'NAICS Code': '44,444', 'revenue': '<$5M', 'Number of Employees': '<25', 'LinkedIn url': 'http://www.linkedin.com/company/easypaint'}
{'company_name_zoominfo': 'Genio.com', 'website': 'www.hellogenio.com', 'headquarters': '440 N Wolfe Rd, Sunnyvale, California, 94085, United States', 'SIC Code': '73,737', 'NAICS Code': '51,511', 'revenue': '<$5M', 'Number of Employees': '<25', 'LinkedIn url': 'http://www.linkedin.com/company/genio'}
{'company_name_zoominfo': 'Axeo Services', 'website': 'www.services.groupe-axeo.com', 'headquarters': '25 Avenue Aristide Briand, Vichy, Auvergne, 03200, France', 'SIC Code': '73,734', 'NAICS Code': '56,561', 'revenue': '$404.6M', 'Number of Employees': '2,066', 'LinkedIn url': 'https://www.linkedin.com/company/axeo-services-sarl'}
{'company_name_zoominfo': 'Clean Em', 'website': 'www.clean-em.com', 'headquarters': '51 Rainey St 1902, Austin, Texas, 78701, United States', 'SIC Code': '76,769', 'NAICS Code': '56,561', 'revenue': '<$5M', 'Number of Employees': '<25', 'LinkedIn url': 'http://www.linkedin.com/company/clean-em'}
{'company_name_zoominfo': 'GoingClear', 'website': 'www.goingclear.com', 'headquarters': '175 William F Mcclellan Hwy Ste 1, Boston, Massachusetts, 02128, Unite...', 'SIC Code': '73,737', 'NAICS Code': '54,541', 'revenue': '<$5M', 'Number of Employees': '<25', 'LinkedIn url': 'http://www.linkedin.com/company/goingclear-interactive'}
{'company_name_zoominfo': 'WeSpeak Easy', 'website': 'www.wespeakeasy.com', 'headquarters': '2424 E York St Unit 209, Philadelphia, Pennsylvania, 19125, United Sta...', 'SIC Code': '73,731', 'NAICS Code': '54,541', 'revenue': '<$5M', 'Number of Employees': '<25', 'LinkedIn url': 'http://www.linkedin.com/company/speak-easy-creative'}
{'company_name_zoominfo': 'Digifianz', 'website': 'www.digifianz.com', 'headquarters': '5218 El Salvador Of 101, Buenos Aires, Ciudad Autónoma de Buenos Aires...', 'SIC Code': '73,731', 'NAICS Code': '54,541', 'revenue': '<$5M', 'Number of Employees': '<25', 'LinkedIn url': 'http://www.linkedin.com/company/digifianz'}
{'company_name_zoominfo': 'Risdall Marketing Group', 'website': 'www.risdall.com', 'headquarters': '2685 Long Lake Rd Ste 100, Roseville, Minnesota, 55113, United States', 'SIC Code': '73,731', 'NAICS Code': '54,541', 'revenue': '$20.4M', 'Number of Employees': '<25', 'LinkedIn url': 'http://www.linkedin.com/company/the-lukaszewski-group-division-of-risdall-mckinney-public-relations'}
{'company_name_zoominfo': 'HIVE Digital Strategy', 'website': 'www.hivedigitalstrategy.com', 'headquarters': '7100 Broadway 3L, Denver, Colorado, 80221, United States', 'SIC Code': '87,874', 'NAICS Code': '54,541', 'revenue': '<$5M', 'Number of Employees': '<25', 'LinkedIn url': 'http://www.linkedin.com/company/hive-digital-strategy'}
{'company_name_zoominfo': 'Web Canopy Studio', 'website': 'www.webcanopystudio.com', 'headquarters': '400 W Front St Ste 200, Traverse City, Michigan, 49684, United States', 'SIC Code': '73,737', 'NAICS Code': '51,518', 'revenue': '<$5M', 'Number of Employees': '<25', 'LinkedIn url': 'http://www.linkedin.com/company/web-canopy-studio'}
renewing ip
429
2a0b:f4c0:16c:2::1
{'company_name_zoominfo': 'Gatorworks', 'website': 'www.gatorworks.net', 'headquarters': '10988 N Harrells Ferry Rd Ste 12, Baton Rouge, Louisiana, 70816, Unite...', 'SIC Code': '87,874', 'NAICS Code': '54,541', 'revenue': '$16.3M', 'Number of Employees': '<25', 'LinkedIn url': 'http://www.linkedin.com/company/gatorworks'}
{'company_name_zoominfo': 'Your Media Services', 'website': 'www.yourmediaservices.com', 'headquarters': '10300 49th St N Ste 302, Clearwater, Florida, 33762, United States', 'SIC Code': '73,731', 'NAICS Code': '54,541', 'revenue': '<$5M', 'Number of Employees': '<25', 'LinkedIn url': 'http://www.linkedin.com/company/35489974'}
{'company_name_zoominfo': 'Grant Marketing', 'website': 'www.grantmarketing.com', 'headquarters': '75 Arlington St Ste 500, Boston, Massachusetts, 02116, United States', 'SIC Code': '73,731', 'NAICS Code': '54,541', 'revenue': '$7.2M', 'Number of Employees': '<25', 'LinkedIn url': 'http://www.linkedin.com/company/310825'}
{'company_name_zoominfo': 'IQnection', 'website': 'www.iqnection.com', 'headquarters': '1456 Ferry Rd Ste 325, Doylestown, Pennsylvania, 18901, United States', 'SIC Code': '87,874', 'NAICS Code': '54,541', 'revenue': '<$5M', 'Number of Employees': '<25', 'LinkedIn url': 'http://www.linkedin.com/company/iqnection-internet-services'}
{'company_name_zoominfo': 'TANK New Media', 'website': 'www.tanknewmedia.com', 'headquarters': '10865 Grandview Dr Ste 2060, Overland Park, Kansas, 66210, United Stat...', 'SIC Code': '48,489', 'NAICS Code': '51,517', 'revenue': '<$5M', 'Number of Employees': '<25', 'LinkedIn url': 'http://www.linkedin.com/company/tank-new-media'}
{'company_name_zoominfo': 'HUNTER Digital', 'website': 'www.hunterdigitalmarketing.com', 'headquarters': '7 Lowell Rd, Port Washington, New York, 11050, United States', 'SIC Code': '73,731', 'NAICS Code': '54,541', 'revenue': '<$5M', 'Number of Employees': '<25', 'LinkedIn url': 'http://www.linkedin.com/company/hunter-digital'}
{'company_name_zoominfo': 'Website Design', 'website': 'www.seattlewebdesign.com', 'headquarters': '901 5th Ave Ste 1950, Seattle, Washington, 98164, United States', 'SIC Code': '73,737', 'NAICS Code': '54,541', 'revenue': '<$5M', 'Number of Employees': '29', 'LinkedIn url': 'http://www.linkedin.com/company/efelle-media-inc'}
{'company_name_zoominfo': 'Yellow Box Studios', 'website': 'yellowbox.agency', 'headquarters': '200 E Randolph, Chicago, Illinois, 60601, United States', 'SIC Code': '73,731', 'NAICS Code': '54,541', 'revenue': '<$5M', 'Number of Employees': '<25', 'LinkedIn url': 'http://www.linkedin.com/company/yellow-box-studios-ltd-'}
{'company_name_zoominfo': 'adWhite', 'website': 'www.adwhite.com', 'headquarters': '33300 Egypt Ln Ste H200, Magnolia, Texas, 77354, United States', 'SIC Code': '73,731', 'NAICS Code': '54,541', 'revenue': '<$5M', 'Number of Employees': '<25', 'LinkedIn url': 'http://www.linkedin.com/company/adwhite'}
{'company_name_zoominfo': '!not-found', 'website': 'Manage Inbound', 'headquarters': '!not-found', 'SIC Code': '!not-found', 'NAICS Code': '!not-found', 'revenue': '!not-found', 'Number of Employees': '!not-found', 'LinkedIn url': '!not-found'}
{'company_name_zoominfo': 'WindFarm Marketing', 'website': 'www.windfarmmarketing.com', 'headquarters': '920 Reserve Dr 180, Roseville, California, 95678, United States', 'SIC Code': '87,874', 'NAICS Code': '54,541', 'revenue': '<$5M', 'Number of Employees': '<25', 'LinkedIn url': 'http://www.linkedin.com/company/windfarm-marketing'}
{'company_name_zoominfo': 'Cbi', 'website': 'www.cbi.ma', 'headquarters': '29-30 lot attoufik Immeuble Cbi Casablanca, Casablanca, Grand Casablan...', 'SIC Code': '50,504', 'NAICS Code': '42,423', 'revenue': '$63.1M', 'Number of Employees': '235', 'LinkedIn url': 'http://www.linkedin.com/company/cbi_3'}
{'company_name_zoominfo': 'ITVibes', 'website': 'www.itvibes.com', 'headquarters': '25307 Interstate 45 N Ste 140, The Woodlands, Texas, 77380, United Sta...', 'SIC Code': '73,737', 'NAICS Code': '54,541', 'revenue': '<$5M', 'Number of Employees': '<25', 'LinkedIn url': 'http://www.linkedin.com/company/itvibes-inc'}
{'company_name_zoominfo': 'iSynergy', 'website': 'www.isynergy.io', 'headquarters': '558 E Main St, Canfield, Ohio, 44406, United States', 'SIC Code': '73,731', 'NAICS Code': '54,541', 'revenue': '<$5M', 'Number of Employees': '<25', 'LinkedIn url': 'http://www.linkedin.com/company/isynergy-io'}
{'company_name_zoominfo': 'Vital Design', 'website': 'www.vtldesign.com', 'headquarters': '867 Boylston St Fl 5, Boston, Massachusetts, 02116, United States', 'SIC Code': '73,733', 'NAICS Code': '54,541', 'revenue': '$10.8M', 'Number of Employees': '36', 'LinkedIn url': 'http://www.linkedin.com/company/inbound-marketing-association'}
{'company_name_zoominfo': 'Greenlane Search Marketing', 'website': 'www.greenlanemarketing.com', 'headquarters': '2550 Eisenhower Ave Ste B207a, Eagleville, Pennsylvania, 19403, United...', 'SIC Code': '87,874', 'NAICS Code': '54,541', 'revenue': '<$5M', 'Number of Employees': '<25', 'LinkedIn url': 'http://www.linkedin.com/company/greenlane-search-marketing'}
{'company_name_zoominfo': 'Ker Communications', 'website': 'www.kercommunications.com', 'headquarters': '6520 Ventura Dr, Pittsburgh, Pennsylvania, 15236, United States', 'SIC Code': '73,737', 'NAICS Code': '51,517', 'revenue': '<$5M', 'Number of Employees': '<25', 'LinkedIn url': 'http://www.linkedin.com/company/ker-communications---pittsburgh-internet-marketing-&-seo-consultants'}
{'company_name_zoominfo': '120over80', 'website': 'www.120over80.com', 'headquarters': '2130 Elmwood Ave, Wilmette, Illinois, 60091, United States', 'SIC Code': '87,874', 'NAICS Code': '54,541', 'revenue': '<$5M', 'Number of Employees': '<25', 'LinkedIn url': 'http://www.linkedin.com/company/120over80'}
renewing ip
429
2a0b:f4c0:16c:7::1
{'company_name_zoominfo': 'Inbound AV', 'website': 'www.inboundav.com', 'headquarters': '127 S Brand Blvd Ste 236, Glendale, California, 91204, United States', 'SIC Code': '73,731', 'NAICS Code': '54,541', 'revenue': '<$5M', 'Number of Employees': '<25', 'LinkedIn url': 'http://www.linkedin.com/company/inboundav'}
{'company_name_zoominfo': 'Witmer Group', 'website': 'www.witmergroup.com', 'headquarters': '14681 Midway Rd Fl 2, Addison, Texas, 75001, United States', 'SIC Code': '87,874', 'NAICS Code': '54,541', 'revenue': '$22M', 'Number of Employees': '85', 'LinkedIn url': 'http://www.linkedin.com/company/witmer-group'}
{'company_name_zoominfo': '!not-found', 'website': '!not-found', 'headquarters': '!not-found', 'SIC Code': '!not-found', 'NAICS Code': '!not-found', 'revenue': '!not-found', 'Number of Employees': '!not-found', 'LinkedIn url': '!not-found'}
{'company_name_zoominfo': 'Verge Pipe Media', 'website': 'www.vergepipemedia.com', 'headquarters': '166 N Gay St Ste 11, Auburn, Alabama, 36830, United States', 'SIC Code': '48,489', 'NAICS Code': '51,517', 'revenue': '<$5M', 'Number of Employees': '<25', 'LinkedIn url': 'http://www.linkedin.com/company/verge-pipe-media'}
{'company_name_zoominfo': 'BizzyWeb', 'website': 'www.bizzyweb.com', 'headquarters': '11190 Commerce Dr N, Minneapolis, Minnesota, 55316, United States', 'SIC Code': '73,731', 'NAICS Code': '54,541', 'revenue': '<$5M', 'Number of Employees': '<25', 'LinkedIn url': 'http://www.linkedin.com/company/bizzyweb'}
{'company_name_zoominfo': 'Inbound Plus', 'website': 'www.inbound.cl', 'headquarters': '5931 Cerro El Plomo Of 510, Santiago, Region Metropolitana, Chile', 'SIC Code': '73,731', 'NAICS Code': '54,541', 'revenue': '<$5M', 'Number of Employees': '<25', 'LinkedIn url': 'http://www.linkedin.com/company/inbound-plus'}
{'company_name_zoominfo': 'IntellaSphere', 'website': 'www.intellasphere.com', 'headquarters': '1000 124th Ave NE Ste 100, Bellevue, Washington, 98005, United States', 'SIC Code': '87,874', 'NAICS Code': '54,541', 'revenue': '$7.8M', 'Number of Employees': '<25', 'LinkedIn url': 'http://www.linkedin.com/company/intellasphere'}
{'company_name_zoominfo': 'SEO Samba', 'website': 'www.seosamba.com', 'headquarters': '2140 S Dupont Hwy, Camden, Delaware, 19934, United States', 'SIC Code': '73,731', 'NAICS Code': '54,541', 'revenue': '$6.5M', 'Number of Employees': '31', 'LinkedIn url': 'http://www.linkedin.com/company/seo-samba'}
renewing ip
429
2a0b:f4c0:16c:6::1
renewing ip
429
2001:67c:6ec:203:192:42:116:201
renewing ip
429
2001:67c:6ec:203:192:42:116:201
{'company_name_zoominfo': 'Comrade Digital Marketing Agency', 'website': 'www.comradeweb.com', 'headquarters': '770 N Halsted St Ste 106, Chicago, Illinois, 60642, United States', 'SIC Code': '73,737', 'NAICS Code': '54,541', 'revenue': '$14.3M', 'Number of Employees': '<25', 'LinkedIn url': 'http://www.linkedin.com/company/comrade-web-studios'}
{'company_name_zoominfo': 'Bayard Bradford', 'website': 'www.bayardbradford.com', 'headquarters': '10810 Katy Fwy Ste 101, Houston, Texas, 77043, United States', 'SIC Code': '87,874', 'NAICS Code': '54,541', 'revenue': '<$5M', 'Number of Employees': '<25', 'LinkedIn url': 'http://www.linkedin.com/company/bayard-bradford'}
{'company_name_zoominfo': 'Fractl', 'website': 'www.frac.tl', 'headquarters': '601 N Congress Ave Ste 206, Delray Beach, Florida, 33445, United State...', 'SIC Code': '87,874', 'NAICS Code': '54,541', 'revenue': '$7.8M', 'Number of Employees': '100', 'LinkedIn url': 'http://www.linkedin.com/company/fractl'}
{'company_name_zoominfo': 'Windmill Design', 'website': 'www.windmillstrategy.com', 'headquarters': '1227 Tyler St NE Ste 180, Minneapolis, Minnesota, 55413, United States', 'SIC Code': '73,733', 'NAICS Code': '54,541', 'revenue': '$18.4M', 'Number of Employees': '106', 'LinkedIn url': 'http://www.linkedin.com/company/windmill-design'}
{'company_name_zoominfo': 'Infront Webworks', 'website': 'www.infront.com', 'headquarters': '5350 Tomah Dr Ste 2800, Colorado Springs, Colorado, 80918, United Stat...', 'SIC Code': '73,737', 'NAICS Code': '51,517', 'revenue': '$6.1M', 'Number of Employees': '<25', 'LinkedIn url': 'http://www.linkedin.com/company/infront-webworks'}
{'company_name_zoominfo': 'Zipline Communications', 'website': 'www.ziplineb2b.com', 'headquarters': '3830 E Trent Ave, Spokane, Washington, 99202, United States', 'SIC Code': '73,731', 'NAICS Code': '54,541', 'revenue': '<$5M', 'Number of Employees': '<25', 'LinkedIn url': 'http://www.linkedin.com/company/ziplineb2b'}
{'company_name_zoominfo': 'Protocol 80', 'website': 'www.protocol80.com', 'headquarters': '15 N Kendall Ave, Bradford, Pennsylvania, 16701, United States', 'SIC Code': '87,874', 'NAICS Code': '54,541', 'revenue': '<$5M', 'Number of Employees': '<25', 'LinkedIn url': 'http://www.linkedin.com/company/protocol-80-inc-'}
{'company_name_zoominfo': 'NotAvailable', 'website': 'NotAvailable', 'headquarters': 'NotAvailable', 'SIC Code': 'NotAvailable', 'NAICS Code': 'NotAvailable', 'revenue': 'NotAvailable', 'Number of Employees': 'NotAvailable', 'LinkedIn url': 'NotAvailable'}
{'company_name_zoominfo': 'NotAvailable', 'website': 'NotAvailable', 'headquarters': 'NotAvailable', 'SIC Code': 'NotAvailable', 'NAICS Code': 'NotAvailable', 'revenue': 'NotAvailable', 'Number of Employees': 'NotAvailable', 'LinkedIn url': 'NotAvailable'}
{'company_name_zoominfo': 'Aelieve', 'website': 'www.aelieve.com', 'headquarters': '136 S Dubuque St Ste 11, Iowa City, Iowa, 52240, United States', 'SIC Code': '73,737', 'NAICS Code': '51,518', 'revenue': '<$5M', 'Number of Employees': '<25', 'LinkedIn url': 'http://www.linkedin.com/company/aelieve'}
{'company_name_zoominfo': 'Saturn Lounge', 'website': 'www.saturnlounge.com', 'headquarters': '1235 S Prairie Ave, Chicago, Illinois, 60605, United States', 'SIC Code': '58,581', 'NAICS Code': '72,722', 'revenue': '<$5M', 'Number of Employees': '<25', 'LinkedIn url': 'http://www.linkedin.com/company/saturn-lounge-photography'}
{'company_name_zoominfo': 'NotAvailable', 'website': 'NotAvailable', 'headquarters': 'NotAvailable', 'SIC Code': 'NotAvailable', 'NAICS Code': 'NotAvailable', 'revenue': 'NotAvailable', 'Number of Employees': 'NotAvailable', 'LinkedIn url': 'NotAvailable'}
{'company_name_zoominfo': 'The Treehouse Group', 'website': 'www.treehousegroup.us', 'headquarters': 'PO Box 1301, Harrisburg, North Carolina, 28075, United States', 'SIC Code': '72,723', 'NAICS Code': '81,812', 'revenue': '<$5M', 'Number of Employees': '<25', 'LinkedIn url': 'http://www.linkedin.com/company/treehouse-group-companies'}
