{'company_name_zoominfo': 'Pixel/Point Press', 'website': 'www.pixelpointpress.com', 'headquarters': '14535 Exton Ln, Chesterfield, Missouri, 63017, United States', 'SIC Code': '27,274', 'NAICS Code': '51,511', 'revenue': '$9.4M', 'Number of Employees': '43', 'LinkedIn url': 'http://www.linkedin.com/company/287378'}
{'company_name_zoominfo': 'Akrete', 'website': 'www.akrete.com', 'headquarters': '909 Davis St Fl 5, Evanston, Illinois, 60201, United States', 'SIC Code': '87,874', 'NAICS Code': '54,541', 'revenue': '$6.8M', 'Number of Employees': '<25', 'LinkedIn url': 'http://www.linkedin.com/company/akrete'}
{'company_name_zoominfo': 'LeadsNearby', 'website': 'www.leadsnearby.com', 'headquarters': '130 Edinburgh S. Dr Ste 202, Cary, North Carolina, 27511, United State...', 'SIC Code': '87,874', 'NAICS Code': '54,541', 'revenue': '<$5M', 'Number of Employees': '<25', 'LinkedIn url': 'http://www.linkedin.com/company/leadsnearby'}
{'company_name_zoominfo': 'Ipullrank', 'website': 'www.ipullrank.com', 'headquarters': '12 E 49th St Fl 11, New York, New York, 10017, United States', 'SIC Code': '87,874', 'NAICS Code': '54,541', 'revenue': '<$5M', 'Number of Employees': '<25', 'LinkedIn url': 'http://www.linkedin.com/company/ipullrank'}
{'company_name_zoominfo': 'Digifianz', 'website': 'www.digifianz.com', 'headquarters': '5218 El Salvador Of 101, Buenos Aires, Ciudad Autónoma de Buenos Aires...', 'SIC Code': '73,731', 'NAICS Code': '54,541', 'revenue': '<$5M', 'Number of Employees': '<25', 'LinkedIn url': 'http://www.linkedin.com/company/digifianz'}
renewing ip
429
2620:7:6001::122
{'company_name_zoominfo': 'Idea Grove', 'website': 'www.ideagrove.com', 'headquarters': '16000 Dallas Pkwy Ste 200, Dallas, Texas, 75248, United States', 'SIC Code': '87,874', 'NAICS Code': '54,541', 'revenue': '<$5M', 'Number of Employees': '<25', 'LinkedIn url': 'http://www.linkedin.com/company/idea-grove'}
{'company_name_zoominfo': 'Tendo Communications', 'website': 'www.tendocom.com', 'headquarters': '535 Mission St Fl 19, San Francisco, California, 94105, United States', 'SIC Code': '48,489', 'NAICS Code': '51,517', 'revenue': '$5.7M', 'Number of Employees': '<25', 'LinkedIn url': 'http://www.linkedin.com/company/tendo-communications'}
{'company_name_zoominfo': 'Bop Design', 'website': 'www.bopdesign.com', 'headquarters': '610 W Ash St Ste 706, San Diego, California, 92101, United States', 'SIC Code': '73,737', 'NAICS Code': '54,541', 'revenue': '$13.5M', 'Number of Employees': '<25', 'LinkedIn url': 'http://www.linkedin.com/company/bop-design'}
{'company_name_zoominfo': 'Beacon Digital Marketing', 'website': 'www.beacondigitalmarketing.com', 'headquarters': '234 Main St Unit 1, Beacon, New York, 12508, United States', 'SIC Code': '73,731', 'NAICS Code': '54,541', 'revenue': '$11.9M', 'Number of Employees': '35', 'LinkedIn url': 'http://www.linkedin.com/company/beacon-digital-marketing'}
{'company_name_zoominfo': 'Consciously', 'website': 'www.consciouslyinc.com', 'headquarters': '1 Laurel Pl, Montclair, New Jersey, 07043, United States', 'SIC Code': '73,731', 'NAICS Code': '54,541', 'revenue': '<$5M', 'Number of Employees': '<25', 'LinkedIn url': 'http://www.linkedin.com/company/consciouslyinc'}
{'company_name_zoominfo': 'Brolik Productions', 'website': 'www.brolik.com', 'headquarters': '990 Spring Garden St Ste 301, Philadelphia, Pennsylvania, 19123, Unite...', 'SIC Code': '73,733', 'NAICS Code': '54,541', 'revenue': '$6M', 'Number of Employees': '<25', 'LinkedIn url': 'http://www.linkedin.com/company/brolik-productions-inc-'}
{'company_name_zoominfo': 'Communications Strategy Group', 'website': 'www.wearecsg.com', 'headquarters': '44 Cook St 450, Denver, Colorado, 80206, United States', 'SIC Code': '73,731', 'NAICS Code': '54,541', 'revenue': '$11.9M', 'Number of Employees': '35', 'LinkedIn url': 'http://www.linkedin.com/company/communications-strategy-group'}
{'company_name_zoominfo': 'Indirap', 'website': 'www.indirap.com', 'headquarters': '850 W Jackson Blvd 400, Chicago, Illinois, 60607, United States', 'SIC Code': '78,781', 'NAICS Code': '51,512', 'revenue': '<$5M', 'Number of Employees': '<25', 'LinkedIn url': 'http://www.linkedin.com/company/indirap-productions'}
{'company_name_zoominfo': 'Column Five', 'website': 'www.columnfivemedia.com', 'headquarters': '150 Paularino Ave Ste D170, Costa Mesa, California, 92626, United Stat...', 'SIC Code': '87,874', 'NAICS Code': '54,541', 'revenue': '$17M', 'Number of Employees': '43', 'LinkedIn url': 'http://www.linkedin.com/company/column-five-media'}
{'company_name_zoominfo': 'Advertas', 'website': 'www.advertas.com', 'headquarters': '8584 Katy Fwy Ste 305, Houston, Texas, 77024, United States', 'SIC Code': '73,731', 'NAICS Code': '54,541', 'revenue': '<$5M', 'Number of Employees': '<25', 'LinkedIn url': 'http://www.linkedin.com/company/advertas-llc'}
{'company_name_zoominfo': 'Pyxl', 'website': 'www.pyxl.com', 'headquarters': '1310 Clinton St Ste 219, Nashville, Tennessee, 37203, United States', 'SIC Code': '73,731', 'NAICS Code': '54,541', 'revenue': '$7.3M', 'Number of Employees': '27', 'LinkedIn url': 'http://www.linkedin.com/company/pyxl'}
('Connection aborted.', RemoteDisconnected('Remote end closed connection without response'))
<class 'UnboundLocalError'>
error in http://webcache.googleusercontent.com/search?q=cache%3Ahttps%3A%2F%2Fwww.zoominfo.com%2Fc%2Fsocial-link-llc%2F371225625
local variable 'page_content' referenced before assignment
https://www.zoominfo.com/c/social-link-llc/371225625
{'company_name_zoominfo': '!unknown-error', 'website': '!unknown-error', 'headquarters': '!unknown-error', 'SIC Code': '!unknown-error', 'NAICS Code': '!unknown-error', 'revenue': '!unknown-error', 'Number of Employees': '!unknown-error', 'LinkedIn url': '!unknown-error'}
renewing ip
429
2a03:e600:100::77
{'company_name_zoominfo': 'Bear Icebox Communications', 'website': 'www.bearicebox.com', 'headquarters': '900 Chicago Ave Ste 104, Evanston, Illinois, 60202, United States', 'SIC Code': '87,874', 'NAICS Code': '54,541', 'revenue': '<$5M', 'Number of Employees': '<25', 'LinkedIn url': 'http://www.linkedin.com/company/bear-icebox'}
{'company_name_zoominfo': 'Bluetext', 'website': 'www.bluetext.com', 'headquarters': '2121 Wisconsin Ave NW Ste 320, Washington, District of Columbia, 20007...', 'SIC Code': '73,731', 'NAICS Code': '54,541', 'revenue': '$21.1M', 'Number of Employees': '<25', 'LinkedIn url': 'http://www.linkedin.com/company/bluetext'}
{'company_name_zoominfo': 'First Page Strategy', 'website': 'www.firstpagestrategy.com', 'headquarters': '3615 E 8th St, Long Beach, California, 90804, United States', 'SIC Code': '87,874', 'NAICS Code': '54,541', 'revenue': '<$5M', 'Number of Employees': '<25', 'LinkedIn url': 'http://www.linkedin.com/company/first-page-strategy'}
{'company_name_zoominfo': 'Reputation Resolutions', 'website': 'www.reputationresolutions.com', 'headquarters': '333 W Hampden Ave Ste 1020, Englewood, Colorado, 80110, United States', 'SIC Code': '87,874', 'NAICS Code': '54,541', 'revenue': '<$5M', 'Number of Employees': '<25', 'LinkedIn url': 'http://www.linkedin.com/company/reputation-resolutions'}
{'company_name_zoominfo': 'MKC Strategies', 'website': 'www.mkcstrategies.com', 'headquarters': '333 Blackheath Rd, Lido Beach, New York, 11561, United States', 'SIC Code': '87,874', 'NAICS Code': '54,541', 'revenue': '<$5M', 'Number of Employees': '<25', 'LinkedIn url': '!not-found'}
{'company_name_zoominfo': 'VantagePoint Marketing', 'website': 'www.vantagep.com', 'headquarters': '80 Villa Rd, Greenville, South Carolina, 29615, United States', 'SIC Code': '73,87', 'NAICS Code': '54,541', 'revenue': '$5M', 'Number of Employees': '<25', 'LinkedIn url': 'http://www.linkedin.com/company/vantagepoint'}
{'company_name_zoominfo': 'Funkhaus', 'website': 'www.funkhaus.us', 'headquarters': '500 Molino St Ste 215, Los Angeles, California, 90013, United States', 'SIC Code': '73,731', 'NAICS Code': '54,541', 'revenue': '<$5M', 'Number of Employees': '<25', 'LinkedIn url': 'http://www.linkedin.com/company/funkhaus-design'}
{'company_name_zoominfo': '10 Plus Brand', 'website': 'www.10plusbrand.com', 'headquarters': '19811 E Colima Rd Ste 610, Walnut, California, 91789, United States', 'SIC Code': '48,489', 'NAICS Code': '51,517', 'revenue': '<$5M', 'Number of Employees': '<25', 'LinkedIn url': 'http://www.linkedin.com/company/10plusbrand'}
{'company_name_zoominfo': 'Fishbat', 'website': 'www.fishbat.com', 'headquarters': '225 W 34th St Fl 9, New York City, New York, 10122, United States', 'SIC Code': '87,874', 'NAICS Code': '54,541', 'revenue': '$20.4M', 'Number of Employees': '25', 'LinkedIn url': 'http://www.linkedin.com/company/fishbat'}
{'company_name_zoominfo': 'Innovaxis', 'website': 'www.innovaxisinc.com', 'headquarters': '3047 N Lincoln Ave Ste 400, Chicago, Illinois, 60657, United States', 'SIC Code': '87,874', 'NAICS Code': '54,541', 'revenue': '$6.7M', 'Number of Employees': '<25', 'LinkedIn url': 'http://www.linkedin.com/company/innovaxis-marketing-consulting'}
{'company_name_zoominfo': 'One', 'website': 'vye.agency', 'headquarters': '619 W St. Germain St Ste 214, Saint Cloud, Minnesota, 56301, United St...', 'SIC Code': '87,874', 'NAICS Code': '54,541', 'revenue': '<$5M', 'Number of Employees': '<25', 'LinkedIn url': 'http://www.linkedin.com/company/one-squared'}
{'company_name_zoominfo': 'SyncShow', 'website': 'www.syncshow.com', 'headquarters': '1156 Linda St Ste 1, Rocky River, Ohio, 44116, United States', 'SIC Code': '87,874', 'NAICS Code': '54,541', 'revenue': '<$5M', 'Number of Employees': '<25', 'LinkedIn url': 'http://www.linkedin.com/company/syncshow-interactive'}
renewing ip
429
2a03:e600:100::67
{'company_name_zoominfo': 'JourneyEngine', 'website': 'www.journeyengine.com', 'headquarters': '1436 S Orange Avenlos Grv, Los Angeles, California, 90019, United Stat...', 'SIC Code': '87,874', 'NAICS Code': '54,541', 'revenue': '<$5M', 'Number of Employees': '<25', 'LinkedIn url': '!not-found'}
{'company_name_zoominfo': 'Alaniz Marketing', 'website': 'www.alanizmarketing.com', 'headquarters': '7250 Redwood Blvd Ste 355, Novato, California, 94945, United States', 'SIC Code': '73,731', 'NAICS Code': '54,541', 'revenue': '<$5M', 'Number of Employees': '<25', 'LinkedIn url': 'http://www.linkedin.com/company/alaniz-marketing'}
{'company_name_zoominfo': 'Hard Beat Communications', 'website': 'www.hardbeatcommunications.com', 'headquarters': '1440 Broadway Fl 23, New York, New York, 10036, United States', 'SIC Code': '87,874', 'NAICS Code': '54,541', 'revenue': '<$5M', 'Number of Employees': '<25', 'LinkedIn url': 'http://www.linkedin.com/company/hard-beat-communications'}
{'company_name_zoominfo': 'Nuethic', 'website': 'www.nuethic.com', 'headquarters': '960 N 400 E Ste C, North Salt Lake, Utah, 84054, United States', 'SIC Code': '73,737', 'NAICS Code': '54,541', 'revenue': '<$5M', 'Number of Employees': '<25', 'LinkedIn url': 'http://www.linkedin.com/company/nuethic'}
{'company_name_zoominfo': 'Main & Rose', 'website': 'www.main-rose.com', 'headquarters': '7896 S.fairfax Ct, Centennial, Colorado, 80122, United States', 'SIC Code': '73,733', 'NAICS Code': '54,541', 'revenue': '<$5M', 'Number of Employees': '<25', 'LinkedIn url': 'http://www.linkedin.com/company/main-&-rose-llc'}
{'company_name_zoominfo': 'Palmer Ad Agency', 'website': 'www.palmeradagency.com', 'headquarters': '466 Geary St Ste 301, San Francisco, California, 94102, United States', 'SIC Code': '73,731', 'NAICS Code': '54,541', 'revenue': '<$5M', 'Number of Employees': '<25', 'LinkedIn url': 'http://www.linkedin.com/company/palmer-ad-agency'}
{'company_name_zoominfo': 'MESH Interactive Agency', 'website': 'www.meshagency.com', 'headquarters': '745 Atlantic Ave, Boston, Massachusetts, 02111, United States', 'SIC Code': '73,731', 'NAICS Code': '54,541', 'revenue': '<$5M', 'Number of Employees': '<25', 'LinkedIn url': 'http://www.linkedin.com/company/mesh-interactive-agency'}
{'company_name_zoominfo': 'Viewstream', 'website': 'www.viewstream.com', 'headquarters': '4 Embarcadero Ctr Ste 1400, San Francisco, California, 94111, United S...', 'SIC Code': '73,731', 'NAICS Code': '54,541', 'revenue': '<$5M', 'Number of Employees': '<25', 'LinkedIn url': 'http://www.linkedin.com/company/viewstream'}
{'company_name_zoominfo': 'Room 214', 'website': 'www.room214.com', 'headquarters': '3340 Mitchell Ln, Boulder, Colorado, 80301, United States', 'SIC Code': '73,731', 'NAICS Code': '54,541', 'revenue': '<$5M', 'Number of Employees': '<25', 'LinkedIn url': 'http://www.linkedin.com/company/room-214'}
{'company_name_zoominfo': 'Design Flex', 'website': 'www.designflex.fr', 'headquarters': 'France', 'SIC Code': '72,722', 'NAICS Code': '54,541', 'revenue': '<$5M', 'Number of Employees': '<25', 'LinkedIn url': '!not-found'}
{'company_name_zoominfo': 'NotAvailable', 'website': 'NotAvailable', 'headquarters': 'NotAvailable', 'SIC Code': 'NotAvailable', 'NAICS Code': 'NotAvailable', 'revenue': 'NotAvailable', 'Number of Employees': 'NotAvailable', 'LinkedIn url': 'NotAvailable'}
{'company_name_zoominfo': 'Element5 Digital', 'website': 'www.element5digital.com', 'headquarters': '901 Wilshire Dr Ste 190, Troy, Michigan, 48084, United States', 'SIC Code': '73,733', 'NAICS Code': '54,541', 'revenue': '<$5M', 'Number of Employees': '<25', 'LinkedIn url': 'http://www.linkedin.com/company/element5-digital'}
renewing ip
429
2620:18c:0:192::135
renewing ip
429
2001:67c:6ec:203:192:42:116:175
renewing ip
429
2001:67c:6ec:203:192:42:116:175
renewing ip
429
2a0b:f4c2:1::1
renewing ip
429
2001:67c:6ec:203:192:42:116:196
renewing ip
429
2001:67c:6ec:203:192:42:116:196
{'company_name_zoominfo': 'Smile MEDIA', 'website': 'www.smilemultimedia.com', 'headquarters': '64 Piscataqua Rd, Dover, New Hampshire, 03820, United States', 'SIC Code': '73,731', 'NAICS Code': '54,541', 'revenue': '<$5M', 'Number of Employees': '<25', 'LinkedIn url': 'http://www.linkedin.com/company/smile-media-llc'}
{'company_name_zoominfo': 'GALR Marketing', 'website': 'www.galrmarketing.com', 'headquarters': 'Pune, Maharashtra, India', 'SIC Code': '73,731', 'NAICS Code': '54,541', 'revenue': '<$5M', 'Number of Employees': '<25', 'LinkedIn url': 'http://www.linkedin.com/company/galrmarketing'}
{'company_name_zoominfo': 'NotAvailable', 'website': 'NotAvailable', 'headquarters': 'NotAvailable', 'SIC Code': 'NotAvailable', 'NAICS Code': 'NotAvailable', 'revenue': 'NotAvailable', 'Number of Employees': 'NotAvailable', 'LinkedIn url': 'NotAvailable'}
{'company_name_zoominfo': 'Absolute Design', 'website': 'www.absolute-design.co.uk', 'headquarters': 'Haddon House Millicent Rd, Nottingham, Nottinghamshire, NG2 7PZ, Unite...', 'SIC Code': '73,737', 'NAICS Code': '54,541', 'revenue': '$6.7M', 'Number of Employees': '<25', 'LinkedIn url': 'http://www.linkedin.com/company/absolute-design_2'}
{'company_name_zoominfo': 'Sellosphere', 'website': 'www.sellosphere.com', 'headquarters': 'c-058 Sector 63, Noida, Uttar Pradesh, 201301, India', 'SIC Code': '87,874', 'NAICS Code': '54,541', 'revenue': '<$5M', 'Number of Employees': '<25', 'LinkedIn url': 'http://www.linkedin.com/company/sellosphere'}
{'company_name_zoominfo': '!not-found', 'website': 'Rake Development', 'headquarters': '!not-found', 'SIC Code': '!not-found', 'NAICS Code': '!not-found', 'revenue': '!not-found', 'Number of Employees': '!not-found', 'LinkedIn url': '!not-found'}
{'company_name_zoominfo': 'Bytes.co', 'website': 'www.bytes.co', 'headquarters': '164 College St Fl 3, Burlington, Vermont, 05401, United States', 'SIC Code': '87,873', 'NAICS Code': '54,541', 'revenue': '<$5M', 'Number of Employees': '<25', 'LinkedIn url': 'http://www.linkedin.com/company/burlington-bytes'}
{'company_name_zoominfo': 'Gravitational Marketing', 'website': 'www.gravitationalmarketing.com', 'headquarters': '12802 Science Dr Ste 201, Orlando, Florida, 32826, United States', 'SIC Code': '73,731', 'NAICS Code': '54,541', 'revenue': '$21.8M', 'Number of Employees': '68', 'LinkedIn url': 'http://www.linkedin.com/company/gravitational-marketing'}
{'company_name_zoominfo': 'Diedrich RPM', 'website': 'www.diedrichrpm.com', 'headquarters': '3000 County Road 42 W Ste 300, Burnsville, Minnesota, 55337, United St...', 'SIC Code': '87,874', 'NAICS Code': '54,541', 'revenue': '<$5M', 'Number of Employees': '<25', 'LinkedIn url': 'http://www.linkedin.com/company/diedrich-rpm'}
{'company_name_zoominfo': 'Paradigm New Media Group', 'website': 'www.pnmg.com', 'headquarters': '5017 Washington Pl Ste 100, St. Louis, Missouri, 63108, United States', 'SIC Code': '48,489', 'NAICS Code': '51,517', 'revenue': '<$5M', 'Number of Employees': '<25', 'LinkedIn url': 'http://www.linkedin.com/company/paradigm-new-media-group'}
{'company_name_zoominfo': 'Appnoit', 'website': 'www.appnoit.com', 'headquarters': '1329 E 4th St, Brooklyn, New York, 11230, United States', 'SIC Code': '73,737', 'NAICS Code': '54,541', 'revenue': '<$5M', 'Number of Employees': '<25', 'LinkedIn url': 'http://www.linkedin.com/company/appnoit'}
{'company_name_zoominfo': 'Millennium Marketing Solutions', 'website': 'www.mm4solutions.com', 'headquarters': '10900 Pump House Rd Ste A, Annapolis Junction, Maryland, 20701, United...', 'SIC Code': '73,731', 'NAICS Code': '54,541', 'revenue': '<$5M', 'Number of Employees': '<25', 'LinkedIn url': 'http://www.linkedin.com/company/millennium-marketing-solutions'}
renewing ip
429
2a0b:f4c2:2::34
renewing ip
429
2a0b:f4c1:2::243
renewing ip
429
2a06:1700:0:12::3
renewing ip
429
2a06:1700:0:12::3
renewing ip
429
2a0b:f4c1:2::243
renewing ip
429
2a0b:f4c1:2::243
renewing ip
429
2a0b:f4c2:1::1
{'company_name_zoominfo': 'Amplio Digital', 'website': 'www.ampliodigital.com', 'headquarters': '1300 Walnut St Ste 20, Boulder, Colorado, 80302, United States', 'SIC Code': '87,874', 'NAICS Code': '54,541', 'revenue': '<$5M', 'Number of Employees': '<25', 'LinkedIn url': 'http://www.linkedin.com/company/amplio-digital'}
{'company_name_zoominfo': 'Nehmedia', 'website': 'www.nehmedia.com', 'headquarters': '11940 Jollyville Rd Ste 215N, Austin, Texas, 78759, United States', 'SIC Code': '87,874', 'NAICS Code': '54,541', 'revenue': '<$5M', 'Number of Employees': '<25', 'LinkedIn url': 'http://www.linkedin.com/company/nehmedia'}
{'company_name_zoominfo': 'Ally Webbing', 'website': 'www.allywebbing.com', 'headquarters': '387 Coit St, Irvington, New Jersey, 07111, United States', 'SIC Code': '73,731', 'NAICS Code': '54,541', 'revenue': '<$5M', 'Number of Employees': '<25', 'LinkedIn url': 'http://www.linkedin.com/company/ally-webbing'}
{'company_name_zoominfo': 'NotAvailable', 'website': 'NotAvailable', 'headquarters': 'NotAvailable', 'SIC Code': 'NotAvailable', 'NAICS Code': 'NotAvailable', 'revenue': 'NotAvailable', 'Number of Employees': 'NotAvailable', 'LinkedIn url': 'NotAvailable'}
{'company_name_zoominfo': 'NotAvailable', 'website': 'NotAvailable', 'headquarters': 'NotAvailable', 'SIC Code': 'NotAvailable', 'NAICS Code': 'NotAvailable', 'revenue': 'NotAvailable', 'Number of Employees': 'NotAvailable', 'LinkedIn url': 'NotAvailable'}
{'company_name_zoominfo': 'Sharp Notions', 'website': 'www.sharpnotions.com', 'headquarters': '6 N Main St Ste 205, Fairport, New York, 14450, United States', 'SIC Code': '73,737', 'NAICS Code': '54,541', 'revenue': '$6.6M', 'Number of Employees': '25', 'LinkedIn url': 'http://www.linkedin.com/company/sharp-notions-llc'}
{'company_name_zoominfo': 'iAnalyst', 'website': 'www.ianalyst.com', 'headquarters': '14 NE 1st Ave Ste 402, Miami, Florida, 33132, United States', 'SIC Code': '73,731', 'NAICS Code': '54,541', 'revenue': '$15.5M', 'Number of Employees': '<25', 'LinkedIn url': 'http://www.linkedin.com/company/ianalyst.com'}
{'company_name_zoominfo': 'WebMarkets', 'website': 'www.webmarketsonline.com', 'headquarters': '5598 N Eagle Rd Ste 101, Boise, Idaho, 83713, United States', 'SIC Code': '73,738', 'NAICS Code': '54,541', 'revenue': '<$5M', 'Number of Employees': '<25', 'LinkedIn url': 'http://www.linkedin.com/company/2320551'}
{'company_name_zoominfo': '9-Figure Marketing', 'website': 'www.9figuremarketing.com', 'headquarters': '!not-found', 'SIC Code': '73,731', 'NAICS Code': '54,541', 'revenue': '<$5M', 'Number of Employees': '<25', 'LinkedIn url': 'http://www.linkedin.com/company/9figuremarketing'}
{'company_name_zoominfo': 'NotAvailable', 'website': 'NotAvailable', 'headquarters': 'NotAvailable', 'SIC Code': 'NotAvailable', 'NAICS Code': 'NotAvailable', 'revenue': 'NotAvailable', 'Number of Employees': 'NotAvailable', 'LinkedIn url': 'NotAvailable'}
{'company_name_zoominfo': '!not-found', 'website': 'Webaholics', 'headquarters': '!not-found', 'SIC Code': '!not-found', 'NAICS Code': '!not-found', 'revenue': '!not-found', 'Number of Employees': '!not-found', 'LinkedIn url': '!not-found'}
{'company_name_zoominfo': 'Simple Media', 'website': 'www.simplemedia.co', 'headquarters': '14555 Dallas Pkwy Ste 100-258, Dallas, Texas, 75254, United States', 'SIC Code': '73,731', 'NAICS Code': '54,541', 'revenue': '<$5M', 'Number of Employees': '<25', 'LinkedIn url': 'http://www.linkedin.com/company/simple-media-llc'}
{'company_name_zoominfo': '360Partners', 'website': 'www.uncommonlogic.com', 'headquarters': '5926 Balcones Dr Ste 130, Austin, Texas, 78731, United States', 'SIC Code': '87,874', 'NAICS Code': '54,541', 'revenue': '$20.9M', 'Number of Employees': '25', 'LinkedIn url': 'http://www.linkedin.com/company/360partners'}
{'company_name_zoominfo': 'Libre Design', 'website': 'www.libredesign.com', 'headquarters': '829 2nd St Ste B, Encinitas, California, 92024, United States', 'SIC Code': '73,733', 'NAICS Code': '54,541', 'revenue': '$20.3M', 'Number of Employees': '<25', 'LinkedIn url': 'http://www.linkedin.com/company/libre-design'}
{'company_name_zoominfo': 'Grounds for Promotion', 'website': 'www.groundsforpromotion.com', 'headquarters': '2088 Broadway, Boulder, Colorado, 80302, United States', 'SIC Code': '87,874', 'NAICS Code': '54,541', 'revenue': '<$5M', 'Number of Employees': '<25', 'LinkedIn url': 'http://www.linkedin.com/company/grounds-for-promotion'}
{'company_name_zoominfo': 'Aletheia Marketing & Media', 'website': 'www.aletheia-na.com', 'headquarters': '14175 Proton Rd, Dallas, Texas, 75244, United States', 'SIC Code': '87,874', 'NAICS Code': '54,541', 'revenue': '$35M', 'Number of Employees': '40', 'LinkedIn url': 'http://www.linkedin.com/company/aletheia-marketing-media'}
{'company_name_zoominfo': 'Design Studio', 'website': 'www.designstudio.com', 'headquarters': '715 J St Ste 200, San Diego, California, 92101, United States', 'SIC Code': '87,871', 'NAICS Code': '54,541', 'revenue': '<$5M', 'Number of Employees': '<25', 'LinkedIn url': 'http://www.linkedin.com/company/design-studio-network'}
{'company_name_zoominfo': 'NotAvailable', 'website': 'NotAvailable', 'headquarters': 'NotAvailable', 'SIC Code': 'NotAvailable', 'NAICS Code': 'NotAvailable', 'revenue': 'NotAvailable', 'Number of Employees': 'NotAvailable', 'LinkedIn url': 'NotAvailable'}
{'company_name_zoominfo': 'Triomphe Global Marketing', 'website': 'www.vogliomarketing.com', 'headquarters': '2929 1st Ave Ste C, Seattle, Washington, 98121, United States', 'SIC Code': '87,874', 'NAICS Code': '54,541', 'revenue': '<$5M', 'Number of Employees': '<25', 'LinkedIn url': 'http://www.linkedin.com/company/voglio'}
renewing ip
429
2001:67c:6ec:203:192:42:116:186
{'company_name_zoominfo': 'Delegator', 'website': 'www.delegator.com', 'headquarters': '701 Cherry St Ste 300, Chattanooga, Tennessee, 37402, United States', 'SIC Code': '87,874', 'NAICS Code': '54,541', 'revenue': '$5.3M', 'Number of Employees': '<25', 'LinkedIn url': 'http://www.linkedin.com/company/905760'}
{'company_name_zoominfo': 'SN Digitech Pvt', 'website': 'www.sndigitech.com', 'headquarters': '208 N Townsend St, Syracuse, New York, 13203, United States', 'SIC Code': '73,731', 'NAICS Code': '54,541', 'revenue': '$8.8M', 'Number of Employees': '46', 'LinkedIn url': 'http://www.linkedin.com/company/sndigitech'}
{'company_name_zoominfo': 'Evolution Digital', 'website': 'www.evolutiondigital.com', 'headquarters': '7347 S Revere Pkwy Bldg A, Centennial, Colorado, 80112, United States', 'SIC Code': '48,484', 'NAICS Code': '51,515', 'revenue': '$31M', 'Number of Employees': '50', 'LinkedIn url': 'http://www.linkedin.com/company/evolution-digital'}
{'company_name_zoominfo': 'Marketing Doctor', 'website': 'www.mymarketingdoctor.com', 'headquarters': '55 Damon Rd Ste 1, Northampton, Massachusetts, 01060, United States', 'SIC Code': '73,731', 'NAICS Code': '54,541', 'revenue': '<$5M', 'Number of Employees': '<25', 'LinkedIn url': 'http://www.linkedin.com/company/marketing-doctor-inc'}
{'company_name_zoominfo': 'AD-APT Language Solutions', 'website': 'www.ad-aptls.com', 'headquarters': '!not-found', 'SIC Code': '73,737', 'NAICS Code': '51,518', 'revenue': '<$5M', 'Number of Employees': '<25', 'LinkedIn url': '!not-found'}
{'company_name_zoominfo': 'Media Friday', 'website': 'www.mediafriday.net', 'headquarters': '2020 NE 163rd St Ste 300, Miami, Florida, 33162, United States', 'SIC Code': '87,874', 'NAICS Code': '54,541', 'revenue': '$5.8M', 'Number of Employees': '<25', 'LinkedIn url': 'https://www.linkedin.com/company/mediafriday'}
{'company_name_zoominfo': 'Link4LEAD', 'website': 'www.link4lead.com', 'headquarters': '2 Rue Paul Painlevé, Nantes, France, 44000, France', 'SIC Code': '87,874', 'NAICS Code': '54,541', 'revenue': '<$5M', 'Number of Employees': '<25', 'LinkedIn url': 'http://www.linkedin.com/company/link4lead'}
{'company_name_zoominfo': '10X Website', 'website': 'www.10xwebsite.com', 'headquarters': '980 N Federal Hwy #110a, Boca Raton, Florida, 33432, United States', 'SIC Code': '73,733', 'NAICS Code': '54,541', 'revenue': '<$5M', 'Number of Employees': '<25', 'LinkedIn url': 'http://www.linkedin.com/company/10xwebsite'}
{'company_name_zoominfo': 'Coobo Media', 'website': 'www.coobomedia.com', 'headquarters': '9525 Katy Fwy Ste 230, Houston, Texas, 77024, United States', 'SIC Code': '73,733', 'NAICS Code': '54,541', 'revenue': '<$5M', 'Number of Employees': '<25', 'LinkedIn url': 'http://www.linkedin.com/company/coobo-media'}
{'company_name_zoominfo': 'Enradius', 'website': 'www.enradius.com', 'headquarters': "2920 O'donnell St, Baltimore, Maryland, 21224, United States", 'SIC Code': '73,731', 'NAICS Code': '54,541', 'revenue': '<$5M', 'Number of Employees': '<25', 'LinkedIn url': 'http://www.linkedin.com/company/enradius'}
{'company_name_zoominfo': 'Somnio', 'website': 'www.somnio.com', 'headquarters': '11305 Four Points Dr Ste 200 Bldg 2, Austin, Texas, 78726, United Stat...', 'SIC Code': '73,733', 'NAICS Code': '54,541', 'revenue': '$12.2M', 'Number of Employees': '76', 'LinkedIn url': 'http://www.linkedin.com/company/61024'}
{'company_name_zoominfo': 'Mighty Roar', 'website': 'www.mightyroar.com', 'headquarters': '880 Marietta Hwy Ste 630-341, Roswell, Georgia, 30075, United States', 'SIC Code': '73,731', 'NAICS Code': '54,541', 'revenue': '<$5M', 'Number of Employees': '<25', 'LinkedIn url': 'http://www.linkedin.com/company/mightyroar'}
renewing ip
429
2a0b:f4c0:16c:2::1
{'company_name_zoominfo': 'Cryder Marketing + Advertising', 'website': 'www.gocryder.com', 'headquarters': '1224 N Shartel Ave, Oklahoma City, Oklahoma, 73103, United States', 'SIC Code': '73,731', 'NAICS Code': '54,541', 'revenue': '<$5M', 'Number of Employees': '<25', 'LinkedIn url': 'http://www.linkedin.com/company/1726091'}
{'company_name_zoominfo': 'Walker Advertising', 'website': 'www.walkeradvertising.com', 'headquarters': '20101 Hamilton Ave Ste 375, Torrance, California, 90502, United States', 'SIC Code': '73,731', 'NAICS Code': '54,541', 'revenue': '$68M', 'Number of Employees': '200', 'LinkedIn url': 'http://www.linkedin.com/company/walker-advertising'}
{'company_name_zoominfo': 'Block Club', 'website': 'www.blockclub.co', 'headquarters': '185 Wythe Ave, Brooklyn, New York, 11249, United States', 'SIC Code': '73,733', 'NAICS Code': '54,541', 'revenue': '<$5M', 'Number of Employees': '<25', 'LinkedIn url': 'http://www.linkedin.com/company/block-club-creative'}
{'company_name_zoominfo': 'Hallaron Advertising Agency', 'website': 'www.hallaron.com', 'headquarters': '2002 Timberloch Pl Ste 420, The Woodlands, Texas, 77380, United States', 'SIC Code': '73,731', 'NAICS Code': '54,541', 'revenue': '<$5M', 'Number of Employees': '<25', 'LinkedIn url': 'http://www.linkedin.com/company/1064057'}
{'company_name_zoominfo': 'Sonus PR', 'website': 'www.sonuspr.com', 'headquarters': '69 Old St, London, Greater London, EC1V 9HX, United Kingdom', 'SIC Code': '87,874', 'NAICS Code': '54,541', 'revenue': '<$5M', 'Number of Employees': '<25', 'LinkedIn url': 'http://www.linkedin.com/company/sonus-pr'}
{'company_name_zoominfo': 'Van Eperen', 'website': 'www.veandco.com', 'headquarters': '11333 Woodglen Dr Ste 103, Rockville, Maryland, 20852, United States', 'SIC Code': '73,731', 'NAICS Code': '54,541', 'revenue': '<$5M', 'Number of Employees': '<25', 'LinkedIn url': 'http://www.linkedin.com/company/467638'}
{'company_name_zoominfo': 'Pivnet', 'website': 'www.pivnet.net', 'headquarters': '2219 York Rd Ste 200, Timonium, Maryland, 21093, United States', 'SIC Code': '73,731', 'NAICS Code': '54,541', 'revenue': '<$5M', 'Number of Employees': '<25', 'LinkedIn url': 'http://www.linkedin.com/company/pivnet-inc.'}
{'company_name_zoominfo': 'Agenda Global', 'website': 'www.agenda-global.com', 'headquarters': '320 Gold Ave SW Ste 1400, Albuquerque, New Mexico, 87102, United State...', 'SIC Code': '73,731', 'NAICS Code': '56,561', 'revenue': '$5.8M', 'Number of Employees': '<25', 'LinkedIn url': 'http://www.linkedin.com/company/agenda-global'}
{'company_name_zoominfo': 'SEO Experts', 'website': 'www.seoexperts.com', 'headquarters': '100 Rialto Pl Ste 724, Melbourne, Florida, 32901, United States', 'SIC Code': '87,874', 'NAICS Code': '54,541', 'revenue': '$13.3M', 'Number of Employees': '29', 'LinkedIn url': 'http://www.linkedin.com/company/seo-experts-inc'}
{'company_name_zoominfo': 'VT/NH Marketing Group', 'website': 'www.vtnhmg.org', 'headquarters': '479 Barberry Hill Rd, Woodstock, Vermont, 05091, United States', 'SIC Code': '86,861', 'NAICS Code': '81,813', 'revenue': '<$5M', 'Number of Employees': '<25', 'LinkedIn url': 'http://www.linkedin.com/company/vermont-new-hampshire-marketing-group'}
{'company_name_zoominfo': 'The Content Factory', 'website': 'www.contentfac.com', 'headquarters': '2 Washington Ln, Nottingham, New Hampshire, 03290, United States', 'SIC Code': '87,874', 'NAICS Code': '54,541', 'revenue': '<$5M', 'Number of Employees': '<25', 'LinkedIn url': 'http://www.linkedin.com/company/the-content-factory---pittsburgh'}
{'company_name_zoominfo': "D'Story Machine", 'website': 'www.dstorymachine.com', 'headquarters': '20423 Sr 7 Ste F6-470, Boca Raton, Florida, 33498, United States', 'SIC Code': '87,874', 'NAICS Code': '54,541', 'revenue': '<$5M', 'Number of Employees': '<25', 'LinkedIn url': 'http://www.linkedin.com/company/d-story-machine'}
{'company_name_zoominfo': 'Winstar Interactive Media', 'website': 'www.winstarinteractive.com', 'headquarters': '1655 Palm Beach Lakes Blvd Ste 903, West Palm Beach, Florida, 33401, U...', 'SIC Code': '73,731', 'NAICS Code': '54,541', 'revenue': '<$5M', 'Number of Employees': '<25', 'LinkedIn url': 'http://www.linkedin.com/company/winstar-interactive'}
{'company_name_zoominfo': 'Dalai Group', 'website': 'www.dalaigroup.com', 'headquarters': '533 Saint Francis Rd, Towson, Maryland, 21286, United States', 'SIC Code': '87,874', 'NAICS Code': '54,541', 'revenue': '<$5M', 'Number of Employees': '<25', 'LinkedIn url': 'http://www.linkedin.com/company/dalai-group'}
{'company_name_zoominfo': 'Cerami Creative', 'website': 'www.ceramicreative.com', 'headquarters': '421 N 7th St Fl 3, Philadelphia, Pennsylvania, 19123, United States', 'SIC Code': '73,731', 'NAICS Code': '54,541', 'revenue': '<$5M', 'Number of Employees': '<25', 'LinkedIn url': 'http://www.linkedin.com/company/cerami-creative-strategies'}
{'company_name_zoominfo': 'Marketing Matters Inbound', 'website': 'www.marketingmattersinbound.com', 'headquarters': '1608 Menard St, St. Louis, Missouri, 63104, United States', 'SIC Code': '87,874', 'NAICS Code': '54,541', 'revenue': '<$5M', 'Number of Employees': '<25', 'LinkedIn url': 'http://www.linkedin.com/company/marketing-matters-inbound'}
{'company_name_zoominfo': 'Earnest Agency', 'website': 'www.earnest.agency', 'headquarters': '!not-found', 'SIC Code': '87,874', 'NAICS Code': '52,524', 'revenue': '<$5M', 'Number of Employees': '<25', 'LinkedIn url': '!not-found'}
{'company_name_zoominfo': 'Driven360', 'website': 'www.drivenpublicrelations.com', 'headquarters': '1230 Rosecrans Ave 300, Manhattan Beach, California, 90266, United Sta...', 'SIC Code': '87,874', 'NAICS Code': '54,541', 'revenue': '<$5M', 'Number of Employees': '<25', 'LinkedIn url': 'http://www.linkedin.com/company/driven-public-relations'}
renewing ip
429
2620:18c:0:192::216
{'company_name_zoominfo': 'Sales Outcomes', 'website': 'www.salesoutcomes.com', 'headquarters': '2850 Douglas Rd Fl 2, Coral Gables, Florida, 33134, United States', 'SIC Code': '87,874', 'NAICS Code': '54,541', 'revenue': '<$5M', 'Number of Employees': '<25', 'LinkedIn url': 'http://www.linkedin.com/company/salesoutcomes'}
{'company_name_zoominfo': 'ProWebSupport', 'website': 'www.prowebsupport.com', 'headquarters': '2300 E Katella Ave Ste 235, Anaheim, California, 92806, United States', 'SIC Code': '73,737', 'NAICS Code': '81,811', 'revenue': '<$5M', 'Number of Employees': '<25', 'LinkedIn url': '!not-found'}
{'company_name_zoominfo': 'Rave Media', 'website': 'www.ravemedia.com', 'headquarters': '317 6th St, Las Vegas, Nevada, 89101, United States', 'SIC Code': '73,731', 'NAICS Code': '54,541', 'revenue': '<$5M', 'Number of Employees': '<25', 'LinkedIn url': 'http://www.linkedin.com/company/ravemedia'}
{'company_name_zoominfo': 'StraightIn', 'website': 'www.straight-in.co.uk', 'headquarters': '93-101 Bridge St, Manchester, England, M3 2GX, United Kingdom', 'SIC Code': '86,865', 'NAICS Code': '81,813', 'revenue': '<$5M', 'Number of Employees': '<25', 'LinkedIn url': '!not-found'}
{'company_name_zoominfo': 'Scalto', 'website': 'www.scalto.com', 'headquarters': 'Philippines', 'SIC Code': '72,722', 'NAICS Code': '54,541', 'revenue': '<$5M', 'Number of Employees': '<25', 'LinkedIn url': 'http://www.linkedin.com/company/scaltoconsultancy'}
{'company_name_zoominfo': 'Contrast Creative', 'website': 'www.contrastcreative.com', 'headquarters': '2598 Highstone Rd, Cary, North Carolina, 27519, United States', 'SIC Code': '73,731', 'NAICS Code': '51,512', 'revenue': '$5.6M', 'Number of Employees': '<25', 'LinkedIn url': 'http://www.linkedin.com/company/contrast-creative-inc-'}
{'company_name_zoominfo': 'Verb Brands', 'website': 'www.verbchina.com', 'headquarters': '78 Chamber St Fl 5, London, West Virginia, 25126, United States', 'SIC Code': '73,731', 'NAICS Code': '54,541', 'revenue': '<$5M', 'Number of Employees': '<25', 'LinkedIn url': 'http://www.linkedin.com/company/verb-brands-ltd'}
{'company_name_zoominfo': 'Bloop', 'website': 'www.bloop20.co.il', 'headquarters': '7 Levontin, Tel Aviv, Tel Aviv, Israel', 'SIC Code': '51,511', 'NAICS Code': '45,453', 'revenue': '<$5M', 'Number of Employees': '<25', 'LinkedIn url': 'http://www.linkedin.com/company/bloop---social-social-media'}
{'company_name_zoominfo': 'Joonik', 'website': 'www.joonik.com', 'headquarters': '13680 NW 5th St, Sunrise, Florida, 33325, United States', 'SIC Code': '73,737', 'NAICS Code': '54,541', 'revenue': '$13.8M', 'Number of Employees': '45', 'LinkedIn url': 'http://www.linkedin.com/company/joonik'}
{'company_name_zoominfo': 'Velocity Partners', 'website': 'www.velocitypartners.com', 'headquarters': '20 Petersham Rd, Richmond, Greater London, TW10 6UR, United Kingdom', 'SIC Code': '73,731', 'NAICS Code': '54,541', 'revenue': '$17M', 'Number of Employees': '40', 'LinkedIn url': 'http://www.linkedin.com/company/http-www-b2bmarketingpartners-com'}
{'company_name_zoominfo': 'Dagger', 'website': 'dagger.agency', 'headquarters': '746 Willoughby Way NE Ste 100, Atlanta, Georgia, 30312, United States', 'SIC Code': '73,731', 'NAICS Code': '54,541', 'revenue': '$5.7M', 'Number of Employees': '45', 'LinkedIn url': 'http://www.linkedin.com/company/dagger'}
renewing ip
429
2001:67c:6ec:203:192:42:116:201
renewing ip
429
2001:67c:6ec:203:192:42:116:201
renewing ip
429
2a03:94e0:ffff:185:181:61:0:115
{'company_name_zoominfo': 'ParadigmNEXT', 'website': 'www.paradigmnext.com', 'headquarters': '660 Lasalle Pl, Highland Park, Illinois, 60035, United States', 'SIC Code': '87,874', 'NAICS Code': '54,541', 'revenue': '$5.4M', 'Number of Employees': '<25', 'LinkedIn url': 'http://www.linkedin.com/company/life-creative-hq'}
{'company_name_zoominfo': 'Digital Brand Marketing', 'website': 'www.backemarketing.com', 'headquarters': '100 W Matsonford Rd, Wayne, Pennsylvania, 19087, United States', 'SIC Code': '48,489', 'NAICS Code': '51,517', 'revenue': '<$5M', 'Number of Employees': '<25', 'LinkedIn url': 'http://www.linkedin.com/company/46075'}
{'company_name_zoominfo': 'The Mather Group', 'website': 'www.themathergroupllc.com', 'headquarters': '1023 31st St NW Ste 400, Washington, District of Columbia, 20007, Unit...', 'SIC Code': '87,874', 'NAICS Code': '54,541', 'revenue': '<$5M', 'Number of Employees': '<25', 'LinkedIn url': 'http://www.linkedin.com/company/the-mather-group'}
{'company_name_zoominfo': 'Lemonade Stand', 'website': 'www.lemonadestand.org', 'headquarters': '1121 Orem Blvd, Orem, Utah, 84058, United States', 'SIC Code': '87,874', 'NAICS Code': '54,541', 'revenue': '<$5M', 'Number of Employees': '<25', 'LinkedIn url': 'http://www.linkedin.com/company/lemonade-stand-marketing'}
{'company_name_zoominfo': 'PowerPost', 'website': 'www.powerpost.ca', 'headquarters': '4736 8th Line Rr1, Beeton, Ontario, L0G 1A0, Canada', 'SIC Code': '33,331', 'NAICS Code': '33,331', 'revenue': '<$5M', 'Number of Employees': '<25', 'LinkedIn url': '!not-found'}
{'company_name_zoominfo': 'Ghost Media', 'website': 'ghost.inc', 'headquarters': '777 S Alameda Blvd Fl 2, Los Angeles, California, 90012, United States', 'SIC Code': '73,731', 'NAICS Code': '54,541', 'revenue': '$6.1M', 'Number of Employees': '<25', 'LinkedIn url': 'http://www.linkedin.com/company/ghost-media-inc'}
{'company_name_zoominfo': 'Workshop Digital', 'website': 'www.workshopdigital.com', 'headquarters': '947 Myers St Ste B, Richmond, Virginia, 23230, United States', 'SIC Code': '87,874', 'NAICS Code': '54,541', 'revenue': '$7.8M', 'Number of Employees': '<25', 'LinkedIn url': 'http://www.linkedin.com/company/workshop-digital-llc'}
{'company_name_zoominfo': 'The Net Impact', 'website': 'www.thenetimpact.com', 'headquarters': '16690 Swingley Ridge Rd Ste 260, Chesterfield, Missouri, 63017, United...', 'SIC Code': '73,737', 'NAICS Code': '54,541', 'revenue': '$5.3M', 'Number of Employees': '<25', 'LinkedIn url': 'http://www.linkedin.com/company/the-net-impact'}
{'company_name_zoominfo': '530medialab', 'website': 'www.530medialab.com', 'headquarters': '27758 Santa Margarita Pkwy 402, Mission Viejo, California, 92691, Unit...', 'SIC Code': '73,733', 'NAICS Code': '54,541', 'revenue': '<$5M', 'Number of Employees': '<25', 'LinkedIn url': 'http://www.linkedin.com/company/530medialab'}
{'company_name_zoominfo': 'aiCommerce', 'website': 'www.aicommerce.com', 'headquarters': '3500 S Dupont Hwy, Dover, Delaware, 19901, United States', 'SIC Code': '87,874', 'NAICS Code': '54,541', 'revenue': '<$5M', 'Number of Employees': '<25', 'LinkedIn url': 'http://www.linkedin.com/company/11389884'}
{'company_name_zoominfo': 'AOK Marketing', 'website': 'www.aokmarketing.com', 'headquarters': '250 Wincott Dr, Toronto, Ontario, M9R 4C8, Canada', 'SIC Code': '87,874', 'NAICS Code': '54,541', 'revenue': '<$5M', 'Number of Employees': '<25', 'LinkedIn url': 'http://www.linkedin.com/company/aok-marketing-group'}
{'company_name_zoominfo': 'WebMarkets Medical', 'website': 'www.webmarketsmedical.com', 'headquarters': '5598 N Eagle Rd Ste 101, Boise, Idaho, 83713, United States', 'SIC Code': '73,731', 'NAICS Code': '54,541', 'revenue': '<$5M', 'Number of Employees': '<25', 'LinkedIn url': '!not-found'}
