{'company_name_zoominfo': 'Geek Powered Studios', 'website': 'www.geekpoweredstudios.com', 'headquarters': '3709 Promontory Point Dr 206, Austin, Texas, 78744, United States', 'SIC Code': '73,731', 'NAICS Code': '54,541', 'revenue': '<$5M', 'Number of Employees': '<25', 'LinkedIn url': 'http://www.linkedin.com/company/geek-powered-studios'}
{'company_name_zoominfo': 'Commexis', 'website': 'www.commexis.com', 'headquarters': '35 Kings Hwy E Ste 116, Haddonfield, New Jersey, 08033, United States', 'SIC Code': '73,731', 'NAICS Code': '54,541', 'revenue': '<$5M', 'Number of Employees': '<25', 'LinkedIn url': 'http://www.linkedin.com/company/commexis'}
{'company_name_zoominfo': 'NotAvailable', 'website': 'NotAvailable', 'headquarters': 'NotAvailable', 'SIC Code': 'NotAvailable', 'NAICS Code': 'NotAvailable', 'revenue': 'NotAvailable', 'Number of Employees': 'NotAvailable', 'LinkedIn url': 'NotAvailable'}
{'company_name_zoominfo': 'Jemsu', 'website': 'www.jemsu.com', 'headquarters': '720 S Colorado Blvd Ste 105A, Denver, Colorado, 80246, United States', 'SIC Code': '73,731', 'NAICS Code': '54,541', 'revenue': '<$5M', 'Number of Employees': '<25', 'LinkedIn url': 'http://www.linkedin.com/company/jemsu-'}
{'company_name_zoominfo': 'Marketplace Valet', 'website': 'www.marketplacevalet.com', 'headquarters': '240 Teller St, Corona, California, 92879, United States', 'SIC Code': '72,729', 'NAICS Code': '81,812', 'revenue': '$35.2M', 'Number of Employees': '<25', 'LinkedIn url': 'http://www.linkedin.com/company/marketplace-valet'}
{'company_name_zoominfo': 'Livewire', 'website': 'www.livewirenow.com', 'headquarters': '1701 1st Ave N Ste C, Fargo, North Dakota, 58102, United States', 'SIC Code': '79,792', 'NAICS Code': '71,711', 'revenue': '<$5M', 'Number of Employees': '<25', 'LinkedIn url': 'http://www.linkedin.com/company/livewire-entertainment-alexandria-mn'}
renewing ip
429
2620:7:6001::122
{'company_name_zoominfo': 'Fancy Awesome', 'website': 'www.fancyawesome.com', 'headquarters': '1801 E 51st St Ste 365-132, Austin, Texas, 78723, United States', 'SIC Code': '73,738', 'NAICS Code': '54,541', 'revenue': '<$5M', 'Number of Employees': '<25', 'LinkedIn url': 'http://www.linkedin.com/company/fancy-awesome'}
{'company_name_zoominfo': 'Electric Orange Creative', 'website': 'www.electricorangecreative.com', 'headquarters': '61 Greenpoint Ave Ste 505, Brooklyn, New York, 11222, United States', 'SIC Code': '72,729', 'NAICS Code': '54,541', 'revenue': '<$5M', 'Number of Employees': '<25', 'LinkedIn url': 'http://www.linkedin.com/company/electric-orange-creative'}
{'company_name_zoominfo': 'Bowery Boost', 'website': 'www.boweryboost.com', 'headquarters': '90 Bowery Ste 703, New York, New York, 10013, United States', 'SIC Code': '73,737', 'NAICS Code': '51,518', 'revenue': '<$5M', 'Number of Employees': '<25', 'LinkedIn url': '!not-found'}
{'company_name_zoominfo': 'Luminous Tec', 'website': 'www.luminoustec.com', 'headquarters': '2081 Business Center Dr Ste 210, Irvine, California, 92612, United Sta...', 'SIC Code': '73,737', 'NAICS Code': '54,541', 'revenue': '<$5M', 'Number of Employees': '<25', 'LinkedIn url': 'http://www.linkedin.com/company/luminous-tec'}
{'company_name_zoominfo': 'PayPerClick', 'website': 'www.payperclickdigital.com', 'headquarters': '300 Colonial Center Pkwy Ste 100N, Roswell, Georgia, 30067, United Sta...', 'SIC Code': '87,874', 'NAICS Code': '51,518', 'revenue': '<$5M', 'Number of Employees': '<25', 'LinkedIn url': 'https://www.linkedin.com/company/payperclick-digital-marketing-support'}
{'company_name_zoominfo': 'Suite3', 'website': 'www.suite3.com', 'headquarters': '180 Pleasant St Ste 3, Easthampton, Massachusetts, 01027, United State...', 'SIC Code': '73,737', 'NAICS Code': '54,541', 'revenue': '$6.1M', 'Number of Employees': '<25', 'LinkedIn url': 'http://www.linkedin.com/company/innovative-business-systems'}
{'company_name_zoominfo': 'Spin Modern', 'website': 'www.spinmodern.com', 'headquarters': '1432 N Great Neck Rd Ste 202, Virginia Beach, Virginia, 23454, United ...', 'SIC Code': '73,731', 'NAICS Code': '54,541', 'revenue': '<$5M', 'Number of Employees': '<25', 'LinkedIn url': 'http://www.linkedin.com/company/spinmodern'}
{'company_name_zoominfo': 'iSynergy', 'website': 'www.isynergy.io', 'headquarters': '558 E Main St, Canfield, Ohio, 44406, United States', 'SIC Code': '73,731', 'NAICS Code': '54,541', 'revenue': '<$5M', 'Number of Employees': '<25', 'LinkedIn url': 'http://www.linkedin.com/company/isynergy-io'}
{'company_name_zoominfo': 'Grow Team', 'website': 'www.growteam.com', 'headquarters': '401 B St Ste 210, San Diego, California, 92101, United States', 'SIC Code': '73,731', 'NAICS Code': '54,541', 'revenue': '<$5M', 'Number of Employees': '<25', 'LinkedIn url': 'http://www.linkedin.com/company/ability-recruiting-llc'}
{'company_name_zoominfo': 'Zhivago Partners', 'website': 'www.zhivagopartners.com', 'headquarters': '381 Seaside Dr, Jamestown, Rhode Island, 02835, United States', 'SIC Code': '87,874', 'NAICS Code': '54,541', 'revenue': '<$5M', 'Number of Employees': '<25', 'LinkedIn url': '!not-found'}
{'company_name_zoominfo': 'DP Marketing.Services', 'website': 'dpmarketing.services', 'headquarters': '302 Reconciliation Way, Tulsa, Oklahoma, 74120, United States', 'SIC Code': '73,731', 'NAICS Code': '54,541', 'revenue': '<$5M', 'Number of Employees': '<25', 'LinkedIn url': '!not-found'}
('Connection aborted.', RemoteDisconnected('Remote end closed connection without response'))
<class 'UnboundLocalError'>
error in http://webcache.googleusercontent.com/search?q=cache%3Ahttps%3A%2F%2Fwww.zoominfo.com%2Fc%2Fintrepid-digital-llc%2F537218399
local variable 'page_content' referenced before assignment
https://www.zoominfo.com/c/intrepid-digital-llc/537218399
{'company_name_zoominfo': '!unknown-error', 'website': '!unknown-error', 'headquarters': '!unknown-error', 'SIC Code': '!unknown-error', 'NAICS Code': '!unknown-error', 'revenue': '!unknown-error', 'Number of Employees': '!unknown-error', 'LinkedIn url': '!unknown-error'}
renewing ip
429
2a03:e600:100::77
{'company_name_zoominfo': 'Tribeca Marketing Group', 'website': 'www.tribecamarketinggroup.com', 'headquarters': '2001 Hollywood Blvd Ste 209, Hollywood, Florida, 33020, United States', 'SIC Code': '87,874', 'NAICS Code': '54,541', 'revenue': '$8.6M', 'Number of Employees': '<25', 'LinkedIn url': 'http://www.linkedin.com/company/2698454'}
{'company_name_zoominfo': 'i4 Solutions', 'website': 'www.i4.net', 'headquarters': '707 W 700 S Ste 201, Woods Cross, Utah, 84087, United States', 'SIC Code': '87,874', 'NAICS Code': '54,541', 'revenue': '$6.3M', 'Number of Employees': '<25', 'LinkedIn url': 'http://www.linkedin.com/company/i4-solutions-inc-'}
{'company_name_zoominfo': 'AdSearch', 'website': 'adsearch.marketing', 'headquarters': '650 NE Holladay St Ste 1600, Portland, Oregon, 97232, United States', 'SIC Code': '87,874', 'NAICS Code': '54,541', 'revenue': '<$5M', 'Number of Employees': '<25', 'LinkedIn url': 'http://www.linkedin.com/company/adsearch'}
{'company_name_zoominfo': 'Growth Pilots', 'website': 'www.growthpilots.com', 'headquarters': '231 Sansome St Fl 5, San Francisco, California, 94104, United States', 'SIC Code': '87,874', 'NAICS Code': '54,541', 'revenue': '$16.1M', 'Number of Employees': '<25', 'LinkedIn url': 'http://www.linkedin.com/company/growth-pilots'}
{'company_name_zoominfo': 'Reality-Bit Pvt', 'website': 'www.reality-bit.com', 'headquarters': '407a c-4 Amanora Chambers East Amanora Park Town, Gondhale Nagar, Maha...', 'SIC Code': '47,472', 'NAICS Code': '56,561', 'revenue': '$6.4M', 'Number of Employees': '<25', 'LinkedIn url': 'http://www.linkedin.com/company/thebitvr'}
{'company_name_zoominfo': 'Ewm Now', 'website': 'www.ewmnow.com', 'headquarters': '850 S Broadway 901, Los Angeles, California, 90014, United States', 'SIC Code': '72,722', 'NAICS Code': '54,541', 'revenue': '<$5M', 'Number of Employees': '<25', 'LinkedIn url': 'http://www.linkedin.com/company/evolving-world-marketing'}
{'company_name_zoominfo': 'Proceed Innovative', 'website': 'www.proceedinnovative.com', 'headquarters': '1515 E Woodfield Rd Ste 103, Schaumburg, Illinois, 60173, United State...', 'SIC Code': '87,874', 'NAICS Code': '54,541', 'revenue': '$5.2M', 'Number of Employees': '<25', 'LinkedIn url': 'http://www.linkedin.com/company/proceed-innovative-llc'}
{'company_name_zoominfo': 'FourFront', 'website': 'www.fourfront.us', 'headquarters': '137 Berkley St, Philadelphia, Pennsylvania, 19144, United States', 'SIC Code': '73,737', 'NAICS Code': '54,541', 'revenue': '$6.8M', 'Number of Employees': '<25', 'LinkedIn url': 'http://www.linkedin.com/company/fourfront-llc'}
{'company_name_zoominfo': 'Recruitics', 'website': 'www.recruitics.com', 'headquarters': '40 Danbury Rd Fl 1, Wilton, Connecticut, 06897, United States', 'SIC Code': '73,731', 'NAICS Code': '54,541', 'revenue': '$25.5M', 'Number of Employees': '85', 'LinkedIn url': 'http://www.linkedin.com/company/recruitics'}
{'company_name_zoominfo': 'Fortress Brand', 'website': 'www.fortressbrand.com', 'headquarters': '31 Howard St, New York City, New York, 10013, United States', 'SIC Code': '87,874', 'NAICS Code': '54,541', 'revenue': '$37.6M', 'Number of Employees': '<25', 'LinkedIn url': 'http://www.linkedin.com/company/fortressbrand'}
{'company_name_zoominfo': 'Social Sensei', 'website': 'www.socialsensei.co', 'headquarters': '226 W Ojai Ave Ste 101 519, Ojai, California, 93023, United States', 'SIC Code': '87,874', 'NAICS Code': '54,541', 'revenue': '<$5M', 'Number of Employees': '<25', 'LinkedIn url': 'http://www.linkedin.com/company/social-sensei'}
{'company_name_zoominfo': 'Rise Marketing', 'website': 'www.rise-marketing.com', 'headquarters': 'n6209 Kay K Rd, Belgium, Wisconsin, 53004, United States', 'SIC Code': '87,874', 'NAICS Code': '54,541', 'revenue': '<$5M', 'Number of Employees': '<25', 'LinkedIn url': '!not-found'}
renewing ip
429
2a03:e600:100::67
{'company_name_zoominfo': 'Childress Agency', 'website': 'www.childressagency.com', 'headquarters': '417 Wolfe St, Fredericksburg, Virginia, 22401, United States', 'SIC Code': '73,731', 'NAICS Code': '54,541', 'revenue': '<$5M', 'Number of Employees': '<25', 'LinkedIn url': 'http://www.linkedin.com/company/the-childress-agency-inc-'}
{'company_name_zoominfo': 'CAE Marketing & Consulting', 'website': 'www.caemarketing.com', 'headquarters': '150 E Palmetto Park Rd Ste 800, Boca Raton, Florida, 33432, United Sta...', 'SIC Code': '87,874', 'NAICS Code': '54,541', 'revenue': '<$5M', 'Number of Employees': '<25', 'LinkedIn url': '!not-found'}
{'company_name_zoominfo': '!not-found', 'website': '!not-found', 'headquarters': '!not-found', 'SIC Code': '!not-found', 'NAICS Code': '!not-found', 'revenue': '!not-found', 'Number of Employees': '!not-found', 'LinkedIn url': '!not-found'}
{'company_name_zoominfo': 'ROAR! Internet Marketing', 'website': 'www.roarwebdesign.com', 'headquarters': '307 Cranes Roost Blvd Ste 2020, Altamonte Springs, Florida, 32701, Uni...', 'SIC Code': '73,731', 'NAICS Code': '54,541', 'revenue': '$5M', 'Number of Employees': '<25', 'LinkedIn url': 'http://www.linkedin.com/company/roar-internet-marketing'}
{'company_name_zoominfo': 'Creactive', 'website': 'www.creactiveinc.com', 'headquarters': '16541 Gothard St Ste 108, Huntington Beach, California, 92647, United ...', 'SIC Code': '27,271', 'NAICS Code': '51,519', 'revenue': '<$5M', 'Number of Employees': '46', 'LinkedIn url': 'http://www.linkedin.com/company/creactive-inc-'}
{'company_name_zoominfo': 'Seolevelup', 'website': 'www.seolevelup.com', 'headquarters': '17w251 Elder Ln, Oakbrook Terrace, Illinois, 60181, United States', 'SIC Code': '87,874', 'NAICS Code': '54,541', 'revenue': '<$5M', 'Number of Employees': '<25', 'LinkedIn url': 'http://www.linkedin.com/company/seolevelup'}
{'company_name_zoominfo': 'Meli Marketing', 'website': 'www.melimarketing.com', 'headquarters': '23501 Cinco Ranch Blvd Ste G235, Katy, Texas, 77494, United States', 'SIC Code': '73,731', 'NAICS Code': '54,541', 'revenue': '<$5M', 'Number of Employees': '<25', 'LinkedIn url': 'http://www.linkedin.com/company/neocaptiva-marketing'}
{'company_name_zoominfo': '360Searchvertising', 'website': 'www.360searchvertising.com', 'headquarters': '244 5th Ave Ste 200, New York, New York, 10001, United States', 'SIC Code': '73,733', 'NAICS Code': '54,541', 'revenue': '<$5M', 'Number of Employees': '<25', 'LinkedIn url': 'http://www.linkedin.com/company/360searchvertising'}
{'company_name_zoominfo': 'Mad Hat Maven', 'website': 'www.madhatmaven.com', 'headquarters': '616 Hawthorne St, Houston, Texas, 77006, United States', 'SIC Code': '48,489', 'NAICS Code': '51,517', 'revenue': '<$5M', 'Number of Employees': '<25', 'LinkedIn url': 'http://www.linkedin.com/company/madhatmaven'}
{'company_name_zoominfo': 'PosiRank', 'website': 'www.posirank.com', 'headquarters': 'PO Box 475, Glen Burnie, Maryland, 21061, United States', 'SIC Code': '73,731', 'NAICS Code': '54,541', 'revenue': '$5.3M', 'Number of Employees': '<25', 'LinkedIn url': 'http://www.linkedin.com/company/posirank-llc'}
{'company_name_zoominfo': 'Forum Digital', 'website': 'www.forumdigital.net', 'headquarters': '!not-found', 'SIC Code': '73,737', 'NAICS Code': '54,541', 'revenue': '<$5M', 'Number of Employees': '<25', 'LinkedIn url': '!not-found'}
renewing ip
429
2620:18c:0:192::135
renewing ip
429
2001:67c:6ec:203:192:42:116:175
renewing ip
429
2001:67c:6ec:203:192:42:116:175
renewing ip
429
2a0b:f4c2:1::1
renewing ip
429
2a0b:f4c2:1::1
renewing ip
429
2001:67c:6ec:203:192:42:116:196
renewing ip
429
2a06:1700:0:12::4
{'company_name_zoominfo': 'Firebrand', 'website': 'www.firebrand.net', 'headquarters': '825 Nicollet Mall Ste 1050, Minneapolis, Minnesota, 55402, United Stat...', 'SIC Code': '87,874', 'NAICS Code': '54,541', 'revenue': '<$5M', 'Number of Employees': '<25', 'LinkedIn url': 'http://www.linkedin.com/company/firebrand'}
{'company_name_zoominfo': 'MedTech Momentum', 'website': 'www.medtechmomentum.com', 'headquarters': '377 Maitland Ave Ste 1015, Altamonte Springs, Florida, 32701, United S...', 'SIC Code': '48,489', 'NAICS Code': '51,517', 'revenue': '<$5M', 'Number of Employees': '<25', 'LinkedIn url': 'http://www.linkedin.com/company/medtech-momentum'}
{'company_name_zoominfo': '!not-found', 'website': '!not-found', 'headquarters': '!not-found', 'SIC Code': '!not-found', 'NAICS Code': '!not-found', 'revenue': '!not-found', 'Number of Employees': '!not-found', 'LinkedIn url': '!not-found'}
{'company_name_zoominfo': 'Locomotive Agency', 'website': 'locomotive.agency', 'headquarters': '225 N Salem St 122, Apex, North Carolina, 27502, United States', 'SIC Code': '87,874', 'NAICS Code': '54,541', 'revenue': '<$5M', 'Number of Employees': '<25', 'LinkedIn url': 'http://www.linkedin.com/company/2524199'}
{'company_name_zoominfo': 'Bizzuka', 'website': 'www.bizzuka.com', 'headquarters': '105 Chapel Dr Ste 300, Lafayette, Louisiana, 70506, United States', 'SIC Code': '48,481', 'NAICS Code': '51,517', 'revenue': '$5.4M', 'Number of Employees': '25', 'LinkedIn url': 'http://www.linkedin.com/company/bizzuka'}
{'company_name_zoominfo': 'Van Bram', 'website': 'www.vanbram.co', 'headquarters': 'Protected for All Opportunities., Washington, District of Columbia, 11...', 'SIC Code': '73,731', 'NAICS Code': '54,541', 'revenue': '<$5M', 'Number of Employees': '<25', 'LinkedIn url': '!not-found'}
{'company_name_zoominfo': 'Council Fire', 'website': 'www.councilfire.org', 'headquarters': '428 4th St Ste 3, Annapolis, Maryland, 21403, United States', 'SIC Code': '92,922', 'NAICS Code': '92,922', 'revenue': '<$5M', 'Number of Employees': '<25', 'LinkedIn url': 'http://www.linkedin.com/company/council-fire'}
{'company_name_zoominfo': 'Nethram', 'website': 'www.nethram.com', 'headquarters': '1250 Oakmead Pkwy Ste 210, Sunnyvale, California, 94085, United States', 'SIC Code': '48,481', 'NAICS Code': '51,517', 'revenue': '$5.5M', 'Number of Employees': '<25', 'LinkedIn url': '!not-found'}
{'company_name_zoominfo': 'Hybrid Marketing', 'website': 'www.hybridmarketingco.com', 'headquarters': '1001 16th St, Denver, Colorado, 80265, United States', 'SIC Code': '87,874', 'NAICS Code': '54,541', 'revenue': '<$5M', 'Number of Employees': '<25', 'LinkedIn url': '!not-found'}
renewing ip
429
2a0b:f4c2:2::34
renewing ip
429
2a0b:f4c1:2::243
renewing ip
429
2a06:1700:0:12::3
renewing ip
429
2a0b:f4c1:2::243
renewing ip
429
2a0b:f4c1:2::243
renewing ip
429
2a0b:f4c2:1::1
renewing ip
429
2001:ba0:1800:80ac::1
{'company_name_zoominfo': 'Refine Labs', 'website': 'www.refinelabs.com', 'headquarters': '131 Seaport Blvd. Ph1c, Boston, Massachusetts, 02210, United States', 'SIC Code': '87,874', 'NAICS Code': '54,541', 'revenue': '<$5M', 'Number of Employees': '<25', 'LinkedIn url': 'http://www.linkedin.com/company/refine-labs'}
{'company_name_zoominfo': 'ApexDrop', 'website': 'www.apexdrop.com', 'headquarters': '900 State St Ste 308I, Erie, Pennsylvania, 16501, United States', 'SIC Code': '73,731', 'NAICS Code': '54,541', 'revenue': '$16.2M', 'Number of Employees': '33', 'LinkedIn url': 'http://www.linkedin.com/company/apexdrop'}
{'company_name_zoominfo': 'Brown Bag Marketing', 'website': 'www.brownbagmarketing.com', 'headquarters': '3340 Peachtree Rd NE Ste 2960, Atlanta, Georgia, 30326, United States', 'SIC Code': '87,874', 'NAICS Code': '54,541', 'revenue': '$10.5M', 'Number of Employees': '55', 'LinkedIn url': 'http://www.linkedin.com/company/brown-bag-marketing'}
{'company_name_zoominfo': 'Eyemagine', 'website': 'www.eyemaginetech.com', 'headquarters': '1600 Dove St Ste 110, Newport Beach, California, 92660, United States', 'SIC Code': '73,731', 'NAICS Code': '54,541', 'revenue': '<$5M', 'Number of Employees': '<25', 'LinkedIn url': 'http://www.linkedin.com/company/1300575'}
{'company_name_zoominfo': 'Valorous Circle', 'website': 'www.valorouswebdesign.com', 'headquarters': '2922 Fuller Ave NW Ste 103, Grand Rapids, Michigan, 49505, United Stat...', 'SIC Code': '73,737', 'NAICS Code': '54,541', 'revenue': '<$5M', 'Number of Employees': '<25', 'LinkedIn url': 'http://www.linkedin.com/company/valorous-circle'}
{'company_name_zoominfo': 'DRH Media', 'website': 'www.nymbleagency.com', 'headquarters': '!not-found', 'SIC Code': '48,489', 'NAICS Code': '51,517', 'revenue': '$6.1M', 'Number of Employees': '<25', 'LinkedIn url': 'http://www.linkedin.com/company/nymbleagency'}
{'company_name_zoominfo': 'Gorilla 76', 'website': 'www.gorilla76.com', 'headquarters': '408 N Euclid Ave Fl 3, St. Louis, Missouri, 63108, United States', 'SIC Code': '87,874', 'NAICS Code': '54,541', 'revenue': '<$5M', 'Number of Employees': '<25', 'LinkedIn url': 'http://www.linkedin.com/company/gorilla-76'}
{'company_name_zoominfo': 'Outburst Advertising', 'website': 'www.outburstadvertising.com', 'headquarters': '5003 John Stockbauer Dr Ste J, Victoria, Texas, 77904, United States', 'SIC Code': '73,731', 'NAICS Code': '54,541', 'revenue': '<$5M', 'Number of Employees': '<25', 'LinkedIn url': 'http://www.linkedin.com/company/outburst-advertising'}
{'company_name_zoominfo': 'MarketSmiths', 'website': 'www.marketsmiths.com', 'headquarters': 'Suites 37 Greenpoint Ave 506-507, Brooklyn, New York, 11222, United St...', 'SIC Code': '73,738', 'NAICS Code': '56,561', 'revenue': '<$5M', 'Number of Employees': '<25', 'LinkedIn url': 'http://www.linkedin.com/company/marketsmiths'}
{'company_name_zoominfo': 'Marketing Ninjas', 'website': 'www.yelp.com/biz/marketing-ninjas-denver', 'headquarters': '9650 20 Ave 202, Edmonton, Alberta, T6K 2W5, Canada', 'SIC Code': '87,874', 'NAICS Code': '54,541', 'revenue': '$5.9M', 'Number of Employees': '<25', 'LinkedIn url': 'http://www.linkedin.com/company/marketing-ninjas'}
{'company_name_zoominfo': 'Actual Agency', 'website': 'actual.agency', 'headquarters': '44 Montgomery St Ste 300, San Francisco, California, 94104, United Sta...', 'SIC Code': '87,874', 'NAICS Code': '54,541', 'revenue': '<$5M', 'Number of Employees': '<25', 'LinkedIn url': 'http://www.linkedin.com/company/actual--integrated-communications-for-enterprise-and-consumer-tech-brands'}
{'company_name_zoominfo': 'Zapwater Communications', 'website': 'www.zapwater.com', 'headquarters': '118 N Peoria St Ste 4N, Chicago, Illinois, 60607, United States', 'SIC Code': '87,874', 'NAICS Code': '54,541', 'revenue': '$6M', 'Number of Employees': '27', 'LinkedIn url': 'http://www.linkedin.com/company/zapwater-communications'}
{'company_name_zoominfo': 'Social Tribe', 'website': 'www.social-tribe.com', 'headquarters': '548 Market St 22042, San Francisco, California, 94104, United States', 'SIC Code': '73,731', 'NAICS Code': '54,541', 'revenue': '<$5M', 'Number of Employees': '<25', 'LinkedIn url': 'http://www.linkedin.com/company/social-tribe'}
{'company_name_zoominfo': 'Allyn Media', 'website': 'www.allynmedia.com', 'headquarters': '3838 Oak Lawn Ave Ste 400, Dallas, Texas, 75219, United States', 'SIC Code': '87,874', 'NAICS Code': '54,541', 'revenue': '<$5M', 'Number of Employees': '<25', 'LinkedIn url': 'http://www.linkedin.com/company/allyn-media'}
{'company_name_zoominfo': 'Schermer', 'website': 'www.schermer.co', 'headquarters': '12 N 12th St Ste 400, Minneapolis, Minnesota, 55403, United States', 'SIC Code': '73,731', 'NAICS Code': '54,541', 'revenue': '$11.9M', 'Number of Employees': '<25', 'LinkedIn url': 'http://www.linkedin.com/company/schermer-kuehl'}
renewing ip
429
2001:67c:6ec:203:192:42:116:186
{'company_name_zoominfo': 'Codesm', 'website': 'codesm.marketing', 'headquarters': '4002 N Jackson Rd 4002, Pharr, Texas, 78577, United States', 'SIC Code': '87,874', 'NAICS Code': '54,541', 'revenue': '<$5M', 'Number of Employees': '<25', 'LinkedIn url': 'http://www.linkedin.com/company/codesm'}
{'company_name_zoominfo': 'Newport News', 'website': 'www.seniorstraighttalk.com', 'headquarters': '804 Omni Blvd Ste 200, Newport News, Virginia, 23606, United States', 'SIC Code': '27,271', 'NAICS Code': '51,53', 'revenue': '$11.1M', 'Number of Employees': '44', 'LinkedIn url': '!not-found'}
{'company_name_zoominfo': 'Eighty Three Creative', 'website': 'www.eightythreecreative.com', 'headquarters': '400 S Record St Ste 400, Dallas, Texas, 75202, United States', 'SIC Code': '87,874', 'NAICS Code': '54,541', 'revenue': '$13.6M', 'Number of Employees': '65', 'LinkedIn url': 'http://www.linkedin.com/company/eighty-three-creative'}
{'company_name_zoominfo': 'Moving Minds', 'website': 'www.movingminds.io', 'headquarters': '700 S Rosemary Ave Ste 204, West Palm Beach, Florida, 33401, United St...', 'SIC Code': '73,733', 'NAICS Code': '54,541', 'revenue': '$5.9M', 'Number of Employees': '<25', 'LinkedIn url': 'http://www.linkedin.com/company/moving-minds_2'}
{'company_name_zoominfo': 'Real Estate Virtual Experts', 'website': 'www.realestatevirtualexperts.com', 'headquarters': '2040 Croghan Dr, Carnegie, Pennsylvania, 15106, United States', 'SIC Code': '65,653', 'NAICS Code': '53,531', 'revenue': '$5.7M', 'Number of Employees': '<25', 'LinkedIn url': '!not-found'}
{'company_name_zoominfo': 'Yellow House Consulting', 'website': 'www.yellowhouseconsulting.com', 'headquarters': '406 N Steele St, Sanford, North Carolina, 27330, United States', 'SIC Code': '73,731', 'NAICS Code': '54,541', 'revenue': '<$5M', 'Number of Employees': '<25', 'LinkedIn url': '!not-found'}
{'company_name_zoominfo': 'Baru Advertising', 'website': 'www.yelp.com/biz/bar%c3%ba-advertising-culver-city', 'headquarters': '8695 Washington Blvd Ste 208, Culver City, California, 90232, United S...', 'SIC Code': '73,731', 'NAICS Code': '54,541', 'revenue': '<$5M', 'Number of Employees': '<25', 'LinkedIn url': 'http://www.linkedin.com/company/baru-advertising'}
{'company_name_zoominfo': 'MediaJel', 'website': 'www.mediajel.com', 'headquarters': '1475 N Broadway St Ste 420, Walnut Creek, California, 94596, United St...', 'SIC Code': '73,731', 'NAICS Code': '54,541', 'revenue': '$17M', 'Number of Employees': '30', 'LinkedIn url': 'http://www.linkedin.com/company/mediajel'}
{'company_name_zoominfo': 'Assist-o', 'website': 'www.assist-o.com', 'headquarters': '11 Story St, Cambridge, Massachusetts, 02138, United States', 'SIC Code': '73,738', 'NAICS Code': '56,561', 'revenue': '$7.4M', 'Number of Employees': '27', 'LinkedIn url': 'http://www.linkedin.com/company/49078362'}
{'company_name_zoominfo': 'Agency Fifty3', 'website': 'www.agencyfifty3.com', 'headquarters': '4100 E Mississippi Ave Fl 7, Denver, Colorado, 80246, United States', 'SIC Code': '73,731', 'NAICS Code': '54,541', 'revenue': '<$5M', 'Number of Employees': '<25', 'LinkedIn url': 'http://www.linkedin.com/company/agency-fifty3'}
{'company_name_zoominfo': 'Lunge Marketing', 'website': 'www.lungemarketing.com', 'headquarters': '15600 Redmond Way Ste 203, Redmond, Washington, 98052, United States', 'SIC Code': '87,874', 'NAICS Code': '54,541', 'revenue': '<$5M', 'Number of Employees': '<25', 'LinkedIn url': 'http://www.linkedin.com/company/lunge-marketing'}
{'company_name_zoominfo': 'Johnson Marketing', 'website': 'www.johnsonmarketing.nl', 'headquarters': 'Netherlands', 'SIC Code': '73,731', 'NAICS Code': '54,541', 'revenue': '<$5M', 'Number of Employees': '<25', 'LinkedIn url': 'https://www.linkedin.com/company/johnsonmarketingnl'}
renewing ip
429
2a0b:f4c0:16c:2::1
{'company_name_zoominfo': 'King Fish Media', 'website': 'www.kingfishmedia.com', 'headquarters': '900 Cummings Ctr Ste 307V, Beverly, Massachusetts, 01915, United State...', 'SIC Code': '73,731', 'NAICS Code': '54,541', 'revenue': '<$5M', 'Number of Employees': '<25', 'LinkedIn url': 'http://www.linkedin.com/company/king-fish-media'}
('Connection aborted.', RemoteDisconnected('Remote end closed connection without response'))
<class 'UnboundLocalError'>
error in http://webcache.googleusercontent.com/search?q=cache%3Ahttps%3A%2F%2Fwww.zoominfo.com%2Fc%2Fjigsaw-llc%2F345587230
local variable 'page_content' referenced before assignment
https://www.zoominfo.com/c/jigsaw-llc/345587230
{'company_name_zoominfo': '!unknown-error', 'website': '!unknown-error', 'headquarters': '!unknown-error', 'SIC Code': '!unknown-error', 'NAICS Code': '!unknown-error', 'revenue': '!unknown-error', 'Number of Employees': '!unknown-error', 'LinkedIn url': '!unknown-error'}
{'company_name_zoominfo': 'SunnyBoy Entertainment', 'website': 'www.sunnyboyentertainment.com', 'headquarters': '230 E Union St, Pasadena, California, 91101, United States', 'SIC Code': '78,781', 'NAICS Code': '51,512', 'revenue': '<$5M', 'Number of Employees': '<25', 'LinkedIn url': 'http://www.linkedin.com/company/sunnyboy-entertainment'}
{'company_name_zoominfo': 'Firebrand Media', 'website': 'www.firebrandmediainc.com', 'headquarters': '580 Broadway St Ste 301, Laguna Beach, California, 92651, United State...', 'SIC Code': '27,272', 'NAICS Code': '51,511', 'revenue': '$18M', 'Number of Employees': '<25', 'LinkedIn url': 'http://www.linkedin.com/company/4001216'}
{'company_name_zoominfo': 'Mabus Agency', 'website': 'www.mabusagency.com', 'headquarters': '71 S Green St, Tupelo, Mississippi, 38804, United States', 'SIC Code': '73,731', 'NAICS Code': '52,524', 'revenue': '$7.2M', 'Number of Employees': '<25', 'LinkedIn url': 'http://www.linkedin.com/company/mabus-agency'}
{'company_name_zoominfo': 'The Skyline Agency', 'website': 'www.theskylineagency.com', 'headquarters': '1529 Dragon St, Dallas, Texas, 75207, United States', 'SIC Code': '73,731', 'NAICS Code': '54,541', 'revenue': '<$5M', 'Number of Employees': '<25', 'LinkedIn url': 'http://www.linkedin.com/company/skyline-agency'}
{'company_name_zoominfo': 'ZLR Ignition', 'website': 'www.zlrignition.com', 'headquarters': '303 Watson Powell Jr Way Ste 100, Des Moines, Iowa, 50309, United Stat...', 'SIC Code': '73,731', 'NAICS Code': '54,541', 'revenue': '$5.8M', 'Number of Employees': '<25', 'LinkedIn url': 'http://www.linkedin.com/company/zlr-ignition'}
{'company_name_zoominfo': 'Assedo Consulting', 'website': 'www.assedollc.com', 'headquarters': '6100 Chevy Chase Dr Ste 101, Laurel, Maryland, 20707, United States', 'SIC Code': '87,874', 'NAICS Code': '54,541', 'revenue': '<$5M', 'Number of Employees': '<25', 'LinkedIn url': 'http://www.linkedin.com/company/assedo-consulting-llc'}
{'company_name_zoominfo': 'Agency Elephorms', 'website': 'www.agencyelephorms.com', 'headquarters': '800 N Rainbow 110, Las Vegas, Nevada, 89107, United States', 'SIC Code': '73,738', 'NAICS Code': '56,561', 'revenue': '<$5M', 'Number of Employees': '<25', 'LinkedIn url': '!not-found'}
{'company_name_zoominfo': 'Japanbuzz', 'website': 'www.japanbuzz.info', 'headquarters': '144 New Kings Rd, London, Greater London, SW6 4LZ, United Kingdom', 'SIC Code': '73,731', 'NAICS Code': '54,541', 'revenue': '<$5M', 'Number of Employees': '<25', 'LinkedIn url': 'http://www.linkedin.com/company/japan-buzz'}
{'company_name_zoominfo': 'Collective London', 'website': 'www.collectiveworld.com', 'headquarters': '99 Hudson St Fl 5, New York, New York, 10013, United States', 'SIC Code': '51,513', 'NAICS Code': '42,424', 'revenue': '$8M', 'Number of Employees': '<25', 'LinkedIn url': 'http://www.linkedin.com/company/acollectiveworld'}
{'company_name_zoominfo': 'Launchpad', 'website': 'www.lpnyc.com', 'headquarters': '119 W 24th St Fl 4, New York, New York, 10011, United States', 'SIC Code': '73,731', 'NAICS Code': '54,541', 'revenue': '<$5M', 'Number of Employees': '<25', 'LinkedIn url': 'http://www.linkedin.com/company/launchpad-advertising'}
{'company_name_zoominfo': 'NotAvailable', 'website': 'NotAvailable', 'headquarters': 'NotAvailable', 'SIC Code': 'NotAvailable', 'NAICS Code': 'NotAvailable', 'revenue': 'NotAvailable', 'Number of Employees': 'NotAvailable', 'LinkedIn url': 'NotAvailable'}
{'company_name_zoominfo': 'BOLD Communication and Marketing', 'website': 'www.boldberlin.com', 'headquarters': '68 Torstrasse, Berlin, Berlin, 10119, Germany', 'SIC Code': '73,731', 'NAICS Code': '54,541', 'revenue': '<$5M', 'Number of Employees': '<25', 'LinkedIn url': 'http://www.linkedin.com/company/bold-communications-&-marketing'}
{'company_name_zoominfo': 'Tipton Communications', 'website': 'www.tiptonhealth.com', 'headquarters': '323 E Main St, Newark, Delaware, 19711, United States', 'SIC Code': '48,489', 'NAICS Code': '51,517', 'revenue': '$16.1M', 'Number of Employees': '<25', 'LinkedIn url': 'http://www.linkedin.com/company/tipton-communications'}
{'company_name_zoominfo': 'NotAvailable', 'website': 'NotAvailable', 'headquarters': 'NotAvailable', 'SIC Code': 'NotAvailable', 'NAICS Code': 'NotAvailable', 'revenue': 'NotAvailable', 'Number of Employees': 'NotAvailable', 'LinkedIn url': 'NotAvailable'}
{'company_name_zoominfo': 'All Around Creative', 'website': 'www.allaroundcreative.com', 'headquarters': '105 Atsion Rd Ste J, Medford, New Jersey, 08055, United States', 'SIC Code': '73,731', 'NAICS Code': '54,541', 'revenue': '$5.4M', 'Number of Employees': '<25', 'LinkedIn url': 'http://www.linkedin.com/company/all-around-creative-inc.'}
{'company_name_zoominfo': "Seal's", 'website': 'www.seal.network', 'headquarters': '250 Singel, Amsterdam, North Holland, Netherlands', 'SIC Code': '30,305', 'NAICS Code': '33,339', 'revenue': '<$5M', 'Number of Employees': '<25', 'LinkedIn url': 'http://www.linkedin.com/company/sealnetwork'}
{'company_name_zoominfo': 'Harlo Interactive', 'website': 'www.harlointeractive.com', 'headquarters': '850 SE 3rd Ave Ste 403, Portland, Oregon, 97214, United States', 'SIC Code': '73,733', 'NAICS Code': '54,541', 'revenue': '<$5M', 'Number of Employees': '<25', 'LinkedIn url': 'http://www.linkedin.com/company/harlo-interactive'}
{'company_name_zoominfo': 'D/cal', 'website': 'www.dcalagency.com', 'headquarters': '500 Griswold St Fl 38, Detroit, Michigan, 48226, United States', 'SIC Code': '73,731', 'NAICS Code': '54,541', 'revenue': '<$5M', 'Number of Employees': '<25', 'LinkedIn url': '!not-found'}
{'company_name_zoominfo': 'Bombay Tools', 'website': 'www.bombaytools1942.com', 'headquarters': 'India', 'SIC Code': '50,508', 'NAICS Code': '42,423', 'revenue': '<$5M', 'Number of Employees': '<25', 'LinkedIn url': '!not-found'}
{'company_name_zoominfo': 'NotAvailable', 'website': 'NotAvailable', 'headquarters': 'NotAvailable', 'SIC Code': 'NotAvailable', 'NAICS Code': 'NotAvailable', 'revenue': 'NotAvailable', 'Number of Employees': 'NotAvailable', 'LinkedIn url': 'NotAvailable'}
renewing ip
429
2620:18c:0:192::216
{'company_name_zoominfo': 'Adapting Social', 'website': 'www.adaptingsocial.com', 'headquarters': '603 Mattison Ave Fl 5, Asbury Park, New Jersey, 07712, United States', 'SIC Code': '87,874', 'NAICS Code': '54,541', 'revenue': '<$5M', 'Number of Employees': '<25', 'LinkedIn url': 'http://www.linkedin.com/company/adapting-social-llc'}
{'company_name_zoominfo': 'Rare Bird', 'website': 'www.rarebirdlit.com', 'headquarters': '200 S Rangeline Rd Ste 244, Carmel, Indiana, 46032, United States', 'SIC Code': '73,737', 'NAICS Code': '54,541', 'revenue': '<$5M', 'Number of Employees': '<25', 'LinkedIn url': 'http://www.linkedin.com/company/rare-bird-inc-'}
{'company_name_zoominfo': 'Kruskopf', 'website': 'www.kctruth.com', 'headquarters': '310 4th Ave S Fl 2, Minneapolis, Minnesota, 55415, United States', 'SIC Code': '73,731', 'NAICS Code': '54,541', 'revenue': '$15M', 'Number of Employees': '<25', 'LinkedIn url': 'http://www.linkedin.com/company/kruskopf-&-company'}
{'company_name_zoominfo': 'Hoffmann Murtaugh Advertising', 'website': 'www.hoffmannmurtaugh.com', 'headquarters': '100 S Commons Ste 102, Pittsburgh, Pennsylvania, 15212, United States', 'SIC Code': '73,731', 'NAICS Code': '54,541', 'revenue': '<$5M', 'Number of Employees': '<25', 'LinkedIn url': 'http://www.linkedin.com/company/hoffmann-murtaugh-advertising'}
{'company_name_zoominfo': 'Overly', 'website': 'www.overlyapp.com', 'headquarters': 'Artilerijas St, 3-K2, Riga, LV-1001, Latvia', 'SIC Code': '27,274', 'NAICS Code': '51,511', 'revenue': '<$5M', 'Number of Employees': '<25', 'LinkedIn url': 'http://www.linkedin.com/company/overly'}
{'company_name_zoominfo': 'BECK Digital', 'website': 'www.beckdigital.com', 'headquarters': '211 N Main St Ste B, Greenville, South Carolina, 29601, United States', 'SIC Code': '73,737', 'NAICS Code': '54,541', 'revenue': '$5.7M', 'Number of Employees': '<25', 'LinkedIn url': 'http://www.linkedin.com/company/beck-digital'}
{'company_name_zoominfo': 'Drifting Creatives', 'website': 'www.driftingcreatives.com', 'headquarters': '909 Harvey Rd Ste D, College Station, Texas, 77840, United States', 'SIC Code': '73,733', 'NAICS Code': '54,541', 'revenue': '<$5M', 'Number of Employees': '<25', 'LinkedIn url': 'http://www.linkedin.com/company/drifting-creatives'}
{'company_name_zoominfo': 'Inthink', 'website': 'www.inthinkagency.com', 'headquarters': '20 Franklin St Ste 100, Worcester, Massachusetts, 01608, United States', 'SIC Code': '73,731', 'NAICS Code': '54,541', 'revenue': '$5M', 'Number of Employees': '<25', 'LinkedIn url': 'http://www.linkedin.com/company/inthink-agency'}
{'company_name_zoominfo': 'Kounterattack', 'website': 'www.kounterattack.com', 'headquarters': '636 Broadway Ste 1119, New York, New York, 10012, United States', 'SIC Code': '73,733', 'NAICS Code': '54,541', 'revenue': '$6.1M', 'Number of Employees': '<25', 'LinkedIn url': 'http://www.linkedin.com/company/kounterattack'}
{'company_name_zoominfo': 'Media Works', 'website': 'www.medialtd.com', 'headquarters': '1425 Clarkview Rd Ste 500, Baltimore, Maryland, 21209, United States', 'SIC Code': '73,731', 'NAICS Code': '54,541', 'revenue': '$6.4M', 'Number of Employees': '31', 'LinkedIn url': 'http://www.linkedin.com/company/media-works-ltd-'}
{'company_name_zoominfo': 'CA Creative', 'website': 'www.cacreativeonline.com', 'headquarters': '401 Broadway Ste 2200, New York, New York, 10013, United States', 'SIC Code': '73,731', 'NAICS Code': '54,541', 'revenue': '<$5M', 'Number of Employees': '<25', 'LinkedIn url': 'http://www.linkedin.com/company/ca-creative'}
renewing ip
429
2a0b:f4c0:16c:6::1
renewing ip
429
2001:67c:6ec:203:192:42:116:201
renewing ip
429
2001:67c:6ec:203:192:42:116:201
renewing ip
429
2a03:94e0:ffff:185:181:61:0:115
{'company_name_zoominfo': 'Metter Media', 'website': 'www.mettermedia.com', 'headquarters': '552 Massachusetts Ave Ste 215, Cambridge, Massachusetts, 02139, United...', 'SIC Code': '48,489', 'NAICS Code': '51,517', 'revenue': '<$5M', 'Number of Employees': '<25', 'LinkedIn url': 'http://www.linkedin.com/company/metter-media'}
{'company_name_zoominfo': 'Go Getter Marketing Group', 'website': 'www.gogettergroup.com', 'headquarters': '685 Linwood Ave NE 200A, Atlanta, Georgia, 30306, United States', 'SIC Code': '73,731', 'NAICS Code': '54,541', 'revenue': '$5.7M', 'Number of Employees': '<25', 'LinkedIn url': 'http://www.linkedin.com/company/616310'}
{'company_name_zoominfo': 'Sip Creatives', 'website': 'www.sipcreatives.com', 'headquarters': '600 Congress Ave Fl 14, Austin, Texas, 78701, United States', 'SIC Code': '73,737', 'NAICS Code': '51,517', 'revenue': '<$5M', 'Number of Employees': '<25', 'LinkedIn url': 'http://www.linkedin.com/company/sip-creatives'}
{'company_name_zoominfo': 'Hashmark', 'website': 'www.hashmark.io', 'headquarters': '281 S Jefferson Ste A, Lebanon, Missouri, 65536, United States', 'SIC Code': '73,731', 'NAICS Code': '54,541', 'revenue': '<$5M', 'Number of Employees': '<25', 'LinkedIn url': 'https://www.linkedin.com/company/hashmark'}
{'company_name_zoominfo': 'Content Titan', 'website': 'www.contenttitan.co', 'headquarters': 'PO Box 241875, Little Rock, Arkansas, 72223, United States', 'SIC Code': '78,781', 'NAICS Code': '51,512', 'revenue': '<$5M', 'Number of Employees': '<25', 'LinkedIn url': '!not-found'}
{'company_name_zoominfo': '1558 Brand Agency', 'website': 'www.1558brand.com', 'headquarters': '5830 Sweetwater Dr, Midlothian, Texas, 76065, United States', 'SIC Code': '73,731', 'NAICS Code': '54,541', 'revenue': '<$5M', 'Number of Employees': '<25', 'LinkedIn url': '!not-found'}
{'company_name_zoominfo': 'Type/Code', 'website': 'www.typecode.com', 'headquarters': '20 Jay St Ste 924, Brooklyn, New York, 11201, United States', 'SIC Code': '73,733', 'NAICS Code': '54,541', 'revenue': '<$5M', 'Number of Employees': '<25', 'LinkedIn url': 'http://www.linkedin.com/company/type-code'}
{'company_name_zoominfo': 'Lilo Social', 'website': 'www.lilosocial.com', 'headquarters': '147 Prince St, Brooklyn, New York, 11201, United States', 'SIC Code': '73,737', 'NAICS Code': '51,511', 'revenue': '<$5M', 'Number of Employees': '<25', 'LinkedIn url': 'http://www.linkedin.com/company/lilosocial'}
{'company_name_zoominfo': 'Trinity One Consulting', 'website': 'www.trinityoneconsulting.com', 'headquarters': '!not-found', 'SIC Code': '87,874', 'NAICS Code': '51,518', 'revenue': '<$5M', 'Number of Employees': '<25', 'LinkedIn url': 'http://www.linkedin.com/company/trinity-one-consulting'}
{'company_name_zoominfo': 'The Brick Factory', 'website': 'www.thebrickfactory.com', 'headquarters': '2336 Wisconsin Ave NW 32234, Washington, District of Columbia, 20007, ...', 'SIC Code': '72,729', 'NAICS Code': '54,541', 'revenue': '<$5M', 'Number of Employees': '<25', 'LinkedIn url': 'http://www.linkedin.com/company/brick-factory'}
{'company_name_zoominfo': 'Ayokay', 'website': 'www.ayokay.com', 'headquarters': '2549 E 55th Pl, Indianapolis, Indiana, 46220, United States', 'SIC Code': '87,874', 'NAICS Code': '54,541', 'revenue': '<$5M', 'Number of Employees': '<25', 'LinkedIn url': 'http://www.linkedin.com/company/ayokay'}
{'company_name_zoominfo': 'ChuckJoe', 'website': 'www.chuckjoe.co', 'headquarters': '955 Hyperion Ave Ste 2, Los Angeles, California, 90029, United States', 'SIC Code': '87,874', 'NAICS Code': '54,541', 'revenue': '<$5M', 'Number of Employees': '<25', 'LinkedIn url': 'http://www.linkedin.com/company/chuckjoe'}
{'company_name_zoominfo': '2Point Digital Agency', 'website': 'www.2pointagency.com', 'headquarters': '14168 Poway Rd Ste 206, Poway, California, 92064, United States', 'SIC Code': '73,731', 'NAICS Code': '54,541', 'revenue': '<$5M', 'Number of Employees': '<25', 'LinkedIn url': 'http://www.linkedin.com/company/2point-solutions'}
{'company_name_zoominfo': '!not-found', 'website': 'Small Biz Triage', 'headquarters': '!not-found', 'SIC Code': '!not-found', 'NAICS Code': '!not-found', 'revenue': '!not-found', 'Number of Employees': '!not-found', 'LinkedIn url': '!not-found'}
{'company_name_zoominfo': 'Smartacre', 'website': 'www.getsmartacre.com', 'headquarters': '559 Main St Ste 150, Bethlehem, Pennsylvania, 18018, United States', 'SIC Code': '87,874', 'NAICS Code': '54,541', 'revenue': '<$5M', 'Number of Employees': '<25', 'LinkedIn url': 'http://www.linkedin.com/company/getsmartacre'}
