{'company_name_zoominfo': 'Roswell Studios', 'website': 'www.roswellstudios.com', 'headquarters': '139 Fulton St Ste 132, New York, New York, 10038, United States', 'SIC Code': '73,737', 'NAICS Code': '54,541', 'revenue': '<$5M', 'Number of Employees': '<25', 'LinkedIn url': 'http://www.linkedin.com/company/roswellstudios'}
{'company_name_zoominfo': 'Cat-A-Tonic', 'website': 'www.cat-a-tonic.com', 'headquarters': '19 Lindsay St, Camden Park, South Australia, 5038, Australia', 'SIC Code': '75,752', 'NAICS Code': '11,115', 'revenue': '<$5M', 'Number of Employees': '<25', 'LinkedIn url': '!not-found'}
{'company_name_zoominfo': 'LeadIQ', 'website': 'www.leadiq.com', 'headquarters': '548 Market Street Pmb 20371, San Francisco, California, 94104, United ...', 'SIC Code': '73,737', 'NAICS Code': '51,518', 'revenue': '$11.8M', 'Number of Employees': '115', 'LinkedIn url': 'http://www.linkedin.com/company/leadiq-inc'}
{'company_name_zoominfo': 'NotAvailable', 'website': 'NotAvailable', 'headquarters': 'NotAvailable', 'SIC Code': 'NotAvailable', 'NAICS Code': 'NotAvailable', 'revenue': 'NotAvailable', 'Number of Employees': 'NotAvailable', 'LinkedIn url': 'NotAvailable'}
{'company_name_zoominfo': 'NotAvailable', 'website': 'NotAvailable', 'headquarters': 'NotAvailable', 'SIC Code': 'NotAvailable', 'NAICS Code': 'NotAvailable', 'revenue': 'NotAvailable', 'Number of Employees': 'NotAvailable', 'LinkedIn url': 'NotAvailable'}
{'company_name_zoominfo': 'PCR Agency', 'website': 'www.consultpcr.com', 'headquarters': '222 E Forsyth St, Jacksonville, Florida, 32202, United States', 'SIC Code': '87,873', 'NAICS Code': '54,541', 'revenue': '<$5M', 'Number of Employees': '<25', 'LinkedIn url': 'http://www.linkedin.com/company/consultpcr'}
{'company_name_zoominfo': 'Karizma Marketing', 'website': 'www.karizmamarketing.com', 'headquarters': '89 Glengrove Ave West, Toronto, Ontario, M4R 1N8, Canada', 'SIC Code': '73,731', 'NAICS Code': '54,541', 'revenue': '$6.7M', 'Number of Employees': '28', 'LinkedIn url': '!not-found'}
{'company_name_zoominfo': 'Odd Dog Media', 'website': 'www.odddogmedia.com', 'headquarters': '174 Roy St Ste C, Seattle, Washington, 98109, United States', 'SIC Code': '73,731', 'NAICS Code': '54,541', 'revenue': '<$5M', 'Number of Employees': '<25', 'LinkedIn url': 'http://www.linkedin.com/company/odd-dog-media'}
{'company_name_zoominfo': 'Future Holidays', 'website': 'www.futureholidays.co', 'headquarters': '38 High Rd, London, Greater London, E18 2QL, United Kingdom', 'SIC Code': '73,733', 'NAICS Code': '54,541', 'revenue': '<$5M', 'Number of Employees': '<25', 'LinkedIn url': 'http://www.linkedin.com/company/futureholidays'}
renewing ip
429
2620:7:6001::122
{'company_name_zoominfo': 'Hot Dog Marketing', 'website': 'www.hotdogmarketing.net', 'headquarters': '100 E Main St Ste 201, Round Rock, Texas, 78664, United States', 'SIC Code': '73,731', 'NAICS Code': '54,541', 'revenue': '<$5M', 'Number of Employees': '<25', 'LinkedIn url': 'http://www.linkedin.com/company/hot-dog-marketing-llc'}
{'company_name_zoominfo': 'Bear Fox Marketing', 'website': 'www.bearfoxmarketing.com', 'headquarters': '6225 N Meeker Pl Ste 150, Boise, Idaho, 83713, United States', 'SIC Code': '87,874', 'NAICS Code': '54,541', 'revenue': '<$5M', 'Number of Employees': '<25', 'LinkedIn url': 'http://www.linkedin.com/company/bearfoxmarketing'}
{'company_name_zoominfo': 'Cazarin Interactive', 'website': 'www.cazarin.com', 'headquarters': '7064 E Fish Lake Rd, Maple Grove, Minnesota, 55311, United States', 'SIC Code': '73,737', 'NAICS Code': '54,541', 'revenue': '<$5M', 'Number of Employees': '<25', 'LinkedIn url': 'http://www.linkedin.com/company/cazarin-interactive'}
{'company_name_zoominfo': 'V2M2 Group', 'website': 'www.v2m2inc.com', 'headquarters': '1755 Park St Ste 200, Naperville, Illinois, 60563, United States', 'SIC Code': '73,731', 'NAICS Code': '54,541', 'revenue': '<$5M', 'Number of Employees': '<25', 'LinkedIn url': 'http://www.linkedin.com/company/v2m2-group'}
{'company_name_zoominfo': 'Notable Growth', 'website': 'www.notablegrowth.com', 'headquarters': 'United States', 'SIC Code': '87,874', 'NAICS Code': '54,541', 'revenue': '<$5M', 'Number of Employees': '<25', 'LinkedIn url': 'http://www.linkedin.com/company/notablegrowth'}
{'company_name_zoominfo': 'Harbor Marketing Agency', 'website': 'www.harbormarketingagency.com', 'headquarters': '26 E Barney St, Baltimore, Maryland, 21230, United States', 'SIC Code': '73,731', 'NAICS Code': '54,541', 'revenue': '<$5M', 'Number of Employees': '<25', 'LinkedIn url': 'http://www.linkedin.com/company/harbor-marketing-agency'}
{'company_name_zoominfo': 'OBO Agency', 'website': 'www.theobogroup.com', 'headquarters': '7165 Columbia Gateway Dr Ste A, Columbia, Maryland, 21046, United Stat...', 'SIC Code': '79,792', 'NAICS Code': '71,711', 'revenue': '$10.9M', 'Number of Employees': '<25', 'LinkedIn url': 'http://www.linkedin.com/company/oboagency'}
{'company_name_zoominfo': 'Jeremy McGilvrey', 'website': 'www.jeremymcgilvrey.com', 'headquarters': '1 Riverway Ste 1724, Houston, Texas, 77056, United States', 'SIC Code': '73,737', 'NAICS Code': '54,541', 'revenue': '<$5M', 'Number of Employees': '<25', 'LinkedIn url': '!not-found'}
{'company_name_zoominfo': 'Primedia Digital', 'website': 'www.primedianetdigital.com', 'headquarters': '!not-found', 'SIC Code': '48,489', 'NAICS Code': '51,518', 'revenue': '<$5M', 'Number of Employees': '<25', 'LinkedIn url': '!not-found'}
{'company_name_zoominfo': 'Lead to Conversion', 'website': 'www.leadtoconversion.com', 'headquarters': '115 Executive Pkwy Ste 100, Hudson, Ohio, 44236, United States', 'SIC Code': '87,874', 'NAICS Code': '54,541', 'revenue': '<$5M', 'Number of Employees': '<25', 'LinkedIn url': 'http://www.linkedin.com/company/2616935'}
{'company_name_zoominfo': 'The Snow Agency', 'website': 'www.thesnowagency.com', 'headquarters': '725 River Rd Ste 216, Edgewater, New Jersey, 07020, United States', 'SIC Code': '73,731', 'NAICS Code': '54,541', 'revenue': '<$5M', 'Number of Employees': '<25', 'LinkedIn url': 'http://www.linkedin.com/company/thesnowagency'}
{'company_name_zoominfo': 'Brn Digital', 'website': 'www.brn.digital', 'headquarters': '101 Ash St, Loveland, Ohio, 45140, United States', 'SIC Code': '73,731', 'NAICS Code': '54,541', 'revenue': '<$5M', 'Number of Employees': '<25', 'LinkedIn url': 'http://www.linkedin.com/company/brndigital'}
('Connection aborted.', RemoteDisconnected('Remote end closed connection without response'))
<class 'UnboundLocalError'>
error in http://webcache.googleusercontent.com/search?q=cache%3Ahttps%3A%2F%2Fwww.zoominfo.com%2Fc%2Fappspireme-llc%2F371758408
local variable 'page_content' referenced before assignment
https://www.zoominfo.com/c/appspireme-llc/371758408
{'company_name_zoominfo': '!unknown-error', 'website': '!unknown-error', 'headquarters': '!unknown-error', 'SIC Code': '!unknown-error', 'NAICS Code': '!unknown-error', 'revenue': '!unknown-error', 'Number of Employees': '!unknown-error', 'LinkedIn url': '!unknown-error'}
renewing ip
429
2a03:e600:100::77
{'company_name_zoominfo': 'Redbear Films', 'website': 'www.redbear.tv', 'headquarters': '15760 Ventura Blvd Ste 1040, Encino, California, 91436, United States', 'SIC Code': '78,781', 'NAICS Code': '51,512', 'revenue': '<$5M', 'Number of Employees': '<25', 'LinkedIn url': 'http://www.linkedin.com/company/3854074'}
{'company_name_zoominfo': '!not-found', 'website': '!not-found', 'headquarters': '!not-found', 'SIC Code': '!not-found', 'NAICS Code': '!not-found', 'revenue': '!not-found', 'Number of Employees': '!not-found', 'LinkedIn url': '!not-found'}
{'company_name_zoominfo': 'Magnetika Group', 'website': 'www.magnetikagroup.com', 'headquarters': '1040 S Gaylord St 35, Denver, Colorado, 80209, United States', 'SIC Code': '87,874', 'NAICS Code': '54,541', 'revenue': '<$5M', 'Number of Employees': '<25', 'LinkedIn url': 'http://www.linkedin.com/company/magnetika'}
{'company_name_zoominfo': 'Reputation Management', 'website': 'www.reputationmanagement.com', 'headquarters': '333 W Washington St Ste 140, Syracuse, New York, 13202, United States', 'SIC Code': '87,874', 'NAICS Code': '56,561', 'revenue': '<$5M', 'Number of Employees': '<25', 'LinkedIn url': 'http://www.linkedin.com/company/reputation-management'}
{'company_name_zoominfo': '!not-found', 'website': 'Blue Seven Content - Enhanced Law Firm Content', 'headquarters': '!not-found', 'SIC Code': '!not-found', 'NAICS Code': '!not-found', 'revenue': '!not-found', 'Number of Employees': '!not-found', 'LinkedIn url': '!not-found'}
{'company_name_zoominfo': 'Aok Group', 'website': 'www.theaokgroup.com', 'headquarters': '157 E 86th St, New York, New York, 10128, United States', 'SIC Code': '87,874', 'NAICS Code': '54,541', 'revenue': '<$5M', 'Number of Employees': '<25', 'LinkedIn url': 'http://www.linkedin.com/company/11389212'}
{'company_name_zoominfo': 'Marketing Wind', 'website': 'www.marketingwind.com', 'headquarters': '8407 Central Ave Fl 2, Newark, California, 94560, United States', 'SIC Code': '73,731', 'NAICS Code': '54,541', 'revenue': '<$5M', 'Number of Employees': '<25', 'LinkedIn url': 'http://www.linkedin.com/company/marketing-wind'}
{'company_name_zoominfo': 'Mannix', 'website': 'www.mannixmarketing.com', 'headquarters': '11 Broad St Fl 3, Glens Falls, New York, 12801, United States', 'SIC Code': '87,874', 'NAICS Code': '54,541', 'revenue': '$8.9M', 'Number of Employees': '<25', 'LinkedIn url': 'http://www.linkedin.com/company/mannix-marketing'}
{'company_name_zoominfo': 'Duckpin', 'website': 'www.rollwithduckpin.com', 'headquarters': '320 E Towsontown Blvd Ste 2W, Towson, Maryland, 21286, United States', 'SIC Code': '73,733', 'NAICS Code': '54,541', 'revenue': '<$5M', 'Number of Employees': '<25', 'LinkedIn url': 'http://www.linkedin.com/company/duckpinagency'}
{'company_name_zoominfo': 'Efferent Media', 'website': 'www.efferentmedia.com', 'headquarters': '145 E Sunrise Hwy Ste 1, Lindenhurst, New York, 11757, United States', 'SIC Code': '73,737', 'NAICS Code': '51,517', 'revenue': '$6.8M', 'Number of Employees': '<25', 'LinkedIn url': 'http://www.linkedin.com/company/efferent-media-inc-'}
{'company_name_zoominfo': 'Ideas', 'website': 'www.kickmpls.com', 'headquarters': '911 W 50th St, Minneapolis, Minnesota, 55419, United States', 'SIC Code': '73,733', 'NAICS Code': '54,541', 'revenue': '<$5M', 'Number of Employees': '<25', 'LinkedIn url': 'http://www.linkedin.com/company/ideasthatkick'}
{'company_name_zoominfo': 'Helpir', 'website': 'www.helpir.com', 'headquarters': 'PO Box 541, East Schodack, New York, 12063, United States', 'SIC Code': '15,152', 'NAICS Code': '23,236', 'revenue': '<$5M', 'Number of Employees': '<25', 'LinkedIn url': 'http://www.linkedin.com/company/helpir'}
renewing ip
429
2a03:e600:100::67
{'company_name_zoominfo': 'Inthemode', 'website': 'www.in-themode.com', 'headquarters': 'United States', 'SIC Code': '51,513', 'NAICS Code': '44,448', 'revenue': '<$5M', 'Number of Employees': '<25', 'LinkedIn url': '!not-found'}
{'company_name_zoominfo': 'NotAvailable', 'website': 'NotAvailable', 'headquarters': 'NotAvailable', 'SIC Code': 'NotAvailable', 'NAICS Code': 'NotAvailable', 'revenue': 'NotAvailable', 'Number of Employees': 'NotAvailable', 'LinkedIn url': 'NotAvailable'}
{'company_name_zoominfo': 'High Street Runway App', 'website': 'www.highstreetrunway.com', 'headquarters': '189 Latrobe Ter, Paddington, Queensland, 4064, Australia', 'SIC Code': '73,735', 'NAICS Code': '53,532', 'revenue': '<$5M', 'Number of Employees': '<25', 'LinkedIn url': '!not-found'}
{'company_name_zoominfo': 'Guttereasy', 'website': 'www.guttereasynewengland.com', 'headquarters': '582 Main St, Warren, Rhode Island, 02885, United States', 'SIC Code': '17,176', 'NAICS Code': '23,238', 'revenue': '<$5M', 'Number of Employees': '<25', 'LinkedIn url': '!not-found'}
{'company_name_zoominfo': 'Domesting', 'website': 'www.domesting.com', 'headquarters': '!not-found', 'SIC Code': '79,799', 'NAICS Code': '71,713', 'revenue': '<$5M', 'Number of Employees': '<25', 'LinkedIn url': 'https://www.linkedin.com/company/domesting'}
{'company_name_zoominfo': 'NotAvailable', 'website': 'NotAvailable', 'headquarters': 'NotAvailable', 'SIC Code': 'NotAvailable', 'NAICS Code': 'NotAvailable', 'revenue': 'NotAvailable', 'Number of Employees': 'NotAvailable', 'LinkedIn url': 'NotAvailable'}
{'company_name_zoominfo': 'Home Experience', 'website': 'www.homex.com', 'headquarters': '333 N Michigan Ave Ste 500, Chicago, Illinois, 60601, United States', 'SIC Code': '17,171', 'NAICS Code': '23,238', 'revenue': '$6.3M', 'Number of Employees': '<25', 'LinkedIn url': 'http://www.linkedin.com/company/homex'}
{'company_name_zoominfo': 'The Village Ledger', 'website': 'www.thevillageledger.com', 'headquarters': '20 Onondaga St, Rye, New York, 10580, United States', 'SIC Code': '65,651', 'NAICS Code': '53,531', 'revenue': '<$5M', 'Number of Employees': '<25', 'LinkedIn url': 'http://www.linkedin.com/company/thevillageledger'}
{'company_name_zoominfo': 'Mr Marketing', 'website': 'www.mrmarketingres.com', 'headquarters': '875 W Lowcountry Blvd Ste 204, Mount Pleasant, South Carolina, 29464, ...', 'SIC Code': '73,737', 'NAICS Code': '51,517', 'revenue': '<$5M', 'Number of Employees': '<25', 'LinkedIn url': 'http://www.linkedin.com/company/matthew-rubin-marketing-services'}
{'company_name_zoominfo': 'Momentum Digital', 'website': 'www.momentumvirtualtours.com', 'headquarters': '1635 Market St 1600, Philadelphia, Pennsylvania, 19103, United States', 'SIC Code': '73,731', 'NAICS Code': '54,541', 'revenue': '$5.5M', 'Number of Employees': '<25', 'LinkedIn url': 'http://www.linkedin.com/company/momentum-360'}
{'company_name_zoominfo': 'Tread Partners', 'website': 'www.treadpartners.com', 'headquarters': 'PO Box 3866, Cary, North Carolina, 27519, United States', 'SIC Code': '87,874', 'NAICS Code': '54,541', 'revenue': '<$5M', 'Number of Employees': '<25', 'LinkedIn url': 'http://www.linkedin.com/company/3vemktg'}
{'company_name_zoominfo': 'JOBS Group', 'website': 'www.jobs-amst.com', 'headquarters': '7777 Parnell St, Houston, Texas, 77021, United States', 'SIC Code': '73,734', 'NAICS Code': '56,561', 'revenue': '<$5M', 'Number of Employees': '<25', 'LinkedIn url': 'http://www.linkedin.com/company/jobs-amst'}
{'company_name_zoominfo': 'PPC', 'website': 'www.optiopto.com', 'headquarters': "1 St. Mary's Walk, Scarborough, North Yorkshire, YO11 1RN, United King...", 'SIC Code': '27,271', 'NAICS Code': '51,519', 'revenue': '<$5M', 'Number of Employees': '<25', 'LinkedIn url': '!not-found'}
{'company_name_zoominfo': 'Granular Marketing', 'website': 'www.granularmarketing.com', 'headquarters': '316 N Milwaukee St Ste 100, Milwaukee, Wisconsin, 53202, United States', 'SIC Code': '87,874', 'NAICS Code': '54,541', 'revenue': '<$5M', 'Number of Employees': '<25', 'LinkedIn url': 'http://www.linkedin.com/company/granular-marketing-'}
renewing ip
429
2620:18c:0:192::135
renewing ip
429
2001:67c:6ec:203:192:42:116:175
renewing ip
429
2001:67c:6ec:203:192:42:116:175
renewing ip
429
2a0b:f4c2:1::1
renewing ip
429
2001:67c:6ec:203:192:42:116:196
renewing ip
429
2001:67c:6ec:203:192:42:116:196
{'company_name_zoominfo': 'Visiqua', 'website': 'www.visiqua.com', 'headquarters': '2000 Central Ave Ste 100, Boulder, Colorado, 80301, United States', 'SIC Code': '73,731', 'NAICS Code': '54,541', 'revenue': '$8.5M', 'Number of Employees': '<25', 'LinkedIn url': 'http://www.linkedin.com/company/visiqua'}
{'company_name_zoominfo': 'XYZ Advantage', 'website': 'www.xyzadvantage.com', 'headquarters': 'United States', 'SIC Code': '87,874', 'NAICS Code': '54,541', 'revenue': '<$5M', 'Number of Employees': '<25', 'LinkedIn url': 'http://www.linkedin.com/company/xyz-llc'}
{'company_name_zoominfo': 'adCookie', 'website': 'www.adcookie.pl', 'headquarters': '37-38 Ul. Ruska, Wroclaw, Lower Silesian Voivodeship, 50-079, Poland', 'SIC Code': '87,874', 'NAICS Code': '54,541', 'revenue': '$5.1M', 'Number of Employees': '<25', 'LinkedIn url': 'http://www.linkedin.com/company/adcookie'}
{'company_name_zoominfo': 'Symphonic Digital', 'website': 'www.symphonicdigital.com', 'headquarters': '21900 Burbank Blvd Ste 300, Woodland Hills, California, 91367, United ...', 'SIC Code': '73,731', 'NAICS Code': '54,541', 'revenue': '<$5M', 'Number of Employees': '<25', 'LinkedIn url': 'http://www.linkedin.com/company/symphonic-digital'}
{'company_name_zoominfo': 'Clever Wolf Digital', 'website': 'www.cleverwolfdigital.com', 'headquarters': '650 Iwilei Rd 415, Honolulu, Hawaii, 96817, United States', 'SIC Code': '87,874', 'NAICS Code': '54,541', 'revenue': '<$5M', 'Number of Employees': '<25', 'LinkedIn url': 'http://www.linkedin.com/company/cwdigital'}
{'company_name_zoominfo': 'True Interactive', 'website': 'www.trueinteractive.com', 'headquarters': '900 National Pkwy Ste 280, Schaumburg, Illinois, 60173, United States', 'SIC Code': '73,731', 'NAICS Code': '54,541', 'revenue': '<$5M', 'Number of Employees': '<25', 'LinkedIn url': 'http://www.linkedin.com/company/trueinteractive'}
{'company_name_zoominfo': 'Equilibrium Consulting', 'website': 'www.equilibriumconsult.com', 'headquarters': '2573 Great Scott Dr, Myrtle Beach, South Carolina, 29579, United State...', 'SIC Code': '87,874', 'NAICS Code': '54,541', 'revenue': '<$5M', 'Number of Employees': '<25', 'LinkedIn url': 'http://www.linkedin.com/company/equilibrium-consulting-llc'}
{'company_name_zoominfo': 'My Biz Niche', 'website': 'www.mybizniche.com', 'headquarters': '17797 N Perimeter Dr Ste D105, Scottsdale, Arizona, 85255, United Stat...', 'SIC Code': '73,731', 'NAICS Code': '54,541', 'revenue': '<$5M', 'Number of Employees': '<25', 'LinkedIn url': 'http://www.linkedin.com/company/my-biz-niche'}
{'company_name_zoominfo': 'Caandor Labs', 'website': 'www.caandorlabs.com', 'headquarters': '!not-found', 'SIC Code': '78,781', 'NAICS Code': '51,512', 'revenue': '<$5M', 'Number of Employees': '<25', 'LinkedIn url': '!not-found'}
{'company_name_zoominfo': 'Fetch & Funnel', 'website': 'www.fetchfunnel.com', 'headquarters': '177 Huntington Ave Ste 1703 86588, Boston, Massachusetts, 02115, Unite...', 'SIC Code': '73,731', 'NAICS Code': '54,541', 'revenue': '<$5M', 'Number of Employees': '<25', 'LinkedIn url': 'http://www.linkedin.com/company/fetch-&-funnel'}
{'company_name_zoominfo': 'Greenbaum Stiers Strategic Marketing Group', 'website': 'www.greenbaumstiers.com', 'headquarters': '7365 E Livingston Ave, Reynoldsburg, Ohio, 43068, United States', 'SIC Code': '87,874', 'NAICS Code': '54,541', 'revenue': '<$5M', 'Number of Employees': '<25', 'LinkedIn url': 'http://www.linkedin.com/company/greenbaum stiersmarketinggroup'}
{'company_name_zoominfo': 'Link Marketing Services', 'website': 'www.link.ch', 'headquarters': '30 Flurstrasse, Zürich, Zurich, 8048, Switzerland', 'SIC Code': '64,641', 'NAICS Code': '54,541', 'revenue': '$24.6M', 'Number of Employees': '62', 'LinkedIn url': 'http://www.linkedin.com/company/link-institut-f-r-markt--und-sozialforschung'}
renewing ip
429
2a0b:f4c2:2::34
renewing ip
429
2a0b:f4c1:2::243
renewing ip
429
2a06:1700:0:12::3
renewing ip
429
2a0b:f4c1:2::243
renewing ip
429
2a0b:f4c1:2::243
renewing ip
429
2a0b:f4c2:1::1
renewing ip
429
2001:ba0:1800:80ac::1
{'company_name_zoominfo': 'MD Connect', 'website': 'www.mdconnectinc.com', 'headquarters': '307 Waverley Oaks Rd Ste 306, Waltham, Massachusetts, 02452, United St...', 'SIC Code': '73,737', 'NAICS Code': '54,541', 'revenue': '$7.2M', 'Number of Employees': '<25', 'LinkedIn url': 'http://www.linkedin.com/company/md-connect-llc'}
{'company_name_zoominfo': 'Blackbird PPC', 'website': 'www.blackbirdppc.com', 'headquarters': '343 Sansome St 540, San Francisco, California, 94104, United States', 'SIC Code': '73,731', 'NAICS Code': '54,541', 'revenue': '<$5M', 'Number of Employees': '<25', 'LinkedIn url': 'http://www.linkedin.com/company/blackbird-ppc'}
{'company_name_zoominfo': 'Creative Noggin', 'website': 'www.creativenoggin.com', 'headquarters': 'PO Box 460109, San Antonio, Texas, 78246, United States', 'SIC Code': '73,731', 'NAICS Code': '54,541', 'revenue': '<$5M', 'Number of Employees': '<25', 'LinkedIn url': 'http://www.linkedin.com/company/creative-noggin'}
{'company_name_zoominfo': 'GWL Advertising', 'website': 'www.gwladvertising.com', 'headquarters': '12921 Cantrell Rd Ste 100, Little Rock, Arkansas, 72223, United States', 'SIC Code': '73,731', 'NAICS Code': '54,541', 'revenue': '$17.9M', 'Number of Employees': '64', 'LinkedIn url': 'http://www.linkedin.com/company/gwl-advertising'}
{'company_name_zoominfo': 'Wellspring', 'website': 'www.wellspring.com', 'headquarters': '954 W Washington Blvd Ste 750, Chicago, Illinois, 60607, United States', 'SIC Code': '73,737', 'NAICS Code': '54,541', 'revenue': '$16M', 'Number of Employees': '34', 'LinkedIn url': 'http://www.linkedin.com/company/wellspring-worldwide'}
{'company_name_zoominfo': '!not-found', 'website': '!not-found', 'headquarters': '!not-found', 'SIC Code': '!not-found', 'NAICS Code': '!not-found', 'revenue': '!not-found', 'Number of Employees': '!not-found', 'LinkedIn url': '!not-found'}
{'company_name_zoominfo': 'Pace Advertising Agency', 'website': 'www.paceadv.com', 'headquarters': '7301 N Federal Hwy Ste B, Boca Raton, Florida, 33487, United States', 'SIC Code': '73,731', 'NAICS Code': '54,541', 'revenue': '$14.2M', 'Number of Employees': '58', 'LinkedIn url': 'http://www.linkedin.com/company/green-ad'}
{'company_name_zoominfo': 'PunchDrunk Digital', 'website': 'www.punchdrunkdigital.com', 'headquarters': '11 N Water St Ste 10290, Mobile, Alabama, 36602, United States', 'SIC Code': '73,731', 'NAICS Code': '54,541', 'revenue': '$5.1M', 'Number of Employees': '<25', 'LinkedIn url': 'http://www.linkedin.com/company/10989871'}
{'company_name_zoominfo': 'Brand It Advertising', 'website': 'www.branditadvertising.com', 'headquarters': '122 N Raymond Rd Ste 2, Spokane Valley, Washington, 99206, United Stat...', 'SIC Code': '73,731', 'NAICS Code': '54,541', 'revenue': '<$5M', 'Number of Employees': '<25', 'LinkedIn url': 'http://www.linkedin.com/company/brand-it-an-advertising-agency'}
{'company_name_zoominfo': 'Vici Media', 'website': 'www.vicimediainc.com', 'headquarters': '111 S Independence Mall E Ste 910, Philadelphia, Pennsylvania, 19106, ...', 'SIC Code': '73,731', 'NAICS Code': '54,541', 'revenue': '<$5M', 'Number of Employees': '<25', 'LinkedIn url': 'http://www.linkedin.com/company/vici-media-inc-'}
{'company_name_zoominfo': 'Webmo', 'website': 'www.web-mo.com', 'headquarters': '2585 N 1st Ave, Tucson, Arizona, 85719, United States', 'SIC Code': '73,731', 'NAICS Code': '54,541', 'revenue': '<$5M', 'Number of Employees': '<25', 'LinkedIn url': 'http://www.linkedin.com/company/web-mo'}
{'company_name_zoominfo': 'Washington State Obstetrical Association', 'website': 'www.wsoaonline.org', 'headquarters': 'PO Box 13042, Olympia, Washington, 98508, United States', 'SIC Code': '86,862', 'NAICS Code': '81,813', 'revenue': '<$5M', 'Number of Employees': '<25', 'LinkedIn url': '!not-found'}
{'company_name_zoominfo': 'ZAG Interactive', 'website': 'www.zaginteractive.com', 'headquarters': '20 Western Blvd Fl 2, Glastonbury, Connecticut, 06033, United States', 'SIC Code': '73,737', 'NAICS Code': '71,713', 'revenue': '$21.3M', 'Number of Employees': '97', 'LinkedIn url': 'http://www.linkedin.com/company/zag-interactive'}
{'company_name_zoominfo': '!not-found', 'website': '!not-found', 'headquarters': '!not-found', 'SIC Code': '!not-found', 'NAICS Code': '!not-found', 'revenue': '!not-found', 'Number of Employees': '!not-found', 'LinkedIn url': '!not-found'}
{'company_name_zoominfo': 'MSP Digital Marketing', 'website': 'www.mspdigital.com', 'headquarters': '399 River Rd Unit C, Hudson, Massachusetts, 01749, United States', 'SIC Code': '87,874', 'NAICS Code': '54,541', 'revenue': '$15.6M', 'Number of Employees': '28', 'LinkedIn url': 'http://www.linkedin.com/company/mps-digital-marketing'}
renewing ip
429
2001:67c:6ec:203:192:42:116:186
{'company_name_zoominfo': 'Chattanooga Marketing Group', 'website': 'www.chattanoogamarketinggroup.com', 'headquarters': '200 Brently Woods Dr, Chattanooga, Tennessee, 37421, United States', 'SIC Code': '87,874', 'NAICS Code': '54,541', 'revenue': '<$5M', 'Number of Employees': '<25', 'LinkedIn url': 'http://www.linkedin.com/company/chattanooga-marketing-group'}
{'company_name_zoominfo': 'Information Point Technologies', 'website': 'www.ipoint-tech.com', 'headquarters': '135 W Swallow Rd Bldg A, Fort Collins, Colorado, 80525, United States', 'SIC Code': '73,737', 'NAICS Code': '54,541', 'revenue': '<$5M', 'Number of Employees': '<25', 'LinkedIn url': 'http://www.linkedin.com/company/information-point-technologies'}
{'company_name_zoominfo': 'ODMsoft', 'website': 'www.odmsoft.com', 'headquarters': '4040 Willowbend Blvd 500, Houston, Texas, 77025, United States', 'SIC Code': '73,737', 'NAICS Code': '51,517', 'revenue': '$5.5M', 'Number of Employees': '<25', 'LinkedIn url': 'http://www.linkedin.com/company/3600718'}
{'company_name_zoominfo': 'Vendo', 'website': 'www.vendocommerce.com', 'headquarters': '11601 Wilshire Blvd Ste 1818, Los Angeles, California, 90025, United S...', 'SIC Code': '87,874', 'NAICS Code': '54,541', 'revenue': '$19.5M', 'Number of Employees': '50', 'LinkedIn url': 'http://www.linkedin.com/company/vendocommerce'}
{'company_name_zoominfo': 'EverythingOnline', 'website': 'www.everythingonlinesem.com', 'headquarters': '1411 N Batavia St Ste 102, Orange, California, 92867, United States', 'SIC Code': '73,731', 'NAICS Code': '54,541', 'revenue': '<$5M', 'Number of Employees': '<25', 'LinkedIn url': 'http://www.linkedin.com/company/cosmo-industries-fze'}
{'company_name_zoominfo': 'The Monkey Creative', 'website': 'www.themonkeycreative.com', 'headquarters': '1225 W Prospect Rd, Fort Collins, Colorado, 80526, United States', 'SIC Code': '73,738', 'NAICS Code': '71,713', 'revenue': '$5M', 'Number of Employees': '<25', 'LinkedIn url': 'http://www.linkedin.com/company/the-monkey-creative'}
{'company_name_zoominfo': 'Adplorer', 'website': 'www.adplorer.com', 'headquarters': '1375 Peachtree St NE Ste 300S, Atlanta, Georgia, 30309, United States', 'SIC Code': '73,737', 'NAICS Code': '51,511', 'revenue': '<$5M', 'Number of Employees': '<25', 'LinkedIn url': 'http://www.linkedin.com/company/adfinitely'}
{'company_name_zoominfo': 'NotAvailable', 'website': 'NotAvailable', 'headquarters': 'NotAvailable', 'SIC Code': 'NotAvailable', 'NAICS Code': 'NotAvailable', 'revenue': 'NotAvailable', 'Number of Employees': 'NotAvailable', 'LinkedIn url': 'NotAvailable'}
{'company_name_zoominfo': 'SCM Marketing Solutions', 'website': 'www.scmmarkets.com', 'headquarters': '717 Eisenhower Dr Ste D, Kimberly, Wisconsin, 54136, United States', 'SIC Code': '87,873', 'NAICS Code': '54,541', 'revenue': '<$5M', 'Number of Employees': '<25', 'LinkedIn url': 'http://www.linkedin.com/company/2954773'}
{'company_name_zoominfo': 'Atomic Interactive', 'website': 'www.atomicinteractive.com', 'headquarters': '2844 E River Rd, Dayton, Ohio, 45439, United States', 'SIC Code': '73,733', 'NAICS Code': '54,541', 'revenue': '<$5M', 'Number of Employees': '<25', 'LinkedIn url': 'http://www.linkedin.com/company/atomic-interactive'}
{'company_name_zoominfo': 'Evolve Healthcare Marketing', 'website': 'www.ehmresults.com', 'headquarters': '318 W Adams St Ste 1815, Chicago, Illinois, 60606, United States', 'SIC Code': '87,874', 'NAICS Code': '54,541', 'revenue': '<$5M', 'Number of Employees': '<25', 'LinkedIn url': 'http://www.linkedin.com/company/ehm-results'}
{'company_name_zoominfo': 'TLG Marketing', 'website': 'www.tlgmarketing.com', 'headquarters': '5001 Airport Plaza Dr 210, Long Beach, California, United States', 'SIC Code': '73,731', 'NAICS Code': '54,541', 'revenue': '<$5M', 'Number of Employees': '<25', 'LinkedIn url': 'http://www.linkedin.com/company/digital-marketing-learning-center'}
{'company_name_zoominfo': '!not-found', 'website': 'Amazon.com', 'headquarters': '!not-found', 'SIC Code': '!not-found', 'NAICS Code': '!not-found', 'revenue': '!not-found', 'Number of Employees': '!not-found', 'LinkedIn url': '!not-found'}
renewing ip
429
2620:7:6001::111
('Connection aborted.', RemoteDisconnected('Remote end closed connection without response'))
local variable 'page' referenced before assignment
{'company_name_zoominfo': '!not-found', 'website': '!not-found', 'headquarters': '!not-found', 'SIC Code': '!not-found', 'NAICS Code': '!not-found', 'revenue': '!not-found', 'Number of Employees': '!not-found', 'LinkedIn url': '!not-found'}
{'company_name_zoominfo': 'Social Supply', 'website': 'social.supply', 'headquarters': '5115 Avenida Encinas Ste F, Carlsbad, California, 92008, United States', 'SIC Code': '87,874', 'NAICS Code': '54,541', 'revenue': '<$5M', 'Number of Employees': '<25', 'LinkedIn url': 'http://www.linkedin.com/company/10535362'}
{'company_name_zoominfo': 'Auctus Marketing', 'website': 'www.auctusmarketing.com', 'headquarters': '59 Commercial Wharf Apt 4, Boston, Massachusetts, 02110, United States', 'SIC Code': '87,874', 'NAICS Code': '54,541', 'revenue': '<$5M', 'Number of Employees': '<25', 'LinkedIn url': 'http://www.linkedin.com/company/auctus-marketing'}
{'company_name_zoominfo': 'Conversion Giant', 'website': 'www.conversiongiant.com', 'headquarters': '6400 S Fiddlers Green Cir Ste 250, Greenwood Village, Colorado, 80111,...', 'SIC Code': '87,874', 'NAICS Code': '54,541', 'revenue': '<$5M', 'Number of Employees': '<25', 'LinkedIn url': 'http://www.linkedin.com/company/conversiongiant'}
{'company_name_zoominfo': '3P Marketing', 'website': 'www.3pmarketing.com.au', 'headquarters': '8 Deighton St, Ravenswood, Queensland, 4816, Australia', 'SIC Code': '87,874', 'NAICS Code': '54,541', 'revenue': '<$5M', 'Number of Employees': '<25', 'LinkedIn url': '!not-found'}
{'company_name_zoominfo': 'X3 Marketing', 'website': 'www.xthreemarketing.com', 'headquarters': '11990 Grant St Ste 550, Northglenn, Colorado, 80233, United States', 'SIC Code': '73,731', 'NAICS Code': '54,541', 'revenue': '<$5M', 'Number of Employees': '<25', 'LinkedIn url': 'http://www.linkedin.com/company/x3dominate'}
{'company_name_zoominfo': 'Digital Visibility Concepts', 'website': 'www.digitalvisibilityconcepts.com', 'headquarters': '2600 W Olive Ave Ste 500, Burbank, California, 91505, United States', 'SIC Code': '73,731', 'NAICS Code': '54,541', 'revenue': '$17.7M', 'Number of Employees': '39', 'LinkedIn url': 'http://www.linkedin.com/company/collect'}
{'company_name_zoominfo': 'NotAvailable', 'website': 'NotAvailable', 'headquarters': 'NotAvailable', 'SIC Code': 'NotAvailable', 'NAICS Code': 'NotAvailable', 'revenue': 'NotAvailable', 'Number of Employees': 'NotAvailable', 'LinkedIn url': 'NotAvailable'}
{'company_name_zoominfo': 'Cronyx Digital', 'website': 'www.cronyxdigital.com', 'headquarters': '90 N Church St, George Town, George Town, Cayman Islands', 'SIC Code': '73,731', 'NAICS Code': '54,541', 'revenue': '<$5M', 'Number of Employees': '<25', 'LinkedIn url': 'http://www.linkedin.com/company/cronyx-digital'}
{'company_name_zoominfo': 'Vincodo', 'website': 'www.vincodo.com', 'headquarters': '2300 E Lincoln Hwy Ste 317, Langhorne, Pennsylvania, 19047, United Sta...', 'SIC Code': '73,731', 'NAICS Code': '54,541', 'revenue': '<$5M', 'Number of Employees': '<25', 'LinkedIn url': 'http://www.linkedin.com/company/1180666'}
{'company_name_zoominfo': 'Big Footprint Digital', 'website': 'www.bigfootprintdigital.com', 'headquarters': '3575 Ringsby Ct 426, Denver, Colorado, 80216, United States', 'SIC Code': '87,874', 'NAICS Code': '54,541', 'revenue': '<$5M', 'Number of Employees': '<25', 'LinkedIn url': 'http://www.linkedin.com/company/big-footprint'}
{'company_name_zoominfo': 'Ideas Money Art', 'website': 'www.ideasmoneyart.com', 'headquarters': '2800 3rd St, San Francisco, California, 94107, United States', 'SIC Code': '73,731', 'NAICS Code': '54,541', 'revenue': '<$5M', 'Number of Employees': '<25', 'LinkedIn url': 'http://www.linkedin.com/company/ideas-money-art'}
{'company_name_zoominfo': 'Decibel Media', 'website': 'www.decibelmedia.com', 'headquarters': '10 City Sq Fl 5, Boston, Massachusetts, 02129, United States', 'SIC Code': '73,737', 'NAICS Code': '51,517', 'revenue': '<$5M', 'Number of Employees': '<25', 'LinkedIn url': 'http://www.linkedin.com/company/decibel-media'}
{'company_name_zoominfo': 'NotAvailable', 'website': 'NotAvailable', 'headquarters': 'NotAvailable', 'SIC Code': 'NotAvailable', 'NAICS Code': 'NotAvailable', 'revenue': 'NotAvailable', 'Number of Employees': 'NotAvailable', 'LinkedIn url': 'NotAvailable'}
{'company_name_zoominfo': 'MAB Ventures', 'website': 'mab.agency', 'headquarters': '106 W 4th St Ste 419, Santa Ana, California, 92701, United States', 'SIC Code': '87,874', 'NAICS Code': '54,541', 'revenue': '$7.4M', 'Number of Employees': '<25', 'LinkedIn url': 'http://www.linkedin.com/company/mab-digital-marketing'}
{'company_name_zoominfo': 'NotAvailable', 'website': 'NotAvailable', 'headquarters': 'NotAvailable', 'SIC Code': 'NotAvailable', 'NAICS Code': 'NotAvailable', 'revenue': 'NotAvailable', 'Number of Employees': 'NotAvailable', 'LinkedIn url': 'NotAvailable'}
{'company_name_zoominfo': 'Slicedbread', 'website': 'slicedbread.agency', 'headquarters': '3415 S Sepulveda Blvd Ste 450, Los Angeles, California, 90034, United ...', 'SIC Code': '73,731', 'NAICS Code': '54,541', 'revenue': '<$5M', 'Number of Employees': '<25', 'LinkedIn url': 'http://www.linkedin.com/company/slicedbread-inc-'}
{'company_name_zoominfo': 'The Montgomery Group', 'website': 'www.montgomery-group.com', 'headquarters': '350 7th Ave Ste 1606, New York, New York, 10001, United States', 'SIC Code': '73,731', 'NAICS Code': '54,541', 'revenue': '<$5M', 'Number of Employees': '<25', 'LinkedIn url': 'http://www.linkedin.com/company/the-montgomery-group'}
renewing ip
429
2620:18c:0:192::216
{'company_name_zoominfo': 'uInteractive', 'website': 'www.uinteractive.com', 'headquarters': '123 6th St, Melbourne, Florida, 32904, United States', 'SIC Code': '87,874', 'NAICS Code': '54,541', 'revenue': '<$5M', 'Number of Employees': '<25', 'LinkedIn url': 'https://www.linkedin.com/company/uinteractive'}
{'company_name_zoominfo': 'Denver SEO', 'website': 'www.denverseoservice.com', 'headquarters': '2100 Larimer St Ste 1000, Denver, Colorado, 80204, United States', 'SIC Code': '87,874', 'NAICS Code': '54,541', 'revenue': '<$5M', 'Number of Employees': '<25', 'LinkedIn url': 'http://www.linkedin.com/company/off-beatmarketing'}
{'company_name_zoominfo': 'RankingCo', 'website': 'www.rankingco.com', 'headquarters': '784 S Clearwater Lp Ste 5133, Post Falls, Idaho, 83854, United States', 'SIC Code': '72,722', 'NAICS Code': '54,541', 'revenue': '<$5M', 'Number of Employees': '<25', 'LinkedIn url': 'http://www.linkedin.com/company/rankingco'}
{'company_name_zoominfo': 'eTegrity Systems International', 'website': 'www.etegrity.com', 'headquarters': '39 Rte 46 E Unit 803, Pine Brook, New Jersey, 07058, United States', 'SIC Code': '73,737', 'NAICS Code': '51,518', 'revenue': '$6.9M', 'Number of Employees': '<25', 'LinkedIn url': 'http://www.linkedin.com/company/etegrity-systems-international'}
{'company_name_zoominfo': 'Mountainise', 'website': 'www.mountainise.com', 'headquarters': '2035 Sunset Lake Rd Ste B2, Newark, Delaware, 19702, United States', 'SIC Code': '87,874', 'NAICS Code': '54,541', 'revenue': '<$5M', 'Number of Employees': '<25', 'LinkedIn url': '!not-found'}
{'company_name_zoominfo': 'NotAvailable', 'website': 'NotAvailable', 'headquarters': 'NotAvailable', 'SIC Code': 'NotAvailable', 'NAICS Code': 'NotAvailable', 'revenue': 'NotAvailable', 'Number of Employees': 'NotAvailable', 'LinkedIn url': 'NotAvailable'}
{'company_name_zoominfo': 'DaBrian Marketing Group', 'website': 'www.dabrianmarketing.com', 'headquarters': '416 Blair Ave, Reading, Pennsylvania, 19601, United States', 'SIC Code': '73,731', 'NAICS Code': '54,541', 'revenue': '<$5M', 'Number of Employees': '<25', 'LinkedIn url': 'http://www.linkedin.com/company/dabrian-marketing-group'}
{'company_name_zoominfo': 'SEOM Interactive', 'website': 'www.searchenginesmarketer.com', 'headquarters': '4 Neshaminy Interplex Dr Ste 300, Trevose, Pennsylvania, 19053, United...', 'SIC Code': '87,874', 'NAICS Code': '54,541', 'revenue': '$10.5M', 'Number of Employees': '26', 'LinkedIn url': 'http://www.linkedin.com/company/seom-interactive'}
{'company_name_zoominfo': 'Conversion Pipeline', 'website': 'www.conversionpipeline.com', 'headquarters': '11350 Random Hills Rd Ste 800, Fairfax, Virginia, 22030, United States', 'SIC Code': '47,473', 'NAICS Code': '48,486', 'revenue': '<$5M', 'Number of Employees': '<25', 'LinkedIn url': 'http://www.linkedin.com/company/conversion-pipeline'}
{'company_name_zoominfo': 'Red Shark Digital Agency', 'website': 'www.redsharkdigital.com', 'headquarters': '700b Cromwell Dr, Greenville, North Carolina, 27858, United States', 'SIC Code': '73,731', 'NAICS Code': '54,541', 'revenue': '<$5M', 'Number of Employees': '<25', 'LinkedIn url': 'http://www.linkedin.com/company/intmobi'}
{'company_name_zoominfo': 'Top Marketing Agency', 'website': 'www.topmarketingagency.com', 'headquarters': '1819 S Lake Stevens Rd Ste C, Lake Stevens, Washington, 98258, United ...', 'SIC Code': '87,874', 'NAICS Code': '54,541', 'revenue': '$5.6M', 'Number of Employees': '<25', 'LinkedIn url': 'http://www.linkedin.com/company/topmarketingagency'}
{'company_name_zoominfo': 'Foremost Media', 'website': 'www.foremostmedia.com', 'headquarters': '207 N Academy St Ste 200, Janesville, Wisconsin, 53548, United States', 'SIC Code': '48,489', 'NAICS Code': '51,517', 'revenue': '$9.7M', 'Number of Employees': '<25', 'LinkedIn url': 'http://www.linkedin.com/company/foremost-media'}
{'company_name_zoominfo': 'iTrakmedia', 'website': 'www.itrakmedia.com', 'headquarters': '5342 Clark Rd Ste 3020, Sarasota, Florida, 34233, United States', 'SIC Code': '87,874', 'NAICS Code': '54,541', 'revenue': '$5.8M', 'Number of Employees': '<25', 'LinkedIn url': 'http://www.linkedin.com/company/itrakmedia'}
{'company_name_zoominfo': 'Curious Tech', 'website': 'www.curioustech.io', 'headquarters': 'Chennai, Tamil Nadu, India', 'SIC Code': '73,737', 'NAICS Code': '51,511', 'revenue': '<$5M', 'Number of Employees': '<25', 'LinkedIn url': 'http://www.linkedin.com/company/curioustech'}
{'company_name_zoominfo': 'Advanced Pediatric Associates', 'website': 'www.advancedpediatricassociates.com', 'headquarters': '5657 S Himalaya St Ste 100, Centennial, Colorado, 80015, United States', 'SIC Code': '80,801', 'NAICS Code': '62,621', 'revenue': '$5.5M', 'Number of Employees': '93', 'LinkedIn url': 'http://www.linkedin.com/company/advanced-pediatric-associates'}
renewing ip
429
2001:67c:6ec:203:192:42:116:201
renewing ip
429
2001:67c:6ec:203:192:42:116:201
renewing ip
429
2a03:94e0:ffff:185:181:61:0:115
{'company_name_zoominfo': '!not-found', 'website': 'The New Indian Express', 'headquarters': '!not-found', 'SIC Code': '!not-found', 'NAICS Code': '!not-found', 'revenue': '!not-found', 'Number of Employees': '!not-found', 'LinkedIn url': '!not-found'}
{'company_name_zoominfo': 'HOW Creative', 'website': 'www.howcreative.com', 'headquarters': '101 S Topanga Canyon Blvd 355, Topanga, California, 90290, United Stat...', 'SIC Code': '73,733', 'NAICS Code': '54,541', 'revenue': '<$5M', 'Number of Employees': '<25', 'LinkedIn url': 'http://www.linkedin.com/company/how-creative'}
{'company_name_zoominfo': 'NotAvailable', 'website': 'NotAvailable', 'headquarters': 'NotAvailable', 'SIC Code': 'NotAvailable', 'NAICS Code': 'NotAvailable', 'revenue': 'NotAvailable', 'Number of Employees': 'NotAvailable', 'LinkedIn url': 'NotAvailable'}
{'company_name_zoominfo': 'Enventys Partners', 'website': 'www.enventyspartners.com', 'headquarters': '520 Elliot St Ste 200, Charlotte, North Carolina, 28202, United States', 'SIC Code': '73,738', 'NAICS Code': '54,541', 'revenue': '$10.2M', 'Number of Employees': '46', 'LinkedIn url': 'http://www.linkedin.com/company/enventys'}
