{'company_name_zoominfo': 'Diaz & Cooper Advertising', 'website': 'www.diazcooper.com', 'headquarters': '1450 Madruga Ave Ste 402, Coral Gables, Florida, 33146, United States', 'SIC Code': '73,731', 'NAICS Code': '54,541', 'revenue': '<$5M', 'Number of Employees': '<25', 'LinkedIn url': 'http://www.linkedin.com/company/135581'}
{'company_name_zoominfo': 'Schubert B2B', 'website': 'www.schubertb2b.com', 'headquarters': '112 Schubert Dr, Downingtown, Pennsylvania, 19335, United States', 'SIC Code': '73,731', 'NAICS Code': '54,541', 'revenue': '<$5M', 'Number of Employees': '<25', 'LinkedIn url': 'http://www.linkedin.com/company/schubert-communications'}
{'company_name_zoominfo': '!not-found', 'website': 'Transmission', 'headquarters': '!not-found', 'SIC Code': '!not-found', 'NAICS Code': '!not-found', 'revenue': '!not-found', 'Number of Employees': '!not-found', 'LinkedIn url': '!not-found'}
{'company_name_zoominfo': 'Flying Hippo', 'website': 'www.flyinghippo.com', 'headquarters': '130 E 3rd St 103, Des Moines, Iowa, 50309, United States', 'SIC Code': '73,731', 'NAICS Code': '54,541', 'revenue': '$7.5M', 'Number of Employees': '27', 'LinkedIn url': 'http://www.linkedin.com/company/flying-hippo-web-technologies'}
{'company_name_zoominfo': 'BayCreative', 'website': 'www.baycreative.com', 'headquarters': '660 4th St Ste 619, San Francisco, California, 94107, United States', 'SIC Code': '73,731', 'NAICS Code': '54,541', 'revenue': '$5.3M', 'Number of Employees': '<25', 'LinkedIn url': 'http://www.linkedin.com/company/baycreative-inc'}
renewing ip
429
2620:7:6001::122
{'company_name_zoominfo': 'Innovaxis', 'website': 'www.innovaxisinc.com', 'headquarters': '3047 N Lincoln Ave Ste 400, Chicago, Illinois, 60657, United States', 'SIC Code': '87,874', 'NAICS Code': '54,541', 'revenue': '$6.7M', 'Number of Employees': '<25', 'LinkedIn url': 'http://www.linkedin.com/company/innovaxis-marketing-consulting'}
{'company_name_zoominfo': 'Ever Wonder', 'website': 'www.ever-wonder.com', 'headquarters': '23 S Main St S, Norwalk, Connecticut, 06854, United States', 'SIC Code': '87,874', 'NAICS Code': '54,541', 'revenue': '<$5M', 'Number of Employees': '<25', 'LinkedIn url': 'http://www.linkedin.com/company/everwonder'}
{'company_name_zoominfo': 'SociaLight Marketing', 'website': 'www.socialight-marketing.com', 'headquarters': 'Block No. 436 Seef Kingdom of Bahrain Bldg No. 1025 Rd Fl 1 Ofc No 306...', 'SIC Code': '87,874', 'NAICS Code': '54,541', 'revenue': '$5M', 'Number of Employees': '<25', 'LinkedIn url': 'http://www.linkedin.com/company/socialight-digital-marketing'}
{'company_name_zoominfo': 'Mojo Media Labs', 'website': 'www.mojomedialabs.com', 'headquarters': '400 E Las Colinas Blvd Ste 1050, Irving, Texas, 75039, United States', 'SIC Code': '73,731', 'NAICS Code': '54,541', 'revenue': '<$5M', 'Number of Employees': '<25', 'LinkedIn url': 'http://www.linkedin.com/company/mojo-media-labs'}
site-not-indexed

{'company_name_zoominfo': '!not-found', 'website': '!not-found', 'headquarters': '!not-found', 'SIC Code': '!not-found', 'NAICS Code': '!not-found', 'revenue': '!not-found', 'Number of Employees': '!not-found', 'LinkedIn url': '!not-found'}
{'company_name_zoominfo': '4B Marketing', 'website': 'www.4bmarketing.com', 'headquarters': '209 Kalamath St Unit 13, Denver, Colorado, 80223, United States', 'SIC Code': '87,874', 'NAICS Code': '54,541', 'revenue': '<$5M', 'Number of Employees': '<25', 'LinkedIn url': 'http://www.linkedin.com/company/4b-marketing'}
{'company_name_zoominfo': 'Media Wizards', 'website': 'www.mediawizards.biz', 'headquarters': '!not-found', 'SIC Code': '48,489', 'NAICS Code': '51,517', 'revenue': '<$5M', 'Number of Employees': '<25', 'LinkedIn url': '!not-found'}
{'company_name_zoominfo': 'GA Creative', 'website': 'www.gacreative.com', 'headquarters': '10500 NE 8th St Ste 1140, Bellevue, Washington, 98004, United States', 'SIC Code': '73,731', 'NAICS Code': '54,541', 'revenue': '$5.4M', 'Number of Employees': '<25', 'LinkedIn url': 'http://www.linkedin.com/company/ga-creative'}
{'company_name_zoominfo': '97 Degrees West', 'website': 'www.97dwest.com', 'headquarters': '901 S Mo Pac Expy Ste 280, Austin, Texas, 78746, United States', 'SIC Code': '73,731', 'NAICS Code': '54,541', 'revenue': '<$5M', 'Number of Employees': '<25', 'LinkedIn url': 'http://www.linkedin.com/company/97-degrees-west'}
{'company_name_zoominfo': 'BlueTreeDigital', 'website': 'www.bluetreedigital.com', 'headquarters': '201 F-royal St, Leesburg, Virginia, 20175, United States', 'SIC Code': '87,874', 'NAICS Code': '54,541', 'revenue': '<$5M', 'Number of Employees': '<25', 'LinkedIn url': 'http://www.linkedin.com/company/blue-tree-digital'}
{'company_name_zoominfo': 'ParadigmNEXT', 'website': 'www.paradigmnext.com', 'headquarters': '660 Lasalle Pl, Highland Park, Illinois, 60035, United States', 'SIC Code': '87,874', 'NAICS Code': '54,541', 'revenue': '$5.4M', 'Number of Employees': '<25', 'LinkedIn url': 'http://www.linkedin.com/company/life-creative-hq'}
{'company_name_zoominfo': 'RevenueZen', 'website': 'www.revenuezen.com', 'headquarters': '4039 N Mississippi Ave Ste 308, Portland, Oregon, 97227, United States', 'SIC Code': '87,874', 'NAICS Code': '54,541', 'revenue': '<$5M', 'Number of Employees': '<25', 'LinkedIn url': 'http://www.linkedin.com/company/revenuezen'}
('Connection aborted.', RemoteDisconnected('Remote end closed connection without response'))
<class 'UnboundLocalError'>
error in http://webcache.googleusercontent.com/search?q=cache%3Ahttps%3A%2F%2Fwww.zoominfo.com%2Fc%2Fnpws-inc%2F85918411
local variable 'page_content' referenced before assignment
https://www.zoominfo.com/c/npws-inc/85918411
{'company_name_zoominfo': '!unknown-error', 'website': '!unknown-error', 'headquarters': '!unknown-error', 'SIC Code': '!unknown-error', 'NAICS Code': '!unknown-error', 'revenue': '!unknown-error', 'Number of Employees': '!unknown-error', 'LinkedIn url': '!unknown-error'}
renewing ip
429
2a03:e600:100::77
{'company_name_zoominfo': 'Ridge Marketing & Design', 'website': 'www.ridgemarketing.com', 'headquarters': '91 S Maple Ave, Basking Ridge, New Jersey, 07920, United States', 'SIC Code': '87,874', 'NAICS Code': '54,541', 'revenue': '<$5M', 'Number of Employees': '<25', 'LinkedIn url': 'http://www.linkedin.com/company/ridge-marketing-&-design'}
{'company_name_zoominfo': 'SeeResponse', 'website': 'www.seeresponse.com', 'headquarters': '11921 Freedom Dr, Reston, Virginia, 20190, United States', 'SIC Code': '87,874', 'NAICS Code': '54,541', 'revenue': '<$5M', 'Number of Employees': '<25', 'LinkedIn url': 'http://www.linkedin.com/company/seeresponse'}
{'company_name_zoominfo': 'The Creative Momentum', 'website': 'www.thecreativemomentum.com', 'headquarters': '1801 Old Alabama Rd Ste 125, Roswell, Georgia, 30076, United States', 'SIC Code': '73,731', 'NAICS Code': '54,541', 'revenue': '<$5M', 'Number of Employees': '<25', 'LinkedIn url': 'http://www.linkedin.com/company/the-creative-momentum'}
{'company_name_zoominfo': 'Relequint', 'website': 'www.relequint.com', 'headquarters': '116 W 23rd St Fl 5, New York, New York, 10011, United States', 'SIC Code': '73,731', 'NAICS Code': '54,541', 'revenue': '<$5M', 'Number of Employees': '<25', 'LinkedIn url': 'http://www.linkedin.com/company/relequint'}
{'company_name_zoominfo': 'Digitopia', 'website': 'digitopia.agency', 'headquarters': '5431 Avenida Encinas Ste J, Carlsbad, California, 92008, United States', 'SIC Code': '87,874', 'NAICS Code': '54,541', 'revenue': '<$5M', 'Number of Employees': '<25', 'LinkedIn url': 'http://www.linkedin.com/company/digitopiaagency'}
{'company_name_zoominfo': 'Weidert Group', 'website': 'www.weidert.com', 'headquarters': '1107 E South River St, Appleton, Wisconsin, 54915, United States', 'SIC Code': '87,874', 'NAICS Code': '54,541', 'revenue': '$17.3M', 'Number of Employees': '26', 'LinkedIn url': 'http://www.linkedin.com/company/weidert-group'}
{'company_name_zoominfo': 'LyntonWeb', 'website': 'www.lyntonweb.com', 'headquarters': '2717 Commercial Center Blvd Ste E200, Katy, Texas, 77494, United State...', 'SIC Code': '73,737', 'NAICS Code': '51,518', 'revenue': '<$5M', 'Number of Employees': '<25', 'LinkedIn url': 'http://www.linkedin.com/company/lyntonweb'}
{'company_name_zoominfo': 'Infogram', 'website': 'www.infogram.com', 'headquarters': '12 Kaļķu Iela, Riga, Riga, 1050, Latvia', 'SIC Code': '73,737', 'NAICS Code': '54,541', 'revenue': '$5.9M', 'Number of Employees': '<25', 'LinkedIn url': 'http://www.linkedin.com/company/infogram'}
{'company_name_zoominfo': 'Northcutt', 'website': 'www.northcutt.com', 'headquarters': '5106 N Lincoln Ave 2S, Chicago, Illinois, 60625, United States', 'SIC Code': '73,737', 'NAICS Code': '51,517', 'revenue': '$6.9M', 'Number of Employees': '<25', 'LinkedIn url': 'http://www.linkedin.com/company/northcutt-realty'}
{'company_name_zoominfo': 'AndWhat Media', 'website': 'www.andwhatmedia.com', 'headquarters': '35 W Edwards St, Edmond, Oklahoma, 73003, United States', 'SIC Code': '73,731', 'NAICS Code': '54,541', 'revenue': '<$5M', 'Number of Employees': '<25', 'LinkedIn url': '!not-found'}
{'company_name_zoominfo': 'Adjossible', 'website': 'www.adjossible.com', 'headquarters': '2701 N Thanksgiving Way Ste 100, Lehi, Utah, 84043, United States', 'SIC Code': '48,489', 'NAICS Code': '51,517', 'revenue': '<$5M', 'Number of Employees': '<25', 'LinkedIn url': 'http://www.linkedin.com/company/adjossible'}
{'company_name_zoominfo': 'Brandpoint', 'website': 'www.brandpoint.com', 'headquarters': '850 5th St S, Hopkins, Minnesota, 55343, United States', 'SIC Code': '87,874', 'NAICS Code': '54,541', 'revenue': '$29.1M', 'Number of Employees': '120', 'LinkedIn url': 'http://www.linkedin.com/company/brandpoint'}
renewing ip
429
2a03:e600:100::67
{'company_name_zoominfo': 'Camp Creative', 'website': 'www.campcreative.net', 'headquarters': '550 Bryant St Ste 2M, San Francisco, California, 94107, United States', 'SIC Code': '87,874', 'NAICS Code': '54,541', 'revenue': '<$5M', 'Number of Employees': '<25', 'LinkedIn url': 'http://www.linkedin.com/company/camp-creative'}
{'company_name_zoominfo': 'Mindtap Marketing', 'website': 'www.mindtapmarketing.com', 'headquarters': '2100 N Greenville Ave Ste 651, Richardson, Texas, 75082, United States', 'SIC Code': '87,874', 'NAICS Code': '54,541', 'revenue': '<$5M', 'Number of Employees': '<25', 'LinkedIn url': 'http://www.linkedin.com/company/mindtap-marketing'}
{'company_name_zoominfo': 'Fractional CMO', 'website': 'www.fractionalcmo.io', 'headquarters': 'Bellevue, Washington, United States', 'SIC Code': '73,737', 'NAICS Code': '51,518', 'revenue': '<$5M', 'Number of Employees': '<25', 'LinkedIn url': 'http://www.linkedin.com/company/fractional_cmo'}
{'company_name_zoominfo': 'The Ad Firm', 'website': 'www.theadfirm.net', 'headquarters': '5151 California Ave Ste 100A, Irvine, California, 92617, United States', 'SIC Code': '73,731', 'NAICS Code': '54,541', 'revenue': '<$5M', 'Number of Employees': '<25', 'LinkedIn url': 'http://www.linkedin.com/company/the-ad-firm'}
{'company_name_zoominfo': 'The Bradford Group', 'website': 'www.bradfordgroup.com', 'headquarters': '2115 Yeaman Pl Ste 210, Nashville, Tennessee, 37206, United States', 'SIC Code': '87,874', 'NAICS Code': '54,541', 'revenue': '<$5M', 'Number of Employees': '<25', 'LinkedIn url': 'http://www.linkedin.com/company/1637109'}
{'company_name_zoominfo': 'IExposure', 'website': 'www.iexposure.com.au', 'headquarters': '196 Brisbane St, Ipswich, Queensland, 4305, Australia', 'SIC Code': '87,874', 'NAICS Code': '54,541', 'revenue': '<$5M', 'Number of Employees': '<25', 'LinkedIn url': '!not-found'}
{'company_name_zoominfo': 'Farotech', 'website': 'www.farotech.com', 'headquarters': '1100 E Hector St Ste 305, Conshohocken, Pennsylvania, 19428, United St...', 'SIC Code': '87,874', 'NAICS Code': '54,541', 'revenue': '$9M', 'Number of Employees': '<25', 'LinkedIn url': 'http://www.linkedin.com/company/farotech'}
{'company_name_zoominfo': 'Bop Design', 'website': 'www.bopdesign.com', 'headquarters': '610 W Ash St Ste 706, San Diego, California, 92101, United States', 'SIC Code': '73,737', 'NAICS Code': '54,541', 'revenue': '$13.5M', 'Number of Employees': '<25', 'LinkedIn url': 'http://www.linkedin.com/company/bop-design'}
{'company_name_zoominfo': 'ABC Digital', 'website': 'www.abcdigital.mx', 'headquarters': '383 Paseo De La Reforma Piso 7, Cuauhtemoc, Mexico City, 06500, Mexico', 'SIC Code': '73,731', 'NAICS Code': '54,541', 'revenue': '<$5M', 'Number of Employees': '<25', 'LinkedIn url': 'http://www.linkedin.com/company/abcdigitalmx'}
{'company_name_zoominfo': 'BigOrange Marketing', 'website': 'bigorange.marketing', 'headquarters': '500 Wyoming Ave Unit 2, Cincinnati, Ohio, 45215, United States', 'SIC Code': '87,874', 'NAICS Code': '54,541', 'revenue': '<$5M', 'Number of Employees': '<25', 'LinkedIn url': 'http://www.linkedin.com/company/bigorangemarketing'}
renewing ip
429
2620:18c:0:192::135
renewing ip
429
2001:67c:6ec:203:192:42:116:175
renewing ip
429
2001:67c:6ec:203:192:42:116:175
renewing ip
429
2a0b:f4c2:1::1
renewing ip
429
2a0b:f4c2:1::1
renewing ip
429
2001:67c:6ec:203:192:42:116:196
renewing ip
429
2a06:1700:0:12::4
{'company_name_zoominfo': 'Yalo', 'website': 'www.digitalyalo.com', 'headquarters': '2971 Flowers Rd S Ste 240, Chamblee, Georgia, 30341, United States', 'SIC Code': '87,874', 'NAICS Code': '54,541', 'revenue': '$18M', 'Number of Employees': '30', 'LinkedIn url': 'http://www.linkedin.com/company/digital-yalo'}
{'company_name_zoominfo': 'Revenue Architects', 'website': 'www.revenuearchitects.com', 'headquarters': '34 Fayette St Ste 100, Cambridge, Massachusetts, 02139, United States', 'SIC Code': '87,874', 'NAICS Code': '54,541', 'revenue': '$11.6M', 'Number of Employees': '<25', 'LinkedIn url': 'http://www.linkedin.com/company/revenue-architects'}
{'company_name_zoominfo': 'Grant Marketing', 'website': 'www.grantmarketing.com', 'headquarters': '75 Arlington St Ste 500, Boston, Massachusetts, 02116, United States', 'SIC Code': '73,731', 'NAICS Code': '54,541', 'revenue': '$7.2M', 'Number of Employees': '<25', 'LinkedIn url': 'http://www.linkedin.com/company/310825'}
{'company_name_zoominfo': 'Camp Creative', 'website': 'www.campcreative.net', 'headquarters': '550 Bryant St Ste 2M, San Francisco, California, 94107, United States', 'SIC Code': '87,874', 'NAICS Code': '54,541', 'revenue': '<$5M', 'Number of Employees': '<25', 'LinkedIn url': 'http://www.linkedin.com/company/camp-creative'}
{'company_name_zoominfo': 'Pivot Point Marketing', 'website': 'www.pivotpointmarketing.com', 'headquarters': '12 E Sir Francis Drake Blvd Ste F, Larkspur, California, 94939, United...', 'SIC Code': '87,874', 'NAICS Code': '54,541', 'revenue': '$5.2M', 'Number of Employees': '<25', 'LinkedIn url': 'http://www.linkedin.com/company/dorigo-systems-ltd.'}
{'company_name_zoominfo': 'Killer Visual Strategies', 'website': 'www.killervisualstrategies.com', 'headquarters': '300 E Pike St Ste 2000, Seattle, Washington, 98122, United States', 'SIC Code': '73,731', 'NAICS Code': '54,541', 'revenue': '<$5M', 'Number of Employees': '<25', 'LinkedIn url': 'http://www.linkedin.com/company/killer-visual-strategies'}
{'company_name_zoominfo': 'NotAvailable', 'website': 'NotAvailable', 'headquarters': 'NotAvailable', 'SIC Code': 'NotAvailable', 'NAICS Code': 'NotAvailable', 'revenue': 'NotAvailable', 'Number of Employees': 'NotAvailable', 'LinkedIn url': 'NotAvailable'}
{'company_name_zoominfo': 'Symmetri Marketing Group', 'website': 'www.symmetrimarketing.com', 'headquarters': '625 N Michigan Ave Ste 2100, Chicago, Illinois, 60611, United States', 'SIC Code': '73,731', 'NAICS Code': '54,541', 'revenue': '$6.3M', 'Number of Employees': '27', 'LinkedIn url': 'http://www.linkedin.com/company/symmetri-marketing-group'}
{'company_name_zoominfo': 'Rank Jacker', 'website': 'www.rank-jacker.com', 'headquarters': 'United States', 'SIC Code': '73,731', 'NAICS Code': '54,541', 'revenue': '<$5M', 'Number of Employees': '<25', 'LinkedIn url': '!not-found'}
{'company_name_zoominfo': 'Extractable', 'website': 'www.extractable.com', 'headquarters': '400 Concar Dr, San Mateo, California, 94402, United States', 'SIC Code': '73,737', 'NAICS Code': '54,541', 'revenue': '$5.2M', 'Number of Employees': '<25', 'LinkedIn url': 'http://www.linkedin.com/company/extractable'}
{'company_name_zoominfo': 'Eightfold AI', 'website': 'www.eightfold.ai', 'headquarters': '2625 Augustine Dr Ste 601, Santa Clara, California, 95054, United Stat...', 'SIC Code': '73,737', 'NAICS Code': '54,541', 'revenue': '$105M', 'Number of Employees': '500', 'LinkedIn url': 'http://www.linkedin.com/company/eightfold-consulting-llc'}
renewing ip
429
2a0b:f4c2:2::34
renewing ip
429
2a0b:f4c1:2::243
renewing ip
429
2a06:1700:0:12::3
renewing ip
429
2a0b:f4c1:2::243
renewing ip
429
2a0b:f4c1:2::243
renewing ip
429
2a0b:f4c2:1::1
renewing ip
429
2001:ba0:1800:80ac::1
{'company_name_zoominfo': 'Mainland', 'website': 'www.hellomainland.com', 'headquarters': '130 E Randolph St Ste 1950, Chicago, Illinois, 60601, United States', 'SIC Code': '87,874', 'NAICS Code': '54,541', 'revenue': '<$5M', 'Number of Employees': '<25', 'LinkedIn url': 'http://www.linkedin.com/company/hello-mainland'}
{'company_name_zoominfo': 'Hello Amigo', 'website': 'www.helloamigo.com', 'headquarters': '1002 Arizona Ave Ste 2, El Paso, Texas, 79902, United States', 'SIC Code': '73,731', 'NAICS Code': '54,541', 'revenue': '<$5M', 'Number of Employees': '<25', 'LinkedIn url': 'http://www.linkedin.com/company/viva-impulse-creative-co-'}
{'company_name_zoominfo': 'Dreambox Creations', 'website': 'www.dreamboxcreations.com', 'headquarters': '667 Cliffside Dr, San Dimas, California, 91773, United States', 'SIC Code': '73,737', 'NAICS Code': '54,541', 'revenue': '$5M', 'Number of Employees': '<25', 'LinkedIn url': 'http://www.linkedin.com/company/dreambox-creations'}
{'company_name_zoominfo': 'NotAvailable', 'website': 'NotAvailable', 'headquarters': 'NotAvailable', 'SIC Code': 'NotAvailable', 'NAICS Code': 'NotAvailable', 'revenue': 'NotAvailable', 'Number of Employees': 'NotAvailable', 'LinkedIn url': 'NotAvailable'}
{'company_name_zoominfo': 'Copperwing Design', 'website': 'www.copperwing.com', 'headquarters': '3158 Parliament Cir, Montgomery, Alabama, 36116, United States', 'SIC Code': '73,731', 'NAICS Code': '54,541', 'revenue': '<$5M', 'Number of Employees': '<25', 'LinkedIn url': 'http://www.linkedin.com/company/copperwing-design'}
{'company_name_zoominfo': 'Synchronicity Web Designs', 'website': 'www.synchronicitydesigns.com', 'headquarters': '15720 Brixham Hill Ave Ste 300, Charlotte, North Carolina, 28277, Unit...', 'SIC Code': '73,737', 'NAICS Code': '51,518', 'revenue': '<$5M', 'Number of Employees': '<25', 'LinkedIn url': 'http://www.linkedin.com/company/synchronicity-web-designs'}
{'company_name_zoominfo': 'Square 2 Marketing', 'website': 'www.square2marketing.com', 'headquarters': '1100 E Hector St Ste 222, Conshohocken, Pennsylvania, 19428, United St...', 'SIC Code': '87,874', 'NAICS Code': '54,541', 'revenue': '<$5M', 'Number of Employees': '30', 'LinkedIn url': 'http://www.linkedin.com/company/square-2-marketing'}
{'company_name_zoominfo': 'Witmer Group', 'website': 'www.witmergroup.com', 'headquarters': '14681 Midway Rd Fl 2, Addison, Texas, 75001, United States', 'SIC Code': '87,874', 'NAICS Code': '54,541', 'revenue': '$22M', 'Number of Employees': '85', 'LinkedIn url': 'http://www.linkedin.com/company/witmer-group'}
{'company_name_zoominfo': 'Borenstein Group', 'website': 'www.borensteingroup.com', 'headquarters': '8230 Leesburg Pike Ste 520, Vienna, Virginia, 22182, United States', 'SIC Code': '73,731', 'NAICS Code': '54,541', 'revenue': '<$5M', 'Number of Employees': '<25', 'LinkedIn url': 'http://www.linkedin.com/company/the-borenstein-group'}
{'company_name_zoominfo': 'The Pollack Group', 'website': 'www.pollackgroup.com', 'headquarters': '1901 Avenue of the Stars Ste 1040, Los Angeles, California, 90067, Uni...', 'SIC Code': '73,736', 'NAICS Code': '56,561', 'revenue': '<$5M', 'Number of Employees': '<25', 'LinkedIn url': 'http://www.linkedin.com/company/the-pollack-pr-marketing-group'}
{'company_name_zoominfo': 'Yakkety Yak', 'website': 'www.yakketyyak.com', 'headquarters': '216 S Jefferson St Ste 200, Chicago, Illinois, 60661, United States', 'SIC Code': '87,874', 'NAICS Code': '54,541', 'revenue': '<$5M', 'Number of Employees': '<25', 'LinkedIn url': 'http://www.linkedin.com/company/yakkety-yak'}
{'company_name_zoominfo': 'Adwizar', 'website': 'www.adwizar.com', 'headquarters': '9267 Haven Ave 110, Rancho Cucamonga, California, 91730, United States', 'SIC Code': '87,874', 'NAICS Code': '54,541', 'revenue': '<$5M', 'Number of Employees': '<25', 'LinkedIn url': 'http://www.linkedin.com/company/adwizar'}
{'company_name_zoominfo': 'Kuno Creative', 'website': 'www.kunocreative.com', 'headquarters': '3248 W Erie Ave, Lorain, Ohio, 44053, United States', 'SIC Code': '87,874', 'NAICS Code': '54,541', 'revenue': '<$5M', 'Number of Employees': '33', 'LinkedIn url': 'http://www.linkedin.com/company/kuno-creative'}
{'company_name_zoominfo': 'Fake', 'website': 'www.fake.fi', 'headquarters': 'Suunnittelutalo 5 Uutiskatu Fl 3, Helsinki, Uusimaa, 00240, Finland', 'SIC Code': '78,781', 'NAICS Code': '51,512', 'revenue': '$5.7M', 'Number of Employees': '<25', 'LinkedIn url': 'http://www.linkedin.com/company/fake-graphics'}
{'company_name_zoominfo': 'EnVeritas Group', 'website': 'www.enveritasgroup.com', 'headquarters': '9 Legrand Blvd, Greenville, South Carolina, 29607, United States', 'SIC Code': '73,737', 'NAICS Code': '54,541', 'revenue': '<$5M', 'Number of Employees': '47', 'LinkedIn url': 'http://www.linkedin.com/company/enveritas-group'}
{'company_name_zoominfo': 'ThinkPod Agency', 'website': 'www.thinkpodagency.com', 'headquarters': '602 E Dragoon Trl, Mishawaka, Indiana, 46544, United States', 'SIC Code': '73,731', 'NAICS Code': '54,541', 'revenue': '<$5M', 'Number of Employees': '<25', 'LinkedIn url': 'http://www.linkedin.com/company/thinkpod-llc'}
renewing ip
429
2001:67c:6ec:203:192:42:116:186
{'company_name_zoominfo': 'Dragon Army', 'website': 'www.dragonarmy.com', 'headquarters': '6595 Roswell Rd Ste G2013, Atlanta, Georgia, 30328, United States', 'SIC Code': '87,874', 'NAICS Code': '54,541', 'revenue': '<$5M', 'Number of Employees': '<25', 'LinkedIn url': 'http://www.linkedin.com/company/dragon-army'}
{'company_name_zoominfo': 'Firefli', 'website': 'www.firefli.com', 'headquarters': '109 Norfolk Ave SW, Roanoke, Virginia, 24011, United States', 'SIC Code': '48,489', 'NAICS Code': '51,517', 'revenue': '$7M', 'Number of Employees': '<25', 'LinkedIn url': 'http://www.linkedin.com/company/firefli-media-the-digital-agency'}
{'company_name_zoominfo': 'Avintiv Media', 'website': 'www.avintivmedia.com', 'headquarters': '9375 E Shea Blvd Ste 100, Scottsdale, Arizona, 85260, United States', 'SIC Code': '73,733', 'NAICS Code': '54,541', 'revenue': '<$5M', 'Number of Employees': '<25', 'LinkedIn url': 'http://www.linkedin.com/company/avintiv-media'}
{'company_name_zoominfo': 'Sales-and-marketing.com', 'website': 'www.sales-and-marketing.com', 'headquarters': 'United States', 'SIC Code': '73,738', 'NAICS Code': '56,561', 'revenue': '<$5M', 'Number of Employees': '<25', 'LinkedIn url': '!not-found'}
{'company_name_zoominfo': 'The Draw Shop', 'website': 'www.thedrawshop.com', 'headquarters': '3025 E 3300 S Ste D, Salt Lake City, Utah, 84109, United States', 'SIC Code': '78,781', 'NAICS Code': '51,512', 'revenue': '<$5M', 'Number of Employees': '<25', 'LinkedIn url': 'http://www.linkedin.com/company/the-draw-shop-llc'}
{'company_name_zoominfo': 'Forge Worldwide', 'website': 'www.forgeworldwide.com', 'headquarters': '142 Berkeley St Fl 4, Boston, Massachusetts, 02116, United States', 'SIC Code': '73,731', 'NAICS Code': '54,541', 'revenue': '<$5M', 'Number of Employees': '<25', 'LinkedIn url': 'http://www.linkedin.com/company/forge-worldwide'}
{'company_name_zoominfo': 'Ethic Advertising', 'website': 'www.ethic-ads.com', 'headquarters': '1 Forestwood Dr Ste 100, Pittsburgh, Pennsylvania, 15237, United State...', 'SIC Code': '73,731', 'NAICS Code': '54,541', 'revenue': '<$5M', 'Number of Employees': '<25', 'LinkedIn url': 'http://www.linkedin.com/company/ethic-advertising'}
{'company_name_zoominfo': 'Colorado Digital Learning Solutions', 'website': 'www.coloradodls.org', 'headquarters': '14154 Reserve Pl, Broomfield, Colorado, 80023, United States', 'SIC Code': '82,829', 'NAICS Code': '61,611', 'revenue': '<$5M', 'Number of Employees': '<25', 'LinkedIn url': 'http://www.linkedin.com/company/colorado-digital-learning-solutions'}
{'company_name_zoominfo': 'Miller Ad Agency', 'website': 'www.milleradagency.com', 'headquarters': '2711 Valley View Ln Ste 101, Dallas, Texas, 75234, United States', 'SIC Code': '73,731', 'NAICS Code': '54,541', 'revenue': '$7.5M', 'Number of Employees': '<25', 'LinkedIn url': 'http://www.linkedin.com/company/miller-ad-agency'}
{'company_name_zoominfo': 'Creative Mindworks', 'website': 'www.creativemindworks.com', 'headquarters': '12000 Biscayne Blvd Ste 703, Miami, Florida, 33181, United States', 'SIC Code': '73,731', 'NAICS Code': '54,541', 'revenue': '<$5M', 'Number of Employees': '<25', 'LinkedIn url': 'http://www.linkedin.com/company/creativemindworks'}
{'company_name_zoominfo': 'NotAvailable', 'website': 'NotAvailable', 'headquarters': 'NotAvailable', 'SIC Code': 'NotAvailable', 'NAICS Code': 'NotAvailable', 'revenue': 'NotAvailable', 'Number of Employees': 'NotAvailable', 'LinkedIn url': 'NotAvailable'}
{'company_name_zoominfo': 'Anvil Analytics + Insights', 'website': 'www.anvilinsights.com', 'headquarters': '140 Long Rd Ste 201, Chesterfield, Missouri, 63005, United States', 'SIC Code': '73,737', 'NAICS Code': '54,541', 'revenue': '<$5M', 'Number of Employees': '<25', 'LinkedIn url': 'http://www.linkedin.com/company/creative-anvil'}
{'company_name_zoominfo': 'Obviouslee Marketing', 'website': 'www.obviouslee.com', 'headquarters': '654 King St Ste C, Charleston, South Carolina, 29403, United States', 'SIC Code': '87,874', 'NAICS Code': '54,541', 'revenue': '<$5M', 'Number of Employees': '<25', 'LinkedIn url': 'http://www.linkedin.com/company/obviouslee-marketing'}
renewing ip
429
2a0b:f4c0:16c:2::1
{'company_name_zoominfo': 'BlueTreeDigital', 'website': 'www.bluetreedigital.com', 'headquarters': '201 F-royal St, Leesburg, Virginia, 20175, United States', 'SIC Code': '87,874', 'NAICS Code': '54,541', 'revenue': '<$5M', 'Number of Employees': '<25', 'LinkedIn url': 'http://www.linkedin.com/company/blue-tree-digital'}
{'company_name_zoominfo': 'Morrison', 'website': 'morrison.agency', 'headquarters': '3500 Piedmont Rd NE Ste 700, Atlanta, Georgia, 30305, United States', 'SIC Code': '73,731', 'NAICS Code': '54,541', 'revenue': '$16.2M', 'Number of Employees': '57', 'LinkedIn url': 'http://www.linkedin.com/company/the-morrison-agency'}
{'company_name_zoominfo': 'Legal Internet Solutions', 'website': 'www.legalisi.com', 'headquarters': '915 Shady Grove Way, West Chester, Pennsylvania, 19382, United States', 'SIC Code': '73,737', 'NAICS Code': '51,517', 'revenue': '<$5M', 'Number of Employees': '<25', 'LinkedIn url': 'http://www.linkedin.com/company/legal-internet-solutions-incorporated'}
{'company_name_zoominfo': 'AMG Marketing Resources', 'website': 'www.accessamg.com', 'headquarters': '30670 Bainbridge Rd Ste 200, Solon, Ohio, 44139, United States', 'SIC Code': '87,874', 'NAICS Code': '54,541', 'revenue': '$5.3M', 'Number of Employees': '26', 'LinkedIn url': 'http://www.linkedin.com/company/amg-marketing-resources'}
{'company_name_zoominfo': 'JCVapour', 'website': 'www.basilbadwanclassifieds.com', 'headquarters': '206 State Rte 32, Carlton, Victoria, 3053, Australia', 'SIC Code': '82,821', 'NAICS Code': '61,611', 'revenue': '<$5M', 'Number of Employees': '<25', 'LinkedIn url': '!not-found'}
{'company_name_zoominfo': 'Main Event Digital', 'website': 'www.maineventdigital.com', 'headquarters': '117 Cary Ave, Highland Park, Illinois, 60035, United States', 'SIC Code': '73,731', 'NAICS Code': '54,541', 'revenue': '$5.1M', 'Number of Employees': '<25', 'LinkedIn url': 'http://www.linkedin.com/company/maineventdigital'}
{'company_name_zoominfo': 'The Hatch Agency', 'website': 'www.thehatchagency.com', 'headquarters': '85 Broad St Fl 29, New York City, New York, 10004, United States', 'SIC Code': '87,874', 'NAICS Code': '54,541', 'revenue': '$6.4M', 'Number of Employees': '<25', 'LinkedIn url': 'http://www.linkedin.com/company/the-hatch-agency'}
{'company_name_zoominfo': 'Markitects', 'website': 'www.markitects.com', 'headquarters': '107 W Lancaster Ave Ste 203, Wayne, Pennsylvania, 19087, United States', 'SIC Code': '87,874', 'NAICS Code': '54,541', 'revenue': '<$5M', 'Number of Employees': '<25', 'LinkedIn url': 'http://www.linkedin.com/company/markitects-inc-'}
{'company_name_zoominfo': 'Captura Group', 'website': 'www.capturagroup.com', 'headquarters': '408 Nutmeg St, San Diego, California, 92103, United States', 'SIC Code': '73,731', 'NAICS Code': '54,541', 'revenue': '$14.3M', 'Number of Employees': '<25', 'LinkedIn url': 'http://www.linkedin.com/company/captura-group-'}
{'company_name_zoominfo': 'RecurPost', 'website': 'www.recurpost.com', 'headquarters': '148 Turtle Creek Dr, Winder, Georgia, 30680, United States', 'SIC Code': '87,874', 'NAICS Code': '54,541', 'revenue': '$5.3M', 'Number of Employees': '<25', 'LinkedIn url': 'http://www.linkedin.com/company/recur-post'}
{'company_name_zoominfo': 'Grayscale Entertainment', 'website': 'www.grayscalemarketing.com', 'headquarters': '310 Jefferson St Ste 104, Nashville, Tennessee, 37208, United States', 'SIC Code': '87,874', 'NAICS Code': '54,541', 'revenue': '<$5M', 'Number of Employees': '<25', 'LinkedIn url': 'http://www.linkedin.com/company/grayscale-entertainment'}
{'company_name_zoominfo': '!not-found', 'website': 'Stan Massage Therapy', 'headquarters': '!not-found', 'SIC Code': '!not-found', 'NAICS Code': '!not-found', 'revenue': '!not-found', 'Number of Employees': '!not-found', 'LinkedIn url': '!not-found'}
{'company_name_zoominfo': 'Catalyst Marketing Agency', 'website': 'www.catalystmarketing.io', 'headquarters': '1415 Park Ave W, Denver, Colorado, 80205, United States', 'SIC Code': '87,874', 'NAICS Code': '54,541', 'revenue': '<$5M', 'Number of Employees': '<25', 'LinkedIn url': 'http://www.linkedin.com/company/7788981'}
{'company_name_zoominfo': 'Airfoil Group', 'website': 'www.airfoilgroup.com', 'headquarters': '336 N Main St, Royal Oak, Michigan, 48067, United States', 'SIC Code': '73,731', 'NAICS Code': '54,541', 'revenue': '$10.1M', 'Number of Employees': '33', 'LinkedIn url': 'http://www.linkedin.com/company/airfoil'}
{'company_name_zoominfo': 'NotAvailable', 'website': 'NotAvailable', 'headquarters': 'NotAvailable', 'SIC Code': 'NotAvailable', 'NAICS Code': 'NotAvailable', 'revenue': 'NotAvailable', 'Number of Employees': 'NotAvailable', 'LinkedIn url': 'NotAvailable'}
{'company_name_zoominfo': 'Backstory Creative', 'website': 'www.backstory.cc', 'headquarters': '1306 W Herndon Ave Ste 108, Fresno, California, 93711, United States', 'SIC Code': '73,733', 'NAICS Code': '54,541', 'revenue': '<$5M', 'Number of Employees': '<25', 'LinkedIn url': 'http://www.linkedin.com/company/backstory-creative'}
{'company_name_zoominfo': 'Bold Contractors', 'website': 'www.boldcontractors.com', 'headquarters': '6600 Brookwood Blvd, Tamarac, Florida, 33321, United States', 'SIC Code': '15,152', 'NAICS Code': '23,236', 'revenue': '<$5M', 'Number of Employees': '<25', 'LinkedIn url': '!not-found'}
{'company_name_zoominfo': 'Real Internet Sales', 'website': 'www.realinternetsales.com', 'headquarters': '7001 St Andrews Rd 329, Columbia, South Carolina, 29212, United States', 'SIC Code': '87,874', 'NAICS Code': '54,541', 'revenue': '<$5M', 'Number of Employees': '<25', 'LinkedIn url': 'http://www.linkedin.com/company/real-internet-sales'}
renewing ip
429
2a0b:f4c0:16c:10::1
{'company_name_zoominfo': 'b2C International', 'website': 'www.b2cinternational.com', 'headquarters': '535 The Plz Unit 318, London, Greater London, SW10 0SZ, United Kingdom', 'SIC Code': '73,738', 'NAICS Code': '56,561', 'revenue': '<$5M', 'Number of Employees': '<25', 'LinkedIn url': '!not-found'}
{'company_name_zoominfo': 'CustomerBloom', 'website': 'www.customerbloom.com', 'headquarters': '45 E Madison Ave Fl 2, Clifton, New Jersey, 07011, United States', 'SIC Code': '87,874', 'NAICS Code': '54,541', 'revenue': '<$5M', 'Number of Employees': '<25', 'LinkedIn url': 'http://www.linkedin.com/company/customer-bloom'}
{'company_name_zoominfo': 'Coffee Digital', 'website': 'www.coffeeww.com', 'headquarters': '177 Mott St, New York, New York, 10012, United States', 'SIC Code': '78,781', 'NAICS Code': '51,512', 'revenue': '<$5M', 'Number of Employees': '<25', 'LinkedIn url': 'http://www.linkedin.com/company/coffee-labs'}
{'company_name_zoominfo': 'BIGEYE', 'website': 'www.bigeyeagency.com', 'headquarters': '3203 Lawton Rd Fl 2, Orlando, Florida, 32803, United States', 'SIC Code': '73,731', 'NAICS Code': '54,541', 'revenue': '$7.4M', 'Number of Employees': '<25', 'LinkedIn url': 'http://www.linkedin.com/company/bigeye'}
{'company_name_zoominfo': 'Digital Operative', 'website': 'www.digitaloperative.com', 'headquarters': '404 Camino Del Rio S Ste 200, San Diego, California, 92108, United Sta...', 'SIC Code': '73,731', 'NAICS Code': '54,541', 'revenue': '$5.5M', 'Number of Employees': '<25', 'LinkedIn url': 'http://www.linkedin.com/company/digital-operative-inc-'}
{'company_name_zoominfo': 'Tech Image', 'website': 'www.techimage.com', 'headquarters': '330 N Wabash Ave Ste 1900, Chicago, Illinois, 60611, United States', 'SIC Code': '87,874', 'NAICS Code': '54,541', 'revenue': '$7.4M', 'Number of Employees': '<25', 'LinkedIn url': 'http://www.linkedin.com/company/tech-image'}
{'company_name_zoominfo': 'The Cyphers Agency', 'website': 'www.thecyphersagency.com', 'headquarters': '1682 Village Grn, Crofton, Maryland, 21114, United States', 'SIC Code': '73,731', 'NAICS Code': '54,541', 'revenue': '$5.3M', 'Number of Employees': '<25', 'LinkedIn url': 'http://www.linkedin.com/company/the-cyphers-agency'}
{'company_name_zoominfo': 'Larym Design', 'website': 'www.larymdesign.com', 'headquarters': '1980 Festival Plaza Dr Ste 300, Las Vegas, Nevada, 89135, United State...', 'SIC Code': '73,733', 'NAICS Code': '54,541', 'revenue': '<$5M', 'Number of Employees': '<25', 'LinkedIn url': 'http://www.linkedin.com/company/larym-design'}
{'company_name_zoominfo': 'Clearport', 'website': 'www.clearportinc.com', 'headquarters': '163 Madison Ave, Morristown, New Jersey, 07960, United States', 'SIC Code': '73,736', 'NAICS Code': '54,541', 'revenue': '<$5M', 'Number of Employees': '<25', 'LinkedIn url': 'http://www.linkedin.com/company/1832471'}
{'company_name_zoominfo': 'The Clay Media', 'website': 'www.theclaymedia.com', 'headquarters': '5000 Birch St Ste 3000, Newport Beach, California, 92660, United State...', 'SIC Code': '73,737', 'NAICS Code': '51,517', 'revenue': '<$5M', 'Number of Employees': '<25', 'LinkedIn url': 'http://www.linkedin.com/company/the-clay-media'}
{'company_name_zoominfo': 'Aspire', 'website': 'www.aspire.com', 'headquarters': 'PO Box 105555, Atlanta, Georgia, 30348, United States', 'SIC Code': '48,484', 'NAICS Code': '51,515', 'revenue': '$6.1M', 'Number of Employees': '31', 'LinkedIn url': 'http://www.linkedin.com/company/aspiresearch'}
{'company_name_zoominfo': 'Black Marketing', 'website': 'www.blackmarketinginc.com', 'headquarters': '3525 Del Mar Heights Rd 403, San Diego, California, 92130, United Stat...', 'SIC Code': '73,737', 'NAICS Code': '51,518', 'revenue': '<$5M', 'Number of Employees': '<25', 'LinkedIn url': '!not-found'}
{'company_name_zoominfo': 'Garbage Dream', 'website': 'www.garbagedream.com', 'headquarters': '315 N Puente St Ste E, Brea, California, 92821, United States', 'SIC Code': '73,731', 'NAICS Code': '54,541', 'revenue': '<$5M', 'Number of Employees': '<25', 'LinkedIn url': 'http://www.linkedin.com/company/garbage-dream'}
site-not-indexed

{'company_name_zoominfo': '!not-found', 'website': '!not-found', 'headquarters': '!not-found', 'SIC Code': '!not-found', 'NAICS Code': '!not-found', 'revenue': '!not-found', 'Number of Employees': '!not-found', 'LinkedIn url': '!not-found'}
{'company_name_zoominfo': 'TREW Marketing', 'website': 'www.trewmarketing.com', 'headquarters': '4301 W William Cannon Dr Ste B, Austin, Texas, 78749, United States', 'SIC Code': '87,874', 'NAICS Code': '54,541', 'revenue': '<$5M', 'Number of Employees': '<25', 'LinkedIn url': 'http://www.linkedin.com/company/trew-marketing'}
renewing ip
429
2a0b:f4c0:16c:6::1
renewing ip
429
2001:67c:6ec:203:192:42:116:201
renewing ip
429
2001:67c:6ec:203:192:42:116:201
renewing ip
429
2a03:94e0:ffff:185:181:61:0:115
{'company_name_zoominfo': 'Vertical Web', 'website': 'www.vertical-web.com', 'headquarters': '533 Church St, Nashville, Tennessee, 37219, United States', 'SIC Code': '87,874', 'NAICS Code': '54,541', 'revenue': '<$5M', 'Number of Employees': '<25', 'LinkedIn url': 'http://www.linkedin.com/company/vertical-web---digital-marketing-agency'}
{'company_name_zoominfo': 'Blackbird Garage', 'website': 'www.blackbirdgarage.com', 'headquarters': '222 W Merchandise Mart Plz, Chicago, Illinois, 60654, United States', 'SIC Code': '75,753', 'NAICS Code': '81,811', 'revenue': '$5.6M', 'Number of Employees': '29', 'LinkedIn url': 'http://www.linkedin.com/company/blackbird-garage'}
{'company_name_zoominfo': '!not-found', 'website': 'IntegrateHQ', 'headquarters': '!not-found', 'SIC Code': '!not-found', 'NAICS Code': '!not-found', 'revenue': '!not-found', 'Number of Employees': '!not-found', 'LinkedIn url': '!not-found'}
{'company_name_zoominfo': 'MODintelechy', 'website': 'www.modintelechy.com', 'headquarters': '4005 Guadalupe St, Austin, Texas, 78751, United States', 'SIC Code': '73,731', 'NAICS Code': '54,541', 'revenue': '<$5M', 'Number of Employees': '<25', 'LinkedIn url': 'http://www.linkedin.com/company/intelechy-group'}
{'company_name_zoominfo': 'Ignite Marketing Solutions', 'website': 'www.ignitemarketingsolutions.com', 'headquarters': '4132 Stuart St, Denver, Colorado, 80212, United States', 'SIC Code': '87,873', 'NAICS Code': '54,541', 'revenue': '<$5M', 'Number of Employees': '<25', 'LinkedIn url': 'http://www.linkedin.com/company/ignite-mobile-solutions'}
{'company_name_zoominfo': 'Delightful Communications', 'website': 'www.delightfulcommunications.com', 'headquarters': '111 S Jackson St, Seattle, Washington, 98104, United States', 'SIC Code': '48,489', 'NAICS Code': '51,517', 'revenue': '<$5M', 'Number of Employees': '<25', 'LinkedIn url': 'http://www.linkedin.com/company/delightful-communications'}
{'company_name_zoominfo': 'Horowitz Agency', 'website': 'www.horowitzagency.com', 'headquarters': '15260 Ventura Blvd Ste 1200, Sherman Oaks, California, 91403, United S...', 'SIC Code': '73,731', 'NAICS Code': '54,541', 'revenue': '<$5M', 'Number of Employees': '<25', 'LinkedIn url': 'http://www.linkedin.com/company/horowitz-agency'}
{'company_name_zoominfo': 'SocialMadeSimple', 'website': 'www.socialmadesimple.com', 'headquarters': '181 Wells Ave Ste 104, Newton, Massachusetts, 02459, United States', 'SIC Code': '73,737', 'NAICS Code': '51,517', 'revenue': '<$5M', 'Number of Employees': '<25', 'LinkedIn url': 'http://www.linkedin.com/company/socialmedia-made-easy'}
{'company_name_zoominfo': 'Enigma Seo Consulting', 'website': 'www.seowebsitepromotion.com', 'headquarters': '420 N 5th St 170, Minneapolis, Minnesota, 55401, United States', 'SIC Code': '73,731', 'NAICS Code': '54,541', 'revenue': '<$5M', 'Number of Employees': '<25', 'LinkedIn url': '!not-found'}
{'company_name_zoominfo': 'Everrise', 'website': 'www.ever-rise.co.jp', 'headquarters': 'Japan', 'SIC Code': '67,671', 'NAICS Code': '55,551', 'revenue': '$8M', 'Number of Employees': '35', 'LinkedIn url': 'http://www.linkedin.com/company/everrise'}
{'company_name_zoominfo': 'Scorch', 'website': 'www.thescorch.com', 'headquarters': '142 Belmont Circular Rd Belmont, Port of Spain, City of Port of Spain,...', 'SIC Code': '27,48', 'NAICS Code': '51,515', 'revenue': '<$5M', 'Number of Employees': '<25', 'LinkedIn url': 'http://www.linkedin.com/company/scorch-ltd.'}
{'company_name_zoominfo': 'Brighttail', 'website': 'www.brighttail.com', 'headquarters': '1910 Thomes Ave, Cheyenne, Wyoming, 82001, United States', 'SIC Code': '73,731', 'NAICS Code': '54,541', 'revenue': '<$5M', 'Number of Employees': '33', 'LinkedIn url': 'http://www.linkedin.com/company/brighttail'}
