{'company_name_zoominfo': 'GetMySites', 'website': 'www.getmysites.com', 'headquarters': '371 Hoes Ln Ste 200 236, Piscataway, New Jersey, 08854, United States', 'SIC Code': '73,737', 'NAICS Code': '54,541', 'revenue': '<$5M', 'Number of Employees': '<25', 'LinkedIn url': 'http://www.linkedin.com/company/get-my-sites'}
{'company_name_zoominfo': 'Simple Focus', 'website': 'www.simplefocus.com', 'headquarters': '2527 Broad Ave, Memphis, Tennessee, 38112, United States', 'SIC Code': '73,733', 'NAICS Code': '54,541', 'revenue': '$5.2M', 'Number of Employees': '<25', 'LinkedIn url': 'http://www.linkedin.com/company/simple-focus'}
{'company_name_zoominfo': 'New Kind', 'website': 'www.newkind.com', 'headquarters': '310 S Harrington St, Raleigh, North Carolina, 27603, United States', 'SIC Code': '73,733', 'NAICS Code': '54,541', 'revenue': '<$5M', 'Number of Employees': '<25', 'LinkedIn url': 'http://www.linkedin.com/company/newkind'}
{'company_name_zoominfo': 'SDA Natural', 'website': 'www.sda-natural.com', 'headquarters': 'Rehov, Northern District, Israel', 'SIC Code': '01,018', 'NAICS Code': '11,111', 'revenue': '<$5M', 'Number of Employees': '<25', 'LinkedIn url': 'http://www.linkedin.com/company/sda-natural'}
{'company_name_zoominfo': 'Cahoople', 'website': 'www.cahoople.com', 'headquarters': '1075 Peachtree St NE, Atlanta, Georgia, 30309, United States', 'SIC Code': '87,874', 'NAICS Code': '54,541', 'revenue': '$6.1M', 'Number of Employees': '<25', 'LinkedIn url': 'http://www.linkedin.com/company/cahoople'}
{'company_name_zoominfo': 'NotAvailable', 'website': 'NotAvailable', 'headquarters': 'NotAvailable', 'SIC Code': 'NotAvailable', 'NAICS Code': 'NotAvailable', 'revenue': 'NotAvailable', 'Number of Employees': 'NotAvailable', 'LinkedIn url': 'NotAvailable'}
{'company_name_zoominfo': 'Butler Associates', 'website': 'www.butlerassociates.com', 'headquarters': '353 Lexington Ave Fl 17, New York, New York, 10016, United States', 'SIC Code': '87,874', 'NAICS Code': '54,541', 'revenue': '<$5M', 'Number of Employees': '<25', 'LinkedIn url': 'http://www.linkedin.com/company/2425404'}
{'company_name_zoominfo': 'BrandMinded', 'website': 'www.brandminded.com', 'headquarters': '600 S Magnolia Ave Ste 310, Tampa, Florida, 33606, United States', 'SIC Code': '73,731', 'NAICS Code': '54,541', 'revenue': '<$5M', 'Number of Employees': '<25', 'LinkedIn url': 'http://www.linkedin.com/company/brandmindeddigitalmarketing'}
{'company_name_zoominfo': 'NotAvailable', 'website': 'NotAvailable', 'headquarters': 'NotAvailable', 'SIC Code': 'NotAvailable', 'NAICS Code': 'NotAvailable', 'revenue': 'NotAvailable', 'Number of Employees': 'NotAvailable', 'LinkedIn url': 'NotAvailable'}
renewing ip
429
2620:7:6001::122
{'company_name_zoominfo': 'Axiom America', 'website': 'www.axiomamerica.com', 'headquarters': '1110 Surrett Dr, High Point, North Carolina, 27260, United States', 'SIC Code': '50,508', 'NAICS Code': '42,423', 'revenue': '$8.6M', 'Number of Employees': '35', 'LinkedIn url': 'http://www.linkedin.com/company/axiom-america'}
{'company_name_zoominfo': '!not-found', 'website': 'Strother Communications Group', 'headquarters': '!not-found', 'SIC Code': '!not-found', 'NAICS Code': '!not-found', 'revenue': '!not-found', 'Number of Employees': '!not-found', 'LinkedIn url': '!not-found'}
{'company_name_zoominfo': 'Point to Point', 'website': 'www.pointtopoint.com', 'headquarters': '23240 Chagrin Blvd Ste 200, Cleveland, Ohio, 44122, United States', 'SIC Code': '73,731', 'NAICS Code': '54,541', 'revenue': '$6.8M', 'Number of Employees': '29', 'LinkedIn url': 'http://www.linkedin.com/company/pointtopointinc'}
{'company_name_zoominfo': 'BlaineTurner Advertising', 'website': 'www.blaineturner.com', 'headquarters': '1401 Saratoga Ave, Morgantown, West Virginia, 26505, United States', 'SIC Code': '73,731', 'NAICS Code': '54,541', 'revenue': '<$5M', 'Number of Employees': '<25', 'LinkedIn url': 'http://www.linkedin.com/company/blaineturner-advertising-inc'}
{'company_name_zoominfo': 'Lord of Life Lutheran Church', 'website': 'www.planolutheran.com', 'headquarters': '3601 W 15th St, Plano, Texas, 75075, United States', 'SIC Code': '86,866', 'NAICS Code': '81,813', 'revenue': '<$5M', 'Number of Employees': '<25', 'LinkedIn url': '!not-found'}
{'company_name_zoominfo': 'Third Coast Interactive', 'website': '3ci.agency', 'headquarters': '436 Main St Ste 200, Franklin, Tennessee, 37064, United States', 'SIC Code': '87,874', 'NAICS Code': '54,541', 'revenue': '<$5M', 'Number of Employees': '<25', 'LinkedIn url': 'http://www.linkedin.com/company/third-coast-interactive-inc'}
{'company_name_zoominfo': 'zoo://icon - Interactive Marketing Services', 'website': 'www.zooicon.com', 'headquarters': 'Berlin, Berlin, Germany', 'SIC Code': '87,874', 'NAICS Code': '54,541', 'revenue': '<$5M', 'Number of Employees': '<25', 'LinkedIn url': 'http://www.linkedin.com/company/zoo-icon--interactive-marketing-services'}
{'company_name_zoominfo': 'Social Frontier', 'website': 'www.socialfrontier.com', 'headquarters': '16192 Coastal Hwy, Lewes, Delaware, 19958, United States', 'SIC Code': '87,874', 'NAICS Code': '54,541', 'revenue': '<$5M', 'Number of Employees': '<25', 'LinkedIn url': 'http://www.linkedin.com/company/13239640'}
{'company_name_zoominfo': 'Mueller Communications', 'website': 'www.muellercommunications.com', 'headquarters': '1749 N Prospect Ave, Milwaukee, Wisconsin, 53202, United States', 'SIC Code': '87,874', 'NAICS Code': '54,541', 'revenue': '$7.6M', 'Number of Employees': '27', 'LinkedIn url': 'http://www.linkedin.com/company/mueller-communications'}
{'company_name_zoominfo': 'Thynks', 'website': 'www.thynks.com', 'headquarters': '4232 Mahogany Ridge Dr, Weston, Florida, 33331, United States', 'SIC Code': '73,731', 'NAICS Code': '54,541', 'revenue': '<$5M', 'Number of Employees': '<25', 'LinkedIn url': 'http://www.linkedin.com/company/thynks'}
{'company_name_zoominfo': 'Buzzhoney', 'website': 'www.buzzhoney.com', 'headquarters': '461 Cochran Rd Ste 113, Pittsburgh, Pennsylvania, 15228, United States', 'SIC Code': '87,874', 'NAICS Code': '54,541', 'revenue': '$7.8M', 'Number of Employees': '<25', 'LinkedIn url': 'http://www.linkedin.com/company/buzzhoney'}
{'company_name_zoominfo': '818 Agency', 'website': 'www.818agency.com', 'headquarters': '110 E 25th St, New York, New York, 10010, United States', 'SIC Code': '73,731', 'NAICS Code': '52,524', 'revenue': '$5.5M', 'Number of Employees': '<25', 'LinkedIn url': 'http://www.linkedin.com/company/818agency'}
('Connection aborted.', RemoteDisconnected('Remote end closed connection without response'))
<class 'UnboundLocalError'>
error in http://webcache.googleusercontent.com/search?q=cache%3Ahttps%3A%2F%2Fwww.zoominfo.com%2Fc%2Fpubliq-group-inc%2F370916636
local variable 'page_content' referenced before assignment
https://www.zoominfo.com/c/publiq-group-inc/370916636
{'company_name_zoominfo': '!unknown-error', 'website': '!unknown-error', 'headquarters': '!unknown-error', 'SIC Code': '!unknown-error', 'NAICS Code': '!unknown-error', 'revenue': '!unknown-error', 'Number of Employees': '!unknown-error', 'LinkedIn url': '!unknown-error'}
renewing ip
429
2a03:e600:100::77
{'company_name_zoominfo': 'VSC', 'website': 'www.vsc.co', 'headquarters': '76 2nd St Fl 2, San Francisco, California, 94105, United States', 'SIC Code': '87,874', 'NAICS Code': '54,541', 'revenue': '$11.9M', 'Number of Employees': '<25', 'LinkedIn url': 'http://www.linkedin.com/company/vsc-consulting'}
{'company_name_zoominfo': 'Agency Zero', 'website': 'www.agencyzero.com', 'headquarters': '1201 E Colfax Ave Ste 203, Denver, Colorado, 80218, United States', 'SIC Code': '73,731', 'NAICS Code': '54,541', 'revenue': '<$5M', 'Number of Employees': '<25', 'LinkedIn url': 'http://www.linkedin.com/company/agency-zero'}
{'company_name_zoominfo': 'Agency501', 'website': 'www.agency501.com', 'headquarters': 'PO Box 501, Little Rock, Arkansas, 72203, United States', 'SIC Code': '73,731', 'NAICS Code': '54,541', 'revenue': '<$5M', 'Number of Employees': '<25', 'LinkedIn url': 'http://www.linkedin.com/company/agency501'}
{'company_name_zoominfo': 'Audienz', 'website': 'www.audienz.com', 'headquarters': '2033 6th Ave Ste 600, Seattle, Washington, 98121, United States', 'SIC Code': '87,874', 'NAICS Code': '54,541', 'revenue': '$20.3M', 'Number of Employees': '<25', 'LinkedIn url': 'http://www.linkedin.com/company/audienz-llc'}
{'company_name_zoominfo': 'Freshwater Digital', 'website': 'www.fwdigital.net', 'headquarters': '4585 40th St SE, Grand Rapids, Michigan, 49512, United States', 'SIC Code': '73,731', 'NAICS Code': '54,541', 'revenue': '<$5M', 'Number of Employees': '<25', 'LinkedIn url': 'http://www.linkedin.com/company/freshwater-digital-media-partners'}
{'company_name_zoominfo': 'The Brooklyn Strategist', 'website': 'www.thebrooklynstrategist.com', 'headquarters': '333 Court St, Brooklyn, New York, 11231, United States', 'SIC Code': '59,594', 'NAICS Code': '45,451', 'revenue': '<$5M', 'Number of Employees': '<25', 'LinkedIn url': '!not-found'}
{'company_name_zoominfo': 'Mineral', 'website': 'www.mineralownermart.com', 'headquarters': 'PO Box 720754, Norman, Oklahoma, 73070, United States', 'SIC Code': '32,329', 'NAICS Code': '32,327', 'revenue': '<$5M', 'Number of Employees': '<25', 'LinkedIn url': '!not-found'}
{'company_name_zoominfo': 'Multiple', 'website': 'www.multipleinc.com', 'headquarters': '845 W Washington Blvd Fl 5, Chicago, Illinois, 60607, United States', 'SIC Code': '73,733', 'NAICS Code': '54,541', 'revenue': '$18.2M', 'Number of Employees': '<25', 'LinkedIn url': 'http://www.linkedin.com/company/multiple-inc-'}
{'company_name_zoominfo': 'E/LA Advertising', 'website': 'www.ela1.com', 'headquarters': '18301 Von Karman Ave Ste 150, Irvine, California, 92612, United States', 'SIC Code': '73,731', 'NAICS Code': '54,541', 'revenue': '<$5M', 'Number of Employees': '37', 'LinkedIn url': 'http://www.linkedin.com/company/2348611'}
{'company_name_zoominfo': 'Krishnan & Associates', 'website': 'www.krishnaninc.com', 'headquarters': '1516 Bedford St, Stamford, Connecticut, 06905, United States', 'SIC Code': '87,874', 'NAICS Code': '54,541', 'revenue': '$11.5M', 'Number of Employees': '27', 'LinkedIn url': 'http://www.linkedin.com/company/krishnan-&-associates-inc-'}
{'company_name_zoominfo': '!not-found', 'website': 'Words From The Woods', 'headquarters': '!not-found', 'SIC Code': '!not-found', 'NAICS Code': '!not-found', 'revenue': '!not-found', 'Number of Employees': '!not-found', 'LinkedIn url': '!not-found'}
{'company_name_zoominfo': 'MoreYellow', 'website': 'www.moreyellow.com', 'headquarters': '27132 Paseo Espada Ste A402, San Juan Capistrano, California, 92675, U...', 'SIC Code': '73,731', 'NAICS Code': '54,541', 'revenue': '<$5M', 'Number of Employees': '<25', 'LinkedIn url': 'http://www.linkedin.com/company/moreyellow'}
renewing ip
429
2a03:e600:100::67
{'company_name_zoominfo': 'Idea-Evolver', 'website': 'www.ideaevolver.com', 'headquarters': '1315 Walnut St Ste 932, Philadelphia, Pennsylvania, 19107, United Stat...', 'SIC Code': '87,874', 'NAICS Code': '54,541', 'revenue': '$5.6M', 'Number of Employees': '<25', 'LinkedIn url': 'http://www.linkedin.com/company/idea-evolver'}
{'company_name_zoominfo': 'Duft Watterson', 'website': 'www.duftwatterson.com', 'headquarters': '176 Scapitol Blvd Ste 200, Boise, Idaho, 83702, United States', 'SIC Code': '73,731', 'NAICS Code': '54,541', 'revenue': '<$5M', 'Number of Employees': '<25', 'LinkedIn url': '!not-found'}
{'company_name_zoominfo': 'Ample', 'website': 'www.ample.co', 'headquarters': '8 E 4th St Fl 2, Cincinnati, Ohio, 45202, United States', 'SIC Code': '87,874', 'NAICS Code': '56,561', 'revenue': '$16.8M', 'Number of Employees': '29', 'LinkedIn url': 'http://www.linkedin.com/company/ample'}
{'company_name_zoominfo': 'Joan Creative', 'website': 'www.joancreative.com', 'headquarters': '44 Wall St Ste 905, New York, New York, 10005, United States', 'SIC Code': '73,731', 'NAICS Code': '54,541', 'revenue': '$5.2M', 'Number of Employees': '25', 'LinkedIn url': 'http://www.linkedin.com/company/joan-creative'}
{'company_name_zoominfo': 'Jaxon Communications', 'website': 'www.jaxoncommunications.com', 'headquarters': '4210 Hanahao Pl Ste 202, Lihue, Hawaii, 96766, United States', 'SIC Code': '48,489', 'NAICS Code': '51,517', 'revenue': '<$5M', 'Number of Employees': '<25', 'LinkedIn url': 'http://www.linkedin.com/company/jaxon-communications'}
{'company_name_zoominfo': 'Imaginary Trout', 'website': 'www.imaginarytrout.com', 'headquarters': '1314 S Grand Blvd Ste 2 269, Spokane, Washington, 99202, United States', 'SIC Code': '73,737', 'NAICS Code': '51,517', 'revenue': '<$5M', 'Number of Employees': '<25', 'LinkedIn url': 'http://www.linkedin.com/company/imaginary-trout'}
{'company_name_zoominfo': 'Most Consulting Groupdoes', 'website': 'www.mostcg.com', 'headquarters': '1516 N 5th St Ste 108, Philadelphia, Pennsylvania, 19122, United State...', 'SIC Code': '73,731', 'NAICS Code': '54,541', 'revenue': '<$5M', 'Number of Employees': '<25', 'LinkedIn url': "http://www.linkedin.com/company/smokin'-hot-solutions"}
{'company_name_zoominfo': 'Ntooitive Digital', 'website': 'www.ntooitive.com', 'headquarters': '8350 W Sahara Ave Ste 290, Las Vegas, Nevada, 89117, United States', 'SIC Code': '73,731', 'NAICS Code': '54,541', 'revenue': '$19.9M', 'Number of Employees': '36', 'LinkedIn url': 'http://www.linkedin.com/company/ntooitive'}
{'company_name_zoominfo': 'Web Canopy Studio', 'website': 'www.webcanopystudio.com', 'headquarters': '400 W Front St Ste 200, Traverse City, Michigan, 49684, United States', 'SIC Code': '73,737', 'NAICS Code': '51,518', 'revenue': '<$5M', 'Number of Employees': '<25', 'LinkedIn url': 'http://www.linkedin.com/company/web-canopy-studio'}
{'company_name_zoominfo': 'Purohit Navigation', 'website': 'www.purohitnavigation.com', 'headquarters': '233 S Wacker Dr Ste 6220, Chicago, Illinois, 60606, United States', 'SIC Code': '73,731', 'NAICS Code': '54,541', 'revenue': '$6.7M', 'Number of Employees': '<25', 'LinkedIn url': 'http://www.linkedin.com/company/purohit-navigation'}
renewing ip
429
2620:18c:0:192::135
renewing ip
429
2001:67c:6ec:203:192:42:116:175
renewing ip
429
2001:67c:6ec:203:192:42:116:175
renewing ip
429
2a0b:f4c2:1::1
renewing ip
429
2a0b:f4c2:1::1
renewing ip
429
2001:67c:6ec:203:192:42:116:196
renewing ip
429
2a06:1700:0:12::4
{'company_name_zoominfo': 'Kingdom Digital', 'website': 'www.kingdomdigital.com.my', 'headquarters': 'A.03.01 & A.03.02 Block a Menara Mustapha Kamal Pj Trade Centre Jalan ...', 'SIC Code': '73,731', 'NAICS Code': '54,541', 'revenue': '$16.6M', 'Number of Employees': '30', 'LinkedIn url': 'http://www.linkedin.com/company/kingdom-digital'}
{'company_name_zoominfo': '!not-found', 'website': '!not-found', 'headquarters': '!not-found', 'SIC Code': '!not-found', 'NAICS Code': '!not-found', 'revenue': '!not-found', 'Number of Employees': '!not-found', 'LinkedIn url': '!not-found'}
{'company_name_zoominfo': 'Chicago Digital', 'website': 'www.chicagodigital.com', 'headquarters': '213 W Institute Pl Ste 301, Chicago, Illinois, 60610, United States', 'SIC Code': '73,737', 'NAICS Code': '51,518', 'revenue': '<$5M', 'Number of Employees': '<25', 'LinkedIn url': 'http://www.linkedin.com/company/chicago-digital'}
{'company_name_zoominfo': 'Ripen', 'website': 'www.ripen.com', 'headquarters': '21 Roszel Rd Ste 100, Princeton, New Jersey, 08540, United States', 'SIC Code': '73,733', 'NAICS Code': '54,541', 'revenue': '$10.9M', 'Number of Employees': '<25', 'LinkedIn url': 'http://www.linkedin.com/company/ripen'}
{'company_name_zoominfo': 'Akartha', 'website': 'www.akartha.com', 'headquarters': '10307 W Broad St Ste 123, Glen Allen, Virginia, 23060, United States', 'SIC Code': '73,731', 'NAICS Code': '54,541', 'revenue': '<$5M', 'Number of Employees': '<25', 'LinkedIn url': 'http://www.linkedin.com/company/akartha'}
{'company_name_zoominfo': 'ColdSpark', 'website': 'www.coldspark.com', 'headquarters': '307 4th Ave Fl 14, Pittsburgh, Pennsylvania, 15222, United States', 'SIC Code': '87,874', 'NAICS Code': '54,541', 'revenue': '<$5M', 'Number of Employees': '<25', 'LinkedIn url': 'http://www.linkedin.com/company/coldspark'}
{'company_name_zoominfo': 'Free Press Media', 'website': 'www.freepressmedia.com', 'headquarters': '100 Bank St Ste 700, Burlington, Vermont, 05401, United States', 'SIC Code': '27,271', 'NAICS Code': '51,511', 'revenue': '<$5M', 'Number of Employees': '<25', 'LinkedIn url': 'http://www.linkedin.com/company/free-press-media'}
{'company_name_zoominfo': 'Den Aviary', 'website': 'www.denaviary.com', 'headquarters': '55 E Jackson Blvd Ste 470, Chicago, Illinois, 60604, United States', 'SIC Code': '73,731', 'NAICS Code': '54,541', 'revenue': '<$5M', 'Number of Employees': '<25', 'LinkedIn url': 'http://www.linkedin.com/company/den-aviary'}
{'company_name_zoominfo': 'Advocacy.Marketing', 'website': 'www.advocacy.marketing', 'headquarters': '1127 11th St Ste 320, Sacramento, California, 95814, United States', 'SIC Code': '87,874', 'NAICS Code': '54,541', 'revenue': '<$5M', 'Number of Employees': '<25', 'LinkedIn url': 'https://www.linkedin.com/company/advocacy-marketing'}
{'company_name_zoominfo': 'Venture Strategic', 'website': 'www.venturestrategic.com', 'headquarters': '2152 Dupont Dr Ste 200, Irvine, California, 92612, United States', 'SIC Code': '87,874', 'NAICS Code': '54,541', 'revenue': '<$5M', 'Number of Employees': '<25', 'LinkedIn url': 'http://www.linkedin.com/company/venture-strategic-inc-'}
{'company_name_zoominfo': 'Digital Alchemy', 'website': 'digitalalchemy.global', 'headquarters': '131 York St L 9, Sydney, New South Wales, 2000, Australia', 'SIC Code': '73,737', 'NAICS Code': '54,541', 'revenue': '$25.9M', 'Number of Employees': '118', 'LinkedIn url': 'http://www.linkedin.com/company/digital-alchemy-crm'}
renewing ip
429
2a0b:f4c2:2::34
renewing ip
429
2a0b:f4c1:2::243
renewing ip
429
2a06:1700:0:12::3
renewing ip
429
2a0b:f4c1:2::243
renewing ip
429
2a0b:f4c1:2::243
renewing ip
429
2a0b:f4c2:1::1
renewing ip
429
2a0b:f4c2:1::1
{'company_name_zoominfo': 'Choicce', 'website': 'www.choicce.co.uk', 'headquarters': 'United Kingdom', 'SIC Code': '13,138', 'NAICS Code': '21,213', 'revenue': '$56.6M', 'Number of Employees': '233', 'LinkedIn url': 'http://www.linkedin.com/company/choicce-limited-uk'}
{'company_name_zoominfo': 'Ideapark', 'website': 'www.ideapark.fi', 'headquarters': '49 Ritaharjuntie, Oulu, Northern Ostrobothnia, 90540, Finland', 'SIC Code': '73,737', 'NAICS Code': '51,517', 'revenue': '<$5M', 'Number of Employees': '<25', 'LinkedIn url': 'http://www.linkedin.com/company/ideapark'}
{'company_name_zoominfo': 'HomeTree Digital', 'website': 'www.hometreedigital.com', 'headquarters': '200 W 67th St 10D, New York, New York, 10023, United States', 'SIC Code': '73,731', 'NAICS Code': '54,541', 'revenue': '<$5M', 'Number of Employees': '<25', 'LinkedIn url': 'http://www.linkedin.com/company/hometreedigital'}
{'company_name_zoominfo': 'Tad Ware', 'website': 'www.tadware.com', 'headquarters': '708 N 1st St Ste 336, Minneapolis, Minnesota, 55401, United States', 'SIC Code': '87,874', 'NAICS Code': '54,541', 'revenue': '$5.2M', 'Number of Employees': '<25', 'LinkedIn url': 'http://www.linkedin.com/company/tad-ware-&-company'}
{'company_name_zoominfo': '!not-found', 'website': '!not-found', 'headquarters': '!not-found', 'SIC Code': '!not-found', 'NAICS Code': '!not-found', 'revenue': '!not-found', 'Number of Employees': '!not-found', 'LinkedIn url': '!not-found'}
{'company_name_zoominfo': 'Fixation Marketing', 'website': 'www.fixation.com', 'headquarters': '901 N Stuart St Ste 503, Arlington, Virginia, 22203, United States', 'SIC Code': '87,874', 'NAICS Code': '54,541', 'revenue': '$12.6M', 'Number of Employees': '<25', 'LinkedIn url': 'http://www.linkedin.com/company/fixation-marketing'}
{'company_name_zoominfo': 'Color Fire', 'website': 'www.colorfire.com', 'headquarters': '586 Bellerive Rd Ste 2B, Annapolis, Maryland, 21409, United States', 'SIC Code': '87,874', 'NAICS Code': '54,541', 'revenue': '<$5M', 'Number of Employees': '<25', 'LinkedIn url': 'http://www.linkedin.com/company/color-fire-media'}
{'company_name_zoominfo': 'Savicom', 'website': 'www.savicom.com', 'headquarters': '2030 Addison St Ste 650, Berkeley, California, 94704, United States', 'SIC Code': '73,733', 'NAICS Code': '54,541', 'revenue': '$6M', 'Number of Employees': '<25', 'LinkedIn url': 'http://www.linkedin.com/company/mindshare-design-dba-savicom'}
{'company_name_zoominfo': 'Endai', 'website': 'www.endai.com', 'headquarters': '213 W 35th St Ste 1300, New York, New York, 10001, United States', 'SIC Code': '87,874', 'NAICS Code': '54,541', 'revenue': '<$5M', 'Number of Employees': '<25', 'LinkedIn url': 'http://www.linkedin.com/company/endai-worldwide'}
{'company_name_zoominfo': 'Net Atlantic', 'website': 'www.netatlantic.com', 'headquarters': '10 Federal St Ste 26, Salem, Massachusetts, 01970, United States', 'SIC Code': '73,737', 'NAICS Code': '51,518', 'revenue': '<$5M', 'Number of Employees': '<25', 'LinkedIn url': 'http://www.linkedin.com/company/net-atlantic-inc-'}
{'company_name_zoominfo': 'Response Media', 'website': 'www.responsemedia.com', 'headquarters': '3155 Medlock Bridge Rd, Norcross, Georgia, 30071, United States', 'SIC Code': '87,874', 'NAICS Code': '51,511', 'revenue': '$29.9M', 'Number of Employees': '29', 'LinkedIn url': 'http://www.linkedin.com/company/response-media'}
{'company_name_zoominfo': 'Lacy & Par', 'website': 'www.lacypar.com', 'headquarters': '1179 Andover Park W Bldg A, Seattle, Washington, 98108, United States', 'SIC Code': '73,733', 'NAICS Code': '54,541', 'revenue': '<$5M', 'Number of Employees': '<25', 'LinkedIn url': 'http://www.linkedin.com/company/lacy-&-par-inc.'}
{'company_name_zoominfo': 'CloudControlMedia', 'website': 'www.cloudcontrolmedia.com', 'headquarters': '1000 Bestgate Rd Ste 302, Annapolis, Maryland, 21401, United States', 'SIC Code': '73,731', 'NAICS Code': '54,541', 'revenue': '<$5M', 'Number of Employees': '<25', 'LinkedIn url': 'http://www.linkedin.com/company/cloudcontrolmedia-llc.'}
{'company_name_zoominfo': 'Stellar Agency', 'website': 'www.stellaragency.com', 'headquarters': '21515 Hawthorne Blvd Ste 850, Torrance, California, 90503, United Stat...', 'SIC Code': '73,733', 'NAICS Code': '54,541', 'revenue': '$6M', 'Number of Employees': '<25', 'LinkedIn url': 'http://www.linkedin.com/company/stellar---digital-design-agency'}
{'company_name_zoominfo': 'Elite Digital Group', 'website': 'www.elitedigitalgroup.com', 'headquarters': '200 W Market St, York, Pennsylvania, 17401, United States', 'SIC Code': '87,874', 'NAICS Code': '54,541', 'revenue': '$5M', 'Number of Employees': '<25', 'LinkedIn url': 'http://www.linkedin.com/company/237168'}
{'company_name_zoominfo': 'Anchor Digital', 'website': 'www.anchordigital.com.au', 'headquarters': '2 Warner St, Fortitude Valley, Queensland, 4006, Australia', 'SIC Code': '87,874', 'NAICS Code': '54,541', 'revenue': '<$5M', 'Number of Employees': '<25', 'LinkedIn url': 'http://www.linkedin.com/company/anchor-digital'}
renewing ip
429
2001:67c:6ec:203:192:42:116:186
{'company_name_zoominfo': 'Action Integrated Marketing', 'website': 'www.onlyaction.com', 'headquarters': '3160 Campus Dr Ste 200, Norcross, Georgia, 30071, United States', 'SIC Code': '73,731', 'NAICS Code': '54,541', 'revenue': '$19M', 'Number of Employees': '36', 'LinkedIn url': 'http://www.linkedin.com/company/action-integrated-marketing.'}
{'company_name_zoominfo': 'Whole Whale', 'website': 'www.wholewhale.com', 'headquarters': '81 Prospect St, Brooklyn, New York, 11201, United States', 'SIC Code': '87,874', 'NAICS Code': '54,541', 'revenue': '$8.3M', 'Number of Employees': '<25', 'LinkedIn url': 'http://www.linkedin.com/company/whole-whale'}
{'company_name_zoominfo': 'Brooksidestudios', 'website': 'www.brooksidestudios.com', 'headquarters': '8221 E 61st St Ste O, Tulsa, Oklahoma, 74133, United States', 'SIC Code': '87,874', 'NAICS Code': '54,541', 'revenue': '$5.2M', 'Number of Employees': '<25', 'LinkedIn url': 'http://www.linkedin.com/company/brookside-studios'}
{'company_name_zoominfo': 'Trinet Internet Solutions', 'website': 'www.trinetsolutions.com', 'headquarters': '108 Discovery, Irvine, California, 92618, United States', 'SIC Code': '48,481', 'NAICS Code': '51,517', 'revenue': '$11M', 'Number of Employees': '34', 'LinkedIn url': 'http://www.linkedin.com/company/trinet-internet-solutions'}
{'company_name_zoominfo': 'Wilson Advertising', 'website': 'www.wilsonadv.com', 'headquarters': '21 W Franklin St, Centerville, Ohio, 45459, United States', 'SIC Code': '73,731', 'NAICS Code': '54,541', 'revenue': '$5.1M', 'Number of Employees': '<25', 'LinkedIn url': 'http://www.linkedin.com/company/wilson-rebranding'}
{'company_name_zoominfo': 'McCleskey Media Strategies', 'website': 'www.mccleskeymedia.com', 'headquarters': '3736 Eubank Blvd NE Ste B3, Albuquerque, New Mexico, 87111, United Sta...', 'SIC Code': '87,874', 'NAICS Code': '54,541', 'revenue': '<$5M', 'Number of Employees': '<25', 'LinkedIn url': '!not-found'}
{'company_name_zoominfo': 'Right On Interactive', 'website': 'www.rightoninteractive.com', 'headquarters': '6075 Lakeside Blvd Ste 201, Indianapolis, Indiana, 46278, United State...', 'SIC Code': '73,737', 'NAICS Code': '51,511', 'revenue': '$10M', 'Number of Employees': '<25', 'LinkedIn url': 'http://www.linkedin.com/company/279952'}
{'company_name_zoominfo': 'LawConnect', 'website': 'www.getlegalpracticebuilder.com', 'headquarters': '1300 Summit Ave Ste 670, Fort Worth, Texas, 76102, United States', 'SIC Code': '81,811', 'NAICS Code': '54,541', 'revenue': '<$5M', 'Number of Employees': '<25', 'LinkedIn url': '!not-found'}
{'company_name_zoominfo': 'Content Marketing Agency', 'website': 'www.imprintcontent.com', 'headquarters': '34 W 27th St Ste 502, New York, New York, 10001, United States', 'SIC Code': '27,272', 'NAICS Code': '51,511', 'revenue': '<$5M', 'Number of Employees': '<25', 'LinkedIn url': 'http://www.linkedin.com/company/imprint-content'}
{'company_name_zoominfo': 'JB Media Group', 'website': 'www.jbmediagroupllc.com', 'headquarters': '915 Haywood Rd Ste 101, Asheville, North Carolina, 28806, United State...', 'SIC Code': '48,489', 'NAICS Code': '51,517', 'revenue': '$5.2M', 'Number of Employees': '<25', 'LinkedIn url': 'http://www.linkedin.com/company/jb-media-group'}
{'company_name_zoominfo': '!not-found', 'website': '!not-found', 'headquarters': '!not-found', 'SIC Code': '!not-found', 'NAICS Code': '!not-found', 'revenue': '!not-found', 'Number of Employees': '!not-found', 'LinkedIn url': '!not-found'}
{'company_name_zoominfo': 'Any Studios', 'website': 'www.anystudios.com', 'headquarters': '414 Broadway, New York, New York, 10013, United States', 'SIC Code': '73,733', 'NAICS Code': '54,541', 'revenue': '<$5M', 'Number of Employees': '<25', 'LinkedIn url': 'http://www.linkedin.com/company/anystudios'}
{'company_name_zoominfo': 'Burns Marketing', 'website': 'www.burnsmarketing.com', 'headquarters': '4848 Thompson Pkwy Fl 4, Johnstown, Colorado, 80534, United States', 'SIC Code': '73,731', 'NAICS Code': '54,541', 'revenue': '$5.4M', 'Number of Employees': '<25', 'LinkedIn url': 'http://www.linkedin.com/company/burns-marketing'}
renewing ip
429
2620:7:6001::111
('Connection aborted.', RemoteDisconnected('Remote end closed connection without response'))
local variable 'page' referenced before assignment
{'company_name_zoominfo': '!not-found', 'website': '!not-found', 'headquarters': '!not-found', 'SIC Code': '!not-found', 'NAICS Code': '!not-found', 'revenue': '!not-found', 'Number of Employees': '!not-found', 'LinkedIn url': '!not-found'}
{'company_name_zoominfo': 'Nereus', 'website': 'www.nereus-worldwide.com', 'headquarters': '3855 SW 153rd Dr, Beaverton, Oregon, 97003, United States', 'SIC Code': '87,874', 'NAICS Code': '54,541', 'revenue': '<$5M', 'Number of Employees': '<25', 'LinkedIn url': 'http://www.linkedin.com/company/nereus'}
{'company_name_zoominfo': 'Borderline Media', 'website': 'www.itsborderline.com', 'headquarters': '1600 Wilson Blvd Ste 350, Arlington, Virginia, 22209, United States', 'SIC Code': '78,781', 'NAICS Code': '51,512', 'revenue': '<$5M', 'Number of Employees': '<25', 'LinkedIn url': 'http://www.linkedin.com/company/borderline-media-services'}
{'company_name_zoominfo': 'Radii Digital Marketing', 'website': 'www.radiidigitalmarketing.com', 'headquarters': '980 N Federal Hwy 110, Boca Raton, Florida, 33432, United States', 'SIC Code': '87,874', 'NAICS Code': '54,541', 'revenue': '<$5M', 'Number of Employees': '<25', 'LinkedIn url': 'http://www.linkedin.com/company/radii-digital-marketing-llc'}
{'company_name_zoominfo': 'EZ eCommerce', 'website': 'www.ezecommerceservices.com', 'headquarters': '603 Seagaze Dr Ste 777, Oceanside, California, 92054, United States', 'SIC Code': '73,731', 'NAICS Code': '54,541', 'revenue': '<$5M', 'Number of Employees': '<25', 'LinkedIn url': '!not-found'}
{'company_name_zoominfo': 'Webliteseo', 'website': 'www.webliteseo.com', 'headquarters': '928 Strada Pl, Naples, Florida, 34108, United States', 'SIC Code': '87,874', 'NAICS Code': '54,541', 'revenue': '<$5M', 'Number of Employees': '<25', 'LinkedIn url': 'http://www.linkedin.com/company/webliteseo'}
{'company_name_zoominfo': 'Neige Marketing', 'website': 'www.neigemarketing.com', 'headquarters': '1541 Ocean Ave Ste 200, Santa Monica, California, 90401, United States', 'SIC Code': '73,731', 'NAICS Code': '54,541', 'revenue': '<$5M', 'Number of Employees': '<25', 'LinkedIn url': 'https://www.linkedin.com/company/neigemarketing'}
{'company_name_zoominfo': 'Tigercomm', 'website': 'www.tigercomm.us', 'headquarters': '8609 Westwood Center Dr Ste 110 Ofc 101, Vienna, Virginia, 22182, Unit...', 'SIC Code': '87,874', 'NAICS Code': '54,541', 'revenue': '<$5M', 'Number of Employees': '<25', 'LinkedIn url': 'http://www.linkedin.com/company/tigercomm'}
{'company_name_zoominfo': 'Party Land', 'website': 'www.partyland.co', 'headquarters': '114 Washington Blvd Ste C, Marina Del Rey, California, 90292, United S...', 'SIC Code': '72,729', 'NAICS Code': '81,812', 'revenue': '<$5M', 'Number of Employees': '<25', 'LinkedIn url': 'http://www.linkedin.com/company/party-land-la'}
{'company_name_zoominfo': 'Concept', 'website': 'www.conceptcompany.com', 'headquarters': '4065 Eckworth Dr, Bellbrook, Ohio, 45305, United States', 'SIC Code': '73,731', 'NAICS Code': '54,541', 'revenue': '<$5M', 'Number of Employees': '<25', 'LinkedIn url': 'http://www.linkedin.com/company/concept-company'}
{'company_name_zoominfo': 'Stark Raving', 'website': 'www.starkravingboston.com', 'headquarters': '369 Congress St Fl 7, Boston, Massachusetts, 02210, United States', 'SIC Code': '73,731', 'NAICS Code': '54,541', 'revenue': '<$5M', 'Number of Employees': '<25', 'LinkedIn url': 'http://www.linkedin.com/company/stark-raving'}
{'company_name_zoominfo': 'Frederick Swanston', 'website': 'www.frederickswanston.com', 'headquarters': '3000 Old Alabama Rd Ste 119-348, Alpharetta, Georgia, 30022, United St...', 'SIC Code': '73,731', 'NAICS Code': '54,541', 'revenue': '$7.2M', 'Number of Employees': '<25', 'LinkedIn url': 'http://www.linkedin.com/company/frederick-swanston'}
{'company_name_zoominfo': 'Bitterroot Valley Marketing', 'website': 'www.bitterrootvalleymarketing.com', 'headquarters': 'PO Box 624, Hamilton, Montana, 59840, United States', 'SIC Code': '87,874', 'NAICS Code': '54,541', 'revenue': '<$5M', 'Number of Employees': '<25', 'LinkedIn url': '!not-found'}
{'company_name_zoominfo': 'Mangos', 'website': 'mangos.agency', 'headquarters': '1010 Spring Mill Ave Ste 200, Conshohocken, Pennsylvania, 19428, Unite...', 'SIC Code': '73,731', 'NAICS Code': '54,541', 'revenue': '$35.1M', 'Number of Employees': '32', 'LinkedIn url': 'http://www.linkedin.com/company/mangos'}
{'company_name_zoominfo': 'MyNEWPhilly.com', 'website': 'www.mynewphilly.com', 'headquarters': '426 E Allegheny Ave Unit Bw, Philadelphia, Pennsylvania, 19134, United...', 'SIC Code': '48,483', 'NAICS Code': '51,515', 'revenue': '$5.3M', 'Number of Employees': '<25', 'LinkedIn url': 'http://www.linkedin.com/company/mynewphilly.com'}
renewing ip
429
2a0b:f4c0:16c:10::1
{'company_name_zoominfo': 'Thought Catalog', 'website': 'www.thoughtcatalog.com', 'headquarters': '190 N 10th St Ste 305, Brooklyn, New York, 11211, United States', 'SIC Code': '27,272', 'NAICS Code': '51,511', 'revenue': '$7.4M', 'Number of Employees': '79', 'LinkedIn url': 'http://www.linkedin.com/company/thought-catalog'}
{'company_name_zoominfo': '!not-found', 'website': 'Webris', 'headquarters': '!not-found', 'SIC Code': '!not-found', 'NAICS Code': '!not-found', 'revenue': '!not-found', 'Number of Employees': '!not-found', 'LinkedIn url': '!not-found'}
{'company_name_zoominfo': 'Purplepatch Services', 'website': 'www.purplepatchservices.com', 'headquarters': '1248 Reamwood Ave, Sunnyvale, California, 94089, United States', 'SIC Code': '87,874', 'NAICS Code': '54,541', 'revenue': '$11M', 'Number of Employees': '<25', 'LinkedIn url': 'http://www.linkedin.com/company/purplepatch-services-llc'}
{'company_name_zoominfo': 'HireInfluence', 'website': 'www.hireinfluence.com', 'headquarters': '6516 N Gessner Rd, Houston, Texas, 77064, United States', 'SIC Code': '87,874', 'NAICS Code': '54,541', 'revenue': '<$5M', 'Number of Employees': '<25', 'LinkedIn url': 'http://www.linkedin.com/company/hireinfluence'}
{'company_name_zoominfo': 'Iterate Marketing', 'website': 'www.iteratemarketing.com', 'headquarters': '9725 SW Beaverton Hillsdale Hwy 110, Beaverton, Oregon, 97005, United ...', 'SIC Code': '87,874', 'NAICS Code': '54,541', 'revenue': '$5.2M', 'Number of Employees': '<25', 'LinkedIn url': 'http://www.linkedin.com/company/iterate-marketing'}
{'company_name_zoominfo': 'Wheelhouse Digital Marketing Group', 'website': 'www.wheelhousedmg.com', 'headquarters': '2288 W Commodore Way Ste 300, Seattle, Washington, 98199, United State...', 'SIC Code': '87,874', 'NAICS Code': '54,541', 'revenue': '$6.3M', 'Number of Employees': '44', 'LinkedIn url': 'http://www.linkedin.com/company/wheelhousedmg'}
{'company_name_zoominfo': 'Bracken Marketing', 'website': 'www.brackenmarketing.com', 'headquarters': '12 Penns Trl, Newtown, Pennsylvania, 18940, United States', 'SIC Code': '73,738', 'NAICS Code': '54,541', 'revenue': '<$5M', 'Number of Employees': '<25', 'LinkedIn url': 'http://www.linkedin.com/company/brackenmarketing'}
{'company_name_zoominfo': 'NotAvailable', 'website': 'NotAvailable', 'headquarters': 'NotAvailable', 'SIC Code': 'NotAvailable', 'NAICS Code': 'NotAvailable', 'revenue': 'NotAvailable', 'Number of Employees': 'NotAvailable', 'LinkedIn url': 'NotAvailable'}
{'company_name_zoominfo': 'Right Source Marketing', 'website': 'www.rightsourcemarketing.com', 'headquarters': '11718 Bowman Green Dr Ste 200, Reston, Virginia, 20190, United States', 'SIC Code': '87,874', 'NAICS Code': '54,541', 'revenue': '$10.3M', 'Number of Employees': '<25', 'LinkedIn url': 'http://www.linkedin.com/company/right-source-marketing'}
renewing ip
429
2a0b:f4c0:16c:6::1
renewing ip
429
2001:67c:6ec:203:192:42:116:201
renewing ip
429
2001:67c:6ec:203:192:42:116:201
{'company_name_zoominfo': 'Precision Marketing Group', 'website': 'www.precisionmarketinggroup.com', 'headquarters': '14 Karal Dr, Framingham, Massachusetts, 01701, United States', 'SIC Code': '87,874', 'NAICS Code': '54,541', 'revenue': '$5.6M', 'Number of Employees': '<25', 'LinkedIn url': 'http://www.linkedin.com/company/precision-marketing-group'}
{'company_name_zoominfo': 'Rainmaker Digital Services', 'website': 'www.rainmakerdigital.com', 'headquarters': '6125 Luther Ln Box 286, Dallas, Texas, 75225, United States', 'SIC Code': '73,737', 'NAICS Code': '51,518', 'revenue': '<$5M', 'Number of Employees': '28', 'LinkedIn url': 'https://www.linkedin.com/company/copyblogger-media-llc'}
{'company_name_zoominfo': '!not-found', 'website': '!not-found', 'headquarters': '!not-found', 'SIC Code': '!not-found', 'NAICS Code': '!not-found', 'revenue': '!not-found', 'Number of Employees': '!not-found', 'LinkedIn url': '!not-found'}
{'company_name_zoominfo': 'Herzog', 'website': 'www.herzogcompany.com', 'headquarters': '4640 Lankershim Blvd Ste 600, North Hollywood, California, 91602, Unit...', 'SIC Code': '79,792', 'NAICS Code': '71,711', 'revenue': '$7.3M', 'Number of Employees': '65', 'LinkedIn url': 'http://www.linkedin.com/company/herzog-and-company'}
{'company_name_zoominfo': 'Link Agency', 'website': 'www.linkagency.fr', 'headquarters': '38 Quai Du Point Du Jour, Boulogne-Billancourt, Ile-de-France, 92100, ...', 'SIC Code': '78,781', 'NAICS Code': '51,512', 'revenue': '<$5M', 'Number of Employees': '<25', 'LinkedIn url': 'http://www.linkedin.com/company/pallas-tlvision'}
{'company_name_zoominfo': 'January Spring', 'website': 'www.januaryspring.com', 'headquarters': '1001 Bannock St 424, Denver, Colorado, 80204, United States', 'SIC Code': '73,731', 'NAICS Code': '54,541', 'revenue': '<$5M', 'Number of Employees': '<25', 'LinkedIn url': 'http://www.linkedin.com/company/january-spring'}
{'company_name_zoominfo': 'FocusMX', 'website': 'www.focusmx.com', 'headquarters': '1720 Kendarbren Dr Ste 714, Jamison, Pennsylvania, 18929, United State...', 'SIC Code': '73,731', 'NAICS Code': '54,541', 'revenue': '<$5M', 'Number of Employees': '<25', 'LinkedIn url': 'http://www.linkedin.com/company/focusmx'}
{'company_name_zoominfo': 'SociaLight Marketing', 'website': 'www.socialight-marketing.com', 'headquarters': 'Block No. 436 Seef Kingdom of Bahrain Bldg No. 1025 Rd Fl 1 Ofc No 306...', 'SIC Code': '87,874', 'NAICS Code': '54,541', 'revenue': '$5M', 'Number of Employees': '<25', 'LinkedIn url': 'http://www.linkedin.com/company/socialight-digital-marketing'}
{'company_name_zoominfo': 'Strong Converting Facilities', 'website': 'www.strongconverting.com', 'headquarters': '3003 N Pacific St Ste 100, Minneapolis, Minnesota, 55411, United State...', 'SIC Code': '51,511', 'NAICS Code': '42,424', 'revenue': '<$5M', 'Number of Employees': '<25', 'LinkedIn url': '!not-found'}
{'company_name_zoominfo': 'Solve', 'website': 'www.solveoregon.org', 'headquarters': '2000 SW 1st Ave Ste 400, Portland, Oregon, 97201, United States', 'SIC Code': '83,839', 'NAICS Code': '81,813', 'revenue': '$15.5M', 'Number of Employees': '34', 'LinkedIn url': 'http://www.linkedin.com/company/2844987'}
{'company_name_zoominfo': 'ClearEdge Marketing', 'website': 'www.clearedgemarketing.com', 'headquarters': '415 N La Salle Dr Ste 202, Chicago, Illinois, 60654, United States', 'SIC Code': '87,874', 'NAICS Code': '54,541', 'revenue': '$22.8M', 'Number of Employees': '<25', 'LinkedIn url': 'http://www.linkedin.com/company/clearedge-marketing'}
{'company_name_zoominfo': 'Turnover Web', 'website': 'www.blog.status.turnoverweb.com', 'headquarters': '51 Melcher St, Boston, Massachusetts, 02210, United States', 'SIC Code': '73,737', 'NAICS Code': '54,541', 'revenue': '<$5M', 'Number of Employees': '<25', 'LinkedIn url': 'http://www.linkedin.com/company/turnover-web'}
{'company_name_zoominfo': 'Click Catalyst', 'website': 'www.clickcatalyst.net', 'headquarters': '97 S 2nd St Ste 100, San Jose, California, 95113, United States', 'SIC Code': '73,731', 'NAICS Code': '54,541', 'revenue': '$6.6M', 'Number of Employees': '<25', 'LinkedIn url': 'http://www.linkedin.com/company/click-catalyst'}
{'company_name_zoominfo': 'NotAvailable', 'website': 'NotAvailable', 'headquarters': 'NotAvailable', 'SIC Code': 'NotAvailable', 'NAICS Code': 'NotAvailable', 'revenue': 'NotAvailable', 'Number of Employees': 'NotAvailable', 'LinkedIn url': 'NotAvailable'}
{'company_name_zoominfo': 'Seo.run', 'website': 'seo.run', 'headquarters': '3914 Murphy Canyon Rd, San Diego, California, 92123, United States', 'SIC Code': '73,738', 'NAICS Code': '56,561', 'revenue': '<$5M', 'Number of Employees': '<25', 'LinkedIn url': 'http://www.linkedin.com/company/seo-run'}
{'company_name_zoominfo': 'NotAvailable', 'website': 'NotAvailable', 'headquarters': 'NotAvailable', 'SIC Code': 'NotAvailable', 'NAICS Code': 'NotAvailable', 'revenue': 'NotAvailable', 'Number of Employees': 'NotAvailable', 'LinkedIn url': 'NotAvailable'}
{'company_name_zoominfo': 'KPI Digital', 'website': 'www.kpidigital.com', 'headquarters': '1400 Saint-jean Baptiste Ave, Quebec, Quebec, M4W 3H1, Canada', 'SIC Code': '73,737', 'NAICS Code': '51,518', 'revenue': '$9M', 'Number of Employees': '<25', 'LinkedIn url': 'http://www.linkedin.com/company/kpidigital'}
