{'company_name_zoominfo': 'LeanSEM', 'website': 'www.leansem.com', 'headquarters': '50 W Liberty St Ste 880, Reno, Nevada, 89501, United States', 'SIC Code': '87,874', 'NAICS Code': '54,541', 'revenue': '<$5M', 'Number of Employees': '<25', 'LinkedIn url': 'http://www.linkedin.com/company/lean-sem-llc'}
{'company_name_zoominfo': '!not-found', 'website': '!not-found', 'headquarters': '!not-found', 'SIC Code': '!not-found', 'NAICS Code': '!not-found', 'revenue': '!not-found', 'Number of Employees': '!not-found', 'LinkedIn url': '!not-found'}
{'company_name_zoominfo': 'Cloud IT Guru', 'website': 'www.clouditguru.com', 'headquarters': '315 Front St, New Haven, Connecticut, 06513, United States', 'SIC Code': '73,737', 'NAICS Code': '54,541', 'revenue': '<$5M', 'Number of Employees': '<25', 'LinkedIn url': 'http://www.linkedin.com/company/cloud-it-guru'}
{'company_name_zoominfo': 'NotAvailable', 'website': 'NotAvailable', 'headquarters': 'NotAvailable', 'SIC Code': 'NotAvailable', 'NAICS Code': 'NotAvailable', 'revenue': 'NotAvailable', 'Number of Employees': 'NotAvailable', 'LinkedIn url': 'NotAvailable'}
{'company_name_zoominfo': 'Ring Ring Marketing', 'website': 'www.ringringmarketing.com', 'headquarters': '7318 W Post Rd 210, Las Vegas, Nevada, 89113, United States', 'SIC Code': '73,731', 'NAICS Code': '54,541', 'revenue': '$6.5M', 'Number of Employees': '<25', 'LinkedIn url': 'http://www.linkedin.com/company/ring-ring-marketing'}
{'company_name_zoominfo': 'One Web Source', 'website': 'www.onewebsource.com', 'headquarters': '261 S Main St Ste 106, Newtown, Connecticut, 06470, United States', 'SIC Code': '73,737', 'NAICS Code': '51,518', 'revenue': '<$5M', 'Number of Employees': '<25', 'LinkedIn url': 'http://www.linkedin.com/company/one-web-source-llc'}
{'company_name_zoominfo': 'Destex Digital', 'website': 'www.destexdigital.com', 'headquarters': 'Skyland B Blok no 157-160 Kat 10, Istanbul, Istanbul Province, Turkey', 'SIC Code': '73,731', 'NAICS Code': '54,541', 'revenue': '<$5M', 'Number of Employees': '<25', 'LinkedIn url': 'http://www.linkedin.com/company/destexdigital'}
renewing ip
429
2620:7:6001::122
{'company_name_zoominfo': 'WebNow', 'website': 'www.webnow.com', 'headquarters': '133 E De La Guerra St 335, Santa Barbara, California, 93101, United St...', 'SIC Code': '61,615', 'NAICS Code': '54,541', 'revenue': '$5.7M', 'Number of Employees': '<25', 'LinkedIn url': 'http://www.linkedin.com/company/webnow-com'}
{'company_name_zoominfo': 'Alaska Digital Strategies', 'website': 'www.alaskadigitalstrategies.com', 'headquarters': '1855 W 15th Ave, Anchorage, Alaska, 99501, United States', 'SIC Code': '73,731', 'NAICS Code': '54,541', 'revenue': '<$5M', 'Number of Employees': '<25', 'LinkedIn url': '!not-found'}
{'company_name_zoominfo': 'Seychelle Media', 'website': 'www.seychellemedia.com', 'headquarters': '6675 Westwood Blvd Ste 200, Orlando, Florida, 32821, United States', 'SIC Code': '73,731', 'NAICS Code': '54,541', 'revenue': '<$5M', 'Number of Employees': '<25', 'LinkedIn url': 'http://www.linkedin.com/company/3751177'}
{'company_name_zoominfo': 'TargetOrate', 'website': 'www.targetorate.us', 'headquarters': '15150 Preston Rd Ste 300, Dallas, Texas, 75248, United States', 'SIC Code': '73,737', 'NAICS Code': '51,518', 'revenue': '<$5M', 'Number of Employees': '<25', 'LinkedIn url': 'http://www.linkedin.com/company/targetorate-consulting'}
{'company_name_zoominfo': 'NotAvailable', 'website': 'NotAvailable', 'headquarters': 'NotAvailable', 'SIC Code': 'NotAvailable', 'NAICS Code': 'NotAvailable', 'revenue': 'NotAvailable', 'Number of Employees': 'NotAvailable', 'LinkedIn url': 'NotAvailable'}
{'company_name_zoominfo': 'Seo Rose', 'website': 'www.seorose.com', 'headquarters': '516 Cathedral St, Baltimore, Maryland, 21201, United States', 'SIC Code': '73,731', 'NAICS Code': '54,541', 'revenue': '<$5M', 'Number of Employees': '<25', 'LinkedIn url': 'http://www.linkedin.com/company/seorose'}
{'company_name_zoominfo': 'Internet Business Ideas and Marketing', 'website': 'www.ibimarketing.com', 'headquarters': '8636 High Cay, West Palm Beach, Florida, 33411, United States', 'SIC Code': '87,874', 'NAICS Code': '54,541', 'revenue': '<$5M', 'Number of Employees': '<25', 'LinkedIn url': 'http://www.linkedin.com/company/internetbusinessideasandmarketing'}
{'company_name_zoominfo': 'DexDel', 'website': 'www.dexdel.com', 'headquarters': '39899 Balentine Dr Ste 200, Newark, California, 94560, United States', 'SIC Code': '87,874', 'NAICS Code': '54,541', 'revenue': '$6.4M', 'Number of Employees': '26', 'LinkedIn url': 'http://www.linkedin.com/company/dexdel-infotech'}
{'company_name_zoominfo': 'Braddock Financial', 'website': 'www.braddockfinancial.com', 'headquarters': '1200 17th St Ste 1210, Denver, Colorado, 80202, United States', 'SIC Code': '67,672', 'NAICS Code': '52,525', 'revenue': '<$5M', 'Number of Employees': '<25', 'LinkedIn url': 'http://www.linkedin.com/company/braddock-management'}
{'company_name_zoominfo': 'SAPDRA', 'website': 'www.sapdra.com', 'headquarters': '72 Clifton St, London, Greater London, EC2A 4HB, United Kingdom', 'SIC Code': '73,737', 'NAICS Code': '51,518', 'revenue': '<$5M', 'Number of Employees': '<25', 'LinkedIn url': 'http://www.linkedin.com/company/sapdra'}
{'company_name_zoominfo': 'Skyrush Marketing', 'website': 'www.skyrushmarketing.com', 'headquarters': '1177 6th Ave Fl 5, New York, New York, 10036, United States', 'SIC Code': '73,731', 'NAICS Code': '54,541', 'revenue': '<$5M', 'Number of Employees': '<25', 'LinkedIn url': 'http://www.linkedin.com/company/skyrush-marketing'}
{'company_name_zoominfo': 'Machines', 'website': 'www.machines.com.my', 'headquarters': '16 block b N Point Office Mid Valley City Medan Syed Putra Utara L, Ku...', 'SIC Code': '57,573', 'NAICS Code': '44,443', 'revenue': '$62.6M', 'Number of Employees': '286', 'LinkedIn url': 'http://www.linkedin.com/company/1289525'}
{'company_name_zoominfo': 'Aaiio', 'website': 'www.aaiio.com', 'headquarters': '7500 W Lake Mead Blvd, Las Vegas, Nevada, 89128, United States', 'SIC Code': '73,733', 'NAICS Code': '54,541', 'revenue': '<$5M', 'Number of Employees': '<25', 'LinkedIn url': '!not-found'}
('Connection aborted.', RemoteDisconnected('Remote end closed connection without response'))
<class 'UnboundLocalError'>
error in http://webcache.googleusercontent.com/search?q=cache%3Ahttps%3A%2F%2Fwww.zoominfo.com%2Fc%2Fkdg-advertising%2F371738447
local variable 'page_content' referenced before assignment
https://www.zoominfo.com/c/kdg-advertising/371738447
{'company_name_zoominfo': '!unknown-error', 'website': '!unknown-error', 'headquarters': '!unknown-error', 'SIC Code': '!unknown-error', 'NAICS Code': '!unknown-error', 'revenue': '!unknown-error', 'Number of Employees': '!unknown-error', 'LinkedIn url': '!unknown-error'}
renewing ip
429
2a03:e600:100::77
{'company_name_zoominfo': 'AdShark Marketing', 'website': 'www.adsharkmarketing.com', 'headquarters': '503 7th St N Ste 104, Fargo, North Dakota, 58102, United States', 'SIC Code': '87,874', 'NAICS Code': '54,541', 'revenue': '<$5M', 'Number of Employees': '<25', 'LinkedIn url': 'http://www.linkedin.com/company/adshark-marketing'}
{'company_name_zoominfo': 'AirTank', 'website': 'www.airtank.com', 'headquarters': '1 Vose Farm Rd Ste 103, Peterborough, New Hampshire, 03458, United Sta...', 'SIC Code': '73,731', 'NAICS Code': '54,541', 'revenue': '<$5M', 'Number of Employees': '<25', 'LinkedIn url': 'http://www.linkedin.com/company/myvbo'}
{'company_name_zoominfo': 'Statwax', 'website': 'www.statwax.com', 'headquarters': '11313 Usa Pkwy Ste 106, Fishers, Indiana, 46038, United States', 'SIC Code': '87,874', 'NAICS Code': '54,541', 'revenue': '<$5M', 'Number of Employees': '<25', 'LinkedIn url': 'http://www.linkedin.com/company/statwax'}
{'company_name_zoominfo': 'Agexa', 'website': 'www.agexa.com', 'headquarters': '2060 Floral Dr, Boulder, Colorado, 80304, United States', 'SIC Code': '73,731', 'NAICS Code': '54,541', 'revenue': '<$5M', 'Number of Employees': '<25', 'LinkedIn url': 'http://www.linkedin.com/company/agexa'}
{'company_name_zoominfo': 'Strive Creative', 'website': 'www.strivecreative.com', 'headquarters': '23510 Woodward Ave, Ferndale, Michigan, 48220, United States', 'SIC Code': '73,731', 'NAICS Code': '54,541', 'revenue': '<$5M', 'Number of Employees': '<25', 'LinkedIn url': 'http://www.linkedin.com/company/strive-creative'}
{'company_name_zoominfo': 'Harp Advertising + Interactive', 'website': 'www.harpinteractive.com', 'headquarters': '555 Waters Edge Ln 130, Lombard, Illinois, 60148, United States', 'SIC Code': '73,731', 'NAICS Code': '54,541', 'revenue': '$15.6M', 'Number of Employees': '<25', 'LinkedIn url': 'http://www.linkedin.com/company/harp-advertising---interactive'}
{'company_name_zoominfo': 'Cr3ativeGrowth', 'website': 'www.cr3ativegrowth.com', 'headquarters': '252 SW 6th Ct, Pompano Beach, Florida, 33060, United States', 'SIC Code': '73,733', 'NAICS Code': '54,541', 'revenue': '<$5M', 'Number of Employees': '<25', 'LinkedIn url': 'http://www.linkedin.com/company/cr3ativegrowth'}
{'company_name_zoominfo': 'NettClicks', 'website': 'www.nettclicks.com.au', 'headquarters': '184 Christmas St L 2, Fairfield, Victoria, 3078, Australia', 'SIC Code': '67,672', 'NAICS Code': '52,525', 'revenue': '<$5M', 'Number of Employees': '<25', 'LinkedIn url': 'http://www.linkedin.com/company/nettclicks-pty-ltd.'}
{'company_name_zoominfo': 'Good Monster', 'website': 'www.thegoodmonster.com', 'headquarters': 'PO Box 311, Clay, New York, 13041, United States', 'SIC Code': '87,874', 'NAICS Code': '54,541', 'revenue': '<$5M', 'Number of Employees': '<25', 'LinkedIn url': 'http://www.linkedin.com/company/good-monster'}
{'company_name_zoominfo': 'Ray Lansing', 'website': 'www.yelp.com/biz/lansing-ray-advertising-cheyenne', 'headquarters': '7217 Hawthorne Dr, Cheyenne, Wyoming, 82009, United States', 'SIC Code': '65,653', 'NAICS Code': '53,531', 'revenue': '<$5M', 'Number of Employees': '<25', 'LinkedIn url': '!not-found'}
{'company_name_zoominfo': 'Kalpins Express Auto Center', 'website': 'www.kalpinsexpress.com', 'headquarters': '1580 Emerson St, Rochester, New York, 14606, United States', 'SIC Code': '75,753', 'NAICS Code': '81,811', 'revenue': '<$5M', 'Number of Employees': '<25', 'LinkedIn url': '!not-found'}
{'company_name_zoominfo': 'ForeFront Web', 'website': 'www.forefrontweb.com', 'headquarters': '7155 Post Rd, Dublin, Ohio, 43016, United States', 'SIC Code': '87,874', 'NAICS Code': '54,541', 'revenue': '<$5M', 'Number of Employees': '<25', 'LinkedIn url': 'http://www.linkedin.com/company/forefront-web'}
renewing ip
429
2a03:e600:100::67
{'company_name_zoominfo': 'BizeeBay', 'website': 'www.bizeebay.com', 'headquarters': '1900 Barton Springs Rd Ste 2005, Austin, Texas, 78704, United States', 'SIC Code': '73,737', 'NAICS Code': '54,541', 'revenue': '<$5M', 'Number of Employees': '<25', 'LinkedIn url': 'http://www.linkedin.com/company/bizeebay'}
{'company_name_zoominfo': 'Lero', 'website': 'www.scratch.ie', 'headquarters': 'Tierney Bldg, Luimneach, Munster, Ireland', 'SIC Code': '87,873', 'NAICS Code': '54,541', 'revenue': '$25M', 'Number of Employees': '102', 'LinkedIn url': 'http://www.linkedin.com/company/lero-centre'}
{'company_name_zoominfo': 'NordicClick Interactive', 'website': 'www.nordicclick.com', 'headquarters': '21960 Minnetonka Blvd Ste 100, Excelsior, Minnesota, 55331, United Sta...', 'SIC Code': '87,874', 'NAICS Code': '54,541', 'revenue': '<$5M', 'Number of Employees': '<25', 'LinkedIn url': 'http://www.linkedin.com/company/nordicclick-interactive'}
{'company_name_zoominfo': 'Alexander + Tom', 'website': 'www.alextom.com', 'headquarters': '3500 Boston St Ste 225, Baltimore, Maryland, 21224, United States', 'SIC Code': '73,737', 'NAICS Code': '54,541', 'revenue': '$13M', 'Number of Employees': '<25', 'LinkedIn url': 'http://www.linkedin.com/company/alexander---tom-inc'}
{'company_name_zoominfo': 'Go Agency', 'website': 'www.goagency.com.au', 'headquarters': 'Australia', 'SIC Code': '48,489', 'NAICS Code': '51,517', 'revenue': '<$5M', 'Number of Employees': '<25', 'LinkedIn url': 'http://www.linkedin.com/company/go-agency-au'}
{'company_name_zoominfo': 'Wilde Agency', 'website': 'www.wilde-agency.com', 'headquarters': '!not-found', 'SIC Code': '47,472', 'NAICS Code': '52,524', 'revenue': '$5.7M', 'Number of Employees': '<25', 'LinkedIn url': 'http://www.linkedin.com/company/wilde-agency'}
{'company_name_zoominfo': 'Decode Digital', 'website': 'www.decodedigital.co', 'headquarters': '3815 Montrose Blvd Ste 210, Houston, Texas, 77006, United States', 'SIC Code': '87,874', 'NAICS Code': '54,541', 'revenue': '$7.3M', 'Number of Employees': '30', 'LinkedIn url': 'http://www.linkedin.com/company/decode-digital-marketing'}
{'company_name_zoominfo': 'Clyde Group', 'website': 'www.clydegroup.com', 'headquarters': '1411 K St NW Fl 3, Washington, District of Columbia, 20005, United Sta...', 'SIC Code': '87,874', 'NAICS Code': '54,541', 'revenue': '<$5M', 'Number of Employees': '<25', 'LinkedIn url': 'http://www.linkedin.com/company/clyde-group'}
{'company_name_zoominfo': 'Curley', 'website': 'www.curleycompany.com', 'headquarters': '919 18th St NW Ste 200, Washington, District of Columbia, 20006, Unite...', 'SIC Code': '87,874', 'NAICS Code': '54,541', 'revenue': '<$5M', 'Number of Employees': '<25', 'LinkedIn url': 'http://www.linkedin.com/company/curley-company'}
{'company_name_zoominfo': 'Vast Bridges', 'website': 'www.vastbridges.com', 'headquarters': '118 W Adams St 1000, Jacksonville, Florida, 32202, United States', 'SIC Code': '87,874', 'NAICS Code': '54,541', 'revenue': '<$5M', 'Number of Employees': '<25', 'LinkedIn url': 'http://www.linkedin.com/company/2798856'}
{'company_name_zoominfo': 'Ten', 'website': 'www.agencyten.com', 'headquarters': '330 SW 2nd St Ste 111, Fort Lauderdale, Florida, 33312, United States', 'SIC Code': '73,731', 'NAICS Code': '54,541', 'revenue': '$16.1M', 'Number of Employees': '58', 'LinkedIn url': 'http://www.linkedin.com/company/agencyten'}
renewing ip
429
2620:18c:0:192::135
renewing ip
429
2001:67c:6ec:203:192:42:116:175
renewing ip
429
2001:67c:6ec:203:192:42:116:175
renewing ip
429
2a0b:f4c2:1::1
renewing ip
429
2a0b:f4c2:1::1
renewing ip
429
2001:67c:6ec:203:192:42:116:196
renewing ip
429
2a06:1700:0:12::4
{'company_name_zoominfo': 'Bullseye Strategy', 'website': 'www.bullseyestrategy.com', 'headquarters': '3389 Sheridan St 137, Hollywood, Florida, 33021, United States', 'SIC Code': '73,731', 'NAICS Code': '54,541', 'revenue': '<$5M', 'Number of Employees': '<25', 'LinkedIn url': 'http://www.linkedin.com/company/1338519'}
{'company_name_zoominfo': 'Olive Creative Strategies', 'website': 'www.olivecreativestrategies.com', 'headquarters': '401 W A St Ste 1430, San Diego, California, 92101, United States', 'SIC Code': '87,874', 'NAICS Code': '54,541', 'revenue': '$5.3M', 'Number of Employees': '<25', 'LinkedIn url': 'http://www.linkedin.com/company/olive-pr-solutions'}
{'company_name_zoominfo': 'Revolution Marketing', 'website': 'www.revolutionmarketing.com', 'headquarters': '170 Hamilton Ave Ste 212, White Plains, New York, 10601, United States', 'SIC Code': '73,731', 'NAICS Code': '54,541', 'revenue': '$19.6M', 'Number of Employees': '31', 'LinkedIn url': 'http://www.linkedin.com/company/revolution-marketing'}
{'company_name_zoominfo': 'Double Forte', 'website': 'www.double-forte.com', 'headquarters': '351 California St Ste 450, San Francisco, California, 94104, United St...', 'SIC Code': '87,874', 'NAICS Code': '54,541', 'revenue': '$7.2M', 'Number of Employees': '27', 'LinkedIn url': 'http://www.linkedin.com/company/double-forte'}
{'company_name_zoominfo': 'Tandem Theory', 'website': 'www.tandemtheory.com', 'headquarters': '15400 Knoll Trl Ste 503, Dallas, Texas, 75248, United States', 'SIC Code': '73,733', 'NAICS Code': '54,541', 'revenue': '$7.5M', 'Number of Employees': '25', 'LinkedIn url': 'http://www.linkedin.com/company/tandem-theory-llc'}
{'company_name_zoominfo': 'GDD Interactive', 'website': 'www.gddinteractive.com', 'headquarters': '211 N Ervay St Ste 1410, Dallas, Texas, 75201, United States', 'SIC Code': '73,731', 'NAICS Code': '54,541', 'revenue': '<$5M', 'Number of Employees': '<25', 'LinkedIn url': 'http://www.linkedin.com/company/gdd-interactive'}
{'company_name_zoominfo': 'Bing Bang', 'website': 'www.itsbingbang.com', 'headquarters': '2520 SE Encompass Dr Ste 110, Waukee, Iowa, 50263, United States', 'SIC Code': '48,489', 'NAICS Code': '51,517', 'revenue': '<$5M', 'Number of Employees': '<25', 'LinkedIn url': 'http://www.linkedin.com/company/bing-bang'}
{'company_name_zoominfo': 'Public Content', 'website': 'www.public-content.com', 'headquarters': '3737 Buffalo Speedway Ste 610, Houston, Texas, 77098, United States', 'SIC Code': '87,874', 'NAICS Code': '54,541', 'revenue': '$5.3M', 'Number of Employees': '<25', 'LinkedIn url': 'http://www.linkedin.com/company/public-content'}
{'company_name_zoominfo': 'Digital Media', 'website': 'www.301digitalmedia.com', 'headquarters': '4149a Mallory Ln, Franklin, Tennessee, 37067, United States', 'SIC Code': '48,489', 'NAICS Code': '51,517', 'revenue': '<$5M', 'Number of Employees': '<25', 'LinkedIn url': 'http://www.linkedin.com/company/301-digital-media'}
renewing ip
429
2a0b:f4c2:2::34
renewing ip
429
2a0b:f4c1:2::243
renewing ip
429
2a06:1700:0:12::3
renewing ip
429
2a06:1700:0:12::3
renewing ip
429
2a0b:f4c1:2::243
renewing ip
429
2a0b:f4c1:2::243
renewing ip
429
2a0b:f4c2:1::1
{'company_name_zoominfo': 'Virtual Viewing', 'website': 'www.virtualviewing.ca', 'headquarters': '4823 Thomas Alton Blvd, Burlington, Ontario, L7M 0V2, Canada', 'SIC Code': '50,509', 'NAICS Code': '42,423', 'revenue': '$5.6M', 'Number of Employees': '<25', 'LinkedIn url': '!not-found'}
{'company_name_zoominfo': 'Trier', 'website': 'www.triercompany.com', 'headquarters': '156 2nd St, San Francisco, California, 94105, United States', 'SIC Code': '87,874', 'NAICS Code': '54,541', 'revenue': '<$5M', 'Number of Employees': '<25', 'LinkedIn url': 'http://www.linkedin.com/company/trier-and-company'}
{'company_name_zoominfo': 'Social House', 'website': 'www.socialhouseinc.com', 'headquarters': '6121 Sunset Blvd, Los Angeles, California, 90028, United States', 'SIC Code': '58,581', 'NAICS Code': '72,722', 'revenue': '<$5M', 'Number of Employees': '<25', 'LinkedIn url': 'http://www.linkedin.com/company/social-house-inc-a-social-media-group'}
{'company_name_zoominfo': 'RH Blake', 'website': 'www.rhblake.com', 'headquarters': '27629 Chagrin Blvd Ste 204, Woodmere, Ohio, 44122, United States', 'SIC Code': '87,874', 'NAICS Code': '54,541', 'revenue': '<$5M', 'Number of Employees': '<25', 'LinkedIn url': 'http://www.linkedin.com/company/r-h--blake-inc-'}
{'company_name_zoominfo': 'Xzito', 'website': 'www.xzito.com', 'headquarters': '2820 Hartford Ave, Johnston, Rhode Island, 02919, United States', 'SIC Code': '87,874', 'NAICS Code': '54,541', 'revenue': '<$5M', 'Number of Employees': '<25', 'LinkedIn url': 'http://www.linkedin.com/company/xzito-creative-solutions-llc'}
{'company_name_zoominfo': 'Ronin', 'website': 'www.roninadv.com', 'headquarters': '105 S Main St, Zelienople, Pennsylvania, 16063, United States', 'SIC Code': '73,731', 'NAICS Code': '54,541', 'revenue': '$13.6M', 'Number of Employees': '<25', 'LinkedIn url': 'http://www.linkedin.com/company/ronin-advertising-group'}
{'company_name_zoominfo': 'Foster Marketing', 'website': 'www.fostermarketing.com', 'headquarters': '3909-f Ambassador Caffery Pkwy, Lafayette, Louisiana, 70503, United St...', 'SIC Code': '73,731', 'NAICS Code': '54,541', 'revenue': '<$5M', 'Number of Employees': '<25', 'LinkedIn url': 'http://www.linkedin.com/company/foster-marketing-llc'}
{'company_name_zoominfo': 'Nex Gen Dynamics', 'website': 'www.nexgendynamics.com', 'headquarters': '813 Tek Dr, Crystal Lake, Illinois, 60014, United States', 'SIC Code': '73,733', 'NAICS Code': '54,541', 'revenue': '<$5M', 'Number of Employees': '<25', 'LinkedIn url': 'http://www.linkedin.com/company/nex-gen-dynamics'}
{'company_name_zoominfo': 'KNB Communications', 'website': 'www.knbcommunications.com', 'headquarters': '12188 Squirrel Dr, Spanish Fort, Alabama, 36527, United States', 'SIC Code': '87,874', 'NAICS Code': '54,541', 'revenue': '<$5M', 'Number of Employees': '<25', 'LinkedIn url': 'http://www.linkedin.com/company/knbcommunications'}
{'company_name_zoominfo': 'Chivalry Creative', 'website': 'www.chivalrycreative.com', 'headquarters': '939 Rue Du Collège, Montreal, Quebec, H4C 2S3, Canada', 'SIC Code': '78,781', 'NAICS Code': '51,512', 'revenue': '<$5M', 'Number of Employees': '<25', 'LinkedIn url': 'http://www.linkedin.com/company/chivalric-pictures'}
{'company_name_zoominfo': 'Miller PR', 'website': 'www.miller-pr.com', 'headquarters': '8033 W Sunset Blvd Ste 7000, Los Angeles, California, 90046, United St...', 'SIC Code': '87,874', 'NAICS Code': '54,541', 'revenue': '$5.7M', 'Number of Employees': '<25', 'LinkedIn url': 'http://www.linkedin.com/company/miller-pr'}
{'company_name_zoominfo': 'Graphiti Associates', 'website': 'www.graphiti.com', 'headquarters': '3518 Fremont Ave N 322, Seattle, Washington, 98103, United States', 'SIC Code': '73,733', 'NAICS Code': '54,541', 'revenue': '<$5M', 'Number of Employees': '<25', 'LinkedIn url': 'http://www.linkedin.com/company/graphiti-associates'}
{'company_name_zoominfo': 'NotAvailable', 'website': 'NotAvailable', 'headquarters': 'NotAvailable', 'SIC Code': 'NotAvailable', 'NAICS Code': 'NotAvailable', 'revenue': 'NotAvailable', 'Number of Employees': 'NotAvailable', 'LinkedIn url': 'NotAvailable'}
{'company_name_zoominfo': 'Campfire', 'website': 'www.campfirenyc.com', 'headquarters': '62 White St Fl 3, New York City, New York, 10013, United States', 'SIC Code': '73,731', 'NAICS Code': '54,541', 'revenue': '$6M', 'Number of Employees': '<25', 'LinkedIn url': 'http://www.linkedin.com/company/campfire'}
{'company_name_zoominfo': 'Weseopro', 'website': 'www.weseopro.com', 'headquarters': '9933 Franklin Ave Ste 104, Franklin Park, Illinois, 60131, United Stat...', 'SIC Code': '73,737', 'NAICS Code': '54,541', 'revenue': '<$5M', 'Number of Employees': '<25', 'LinkedIn url': 'https://www.linkedin.com/company/we-seo-pro'}
{'company_name_zoominfo': 'MBMIT', 'website': 'www.mbmit.co.uk', 'headquarters': 'Shaftesbury Centre Unit 51, Swindon, SN2 5AX, United Kingdom', 'SIC Code': '73,737', 'NAICS Code': '54,541', 'revenue': '<$5M', 'Number of Employees': '<25', 'LinkedIn url': 'http://www.linkedin.com/company/mbmit'}
{'company_name_zoominfo': 'NotAvailable', 'website': 'NotAvailable', 'headquarters': 'NotAvailable', 'SIC Code': 'NotAvailable', 'NAICS Code': 'NotAvailable', 'revenue': 'NotAvailable', 'Number of Employees': 'NotAvailable', 'LinkedIn url': 'NotAvailable'}
{'company_name_zoominfo': '!not-found', 'website': 'New Governance', 'headquarters': '!not-found', 'SIC Code': '!not-found', 'NAICS Code': '!not-found', 'revenue': '!not-found', 'Number of Employees': '!not-found', 'LinkedIn url': '!not-found'}
renewing ip
429
2001:67c:6ec:203:192:42:116:186
{'company_name_zoominfo': '!not-found', 'website': 'LEAP Agency', 'headquarters': '!not-found', 'SIC Code': '!not-found', 'NAICS Code': '!not-found', 'revenue': '!not-found', 'Number of Employees': '!not-found', 'LinkedIn url': '!not-found'}
{'company_name_zoominfo': '!not-found', 'website': '!not-found', 'headquarters': '!not-found', 'SIC Code': '!not-found', 'NAICS Code': '!not-found', 'revenue': '!not-found', 'Number of Employees': '!not-found', 'LinkedIn url': '!not-found'}
{'company_name_zoominfo': 'Myers Marketing Management', 'website': 'www.myersmm.com', 'headquarters': '118 N Main St, Sand Springs, Oklahoma, 74063, United States', 'SIC Code': '87,874', 'NAICS Code': '54,541', 'revenue': '<$5M', 'Number of Employees': '<25', 'LinkedIn url': 'http://www.linkedin.com/company/myers-marketing-management'}
{'company_name_zoominfo': 'NotAvailable', 'website': 'NotAvailable', 'headquarters': 'NotAvailable', 'SIC Code': 'NotAvailable', 'NAICS Code': 'NotAvailable', 'revenue': 'NotAvailable', 'Number of Employees': 'NotAvailable', 'LinkedIn url': 'NotAvailable'}
{'company_name_zoominfo': 'eCity Interactive', 'website': 'www.ecityinteractive.com', 'headquarters': '1635 Market St Fl 19, Philadelphia, Pennsylvania, 19103, United States', 'SIC Code': '73,733', 'NAICS Code': '54,541', 'revenue': '<$5M', 'Number of Employees': '<25', 'LinkedIn url': 'http://www.linkedin.com/company/ecity-interactive'}
{'company_name_zoominfo': 'Nomadic Agency', 'website': 'www.nomadicagency.com', 'headquarters': '3550 N Central Ave Ste 1500, Phoenix, Arizona, 85012, United States', 'SIC Code': '73,731', 'NAICS Code': '54,541', 'revenue': '$9.6M', 'Number of Employees': '<25', 'LinkedIn url': 'http://www.linkedin.com/company/nomadic'}
{'company_name_zoominfo': 'Chatter Buzz Media', 'website': 'www.chatterbuzzmedia.com', 'headquarters': '1218 E Robinson St, Orlando, Florida, 32801, United States', 'SIC Code': '73,731', 'NAICS Code': '54,541', 'revenue': '<$5M', 'Number of Employees': '<25', 'LinkedIn url': 'http://www.linkedin.com/company/chatter-buzz-media-llc'}
{'company_name_zoominfo': 'TheeDesign', 'website': 'www.theedigital.com', 'headquarters': '7901 Strickland Rd 112, Raleigh, North Carolina, 27615, United States', 'SIC Code': '73,737', 'NAICS Code': '51,518', 'revenue': '<$5M', 'Number of Employees': '<25', 'LinkedIn url': 'http://www.linkedin.com/company/theedigital'}
{'company_name_zoominfo': 'Bliss Drive', 'website': 'www.blissdrive.com', 'headquarters': '17595 Harvard Ave Ste C2480, Irvine, California, 92614, United States', 'SIC Code': '87,874', 'NAICS Code': '54,541', 'revenue': '<$5M', 'Number of Employees': '<25', 'LinkedIn url': 'http://www.linkedin.com/company/blissdrivellc'}
{'company_name_zoominfo': 'CSTMR', 'website': 'www.cstmr.com', 'headquarters': '12600 Hill Country Blvd Ste 275, Austin, Texas, 78738, United States', 'SIC Code': '87,874', 'NAICS Code': '54,541', 'revenue': '<$5M', 'Number of Employees': '<25', 'LinkedIn url': 'http://www.linkedin.com/company/cstmr'}
{'company_name_zoominfo': 'Web Design', 'website': 'www.iluvweb.com', 'headquarters': '135 11th Ave NW, Calgary, Alberta, T2M 0B7, Canada', 'SIC Code': '73,733', 'NAICS Code': '54,541', 'revenue': '<$5M', 'Number of Employees': '<25', 'LinkedIn url': '!not-found'}
{'company_name_zoominfo': 'DeltaV Digital', 'website': 'www.deltavdigital.com', 'headquarters': '1712 N St NW 302, Washington, District of Columbia, 20036, United Stat...', 'SIC Code': '73,731', 'NAICS Code': '54,541', 'revenue': '<$5M', 'Number of Employees': '<25', 'LinkedIn url': 'http://www.linkedin.com/company/deltav-digital-llc'}
renewing ip
429
2a0b:f4c0:16c:2::1
{'company_name_zoominfo': 'Ridge Marketing & Design', 'website': 'www.ridgemarketing.com', 'headquarters': '91 S Maple Ave, Basking Ridge, New Jersey, 07920, United States', 'SIC Code': '87,874', 'NAICS Code': '54,541', 'revenue': '<$5M', 'Number of Employees': '<25', 'LinkedIn url': 'http://www.linkedin.com/company/ridge-marketing-&-design'}
('Connection aborted.', RemoteDisconnected('Remote end closed connection without response'))
<class 'UnboundLocalError'>
error in http://webcache.googleusercontent.com/search?q=cache%3Ahttps%3A%2F%2Fwww.zoominfo.com%2Fc%2Ffuel-online%2F346195953
local variable 'page_content' referenced before assignment
https://www.zoominfo.com/c/fuel-online/346195953
{'company_name_zoominfo': '!unknown-error', 'website': '!unknown-error', 'headquarters': '!unknown-error', 'SIC Code': '!unknown-error', 'NAICS Code': '!unknown-error', 'revenue': '!unknown-error', 'Number of Employees': '!unknown-error', 'LinkedIn url': '!unknown-error'}
{'company_name_zoominfo': 'Hedges', 'website': 'www.hedgescompany.com', 'headquarters': '5603 Darrow Rd Ste 100, Hudson, Ohio, 44236, United States', 'SIC Code': '87,874', 'NAICS Code': '54,541', 'revenue': '$13.3M', 'Number of Employees': '<25', 'LinkedIn url': 'http://www.linkedin.com/company/hedges-&-company'}
{'company_name_zoominfo': 'Reveal Digital Marketing', 'website': 'www.revealdigitalmarketing.com', 'headquarters': '5080 Camino Del Arroyo Unit 526, San Diego, California, 92108, United ...', 'SIC Code': '87,874', 'NAICS Code': '54,541', 'revenue': '<$5M', 'Number of Employees': '<25', 'LinkedIn url': 'http://www.linkedin.com/company/30617264'}
{'company_name_zoominfo': 'Link2City', 'website': 'www.link2city.com', 'headquarters': '13501 SW 136 St Ste 203, Miami, Florida, 33186, United States', 'SIC Code': '73,731', 'NAICS Code': '54,541', 'revenue': '<$5M', 'Number of Employees': '<25', 'LinkedIn url': 'http://www.linkedin.com/company/link2city.com'}
{'company_name_zoominfo': 'Wegacha', 'website': 'www.wegacha.com', 'headquarters': '66 W Flagler St Ste 907, Miami, Florida, 33130, United States', 'SIC Code': '87,874', 'NAICS Code': '54,541', 'revenue': '<$5M', 'Number of Employees': '<25', 'LinkedIn url': 'http://www.linkedin.com/company/wegacha.com'}
{'company_name_zoominfo': 'Papercut Interactive', 'website': 'www.papercutinteractive.com', 'headquarters': 'PO Box 4308, Chattanooga, Tennessee, 37405, United States', 'SIC Code': '73,738', 'NAICS Code': '54,541', 'revenue': '<$5M', 'Number of Employees': '<25', 'LinkedIn url': 'http://www.linkedin.com/company/papercut-interactive-inc.'}
{'company_name_zoominfo': 'Big Bang Marketing Consultants', 'website': 'www.bigbangmktg.com', 'headquarters': '717 Hilton Park Ct, Saint Charles, Missouri, 63304, United States', 'SIC Code': '87,874', 'NAICS Code': '54,541', 'revenue': '<$5M', 'Number of Employees': '<25', 'LinkedIn url': 'http://www.linkedin.com/company/big-bang-marketing-consultants-llc'}
{'company_name_zoominfo': 'Stryde', 'website': 'www.stryde.com', 'headquarters': '14183 Minuteman Dr Ste 201, Draper, Utah, 84020, United States', 'SIC Code': '87,874', 'NAICS Code': '54,541', 'revenue': '$17M', 'Number of Employees': '<25', 'LinkedIn url': 'http://www.linkedin.com/company/stryde-com'}
{'company_name_zoominfo': 'JStokes Agency', 'website': 'www.jstokes.com', 'headquarters': '1444 N Main St Fl 2, Walnut Creek, California, 94596, United States', 'SIC Code': '73,731', 'NAICS Code': '54,541', 'revenue': '$5.6M', 'Number of Employees': '<25', 'LinkedIn url': 'http://www.linkedin.com/company/jstokes-agency'}
{'company_name_zoominfo': 'Oozle Media', 'website': 'www.oozlemedia.com', 'headquarters': '10876 S River Front Pkwy Ste 550, South Jordan, Utah, 84095, United St...', 'SIC Code': '48,489', 'NAICS Code': '51,517', 'revenue': '$5.5M', 'Number of Employees': '26', 'LinkedIn url': 'http://www.linkedin.com/company/oozle-media'}
{'company_name_zoominfo': 'Aidan Taylor Marketing', 'website': 'www.aidantaylor.com', 'headquarters': '1334 E Chandler Blvd Ste 5a19, Phoenix, Arizona, 85048, United States', 'SIC Code': '87,874', 'NAICS Code': '54,541', 'revenue': '<$5M', 'Number of Employees': '<25', 'LinkedIn url': 'http://www.linkedin.com/company/1698829'}
{'company_name_zoominfo': 'Higher Images', 'website': 'www.higherimages.com', 'headquarters': '368 Commercial St, Bridgeville, Pennsylvania, 15017, United States', 'SIC Code': '73,731', 'NAICS Code': '54,541', 'revenue': '$5.3M', 'Number of Employees': '<25', 'LinkedIn url': 'http://www.linkedin.com/company/higher-images'}
{'company_name_zoominfo': 'eCreations', 'website': 'www.ecreations.net', 'headquarters': '2222 W Parkside Ln Ste 116, Phoenix, Arizona, 85027, United States', 'SIC Code': '73,737', 'NAICS Code': '51,518', 'revenue': '<$5M', 'Number of Employees': '<25', 'LinkedIn url': 'http://www.linkedin.com/company/ecreations-llc'}
{'company_name_zoominfo': '99 Robots', 'website': 'www.99robots.com', 'headquarters': '220 Davidson Ave Ste 100, Somerset, New Jersey, 08873, United States', 'SIC Code': '73,731', 'NAICS Code': '54,541', 'revenue': '$10.2M', 'Number of Employees': '<25', 'LinkedIn url': 'http://www.linkedin.com/company/99-robots'}
{'company_name_zoominfo': 'FountainheadME', 'website': 'www.fountainheadme.com', 'headquarters': '1100 Broadway, Santa Monica, California, 90401, United States', 'SIC Code': '73,738', 'NAICS Code': '56,561', 'revenue': '$7.1M', 'Number of Employees': '30', 'LinkedIn url': 'http://www.linkedin.com/company/fountainheadme-inc'}
{'company_name_zoominfo': 'Noble Digital', 'website': 'www.nobledigital.com', 'headquarters': '1507 7th St 101, Santa Monica, California, 90401, United States', 'SIC Code': '87,874', 'NAICS Code': '54,541', 'revenue': '<$5M', 'Number of Employees': '<25', 'LinkedIn url': 'http://www.linkedin.com/company/noble-digital'}
renewing ip
429
2620:18c:0:192::216
{'company_name_zoominfo': 'Clevermethod', 'website': 'www.clevermethod.com', 'headquarters': '301 Ohio St Ste 100, Buffalo, New York, 14204, United States', 'SIC Code': '73,731', 'NAICS Code': '54,541', 'revenue': '<$5M', 'Number of Employees': '<25', 'LinkedIn url': 'http://www.linkedin.com/company/clevermethod'}
{'company_name_zoominfo': 'Brandastic', 'website': 'www.brandastic.com', 'headquarters': '3525 Hyland Ave Ste 235, Costa Mesa, California, 92626, United States', 'SIC Code': '73,731', 'NAICS Code': '52,523', 'revenue': '$5.6M', 'Number of Employees': '<25', 'LinkedIn url': 'http://www.linkedin.com/company/brandastic'}
{'company_name_zoominfo': 'Amplify media + marketing', 'website': 'www.amplifymm.com', 'headquarters': '4121 N 10th St Ste 220, McAllen, Texas, 78504, United States', 'SIC Code': '73,731', 'NAICS Code': '54,541', 'revenue': '<$5M', 'Number of Employees': '<25', 'LinkedIn url': 'http://www.linkedin.com/company/amplifymm'}
{'company_name_zoominfo': 'Native Digital', 'website': 'www.nativedigital.com', 'headquarters': '3502 Gillham Rd, Kansas City, Missouri, 64111, United States', 'SIC Code': '73,737', 'NAICS Code': '54,541', 'revenue': '<$5M', 'Number of Employees': '<25', 'LinkedIn url': 'http://www.linkedin.com/company/native-digital-llc'}
{'company_name_zoominfo': 'WMT', 'website': 'wmt.digital', 'headquarters': '999 Brickell Ave Ste 500, Miami, Florida, 33131, United States', 'SIC Code': '73,731', 'NAICS Code': '54,541', 'revenue': '$6.1M', 'Number of Employees': '<25', 'LinkedIn url': '!not-found'}
{'company_name_zoominfo': 'Philly Marketing Labs', 'website': 'www.phillymarketinglabs.com', 'headquarters': '1150 1st Ave Ste 501, King Of Prussia, Pennsylvania, 19406, United Sta...', 'SIC Code': '87,874', 'NAICS Code': '54,541', 'revenue': '<$5M', 'Number of Employees': '<25', 'LinkedIn url': 'http://www.linkedin.com/company/philly-marketing-labs'}
{'company_name_zoominfo': 'Outsmart Labs', 'website': 'www.outsmartlabs.com', 'headquarters': '14 NE 1st Ave Ste 1401, Miami, Florida, 33132, United States', 'SIC Code': '73,731', 'NAICS Code': '54,541', 'revenue': '<$5M', 'Number of Employees': '<25', 'LinkedIn url': 'http://www.linkedin.com/company/monabuzz'}
{'company_name_zoominfo': 'Nuanced Media', 'website': 'www.nuancedmedia.com', 'headquarters': '100 N Stone Ave Ste 305, Tucson, Arizona, 85701, United States', 'SIC Code': '87,874', 'NAICS Code': '54,541', 'revenue': '<$5M', 'Number of Employees': '<25', 'LinkedIn url': 'http://www.linkedin.com/company/nuanced-media'}
{'company_name_zoominfo': 'The Ad Firm', 'website': 'www.theadfirm.net', 'headquarters': '5151 California Ave Ste 100A, Irvine, California, 92617, United States', 'SIC Code': '73,731', 'NAICS Code': '54,541', 'revenue': '<$5M', 'Number of Employees': '<25', 'LinkedIn url': 'http://www.linkedin.com/company/the-ad-firm'}
renewing ip
429
2a0b:f4c0:16c:6::1
renewing ip
429
2001:67c:6ec:203:192:42:116:201
renewing ip
429
2001:67c:6ec:203:192:42:116:201
{'company_name_zoominfo': 'Designzillas', 'website': 'www.designzillas.com', 'headquarters': '250 N Orange Ave Ste 1250, Orlando, Florida, 32801, United States', 'SIC Code': '73,731', 'NAICS Code': '54,541', 'revenue': '$5.4M', 'Number of Employees': '<25', 'LinkedIn url': 'http://www.linkedin.com/company/designzillas-llc'}
{'company_name_zoominfo': 'Company 119', 'website': 'www.company119.com', 'headquarters': '115 Wilson Mills Rd Ste 4, Chardon, Ohio, 44024, United States', 'SIC Code': '87,874', 'NAICS Code': '54,541', 'revenue': '<$5M', 'Number of Employees': '<25', 'LinkedIn url': 'http://www.linkedin.com/company/company-119'}
{'company_name_zoominfo': 'Single Grain', 'website': 'www.singlegrain.com', 'headquarters': '707 Wilshire Blvd Ste 3630, Los Angeles, California, 90017, United Sta...', 'SIC Code': '51,515', 'NAICS Code': '42,424', 'revenue': '<$5M', 'Number of Employees': '<25', 'LinkedIn url': 'http://www.linkedin.com/company/single-grain-llc'}
{'company_name_zoominfo': 'Firestorm SEM', 'website': 'www.firestormsem.com', 'headquarters': '1150 1st Ave 105, King Of Prussia, Pennsylvania, 19406, United States', 'SIC Code': '73,731', 'NAICS Code': '54,541', 'revenue': '<$5M', 'Number of Employees': '<25', 'LinkedIn url': 'http://www.linkedin.com/company/firestorm-sem'}
{'company_name_zoominfo': 'H Street Digital', 'website': 'www.hstreetdigital.co', 'headquarters': '30 Waterside Pl Apt 7F, New York, New York, 10010, United States', 'SIC Code': '73,731', 'NAICS Code': '54,541', 'revenue': '<$5M', 'Number of Employees': '27', 'LinkedIn url': 'http://www.linkedin.com/company/h-street-digital'}
{'company_name_zoominfo': 'Advantix Digital', 'website': 'www.avxdigital.com', 'headquarters': '14285 Midway Rd Ste 475, Addison, Texas, 75001, United States', 'SIC Code': '87,874', 'NAICS Code': '54,541', 'revenue': '$5M', 'Number of Employees': '<25', 'LinkedIn url': 'http://www.linkedin.com/company/1555658'}
{'company_name_zoominfo': 'BubbleUp', 'website': 'www.bubbleup.net', 'headquarters': '1212 16th Ave S, Nashville, Tennessee, 37212, United States', 'SIC Code': '73,731', 'NAICS Code': '54,541', 'revenue': '$14.4M', 'Number of Employees': '37', 'LinkedIn url': 'http://www.linkedin.com/company/bubbleup'}
{'company_name_zoominfo': 'Upgrow', 'website': 'www.upgrow.io', 'headquarters': '149 New Montgomery St Fl 4, San Francisco, California, 94105, United S...', 'SIC Code': '73,731', 'NAICS Code': '54,541', 'revenue': '<$5M', 'Number of Employees': '<25', 'LinkedIn url': 'http://www.linkedin.com/company/upgrowio'}
{'company_name_zoominfo': 'Gravitate', 'website': 'www.gravitatedesign.com', 'headquarters': '1207 Washington St Ste 215, Vancouver, Washington, 98660, United State...', 'SIC Code': '73,733', 'NAICS Code': '54,541', 'revenue': '$9.2M', 'Number of Employees': '32', 'LinkedIn url': 'http://www.linkedin.com/company/gravitate-design-studio'}
{'company_name_zoominfo': 'Happy Helper', 'website': 'www.happyhelper.dk', 'headquarters': '40 Gammel Strand 1 Sal, København K, Capital Region, 1202, Denmark', 'SIC Code': '60,602', 'NAICS Code': '52,522', 'revenue': '<$5M', 'Number of Employees': '<25', 'LinkedIn url': 'http://www.linkedin.com/company/10332603'}
site-not-indexed

{'company_name_zoominfo': '!not-found', 'website': '!not-found', 'headquarters': '!not-found', 'SIC Code': '!not-found', 'NAICS Code': '!not-found', 'revenue': '!not-found', 'Number of Employees': '!not-found', 'LinkedIn url': '!not-found'}
{'company_name_zoominfo': 'The ChoreRelief', 'website': 'www.chorerelief.com', 'headquarters': '222 W Merchandise Mart Plz Ste 1212, Chicago, Illinois, 60654, United ...', 'SIC Code': '73,737', 'NAICS Code': '54,541', 'revenue': '<$5M', 'Number of Employees': '<25', 'LinkedIn url': 'http://www.linkedin.com/company/chorerelief'}
{'company_name_zoominfo': 'EZBZ', 'website': 'www.myezbz.com', 'headquarters': 'PO Box 73768, Houston, Texas, 77273, United States', 'SIC Code': '73,737', 'NAICS Code': '51,517', 'revenue': '<$5M', 'Number of Employees': '<25', 'LinkedIn url': 'http://www.linkedin.com/company/ezbz-inc-'}
{'company_name_zoominfo': 'Ross NW Watergardens', 'website': 'www.rossnwwatergardens.com', 'headquarters': '1127 NE 160th Ave, Portland, Oregon, 97230, United States', 'SIC Code': '78,781', 'NAICS Code': '54,541', 'revenue': '<$5M', 'Number of Employees': '<25', 'LinkedIn url': 'http://www.linkedin.com/company/ross-nw-watergardens'}
{'company_name_zoominfo': 'Fixlers.com', 'website': 'www.fixlers.com', 'headquarters': 'United States', 'SIC Code': '72,729', 'NAICS Code': '23,236', 'revenue': '<$5M', 'Number of Employees': '<25', 'LinkedIn url': 'http://www.linkedin.com/company/fixlers-com'}
{'company_name_zoominfo': 'Skratch Design', 'website': 'www.skratchdesign.co.uk', 'headquarters': '1 Fox Valley Stocksbridge Way, Chapletown, England, S36 2AA, United Ki...', 'SIC Code': '73,733', 'NAICS Code': '54,541', 'revenue': '<$5M', 'Number of Employees': '<25', 'LinkedIn url': '!not-found'}
