renewing ip
429
2001:67c:6ec:203:192:42:116:179
{'company_name_zoominfo': 'Beyond Codes', 'website': 'www.beyondcodes.com', 'headquarters': '4277 Goldstone Ln, Simi Valley, California, 93065, United States', 'SIC Code': '73,737', 'NAICS Code': '54,541', 'revenue': '$6.5M', 'Number of Employees': '382', 'LinkedIn url': 'http://www.linkedin.com/company/beyond-codes-inc'}
{'company_name_zoominfo': 'JMS Elite', 'website': 'www.jmselite.com', 'headquarters': '5900 Som Center Rd Ste 12, Willoughby, Ohio, 44094, United States', 'SIC Code': '73,738', 'NAICS Code': '56,561', 'revenue': '<$5M', 'Number of Employees': '<25', 'LinkedIn url': 'http://www.linkedin.com/company/jms-elite-llc'}
{'company_name_zoominfo': 'Global Response', 'website': 'www.globalresponse.com', 'headquarters': '777 S State Rd. 7, Margate, Florida, 33068, United States', 'SIC Code': '73,738', 'NAICS Code': '56,561', 'revenue': '$94.7M', 'Number of Employees': '423', 'LinkedIn url': 'http://www.linkedin.com/company/37555'}
{'company_name_zoominfo': 'VoiceNation', 'website': 'www.voicenation.com', 'headquarters': '2915 Premiere Pkwy 200, Duluth, Georgia, 30097, United States', 'SIC Code': '48,481', 'NAICS Code': '51,517', 'revenue': '$58.4M', 'Number of Employees': '116', 'LinkedIn url': 'http://www.linkedin.com/company/voicenation'}
{'company_name_zoominfo': 'OnBrand24', 'website': 'www.onbrand24.com', 'headquarters': '100 Cummings Ctr Ste 306L, Beverly, Massachusetts, 01915, United State...', 'SIC Code': '73,738', 'NAICS Code': '56,561', 'revenue': '$74M', 'Number of Employees': '393', 'LinkedIn url': 'http://www.linkedin.com/company/onbrand24'}
{'company_name_zoominfo': 'NotAvailable', 'website': 'NotAvailable', 'headquarters': 'NotAvailable', 'SIC Code': 'NotAvailable', 'NAICS Code': 'NotAvailable', 'revenue': 'NotAvailable', 'Number of Employees': 'NotAvailable', 'LinkedIn url': 'NotAvailable'}
{'company_name_zoominfo': 'GenSales', 'website': 'www.gensales.com', 'headquarters': '6444 E Hampden Ave Ste 330, Denver, Colorado, 80222, United States', 'SIC Code': '73,738', 'NAICS Code': '56,561', 'revenue': '$6.5M', 'Number of Employees': '<25', 'LinkedIn url': 'http://www.linkedin.com/company/generation-sales-group'}
{'company_name_zoominfo': 'ContactWorks', 'website': 'www.contactworks.us', 'headquarters': '11525 Stonehollow Dr Ste 170, Austin, Texas, 78758, United States', 'SIC Code': '73,738', 'NAICS Code': '56,561', 'revenue': '$8.4M', 'Number of Employees': '26', 'LinkedIn url': 'http://www.linkedin.com/company/contactworks'}
{'company_name_zoominfo': 'AI bees', 'website': 'www.ai-bees.io', 'headquarters': '50 California St Ste 1500, San Francisco, California, 94111, United St...', 'SIC Code': '73,737', 'NAICS Code': '54,541', 'revenue': '<$5M', 'Number of Employees': '41', 'LinkedIn url': 'http://www.linkedin.com/company/aibees-io'}
{'company_name_zoominfo': 'INFUSEmedia', 'website': 'www.infusemedia.com', 'headquarters': '2385 NW Executive Center Dr Ste 100, Boca Raton, Florida, 33431, Unite...', 'SIC Code': '87,874', 'NAICS Code': '54,541', 'revenue': '$8.6M', 'Number of Employees': '375', 'LinkedIn url': 'http://www.linkedin.com/company/infusemedia'}
{'company_name_zoominfo': 'Darwinian Ventures', 'website': 'www.darwinian.com', 'headquarters': '548 Market St 90878, San Francisco, California, 94104, United States', 'SIC Code': '67,679', 'NAICS Code': '52,523', 'revenue': '<$5M', 'Number of Employees': '<25', 'LinkedIn url': 'http://www.linkedin.com/company/darwinian'}
{'company_name_zoominfo': 'The Brightest Minds University', 'website': 'www.brightestminds.io', 'headquarters': '611 Gateway Blvd Ste 120, San Francisco, California, 94080, United Sta...', 'SIC Code': '73,738', 'NAICS Code': '56,561', 'revenue': '<$5M', 'Number of Employees': '<25', 'LinkedIn url': 'http://www.linkedin.com/company/brightest-minds'}
{'company_name_zoominfo': 'Zventus', 'website': 'www.zventus.com', 'headquarters': '16133 Ventura Blvd Ste 7, Encino, California, 91436, United States', 'SIC Code': '73,738', 'NAICS Code': '56,561', 'revenue': '$15.7M', 'Number of Employees': '60', 'LinkedIn url': 'http://www.linkedin.com/company/zventus'}
renewing ip
429
2001:67c:6ec:203:192:42:116:173
renewing ip
429
2001:67c:6ec:203:192:42:116:173
renewing ip
429
2a03:e600:100::4
renewing ip
429
2a03:e600:100::4
renewing ip
429
2001:67c:6ec:203:192:42:116:192
renewing ip
429
2001:67c:6ec:203:192:42:116:192
renewing ip
429
2620:18c:0:192::139
{'company_name_zoominfo': 'MPI', 'website': 'www.mpi-impact.com', 'headquarters': '1123 N Water St Ste 200, Milwaukee, Wisconsin, 53202, United States', 'SIC Code': '87,874', 'NAICS Code': '54,541', 'revenue': '$10.4M', 'Number of Employees': '<25', 'LinkedIn url': 'http://www.linkedin.com/company/mpiimpact'}
{'company_name_zoominfo': 'Progressive Digital', 'website': 'www.progressivedigitalagency.com', 'headquarters': '9820 Northcross Center Ct, Huntersville, North Carolina, 28078, United...', 'SIC Code': '73,733', 'NAICS Code': '54,541', 'revenue': '<$5M', 'Number of Employees': '<25', 'LinkedIn url': '!not-found'}
{'company_name_zoominfo': 'Digitech Outsourcing Solutions', 'website': 'www.digitechoutsourcingsolution.com', 'headquarters': '18585 Coastal Hwy Unit 10, Rehoboth Beach, Delaware, 19971, United Sta...', 'SIC Code': '73,738', 'NAICS Code': '56,561', 'revenue': '<$5M', 'Number of Employees': '<25', 'LinkedIn url': 'http://www.linkedin.com/company/digitechoutsourcingsolution'}
{'company_name_zoominfo': 'Witcom Marketing', 'website': 'www.witcommarketing.com', 'headquarters': '1740h Dell Range Blvd Ste 299, Cheyenne, Wyoming, 82009, United States', 'SIC Code': '73,738', 'NAICS Code': '56,561', 'revenue': '<$5M', 'Number of Employees': '<25', 'LinkedIn url': '!not-found'}
{'company_name_zoominfo': 'Real Estate IQ', 'website': 'www.realestateiq.co', 'headquarters': '7950 Legacy Dr, Plano, Texas, 75024, United States', 'SIC Code': '73,738', 'NAICS Code': '51,511', 'revenue': '$9.5M', 'Number of Employees': '32', 'LinkedIn url': 'http://www.linkedin.com/company/realestateiqco'}
{'company_name_zoominfo': 'BetterHelp', 'website': 'www.betterhelp.com', 'headquarters': '990 Villa St, Mountain View, California, 94041, United States', 'SIC Code': '83,832', 'NAICS Code': '51,518', 'revenue': '$7.9M', 'Number of Employees': '95', 'LinkedIn url': 'http://www.linkedin.com/company/betterhelp-com'}
{'company_name_zoominfo': 'Dafnarolls', 'website': 'www.dafnarolls.com', 'headquarters': 'PO Box 638, Easton, Massachusetts, 02334, United States', 'SIC Code': '87,874', 'NAICS Code': '54,541', 'revenue': '$14.3M', 'Number of Employees': '26', 'LinkedIn url': 'http://www.linkedin.com/company/d-rolls-associates'}
{'company_name_zoominfo': 'TelemarketingPower', 'website': 'www.telemarketingpower.com', 'headquarters': '23 Foster St, Surry Hills, New South Wales, 2010, Australia', 'SIC Code': '73,738', 'NAICS Code': '56,561', 'revenue': '<$5M', 'Number of Employees': '<25', 'LinkedIn url': '!not-found'}
{'company_name_zoominfo': 'Sales Focus', 'website': 'www.salesfocusinc.com', 'headquarters': '10290 Old Columbia Rd Ste 302, Columbia, Maryland, 21046, United State...', 'SIC Code': '87,874', 'NAICS Code': '54,541', 'revenue': '$5.7M', 'Number of Employees': '34', 'LinkedIn url': 'http://www.linkedin.com/company/sales-focus-inc'}
{'company_name_zoominfo': 'Invenio', 'website': 'www.invenio.cl', 'headquarters': '2318 Chillán, Santiago, 27564100, Chile', 'SIC Code': '59,594', 'NAICS Code': '45,453', 'revenue': '$7.5M', 'Number of Employees': '26', 'LinkedIn url': 'http://www.linkedin.com/company/invenio-s-a-'}
{'company_name_zoominfo': 'Triton Technologies', 'website': 'www.tritontechnologies.com', 'headquarters': '115 Plymouth St, Mansfield, Massachusetts, 02048, United States', 'SIC Code': '87,874', 'NAICS Code': '56,561', 'revenue': '$25.8M', 'Number of Employees': '297', 'LinkedIn url': 'http://www.linkedin.com/company/triton-technologies-inc-'}
{'company_name_zoominfo': 'Inside Response', 'website': 'www.insideresponse.com', 'headquarters': '6300 Sprint Pkwy Ste 200, Overland Park, Kansas, 66211, United States', 'SIC Code': '73,737', 'NAICS Code': '51,518', 'revenue': '$20.7M', 'Number of Employees': '150', 'LinkedIn url': 'http://www.linkedin.com/company/inside-ventures'}
{'company_name_zoominfo': 'Convirza', 'website': 'www.convirza.com', 'headquarters': '138 E 12300 S Ste C, Draper, Utah, 84020, United States', 'SIC Code': '87,874', 'NAICS Code': '54,541', 'revenue': '$5.3M', 'Number of Employees': '49', 'LinkedIn url': 'http://www.linkedin.com/company/convirza'}
renewing ip
429
2a03:94e0:ffff:185:181:61:0:115
{'company_name_zoominfo': 'Dealer Advantage BDC', 'website': 'www.dealeradvantagebdc.com', 'headquarters': 'United States', 'SIC Code': '55,551', 'NAICS Code': '42,423', 'revenue': '<$5M', 'Number of Employees': '<25', 'LinkedIn url': '!not-found'}
{'company_name_zoominfo': 'The Endurance Group', 'website': 'www.theendurancegroup.com', 'headquarters': '45 Exchange St Ste 301, Portland, Maine, 04101, United States', 'SIC Code': '73,737', 'NAICS Code': '54,541', 'revenue': '<$5M', 'Number of Employees': '<25', 'LinkedIn url': 'http://www.linkedin.com/company/the-endurance-group'}
{'company_name_zoominfo': 'Revgen', 'website': 'www.revgennc.com', 'headquarters': '3210 Hillsborough St, Raleigh, North Carolina, 27607, United States', 'SIC Code': '73,732', 'NAICS Code': '56,561', 'revenue': '$13.8M', 'Number of Employees': '29', 'LinkedIn url': 'http://www.linkedin.com/company/revgen-llc'}
{'company_name_zoominfo': 'Grow Your Sales Pipeline', 'website': 'www.growyoursalespipeline.com', 'headquarters': '19056 Barrington Dr, Eden Prairie, Minnesota, 55346, United States', 'SIC Code': '73,736', 'NAICS Code': '56,561', 'revenue': '<$5M', 'Number of Employees': '<25', 'LinkedIn url': 'http://www.linkedin.com/company/grow-your-sales-pipeline'}
{'company_name_zoominfo': '!not-found', 'website': '!not-found', 'headquarters': '!not-found', 'SIC Code': '!not-found', 'NAICS Code': '!not-found', 'revenue': '!not-found', 'Number of Employees': '!not-found', 'LinkedIn url': '!not-found'}
{'company_name_zoominfo': '!not-found', 'website': '!not-found', 'headquarters': '!not-found', 'SIC Code': '!not-found', 'NAICS Code': '!not-found', 'revenue': '!not-found', 'Number of Employees': '!not-found', 'LinkedIn url': '!not-found'}
{'company_name_zoominfo': 'TeleDirect', 'website': 'www.teledirect.com', 'headquarters': '4745 Chippendale Dr, Sacramento, California, 95841, United States', 'SIC Code': '73,738', 'NAICS Code': '56,561', 'revenue': '$18.8M', 'Number of Employees': '251', 'LinkedIn url': 'http://www.linkedin.com/company/teledirect-sa'}
{'company_name_zoominfo': 'Front Office Staff-Reno', 'website': 'www.frontofficestaffreno.com', 'headquarters': '63 Keystone Ave Ste 101, Reno, Nevada, 89503, United States', 'SIC Code': '73,736', 'NAICS Code': '54,541', 'revenue': '<$5M', 'Number of Employees': '<25', 'LinkedIn url': '!not-found'}
{'company_name_zoominfo': 'Front Desk Helpers', 'website': 'www.frontdeskhelpers.com', 'headquarters': '27 Avery Dr Ste 1, Old Bridge, New Jersey, 08857, United States', 'SIC Code': '73,738', 'NAICS Code': '56,561', 'revenue': '$6.6M', 'Number of Employees': '<25', 'LinkedIn url': 'http://www.linkedin.com/company/frontdeskhelpers'}
{'company_name_zoominfo': 'Phone Net', 'website': 'www.phonenetinc.com', 'headquarters': '9444 Waples St, San Diego, California, 92121, United States', 'SIC Code': '73,738', 'NAICS Code': '56,561', 'revenue': '$10.5M', 'Number of Employees': '49', 'LinkedIn url': 'http://www.linkedin.com/company/1514445'}
{'company_name_zoominfo': 'NotAvailable', 'website': 'NotAvailable', 'headquarters': 'NotAvailable', 'SIC Code': 'NotAvailable', 'NAICS Code': 'NotAvailable', 'revenue': 'NotAvailable', 'Number of Employees': 'NotAvailable', 'LinkedIn url': 'NotAvailable'}
{'company_name_zoominfo': 'Noble Voice', 'website': 'www.noblevoice.com.my', 'headquarters': 'Malaysia', 'SIC Code': '73,732', 'NAICS Code': '56,561', 'revenue': '<$5M', 'Number of Employees': '<25', 'LinkedIn url': '!not-found'}
{'company_name_zoominfo': 'Leading Response', 'website': 'www.leadingresponse.com', 'headquarters': '4805 Independence Pkwy Ste 250, Tampa, Florida, 33634, United States', 'SIC Code': '73,738', 'NAICS Code': '56,561', 'revenue': '$70M', 'Number of Employees': '131', 'LinkedIn url': 'http://www.linkedin.com/company/leading-response'}
{'company_name_zoominfo': 'NotAvailable', 'website': 'NotAvailable', 'headquarters': 'NotAvailable', 'SIC Code': 'NotAvailable', 'NAICS Code': 'NotAvailable', 'revenue': 'NotAvailable', 'Number of Employees': 'NotAvailable', 'LinkedIn url': 'NotAvailable'}
