renewing ip
429
2001:67c:6ec:203:192:42:116:179
{'company_name_zoominfo': 'Zesh', 'website': 'www.zeshenterprises.com', 'headquarters': '12000 NE 8th Ave, Biscayne Park, Florida, 33161, United States', 'SIC Code': '38,382', 'NAICS Code': '33,334', 'revenue': '<$5M', 'Number of Employees': '<25', 'LinkedIn url': '!not-found'}
{'company_name_zoominfo': 'Summit Advantage', 'website': 'www.summitadv.com', 'headquarters': '3340 W Market St Ste 200, Akron, Ohio, 44333, United States', 'SIC Code': '73,738', 'NAICS Code': '56,561', 'revenue': '<$5M', 'Number of Employees': '<25', 'LinkedIn url': 'http://www.linkedin.com/company/summit-advantage-llc'}
{'company_name_zoominfo': 'Tactical Telesolutions', 'website': 'www.tacticaltelesolutions.com', 'headquarters': '2121 N California Blvd Ste 260, Walnut Creek, California, 94596, Unite...', 'SIC Code': '73,738', 'NAICS Code': '56,561', 'revenue': '<$5M', 'Number of Employees': '<25', 'LinkedIn url': 'http://www.linkedin.com/company/tactical-telesolutions'}
{'company_name_zoominfo': 'Answer Aide', 'website': 'www.answeraide.com', 'headquarters': '4475 Us-1 S Ste 302, Saint Augustine, Florida, 32086, United States', 'SIC Code': '73,738', 'NAICS Code': '56,561', 'revenue': '<$5M', 'Number of Employees': '<25', 'LinkedIn url': 'http://www.linkedin.com/company/13979211'}
{'company_name_zoominfo': 'Blue Zebra Appointment Setting', 'website': 'www.bluezebraappointmentsetting.com', 'headquarters': '2119 Valerga Dr Ste 8, Belmont, California, 94002, United States', 'SIC Code': '73,738', 'NAICS Code': '56,561', 'revenue': '<$5M', 'Number of Employees': '<25', 'LinkedIn url': 'http://www.linkedin.com/company/blue-zebra-appointment-setting'}
{'company_name_zoominfo': 'Alliance Direct Marketing Services', 'website': 'www.alliancedms.com', 'headquarters': '1050 W Pipeline Rd Ste 103, Hurst, Texas, 76053, United States', 'SIC Code': '73,738', 'NAICS Code': '56,561', 'revenue': '<$5M', 'Number of Employees': '32', 'LinkedIn url': 'http://www.linkedin.com/company/alliance'}
{'company_name_zoominfo': 'Core BPO', 'website': 'www.core-bpo.com', 'headquarters': '15 Southampton Pl, London, Greater London, WC1A 2AJ, United Kingdom', 'SIC Code': '73,737', 'NAICS Code': '54,541', 'revenue': '$19.8M', 'Number of Employees': '96', 'LinkedIn url': '!not-found'}
{'company_name_zoominfo': 'Workaholics', 'website': 'www.workaholicsindia.com', 'headquarters': 'New Delhi, Nct, India', 'SIC Code': '73,738', 'NAICS Code': '56,561', 'revenue': '<$5M', 'Number of Employees': '<25', 'LinkedIn url': 'http://www.linkedin.com/company/workaholics-event-solutions-pvt.-ltd.'}
{'company_name_zoominfo': 'XB Fulfillment', 'website': 'www.xblogistics.com', 'headquarters': '2675 Customhouse Ct Ste A, San Diego, California, 92154, United States', 'SIC Code': '47,478', 'NAICS Code': '54,541', 'revenue': '$42.5M', 'Number of Employees': '344', 'LinkedIn url': 'http://www.linkedin.com/company/xb-logistics'}
{'company_name_zoominfo': 'Aberdeen Group', 'website': 'www.aberdeen.com', 'headquarters': '451 D St Ste 710, Boston, Massachusetts, 02210, United States', 'SIC Code': '87,873', 'NAICS Code': '54,541', 'revenue': '$25.3M', 'Number of Employees': '48', 'LinkedIn url': 'http://www.linkedin.com/company/aberdeen'}
{'company_name_zoominfo': 'DMA Central', 'website': 'www.dmacentral.com', 'headquarters': '4270 W Avenue 40, Los Angeles, California, 90065, United States', 'SIC Code': '73,738', 'NAICS Code': '56,561', 'revenue': '$85.4M', 'Number of Employees': '580', 'LinkedIn url': 'http://www.linkedin.com/company/dma-central'}
{'company_name_zoominfo': 'BPO American', 'website': 'www.bpoamerican.com', 'headquarters': '2355 Hwy 101 S Ste J, Greer, South Carolina, 29651, United States', 'SIC Code': '73,738', 'NAICS Code': '56,561', 'revenue': '$16M', 'Number of Employees': '83', 'LinkedIn url': 'http://www.linkedin.com/company/bpo-american'}
renewing ip
429
2001:67c:6ec:203:192:42:116:173
renewing ip
429
2001:67c:6ec:203:192:42:116:173
renewing ip
429
2001:67c:6ec:203:192:42:116:173
renewing ip
429
2a03:e600:100::4
renewing ip
429
2001:67c:6ec:203:192:42:116:192
renewing ip
429
2001:67c:6ec:203:192:42:116:192
renewing ip
429
2620:18c:0:192::139
{'company_name_zoominfo': 'Tfleads', 'website': 'www.tfleads.com', 'headquarters': '9600 Escarpment Blvd Ste 745-35, Austin, Texas, 78749, United States', 'SIC Code': '73,738', 'NAICS Code': '56,561', 'revenue': '<$5M', 'Number of Employees': '<25', 'LinkedIn url': 'http://www.linkedin.com/company/tfleads'}
{'company_name_zoominfo': 'Offrs.com', 'website': 'www.offrs.com', 'headquarters': '29 N Pineapple Ave, Sarasota, Florida, 34236, United States', 'SIC Code': '73,737', 'NAICS Code': '51,518', 'revenue': '$53.3M', 'Number of Employees': '30', 'LinkedIn url': 'http://www.linkedin.com/company/offrs-com'}
{'company_name_zoominfo': 'Development Consulting Partners', 'website': 'www.developmentconsultingpartners.com', 'headquarters': '80 Enterprise Ste 400, Aliso Viejo, California, 92656, United States', 'SIC Code': '87,874', 'NAICS Code': '54,541', 'revenue': '<$5M', 'Number of Employees': '<25', 'LinkedIn url': 'http://www.linkedin.com/company/development-consulting-partners-llc'}
{'company_name_zoominfo': 'Carbon Design', 'website': 'www.carbondesign.co', 'headquarters': '8480 Honeycutt Rd Ste 277, Raleigh, North Carolina, 27615, United Stat...', 'SIC Code': '73,731', 'NAICS Code': '54,541', 'revenue': '<$5M', 'Number of Employees': '<25', 'LinkedIn url': 'http://www.linkedin.com/company/carbon-design-company'}
{'company_name_zoominfo': 'Conduent', 'website': 'www.conduent.com', 'headquarters': '100 Campus Dr Ste 200, Florham Park, New Jersey, 07932, United States', 'SIC Code': '87,874', 'NAICS Code': '52,524', 'revenue': '$4.1B', 'Number of Employees': '60,000', 'LinkedIn url': 'http://www.linkedin.com/company/conduent'}
{'company_name_zoominfo': 'LiveOps', 'website': 'www.liveops.com', 'headquarters': '5425 Stevens Creek Blvd, Santa Clara, California, 95051, United States', 'SIC Code': '73,738', 'NAICS Code': '56,561', 'revenue': '$48.5M', 'Number of Employees': '332', 'LinkedIn url': 'http://www.linkedin.com/company/liveops-agent-services'}
{'company_name_zoominfo': 'Pioneer Lists', 'website': 'www.pioneerlists.com', 'headquarters': '201 Mission St Ste 1200, San Francisco, California, 94105, United Stat...', 'SIC Code': '73,733', 'NAICS Code': '54,541', 'revenue': '$14M', 'Number of Employees': '52', 'LinkedIn url': 'http://www.linkedin.com/company/pioneerlists'}
{'company_name_zoominfo': 'Five Star Call Centers', 'website': 'www.fivestarcallcenters.com', 'headquarters': '4901 E 26th St, Sioux Falls, South Dakota, 57110, United States', 'SIC Code': '73,738', 'NAICS Code': '56,561', 'revenue': '$95.7M', 'Number of Employees': '506', 'LinkedIn url': 'http://www.linkedin.com/company/five-star-call-centers'}
{'company_name_zoominfo': 'Dakota Performance Solutions', 'website': 'www.dakotaperformance.com', 'headquarters': '3409 N Potsdam Ave, Sioux Falls, South Dakota, 57104, United States', 'SIC Code': '73,738', 'NAICS Code': '56,561', 'revenue': '$16.3M', 'Number of Employees': '168', 'LinkedIn url': 'http://www.linkedin.com/company/dakota-performance-solutions'}
{'company_name_zoominfo': 'Professional', 'website': 'www.urainearchitect.com', 'headquarters': '31566 Railroad Canyon Rd Ste 2, Canyon Lake, California, 92587, United...', 'SIC Code': '48,481', 'NAICS Code': '51,519', 'revenue': '$7.6M', 'Number of Employees': '35', 'LinkedIn url': '!not-found'}
{'company_name_zoominfo': 'Launch', 'website': 'www.launchleads.com', 'headquarters': '299 S Main St Ste 1300, Salt Lake City, Utah, 84111, United States', 'SIC Code': '87,874', 'NAICS Code': '56,561', 'revenue': '<$5M', 'Number of Employees': '52', 'LinkedIn url': 'http://www.linkedin.com/company/launch-leads'}
{'company_name_zoominfo': '!not-found', 'website': '!not-found', 'headquarters': '!not-found', 'SIC Code': '!not-found', 'NAICS Code': '!not-found', 'revenue': '!not-found', 'Number of Employees': '!not-found', 'LinkedIn url': '!not-found'}
renewing ip
429
2a03:94e0:ffff:185:181:61:0:115
{'company_name_zoominfo': 'ResConcierge', 'website': 'www.resconcierge.com', 'headquarters': '4623 Heatherbrook Dr, Dallas, Texas, 75244, United States', 'SIC Code': '87,874', 'NAICS Code': '54,541', 'revenue': '<$5M', 'Number of Employees': '<25', 'LinkedIn url': 'http://www.linkedin.com/company/resconcierge'}
{'company_name_zoominfo': 'DataBees', 'website': 'www.getdatabees.com', 'headquarters': '2443 Fillmore St 380-3507, San Francisco, California, 94115, United St...', 'SIC Code': '73,737', 'NAICS Code': '51,518', 'revenue': '$6.3M', 'Number of Employees': '25', 'LinkedIn url': 'http://www.linkedin.com/company/getdatabees'}
{'company_name_zoominfo': 'DialAmerica', 'website': 'www.dialamerica.com', 'headquarters': '960 Macarthur Blvd, Mahwah, New Jersey, 07495, United States', 'SIC Code': '73,738', 'NAICS Code': '56,561', 'revenue': '$657.4M', 'Number of Employees': '4,132', 'LinkedIn url': 'http://www.linkedin.com/company/dialamerica'}
{'company_name_zoominfo': 'NICE', 'website': 'www.nice.com', 'headquarters': "13 Zarchin St, Ra'anana, Central District, Israel", 'SIC Code': '73,737', 'NAICS Code': '54,541', 'revenue': '$2B', 'Number of Employees': '7,102', 'LinkedIn url': 'http://www.linkedin.com/company/nice-systems'}
{'company_name_zoominfo': 'Hit Rate Solutions', 'website': 'www.hitratesolutions.com', 'headquarters': '810 Pony Express Rd, Cheyenne, Wyoming, 82009, United States', 'SIC Code': '73,738', 'NAICS Code': '56,561', 'revenue': '$16.2M', 'Number of Employees': '81', 'LinkedIn url': 'http://www.linkedin.com/company/hit-rate-solutions'}
{'company_name_zoominfo': 'Telecom', 'website': 'www.telecominc.com', 'headquarters': '2201 Broadway Ste 103, Oakland, California, 94612, United States', 'SIC Code': '48,73', 'NAICS Code': '54,541', 'revenue': '$16.3M', 'Number of Employees': '28', 'LinkedIn url': 'http://www.linkedin.com/company/telecom-specialist-inc'}
{'company_name_zoominfo': 'Green Leads', 'website': 'www.green-leads.com', 'headquarters': '59 Colby Cor 122, East Hampstead, New Hampshire, 03826, United States', 'SIC Code': '87,874', 'NAICS Code': '54,541', 'revenue': '$18.9M', 'Number of Employees': '80', 'LinkedIn url': 'http://www.linkedin.com/company/green-leads-llc'}
{'company_name_zoominfo': 'Insurance Telemarketer', 'website': 'www.insurancetelemarketer.com', 'headquarters': '120 Newport Center Dr, Newport Beach, California, 92660, United States', 'SIC Code': '64,641', 'NAICS Code': '52,524', 'revenue': '$5.3M', 'Number of Employees': '<25', 'LinkedIn url': '!not-found'}
{'company_name_zoominfo': 'Tasks Expert', 'website': 'www.tasksexpert.com', 'headquarters': 'Killeen, Texas, 76549, United States', 'SIC Code': '91,911', 'NAICS Code': '92,921', 'revenue': '<$5M', 'Number of Employees': '<25', 'LinkedIn url': 'http://www.linkedin.com/company/tasks-expert'}
{'company_name_zoominfo': 'Bandalier', 'website': 'www.bandalier.co', 'headquarters': '12 W 71st St, New York, New York, 10023, United States', 'SIC Code': '87,874', 'NAICS Code': '54,541', 'revenue': '$19M', 'Number of Employees': '67', 'LinkedIn url': 'http://www.linkedin.com/company/bandalier'}
{'company_name_zoominfo': 'Salaria Group', 'website': 'www.salariagroup.com', 'headquarters': '1201 Wilson Blvd 27, Arlington, Virginia, 22209, United States', 'SIC Code': '73,738', 'NAICS Code': '56,561', 'revenue': '<$5M', 'Number of Employees': '<25', 'LinkedIn url': 'http://www.linkedin.com/company/salaria-group1'}
{'company_name_zoominfo': 'B2B Only', 'website': 'www.b2bonly.com', 'headquarters': '25905 N 49th Ln, Phoenix, Arizona, 85083, United States', 'SIC Code': '73,738', 'NAICS Code': '56,561', 'revenue': '$6.7M', 'Number of Employees': '<25', 'LinkedIn url': '!not-found'}
renewing ip
429
2001:4b78:2006:ffc3::1
{'company_name_zoominfo': 'NUMA', 'website': 'www.numa.co', 'headquarters': '119 W 24th St Fl 4, New York, New York, 10011, United States', 'SIC Code': '58,581', 'NAICS Code': '72,722', 'revenue': '$15.6M', 'Number of Employees': '33', 'LinkedIn url': 'http://www.linkedin.com/company/numa-paris'}
{'company_name_zoominfo': 'Calibrus', 'website': 'www.calibrus.com', 'headquarters': '2005 W 14th St Ste 113, Tempe, Arizona, 85281, United States', 'SIC Code': '73,738', 'NAICS Code': '56,561', 'revenue': '$18.6M', 'Number of Employees': '<25', 'LinkedIn url': 'http://www.linkedin.com/company/calibrus-call-center-services-llc'}
{'company_name_zoominfo': 'West Coast Call Center', 'website': 'www.westcoastcallcenter.com', 'headquarters': '2531 E.whitmore Ave Ste L1, Ceres, California, 95307, United States', 'SIC Code': '73,738', 'NAICS Code': '56,561', 'revenue': '$29.5M', 'Number of Employees': '31', 'LinkedIn url': 'http://www.linkedin.com/company/west-coast-call-center'}
{'company_name_zoominfo': 'BAO', 'website': 'www.baoinc.com', 'headquarters': '300 Apollo Dr Fl 2, Chelmsford, Massachusetts, 01824, United States', 'SIC Code': '87,874', 'NAICS Code': '54,541', 'revenue': '$68M', 'Number of Employees': '200', 'LinkedIn url': 'http://www.linkedin.com/company/by-appointment-only-inc-'}
