renewing ip
429
2001:67c:6ec:203:192:42:116:179
{'company_name_zoominfo': 'Everise Holdings', 'website': 'www.weareeverise.com', 'headquarters': '600 N Pine Island Rd Ste 320, Plantation, Florida, 33324, United State...', 'SIC Code': '73,737', 'NAICS Code': '54,541', 'revenue': '$1.9B', 'Number of Employees': '15,000', 'LinkedIn url': 'http://www.linkedin.com/company/weareeverise'}
{'company_name_zoominfo': 'AnswerOne', 'website': 'www.brooklynansweringservice.com', 'headquarters': '7014 13th Ave, Brooklyn, New York, 11228, United States', 'SIC Code': '73,738', 'NAICS Code': '56,561', 'revenue': '<$5M', 'Number of Employees': '<25', 'LinkedIn url': '!not-found'}
{'company_name_zoominfo': 'Gurland', 'website': 'www.gurlandcorp.com', 'headquarters': '704 N King St Ste 500, Wilmington, Delaware, 19801, United States', 'SIC Code': '73,737', 'NAICS Code': '51,511', 'revenue': '$5.7M', 'Number of Employees': '<25', 'LinkedIn url': 'http://www.linkedin.com/company/gurland'}
{'company_name_zoominfo': 'NexRep', 'website': 'www.nexrep.com', 'headquarters': '465 Congress St Ste 700, Portland, Maine, 04101, United States', 'SIC Code': '73,738', 'NAICS Code': '56,561', 'revenue': '$133.4M', 'Number of Employees': '120', 'LinkedIn url': 'http://www.linkedin.com/company/nexrep-llc'}
{'company_name_zoominfo': 'NotAvailable', 'website': 'NotAvailable', 'headquarters': 'NotAvailable', 'SIC Code': 'NotAvailable', 'NAICS Code': 'NotAvailable', 'revenue': 'NotAvailable', 'Number of Employees': 'NotAvailable', 'LinkedIn url': 'NotAvailable'}
{'company_name_zoominfo': 'Prospect America', 'website': 'www.prospectamerica.net', 'headquarters': '6295 Granbury Rd, Fort Worth, Texas, 76133, United States', 'SIC Code': '73,738', 'NAICS Code': '56,561', 'revenue': '<$5M', 'Number of Employees': '<25', 'LinkedIn url': 'http://www.linkedin.com/company/prospect-america'}
{'company_name_zoominfo': 'Anomaly Squared', 'website': 'www.anomalysquared.com', 'headquarters': '7900 Mccloud Rd Ste 400, Greensboro, North Carolina, 27409, United Sta...', 'SIC Code': '73,738', 'NAICS Code': '56,561', 'revenue': '$70.5M', 'Number of Employees': '309', 'LinkedIn url': 'http://www.linkedin.com/company/anomaly-squared'}
{'company_name_zoominfo': 'Call Center Systems', 'website': 'www.ccs-live.com', 'headquarters': '321 Venable Rd Ste 1, Winchester, Kentucky, 40391, United States', 'SIC Code': '73,738', 'NAICS Code': '56,561', 'revenue': '$31.6M', 'Number of Employees': '151', 'LinkedIn url': 'http://www.linkedin.com/company/call-center-systems'}
{'company_name_zoominfo': 'OBI Creative', 'website': 'www.obicreative.com', 'headquarters': '4909 S 135th St Ste 200, Omaha, Nebraska, 68137, United States', 'SIC Code': '73,731', 'NAICS Code': '54,541', 'revenue': '<$5M', 'Number of Employees': '25', 'LinkedIn url': 'http://www.linkedin.com/company/obi-creative'}
{'company_name_zoominfo': 'CallCenterLead.net', 'website': 'www.callcenterlead.net', 'headquarters': '209 W Alameda Ave, Burbank, California, 91502, United States', 'SIC Code': '72,722', 'NAICS Code': '54,541', 'revenue': '<$5M', 'Number of Employees': '<25', 'LinkedIn url': 'https://www.linkedin.com/company/call-center-lead'}
{'company_name_zoominfo': 'The Heller Group', 'website': 'www.thehellergroupinc.com', 'headquarters': '7011 Harwin Dr Ste 186, Houston, Texas, 77036, United States', 'SIC Code': '65,653', 'NAICS Code': '53,531', 'revenue': '$20.7M', 'Number of Employees': '81', 'LinkedIn url': 'http://www.linkedin.com/company/the-heller-group'}
{'company_name_zoominfo': 'Id8', 'website': 'www.id8.io', 'headquarters': '7035 Professional Pkwy E, Sarasota, Florida, 34240, United States', 'SIC Code': '73,733', 'NAICS Code': '54,541', 'revenue': '$6.9M', 'Number of Employees': '<25', 'LinkedIn url': 'http://www.linkedin.com/company/id8llc'}
{'company_name_zoominfo': 'XL Technologies', 'website': 'www.xltech.net', 'headquarters': '1800 2nd St Ste 850, Sarasota, Florida, 34236, United States', 'SIC Code': '73,731', 'NAICS Code': '54,541', 'revenue': '<$5M', 'Number of Employees': '<25', 'LinkedIn url': 'http://www.linkedin.com/company/xl-technologies'}
renewing ip
429
2001:67c:6ec:203:192:42:116:173
renewing ip
429
2001:67c:6ec:203:192:42:116:173
renewing ip
429
2a03:e600:100::4
renewing ip
429
2a03:e600:100::4
renewing ip
429
2001:67c:6ec:203:192:42:116:192
renewing ip
429
2001:67c:6ec:203:192:42:116:192
renewing ip
429
2620:18c:0:192::139
{'company_name_zoominfo': 'Koalified Leads', 'website': 'www.koalifiedleads.com', 'headquarters': '420w Avenue 40, Los Angeles, California, 90065, United States', 'SIC Code': '73,738', 'NAICS Code': '56,561', 'revenue': '<$5M', 'Number of Employees': '<25', 'LinkedIn url': 'http://www.linkedin.com/company/koalified-leads'}
{'company_name_zoominfo': 'Direct Line', 'website': 'www.directlineinc.com', 'headquarters': '2847 Shattuck Ave, Berkeley, California, 94705, United States', 'SIC Code': '73,738', 'NAICS Code': '45,453', 'revenue': '$11.8M', 'Number of Employees': '31', 'LinkedIn url': 'http://www.linkedin.com/company/direct-line-tele-response'}
{'company_name_zoominfo': 'Windy City Call Center', 'website': 'www.windycitycallcenter.com', 'headquarters': '1232 W Northwest Hwy, Palatine, Illinois, 60067, United States', 'SIC Code': '73,738', 'NAICS Code': '56,561', 'revenue': '$5.7M', 'Number of Employees': '28', 'LinkedIn url': '!not-found'}
{'company_name_zoominfo': 'Call Center', 'website': 'www.callcentersnow.com', 'headquarters': '209 W Alameda Ave, Burbank, California, 91502, United States', 'SIC Code': '73,738', 'NAICS Code': '56,561', 'revenue': '$14.3M', 'Number of Employees': '55', 'LinkedIn url': 'http://www.linkedin.com/company/call-centers-now'}
{'company_name_zoominfo': 'Elevation Connect', 'website': 'www.elevationconnect.com', 'headquarters': '9250 E Costilla Ave, Greenwood Village, Colorado, 80112, United States', 'SIC Code': '87,874', 'NAICS Code': '51,518', 'revenue': '<$5M', 'Number of Employees': '<25', 'LinkedIn url': 'http://www.linkedin.com/company/unbridled-connect'}
{'company_name_zoominfo': 'Connectica Solutions', 'website': 'www.connecticasolutions.com', 'headquarters': '13231 Champion Forest Dr Ste 101, Houston, Texas, 77069, United States', 'SIC Code': '73,738', 'NAICS Code': '56,561', 'revenue': '$85.3M', 'Number of Employees': '361', 'LinkedIn url': 'http://www.linkedin.com/company/connectica-solutions-llc'}
{'company_name_zoominfo': 'Lease A Sales Rep', 'website': 'www.leaseasalesrep.com', 'headquarters': '4904 Waters Edge Dr Ste 275, Raleigh, North Carolina, 27606, United St...', 'SIC Code': '73,738', 'NAICS Code': '56,561', 'revenue': '$28.6M', 'Number of Employees': '109', 'LinkedIn url': 'http://www.linkedin.com/company/287601'}
{'company_name_zoominfo': 'Business.com', 'website': 'www.business.com', 'headquarters': '1900 Wright Pl Ste 250, Carlsbad, California, 92008, United States', 'SIC Code': '73,731', 'NAICS Code': '54,541', 'revenue': '$34.5M', 'Number of Employees': '48', 'LinkedIn url': 'http://www.linkedin.com/company/business-com-'}
{'company_name_zoominfo': 'The Office of Experience', 'website': 'www.officeofexperience.com', 'headquarters': '125 S Wacker Dr Ste 3000, Chicago, Illinois, 60606, United States', 'SIC Code': '73,738', 'NAICS Code': '56,561', 'revenue': '$5.5M', 'Number of Employees': '36', 'LinkedIn url': 'http://www.linkedin.com/company/the-office-of-experience'}
{'company_name_zoominfo': 'EasyAsk', 'website': 'www.easyask.com', 'headquarters': '19 Crosby Dr Ste 310, Bedford, Massachusetts, 01730, United States', 'SIC Code': '73,737', 'NAICS Code': '54,541', 'revenue': '$5.4M', 'Number of Employees': '<25', 'LinkedIn url': 'http://www.linkedin.com/company/easyask'}
{'company_name_zoominfo': 'Oasis Marketing', 'website': 'www.oasismarketingsolutions.com', 'headquarters': '225 Courtyard Pl, Alpharetta, Georgia, 30022, United States', 'SIC Code': '73,738', 'NAICS Code': '56,561', 'revenue': '<$5M', 'Number of Employees': '<25', 'LinkedIn url': 'http://www.linkedin.com/company/oasis-marketing'}
{'company_name_zoominfo': 'Los Angeles Advanced Answering', 'website': 'www.answeringservicelosangeles.com', 'headquarters': '277 S Irving Blvd, Los Angeles, California, 90004, United States', 'SIC Code': '73,738', 'NAICS Code': '56,561', 'revenue': '<$5M', 'Number of Employees': '<25', 'LinkedIn url': '!not-found'}
{'company_name_zoominfo': 'Web Leads', 'website': 'www.mobileofficeleads.net', 'headquarters': '8 The Grn Ste 6617, Dover, Delaware, 19901, United States', 'SIC Code': '73,731', 'NAICS Code': '45,454', 'revenue': '$6.6M', 'Number of Employees': '25', 'LinkedIn url': 'http://www.linkedin.com/company/seo-firm-la'}
{'company_name_zoominfo': 'Optimal Fusion', 'website': 'www.optimalfusion.com', 'headquarters': '1635 N Cahuenga Blvd 500, Los Angeles, California, 90028, United State...', 'SIC Code': '73,731', 'NAICS Code': '54,541', 'revenue': '<$5M', 'Number of Employees': '<25', 'LinkedIn url': 'http://www.linkedin.com/company/optimal-fusion-inc'}
renewing ip
429
2a03:94e0:ffff:185:181:61:0:115
{'company_name_zoominfo': 'RSVP Communications', 'website': 'www.rsvpcomm.com', 'headquarters': '8765 W Market St, Greensboro, North Carolina, 27409, United States', 'SIC Code': '73,733', 'NAICS Code': '54,541', 'revenue': '$11M', 'Number of Employees': '47', 'LinkedIn url': 'http://www.linkedin.com/company/rsvp-communications-inc-'}
{'company_name_zoominfo': 'Marketing Support Services', 'website': 'www.marketingsupportservices.com', 'headquarters': '4921 Para Dr, Cincinnati, Ohio, 45237, United States', 'SIC Code': '73,733', 'NAICS Code': '54,541', 'revenue': '$20M', 'Number of Employees': '41', 'LinkedIn url': 'http://www.linkedin.com/company/marketing-support-services-inc.'}
{'company_name_zoominfo': 'Annodyne', 'website': 'www.annodyne.com', 'headquarters': '751 Arbor Way Ste 100, Blue Bell, Pennsylvania, 19422, United States', 'SIC Code': '87,874', 'NAICS Code': '54,541', 'revenue': '<$5M', 'Number of Employees': '<25', 'LinkedIn url': 'http://www.linkedin.com/company/annodyne-inc-'}
{'company_name_zoominfo': 'Guarantee Digital', 'website': 'www.guaranteedigital.com', 'headquarters': '505 Wells St Ste 200, Delafield, Wisconsin, 53018, United States', 'SIC Code': '73,731', 'NAICS Code': '54,541', 'revenue': '$12.2M', 'Number of Employees': '26', 'LinkedIn url': 'http://www.linkedin.com/company/guarantee-digital'}
{'company_name_zoominfo': 'Leadexpert', 'website': 'www.leadexpert.info', 'headquarters': 'Germany', 'SIC Code': '72,729', 'NAICS Code': '56,561', 'revenue': '<$5M', 'Number of Employees': '<25', 'LinkedIn url': '!not-found'}
{'company_name_zoominfo': 'NotAvailable', 'website': 'NotAvailable', 'headquarters': 'NotAvailable', 'SIC Code': 'NotAvailable', 'NAICS Code': 'NotAvailable', 'revenue': 'NotAvailable', 'Number of Employees': 'NotAvailable', 'LinkedIn url': 'NotAvailable'}
{'company_name_zoominfo': 'Direct2Market Sales Solutions', 'website': 'www.d2mss.com', 'headquarters': '206 W Commercial St 619, East Rochester, New York, 14445, United State...', 'SIC Code': '87,874', 'NAICS Code': '54,541', 'revenue': '$7.2M', 'Number of Employees': '80', 'LinkedIn url': 'http://www.linkedin.com/company/direct-2-market-sales-solutions'}
{'company_name_zoominfo': 'Mass Markets', 'website': 'www.massmarkets.com', 'headquarters': '2937 Sierra Ct SW, Iowa City, Iowa, 52240, United States', 'SIC Code': '73,738', 'NAICS Code': '56,561', 'revenue': '$614.8M', 'Number of Employees': '2,390', 'LinkedIn url': 'http://www.linkedin.com/company/10215605'}
{'company_name_zoominfo': 'World Connection', 'website': 'www.worldconnection.com', 'headquarters': '303 N Kimball Pl, Boise, Idaho, 83704, United States', 'SIC Code': '73,738', 'NAICS Code': '56,561', 'revenue': '$17.6M', 'Number of Employees': '80', 'LinkedIn url': 'http://www.linkedin.com/company/worldconnectionbpo'}
{'company_name_zoominfo': 'Texas Call Center Solutions', 'website': 'www.texascallcentersolutions.com', 'headquarters': '5321 Industrial Oaks Blvd 126, Austin, Texas, 78735, United States', 'SIC Code': '73,738', 'NAICS Code': '56,561', 'revenue': '<$5M', 'Number of Employees': '<25', 'LinkedIn url': '!not-found'}
{'company_name_zoominfo': 'Simple Solutions CC', 'website': 'www.simplesolutionscc.com', 'headquarters': 'United States', 'SIC Code': '73,738', 'NAICS Code': '56,561', 'revenue': '<$5M', 'Number of Employees': '<25', 'LinkedIn url': '!not-found'}
{'company_name_zoominfo': 'Infinity Marketing Services', 'website': 'www.infinitymarketingnc.com', 'headquarters': '1310 Corporation Pkwy Ste A, Raleigh, North Carolina, 27610, United St...', 'SIC Code': '73,738', 'NAICS Code': '56,561', 'revenue': '$12.3M', 'Number of Employees': '54', 'LinkedIn url': '!not-found'}
{'company_name_zoominfo': 'Premier Bpo', 'website': 'www.premierbpo.com', 'headquarters': '128 N 2nd St Ste 210, Clarksville, Tennessee, 37040, United States', 'SIC Code': '73,737', 'NAICS Code': '54,541', 'revenue': '$114.6M', 'Number of Employees': '468', 'LinkedIn url': 'http://www.linkedin.com/company/premier-bpo-inc'}
