renewing ip
429
2001:67c:6ec:203:192:42:116:179
{'company_name_zoominfo': 'EMNZ Powered', 'website': 'www.emnz.com', 'headquarters': '16 Maces Rd, Bromley, 8062, New Zealand', 'SIC Code': '28,287', 'NAICS Code': '32,325', 'revenue': '<$5M', 'Number of Employees': '<25', 'LinkedIn url': 'http://www.linkedin.com/company/emnz'}
{'company_name_zoominfo': 'Abridge IT Firm', 'website': 'www.abridgeitfirm.com', 'headquarters': '5828 SW 8th St, Miami, Florida, 33144, United States', 'SIC Code': '73,733', 'NAICS Code': '54,541', 'revenue': '<$5M', 'Number of Employees': '50', 'LinkedIn url': 'http://www.linkedin.com/company/abridge-it-firm'}
{'company_name_zoominfo': 'Alphapage', 'website': 'www.alphapage.com', 'headquarters': '6300 E Yale Ave Ste 128, Denver, Colorado, 80222, United States', 'SIC Code': '73,738', 'NAICS Code': '56,561', 'revenue': '$7M', 'Number of Employees': '29', 'LinkedIn url': 'http://www.linkedin.com/company/alphapage-llc-'}
{'company_name_zoominfo': 'SaleAMP', 'website': 'www.saleamp.com', 'headquarters': '7600 Burnet Rd Ste 400, Austin, Texas, 78757, United States', 'SIC Code': '87,874', 'NAICS Code': '54,541', 'revenue': '<$5M', 'Number of Employees': '<25', 'LinkedIn url': 'http://www.linkedin.com/company/salesamp-gmbh'}
{'company_name_zoominfo': 'RAM Marketing', 'website': 'www.rammarketing.com', 'headquarters': '1 Flowerfield Ste 10, Saint James, New York, 11780, United States', 'SIC Code': '73,731', 'NAICS Code': '54,541', 'revenue': '$5.3M', 'Number of Employees': '<25', 'LinkedIn url': 'http://www.linkedin.com/company/ram-marketing-inc.'}
{'company_name_zoominfo': 'Revenue Stream Caribe', 'website': 'www.revenuestreamcaribe.com', 'headquarters': '1622 Vine St Fl 4, Cincinnati, Ohio, 45202, United States', 'SIC Code': '73,738', 'NAICS Code': '56,561', 'revenue': '<$5M', 'Number of Employees': '<25', 'LinkedIn url': 'http://www.linkedin.com/company/revenue-stream-caribe-llc.'}
{'company_name_zoominfo': 'C-Level Connections', 'website': 'www.c-levelconnections.com', 'headquarters': '11801 Domain Blvd Fl 3, Austin, Texas, 78758, United States', 'SIC Code': '87,874', 'NAICS Code': '54,541', 'revenue': '<$5M', 'Number of Employees': '<25', 'LinkedIn url': 'http://www.linkedin.com/company/c-level-connections'}
{'company_name_zoominfo': 'Intellitech Solutions', 'website': 'www.intellitech-solutions.com', 'headquarters': '550 Cochituate Rd Ste 25, Framingham, Massachusetts, 01701, United Sta...', 'SIC Code': '87,874', 'NAICS Code': '54,541', 'revenue': '$6M', 'Number of Employees': '<25', 'LinkedIn url': 'http://www.linkedin.com/company/intellitech-solutions'}
{'company_name_zoominfo': 'Digitalzone', 'website': 'www.digitalzonein.com', 'headquarters': '153 W 27th St Fl 7 Ste 700, New York City, New York, 10001, United Sta...', 'SIC Code': '87,874', 'NAICS Code': '54,541', 'revenue': '$82.3M', 'Number of Employees': '205', 'LinkedIn url': 'http://www.linkedin.com/company/digitalzone-business-consulting'}
{'company_name_zoominfo': 'Access', 'website': 'www.access.com', 'headquarters': '500 N Azusa Ave Ste 104, West Covina, California, 91791, United States', 'SIC Code': '60,606', 'NAICS Code': '52,522', 'revenue': '$27.8M', 'Number of Employees': '176', 'LinkedIn url': 'http://www.linkedin.com/company/54125'}
{'company_name_zoominfo': 'TDR Way', 'website': 'www.tdrway.com', 'headquarters': '14333 NE Whitaker Way, Portland, Oregon, 97230, United States', 'SIC Code': '73,738', 'NAICS Code': '56,561', 'revenue': '<$5M', 'Number of Employees': '<25', 'LinkedIn url': '!not-found'}
{'company_name_zoominfo': 'Lead Savvy', 'website': 'www.leadsavvy.com', 'headquarters': '6605 W Burnside Rd 136, Portland, Oregon, 97210, United States', 'SIC Code': '73,738', 'NAICS Code': '56,561', 'revenue': '<$5M', 'Number of Employees': '<25', 'LinkedIn url': 'http://www.linkedin.com/company/lead-savvy-llc'}
renewing ip
429
2a02:ed06::222
renewing ip
429
2001:67c:6ec:203:192:42:116:173
renewing ip
429
2001:67c:6ec:203:192:42:116:173
renewing ip
429
2a03:e600:100::4
renewing ip
429
2a03:e600:100::4
renewing ip
429
2001:67c:6ec:203:192:42:116:192
renewing ip
429
2620:18c:0:192::139
{'company_name_zoominfo': 'Digi Media Infotech', 'website': 'www.digimediainfotech.com', 'headquarters': '#718 N St, Sanger, California, 93657, United States', 'SIC Code': '91,911', 'NAICS Code': '92,921', 'revenue': '<$5M', 'Number of Employees': '<25', 'LinkedIn url': 'http://www.linkedin.com/company/digi-media-infotech'}
{'company_name_zoominfo': '!not-found', 'website': '!not-found', 'headquarters': '!not-found', 'SIC Code': '!not-found', 'NAICS Code': '!not-found', 'revenue': '!not-found', 'Number of Employees': '!not-found', 'LinkedIn url': '!not-found'}
{'company_name_zoominfo': 'SupportNinja', 'website': 'www.supportninja.com', 'headquarters': '3008 Taylor St, Dallas, Texas, 75226, United States', 'SIC Code': '73,737', 'NAICS Code': '51,518', 'revenue': '<$5M', 'Number of Employees': '463', 'LinkedIn url': 'http://www.linkedin.com/company/support-ninja'}
{'company_name_zoominfo': 'Expivia Interaction Marketing Group', 'website': 'www.expiviausa.com', 'headquarters': '2840 W 21st St 34, Erie, Pennsylvania, 16506, United States', 'SIC Code': '73,738', 'NAICS Code': '56,561', 'revenue': '$26.1M', 'Number of Employees': '146', 'LinkedIn url': 'http://www.linkedin.com/company/expivia-interaction-marketing-group-inc-'}
{'company_name_zoominfo': 'Leadmasters Solutions', 'website': 'www.lead-masters.net', 'headquarters': '2430 Sprig Ct Ste F, Concord, California, 94520, United States', 'SIC Code': '73,738', 'NAICS Code': '56,561', 'revenue': '<$5M', 'Number of Employees': '<25', 'LinkedIn url': 'http://www.linkedin.com/company/the-right-call-solutions'}
{'company_name_zoominfo': 'CloudTask', 'website': 'www.cloudtask.com', 'headquarters': '1680 Michigan Ave Ste 1104, Miami, Florida, 33138, United States', 'SIC Code': '73,737', 'NAICS Code': '51,518', 'revenue': '<$5M', 'Number of Employees': '219', 'LinkedIn url': 'http://www.linkedin.com/company/cloudtask'}
{'company_name_zoominfo': 'Answer-All Secretarial Services', 'website': 'www.answerall.com', 'headquarters': '7145 Lowell Blvd, Westminster, Colorado, 80030, United States', 'SIC Code': '73,738', 'NAICS Code': '56,561', 'revenue': '<$5M', 'Number of Employees': '<25', 'LinkedIn url': '!not-found'}
{'company_name_zoominfo': '1st Leads', 'website': 'www.1stleads.com', 'headquarters': '12 Shirley Rd, Andover, Massachusetts, 01810, United States', 'SIC Code': '73,738', 'NAICS Code': '56,561', 'revenue': '$10.2M', 'Number of Employees': '<25', 'LinkedIn url': 'http://www.linkedin.com/company/1st-leads-llc'}
{'company_name_zoominfo': 'Chat Outsource', 'website': 'www.chatoutsource.com', 'headquarters': '600 B St, San Diego, California, 92101, United States', 'SIC Code': '73,738', 'NAICS Code': '56,561', 'revenue': '$25.2M', 'Number of Employees': '123', 'LinkedIn url': 'http://www.linkedin.com/company/chat-outsource'}
{'company_name_zoominfo': 'PCS Call Center', 'website': 'www.pcs-callcenter.com', 'headquarters': 'PO Box 4660, Ontario, California, 91761, United States', 'SIC Code': '73,738', 'NAICS Code': '56,561', 'revenue': '$22.7M', 'Number of Employees': '116', 'LinkedIn url': 'http://www.linkedin.com/company/pcs-call-center'}
{'company_name_zoominfo': 'Excel Answering Service', 'website': 'www.excelansweringservice.com', 'headquarters': '5742 S Pulaski Rd, Chicago, Illinois, 60629, United States', 'SIC Code': '73,738', 'NAICS Code': '56,561', 'revenue': '$9M', 'Number of Employees': '40', 'LinkedIn url': 'http://www.linkedin.com/company/excel-answering-svc'}
{'company_name_zoominfo': 'Chameleon Group', 'website': 'www.chameleonsales.com', 'headquarters': '23 Cataract Ave Ste 2, Dover, New Hampshire, 03820, United States', 'SIC Code': '87,874', 'NAICS Code': '54,541', 'revenue': '$10.2M', 'Number of Employees': '40', 'LinkedIn url': 'http://www.linkedin.com/company/the-chameleon-group'}
{'company_name_zoominfo': 'NotAvailable', 'website': 'NotAvailable', 'headquarters': 'NotAvailable', 'SIC Code': 'NotAvailable', 'NAICS Code': 'NotAvailable', 'revenue': 'NotAvailable', 'Number of Employees': 'NotAvailable', 'LinkedIn url': 'NotAvailable'}
renewing ip
429
2a03:94e0:ffff:185:181:61:0:115
{'company_name_zoominfo': 'Proximous', 'website': 'www.proximous.com', 'headquarters': '1313 N Milpitas Blvd Ste 167, Milpitas, California, 95035, United Stat...', 'SIC Code': '73,737', 'NAICS Code': '54,541', 'revenue': '<$5M', 'Number of Employees': '<25', 'LinkedIn url': 'http://www.linkedin.com/company/proximous-inc-'}
{'company_name_zoominfo': 'Gatestone & Co.', 'website': 'www.gatestonebpo.com', 'headquarters': '180 Duncan Mill Rd Unit 300, North York, Ontario, M3B 1Z6, Canada', 'SIC Code': '73,732', 'NAICS Code': '56,561', 'revenue': '$614.8M', 'Number of Employees': '2,657', 'LinkedIn url': 'http://www.linkedin.com/company/gatestone-&-co-'}
{'company_name_zoominfo': 'Integrity BPO', 'website': 'www.integritybpo.com', 'headquarters': '1702 Woodhead St, Houston, Texas, 77019, United States', 'SIC Code': '73,738', 'NAICS Code': '56,561', 'revenue': '<$5M', 'Number of Employees': '<25', 'LinkedIn url': '!not-found'}
{'company_name_zoominfo': 'Bizsprints', 'website': 'www.bizsprints.com', 'headquarters': '9655 Granite Ridge Dr Ste 200, San Diego, California, 92123, United St...', 'SIC Code': '87,874', 'NAICS Code': '54,541', 'revenue': '<$5M', 'Number of Employees': '<25', 'LinkedIn url': 'http://www.linkedin.com/company/bizsprints-inc-'}
{'company_name_zoominfo': 'E Virtual Services', 'website': 'www.evirtualservices.com', 'headquarters': '12800 Whitewater Dr Ste 100, Minnetonka, Minnesota, 55343, United Stat...', 'SIC Code': '87,872', 'NAICS Code': '54,541', 'revenue': '$19.5M', 'Number of Employees': '97', 'LinkedIn url': 'http://www.linkedin.com/company/e-virtual-services'}
{'company_name_zoominfo': 'MarketOne International', 'website': 'www.marketone.com', 'headquarters': '300 5th Ave, Waltham, Massachusetts, 02451, United States', 'SIC Code': '73,737', 'NAICS Code': '54,541', 'revenue': '$136M', 'Number of Employees': '400', 'LinkedIn url': 'http://www.linkedin.com/company/24374'}
{'company_name_zoominfo': 'Platinum IP', 'website': 'www.platinumip.com', 'headquarters': '2200 E Williams Field Rd Ste 200, Gilbert, Arizona, 85295, United Stat...', 'SIC Code': '73,738', 'NAICS Code': '56,561', 'revenue': '$5.4M', 'Number of Employees': '<25', 'LinkedIn url': '!not-found'}
{'company_name_zoominfo': 'Abacus Cambridge Partners', 'website': 'www.abacuscambridge.com', 'headquarters': "16 St. Martin's Le Grand, London, Greater London, EC1A 4EN, United Kin...", 'SIC Code': '73,737', 'NAICS Code': '54,541', 'revenue': '<$5M', 'Number of Employees': '<25', 'LinkedIn url': 'http://www.linkedin.com/company/abacus-cambridge-partners'}
{'company_name_zoominfo': 'Scale Virtually', 'website': 'www.scalevirtually.com', 'headquarters': '2299 N Clybourn Ave, Chicago, Illinois, 60614, United States', 'SIC Code': '73,738', 'NAICS Code': '56,561', 'revenue': '$17.4M', 'Number of Employees': '87', 'LinkedIn url': 'http://www.linkedin.com/company/scale-virtually'}
{'company_name_zoominfo': 'Integreon', 'website': 'www.integreon.com', 'headquarters': '200 Regency Executive Park Dr Ste 100, Charlotte, North Carolina, 2821...', 'SIC Code': '87,874', 'NAICS Code': '51,518', 'revenue': '$510.3M', 'Number of Employees': '3,000', 'LinkedIn url': 'http://www.linkedin.com/company/23050'}
{'company_name_zoominfo': 'Tessera ITES Pvt', 'website': 'www.tesseraites.com', 'headquarters': 'United States', 'SIC Code': '73,733', 'NAICS Code': '54,541', 'revenue': '<$5M', 'Number of Employees': '<25', 'LinkedIn url': '!not-found'}
{'company_name_zoominfo': 'S2M-group', 'website': 'www.s2m-group.com', 'headquarters': '201 N Washington Sq Ste, Lansing, Michigan, 48933, United States', 'SIC Code': '87,874', 'NAICS Code': '54,541', 'revenue': '$23.7M', 'Number of Employees': '94', 'LinkedIn url': 'http://www.linkedin.com/company/s2m-group-advisory-&-sales-inbound-&-outbound-marketing-services-'}
renewing ip
429
2001:4b78:2006:ffc3::1
{'company_name_zoominfo': 'Resolute B2B', 'website': 'www.b2bresolute.com', 'headquarters': 'National Small Industries Corporation 302 Ecil Fl 3, Secunderabad, Tel...', 'SIC Code': '73,738', 'NAICS Code': '56,561', 'revenue': '$5.2M', 'Number of Employees': '25', 'LinkedIn url': 'http://www.linkedin.com/company/b2b-resolute'}
{'company_name_zoominfo': 'Webhelp', 'website': 'www.webhelp.com', 'headquarters': '161 Rue De Courcelles, Paris, Ile-de-France, 75017, France', 'SIC Code': '73,738', 'NAICS Code': '52,522', 'revenue': '$11.2B', 'Number of Employees': '100,000', 'LinkedIn url': 'http://www.linkedin.com/company/webhelp'}
{'company_name_zoominfo': 'FunnL', 'website': 'www.funnl.ai', 'headquarters': '!not-found', 'SIC Code': '73,737', 'NAICS Code': '81,811', 'revenue': '<$5M', 'Number of Employees': '<25', 'LinkedIn url': '!not-found'}
