renewing ip
429
2001:67c:6ec:203:192:42:116:179
{'company_name_zoominfo': 'Hotlead', 'website': 'www.hotlead.ca', 'headquarters': '431 Greenwood Dr, Stratford, Ontario, N5A 7S7, Canada', 'SIC Code': '59,594', 'NAICS Code': '45,451', 'revenue': '<$5M', 'Number of Employees': '<25', 'LinkedIn url': '!not-found'}
{'company_name_zoominfo': 'World Performance Group', 'website': 'www.worldpgl.com', 'headquarters': '30 Tanjo Ct, Thornhill, Ontario, L4J 3B4, Canada', 'SIC Code': '73,738', 'NAICS Code': '56,561', 'revenue': '$30M', 'Number of Employees': '126', 'LinkedIn url': 'http://www.linkedin.com/company/worldperformancegroup'}
{'company_name_zoominfo': 'Integreon', 'website': 'www.integreon.com', 'headquarters': '200 Regency Executive Park Dr Ste 100, Charlotte, North Carolina, 2821...', 'SIC Code': '87,874', 'NAICS Code': '51,518', 'revenue': '$510.3M', 'Number of Employees': '3,000', 'LinkedIn url': 'http://www.linkedin.com/company/23050'}
{'company_name_zoominfo': 'Bill Gosling Outsourcing', 'website': 'www.billgosling.com', 'headquarters': '16635 Yonge St Ste 26, Newmarket, Ontario, L3X 1V6, Canada', 'SIC Code': '89,899', 'NAICS Code': '54,541', 'revenue': '$1B', 'Number of Employees': '2,500', 'LinkedIn url': 'http://www.linkedin.com/company/bill-gosling-outsourcing'}
{'company_name_zoominfo': 'Call Center', 'website': 'www.thecallcentergroup.com', 'headquarters': '2000 Auburn Dr 200, Beachwood, Ohio, 44122, United States', 'SIC Code': '73,736', 'NAICS Code': '56,561', 'revenue': '<$5M', 'Number of Employees': '<25', 'LinkedIn url': 'http://www.linkedin.com/company/the-call-center-group'}
{'company_name_zoominfo': 'Inspired B2B Marketing', 'website': 'www.inspiredb2bmarketing.com', 'headquarters': 'Industrial Site Newgate Ln, Fareham South Ward, Hampshire, PO14 1AH, U...', 'SIC Code': '73,738', 'NAICS Code': '56,561', 'revenue': '<$5M', 'Number of Employees': '<25', 'LinkedIn url': 'http://www.linkedin.com/company/inspiredb2bmarketing'}
{'company_name_zoominfo': 'Elicom', 'website': 'www.elicom.ro', 'headquarters': 'nr. 2c Str. George Constantinescu, Bucuresti, Sectorul 2, 020339, Roma...', 'SIC Code': '73,738', 'NAICS Code': '56,561', 'revenue': '$5.4M', 'Number of Employees': '<25', 'LinkedIn url': 'http://www.linkedin.com/company/elicom-call-center'}
{'company_name_zoominfo': 'Covalen Solutions', 'website': 'www.covalensolutions.com', 'headquarters': '55 a/2 Hungary Teréz Körút, Budapest, Budapest, 1062, Hungary', 'SIC Code': '87,874', 'NAICS Code': '54,541', 'revenue': '<$5M', 'Number of Employees': '<25', 'LinkedIn url': 'http://www.linkedin.com/company/covalen-solutions'}
{'company_name_zoominfo': 'Heloo', 'website': 'www.heloo.com.br', 'headquarters': 'Brazil', 'SIC Code': '20,205', 'NAICS Code': '11,112', 'revenue': '<$5M', 'Number of Employees': '<25', 'LinkedIn url': 'http://www.linkedin.com/company/heloocorp'}
{'company_name_zoominfo': 'Business Development Germany', 'website': 'www.businessdevelopmentgermany.com', 'headquarters': '33b Im Klapperhof, Cologne, North Rhine-Westfalia, 50670, Germany', 'SIC Code': '61,611', 'NAICS Code': '52,522', 'revenue': '<$5M', 'Number of Employees': '<25', 'LinkedIn url': 'http://www.linkedin.com/company/businessdevelopmentgermany'}
{'company_name_zoominfo': 'Original Products', 'website': 'www.originalproducts.co.uk', 'headquarters': 'Kites Park Summerleys Rd, Princes Risborough, Buckinghamshire, HP27 9P...', 'SIC Code': '51,519', 'NAICS Code': '42,424', 'revenue': '<$5M', 'Number of Employees': '<25', 'LinkedIn url': '!not-found'}
{'company_name_zoominfo': 'Local Heroes', 'website': 'www.localheroesstore.com', 'headquarters': 'Poland', 'SIC Code': '86,863', 'NAICS Code': '81,813', 'revenue': '<$5M', 'Number of Employees': '<25', 'LinkedIn url': 'http://www.linkedin.com/company/localheroesstore'}
{'company_name_zoominfo': 'Orbit Informatics', 'website': 'www.orbitinformatics.com', 'headquarters': '71-75 Shelton St, London, Greater London, WC2H 9JQ, United Kingdom', 'SIC Code': '73,737', 'NAICS Code': '54,541', 'revenue': '$5.9M', 'Number of Employees': '<25', 'LinkedIn url': 'http://www.linkedin.com/company/orbit-informatics'}
renewing ip
429
2001:67c:6ec:203:192:42:116:173
renewing ip
429
2001:67c:6ec:203:192:42:116:173
renewing ip
429
2a03:e600:100::4
renewing ip
429
2a03:e600:100::4
renewing ip
429
2001:67c:6ec:203:192:42:116:192
renewing ip
429
2a00:1b88:4::2
{'company_name_zoominfo': 'S2M-group', 'website': 'www.s2m-group.com', 'headquarters': '201 N Washington Sq Ste, Lansing, Michigan, 48933, United States', 'SIC Code': '87,874', 'NAICS Code': '54,541', 'revenue': '$23.7M', 'Number of Employees': '94', 'LinkedIn url': 'http://www.linkedin.com/company/s2m-group-advisory-&-sales-inbound-&-outbound-marketing-services-'}
{'company_name_zoominfo': 'Velocity', 'website': 'www.velocitymsc.com', 'headquarters': '7130 Spring Meadows Dr W, Holland, Ohio, 43528, United States', 'SIC Code': '48,481', 'NAICS Code': '51,517', 'revenue': '$65.4M', 'Number of Employees': '489', 'LinkedIn url': 'http://www.linkedin.com/company/velocity-a-managed-services-company'}
{'company_name_zoominfo': 'E-satisfaction', 'website': 'www.e-satisfaction.com', 'headquarters': '31 Arkadias, Athens, Peristeri, Attiki, 12132, Greece', 'SIC Code': '73,737', 'NAICS Code': '54,541', 'revenue': '<$5M', 'Number of Employees': '<25', 'LinkedIn url': 'http://www.linkedin.com/company/e-satisfaction-gr'}
{'company_name_zoominfo': 'Multicom', 'website': 'www.multicom.hu', 'headquarters': '8/b. Zsigmondy Vilmos Utca, Budapest, 1121, Hungary', 'SIC Code': '92,922', 'NAICS Code': '92,922', 'revenue': '$5.6M', 'Number of Employees': '50', 'LinkedIn url': 'http://www.linkedin.com/company/multicom-hu'}
{'company_name_zoominfo': 'Branch Growth Partners', 'website': 'www.branchgrowthpartners.com', 'headquarters': '18350 Coach House Ct, Brookfield, Wisconsin, 53045, United States', 'SIC Code': '87,871', 'NAICS Code': '54,541', 'revenue': '<$5M', 'Number of Employees': '<25', 'LinkedIn url': '!not-found'}
{'company_name_zoominfo': 'Significo', 'website': 'www.significo.hr', 'headquarters': '39 Tuškanova, Zagreb, 10000, Croatia', 'SIC Code': '73,738', 'NAICS Code': '56,561', 'revenue': '$13M', 'Number of Employees': '41', 'LinkedIn url': 'http://www.linkedin.com/company/significogrupa'}
{'company_name_zoominfo': 'Axenon', 'website': 'www.axenon.com', 'headquarters': '6 Pakkalankuja, Vantaa, Uusimaa, 01510, Finland', 'SIC Code': '87,874', 'NAICS Code': '54,541', 'revenue': '$12.2M', 'Number of Employees': '<25', 'LinkedIn url': 'http://www.linkedin.com/company/axenon'}
{'company_name_zoominfo': 'Radiant', 'website': 'www.radiant.dk', 'headquarters': 'Denmark', 'SIC Code': '67,671', 'NAICS Code': '55,551', 'revenue': '$6.1M', 'Number of Employees': '26', 'LinkedIn url': 'http://www.linkedin.com/company/radiantdk'}
{'company_name_zoominfo': 'TelemarketingPower', 'website': 'www.telemarketingpower.com', 'headquarters': '23 Foster St, Surry Hills, New South Wales, 2010, Australia', 'SIC Code': '73,738', 'NAICS Code': '56,561', 'revenue': '<$5M', 'Number of Employees': '<25', 'LinkedIn url': '!not-found'}
{'company_name_zoominfo': 'Detour Records', 'website': 'www.detourrecords.co.uk', 'headquarters': '18 PO Box, Midhurst, West Sussex, GU29 9YU, United Kingdom', 'SIC Code': '79,792', 'NAICS Code': '51,512', 'revenue': '<$5M', 'Number of Employees': '<25', 'LinkedIn url': '!not-found'}
{'company_name_zoominfo': 'OB2B Industrial Marketing & PR', 'website': 'www.ob2bindustrialmarketing.com', 'headquarters': '4 Hobbs Hl, Rothwell, Northamptonshire, NN14 6YG, United Kingdom', 'SIC Code': '87,874', 'NAICS Code': '54,541', 'revenue': '<$5M', 'Number of Employees': '<25', 'LinkedIn url': 'http://www.linkedin.com/company/outsourcing-b2b-marketing'}
{'company_name_zoominfo': 'VAEKST', 'website': 'www.vaekstgroup.com', 'headquarters': 'Denmark', 'SIC Code': '67,671', 'NAICS Code': '55,551', 'revenue': '<$5M', 'Number of Employees': '<25', 'LinkedIn url': 'http://www.linkedin.com/company/vaekstgroup'}
{'company_name_zoominfo': 'Energetic Hub', 'website': 'www.theenergetichub.com', 'headquarters': 'United States', 'SIC Code': '82,829', 'NAICS Code': '61,611', 'revenue': '<$5M', 'Number of Employees': '<25', 'LinkedIn url': '!not-found'}
{'company_name_zoominfo': 'Skondras', 'website': 'www.skondras.com', 'headquarters': '555 Kempische Steenweg, Hasselt, Flanders, 3500, Belgium', 'SIC Code': '61,611', 'NAICS Code': '52,522', 'revenue': '$19.8M', 'Number of Employees': '98', 'LinkedIn url': 'http://www.linkedin.com/company/skondras-amsterdam'}
{'company_name_zoominfo': 'Nordic Sales Crew', 'website': 'www.nordicsalescrew.com', 'headquarters': '6 Lautatarhankatu, Helsinki, Uusimaa, 00580, Finland', 'SIC Code': '61,611', 'NAICS Code': '52,522', 'revenue': '<$5M', 'Number of Employees': '<25', 'LinkedIn url': 'http://www.linkedin.com/company/nordic-sales-crew-oy'}
{'company_name_zoominfo': 'NotAvailable', 'website': 'NotAvailable', 'headquarters': 'NotAvailable', 'SIC Code': 'NotAvailable', 'NAICS Code': 'NotAvailable', 'revenue': 'NotAvailable', 'Number of Employees': 'NotAvailable', 'LinkedIn url': 'NotAvailable'}
renewing ip
429
2a0f:df00:0:255::203
{'company_name_zoominfo': 'Tolksdorf Communication', 'website': 'www.tolksdorf-communication.de', 'headquarters': '14 Brüsseler Aly, Erkelenz, Nordrhein-Westfalen, 41812, Germany', 'SIC Code': '48,489', 'NAICS Code': '51,517', 'revenue': '<$5M', 'Number of Employees': '<25', 'LinkedIn url': 'http://www.linkedin.com/company/tolksdorf-communication-gmbh'}
{'company_name_zoominfo': 'eGENTIC', 'website': 'www.egentic.com', 'headquarters': '3252 NE 1st Ave, Miami, Florida, 33137, United States', 'SIC Code': '73,731', 'NAICS Code': '54,541', 'revenue': '$20.1M', 'Number of Employees': '91', 'LinkedIn url': 'http://www.linkedin.com/company/egentic'}
{'company_name_zoominfo': '!not-found', 'website': '!not-found', 'headquarters': '!not-found', 'SIC Code': '!not-found', 'NAICS Code': '!not-found', 'revenue': '!not-found', 'Number of Employees': '!not-found', 'LinkedIn url': '!not-found'}
{'company_name_zoominfo': 'NotAvailable', 'website': 'NotAvailable', 'headquarters': 'NotAvailable', 'SIC Code': 'NotAvailable', 'NAICS Code': 'NotAvailable', 'revenue': 'NotAvailable', 'Number of Employees': 'NotAvailable', 'LinkedIn url': 'NotAvailable'}
{'company_name_zoominfo': 'Planas Chuliganas', 'website': 'www.planaschuliganas.lt', 'headquarters': '21 Žemaitės G., Vilnius, Vilnius County, 03118, Lithuania', 'SIC Code': '92,922', 'NAICS Code': '92,922', 'revenue': '$6.1M', 'Number of Employees': '<25', 'LinkedIn url': 'http://www.linkedin.com/company/jsc-planas-chuliganas'}
{'company_name_zoominfo': 'Novus Entertainment', 'website': 'www.novusnow.ca', 'headquarters': '300-112 E 3rd Ave, Vancouver, British Columbia, V5T 1C8, Canada', 'SIC Code': '48,484', 'NAICS Code': '51,517', 'revenue': '$13.1M', 'Number of Employees': '53', 'LinkedIn url': 'http://www.linkedin.com/company/novusnow'}
{'company_name_zoominfo': 'Leonardo DRS', 'website': 'www.leonardodrs.com', 'headquarters': '2345 Crystal Dr Ste 1000, Arlington, Virginia, 22202, United States', 'SIC Code': '34,342', 'NAICS Code': '33,334', 'revenue': '$2.9B', 'Number of Employees': '6,575', 'LinkedIn url': 'http://www.linkedin.com/company/drs-defense-solutions-llc'}
{'company_name_zoominfo': 'GIRGIN Switzerland', 'website': 'www.girgin.ch', 'headquarters': '14a Alte Winterthurerstr. Wallisellen Switzerland 8304, Wallisellen, Z...', 'SIC Code': '73,738', 'NAICS Code': '56,561', 'revenue': '<$5M', 'Number of Employees': '<25', 'LinkedIn url': 'http://www.linkedin.com/company/girgin-switzerland-ag'}
{'company_name_zoominfo': 'Lentrax Translation Services', 'website': 'www.lentrax.com', 'headquarters': 'New Broad St, London, Greater London, EC2M 1NH, United Kingdom', 'SIC Code': '73,738', 'NAICS Code': '54,541', 'revenue': '$25.5M', 'Number of Employees': '129', 'LinkedIn url': 'http://www.linkedin.com/company/lentrax'}
{'company_name_zoominfo': 'Ant Marketing', 'website': 'www.antmarketing.com', 'headquarters': 'Bushbury House St. Marys Gate, Sheffield, South Yorkshire, S2 4QA, Uni...', 'SIC Code': '87,874', 'NAICS Code': '54,541', 'revenue': '$70.2M', 'Number of Employees': '330', 'LinkedIn url': 'http://www.linkedin.com/company/ant-marketing'}
{'company_name_zoominfo': 'In2com', 'website': 'www.in2com.com', 'headquarters': '158 Woluwelaan, Diegem, Flanders, 1831, Belgium', 'SIC Code': '73,738', 'NAICS Code': '56,561', 'revenue': '$69.5M', 'Number of Employees': '333', 'LinkedIn url': 'http://www.linkedin.com/company/in2com'}
