renewing ip
429
2001:67c:6ec:203:192:42:116:179
{'company_name_zoominfo': 'Ipg Contact Solutions', 'website': 'www.ipg-callcenter.be', 'headquarters': '180 Antwerp Uitbreidingstraat, Antwerp, 2600, Belgium', 'SIC Code': '73,738', 'NAICS Code': '56,561', 'revenue': '$8.9M', 'Number of Employees': '33', 'LinkedIn url': 'http://www.linkedin.com/company/ipg-contact-solutions'}
{'company_name_zoominfo': 'Hempley Group', 'website': 'www.hempleygroup.com', 'headquarters': '132/25 Ul. Jakowa Dolina, Gdask, 80-236, Poland', 'SIC Code': '72,722', 'NAICS Code': '54,541', 'revenue': '<$5M', 'Number of Employees': '<25', 'LinkedIn url': 'http://www.linkedin.com/company/hempley-group'}
{'company_name_zoominfo': 'Leadable', 'website': 'www.leadable.io', 'headquarters': 'United States', 'SIC Code': '73,738', 'NAICS Code': '56,561', 'revenue': '<$5M', 'Number of Employees': '<25', 'LinkedIn url': 'http://www.linkedin.com/company/leadable'}
{'company_name_zoominfo': 'Intellilink', 'website': 'www.intcon.org', 'headquarters': '101 Park Ave Ste 410, Oklahoma City, Oklahoma, 73102, United States', 'SIC Code': '48,481', 'NAICS Code': '51,517', 'revenue': '<$5M', 'Number of Employees': '<25', 'LinkedIn url': '!not-found'}
{'company_name_zoominfo': 'Flow', 'website': 'www.growwithflow.co.uk', 'headquarters': 'United Kingdom', 'SIC Code': '17,175', 'NAICS Code': '23,238', 'revenue': '<$5M', 'Number of Employees': '<25', 'LinkedIn url': 'http://www.linkedin.com/company/flow-uk'}
{'company_name_zoominfo': 'Devoted Human', 'website': 'www.devotedhuman.com', 'headquarters': 'United States', 'SIC Code': '51,519', 'NAICS Code': '42,424', 'revenue': '<$5M', 'Number of Employees': '<25', 'LinkedIn url': 'https://www.linkedin.com/company/devoted-human'}
{'company_name_zoominfo': 'Hand2Band', 'website': 'hand2band.media', 'headquarters': 'Zdonia, Lesser Poland Voivodeship, Poland', 'SIC Code': '48,489', 'NAICS Code': '51,517', 'revenue': '<$5M', 'Number of Employees': '<25', 'LinkedIn url': 'http://www.linkedin.com/company/hand2band'}
{'company_name_zoominfo': 'Breskul', 'website': 'www.breskul.com', 'headquarters': 'Ukraine', 'SIC Code': '72,722', 'NAICS Code': '54,541', 'revenue': '<$5M', 'Number of Employees': '<25', 'LinkedIn url': 'http://www.linkedin.com/company/breskul'}
{'company_name_zoominfo': 'Euroccor', 'website': 'www.euroccor.com', 'headquarters': '91 Blvd Alexander Malinov, Sofia, Sofia-Capital, Bulgaria', 'SIC Code': '73,738', 'NAICS Code': '56,561', 'revenue': '$28.8M', 'Number of Employees': '149', 'LinkedIn url': 'http://www.linkedin.com/company/euroccor-ltd'}
{'company_name_zoominfo': 'INFUSEmedia', 'website': 'www.infusemedia.com', 'headquarters': '2385 NW Executive Center Dr Ste 100, Boca Raton, Florida, 33431, Unite...', 'SIC Code': '87,874', 'NAICS Code': '54,541', 'revenue': '$8.6M', 'Number of Employees': '375', 'LinkedIn url': 'http://www.linkedin.com/company/infusemedia'}
{'company_name_zoominfo': 'NotAvailable', 'website': 'NotAvailable', 'headquarters': 'NotAvailable', 'SIC Code': 'NotAvailable', 'NAICS Code': 'NotAvailable', 'revenue': 'NotAvailable', 'Number of Employees': 'NotAvailable', 'LinkedIn url': 'NotAvailable'}
{'company_name_zoominfo': 'Magnito Digital Agency', 'website': 'www.magnito.az', 'headquarters': 'Aşıq Molla Cümə Küç., Baku, AZ1075, Azerbaijan', 'SIC Code': '59,594', 'NAICS Code': '45,453', 'revenue': '<$5M', 'Number of Employees': '<25', 'LinkedIn url': 'http://www.linkedin.com/company/magnitodigitalagency'}
{'company_name_zoominfo': 'NotAvailable', 'website': 'NotAvailable', 'headquarters': 'NotAvailable', 'SIC Code': 'NotAvailable', 'NAICS Code': 'NotAvailable', 'revenue': 'NotAvailable', 'Number of Employees': 'NotAvailable', 'LinkedIn url': 'NotAvailable'}
{'company_name_zoominfo': 'Sales Captain', 'website': 'www.salescaptain.ai', 'headquarters': '528 2nd Ave, Des Moines, Iowa, 50309, United States', 'SIC Code': '55,551', 'NAICS Code': '44,441', 'revenue': '<$5M', 'Number of Employees': '<25', 'LinkedIn url': 'http://www.linkedin.com/company/sales-captain'}
{'company_name_zoominfo': 'Vparagon', 'website': 'www.vparagon.com', 'headquarters': 'Barcelona, Spain', 'SIC Code': '87,874', 'NAICS Code': '54,541', 'revenue': '<$5M', 'Number of Employees': '<25', 'LinkedIn url': '!not-found'}
renewing ip
429
2001:67c:6ec:203:192:42:116:173
renewing ip
429
2001:67c:6ec:203:192:42:116:173
renewing ip
429
2001:67c:6ec:203:192:42:116:173
renewing ip
429
2a03:e600:100::4
renewing ip
429
2001:67c:6ec:203:192:42:116:192
renewing ip
429
2001:67c:6ec:203:192:42:116:192
renewing ip
429
2620:18c:0:192::139
{'company_name_zoominfo': 'Okada', 'website': 'www.okadaco.com', 'headquarters': '894 Avenue of the Americas Fl 6, New York, New York, 10001, United Sta...', 'SIC Code': '65,653', 'NAICS Code': '53,531', 'revenue': '$6.5M', 'Number of Employees': '<25', 'LinkedIn url': 'http://www.linkedin.com/company/okada-&-company'}
{'company_name_zoominfo': 'Incite', 'website': 'www.incitemarketing.co.uk', 'headquarters': '2 Acre Rd, London, Essex, KT2 6EF, United Kingdom', 'SIC Code': '87,874', 'NAICS Code': '54,541', 'revenue': '$40.1M', 'Number of Employees': '107', 'LinkedIn url': 'http://www.linkedin.com/company/incite-associates'}
{'company_name_zoominfo': 'Growtech', 'website': 'www.growtech.com', 'headquarters': '7106 Crossroads Blvd Ste 216, Brentwood, Tennessee, 37027, United Stat...', 'SIC Code': '35,354', 'NAICS Code': '33,42', 'revenue': '<$5M', 'Number of Employees': '<25', 'LinkedIn url': 'http://www.linkedin.com/company/growtech-inc'}
{'company_name_zoominfo': 'NotAvailable', 'website': 'NotAvailable', 'headquarters': 'NotAvailable', 'SIC Code': 'NotAvailable', 'NAICS Code': 'NotAvailable', 'revenue': 'NotAvailable', 'Number of Employees': 'NotAvailable', 'LinkedIn url': 'NotAvailable'}
{'company_name_zoominfo': 'NotAvailable', 'website': 'NotAvailable', 'headquarters': 'NotAvailable', 'SIC Code': 'NotAvailable', 'NAICS Code': 'NotAvailable', 'revenue': 'NotAvailable', 'Number of Employees': 'NotAvailable', 'LinkedIn url': 'NotAvailable'}
{'company_name_zoominfo': 'NotAvailable', 'website': 'NotAvailable', 'headquarters': 'NotAvailable', 'SIC Code': 'NotAvailable', 'NAICS Code': 'NotAvailable', 'revenue': 'NotAvailable', 'Number of Employees': 'NotAvailable', 'LinkedIn url': 'NotAvailable'}
{'company_name_zoominfo': 'Funnel', 'website': 'www.funnel.io', 'headquarters': 'PO Box 628065, Middleton, Wisconsin, 53562, United States', 'SIC Code': '73,737', 'NAICS Code': '51,518', 'revenue': '$63M', 'Number of Employees': '300', 'LinkedIn url': 'http://www.linkedin.com/company/funnel-incorporated'}
{'company_name_zoominfo': 'Everise Holdings', 'website': 'www.weareeverise.com', 'headquarters': '600 N Pine Island Rd Ste 320, Plantation, Florida, 33324, United State...', 'SIC Code': '73,737', 'NAICS Code': '54,541', 'revenue': '$1.9B', 'Number of Employees': '15,000', 'LinkedIn url': 'http://www.linkedin.com/company/weareeverise'}
{'company_name_zoominfo': 'Webhelp', 'website': 'www.webhelp.com', 'headquarters': '161 Rue De Courcelles, Paris, Ile-de-France, 75017, France', 'SIC Code': '73,738', 'NAICS Code': '52,522', 'revenue': '$11.2B', 'Number of Employees': '100,000', 'LinkedIn url': 'http://www.linkedin.com/company/webhelp'}
{'company_name_zoominfo': 'Teem', 'website': 'www.teem.com', 'headquarters': '224 S 200 W 100, Salt Lake City, Utah, 84101, United States', 'SIC Code': '73,737', 'NAICS Code': '54,541', 'revenue': '$20.1M', 'Number of Employees': '87', 'LinkedIn url': 'http://www.linkedin.com/company/2908761'}
{'company_name_zoominfo': '!not-found', 'website': '!not-found', 'headquarters': '!not-found', 'SIC Code': '!not-found', 'NAICS Code': '!not-found', 'revenue': '!not-found', 'Number of Employees': '!not-found', 'LinkedIn url': '!not-found'}
{'company_name_zoominfo': 'Konecta Foundation', 'website': 'www.grupokonecta.com', 'headquarters': '41 C / Serrano 2A Planta, Madrid, Community of Madrid, 28001, Spain', 'SIC Code': '48,481', 'NAICS Code': '51,517', 'revenue': '$8.2B', 'Number of Employees': '75,000', 'LinkedIn url': 'http://www.linkedin.com/company/konecta'}
{'company_name_zoominfo': 'Comdata', 'website': 'www.comdatagroup.com', 'headquarters': '1 Via Sebastiano Caboto, Corsico, Lombardy, 20094, Italy', 'SIC Code': '73,738', 'NAICS Code': '56,561', 'revenue': '$1.1B', 'Number of Employees': '50,000', 'LinkedIn url': 'http://www.linkedin.com/company/comdatagroup'}
{'company_name_zoominfo': 'ProffCom', 'website': 'www.proffcom.no', 'headquarters': '9 Astrups Gate, Kristiansund N, Sogn og Fjordane, 6509, Norway', 'SIC Code': '73,738', 'NAICS Code': '56,561', 'revenue': '$55.3M', 'Number of Employees': '228', 'LinkedIn url': 'http://www.linkedin.com/company/proffcom'}
{'company_name_zoominfo': 'Roots', 'website': 'www.roots2market.co.uk', 'headquarters': '2 Barnfield Cres, Exeter, Devon, EX1 1QT, United Kingdom', 'SIC Code': '73,738', 'NAICS Code': '56,561', 'revenue': '<$5M', 'Number of Employees': '<25', 'LinkedIn url': 'http://www.linkedin.com/company/roots2market'}
{'company_name_zoominfo': 'vivaCALL', 'website': 'www.vivacall.ro', 'headquarters': 'nr 14 Strada Sergent Constantin Ghercu, Bucharest, Bucuresti, Romania', 'SIC Code': '61,611', 'NAICS Code': '52,522', 'revenue': '$23.2M', 'Number of Employees': '138', 'LinkedIn url': '!not-found'}
renewing ip
429
2a03:94e0:ffff:185:181:61:0:115
{'company_name_zoominfo': 'Callity', 'website': 'www.callity.eu', 'headquarters': 'Bucharest, Bucuresti, Romania', 'SIC Code': '73,738', 'NAICS Code': '56,561', 'revenue': '$9.6M', 'Number of Employees': '77', 'LinkedIn url': '!not-found'}
{'company_name_zoominfo': 'Atalian Interactive', 'website': 'www.atalian-interactive.com', 'headquarters': 'France', 'SIC Code': '73,736', 'NAICS Code': '56,561', 'revenue': '$6.3M', 'Number of Employees': '<25', 'LinkedIn url': 'http://www.linkedin.com/company/atalian-interactive'}
{'company_name_zoominfo': 'MarketOne International', 'website': 'www.marketone.com', 'headquarters': '300 5th Ave, Waltham, Massachusetts, 02451, United States', 'SIC Code': '73,737', 'NAICS Code': '54,541', 'revenue': '$136M', 'Number of Employees': '400', 'LinkedIn url': 'http://www.linkedin.com/company/24374'}
{'company_name_zoominfo': 'Team Telemarketing', 'website': 'www.teamtelemarketing.co.uk', 'headquarters': '1b Stratford Court Cranmore Blvd, Solihull, West Midlands, B90 4QT, Un...', 'SIC Code': '73,738', 'NAICS Code': '56,561', 'revenue': '$5.9M', 'Number of Employees': '<25', 'LinkedIn url': 'http://www.linkedin.com/company/team-telemarketing'}
{'company_name_zoominfo': 'alldayPA', 'website': 'www.alldaypa.co.uk', 'headquarters': 'Isher House Isher Business Park Peel Cross Rd, Manchester, England, M5...', 'SIC Code': '73,738', 'NAICS Code': '56,561', 'revenue': '$52.1M', 'Number of Employees': '312', 'LinkedIn url': 'http://www.linkedin.com/company/alldaypa'}
{'company_name_zoominfo': 'Callosseum Call Centre', 'website': 'www.callosseum.com', 'headquarters': '23e/11 Antifasisticke Borbe, Cadiz, Andalusia, 11070, Spain', 'SIC Code': '73,738', 'NAICS Code': '56,561', 'revenue': '$5.2M', 'Number of Employees': '<25', 'LinkedIn url': 'http://www.linkedin.com/company/callosseum-call-centre'}
{'company_name_zoominfo': 'Fusion Consulting', 'website': 'www.fusionconsult.co.uk', 'headquarters': 'cotton court Church St, Preston, Devon, PR1 3BY, United Kingdom', 'SIC Code': '87,872', 'NAICS Code': '54,541', 'revenue': '<$5M', 'Number of Employees': '<25', 'LinkedIn url': 'http://www.linkedin.com/company/fusionconsultuk'}
{'company_name_zoominfo': 'admetrics', 'website': 'www.admetrics.io', 'headquarters': '161-173 Hanauer Landstrasse, Frankfurt, Hessen, 60314, Germany', 'SIC Code': '73,737', 'NAICS Code': '51,518', 'revenue': '<$5M', 'Number of Employees': '<25', 'LinkedIn url': 'http://www.linkedin.com/company/admetrics-communications-inc'}
{'company_name_zoominfo': 'NotAvailable', 'website': 'NotAvailable', 'headquarters': 'NotAvailable', 'SIC Code': 'NotAvailable', 'NAICS Code': 'NotAvailable', 'revenue': 'NotAvailable', 'Number of Employees': 'NotAvailable', 'LinkedIn url': 'NotAvailable'}
