renewing ip
429
2a02:898:218::1
{'company_name_zoominfo': 'Competence Call Center', 'website': 'www.yourccc.com', 'headquarters': '37 Spengergasse, Vienna, Vienna, 1050, Austria', 'SIC Code': '73,738', 'NAICS Code': '56,561', 'revenue': '$1.6B', 'Number of Employees': '8,293', 'LinkedIn url': 'http://www.linkedin.com/company/competence-call-center'}
{'company_name_zoominfo': 'Tiempo Nord SpA', 'website': 'www.tiemponord.it', 'headquarters': '34 Via Giovanni Da Udine, Milano, Mi, 20156, Italy', 'SIC Code': '91,911', 'NAICS Code': '92,921', 'revenue': '$19.4M', 'Number of Employees': '94', 'LinkedIn url': 'https://www.linkedin.com/company/tiempo-nord-spa'}
{'company_name_zoominfo': 'Pluricall', 'website': 'www.pluricall.pt', 'headquarters': 'Lisboa E, Região, Portugal', 'SIC Code': '73,738', 'NAICS Code': '56,561', 'revenue': '$45.2M', 'Number of Employees': '169', 'LinkedIn url': 'http://www.linkedin.com/company/pluricall'}
{'company_name_zoominfo': 'eTel', 'website': 'www.etel.bg', 'headquarters': 'Sofia, Bulgaria', 'SIC Code': '48,483', 'NAICS Code': '51,515', 'revenue': '$10.9M', 'Number of Employees': '27', 'LinkedIn url': 'http://www.linkedin.com/company/etel-bulgaria-'}
{'company_name_zoominfo': 'Ventrica', 'website': 'www.ventrica.co.uk', 'headquarters': '4th & 5th Floor Maitland House Warrior Sq, Southend On Sea, Essex, SS1...', 'SIC Code': '73,738', 'NAICS Code': '56,561', 'revenue': '$102.5M', 'Number of Employees': '246', 'LinkedIn url': 'http://www.linkedin.com/company/ventrica-ltd'}
{'company_name_zoominfo': 'Local Business Lead Generation', 'website': 'www.leadgenerationcompany.io', 'headquarters': '244 5th Ave, New York, New York, 10001, United States', 'SIC Code': '73,738', 'NAICS Code': '56,561', 'revenue': '<$5M', 'Number of Employees': '<25', 'LinkedIn url': 'http://www.linkedin.com/company/3485121'}
{'company_name_zoominfo': 'Paragon Marketing', 'website': 'www.paragonmarketing.co.uk', 'headquarters': '4-6 Quay Pt, Portsmouth, Portsmouth, PO6 3TD, United Kingdom', 'SIC Code': '87,874', 'NAICS Code': '56,561', 'revenue': '$10.7M', 'Number of Employees': '42', 'LinkedIn url': 'http://www.linkedin.com/company/2454671'}
{'company_name_zoominfo': 'NotAvailable', 'website': 'NotAvailable', 'headquarters': 'NotAvailable', 'SIC Code': 'NotAvailable', 'NAICS Code': 'NotAvailable', 'revenue': 'NotAvailable', 'Number of Employees': 'NotAvailable', 'LinkedIn url': 'NotAvailable'}
{'company_name_zoominfo': 'NotAvailable', 'website': 'NotAvailable', 'headquarters': 'NotAvailable', 'SIC Code': 'NotAvailable', 'NAICS Code': 'NotAvailable', 'revenue': 'NotAvailable', 'Number of Employees': 'NotAvailable', 'LinkedIn url': 'NotAvailable'}
{'company_name_zoominfo': 'Force Plus', 'website': 'www.forceplus.com', 'headquarters': '15 Pl Bellecour, Lyon, Auvergne-Rhone-Alpes, 69002, France', 'SIC Code': '73,736', 'NAICS Code': '56,561', 'revenue': '$7.9M', 'Number of Employees': '31', 'LinkedIn url': 'http://www.linkedin.com/company/force-plus'}
{'company_name_zoominfo': 'Quality Communications', 'website': 'www.quality-comm.de', 'headquarters': '36 Prager St, Leipzig, Saxony, 04317, Germany', 'SIC Code': '73,738', 'NAICS Code': '56,561', 'revenue': '<$5M', 'Number of Employees': '<25', 'LinkedIn url': '!not-found'}
{'company_name_zoominfo': 'Exceleads', 'website': 'www.exceleads.com', 'headquarters': '13 Bleystraat, Hoegaarden, Flanders, 3320, Belgium', 'SIC Code': '73,738', 'NAICS Code': '56,561', 'revenue': '<$5M', 'Number of Employees': '<25', 'LinkedIn url': 'http://www.linkedin.com/company/exceleads.com'}
{'company_name_zoominfo': 'Yello', 'website': 'www.yello.co', 'headquarters': '55 E Monroe St Ste 3600, Chicago, Illinois, 60603, United States', 'SIC Code': '87,874', 'NAICS Code': '54,541', 'revenue': '$30.5M', 'Number of Employees': '96', 'LinkedIn url': 'http://www.linkedin.com/company/201017'}
{'company_name_zoominfo': 'E-Business Consulting', 'website': 'www.e-businessconsulting.it', 'headquarters': '8 Corso Del Popolo, Padova, Veneto, 35131, Italy', 'SIC Code': '48,489', 'NAICS Code': '51,517', 'revenue': '$6.1M', 'Number of Employees': '<25', 'LinkedIn url': 'http://www.linkedin.com/company/e-business-consulting'}
renewing ip
429
2a02:ed06::222
renewing ip
429
2001:67c:6ec:203:192:42:116:173
renewing ip
429
2001:67c:6ec:203:192:42:116:173
renewing ip
429
2a03:e600:100::4
renewing ip
429
2001:67c:6ec:203:192:42:116:192
renewing ip
429
2001:67c:6ec:203:192:42:116:192
renewing ip
429
2620:18c:0:192::139
{'company_name_zoominfo': 'Bbsa', 'website': 'www.bbsa-marketing.com', 'headquarters': '207 Regent St Fl 3, London, Essex, W1B 3HH, United Kingdom', 'SIC Code': '87,874', 'NAICS Code': '54,541', 'revenue': '<$5M', 'Number of Employees': '<25', 'LinkedIn url': 'http://www.linkedin.com/company/bbsa-associates-marketing'}
{'company_name_zoominfo': 'quotapoint Teststudio', 'website': 'www.quotapoint.de', 'headquarters': '2 Am Salzhaus, Frankfurt, Hessen, 60311, Germany', 'SIC Code': '72,723', 'NAICS Code': '81,812', 'revenue': '<$5M', 'Number of Employees': '<25', 'LinkedIn url': 'http://www.linkedin.com/company/quotapoint-gmbh-teststudio-ffm'}
{'company_name_zoominfo': 'Bitech', 'website': 'www.bitech.ro', 'headquarters': 'nr 2i corp a Bdul Vasile Milea Etaj 1, Bucuresti, Bucuresti, 061344, R...', 'SIC Code': '73,738', 'NAICS Code': '56,561', 'revenue': '$52.3M', 'Number of Employees': '280', 'LinkedIn url': 'http://www.linkedin.com/company/bitech-company'}
{'company_name_zoominfo': '!not-found', 'website': '!not-found', 'headquarters': '!not-found', 'SIC Code': '!not-found', 'NAICS Code': '!not-found', 'revenue': '!not-found', 'Number of Employees': '!not-found', 'LinkedIn url': '!not-found'}
{'company_name_zoominfo': 'Phonetica', 'website': 'www.phonetica.it', 'headquarters': '13 Via I Maggio, Paderno Dugnano, Lombardy, 20037, Italy', 'SIC Code': '73,738', 'NAICS Code': '56,561', 'revenue': '$74.4M', 'Number of Employees': '447', 'LinkedIn url': 'http://www.linkedin.com/company/phoneticasrl'}
{'company_name_zoominfo': 'Connecta', 'website': 'www.connecta.com', 'headquarters': '3363 Boulevard Pl, Indianapolis, Indiana, 46208, United States', 'SIC Code': '34,345', 'NAICS Code': '33,332', 'revenue': '<$5M', 'Number of Employees': '<25', 'LinkedIn url': 'http://www.linkedin.com/company/connecta-corporation'}
{'company_name_zoominfo': 'YOURVOICE', 'website': 'www.yourvoice.pt', 'headquarters': 'Portugal', 'SIC Code': '73,738', 'NAICS Code': '56,561', 'revenue': '$5M', 'Number of Employees': '<25', 'LinkedIn url': 'http://www.linkedin.com/company/yourvoice'}
{'company_name_zoominfo': 'Callpoint', 'website': 'www.callpoint.ch', 'headquarters': '2 Rütistrasse, Baden, Aargau, 05400, Switzerland', 'SIC Code': '73,738', 'NAICS Code': '56,561', 'revenue': '$39.8M', 'Number of Employees': '362', 'LinkedIn url': 'http://www.linkedin.com/company/callpoint'}
{'company_name_zoominfo': 'Suoramarkkinointi Mega Oy', 'website': 'www.sm-mega.fi', 'headquarters': '3 Kaivokatu, Hamina, Kymenlaakso, 49400, Finland', 'SIC Code': '91,919', 'NAICS Code': '92,921', 'revenue': '$40.9M', 'Number of Employees': '148', 'LinkedIn url': 'http://www.linkedin.com/company/suoramarkkinointi-mega-oy'}
{'company_name_zoominfo': 'Lighthouse Construction', 'website': 'www.lighthousecorppr.com', 'headquarters': 'cc8 Calle 11, Caguas, Puerto Rico, 00727, United States', 'SIC Code': '15,152', 'NAICS Code': '23,236', 'revenue': '<$5M', 'Number of Employees': '<25', 'LinkedIn url': '!not-found'}
{'company_name_zoominfo': 'PBS Sales', 'website': 'www.pbs-sales.eu', 'headquarters': '342 Dachauer St, Munich, Bavaria, 80993, Germany', 'SIC Code': '61,611', 'NAICS Code': '52,522', 'revenue': '<$5M', 'Number of Employees': '<25', 'LinkedIn url': 'http://www.linkedin.com/company/pbs-sales'}
{'company_name_zoominfo': 'Call Center Dynamic Sales (CCDS', 'website': 'www.ccds.pl', 'headquarters': '28 Ul. Kiełbaśnicza, Wroclaw, Lower Silesia, 50-109, Poland', 'SIC Code': '73,738', 'NAICS Code': '31,312', 'revenue': '$36.8M', 'Number of Employees': '170', 'LinkedIn url': 'http://www.linkedin.com/company/call-center-dynamic-sales-ccds-'}
{'company_name_zoominfo': '!not-found', 'website': '!not-found', 'headquarters': '!not-found', 'SIC Code': '!not-found', 'NAICS Code': '!not-found', 'revenue': '!not-found', 'Number of Employees': '!not-found', 'LinkedIn url': '!not-found'}
{'company_name_zoominfo': 'NotAvailable', 'website': 'NotAvailable', 'headquarters': 'NotAvailable', 'SIC Code': 'NotAvailable', 'NAICS Code': 'NotAvailable', 'revenue': 'NotAvailable', 'Number of Employees': 'NotAvailable', 'LinkedIn url': 'NotAvailable'}
{'company_name_zoominfo': 'Rephouse', 'website': 'www.rephouse.it', 'headquarters': 'Italy', 'SIC Code': '61,611', 'NAICS Code': '52,522', 'revenue': '<$5M', 'Number of Employees': '<25', 'LinkedIn url': 'https://www.linkedin.com/company/rephouse-srl'}
renewing ip
429
2a03:94e0:ffff:185:181:61:0:115
{'company_name_zoominfo': 'H-Line Soft Information Technology Pvt', 'website': 'www.hlinesoft.com', 'headquarters': '5-1404 Cormorant Rd, Ancaster, Ontario, L9G 4V5, Canada', 'SIC Code': '73,737', 'NAICS Code': '54,541', 'revenue': '$15.4M', 'Number of Employees': '48', 'LinkedIn url': 'http://www.linkedin.com/company/h-line-soft-information-technology-pvt.-ltd'}
{'company_name_zoominfo': 'Comdata Czech', 'website': 'www.comdataczech.cz', 'headquarters': 'Drahobejlova, Praha 9, 19000, Czech Republic', 'SIC Code': '15,153', 'NAICS Code': '23,236', 'revenue': '$5.4M', 'Number of Employees': '26', 'LinkedIn url': 'http://www.linkedin.com/company/comdataczech'}
{'company_name_zoominfo': 'ICM International Call Center Marketing', 'website': 'www.ic-marketing.rs', 'headquarters': '45 Kralja Petra, Belgrade, Central Serbia, 11000, Serbia', 'SIC Code': '73,738', 'NAICS Code': '56,561', 'revenue': '$9.4M', 'Number of Employees': '34', 'LinkedIn url': 'http://www.linkedin.com/company/icm-international-call-center-marketing'}
{'company_name_zoominfo': 'intan media service', 'website': 'www.intan-international.de', 'headquarters': 'Germany', 'SIC Code': '48,489', 'NAICS Code': '51,517', 'revenue': '<$5M', 'Number of Employees': '<25', 'LinkedIn url': '!not-found'}
{'company_name_zoominfo': 'Online Fulfillment Sverige', 'website': 'www.onlinesverige.se', 'headquarters': '10 Skiffervägen, Lund, Skane, 224 78, Sweden', 'SIC Code': '97,971', 'NAICS Code': '92,928', 'revenue': '$24.7M', 'Number of Employees': '121', 'LinkedIn url': 'http://www.linkedin.com/company/online-fulfillment-sverige-ab'}
{'company_name_zoominfo': 'United Call Centers', 'website': 'www.unitedcallcenters.eu', 'headquarters': 'Hungary', 'SIC Code': '73,738', 'NAICS Code': '56,561', 'revenue': '$48.2M', 'Number of Employees': '192', 'LinkedIn url': 'http://www.linkedin.com/company/united-call-centers'}
{'company_name_zoominfo': 'The Tele Marketing Co', 'website': 'www.ttmc.co.uk', 'headquarters': '26-27 Regency Sq, Brighton, Cornwall, BN1 2FH, United Kingdom', 'SIC Code': '73,738', 'NAICS Code': '56,561', 'revenue': '$89.4M', 'Number of Employees': '242', 'LinkedIn url': 'http://www.linkedin.com/company/the-telemarketing-company'}
{'company_name_zoominfo': 'eCall', 'website': 'www.ecall.ua', 'headquarters': '5 St Elenovskaya, Kiev, Kyiv City, Ukraine', 'SIC Code': '73,738', 'NAICS Code': '52,522', 'revenue': '$103.7M', 'Number of Employees': '545', 'LinkedIn url': 'http://www.linkedin.com/company/ecall'}
{'company_name_zoominfo': 'Transcom', 'website': 'www.transcom.com', 'headquarters': '4700 S Syracuse St Ste 1000, Denver, Colorado, 80237, United States', 'SIC Code': '73,738', 'NAICS Code': '56,561', 'revenue': '$621M', 'Number of Employees': '30,000', 'LinkedIn url': 'http://www.linkedin.com/company/transcom'}
{'company_name_zoominfo': 'The ICON Advantage', 'website': 'www.theiconadvantage.com', 'headquarters': '237/36a Křižíkova Prag Czech Republic 186 00, Prague, Praha, Czech Rep...', 'SIC Code': '73,738', 'NAICS Code': '56,561', 'revenue': '$74.6M', 'Number of Employees': '376', 'LinkedIn url': 'http://www.linkedin.com/company/102051'}
{'company_name_zoominfo': 'VoxProLtd', 'website': 'www.voxproltd.com', 'headquarters': '!not-found', 'SIC Code': '78,781', 'NAICS Code': '51,512', 'revenue': '<$5M', 'Number of Employees': '<25', 'LinkedIn url': '!not-found'}
