renewing ip
429
2001:67c:6ec:203:192:42:116:179
{'company_name_zoominfo': 'H-Line Soft Information Technology Pvt', 'website': 'www.hlinesoft.com', 'headquarters': '5-1404 Cormorant Rd, Ancaster, Ontario, L9G 4V5, Canada', 'SIC Code': '73,737', 'NAICS Code': '54,541', 'revenue': '$15.4M', 'Number of Employees': '48', 'LinkedIn url': 'http://www.linkedin.com/company/h-line-soft-information-technology-pvt.-ltd'}
{'company_name_zoominfo': 'Satellite Office', 'website': 'www.satelliteoffice.com.au', 'headquarters': 'Westfield Tower 2 101 Grafton St L 24 Ste 2403, Sydney, New South Wale...', 'SIC Code': '73,736', 'NAICS Code': '56,561', 'revenue': '<$5M', 'Number of Employees': '<25', 'LinkedIn url': 'http://www.linkedin.com/company/satellite-office'}
{'company_name_zoominfo': 'Cleverly', 'website': 'www.cleverly.co', 'headquarters': '6060 Center Dr Fl 10, Los Angeles, California, 90045, United States', 'SIC Code': '87,874', 'NAICS Code': '54,541', 'revenue': '<$5M', 'Number of Employees': '<25', 'LinkedIn url': 'http://www.linkedin.com/company/cleverly-marketing-agency'}
{'company_name_zoominfo': 'Belkins', 'website': 'www.belkins.io', 'headquarters': '8 The Grn Ste 4331, Dover, Delaware, 19901, United States', 'SIC Code': '87,873', 'NAICS Code': '54,541', 'revenue': '$51M', 'Number of Employees': '150', 'LinkedIn url': 'http://www.linkedin.com/company/belkins'}
{'company_name_zoominfo': 'CIENCE', 'website': 'www.cience.com', 'headquarters': '1624 Market St Ste 226 99737, Denver, Colorado, 80202, United States', 'SIC Code': '73,737', 'NAICS Code': '51,511', 'revenue': '<$5M', 'Number of Employees': '310', 'LinkedIn url': 'http://www.linkedin.com/company/cience'}
{'company_name_zoominfo': 'Martal Group', 'website': 'www.martal.ca', 'headquarters': '2275 Upper Middle Rd E, Oakville, Ontario, L6H 5Z5, Canada', 'SIC Code': '73,738', 'NAICS Code': '51,518', 'revenue': '$24.4M', 'Number of Employees': '59', 'LinkedIn url': 'http://www.linkedin.com/company/martal-services-&-consulting-ltd-'}
{'company_name_zoominfo': 'JumpCrew', 'website': 'www.jumpcrew.com', 'headquarters': '300 10th Ave S, Nashville, Tennessee, 37203, United States', 'SIC Code': '73,738', 'NAICS Code': '54,541', 'revenue': '$84.5M', 'Number of Employees': '400', 'LinkedIn url': 'http://www.linkedin.com/company/jumpcrew'}
{'company_name_zoominfo': 'SalesRoads', 'website': 'www.salesroads.com', 'headquarters': '2825 N University Dr Ste 250, Coral Springs, Florida, 33065, United St...', 'SIC Code': '73,738', 'NAICS Code': '56,561', 'revenue': '$45.2M', 'Number of Employees': '133', 'LinkedIn url': 'http://www.linkedin.com/company/salesroads'}
{'company_name_zoominfo': 'Uassist.me', 'website': 'www.uassistme.co', 'headquarters': '1688 Meridian Ave, Miami Beach, Florida, 33139, United States', 'SIC Code': '91,911', 'NAICS Code': '92,921', 'revenue': '<$5M', 'Number of Employees': '139', 'LinkedIn url': 'http://www.linkedin.com/company/uassist-me'}
{'company_name_zoominfo': 'Wing Assistant', 'website': 'www.wingassistant.com', 'headquarters': '2150 Shattuck Ave, Berkeley, California, 94704, United States', 'SIC Code': '73,737', 'NAICS Code': '51,511', 'revenue': '$34.6M', 'Number of Employees': '187', 'LinkedIn url': '!not-found'}
{'company_name_zoominfo': 'FlyTech', 'website': 'www.flytechinc.com', 'headquarters': '!not-found', 'SIC Code': '35,357', 'NAICS Code': '33,334', 'revenue': '<$5M', 'Number of Employees': '<25', 'LinkedIn url': '!not-found'}
{'company_name_zoominfo': 'Strategic Sales & Marketing', 'website': 'www.manageyourleads.com', 'headquarters': '790 Farmington Ave Ste 3F, Farmington, Connecticut, 06032, United Stat...', 'SIC Code': '73,738', 'NAICS Code': '56,561', 'revenue': '$11.7M', 'Number of Employees': '57', 'LinkedIn url': 'http://www.linkedin.com/company/ssm-strategic-sales-&-marketing-inc'}
renewing ip
429
2001:67c:6ec:203:192:42:116:173
renewing ip
429
2001:67c:6ec:203:192:42:116:173
renewing ip
429
2001:67c:6ec:203:192:42:116:173
renewing ip
429
2a03:e600:100::4
renewing ip
429
2001:67c:6ec:203:192:42:116:192
renewing ip
429
2001:67c:6ec:203:192:42:116:192
{'company_name_zoominfo': 'AnswerConnect companies', 'website': 'www.answerconnect.com', 'headquarters': 'PO Box 80040, Portland, Oregon, 97280, United States', 'SIC Code': '73,738', 'NAICS Code': '56,561', 'revenue': '$129.2M', 'Number of Employees': '461', 'LinkedIn url': 'http://www.linkedin.com/company/answerconnect'}
{'company_name_zoominfo': 'Upcall', 'website': 'www.upcall.com', 'headquarters': '340 S Lemon Ave 3753, Walnut, California, 91789, United States', 'SIC Code': '73,738', 'NAICS Code': '56,561', 'revenue': '<$5M', 'Number of Employees': '<25', 'LinkedIn url': 'http://www.linkedin.com/company/upcall'}
{'company_name_zoominfo': 'Intelemark', 'website': 'www.intelemark.com', 'headquarters': '4545 E Shea Blvd 280, Phoenix, Arizona, 85028, United States', 'SIC Code': '73,738', 'NAICS Code': '56,561', 'revenue': '<$5M', 'Number of Employees': '<25', 'LinkedIn url': 'http://www.linkedin.com/company/912539'}
{'company_name_zoominfo': 'Operatix', 'website': 'www.operatix.net', 'headquarters': '2 Ancells Court Rye Close, Fleet, Surrey, GU51 2UY, United Kingdom', 'SIC Code': '87,874', 'NAICS Code': '54,541', 'revenue': '$42M', 'Number of Employees': '250', 'LinkedIn url': 'http://www.linkedin.com/company/operatix'}
{'company_name_zoominfo': 'Social Boom', 'website': 'www.boommysocial.com', 'headquarters': '10800 Normandale Blvd Ste 300, Bloomington, Minnesota, 55437, United S...', 'SIC Code': '73,731', 'NAICS Code': '54,541', 'revenue': '<$5M', 'Number of Employees': '<25', 'LinkedIn url': 'http://www.linkedin.com/company/social-boom-l-l-c-'}
{'company_name_zoominfo': 'Curral', 'website': 'curral.london', 'headquarters': 'Portmill House Portmill Ln Ste 8A, Hitchin, Hertfordshire, SG5 1DJ, Un...', 'SIC Code': '73,738', 'NAICS Code': '54,541', 'revenue': '<$5M', 'Number of Employees': '<25', 'LinkedIn url': 'http://www.linkedin.com/company/curral'}
{'company_name_zoominfo': 'Xact', 'website': 'www.myxact.com', 'headquarters': '429 S Keller Rd Ste 320, Orlando, Florida, 32810, United States', 'SIC Code': '73,738', 'NAICS Code': '56,561', 'revenue': '$26.5M', 'Number of Employees': '95', 'LinkedIn url': 'http://www.linkedin.com/company/myxact'}
{'company_name_zoominfo': 'Tree Consulting', 'website': 'www.tree-consulting.com', 'headquarters': '45 Friedrichstr., Paderborn, Nordrhein Westfalen, 33102, Germany', 'SIC Code': '87,874', 'NAICS Code': '54,541', 'revenue': '<$5M', 'Number of Employees': '<25', 'LinkedIn url': '!not-found'}
{'company_name_zoominfo': 'Prophetlogic', 'website': 'www.prophetlogic.com', 'headquarters': '309-a S Main St, Phillipsburg, New Jersey, 08865, United States', 'SIC Code': '73,738', 'NAICS Code': '54,541', 'revenue': '$6.1M', 'Number of Employees': '29', 'LinkedIn url': 'http://www.linkedin.com/company/prophetlogic'}
{'company_name_zoominfo': 'Techspeed', 'website': 'www.techspeed.com', 'headquarters': '280 SW Moonridge Pl, Portland, Oregon, 97225, United States', 'SIC Code': '73,737', 'NAICS Code': '51,518', 'revenue': '$5.7M', 'Number of Employees': '25', 'LinkedIn url': 'http://www.linkedin.com/company/securitytokengroup'}
{'company_name_zoominfo': 'TDCX', 'website': 'www.tdcx.com', 'headquarters': 'Viva Business Park 750d Chai Chee Rd 06-01/06, Singapore, South East, ...', 'SIC Code': '73,738', 'NAICS Code': '56,561', 'revenue': '$422.7M', 'Number of Employees': '14,000', 'LinkedIn url': 'http://www.linkedin.com/company/teledirectgroup'}
{'company_name_zoominfo': 'Remote CoWorker', 'website': 'www.remotecoworker.com', 'headquarters': '2637 E Atlantic Blvd, Pompano Beach, Florida, 33062, United States', 'SIC Code': '73,738', 'NAICS Code': '56,561', 'revenue': '$49.2M', 'Number of Employees': '859', 'LinkedIn url': 'http://www.linkedin.com/company/remotecoworker'}
{'company_name_zoominfo': 'Out2bound', 'website': 'www.out2bound.com', 'headquarters': '47 Bulevard "cherni Vrah", Sofia, ,, Bulgaria', 'SIC Code': '87,874', 'NAICS Code': '54,541', 'revenue': '<$5M', 'Number of Employees': '<25', 'LinkedIn url': 'http://www.linkedin.com/company/out2bound'}
{'company_name_zoominfo': 'Acquirent', 'website': 'www.acquirent.com', 'headquarters': '1603 Orrington Ave Ste 305, Evanston, Illinois, 60201, United States', 'SIC Code': '87,874', 'NAICS Code': '54,541', 'revenue': '$18M', 'Number of Employees': '85', 'LinkedIn url': 'http://www.linkedin.com/company/acquirent'}
renewing ip
429
2a03:94e0:ffff:185:181:61:0:115
{'company_name_zoominfo': 'EBQ', 'website': 'www.ebq.com', 'headquarters': '6800 Burleson Rd Bldg 310 Ste 265, Austin, Texas, 78744, United States', 'SIC Code': '87,874', 'NAICS Code': '54,541', 'revenue': '$17.8M', 'Number of Employees': '189', 'LinkedIn url': 'http://www.linkedin.com/company/ebquickstart'}
{'company_name_zoominfo': 'GoGo squeeZ', 'website': 'www.gogosqueez.com', 'headquarters': '20 W 22nd St Fl 12, New York City, New York, 10010, United States', 'SIC Code': '20,203', 'NAICS Code': '31,311', 'revenue': '$88.1M', 'Number of Employees': '427', 'LinkedIn url': 'http://www.linkedin.com/company/materne-north-america'}
{'company_name_zoominfo': 'Moremeetings.com', 'website': 'www.moremeetings.com', 'headquarters': '800 Hingham St Ste 208S, Rockland, Massachusetts, 02370, United States', 'SIC Code': '73,738', 'NAICS Code': '56,561', 'revenue': '<$5M', 'Number of Employees': '<25', 'LinkedIn url': 'http://www.linkedin.com/company/moremeetings.com'}
{'company_name_zoominfo': 'eCoast Marketing', 'website': 'www.ecoastmarketing.com', 'headquarters': '35e Industrial Way Ste 201, Rochester, New Hampshire, 03867, United St...', 'SIC Code': '87,874', 'NAICS Code': '54,541', 'revenue': '$21.4M', 'Number of Employees': '57', 'LinkedIn url': 'http://www.linkedin.com/company/ecoast'}
{'company_name_zoominfo': 'Nexa', 'website': 'www.nexa.com', 'headquarters': '2001 W Camelback Rd 400, Phoenix, Arizona, 85015, United States', 'SIC Code': '73,738', 'NAICS Code': '56,561', 'revenue': '$80.9M', 'Number of Employees': '306', 'LinkedIn url': 'http://www.linkedin.com/company/answer-1-communications'}
{'company_name_zoominfo': 'Answering Legal', 'website': 'www.answeringlegal.com', 'headquarters': '120 Lake Ave S Ste 12, Nesconset, New York, 11767, United States', 'SIC Code': '73,738', 'NAICS Code': '56,561', 'revenue': '$6.1M', 'Number of Employees': '<25', 'LinkedIn url': 'http://www.linkedin.com/company/answering-legal-inc'}
{'company_name_zoominfo': 'NotAvailable', 'website': 'NotAvailable', 'headquarters': 'NotAvailable', 'SIC Code': 'NotAvailable', 'NAICS Code': 'NotAvailable', 'revenue': 'NotAvailable', 'Number of Employees': 'NotAvailable', 'LinkedIn url': 'NotAvailable'}
{'company_name_zoominfo': 'SalesPro Leads', 'website': 'www.salesproleads.com', 'headquarters': '50 W Liberty St Ste 880, Reno, Nevada, 89501, United States', 'SIC Code': '73,738', 'NAICS Code': '56,561', 'revenue': '$11.9M', 'Number of Employees': '<25', 'LinkedIn url': 'http://www.linkedin.com/company/salespro-leads'}
{'company_name_zoominfo': 'VSA Prospecting', 'website': 'www.vsaprospecting.com', 'headquarters': '212 Haddon Ave Ste 8, Haddon Township, New Jersey, 08108, United State...', 'SIC Code': '73,738', 'NAICS Code': '56,561', 'revenue': '<$5M', 'Number of Employees': '104', 'LinkedIn url': 'http://www.linkedin.com/company/valerieschlitt'}
{'company_name_zoominfo': 'NotAvailable', 'website': 'NotAvailable', 'headquarters': 'NotAvailable', 'SIC Code': 'NotAvailable', 'NAICS Code': 'NotAvailable', 'revenue': 'NotAvailable', 'Number of Employees': 'NotAvailable', 'LinkedIn url': 'NotAvailable'}
{'company_name_zoominfo': 'Pereus Marketing', 'website': 'www.pereusmarketing.com', 'headquarters': '910 E Main St Ste 102, Norristown, Pennsylvania, 19401, United States', 'SIC Code': '73,731', 'NAICS Code': '54,541', 'revenue': '$5.7M', 'Number of Employees': '<25', 'LinkedIn url': 'http://www.linkedin.com/company/35586744'}
{'company_name_zoominfo': 'Ansafone Contact Centers', 'website': 'www.ansafone.com', 'headquarters': '145 Columbine Ave, Santa Ana, California, 92707, United States', 'SIC Code': '73,738', 'NAICS Code': '56,561', 'revenue': '$169.1M', 'Number of Employees': '603', 'LinkedIn url': 'http://www.linkedin.com/company/anostafe'}
{'company_name_zoominfo': '!not-found', 'website': '!not-found', 'headquarters': '!not-found', 'SIC Code': '!not-found', 'NAICS Code': '!not-found', 'revenue': '!not-found', 'Number of Employees': '!not-found', 'LinkedIn url': '!not-found'}
{'company_name_zoominfo': 'Symbiont Group', 'website': 'www.symbiontgroup.com', 'headquarters': '175 N Franklin St Ste 401, Chicago, Illinois, 60606, United States', 'SIC Code': '87,874', 'NAICS Code': '54,541', 'revenue': '$10.1M', 'Number of Employees': '<25', 'LinkedIn url': 'http://www.linkedin.com/company/2908726'}
