renewing ip
429
2001:67c:6ec:203:192:42:116:179
{'company_name_zoominfo': 'Incept', 'website': 'www.inceptresults.com', 'headquarters': '4150 Belden Village St NW Ste 205, Canton, Ohio, 44718, United States', 'SIC Code': '87,874', 'NAICS Code': '54,541', 'revenue': '$64.7M', 'Number of Employees': '221', 'LinkedIn url': 'http://www.linkedin.com/company/incept'}
{'company_name_zoominfo': 'Sykes', 'website': 'www.sykes.com', 'headquarters': '400 N Ashley Dr, Tampa, Florida, 33602, United States', 'SIC Code': '73,737', 'NAICS Code': '56,561', 'revenue': '$9.4B', 'Number of Employees': '61,100', 'LinkedIn url': 'http://www.linkedin.com/company/sykes'}
{'company_name_zoominfo': 'ZipQuote', 'website': 'www.zipquote.com', 'headquarters': '225 Broadway Ste 2200, San Diego, California, 92101, United States', 'SIC Code': '87,874', 'NAICS Code': '54,541', 'revenue': '$9M', 'Number of Employees': '33', 'LinkedIn url': 'http://www.linkedin.com/company/zipquote-com'}
{'company_name_zoominfo': 'Telvista', 'website': 'www.telvista.com.mx', 'headquarters': '8585 N Stemmons Fwy Ste 1000S, Dallas, Texas, 75247, United States', 'SIC Code': '73,738', 'NAICS Code': '56,561', 'revenue': '$1.5B', 'Number of Employees': '7,000', 'LinkedIn url': '!not-found'}
{'company_name_zoominfo': 'Centro CDX', 'website': 'www.centrocdx.com', 'headquarters': '21515 Ridgetop Cir Ste 120, Sterling, Virginia, 20166, United States', 'SIC Code': '73,738', 'NAICS Code': '54,541', 'revenue': '$161M', 'Number of Employees': '896', 'LinkedIn url': 'http://www.linkedin.com/company/centrocdx'}
{'company_name_zoominfo': 'DJM Sales & Marketing', 'website': 'www.yourdjm.com', 'headquarters': '8200 N Mopac Expy Ste 350, Austin, Texas, 78759, United States', 'SIC Code': '73,738', 'NAICS Code': '56,561', 'revenue': '<$5M', 'Number of Employees': '<25', 'LinkedIn url': 'http://www.linkedin.com/company/djm-sales-&-marketing-inc.'}
{'company_name_zoominfo': 'Get B2B Leads', 'website': 'www.getb2bleads.com', 'headquarters': '4924 Balboa Blvd 353, Encino, California, 91316, United States', 'SIC Code': '73,738', 'NAICS Code': '56,561', 'revenue': '<$5M', 'Number of Employees': '<25', 'LinkedIn url': 'http://www.linkedin.com/company/get-b2b-leads'}
{'company_name_zoominfo': 'Data4eCom', 'website': 'www.data4ecom.com', 'headquarters': '!not-found', 'SIC Code': '61,615', 'NAICS Code': '52', 'revenue': '<$5M', 'Number of Employees': '<25', 'LinkedIn url': 'http://www.linkedin.com/company/data4ecom'}
{'company_name_zoominfo': 'NotAvailable', 'website': 'NotAvailable', 'headquarters': 'NotAvailable', 'SIC Code': 'NotAvailable', 'NAICS Code': 'NotAvailable', 'revenue': 'NotAvailable', 'Number of Employees': 'NotAvailable', 'LinkedIn url': 'NotAvailable'}
{'company_name_zoominfo': 'Etech', 'website': 'www.etechgs.com', 'headquarters': '1903 Berry Dr, Nacogdoches, Texas, 75964, United States', 'SIC Code': '73,737', 'NAICS Code': '56,561', 'revenue': '$474.6M', 'Number of Employees': '1,120', 'LinkedIn url': 'http://www.linkedin.com/company/etech-global-services'}
{'company_name_zoominfo': 'Answering 365', 'website': 'www.answering365.com', 'headquarters': '3699 Wilshire Blvd Ste 850, Los Angeles, California, 90010, United Sta...', 'SIC Code': '73,738', 'NAICS Code': '56,561', 'revenue': '$5M', 'Number of Employees': '<25', 'LinkedIn url': 'http://www.linkedin.com/company/concorde-communications'}
{'company_name_zoominfo': 'Transcosmos', 'website': 'www.transcosmos.com', 'headquarters': '879 W 190th St Ste 410, Gardena, California, 90248, United States', 'SIC Code': '73,731', 'NAICS Code': '54,541', 'revenue': '$19.5M', 'Number of Employees': '212', 'LinkedIn url': 'http://www.linkedin.com/company/transcosmos-philippines-inc'}
{'company_name_zoominfo': 'Meeting', 'website': 'www.meetings.com', 'headquarters': '205 Datura St Fl 10, West Palm Beach, Florida, 33401, United States', 'SIC Code': '73,738', 'NAICS Code': '56,561', 'revenue': '$10.2M', 'Number of Employees': '27', 'LinkedIn url': 'http://www.linkedin.com/company/meetings2plan-com'}
renewing ip
429
2001:67c:6ec:203:192:42:116:173
renewing ip
429
2001:67c:6ec:203:192:42:116:173
renewing ip
429
2a03:e600:100::4
renewing ip
429
2a03:e600:100::4
renewing ip
429
2001:67c:6ec:203:192:42:116:192
renewing ip
429
2001:67c:6ec:203:192:42:116:192
{'company_name_zoominfo': 'Manifest Direct Marketing', 'website': 'www.manifestdirectmarketing.com', 'headquarters': '2667 Camino Del Rio South Plz 1C, San Diego, California, 92108, United...', 'SIC Code': '63,635', 'NAICS Code': '52,524', 'revenue': '<$5M', 'Number of Employees': '<25', 'LinkedIn url': 'http://www.linkedin.com/company/manifestdirect'}
{'company_name_zoominfo': 'Imagenet', 'website': 'www.imagenetglobal.com', 'headquarters': '5401 W Kennedy Blvd, Tampa, Florida, 33609, United States', 'SIC Code': '73,738', 'NAICS Code': '51,518', 'revenue': '<$5M', 'Number of Employees': '<25', 'LinkedIn url': 'http://www.linkedin.com/company/imagenet-group-inc-'}
{'company_name_zoominfo': 'RDI Corporation', 'website': 'www.rdicorp.com', 'headquarters': '4350 Glendale-milford Rd Ste 250, Cincinnati, Ohio, 45242, United Stat...', 'SIC Code': '73,738', 'NAICS Code': '54,541', 'revenue': '$1.1B', 'Number of Employees': '5,000', 'LinkedIn url': 'http://www.linkedin.com/company/rdicorporation'}
{'company_name_zoominfo': 'TaskBullet', 'website': 'www.taskbullet.com', 'headquarters': '11 E 750 S, Saint George, Utah, 84770, United States', 'SIC Code': '91,911', 'NAICS Code': '92,921', 'revenue': '$32M', 'Number of Employees': '222', 'LinkedIn url': 'http://www.linkedin.com/company/taskbullet'}
{'company_name_zoominfo': 'Stafford Communications Group', 'website': 'www.staffcom.com', 'headquarters': '309 South St Ste 3, New Providence, New Jersey, 07974, United States', 'SIC Code': '73,738', 'NAICS Code': '56,561', 'revenue': '$18.5M', 'Number of Employees': '93', 'LinkedIn url': 'http://www.linkedin.com/company/stafford-communications'}
{'company_name_zoominfo': 'Securus Contact Systems', 'website': 'www.securuscontactsystems.com', 'headquarters': '11750 SE 82nd Ave Ste J, Happy Valley, Oregon, 97086, United States', 'SIC Code': '73,738', 'NAICS Code': '56,561', 'revenue': '$13.6M', 'Number of Employees': '94', 'LinkedIn url': 'http://www.linkedin.com/company/securus-contact-systems'}
{'company_name_zoominfo': 'Anosales', 'website': 'www.anosales.net', 'headquarters': '1 Radisson Plz Ste 800, New Rochelle, New York, 10801, United States', 'SIC Code': '73,738', 'NAICS Code': '54,541', 'revenue': '<$5M', 'Number of Employees': '<25', 'LinkedIn url': 'http://www.linkedin.com/company/anosales'}
{'company_name_zoominfo': 'SSR TECHVISION Pvt', 'website': 'www.ssrtechvision.com', 'headquarters': '121 Main St N, Amory, Mississippi, 38821, United States', 'SIC Code': '73,738', 'NAICS Code': '56,561', 'revenue': '$14.8M', 'Number of Employees': '70', 'LinkedIn url': 'http://www.linkedin.com/company/ssr-tech-vision-pvt-ltd'}
{'company_name_zoominfo': 'Craft Impact', 'website': 'www.craftimpact.com', 'headquarters': '401 E Jackson St Ste 3300, Tampa, Florida, 33602, United States', 'SIC Code': '87,874', 'NAICS Code': '54,541', 'revenue': '<$5M', 'Number of Employees': '<25', 'LinkedIn url': 'http://www.linkedin.com/company/craft-impact-marketing'}
{'company_name_zoominfo': 'Wave Representatives', 'website': 'www.wavereps.com', 'headquarters': '9920 Pacific Heights Blvd Ste 150, San Diego, California, 92121, Unite...', 'SIC Code': '87,874', 'NAICS Code': '54,541', 'revenue': '<$5M', 'Number of Employees': '<25', 'LinkedIn url': 'http://www.linkedin.com/company/wavereps'}
{'company_name_zoominfo': 'Skaled', 'website': 'www.skaled.com', 'headquarters': '823 Congress Ave 1550, Austin, Texas, 78701, United States', 'SIC Code': '87,874', 'NAICS Code': '54,541', 'revenue': '<$5M', 'Number of Employees': '38', 'LinkedIn url': 'http://www.linkedin.com/company/skaled'}
{'company_name_zoominfo': 'LeadsCon', 'website': 'www.leadscon.com', 'headquarters': '3655 S Las Vegas Blvd, Las Vegas, Nevada, 89109, United States', 'SIC Code': '73,737', 'NAICS Code': '51,517', 'revenue': '$5.8M', 'Number of Employees': '<25', 'LinkedIn url': 'http://www.linkedin.com/company/leadscon'}
{'company_name_zoominfo': 'Ossisto', 'website': 'www.ossisto.com', 'headquarters': '214 Smith St Ste 300, Perth Amboy, New Jersey, 08861, United States', 'SIC Code': '73,736', 'NAICS Code': '56,561', 'revenue': '$16.1M', 'Number of Employees': '49', 'LinkedIn url': 'http://www.linkedin.com/company/ossisto'}
renewing ip
429
2a03:94e0:ffff:185:181:61:0:115
{'company_name_zoominfo': 'Telegenisys', 'website': 'www.telegenisys.com', 'headquarters': '5055 Business Center Dr Ste 108-223, Fairfield, California, 94534, Uni...', 'SIC Code': '73,738', 'NAICS Code': '56,561', 'revenue': '$31M', 'Number of Employees': '107', 'LinkedIn url': 'http://www.linkedin.com/company/telegenisys'}
{'company_name_zoominfo': 'Transparent BPO', 'website': 'www.transparentbpo.com', 'headquarters': '11149 Rockville Pike, Gaithersburg, Maryland, 20882, United States', 'SIC Code': '73,738', 'NAICS Code': '56,561', 'revenue': '$16.1M', 'Number of Employees': '750', 'LinkedIn url': 'http://www.linkedin.com/company/transparent-bpo'}
{'company_name_zoominfo': 'Team10g', 'website': 'www.team10g.com', 'headquarters': '33 Irving Pl, New York, New York, 10003, United States', 'SIC Code': '87,874', 'NAICS Code': '54,541', 'revenue': '<$5M', 'Number of Employees': '<25', 'LinkedIn url': 'http://www.linkedin.com/company/10gconsulting'}
{'company_name_zoominfo': 'Business Development Pros', 'website': 'www.bdpros.com', 'headquarters': '427 E Stewart St Ste 320, Milwaukee, Wisconsin, 53207, United States', 'SIC Code': '73,731', 'NAICS Code': '51,518', 'revenue': '<$5M', 'Number of Employees': '<25', 'LinkedIn url': 'http://www.linkedin.com/company/business-development-pros-llc.'}
{'company_name_zoominfo': 'MarketBoats Consulting', 'website': 'www.marketboats.com', 'headquarters': '2810 N Church St, Wilmington, Delaware, 19802, United States', 'SIC Code': '87,874', 'NAICS Code': '54,541', 'revenue': '<$5M', 'Number of Employees': '<25', 'LinkedIn url': 'http://www.linkedin.com/company/27437415'}
{'company_name_zoominfo': 'NotAvailable', 'website': 'NotAvailable', 'headquarters': 'NotAvailable', 'SIC Code': 'NotAvailable', 'NAICS Code': 'NotAvailable', 'revenue': 'NotAvailable', 'Number of Employees': 'NotAvailable', 'LinkedIn url': 'NotAvailable'}
{'company_name_zoominfo': 'CallPageboy Call Centre', 'website': 'www.callpageboy.ie', 'headquarters': 'St Johns House High St Fl 2, Tallaght, Leinster, Ireland', 'SIC Code': '73,738', 'NAICS Code': '56,561', 'revenue': '$11.1M', 'Number of Employees': '76', 'LinkedIn url': 'http://www.linkedin.com/company/pageboy-contact-centre'}
{'company_name_zoominfo': 'Outsourcing Solutions', 'website': 'www.outsourcing-services.net', 'headquarters': '888 A.s. Fortuna St, Mandaue City, Cebu, 06014, Philippines', 'SIC Code': '73,737', 'NAICS Code': '51,518', 'revenue': '$11M', 'Number of Employees': '54', 'LinkedIn url': 'http://www.linkedin.com/company/216705'}
{'company_name_zoominfo': 'Access Group', 'website': 'www.access.net.pk', 'headquarters': 'Talpur Rd, Karachi, Sindh, Pakistan', 'SIC Code': '61,615', 'NAICS Code': '52,522', 'revenue': '$54.8M', 'Number of Employees': '225', 'LinkedIn url': 'http://www.linkedin.com/company/access-net-pk'}
{'company_name_zoominfo': 'Areka Consulting', 'website': 'www.areka-consulting.com', 'headquarters': '9a Rue Chateaubriand, Paris, Ile de France, 75008, France', 'SIC Code': '47,472', 'NAICS Code': '56,561', 'revenue': '$5.8M', 'Number of Employees': '<25', 'LinkedIn url': 'http://www.linkedin.com/company/areka-consulting'}
{'company_name_zoominfo': 'NotAvailable', 'website': 'NotAvailable', 'headquarters': 'NotAvailable', 'SIC Code': 'NotAvailable', 'NAICS Code': 'NotAvailable', 'revenue': 'NotAvailable', 'Number of Employees': 'NotAvailable', 'LinkedIn url': 'NotAvailable'}
{'company_name_zoominfo': 'Toucan Telemarketing', 'website': 'www.toucantelemarketing.co.uk', 'headquarters': 'John Bradshaw Court Alexandria Way Unit 18, Congleton, Cheshire, CW12 ...', 'SIC Code': '73,738', 'NAICS Code': '56,561', 'revenue': '$7.5M', 'Number of Employees': '26', 'LinkedIn url': 'http://www.linkedin.com/company/toucan-telemarketing'}
{'company_name_zoominfo': 'BCC Media', 'website': 'www.bccmedia.co', 'headquarters': '!not-found', 'SIC Code': '48,489', 'NAICS Code': '51,517', 'revenue': '<$5M', 'Number of Employees': '<25', 'LinkedIn url': 'http://www.linkedin.com/company/bcc-media'}
{'company_name_zoominfo': 'Despot Infinitus', 'website': 'www.despot-infinitus.com', 'headquarters': '9 Uskopska, Zagreb, 10010, Croatia', 'SIC Code': '27,274', 'NAICS Code': '51,511', 'revenue': '<$5M', 'Number of Employees': '<25', 'LinkedIn url': 'http://www.linkedin.com/company/despot-infinitus'}
