{'company_name_zoominfo': 'NetPop Research', 'website': 'www.netpop.com', 'headquarters': '322 Cortland Ave, San Francisco, California, 94110, United States', 'SIC Code': '87,873', 'NAICS Code': '54,541', 'revenue': '<$5M', 'Number of Employees': '<25', 'LinkedIn url': 'http://www.linkedin.com/company/netpop-research-llc'}
{'company_name_zoominfo': '!not-found', 'website': 'KMF Architects', 'headquarters': '!not-found', 'SIC Code': '!not-found', 'NAICS Code': '!not-found', 'revenue': '!not-found', 'Number of Employees': '!not-found', 'LinkedIn url': '!not-found'}
{'company_name_zoominfo': 'New Kind', 'website': 'www.newkind.com', 'headquarters': '310 S Harrington St, Raleigh, North Carolina, 27603, United States', 'SIC Code': '73,733', 'NAICS Code': '54,541', 'revenue': '<$5M', 'Number of Employees': '<25', 'LinkedIn url': 'http://www.linkedin.com/company/newkind'}
{'company_name_zoominfo': 'Ronin', 'website': 'www.roninapp.com', 'headquarters': '920 Saratoga Ave Ste 213, San Jose, California, 95129, United States', 'SIC Code': '73,737', 'NAICS Code': '54,541', 'revenue': '$6.1M', 'Number of Employees': '<25', 'LinkedIn url': 'http://www.linkedin.com/company/ronin'}
{'company_name_zoominfo': 'Fusion Marketing Partners', 'website': 'www.greatb2bmarketing.com', 'headquarters': '3730 Sinton Rd Ste 203, Colorado Springs, Colorado, 80907, United Stat...', 'SIC Code': '87,874', 'NAICS Code': '54,541', 'revenue': '<$5M', 'Number of Employees': '<25', 'LinkedIn url': 'http://www.linkedin.com/company/625631'}
{'company_name_zoominfo': 'SociaLight Marketing', 'website': 'www.socialight-marketing.com', 'headquarters': 'Block No. 436 Seef Kingdom of Bahrain Bldg No. 1025 Rd Fl 1 Ofc No 306...', 'SIC Code': '87,874', 'NAICS Code': '54,541', 'revenue': '$5M', 'Number of Employees': '<25', 'LinkedIn url': 'http://www.linkedin.com/company/socialight-digital-marketing'}
{'company_name_zoominfo': 'Make Studio', 'website': 'www.makestudio.co.uk', 'headquarters': '200 Old Christchurch Rd, Bournemouth, Bournemouth, BH1 1PD, United Kin...', 'SIC Code': '73,733', 'NAICS Code': '54,541', 'revenue': '<$5M', 'Number of Employees': '<25', 'LinkedIn url': 'http://www.linkedin.com/company/make_studio'}
{'company_name_zoominfo': 'ROI-DNA', 'website': 'www.roidna.com', 'headquarters': '333 Bryant St Ste LL120, San Francisco, California, 94107, United Stat...', 'SIC Code': '73,736', 'NAICS Code': '54,541', 'revenue': '$14.2M', 'Number of Employees': '41', 'LinkedIn url': 'http://www.linkedin.com/company/roi-dna'}
{'company_name_zoominfo': 'QiWorks', 'website': 'www.qiworks.in', 'headquarters': 'Adjacent to Manyata Tech Park, Dr. Shivarama Karanth Nagar, Karnataka,...', 'SIC Code': '73,733', 'NAICS Code': '54,541', 'revenue': '<$5M', 'Number of Employees': '<25', 'LinkedIn url': 'http://www.linkedin.com/company/qiworks'}
{'company_name_zoominfo': 'Green Hat', 'website': 'www.green-hat.com.au', 'headquarters': '39 Burwood Rd L 1, Hawthorn, Victoria, 3122, Australia', 'SIC Code': '73,731', 'NAICS Code': '54,541', 'revenue': '$6.5M', 'Number of Employees': '<25', 'LinkedIn url': 'http://www.linkedin.com/company/greenhat-consulting'}
{'company_name_zoominfo': 'SWC Partnership', 'website': 'www.swcpartnership.com', 'headquarters': 'Lonsdale Gdns, Royal Tunbridge Wells, Kent, TN1 1NU, United Kingdom', 'SIC Code': '73,731', 'NAICS Code': '54,541', 'revenue': '$6.9M', 'Number of Employees': '25', 'LinkedIn url': 'http://www.linkedin.com/company/swc-partnership'}
{'company_name_zoominfo': 'Tolleson', 'website': 'www.tollesoninc.com', 'headquarters': 'PO Box 914, Smyrna, Tennessee, 37167, United States', 'SIC Code': '73,738', 'NAICS Code': '56,561', 'revenue': '<$5M', 'Number of Employees': '<25', 'LinkedIn url': '!not-found'}
{'company_name_zoominfo': 'Rooster Punk', 'website': 'www.roosterpunk.com', 'headquarters': 'Rodney House Clifton Down Rd, Bristol, Bristol, BS8 4AL, United Kingdo...', 'SIC Code': '73,731', 'NAICS Code': '54,541', 'revenue': '<$5M', 'Number of Employees': '<25', 'LinkedIn url': 'http://www.linkedin.com/company/rooster-punk'}
renewing ip
429
2605:cdc0:30:1e0:7553:d5f7:2521:1
renewing ip
429
2605:6400:10:1362::2
renewing ip
429
2001:bc8:1860:1419::1
{'company_name_zoominfo': 'Shift27', 'website': 'www.shift27.com', 'headquarters': '243 W 98th St Apt 7B, New York, New York, 10025, United States', 'SIC Code': '73,731', 'NAICS Code': '54,541', 'revenue': '<$5M', 'Number of Employees': '<25', 'LinkedIn url': 'http://www.linkedin.com/company/shift27'}
{'company_name_zoominfo': 'Evolve Digital', 'website': 'www.itsevolve.com', 'headquarters': '1515 Mockingbird Ln Fl 7, Charlotte, North Carolina, 28209, United Sta...', 'SIC Code': '87,874', 'NAICS Code': '54,541', 'revenue': '<$5M', 'Number of Employees': '<25', 'LinkedIn url': 'http://www.linkedin.com/company/itsevolve'}
{'company_name_zoominfo': 'Quadigy', 'website': 'www.quadigy.com', 'headquarters': '7750 Okeechobee Blvd Ste 4-404, West Palm Beach, Florida, 33411, Unite...', 'SIC Code': '73,738', 'NAICS Code': '56,561', 'revenue': '<$5M', 'Number of Employees': '<25', 'LinkedIn url': 'http://www.linkedin.com/company/quadigy'}
{'company_name_zoominfo': 'The 4P Solutions', 'website': 'www.the4psolutions.com', 'headquarters': '101/b Ananya Sant Ramdas Marg, Mulund, Maharashtra, 400081, India', 'SIC Code': '73,733', 'NAICS Code': '54,541', 'revenue': '<$5M', 'Number of Employees': '<25', 'LinkedIn url': 'http://www.linkedin.com/company/the-4p-solutions'}
{'company_name_zoominfo': 'Tigris', 'website': 'www.tigriscontent.com', 'headquarters': '3909 W Monroe St, Springfield, Missouri, 65802, United States', 'SIC Code': '87,874', 'NAICS Code': '54,541', 'revenue': '<$5M', 'Number of Employees': '<25', 'LinkedIn url': 'http://www.linkedin.com/company/tigris-blog-content-strategies'}
{'company_name_zoominfo': 'Narwhal Digital', 'website': 'narwhal.digital', 'headquarters': '644 Antone St NW Ste 7, Atlanta, Georgia, 30318, United States', 'SIC Code': '73,737', 'NAICS Code': '54,541', 'revenue': '<$5M', 'Number of Employees': '<25', 'LinkedIn url': 'http://www.linkedin.com/company/narwhal-digital'}
{'company_name_zoominfo': 'Mojo Media Labs', 'website': 'www.mojomedialabs.com', 'headquarters': '400 E Las Colinas Blvd Ste 1050, Irving, Texas, 75039, United States', 'SIC Code': '73,731', 'NAICS Code': '54,541', 'revenue': '<$5M', 'Number of Employees': '<25', 'LinkedIn url': 'http://www.linkedin.com/company/mojo-media-labs'}
renewing ip
429
2620:7:6001::122
{'company_name_zoominfo': 'Legacy Marketing', 'website': 'www.legacymarketingpb.com', 'headquarters': '3999 Hwy Pp Ste 1, Poplar Bluff, Missouri, 63901, United States', 'SIC Code': '87,874', 'NAICS Code': '54,541', 'revenue': '<$5M', 'Number of Employees': '<25', 'LinkedIn url': 'http://www.linkedin.com/company/legacymarketingpb'}
{'company_name_zoominfo': 'Pomerantz Marketing', 'website': 'www.pomagency.com', 'headquarters': '175 Admiral Cochrane Dr Ste 104, Annapolis, Maryland, 21401, United St...', 'SIC Code': '87,874', 'NAICS Code': '54,541', 'revenue': '<$5M', 'Number of Employees': '<25', 'LinkedIn url': 'http://www.linkedin.com/company/550977'}
{'company_name_zoominfo': 'The Think Tank', 'website': 'www.thinktank.org.uk', 'headquarters': '40 Clifton St, London, Greater London, EC2A 4DX, United Kingdom', 'SIC Code': '73,731', 'NAICS Code': '54,541', 'revenue': '<$5M', 'Number of Employees': '<25', 'LinkedIn url': 'http://www.linkedin.com/company/the-think-tank_2'}
{'company_name_zoominfo': 'The Modern Nursery', 'website': 'www.themodernnursery.com', 'headquarters': '23 Glenview Ave, Earlwood, New South Wales, 2206, Australia', 'SIC Code': '52,525', 'NAICS Code': '44,444', 'revenue': '<$5M', 'Number of Employees': '<25', 'LinkedIn url': '!not-found'}
{'company_name_zoominfo': 'RealMacways', 'website': 'www.realmacways.com', 'headquarters': '3044 Old Denton Rd, Carrollton, Texas, 75007, United States', 'SIC Code': '73,733', 'NAICS Code': '54,541', 'revenue': '$5.2M', 'Number of Employees': '<25', 'LinkedIn url': 'http://www.linkedin.com/company/realmacways'}
{'company_name_zoominfo': 'Originate', 'website': 'www.originate.ie', 'headquarters': '121-123 Ranelagh Fl 1, Dublin, County Dublin, D06 H7K6, Ireland', 'SIC Code': '73,731', 'NAICS Code': '54,541', 'revenue': '<$5M', 'Number of Employees': '<25', 'LinkedIn url': 'http://www.linkedin.com/company/1505394'}
{'company_name_zoominfo': 'HenixWeb', 'website': 'www.henixweb.com', 'headquarters': 'Ahmedabad, Gujarat, India', 'SIC Code': '73,733', 'NAICS Code': '54,541', 'revenue': '<$5M', 'Number of Employees': '<25', 'LinkedIn url': 'http://www.linkedin.com/company/henixweb'}
{'company_name_zoominfo': 'Xenia Consulting', 'website': 'www.xenia-consulting.com', 'headquarters': '14910 Benson St, Shawnee Mission, Kansas, 66221, United States', 'SIC Code': '73,731', 'NAICS Code': '54,541', 'revenue': '<$5M', 'Number of Employees': '<25', 'LinkedIn url': 'http://www.linkedin.com/company/xenia-consulting'}
{'company_name_zoominfo': 'Renaissance', 'website': 'www.therencompany.com', 'headquarters': '30 S 54th St, Philadelphia, Pennsylvania, 19139, United States', 'SIC Code': '87,874', 'NAICS Code': '54,541', 'revenue': '<$5M', 'Number of Employees': '<25', 'LinkedIn url': 'http://www.linkedin.com/company/869087'}
{'company_name_zoominfo': 'Cube 3', 'website': 'www.cube3.com', 'headquarters': 'Entrance "f" 360 Merrimack St Ste 337, Lawrence, Massachusetts, 01843,...', 'SIC Code': '87,871', 'NAICS Code': '54,541', 'revenue': '$18.7M', 'Number of Employees': '91', 'LinkedIn url': 'http://www.linkedin.com/company/cube-3-studio'}
{'company_name_zoominfo': 'Mojenta', 'website': 'www.mojenta.com', 'headquarters': '4075 Park Blvd. Suite 102-364, San Diego, California, 92103, United St...', 'SIC Code': '73,731', 'NAICS Code': '54,541', 'revenue': '<$5M', 'Number of Employees': '<25', 'LinkedIn url': 'http://www.linkedin.com/company/mymojenta'}
{'company_name_zoominfo': 'Baseline Creative', 'website': 'www.baselinecreative.com', 'headquarters': '110 N Hillside St, Wichita, Kansas, 67214, United States', 'SIC Code': '73,731', 'NAICS Code': '54,541', 'revenue': '<$5M', 'Number of Employees': '<25', 'LinkedIn url': 'http://www.linkedin.com/company/baseline-creative-inc-'}
('Connection aborted.', RemoteDisconnected('Remote end closed connection without response'))
<class 'UnboundLocalError'>
error in http://webcache.googleusercontent.com/search?q=cache%3Ahttps%3A%2F%2Fwww.zoominfo.com%2Fc%2Fkalungi-inc%2F465722273
local variable 'page_content' referenced before assignment
https://www.zoominfo.com/c/kalungi-inc/465722273
{'company_name_zoominfo': '!unknown-error', 'website': '!unknown-error', 'headquarters': '!unknown-error', 'SIC Code': '!unknown-error', 'NAICS Code': '!unknown-error', 'revenue': '!unknown-error', 'Number of Employees': '!unknown-error', 'LinkedIn url': '!unknown-error'}
{'company_name_zoominfo': 'NotAvailable', 'website': 'NotAvailable', 'headquarters': 'NotAvailable', 'SIC Code': 'NotAvailable', 'NAICS Code': 'NotAvailable', 'revenue': 'NotAvailable', 'Number of Employees': 'NotAvailable', 'LinkedIn url': 'NotAvailable'}
renewing ip
429
2a03:e600:100::77
{'company_name_zoominfo': 'Designfever Pr', 'website': 'www.design-fever.com', 'headquarters': 'Italy, Italy', 'SIC Code': '73,731', 'NAICS Code': '54,541', 'revenue': '<$5M', 'Number of Employees': '<25', 'LinkedIn url': 'http://www.linkedin.com/company/designfever-pr'}
{'company_name_zoominfo': 'Tiziani Whitmyre', 'website': 'www.tizinc.com', 'headquarters': '2 Commercial St, Sharon, Massachusetts, 02067, United States', 'SIC Code': '73,731', 'NAICS Code': '54,541', 'revenue': '<$5M', 'Number of Employees': '<25', 'LinkedIn url': 'http://www.linkedin.com/company/tiziani-whitmyre'}
{'company_name_zoominfo': 'Portent', 'website': 'www.portent.com', 'headquarters': '920 5th Ave Ste 1400, Seattle, Washington, 98104, United States', 'SIC Code': '87,874', 'NAICS Code': '54,541', 'revenue': '$6.1M', 'Number of Employees': '30', 'LinkedIn url': 'http://www.linkedin.com/company/portent'}
{'company_name_zoominfo': 'Scratch Marketing + Media', 'website': 'www.scratchmm.com', 'headquarters': '84 Sherman St Fl 3, Cambridge, Massachusetts, 02140, United States', 'SIC Code': '87,874', 'NAICS Code': '54,541', 'revenue': '$16.1M', 'Number of Employees': '<25', 'LinkedIn url': 'http://www.linkedin.com/company/scratch-marketing---media'}
{'company_name_zoominfo': 'Room 214', 'website': 'www.room214.com', 'headquarters': '3340 Mitchell Ln, Boulder, Colorado, 80301, United States', 'SIC Code': '73,731', 'NAICS Code': '54,541', 'revenue': '<$5M', 'Number of Employees': '<25', 'LinkedIn url': 'http://www.linkedin.com/company/room-214'}
{'company_name_zoominfo': 'ZEROTWONINE', 'website': 'www.zerotwonine.com', 'headquarters': '21 Carl-benz-str., Frankfurt, Hesse, 60386, Germany', 'SIC Code': '73,731', 'NAICS Code': '54,541', 'revenue': '$16M', 'Number of Employees': '77', 'LinkedIn url': 'http://www.linkedin.com/company/zerotwonine-gmbh'}
{'company_name_zoominfo': 'NNC Services', 'website': 'www.nnc-services.com', 'headquarters': '15 Constantin Aricescu St, Bucharest, 011685, Romania', 'SIC Code': '87,874', 'NAICS Code': '54,541', 'revenue': '$24.5M', 'Number of Employees': '<25', 'LinkedIn url': 'http://www.linkedin.com/company/pictas-advertising'}
{'company_name_zoominfo': 'Rosica Communications', 'website': 'www.rosica.com', 'headquarters': '2-14 Fair Lawn Ave, Fair Lawn, New Jersey, 07410, United States', 'SIC Code': '87,874', 'NAICS Code': '54,541', 'revenue': '$7.7M', 'Number of Employees': '<25', 'LinkedIn url': 'http://www.linkedin.com/company/rosica-strategic-public-relations'}
{'company_name_zoominfo': 'Pslondon', 'website': 'www.pslondon.co.uk', 'headquarters': '53 Eagle Wharf Rd, London, Essex, N1 7ER, United Kingdom', 'SIC Code': '73,731', 'NAICS Code': '54,541', 'revenue': '<$5M', 'Number of Employees': '<25', 'LinkedIn url': 'http://www.linkedin.com/company/pslondon-limited'}
{'company_name_zoominfo': 'Syrup', 'website': 'www.syrupnyc.com', 'headquarters': '12 Vestry St Fl 7, New York, New York, 10013, United States', 'SIC Code': '73,733', 'NAICS Code': '54,541', 'revenue': '$5M', 'Number of Employees': '<25', 'LinkedIn url': 'http://www.linkedin.com/company/syrup'}
{'company_name_zoominfo': 'Varcas Interactive', 'website': 'www.varcasinteractive.com', 'headquarters': 'Peridot Plz Hosur Rd Next to Novel Business Park Gajendra Nagar Neelas...', 'SIC Code': '73,733', 'NAICS Code': '54,541', 'revenue': '<$5M', 'Number of Employees': '<25', 'LinkedIn url': 'http://www.linkedin.com/company/varcas-interactive'}
{'company_name_zoominfo': 'Ofspace Digital Agency', 'website': 'www.ofspace.co', 'headquarters': 'Bangladesh', 'SIC Code': '72,722', 'NAICS Code': '54,541', 'revenue': '<$5M', 'Number of Employees': '<25', 'LinkedIn url': 'http://www.linkedin.com/company/30210515'}
{'company_name_zoominfo': '10 Plus Brand', 'website': 'www.10plusbrand.com', 'headquarters': '19811 E Colima Rd Ste 610, Walnut, California, 91789, United States', 'SIC Code': '48,489', 'NAICS Code': '51,517', 'revenue': '<$5M', 'Number of Employees': '<25', 'LinkedIn url': 'http://www.linkedin.com/company/10plusbrand'}
{'company_name_zoominfo': 'Fishbat', 'website': 'www.fishbat.com', 'headquarters': '225 W 34th St Fl 9, New York City, New York, 10122, United States', 'SIC Code': '87,874', 'NAICS Code': '54,541', 'revenue': '$20.4M', 'Number of Employees': '25', 'LinkedIn url': 'http://www.linkedin.com/company/fishbat'}
renewing ip
429
2a03:e600:100::67
{'company_name_zoominfo': 'AOR', 'website': 'www.thinkaor.com', 'headquarters': '1020 Cherokee St, Denver, Colorado, 80204, United States', 'SIC Code': '87,874', 'NAICS Code': '54,541', 'revenue': '$7M', 'Number of Employees': '<25', 'LinkedIn url': 'http://www.linkedin.com/company/aor-inc-'}
{'company_name_zoominfo': 'Intergage', 'website': 'www.intergage.co.uk', 'headquarters': '55 Cobham Rd Ferndown Industrial Est, Wimborne Minster, Dorset, BH21 7...', 'SIC Code': '73,731', 'NAICS Code': '54,541', 'revenue': '<$5M', 'Number of Employees': '<25', 'LinkedIn url': 'http://www.linkedin.com/company/intergage-ltd'}
{'company_name_zoominfo': 'Brown Bag Marketing', 'website': 'www.brownbagmarketing.com', 'headquarters': '3340 Peachtree Rd NE Ste 2960, Atlanta, Georgia, 30326, United States', 'SIC Code': '87,874', 'NAICS Code': '54,541', 'revenue': '$10.5M', 'Number of Employees': '55', 'LinkedIn url': 'http://www.linkedin.com/company/brown-bag-marketing'}
{'company_name_zoominfo': 'Peppercomm', 'website': 'www.peppercomm.com', 'headquarters': '470 Park Ave S, New York, New York, 10016, United States', 'SIC Code': '87,874', 'NAICS Code': '54,541', 'revenue': '$19.2M', 'Number of Employees': '119', 'LinkedIn url': 'http://www.linkedin.com/company/peppercomm'}
{'company_name_zoominfo': 'Siren Digital Marketing', 'website': 'www.sirendigital.co', 'headquarters': '724 Bielenberg Dr Ste 23, Woodbury, Minnesota, 55125, United States', 'SIC Code': '87,874', 'NAICS Code': '54,541', 'revenue': '$9.6M', 'Number of Employees': '37', 'LinkedIn url': 'http://www.linkedin.com/company/40699162'}
{'company_name_zoominfo': 'Incisive Media', 'website': 'www.incisivemedia.com', 'headquarters': 'Haymarket House 28-29 Haymarket, London, Greater London, SW1Y 4RX, Uni...', 'SIC Code': '73,731', 'NAICS Code': '54,541', 'revenue': '$30.1M', 'Number of Employees': '209', 'LinkedIn url': 'http://www.linkedin.com/company/incisive-media'}
{'company_name_zoominfo': 'JRox International Digital Marketing Agency', 'website': 'www.jridma.com', 'headquarters': '27 Old Gloucester St, London, Greater London, WC1N 3AX, United Kingdom', 'SIC Code': '72,722', 'NAICS Code': '54,541', 'revenue': '<$5M', 'Number of Employees': '<25', 'LinkedIn url': 'http://www.linkedin.com/company/jridma'}
{'company_name_zoominfo': 'Advaita', 'website': 'www.advaitabio.com', 'headquarters': '3250 Plymouth Rd 303, Ann Arbor, Michigan, 48105, United States', 'SIC Code': '87,873', 'NAICS Code': '54,541', 'revenue': '<$5M', 'Number of Employees': '<25', 'LinkedIn url': 'http://www.linkedin.com/company/advaitabio'}
{'company_name_zoominfo': 'Higher Digital', 'website': 'higher.digital', 'headquarters': '1775 Tysons Blvd Fl 5, Tysons, Virginia, 22102, United States', 'SIC Code': '87,874', 'NAICS Code': '54,541', 'revenue': '$7.1M', 'Number of Employees': '25', 'LinkedIn url': 'http://www.linkedin.com/company/higher-digital-llc'}
{'company_name_zoominfo': 'Responsory', 'website': 'www.responsory.com', 'headquarters': '250 Bishops Way Ste 203, Brookfield, Wisconsin, 53005, United States', 'SIC Code': '73,731', 'NAICS Code': '54,541', 'revenue': '$6.8M', 'Number of Employees': '<25', 'LinkedIn url': 'http://www.linkedin.com/company/responsory'}
renewing ip
429
2620:18c:0:192::135
renewing ip
429
2001:67c:6ec:203:192:42:116:175
renewing ip
429
2001:67c:6ec:203:192:42:116:175
renewing ip
429
2a0b:f4c2:1::1
renewing ip
429
2001:67c:6ec:203:192:42:116:196
renewing ip
429
2001:67c:6ec:203:192:42:116:196
renewing ip
429
2a06:1700:0:12::4
{'company_name_zoominfo': 'Lexis Agency', 'website': 'www.lexisagency.gr', 'headquarters': 'Greece', 'SIC Code': '61,611', 'NAICS Code': '52,522', 'revenue': '<$5M', 'Number of Employees': '60', 'LinkedIn url': 'http://www.linkedin.com/company/42938126'}
{'company_name_zoominfo': 'Crenshaw Communications', 'website': 'www.crenshawcomm.com', 'headquarters': '36 W 20th St Fl 5, New York City, New York, 10011, United States', 'SIC Code': '87,874', 'NAICS Code': '54,541', 'revenue': '<$5M', 'Number of Employees': '<25', 'LinkedIn url': 'http://www.linkedin.com/company/crenshaw-communications'}
{'company_name_zoominfo': 'Focus Mandarin Communicate', 'website': 'www.focusmandarin.com.hk', 'headquarters': '19/f Silver Fortune Plz 1, Hong Kong, Central and Western, China', 'SIC Code': '82,829', 'NAICS Code': '61,611', 'revenue': '$5M', 'Number of Employees': '<25', 'LinkedIn url': 'http://www.linkedin.com/company/focus-mandarin-communications-ltd.'}
{'company_name_zoominfo': 'Zeqons', 'website': 'www.zeqons.com', 'headquarters': 'India', 'SIC Code': '73,731', 'NAICS Code': '54,541', 'revenue': '$5.9M', 'Number of Employees': '<25', 'LinkedIn url': 'http://www.linkedin.com/company/zeqons'}
{'company_name_zoominfo': 'rbb', 'website': 'www.rbbcommunications.com', 'headquarters': '355 Alhambra Cir Ste 800, Miami, Florida, 33134, United States', 'SIC Code': '87,874', 'NAICS Code': '54,541', 'revenue': '$19.2M', 'Number of Employees': '89', 'LinkedIn url': 'http://www.linkedin.com/company/rbbcommunications'}
