{'company_name_zoominfo': '!not-found', 'website': '!not-found', 'headquarters': '!not-found', 'SIC Code': '!not-found', 'NAICS Code': '!not-found', 'revenue': '!not-found', 'Number of Employees': '!not-found', 'LinkedIn url': '!not-found'}
{'company_name_zoominfo': '!not-found', 'website': '!not-found', 'headquarters': '!not-found', 'SIC Code': '!not-found', 'NAICS Code': '!not-found', 'revenue': '!not-found', 'Number of Employees': '!not-found', 'LinkedIn url': '!not-found'}
{'company_name_zoominfo': 'Fortress Solutions', 'website': 'www.fortsol.com', 'headquarters': '2100 10th St Ste 300, Plano, Texas, 75074, United States', 'SIC Code': '73,738', 'NAICS Code': '56,561', 'revenue': '$52.8M', 'Number of Employees': '250', 'LinkedIn url': 'http://www.linkedin.com/company/fortress-solutions'}
{'company_name_zoominfo': 'Mad Marketing Media', 'website': 'www.madmarketingmedia.com', 'headquarters': 'India', 'SIC Code': '87,874', 'NAICS Code': '54,541', 'revenue': '<$5M', 'Number of Employees': '<25', 'LinkedIn url': 'http://www.linkedin.com/company/mad-marketing-media'}
{'company_name_zoominfo': 'Spiceworks Ziff Davis', 'website': 'www.swzd.com', 'headquarters': '625 2nd St, San Francisco, California, 94107, United States', 'SIC Code': '72,722', 'NAICS Code': '54,541', 'revenue': '$123.6M', 'Number of Employees': '600', 'LinkedIn url': 'http://www.linkedin.com/company/spiceworks-ziff-davis'}
{'company_name_zoominfo': 'SyncShow', 'website': 'www.syncshow.com', 'headquarters': '1156 Linda St Ste 1, Rocky River, Ohio, 44116, United States', 'SIC Code': '87,874', 'NAICS Code': '54,541', 'revenue': '<$5M', 'Number of Employees': '<25', 'LinkedIn url': 'http://www.linkedin.com/company/syncshow-interactive'}
{'company_name_zoominfo': 'New Breed', 'website': 'www.newbreedrevenue.com', 'headquarters': '20 Winooski Falls Way Ste 306, Winooski, Vermont, 05404, United States', 'SIC Code': '87,874', 'NAICS Code': '54,541', 'revenue': '$5.2M', 'Number of Employees': '49', 'LinkedIn url': 'http://www.linkedin.com/company/new-breed-marketing'}
{'company_name_zoominfo': 'Emed Store', 'website': 'www.emedstore.in', 'headquarters': 'A/707 Mondeal Heights Beside Novotel Hotel Nr. Iscon Sq S.g. Hwy, Boda...', 'SIC Code': '59,591', 'NAICS Code': '44,446', 'revenue': '$6M', 'Number of Employees': '<25', 'LinkedIn url': 'http://www.linkedin.com/company/emedstore'}
{'company_name_zoominfo': 'InnoFuture Academy', 'website': 'www.innofuture.com.au', 'headquarters': 'Melbourne, Victoria, Australia', 'SIC Code': '87,874', 'NAICS Code': '54,541', 'revenue': '<$5M', 'Number of Employees': '<25', 'LinkedIn url': 'http://www.linkedin.com/company/3081845'}
{'company_name_zoominfo': 'Rytepath', 'website': 'www.rytepath.com', 'headquarters': '24971 Sausalito St, Laguna Hills, California, 92653, United States', 'SIC Code': '73,737', 'NAICS Code': '51,511', 'revenue': '<$5M', 'Number of Employees': '<25', 'LinkedIn url': 'http://www.linkedin.com/company/rytepath'}
{'company_name_zoominfo': 'Espresso B2B Marketing', 'website': 'www.espressob2b.com', 'headquarters': '535 Mission St Fl 14, San Francisco, California, 94105, United States', 'SIC Code': '87,874', 'NAICS Code': '54,541', 'revenue': '<$5M', 'Number of Employees': '<25', 'LinkedIn url': 'http://www.linkedin.com/company/1113520'}
{'company_name_zoominfo': 'Agility One Outsourcing', 'website': 'www.agilityoutsourcing.com', 'headquarters': '160 Commerce Valley Drive East Fl 2, Thornhill, Ontario, L3T 7P9, Cana...', 'SIC Code': '73,736', 'NAICS Code': '56,561', 'revenue': '<$5M', 'Number of Employees': '<25', 'LinkedIn url': '!not-found'}
{'company_name_zoominfo': '!not-found', 'website': '!not-found', 'headquarters': '!not-found', 'SIC Code': '!not-found', 'NAICS Code': '!not-found', 'revenue': '!not-found', 'Number of Employees': '!not-found', 'LinkedIn url': '!not-found'}
renewing ip
429
2605:6400:10:1362::2
renewing ip
429
2605:6400:10:1362::2
renewing ip
429
2001:bc8:1860:1419::1
{'company_name_zoominfo': 'Revenue Deck', 'website': 'www.revenuedeck.com', 'headquarters': 'Nasik, Maharashtra, India', 'SIC Code': '73,738', 'NAICS Code': '56,561', 'revenue': '$5.6M', 'Number of Employees': '27', 'LinkedIn url': 'http://www.linkedin.com/company/revenue-deck'}
{'company_name_zoominfo': '!not-found', 'website': 'First Republic Bank', 'headquarters': '!not-found', 'SIC Code': '!not-found', 'NAICS Code': '!not-found', 'revenue': '!not-found', 'Number of Employees': '!not-found', 'LinkedIn url': '!not-found'}
{'company_name_zoominfo': '!not-found', 'website': '!not-found', 'headquarters': '!not-found', 'SIC Code': '!not-found', 'NAICS Code': '!not-found', 'revenue': '!not-found', 'Number of Employees': '!not-found', 'LinkedIn url': '!not-found'}
{'company_name_zoominfo': '!not-found', 'website': '!not-found', 'headquarters': '!not-found', 'SIC Code': '!not-found', 'NAICS Code': '!not-found', 'revenue': '!not-found', 'Number of Employees': '!not-found', 'LinkedIn url': '!not-found'}
{'company_name_zoominfo': 'ABM Industries', 'website': 'www.abm.com', 'headquarters': '1 Liberty Plz Fl 7, New York City, New York, 10006, United States', 'SIC Code': '87,874', 'NAICS Code': '56,561', 'revenue': '$6.2B', 'Number of Employees': '124,000', 'LinkedIn url': 'http://www.linkedin.com/company/162238'}
{'company_name_zoominfo': '!not-found', 'website': '!not-found', 'headquarters': '!not-found', 'SIC Code': '!not-found', 'NAICS Code': '!not-found', 'revenue': '!not-found', 'Number of Employees': '!not-found', 'LinkedIn url': '!not-found'}
{'company_name_zoominfo': 'B2B Design & Development', 'website': 'www.b2bdd.com', 'headquarters': '111 Sibley Ave, Ardmore, Pennsylvania, 19003, United States', 'SIC Code': '73,738', 'NAICS Code': '54,541', 'revenue': '<$5M', 'Number of Employees': '<25', 'LinkedIn url': 'http://www.linkedin.com/company/b2b-design-&-development-llc'}
{'company_name_zoominfo': 'B2B StratPartners', 'website': 'www.b2b-stratpartners.com', 'headquarters': '8 Alex Vermaelenstraat, Oud-Heverlee, Flanders, 3052, Belgium', 'SIC Code': '61,611', 'NAICS Code': '52,522', 'revenue': '<$5M', 'Number of Employees': '<25', 'LinkedIn url': 'https://www.linkedin.com/company/18112347'}
{'company_name_zoominfo': 'Hittekilling', 'website': 'www.hittekilling.dk', 'headquarters': '19 Gjessøparken, Silkeborg, Denmark', 'SIC Code': '17,175', 'NAICS Code': '23,238', 'revenue': '<$5M', 'Number of Employees': '<25', 'LinkedIn url': '!not-found'}
{'company_name_zoominfo': 'Grey Matter', 'website': 'www.greymatter.com', 'headquarters': '45 Rutland Park, Sheffield, South Yorkshire, S10 2PB, United Kingdom', 'SIC Code': '73,737', 'NAICS Code': '54,541', 'revenue': '$17.5M', 'Number of Employees': '71', 'LinkedIn url': 'http://www.linkedin.com/company/greymatter'}
renewing ip
429
2620:7:6001::122
{'company_name_zoominfo': 'ERA Enterprises', 'website': 'www.era-enterprises.com', 'headquarters': 'PO Box 130, Lynnville, Tennessee, 38472, United States', 'SIC Code': '26,265', 'NAICS Code': '32,322', 'revenue': '<$5M', 'Number of Employees': '<25', 'LinkedIn url': '!not-found'}
{'company_name_zoominfo': 'Blue Bird', 'website': 'www.blue-bird.com', 'headquarters': '3920 Arkwright Rd Fl 2, Macon, Georgia, 31210, United States', 'SIC Code': '37,371', 'NAICS Code': '33,336', 'revenue': '$725.7M', 'Number of Employees': '1,702', 'LinkedIn url': 'http://www.linkedin.com/company/blue-bird-corporation'}
{'company_name_zoominfo': 'B2B Marketing', 'website': 'www.b2bmarketing.net', 'headquarters': '147-149 Farringdon Rd, London, Greater London, EC1R 3HN, United Kingdo...', 'SIC Code': '73,731', 'NAICS Code': '54,541', 'revenue': '$6.1M', 'Number of Employees': '<25', 'LinkedIn url': 'http://www.linkedin.com/company/b2b-marketing'}
{'company_name_zoominfo': 'Hercules Exposome Research Center', 'website': 'www.emoryhercules.com', 'headquarters': '2705 Dakota Mill Crk, Buford, Georgia, 30519, United States', 'SIC Code': '87,873', 'NAICS Code': '54,541', 'revenue': '<$5M', 'Number of Employees': '<25', 'LinkedIn url': '!not-found'}
{'company_name_zoominfo': 'Grow', 'website': 'www.grow.com', 'headquarters': '3301 N Thanksgiving Way Ste 175, Lehi, Utah, 84043, United States', 'SIC Code': '73,737', 'NAICS Code': '54,541', 'revenue': '$9.9M', 'Number of Employees': '29', 'LinkedIn url': 'http://www.linkedin.com/company/go-grow'}
{'company_name_zoominfo': 'B2B Solutions', 'website': 'www.b2bsolutionsllc.com', 'headquarters': '240 Dover Cir Ste 101, Lake Forest, Illinois, 60045, United States', 'SIC Code': '87,874', 'NAICS Code': '54,541', 'revenue': '<$5M', 'Number of Employees': '<25', 'LinkedIn url': 'http://www.linkedin.com/company/b2b-solutions-llc'}
{'company_name_zoominfo': 'IMPACT! Marketing', 'website': 'www.impactmn.com', 'headquarters': '10340 Viking Dr Ste 100, Eden Prairie, Minnesota, 55344, United States', 'SIC Code': '73,731', 'NAICS Code': '54,541', 'revenue': '<$5M', 'Number of Employees': '<25', 'LinkedIn url': 'http://www.linkedin.com/company/3188931'}
{'company_name_zoominfo': 'Stratique Marketing', 'website': 'www.stratiquemarketing.com', 'headquarters': '!not-found', 'SIC Code': '73,731', 'NAICS Code': '54,541', 'revenue': '<$5M', 'Number of Employees': '<25', 'LinkedIn url': 'https://www.linkedin.com/company/stratique-marketing'}
{'company_name_zoominfo': '020-EPOS', 'website': 'www.020epos.de', 'headquarters': '74 Kruppstr., Essen, Nordrhein-westfalen, 45145, Germany', 'SIC Code': '49,493', 'NAICS Code': '22,221', 'revenue': '$5.4M', 'Number of Employees': '<25', 'LinkedIn url': 'http://www.linkedin.com/company/020-epos-gmbh'}
{'company_name_zoominfo': 'Retriever', 'website': 'www.retrieverdisc.com', 'headquarters': 'PO Box 698, Platte, South Dakota, 57369, United States', 'SIC Code': '76,769', 'NAICS Code': '11,115', 'revenue': '<$5M', 'Number of Employees': '<25', 'LinkedIn url': '!not-found'}
{'company_name_zoominfo': '!not-found', 'website': '!not-found', 'headquarters': '!not-found', 'SIC Code': '!not-found', 'NAICS Code': '!not-found', 'revenue': '!not-found', 'Number of Employees': '!not-found', 'LinkedIn url': '!not-found'}
{'company_name_zoominfo': '!not-found', 'website': '1Sale', 'headquarters': '!not-found', 'SIC Code': '!not-found', 'NAICS Code': '!not-found', 'revenue': '!not-found', 'Number of Employees': '!not-found', 'LinkedIn url': '!not-found'}
{'company_name_zoominfo': 'Enki Solutions', 'website': 'www.enki.com', 'headquarters': '5 Lower Rd, London, Greater London, SE16 2XB, United Kingdom', 'SIC Code': '73,737', 'NAICS Code': '54,541', 'revenue': '<$5M', 'Number of Employees': '<25', 'LinkedIn url': 'http://www.linkedin.com/company/9431686'}
SOCKSHTTPConnectionPool(host='www.google.com', port=80): Max retries exceeded with url: /sorry/index?continue=http://webcache.googleusercontent.com/search%3Fq%3Dcache%253Ahttps%253A%252F%252Fwww.zoominfo.com%252Fc%252Fquigley--simpson%252F87671106&q=EhAqC_TAAWwABAAAAAAAAAABGJvZjKEGIjDEoq2EmZvhmtIasF-4cXYYOnHJagBGMQDEGWddKkDiIftAb8XPXhoY2NCVsG8VlbwyAXI (Caused by NewConnectionError('<urllib3.contrib.socks.SOCKSConnection object at 0x7f9945b22050>: Failed to establish a new connection: 0x01: General SOCKS server failure'))
<class 'UnboundLocalError'>
error in http://webcache.googleusercontent.com/search?q=cache%3Ahttps%3A%2F%2Fwww.zoominfo.com%2Fc%2Fquigley--simpson%2F87671106
local variable 'page_content' referenced before assignment
https://www.zoominfo.com/c/quigley--simpson/87671106
{'company_name_zoominfo': '!unknown-error', 'website': '!unknown-error', 'headquarters': '!unknown-error', 'SIC Code': '!unknown-error', 'NAICS Code': '!unknown-error', 'revenue': '!unknown-error', 'Number of Employees': '!unknown-error', 'LinkedIn url': '!unknown-error'}
renewing ip
429
2a03:e600:100::77
{'company_name_zoominfo': 'VA Partners Group of Companies', 'website': 'www.vapartners.com.my', 'headquarters': '488d-4-6&10 One-Stop Centre Midlands Park, Tikus, Penang, 10350, Malay...', 'SIC Code': '87,874', 'NAICS Code': '54,541', 'revenue': '<$5M', 'Number of Employees': '<25', 'LinkedIn url': 'http://www.linkedin.com/company/va-partners-sdn.-bhd.'}
{'company_name_zoominfo': 'Bayard Bradford', 'website': 'www.bayardbradford.com', 'headquarters': '10810 Katy Fwy Ste 101, Houston, Texas, 77043, United States', 'SIC Code': '87,874', 'NAICS Code': '54,541', 'revenue': '<$5M', 'Number of Employees': '<25', 'LinkedIn url': 'http://www.linkedin.com/company/bayard-bradford'}
{'company_name_zoominfo': 'Windmill Design', 'website': 'www.windmillstrategy.com', 'headquarters': '1227 Tyler St NE Ste 180, Minneapolis, Minnesota, 55413, United States', 'SIC Code': '73,733', 'NAICS Code': '54,541', 'revenue': '$18.4M', 'Number of Employees': '106', 'LinkedIn url': 'http://www.linkedin.com/company/windmill-design'}
{'company_name_zoominfo': 'Transform Communications', 'website': 'www.transformcommunications.co.uk', 'headquarters': '54 Frome Rd, Bradford on Avon, Wiltshire, BA15 1LA, United Kingdom', 'SIC Code': '87,874', 'NAICS Code': '54,541', 'revenue': '<$5M', 'Number of Employees': '<25', 'LinkedIn url': 'http://www.linkedin.com/company/transform-communications-ltd'}
{'company_name_zoominfo': 'Sumo', 'website': 'www.sumo.com', 'headquarters': '1305 E 6th St 3, Austin, Texas, 78702, United States', 'SIC Code': '73,737', 'NAICS Code': '51,518', 'revenue': '$16.3M', 'Number of Employees': '27', 'LinkedIn url': 'http://www.linkedin.com/company/appsumo.com'}
{'company_name_zoominfo': 'How to Digital Agency', 'website': 'www.howto.com.tr', 'headquarters': 'Turkey', 'SIC Code': '54,549', 'NAICS Code': '44,445', 'revenue': '<$5M', 'Number of Employees': '<25', 'LinkedIn url': 'https://www.linkedin.com/company/how-to-digital-agency'}
{'company_name_zoominfo': 'MarketJoy', 'website': 'www.marketjoy.com', 'headquarters': '100 Northcliffe Dr Ste 72, Gulf Breeze, Florida, 32562, United States', 'SIC Code': '73,737', 'NAICS Code': '51,517', 'revenue': '$25.3M', 'Number of Employees': '65', 'LinkedIn url': 'http://www.linkedin.com/company/marketjoy-inc.'}
{'company_name_zoominfo': 'Magnus Group Mx', 'website': 'www.magnusgroup.mx', 'headquarters': '!not-found', 'SIC Code': '58,581', 'NAICS Code': '72,722', 'revenue': '$24.4M', 'Number of Employees': '56', 'LinkedIn url': 'https://www.linkedin.com/company/magnus-group-mx'}
{'company_name_zoominfo': 'ZipLine', 'website': 'www.zipline.biz', 'headquarters': '300 Lock Rd, Deerfield Beach, Florida, 33442, United States', 'SIC Code': '73,738', 'NAICS Code': '52,522', 'revenue': '$9M', 'Number of Employees': '34', 'LinkedIn url': 'http://www.linkedin.com/company/national-payment-card-association'}
{'company_name_zoominfo': 'Protocol 80', 'website': 'www.protocol80.com', 'headquarters': '15 N Kendall Ave, Bradford, Pennsylvania, 16701, United States', 'SIC Code': '87,874', 'NAICS Code': '54,541', 'revenue': '<$5M', 'Number of Employees': '<25', 'LinkedIn url': 'http://www.linkedin.com/company/protocol-80-inc-'}
{'company_name_zoominfo': 'Platform Brand', 'website': 'www.platformbrand.co.uk', 'headquarters': '218 Bradford Rd, Batley East Ward, West Yorkshire, WF17 6JF, United Ki...', 'SIC Code': '73,731', 'NAICS Code': '54,541', 'revenue': '<$5M', 'Number of Employees': '<25', 'LinkedIn url': 'http://www.linkedin.com/company/six-design-&-digital'}
{'company_name_zoominfo': 'KFL Webdesign', 'website': 'www.kflwebdesign.com', 'headquarters': '325 Chestnut St Ste 800, Philadelphia, Pennsylvania, 19106, United Sta...', 'SIC Code': '73,737', 'NAICS Code': '54,541', 'revenue': '$6.9M', 'Number of Employees': '25', 'LinkedIn url': 'http://www.linkedin.com/company/kfl-webdesign'}
{'company_name_zoominfo': 'Fathom', 'website': 'www.fathom.net', 'headquarters': '71 Raymond Rd, West Hartford, Connecticut, 06107, United States', 'SIC Code': '73,738', 'NAICS Code': '81,812', 'revenue': '$5.5M', 'Number of Employees': '<25', 'LinkedIn url': 'http://www.linkedin.com/company/fathomfutures'}
renewing ip
429
2a03:e600:100::67
{'company_name_zoominfo': 'Love Advertising', 'website': 'www.loveadv.com', 'headquarters': '3550 W 12th St, Houston, Texas, 77008, United States', 'SIC Code': '87,874', 'NAICS Code': '54,541', 'revenue': '$47.1M', 'Number of Employees': '64', 'LinkedIn url': 'http://www.linkedin.com/company/love-advertising'}
{'company_name_zoominfo': 'DealFlow', 'website': 'www.dealflowco.com', 'headquarters': '!not-found', 'SIC Code': '73,737', 'NAICS Code': '54,541', 'revenue': '<$5M', 'Number of Employees': '<25', 'LinkedIn url': 'http://www.linkedin.com/company/shinebridge'}
{'company_name_zoominfo': 'Integrated Holistic Communications', 'website': 'www.ih-c.com', 'headquarters': '3905 Bb1 Mazaya Business Avenue Jlt, Dubai, United Arab Emirates', 'SIC Code': '87,874', 'NAICS Code': '54,541', 'revenue': '<$5M', 'Number of Employees': '<25', 'LinkedIn url': 'http://www.linkedin.com/company/ih-c'}
{'company_name_zoominfo': 'Inceptious Studio', 'website': 'www.inceptiousstudio.com', 'headquarters': 'Pakistan', 'SIC Code': '73,733', 'NAICS Code': '54,541', 'revenue': '<$5M', 'Number of Employees': '<25', 'LinkedIn url': 'http://www.linkedin.com/company/inceptious-studio'}
{'company_name_zoominfo': 'Design Dossier', 'website': 'www.designdossier.co.uk', 'headquarters': '71-75 Shelton St, London, Greater London, WC2H 9JQ, United Kingdom', 'SIC Code': '73,738', 'NAICS Code': '54,541', 'revenue': '<$5M', 'Number of Employees': '<25', 'LinkedIn url': '!not-found'}
{'company_name_zoominfo': 'Enterprise Screen', 'website': 'www.enterprisescreen.com', 'headquarters': '538 Paisley Rd, Glasgow, Glasgow, G51 1RJ, United Kingdom', 'SIC Code': '78,781', 'NAICS Code': '51,512', 'revenue': '<$5M', 'Number of Employees': '<25', 'LinkedIn url': 'https://www.linkedin.com/company/enterprise-screen'}
{'company_name_zoominfo': 'Shoot You', 'website': 'www.shootyou.com', 'headquarters': '1 Victory Park Mews, Addlestone North Ward, Surrey, KT15 2FH, United K...', 'SIC Code': '78,781', 'NAICS Code': '51,512', 'revenue': '<$5M', 'Number of Employees': '<25', 'LinkedIn url': 'http://www.linkedin.com/company/shoot-group-ltd'}
{'company_name_zoominfo': 'RD Content', 'website': 'www.rdcontent.com', 'headquarters': "17 Neal's Yard Covent Garden, London, Greater London, WC2H 9DP, United...", 'SIC Code': '78,781', 'NAICS Code': '51,512', 'revenue': '$16.7M', 'Number of Employees': '36', 'LinkedIn url': 'http://www.linkedin.com/company/rdcontent'}
{'company_name_zoominfo': 'Content Beta', 'website': 'www.contentbeta.com', 'headquarters': 'India', 'SIC Code': '48,483', 'NAICS Code': '51,515', 'revenue': '<$5M', 'Number of Employees': '<25', 'LinkedIn url': 'http://www.linkedin.com/company/content-beta'}
{'company_name_zoominfo': '!not-found', 'website': 'Lollypop', 'headquarters': '!not-found', 'SIC Code': '!not-found', 'NAICS Code': '!not-found', 'revenue': '!not-found', 'Number of Employees': '!not-found', 'LinkedIn url': '!not-found'}
{'company_name_zoominfo': 'Vitamin Branding Agency', 'website': 'www.vitamin-advertising.com', 'headquarters': '12-84 Oleksy Storozhenko St, Lviv, Lviv, Ukraine', 'SIC Code': '73,731', 'NAICS Code': '54,541', 'revenue': '$6.6M', 'Number of Employees': '<25', 'LinkedIn url': 'https://www.linkedin.com/company/vitamin-adv'}
renewing ip
429
2620:18c:0:192::135
renewing ip
429
2001:67c:6ec:203:192:42:116:175
renewing ip
429
2001:67c:6ec:203:192:42:116:175
renewing ip
429
2a0b:f4c2:1::1
renewing ip
429
2a0b:f4c2:1::1
renewing ip
429
2001:67c:6ec:203:192:42:116:196
renewing ip
429
2a06:1700:0:12::4
{'company_name_zoominfo': 'Beverly Boy Productions', 'website': 'www.beverlyboy.com', 'headquarters': '9200 Belvedere Rd, West Palm Beach, Florida, 33411, United States', 'SIC Code': '78,781', 'NAICS Code': '51,512', 'revenue': '<$5M', 'Number of Employees': '<25', 'LinkedIn url': 'http://www.linkedin.com/company/beverly-boy-production'}
{'company_name_zoominfo': 'Robust Creative', 'website': 'www.robustcreative.com', 'headquarters': '636 River Dr At, Princeton, Iowa, 52768, United States', 'SIC Code': '56,569', 'NAICS Code': '44,448', 'revenue': '<$5M', 'Number of Employees': '<25', 'LinkedIn url': '!not-found'}
