{'company_name_zoominfo': 'Standing Partnership', 'website': 'www.standingpartnership.com', 'headquarters': '1610 Des Peres Rd Ste 200, St. Louis, Missouri, 63131, United States', 'SIC Code': '87,874', 'NAICS Code': '54,541', 'revenue': '<$5M', 'Number of Employees': '<25', 'LinkedIn url': 'http://www.linkedin.com/company/standing-partnership'}
{'company_name_zoominfo': 'Sylvia Marketing & Public Relations', 'website': 'www.sylviamarketing.com', 'headquarters': '630 Freedom Business Center Dr Ste 3, King Of Prussia, Pennsylvania, 1...', 'SIC Code': '87,874', 'NAICS Code': '54,541', 'revenue': '<$5M', 'Number of Employees': '<25', 'LinkedIn url': '!not-found'}
{'company_name_zoominfo': 'Concrete Media', 'website': 'www.concretemediainc.com', 'headquarters': 'United States', 'SIC Code': '17,177', 'NAICS Code': '23,238', 'revenue': '$12.3M', 'Number of Employees': '57', 'LinkedIn url': '!not-found'}
{'company_name_zoominfo': 'BIGfish Communications', 'website': 'www.bigfishpr.com', 'headquarters': '283 Newbury St, Boston, Massachusetts, 02115, United States', 'SIC Code': '87,874', 'NAICS Code': '54,541', 'revenue': '<$5M', 'Number of Employees': '<25', 'LinkedIn url': 'http://www.linkedin.com/company/bigfish-communications'}
{'company_name_zoominfo': 'W)right On Communications', 'website': 'www.wrightoncomm.com', 'headquarters': '555 W 5 Th St. 35 Th Fl, Los Angeles, California, 90013, United States', 'SIC Code': '87,874', 'NAICS Code': '54,541', 'revenue': '$5.4M', 'Number of Employees': '<25', 'LinkedIn url': 'http://www.linkedin.com/company/wrightoncomm'}
{'company_name_zoominfo': 'Artios Pharma', 'website': 'www.artiospharma.com', 'headquarters': 'B940 Babraham Research Campus, Cambridge, Cambridgeshire, CB22 3FH, Un...', 'SIC Code': '87,873', 'NAICS Code': '54,541', 'revenue': '$12.9M', 'Number of Employees': '38', 'LinkedIn url': 'http://www.linkedin.com/company/artios-pharma-ltd'}
{'company_name_zoominfo': 'Bbn', 'website': 'www.bbnto.com', 'headquarters': '1712 E Avenida De Los Arboles, Thousand Oaks, California, 91362, Unite...', 'SIC Code': '64,641', 'NAICS Code': '52,524', 'revenue': '<$5M', 'Number of Employees': '<25', 'LinkedIn url': '!not-found'}
{'company_name_zoominfo': 'Bray Leino', 'website': 'www.brayleino.co.uk', 'headquarters': 'The Old Sawmill, Filleigh, Bristol, EX32 0RN, United Kingdom', 'SIC Code': '73,731', 'NAICS Code': '54,541', 'revenue': '$286.3M', 'Number of Employees': '1,500', 'LinkedIn url': 'http://www.linkedin.com/company/bray-leino-limited'}
{'company_name_zoominfo': 'Expandi Group', 'website': 'www.expandigroup.com', 'headquarters': '38 Craven St, London, Greater London, WC2N 5NG, United Kingdom', 'SIC Code': '87,874', 'NAICS Code': '54,541', 'revenue': '$65.2M', 'Number of Employees': '344', 'LinkedIn url': 'http://www.linkedin.com/company/expandi-group'}
{'company_name_zoominfo': 'Godfrey', 'website': 'www.godfrey.com', 'headquarters': '40 N Christian St, Lancaster, Pennsylvania, 17602, United States', 'SIC Code': '87,874', 'NAICS Code': '54,541', 'revenue': '$33.5M', 'Number of Employees': '90', 'LinkedIn url': 'http://www.linkedin.com/company/godfrey'}
{'company_name_zoominfo': 'Gravity Global', 'website': 'www.gravityglobal.com', 'headquarters': '220 Förrlibuckstrasse, Zurich, Zurich, CH-8005, Switzerland', 'SIC Code': '73,737', 'NAICS Code': '54,541', 'revenue': '$20.3M', 'Number of Employees': '91', 'LinkedIn url': 'http://www.linkedin.com/company/gravity-global-investments'}
{'company_name_zoominfo': 'Harvard University', 'website': 'www.harvard.edu', 'headquarters': 'Massachusetts Hall, Cambridge, Massachusetts, 02138, United States', 'SIC Code': '82,822', 'NAICS Code': '61,611', 'revenue': '$5.8B', 'Number of Employees': '19,000', 'LinkedIn url': 'http://www.linkedin.com/company/harvard-university'}
renewing ip
429
2605:cdc0:30:1e0:7553:d5f7:2521:1
renewing ip
429
2605:6400:10:1362::2
renewing ip
429
2001:bc8:1860:1419::1
{'company_name_zoominfo': 'Inbox Insight', 'website': 'www.inboxinsight.com', 'headquarters': '1 Exchange Sq Jewry St, Winchester, Hampshire, SO23 8FJ, United Kingdo...', 'SIC Code': '73,738', 'NAICS Code': '54,541', 'revenue': '$25.9M', 'Number of Employees': '83', 'LinkedIn url': 'http://www.linkedin.com/company/inbox-insight'}
{'company_name_zoominfo': 'Kingpin', 'website': 'www.kingpincomms.com', 'headquarters': '3 Wenlock St, London, Essex, N1 7NT, United Kingdom', 'SIC Code': '73,731', 'NAICS Code': '54,541', 'revenue': '$17.7M', 'Number of Employees': '72', 'LinkedIn url': 'http://www.linkedin.com/company/kingpin-communications'}
{'company_name_zoominfo': 'Lead Forensics', 'website': 'www.leadforensics.com', 'headquarters': '2970 Clairmont Rd NE Ste 450, Atlanta, Georgia, 30329, United States', 'SIC Code': '73,737', 'NAICS Code': '54,541', 'revenue': '$29.3M', 'Number of Employees': '448', 'LinkedIn url': 'http://www.linkedin.com/company/leadsclick'}
{'company_name_zoominfo': 'Lesniak Swann', 'website': 'www.lesniakswann.com', 'headquarters': '3 Ridgehouse Dr, Stoke On Trent, Stoke-on-trent, ST1 5SJ, United Kingd...', 'SIC Code': '73,731', 'NAICS Code': '54,541', 'revenue': '<$5M', 'Number of Employees': '<25', 'LinkedIn url': 'http://www.linkedin.com/company/lesniak-swann'}
{'company_name_zoominfo': 'Kamsys Techsolutions', 'website': 'www.kamsysitech.com', 'headquarters': '539 W Commerce St 000, Dallas, Texas, 75208, United States', 'SIC Code': '87,873', 'NAICS Code': '54,541', 'revenue': '$19.4M', 'Number of Employees': '80', 'LinkedIn url': 'http://www.linkedin.com/company/kamsysitech'}
{'company_name_zoominfo': 'Fourth Day', 'website': 'www.fourthday.co.uk', 'headquarters': '30 Great Guildford St, London, Greater London, SE1 0HS, United Kingdom', 'SIC Code': '87,874', 'NAICS Code': '54,541', 'revenue': '$7.1M', 'Number of Employees': '<25', 'LinkedIn url': 'http://www.linkedin.com/company/fourth-day-public-relations'}
{'company_name_zoominfo': 'Brighttail', 'website': 'www.brighttail.com', 'headquarters': '1910 Thomes Ave, Cheyenne, Wyoming, 82001, United States', 'SIC Code': '73,731', 'NAICS Code': '54,541', 'revenue': '<$5M', 'Number of Employees': '33', 'LinkedIn url': 'http://www.linkedin.com/company/brighttail'}
{'company_name_zoominfo': 'Write Right', 'website': 'www.writeright.in', 'headquarters': '#5/1 2nd Cross Shankarapuram, Bangalore, Karnataka, 560 004, India', 'SIC Code': '73,733', 'NAICS Code': '54,541', 'revenue': '$5.1M', 'Number of Employees': '<25', 'LinkedIn url': 'http://www.linkedin.com/company/write-right'}
renewing ip
429
2620:7:6001::122
{'company_name_zoominfo': 'B2B Marketing', 'website': 'www.b2bmarketing.net', 'headquarters': '147-149 Farringdon Rd, London, Greater London, EC1R 3HN, United Kingdo...', 'SIC Code': '73,731', 'NAICS Code': '54,541', 'revenue': '$6.1M', 'Number of Employees': '<25', 'LinkedIn url': 'http://www.linkedin.com/company/b2b-marketing'}
{'company_name_zoominfo': 'The Marketing Pod', 'website': 'www.themarketingpod.co.uk', 'headquarters': 'Pound House Ln, Solihull, Warwickshire, B94 5DF, United Kingdom', 'SIC Code': '73,731', 'NAICS Code': '54,541', 'revenue': '$5.1M', 'Number of Employees': '<25', 'LinkedIn url': 'http://www.linkedin.com/company/the-marketing-pod-we-grow-ideas-'}
{'company_name_zoominfo': 'DG7 Solutions Pvt', 'website': 'www.dg7.in', 'headquarters': 'Off Western Express Hwy, Goregaon East, Maharashtra, 400063, India', 'SIC Code': '87,874', 'NAICS Code': '54,541', 'revenue': '$5.7M', 'Number of Employees': '<25', 'LinkedIn url': 'http://www.linkedin.com/company/dg7-solutions'}
{'company_name_zoominfo': '!not-found', 'website': '!not-found', 'headquarters': '!not-found', 'SIC Code': '!not-found', 'NAICS Code': '!not-found', 'revenue': '!not-found', 'Number of Employees': '!not-found', 'LinkedIn url': '!not-found'}
{'company_name_zoominfo': 'Digitopia', 'website': 'digitopia.agency', 'headquarters': '5431 Avenida Encinas Ste J, Carlsbad, California, 92008, United States', 'SIC Code': '87,874', 'NAICS Code': '54,541', 'revenue': '<$5M', 'Number of Employees': '<25', 'LinkedIn url': 'http://www.linkedin.com/company/digitopiaagency'}
{'company_name_zoominfo': 'Weidert Group', 'website': 'www.weidert.com', 'headquarters': '1107 E South River St, Appleton, Wisconsin, 54915, United States', 'SIC Code': '87,874', 'NAICS Code': '54,541', 'revenue': '$17.3M', 'Number of Employees': '26', 'LinkedIn url': 'http://www.linkedin.com/company/weidert-group'}
{'company_name_zoominfo': 'Silk Software', 'website': 'www.silksoftware.com', 'headquarters': '15440 Laguna Canyon Rd Ste 210, Irvine, California, 92618, United Stat...', 'SIC Code': '73,737', 'NAICS Code': '54,541', 'revenue': '$15.2M', 'Number of Employees': '48', 'LinkedIn url': 'http://www.linkedin.com/company/silk-software-corp.'}
{'company_name_zoominfo': 'Binzhou Nets Tribe', 'website': 'www.netstribe.com', 'headquarters': 'China', 'SIC Code': '79,799', 'NAICS Code': '71,713', 'revenue': '<$5M', 'Number of Employees': '<25', 'LinkedIn url': 'http://www.linkedin.com/company/binzhou-nets-tribe-co-ltd'}
{'company_name_zoominfo': 'The Mezzanine Group', 'website': 'www.mezzaninegrowth.com', 'headquarters': '500 King St. West Ste 300, Toronto, Ontario, M5V 1L9, Canada', 'SIC Code': '87,874', 'NAICS Code': '54,541', 'revenue': '<$5M', 'Number of Employees': '<25', 'LinkedIn url': 'http://www.linkedin.com/company/the-mezzanine-group'}
{'company_name_zoominfo': 'Inbound FinTech', 'website': 'www.inboundfintech.com', 'headquarters': '33 Queen St, London, Greater London, EC4R 1AP, United Kingdom', 'SIC Code': '73,738', 'NAICS Code': '56,561', 'revenue': '<$5M', 'Number of Employees': '<25', 'LinkedIn url': 'http://www.linkedin.com/company/inboundfintech'}
{'company_name_zoominfo': 'Digital Media Stream', 'website': 'www.digitalmediastream.co.uk', 'headquarters': "1 St Peter's Sq, Manchester, England, M2 3AE, United Kingdom", 'SIC Code': '87,874', 'NAICS Code': '54,541', 'revenue': '<$5M', 'Number of Employees': '<25', 'LinkedIn url': 'http://www.linkedin.com/company/social-media-stream-ltd'}
('Connection aborted.', RemoteDisconnected('Remote end closed connection without response'))
<class 'UnboundLocalError'>
error in http://webcache.googleusercontent.com/search?q=cache%3Ahttps%3A%2F%2Fwww.zoominfo.com%2Fc%2Fbrainrider-inc%2F353959871
local variable 'page_content' referenced before assignment
https://www.zoominfo.com/c/brainrider-inc/353959871
{'company_name_zoominfo': '!unknown-error', 'website': '!unknown-error', 'headquarters': '!unknown-error', 'SIC Code': '!unknown-error', 'NAICS Code': '!unknown-error', 'revenue': '!unknown-error', 'Number of Employees': '!unknown-error', 'LinkedIn url': '!unknown-error'}
{'company_name_zoominfo': 'NotAvailable', 'website': 'NotAvailable', 'headquarters': 'NotAvailable', 'SIC Code': 'NotAvailable', 'NAICS Code': 'NotAvailable', 'revenue': 'NotAvailable', 'Number of Employees': 'NotAvailable', 'LinkedIn url': 'NotAvailable'}
renewing ip
429
2a03:e600:100::77
{'company_name_zoominfo': 'Industrie-Contact', 'website': 'www.industrie-contact.de', 'headquarters': '7 Bahrenfelder Marktplatz, Hamburg, Hamburg, 22761, Germany', 'SIC Code': '73,731', 'NAICS Code': '54,541', 'revenue': '$5.2M', 'Number of Employees': '<25', 'LinkedIn url': 'http://www.linkedin.com/company/industrie-contact-ag-public-relations-'}
{'company_name_zoominfo': 'Neo Pr', 'website': 'www.neopr.co.uk', 'headquarters': 'The Stables Fincorrie Farm Winslow Rd, Nash, Buckinghamshire, MK17 0EJ...', 'SIC Code': '87,874', 'NAICS Code': '54,541', 'revenue': '$5M', 'Number of Employees': '<25', 'LinkedIn url': 'http://www.linkedin.com/company/neo-pr'}
{'company_name_zoominfo': 'Leadit Marketing', 'website': 'www.leaditmarketing.com', 'headquarters': '1920 Mckinney Ave Fl 7, Dallas, Texas, 75201, United States', 'SIC Code': '87,874', 'NAICS Code': '54,541', 'revenue': '<$5M', 'Number of Employees': '<25', 'LinkedIn url': 'http://www.linkedin.com/company/leadit-marketing'}
{'company_name_zoominfo': 'New North', 'website': 'www.newnorth.com', 'headquarters': '125 S Carroll St Ste 104, Frederick, Maryland, 21701, United States', 'SIC Code': '87,874', 'NAICS Code': '54,541', 'revenue': '<$5M', 'Number of Employees': '<25', 'LinkedIn url': 'http://www.linkedin.com/company/new-north'}
{'company_name_zoominfo': 'Adjossible', 'website': 'www.adjossible.com', 'headquarters': '2701 N Thanksgiving Way Ste 100, Lehi, Utah, 84043, United States', 'SIC Code': '48,489', 'NAICS Code': '51,517', 'revenue': '<$5M', 'Number of Employees': '<25', 'LinkedIn url': 'http://www.linkedin.com/company/adjossible'}
{'company_name_zoominfo': 'Bharat Calling', 'website': 'www.bharatcalling.in', 'headquarters': 'Hoshangabad, Madhya Pradesh, India', 'SIC Code': '82,822', 'NAICS Code': '61,611', 'revenue': '<$5M', 'Number of Employees': '<25', 'LinkedIn url': '!not-found'}
{'company_name_zoominfo': 'The ABM Agency', 'website': 'www.abmagency.com', 'headquarters': '239 Grant St SE Ste 103, Atlanta, Georgia, 30312, United States', 'SIC Code': '87,874', 'NAICS Code': '54,541', 'revenue': '$6.1M', 'Number of Employees': '<25', 'LinkedIn url': 'http://www.linkedin.com/company/abmagency'}
{'company_name_zoominfo': 'ActiveConversion', 'website': 'www.activeconversion.com', 'headquarters': '115-925 18 Ave NE, Calgary, Alberta, T2E 7T8, Canada', 'SIC Code': '73,731', 'NAICS Code': '54,541', 'revenue': '<$5M', 'Number of Employees': '<25', 'LinkedIn url': 'http://www.linkedin.com/company/activeconversion'}
{'company_name_zoominfo': 'Gateway CFO Solutions', 'website': 'www.linkedselling.com', 'headquarters': '2603 Cherokee St, St. Louis, Missouri, 63118, United States', 'SIC Code': '87,874', 'NAICS Code': '54,541', 'revenue': '$6.3M', 'Number of Employees': '40', 'LinkedIn url': 'http://www.linkedin.com/company/linked-university'}
{'company_name_zoominfo': 'Epic Presence', 'website': 'www.epicpresence.com', 'headquarters': '228 Park Ave S, New York City, New York, 10003, United States', 'SIC Code': '87,874', 'NAICS Code': '54,541', 'revenue': '<$5M', 'Number of Employees': '<25', 'LinkedIn url': 'http://www.linkedin.com/company/epicpresence'}
{'company_name_zoominfo': 'The Brit Agency', 'website': 'www.thebritagency.com', 'headquarters': '570 Bryne Dr Unit M, Barrie, Ontario, L4N 9P6, Canada', 'SIC Code': '87,874', 'NAICS Code': '54,541', 'revenue': '<$5M', 'Number of Employees': '<25', 'LinkedIn url': 'http://www.linkedin.com/company/the-brit-agency'}
{'company_name_zoominfo': 'Publicize', 'website': 'www.publicize.co', 'headquarters': '315 W 36th St, New York City, New York, 10018, United States', 'SIC Code': '87,874', 'NAICS Code': '54,541', 'revenue': '<$5M', 'Number of Employees': '<25', 'LinkedIn url': 'http://www.linkedin.com/company/2558042'}
{'company_name_zoominfo': 'xGrowth', 'website': 'www.xgrowth.com.au', 'headquarters': '3-41 Bridge Rd, Richmond, Victoria, 3121, Australia', 'SIC Code': '67,672', 'NAICS Code': '52,525', 'revenue': '$11.7M', 'Number of Employees': '<25', 'LinkedIn url': 'http://www.linkedin.com/company/xgrowth'}
renewing ip
429
2a03:e600:100::67
{'company_name_zoominfo': 'iD.apps', 'website': 'www.id-apps.fr', 'headquarters': '130-136 Rue De Silly, Boulogne-Billancourt, Ile-de-France, 92100, Fran...', 'SIC Code': '73,737', 'NAICS Code': '54,541', 'revenue': '<$5M', 'Number of Employees': '27', 'LinkedIn url': 'http://www.linkedin.com/company/id-apps'}
{'company_name_zoominfo': 'Fifty Five and Five', 'website': 'www.fiftyfiveandfive.com', 'headquarters': 'The Leather Market Weston St Unit 130G, London, Greater London, SE1 3E...', 'SIC Code': '87,874', 'NAICS Code': '54,541', 'revenue': '<$5M', 'Number of Employees': '<25', 'LinkedIn url': 'http://www.linkedin.com/company/fiftyfiveandfive'}
{'company_name_zoominfo': 'demandDrive', 'website': 'www.demanddrive.com', 'headquarters': '135 Beaver St Ste 308, Waltham, Massachusetts, 02452, United States', 'SIC Code': '73,737', 'NAICS Code': '54,541', 'revenue': '$24.7M', 'Number of Employees': '175', 'LinkedIn url': 'http://www.linkedin.com/company/demanddrive'}
{'company_name_zoominfo': 'Nexuses', 'website': 'www.nexuses.in', 'headquarters': 'Noida, Uttar Pradesh, India', 'SIC Code': '87,874', 'NAICS Code': '54,541', 'revenue': '<$5M', 'Number of Employees': '<25', 'LinkedIn url': 'http://www.linkedin.com/company/nexuses'}
{'company_name_zoominfo': 'ElmMac', 'website': 'www.elmmac.co.za', 'headquarters': 'South Africa', 'SIC Code': '73,737', 'NAICS Code': '51,518', 'revenue': '<$5M', 'Number of Employees': '<25', 'LinkedIn url': '!not-found'}
{'company_name_zoominfo': 'Catalyst Marketing', 'website': 'www.thelyst.com', 'headquarters': '110 Wild Basin Rd Ste 350, Austin, Texas, 78746, United States', 'SIC Code': '87,874', 'NAICS Code': '54,541', 'revenue': '<$5M', 'Number of Employees': '<25', 'LinkedIn url': 'http://www.linkedin.com/company/1358978'}
{'company_name_zoominfo': 'Deeply Digital', 'website': 'www.deeplydigital.com', 'headquarters': '343 N 3rd St, Montrose, Colorado, 81401, United States', 'SIC Code': '17,173', 'NAICS Code': '81,811', 'revenue': '$7.9M', 'Number of Employees': '<25', 'LinkedIn url': 'http://www.linkedin.com/company/271048'}
{'company_name_zoominfo': 'Digits Global', 'website': 'www.digitsglobal.com', 'headquarters': '3355 Lenox Rd NE Ste 750, Atlanta, Georgia, 30326, United States', 'SIC Code': '73,737', 'NAICS Code': '51,517', 'revenue': '$6.6M', 'Number of Employees': '<25', 'LinkedIn url': '!not-found'}
{'company_name_zoominfo': 'NotAvailable', 'website': 'NotAvailable', 'headquarters': 'NotAvailable', 'SIC Code': 'NotAvailable', 'NAICS Code': 'NotAvailable', 'revenue': 'NotAvailable', 'Number of Employees': 'NotAvailable', 'LinkedIn url': 'NotAvailable'}
{'company_name_zoominfo': 'Seventic', 'website': 'www.seventic.com', 'headquarters': '240 Rue Championnet, Paris, Ile de France, 75018, France', 'SIC Code': '73,731', 'NAICS Code': '54,541', 'revenue': '<$5M', 'Number of Employees': '<25', 'LinkedIn url': 'http://www.linkedin.com/company/seventic'}
{'company_name_zoominfo': 'ExtraDigital', 'website': 'www.extradigital.co.uk', 'headquarters': 'Innovation Centre University Rd, Canterbury, Kent, CT2 7FG, United Kin...', 'SIC Code': '73,737', 'NAICS Code': '54,541', 'revenue': '<$5M', 'Number of Employees': '<25', 'LinkedIn url': 'http://www.linkedin.com/company/extra-digital'}
{'company_name_zoominfo': 'BoostRoas Agency', 'website': 'www.boostroas.com', 'headquarters': 'Istanbul, Istanbul, Turkey', 'SIC Code': '73,731', 'NAICS Code': '54,541', 'revenue': '<$5M', 'Number of Employees': '<25', 'LinkedIn url': 'http://www.linkedin.com/company/boostroas'}
{'company_name_zoominfo': 'Digital Trails - Web Design', 'website': 'www.digitaltrails.co.za', 'headquarters': 'South Africa', 'SIC Code': '73,737', 'NAICS Code': '51,518', 'revenue': '<$5M', 'Number of Employees': '<25', 'LinkedIn url': 'http://www.linkedin.com/company/clclick-webdesign'}
renewing ip
429
2620:18c:0:192::135
renewing ip
429
2001:67c:6ec:203:192:42:116:175
renewing ip
429
2001:67c:6ec:203:192:42:116:175
renewing ip
429
2a0b:f4c2:1::1
renewing ip
429
2001:67c:6ec:203:192:42:116:196
renewing ip
429
2001:67c:6ec:203:192:42:116:196
renewing ip
429
2a06:1700:0:12::4
{'company_name_zoominfo': 'Ollo Metrics', 'website': 'www.ollometrics.com', 'headquarters': '301-1350 Burrard St, Vancouver, British Columbia, V6Z 1Z7, Canada', 'SIC Code': '73,731', 'NAICS Code': '54,541', 'revenue': '<$5M', 'Number of Employees': '<25', 'LinkedIn url': 'http://www.linkedin.com/company/ollometrics'}
{'company_name_zoominfo': 'Vereigen Media', 'website': 'www.vereigenmedia.com', 'headquarters': '2 Frederick St, London, Greater London, WC1X 0ND, United Kingdom', 'SIC Code': '73,737', 'NAICS Code': '51,517', 'revenue': '<$5M', 'Number of Employees': '<25', 'LinkedIn url': 'http://www.linkedin.com/company/vereigen-media'}
{'company_name_zoominfo': 'Acumium', 'website': 'www.acumium.com', 'headquarters': '717 John Nolen Dr, Madison, Wisconsin, 53713, United States', 'SIC Code': '73,737', 'NAICS Code': '54,541', 'revenue': '$22.1M', 'Number of Employees': '25', 'LinkedIn url': 'http://www.linkedin.com/company/acumium'}
{'company_name_zoominfo': 'Polaris', 'website': 'www.polaris.com', 'headquarters': '2100 Hwy. 55, Medina, Minnesota, 55340, United States', 'SIC Code': '50,501', 'NAICS Code': '33,336', 'revenue': '$8.3B', 'Number of Employees': '16,000', 'LinkedIn url': 'http://www.linkedin.com/company/polarisinc'}
