{'company_name_zoominfo': 'Dawz Telecom', 'website': 'www.dawztele.com', 'headquarters': '5 Pl De La Belle Rive Ste 710, Laval, Quebec, H7V 1B3, Canada', 'SIC Code': '73,738', 'NAICS Code': '56,561', 'revenue': '<$5M', 'Number of Employees': '<25', 'LinkedIn url': 'http://www.linkedin.com/company/dawz-telecom'}
{'company_name_zoominfo': 'SyncShow', 'website': 'www.syncshow.com', 'headquarters': '1156 Linda St Ste 1, Rocky River, Ohio, 44116, United States', 'SIC Code': '87,874', 'NAICS Code': '54,541', 'revenue': '<$5M', 'Number of Employees': '<25', 'LinkedIn url': 'http://www.linkedin.com/company/syncshow-interactive'}
{'company_name_zoominfo': 'TopSpot', 'website': 'www.topspot.com', 'headquarters': '515 Post Oak Blvd Ste 300, Houston, Texas, 77027, United States', 'SIC Code': '87,874', 'NAICS Code': '54,541', 'revenue': '$35.9M', 'Number of Employees': '125', 'LinkedIn url': 'http://www.linkedin.com/company/96627'}
{'company_name_zoominfo': 'MADigital', 'website': 'www.ma-digital.net', 'headquarters': 'Nbb Tower Government Avenue Block 316, Manama, Capital Governorate, 10...', 'SIC Code': '73,731', 'NAICS Code': '54,541', 'revenue': '<$5M', 'Number of Employees': '<25', 'LinkedIn url': 'http://www.linkedin.com/company/madigital'}
{'company_name_zoominfo': 'Synclarity Digital Pvt', 'website': 'www.synclarity.in', 'headquarters': 'Lokhandwala Andheri West, Mumbai, Maharashtra, 400053, India', 'SIC Code': '73,731', 'NAICS Code': '54,541', 'revenue': '$5.4M', 'Number of Employees': '<25', 'LinkedIn url': 'http://www.linkedin.com/company/synclarity'}
{'company_name_zoominfo': 'Jordan Digital Marketing', 'website': 'www.jordandigitalmarketing.com', 'headquarters': '32 Spikerush Cir, American Canyon, California, 94503, United States', 'SIC Code': '87,874', 'NAICS Code': '54,541', 'revenue': '<$5M', 'Number of Employees': '<25', 'LinkedIn url': 'http://www.linkedin.com/company/jordan-digital-marketing'}
{'company_name_zoominfo': 'Lead Out Gear', 'website': 'www.leadoutgear.com', 'headquarters': 'United States', 'SIC Code': '59,594', 'NAICS Code': '45,451', 'revenue': '<$5M', 'Number of Employees': '<25', 'LinkedIn url': '!not-found'}
{'company_name_zoominfo': 'INBOUND Services', 'website': 'www.inbound-services.com', 'headquarters': '31 Winterhuder Weg, Hamburg, Hamburg, 22085, Germany', 'SIC Code': '47,472', 'NAICS Code': '56,561', 'revenue': '$8.6M', 'Number of Employees': '32', 'LinkedIn url': 'http://www.linkedin.com/company/inbound-services-gmbh'}
{'company_name_zoominfo': 'Mexico Indie', 'website': 'www.mexicoindie.com.mx', 'headquarters': 'Calle 19 Diagonal Hacienda Sodzil Nte, Merida, Yucatan, 97115, Mexico', 'SIC Code': '73,731', 'NAICS Code': '54,541', 'revenue': '<$5M', 'Number of Employees': '<25', 'LinkedIn url': 'http://www.linkedin.com/company/mexicoindie'}
{'company_name_zoominfo': 'Marketscan', 'website': 'www.marketscan.co.uk', 'headquarters': '8 Dukes Court Bognor Rd, Chichester, West Sussex, PO19 8FX, United Kin...', 'SIC Code': '73,733', 'NAICS Code': '54,541', 'revenue': '<$5M', 'Number of Employees': '<25', 'LinkedIn url': 'http://www.linkedin.com/company/marketscan-ltd'}
{'company_name_zoominfo': 'TDInsights', 'website': 'www.tdinsights.com', 'headquarters': '4512 Legacy Dr Ste 100, Plano, Texas, 75024, United States', 'SIC Code': '73,733', 'NAICS Code': '54,541', 'revenue': '$5.1M', 'Number of Employees': '25', 'LinkedIn url': 'http://www.linkedin.com/company/td-insights'}
{'company_name_zoominfo': 'Webgriffe', 'website': 'www.webgriffe.com', 'headquarters': '1 p Via Canale, Casalgrande, 42013, Italy', 'SIC Code': '73,731', 'NAICS Code': '54,541', 'revenue': '<$5M', 'Number of Employees': '<25', 'LinkedIn url': 'http://www.linkedin.com/company/webgriffe-'}
{'company_name_zoominfo': 'AIMG', 'website': 'www.aimg.com', 'headquarters': '1979 Marcus Ave Ste 209, Lake Success, New York, 11042, United States', 'SIC Code': '87,874', 'NAICS Code': '54,541', 'revenue': '$5.3M', 'Number of Employees': '<25', 'LinkedIn url': 'http://www.linkedin.com/company/aimg'}
renewing ip
429
2605:cdc0:30:1e0:7553:d5f7:2521:1
renewing ip
429
2605:6400:10:1362::2
renewing ip
429
2001:bc8:1860:1419::1
{'company_name_zoominfo': 'Ethic Advertising', 'website': 'www.ethic-ads.com', 'headquarters': '1 Forestwood Dr Ste 100, Pittsburgh, Pennsylvania, 15237, United State...', 'SIC Code': '73,731', 'NAICS Code': '54,541', 'revenue': '<$5M', 'Number of Employees': '<25', 'LinkedIn url': 'http://www.linkedin.com/company/ethic-advertising'}
{'company_name_zoominfo': 'Adcore Technologies', 'website': 'www.adcoretechnologies.com', 'headquarters': '68 Macarthur St, Parramatta, New South Wales, 2150, Australia', 'SIC Code': '73,733', 'NAICS Code': '54,541', 'revenue': '$6M', 'Number of Employees': '<25', 'LinkedIn url': 'http://www.linkedin.com/company/adcore-technologies'}
{'company_name_zoominfo': 'Agency', 'website': 'www.agencyinc.co.uk', 'headquarters': 'High St, Kingston, Devon, United Kingdom', 'SIC Code': '73,731', 'NAICS Code': '54,541', 'revenue': '$31.2M', 'Number of Employees': '185', 'LinkedIn url': 'http://www.linkedin.com/company/agencyinc'}
{'company_name_zoominfo': 'Base Creative', 'website': 'www.basecreative.co.uk', 'headquarters': '5-25 Scrutton St, London, Greater London, EC2A 4HJ, United Kingdom', 'SIC Code': '73,738', 'NAICS Code': '56,561', 'revenue': '<$5M', 'Number of Employees': '<25', 'LinkedIn url': 'http://www.linkedin.com/company/base-creative'}
{'company_name_zoominfo': 'Search Nurture', 'website': 'www.searchnurture.com', 'headquarters': '344 Thomas L Berkley Way, Oakland, California, 94612, United States', 'SIC Code': '73,731', 'NAICS Code': '54,541', 'revenue': '<$5M', 'Number of Employees': '<25', 'LinkedIn url': 'http://www.linkedin.com/company/searchnurture'}
{'company_name_zoominfo': 'Brandography', 'website': 'www.brandography.com', 'headquarters': '1911 Nicollet Ave Ste 205, Minneapolis, Minnesota, 55403, United State...', 'SIC Code': '73,737', 'NAICS Code': '54,541', 'revenue': '<$5M', 'Number of Employees': '<25', 'LinkedIn url': 'http://www.linkedin.com/company/brandography-com-llc'}
{'company_name_zoominfo': 'Aunicode International', 'website': 'www.aunicodeinternational.com', 'headquarters': 'India', 'SIC Code': '87,873', 'NAICS Code': '54,541', 'revenue': '<$5M', 'Number of Employees': '<25', 'LinkedIn url': 'http://www.linkedin.com/company/aunicode-international'}
{'company_name_zoominfo': '!not-found', 'website': '!not-found', 'headquarters': '!not-found', 'SIC Code': '!not-found', 'NAICS Code': '!not-found', 'revenue': '!not-found', 'Number of Employees': '!not-found', 'LinkedIn url': '!not-found'}
{'company_name_zoominfo': 'ecentricarts', 'website': 'www.ecentricarts.com', 'headquarters': '317 Adelaide St W Ste 300, Toronto, Ontario, M5V 1P9, Canada', 'SIC Code': '73,731', 'NAICS Code': '54,541', 'revenue': '$5.8M', 'Number of Employees': '<25', 'LinkedIn url': 'http://www.linkedin.com/company/ecentricarts-inc-'}
renewing ip
429
2620:7:6001::122
{'company_name_zoominfo': 'Marcus Thomas', 'website': 'www.marcusthomasllc.com', 'headquarters': '4781 Richmond Rd, Cleveland, Ohio, 44128, United States', 'SIC Code': '73,731', 'NAICS Code': '54,541', 'revenue': '$37M', 'Number of Employees': '152', 'LinkedIn url': 'http://www.linkedin.com/company/marcus-thomas-llc'}
{'company_name_zoominfo': '!not-found', 'website': '!not-found', 'headquarters': '!not-found', 'SIC Code': '!not-found', 'NAICS Code': '!not-found', 'revenue': '!not-found', 'Number of Employees': '!not-found', 'LinkedIn url': '!not-found'}
{'company_name_zoominfo': 'Roketto', 'website': 'www.helloroketto.com', 'headquarters': '201b-269 Bernard Ave, Kelowna, British Columbia, V1Y 6N2, Canada', 'SIC Code': '87,874', 'NAICS Code': '54,541', 'revenue': '<$5M', 'Number of Employees': '<25', 'LinkedIn url': 'http://www.linkedin.com/company/roketto-infosystems'}
{'company_name_zoominfo': 'Human Agency', 'website': 'www.humanagency.org', 'headquarters': '31 N Newstead Ave S, St. Louis, Missouri, 63108, United States', 'SIC Code': '73,737', 'NAICS Code': '51,518', 'revenue': '<$5M', 'Number of Employees': '<25', 'LinkedIn url': '!not-found'}
{'company_name_zoominfo': 'Soap Media', 'website': 'www.soapmedia.co.uk', 'headquarters': "46 Glover's Ct, Preston, Devon, PR1 3LS, United Kingdom", 'SIC Code': '73,731', 'NAICS Code': '54,541', 'revenue': '$6M', 'Number of Employees': '<25', 'LinkedIn url': 'http://www.linkedin.com/company/soap-media-inc-'}
{'company_name_zoominfo': 'SmartBug Media', 'website': 'www.smartbugmedia.com', 'headquarters': 'PO Box 13128, Newport Beach, California, 92658, United States', 'SIC Code': '87,874', 'NAICS Code': '54,541', 'revenue': '$61.2M', 'Number of Employees': '180', 'LinkedIn url': 'http://www.linkedin.com/company/smartbugmedia'}
{'company_name_zoominfo': 'Zen Media', 'website': 'www.zenmedia.com', 'headquarters': '4614 SW 74th Ave, Miami, Florida, 33155, United States', 'SIC Code': '87,874', 'NAICS Code': '54,541', 'revenue': '$7.7M', 'Number of Employees': '<25', 'LinkedIn url': 'http://www.linkedin.com/company/the-marketing-zen-group'}
{'company_name_zoominfo': 'Seer Interactive', 'website': 'www.seerinteractive.com', 'headquarters': '1033 N 2nd St Fl 2, Philadelphia, Pennsylvania, 19123, United States', 'SIC Code': '87,874', 'NAICS Code': '54,541', 'revenue': '$23.1M', 'Number of Employees': '179', 'LinkedIn url': 'http://www.linkedin.com/company/seer-corporation'}
{'company_name_zoominfo': 'Innovation Exchange', 'website': 'www.innovationexchange.com', 'headquarters': '2 Berkeley St Ste 300, Toronto, Ontario, M5A 2W3, Canada', 'SIC Code': '87,874', 'NAICS Code': '54,541', 'revenue': '$45.4M', 'Number of Employees': '222', 'LinkedIn url': 'http://www.linkedin.com/company/ix-innovation-exchange'}
{'company_name_zoominfo': 'BusinessKrafts', 'website': 'www.businesskrafts.com', 'headquarters': 'India', 'SIC Code': '73,731', 'NAICS Code': '54,541', 'revenue': '<$5M', 'Number of Employees': '<25', 'LinkedIn url': 'http://www.linkedin.com/company/businesskrafts'}
{'company_name_zoominfo': 'Vonnda', 'website': 'www.vonnda.com', 'headquarters': '55 New Montgomery St Ste 401, San Francisco, California, 94105, United...', 'SIC Code': '73,733', 'NAICS Code': '54,541', 'revenue': '<$5M', 'Number of Employees': '<25', 'LinkedIn url': 'http://www.linkedin.com/company/vonnda'}
{'company_name_zoominfo': 'Clareville Communication Systems', 'website': 'www.yelp.com/biz/clareville-communication-systems-north-york', 'headquarters': '38 Clareville Cres, North York, Ontario, M2J 2C1, Canada', 'SIC Code': '48,489', 'NAICS Code': '51,517', 'revenue': '<$5M', 'Number of Employees': '<25', 'LinkedIn url': '!not-found'}
('Connection aborted.', RemoteDisconnected('Remote end closed connection without response'))
<class 'UnboundLocalError'>
error in http://webcache.googleusercontent.com/search?q=cache%3Ahttps%3A%2F%2Fwww.zoominfo.com%2Fc%2Fessential-marketer%2F347115899
local variable 'page_content' referenced before assignment
https://www.zoominfo.com/c/essential-marketer/347115899
{'company_name_zoominfo': '!unknown-error', 'website': '!unknown-error', 'headquarters': '!unknown-error', 'SIC Code': '!unknown-error', 'NAICS Code': '!unknown-error', 'revenue': '!unknown-error', 'Number of Employees': '!unknown-error', 'LinkedIn url': '!unknown-error'}
renewing ip
429
2a03:e600:100::77
{'company_name_zoominfo': 'MarkeTechy', 'website': 'www.marketechy.com', 'headquarters': '80 Heroiv Upa, Lviv, 79000, Ukraine', 'SIC Code': '73,737', 'NAICS Code': '51,518', 'revenue': '<$5M', 'Number of Employees': '<25', 'LinkedIn url': 'http://www.linkedin.com/company/marketechy'}
{'company_name_zoominfo': 'Holini', 'website': 'www.holini.com', 'headquarters': '148 Pärnu Mt, Tallinn, 11317, Estonia', 'SIC Code': '73,731', 'NAICS Code': '54,541', 'revenue': '<$5M', 'Number of Employees': '<25', 'LinkedIn url': 'http://www.linkedin.com/company/holini'}
{'company_name_zoominfo': 'Actualize Marketing', 'website': 'www.actualizemktg.com', 'headquarters': '324 Remington St Ste 210, Fort Collins, Colorado, 80524, United States', 'SIC Code': '73,731', 'NAICS Code': '54,541', 'revenue': '<$5M', 'Number of Employees': '<25', 'LinkedIn url': 'http://www.linkedin.com/company/actualize-marketing'}
{'company_name_zoominfo': 'Scandiweb', 'website': 'www.scandiweb.com', 'headquarters': '61 Greenpoint Ave, Brooklyn, New York, 11222, United States', 'SIC Code': '73,737', 'NAICS Code': '54,541', 'revenue': '$15.2M', 'Number of Employees': '53', 'LinkedIn url': 'http://www.linkedin.com/company/scandiweb'}
{'company_name_zoominfo': 'The Content Bureau', 'website': 'www.contentbureau.com', 'headquarters': '75 Donald Dr, Orinda, California, 94563, United States', 'SIC Code': '73,731', 'NAICS Code': '54,541', 'revenue': '<$5M', 'Number of Employees': '<25', 'LinkedIn url': 'http://www.linkedin.com/company/the-content-bureau-inc.'}
{'company_name_zoominfo': 'Minuttia', 'website': 'www.minuttia.com', 'headquarters': 'Greece', 'SIC Code': '72,722', 'NAICS Code': '54,541', 'revenue': '<$5M', 'Number of Employees': '<25', 'LinkedIn url': 'http://www.linkedin.com/company/minuttia'}
{'company_name_zoominfo': 'Xplora', 'website': 'www.xplora.bg', 'headquarters': '6 Benkovski St, Sofia, 1040, Bulgaria', 'SIC Code': '73,731', 'NAICS Code': '54,541', 'revenue': '$15.8M', 'Number of Employees': '41', 'LinkedIn url': 'http://www.linkedin.com/company/xplorabg'}
{'company_name_zoominfo': 'Spear Marketing Group', 'website': 'www.spearmarketing.com', 'headquarters': '1630 N Main St Ste 200, Walnut Creek, California, 94596, United States', 'SIC Code': '87,874', 'NAICS Code': '54,541', 'revenue': '$6.9M', 'Number of Employees': '<25', 'LinkedIn url': 'http://www.linkedin.com/company/spear-marketing-group'}
{'company_name_zoominfo': 'Overdrive Interactive', 'website': 'www.ovrdrv.com', 'headquarters': '38 Everett St Ste 201, Allston, Massachusetts, 02134, United States', 'SIC Code': '87,874', 'NAICS Code': '54,541', 'revenue': '$61.6M', 'Number of Employees': '26', 'LinkedIn url': 'http://www.linkedin.com/company/overdrive-interactive'}
site-not-indexed

{'company_name_zoominfo': '!not-found', 'website': '!not-found', 'headquarters': '!not-found', 'SIC Code': '!not-found', 'NAICS Code': '!not-found', 'revenue': '!not-found', 'Number of Employees': '!not-found', 'LinkedIn url': '!not-found'}
{'company_name_zoominfo': 'Samtext', 'website': 'www.samtext.com', 'headquarters': '97 a Grenseveien, Oslo, Oslo, 0663, Norway', 'SIC Code': '73,738', 'NAICS Code': '54,541', 'revenue': '<$5M', 'Number of Employees': '<25', 'LinkedIn url': 'http://www.linkedin.com/company/samtext-international-text-agency'}
{'company_name_zoominfo': 'BBD Boom', 'website': 'www.bbdboom.com', 'headquarters': 'Parkway House 26 Avenue Rd, Bournemouth, Bournemouth, BH2 5SL, United ...', 'SIC Code': '73,737', 'NAICS Code': '54,541', 'revenue': '<$5M', 'Number of Employees': '<25', 'LinkedIn url': 'http://www.linkedin.com/company/bbdboom'}
{'company_name_zoominfo': 'Somebody Digital', 'website': 'www.somebodydigital.com', 'headquarters': '1 The Concourse Waterloo Sta, London, Greater London, SE1 7LY, United ...', 'SIC Code': '73,731', 'NAICS Code': '54,541', 'revenue': '$5.7M', 'Number of Employees': '<25', 'LinkedIn url': 'http://www.linkedin.com/company/somebody-digital-ltd'}
renewing ip
429
2a03:e600:100::67
{'company_name_zoominfo': 'Nexa', 'website': 'www.nexa.com', 'headquarters': '2001 W Camelback Rd 400, Phoenix, Arizona, 85015, United States', 'SIC Code': '73,738', 'NAICS Code': '56,561', 'revenue': '$80.9M', 'Number of Employees': '306', 'LinkedIn url': 'http://www.linkedin.com/company/answer-1-communications'}
{'company_name_zoominfo': 'Napier Partnership', 'website': 'www.napierb2b.com', 'headquarters': 'Donnington Park House Birdham Rd, Chichester, West Sussex, PO20 7DU, U...', 'SIC Code': '87,874', 'NAICS Code': '54,541', 'revenue': '$5.7M', 'Number of Employees': '<25', 'LinkedIn url': 'http://www.linkedin.com/company/napier-partnership-limited'}
{'company_name_zoominfo': 'NotAvailable', 'website': 'NotAvailable', 'headquarters': 'NotAvailable', 'SIC Code': 'NotAvailable', 'NAICS Code': 'NotAvailable', 'revenue': 'NotAvailable', 'Number of Employees': 'NotAvailable', 'LinkedIn url': 'NotAvailable'}
{'company_name_zoominfo': 'Exertus', 'website': 'www.exertus.fi', 'headquarters': '9c Kampusranta, Seinaejoki, Southern Ostrobothnia, 60320, Finland', 'SIC Code': '36,362', 'NAICS Code': '33,335', 'revenue': '<$5M', 'Number of Employees': '<25', 'LinkedIn url': 'http://www.linkedin.com/company/exertus-oy'}
{'company_name_zoominfo': 'Lead Id', 'website': 'www.leadid.net', 'headquarters': '130 Newport Center Dr Ste 200, Newport Beach, California, 92660, Unite...', 'SIC Code': '73,731', 'NAICS Code': '54,541', 'revenue': '<$5M', 'Number of Employees': '<25', 'LinkedIn url': 'http://www.linkedin.com/company/lead-id-llc'}
{'company_name_zoominfo': 'Igenr8', 'website': 'www.igenr8.com', 'headquarters': '!not-found', 'SIC Code': '72,722', 'NAICS Code': '54,541', 'revenue': '<$5M', 'Number of Employees': '<25', 'LinkedIn url': 'http://www.linkedin.com/company/igenr8'}
{'company_name_zoominfo': 'Avani Media', 'website': 'www.avanimedia.com', 'headquarters': '3343 Perimeter Hill Dr Ste 105, Nashville, Tennessee, 37211, United St...', 'SIC Code': '73,731', 'NAICS Code': '54,541', 'revenue': '<$5M', 'Number of Employees': '<25', 'LinkedIn url': 'http://www.linkedin.com/company/avani-media'}
{'company_name_zoominfo': 'MachBizz', 'website': 'www.machbizz.com', 'headquarters': '1000 N West St Ste 12000, Wilmington, Delaware, 19801, United States', 'SIC Code': '87,873', 'NAICS Code': '54,541', 'revenue': '$36.5M', 'Number of Employees': '165', 'LinkedIn url': 'http://www.linkedin.com/company/machbizz'}
{'company_name_zoominfo': 'Search', 'website': 'www.pointnorthcapital.com', 'headquarters': '211 Yonge St Ste 400, Toronto, Ontario, M5B 1M4, Canada', 'SIC Code': '73,731', 'NAICS Code': '54,541', 'revenue': '$6M', 'Number of Employees': '<25', 'LinkedIn url': 'http://www.linkedin.com/company/powered-by-search'}
{'company_name_zoominfo': 'Demand Curve Marketing', 'website': 'www.demandcurvemarketing.com', 'headquarters': '7950 Southeastern Ave 39417, Indianapolis, Indiana, 46239, United Stat...', 'SIC Code': '73,733', 'NAICS Code': '54,541', 'revenue': '$5.4M', 'Number of Employees': '<25', 'LinkedIn url': 'http://www.linkedin.com/company/demandcurvemarketing-inc'}
{'company_name_zoominfo': 'Elephant Crew', 'website': 'elephantcrew.global', 'headquarters': 'Sri Lanka', 'SIC Code': '58,581', 'NAICS Code': '72,722', 'revenue': '<$5M', 'Number of Employees': '<25', 'LinkedIn url': 'https://www.linkedin.com/company/elephant-crew'}
{'company_name_zoominfo': 'Digital Technologies', 'website': 'www.digitaltech.com', 'headquarters': '45150 Business Ct Ste 550, Sterling, Virginia, 20166, United States', 'SIC Code': '73,737', 'NAICS Code': '54,541', 'revenue': '<$5M', 'Number of Employees': '<25', 'LinkedIn url': '!not-found'}
renewing ip
429
2620:18c:0:192::135
renewing ip
429
2001:67c:6ec:203:192:42:116:175
renewing ip
429
2001:67c:6ec:203:192:42:116:175
renewing ip
429
2a0b:f4c2:1::1
renewing ip
429
2a0b:f4c2:1::1
renewing ip
429
2001:67c:6ec:203:192:42:116:196
renewing ip
429
2a06:1700:0:12::4
{'company_name_zoominfo': 'Onebite', 'website': 'www.onebite.co.uk', 'headquarters': 'Onebite Georgian House 67-71 London Rd Lowr Ground Fl, Newbury Thatcha...', 'SIC Code': '87,874', 'NAICS Code': '54,541', 'revenue': '$5.7M', 'Number of Employees': '<25', 'LinkedIn url': 'http://www.linkedin.com/company/onebite'}
{'company_name_zoominfo': 'Logo Design', 'website': 'www.logodesigninusa.com', 'headquarters': '200 Spectrum Center Dr Ste 300, Irvine, California, 92618, United Stat...', 'SIC Code': '73,733', 'NAICS Code': '54,541', 'revenue': '<$5M', 'Number of Employees': '<25', 'LinkedIn url': '!not-found'}
{'company_name_zoominfo': 'Pigtail Pundits', 'website': 'www.pigtailpundits.com', 'headquarters': '39 Udyog Bhavan Sonawalla Rd, Mumbai, Maharashtra, 400063, India', 'SIC Code': '73,731', 'NAICS Code': '54,541', 'revenue': '<$5M', 'Number of Employees': '<25', 'LinkedIn url': 'http://www.linkedin.com/company/pigtail-pundits'}
