{'company_name_zoominfo': 'TellSell Marketing Services', 'website': 'www.tellsell.com', 'headquarters': '1701 Kipling St, Lakewood, Colorado, 80215, United States', 'SIC Code': '87,874', 'NAICS Code': '54,541', 'revenue': '<$5M', 'Number of Employees': '<25', 'LinkedIn url': '!not-found'}
{'company_name_zoominfo': 'Zealot', 'website': 'www.zealotinc.com', 'headquarters': '6 W 18th St Fl 9, New York, New York, 10011, United States', 'SIC Code': '78,781', 'NAICS Code': '51,512', 'revenue': '$21.4M', 'Number of Employees': '49', 'LinkedIn url': 'http://www.linkedin.com/company/zealot-inc'}
{'company_name_zoominfo': 'Content Boost', 'website': 'www.contentboost.com', 'headquarters': '35 Nutmeg Dr Ste 340, Trumbull, Connecticut, 06611, United States', 'SIC Code': '73,737', 'NAICS Code': '51,518', 'revenue': '<$5M', 'Number of Employees': '<25', 'LinkedIn url': 'http://www.linkedin.com/company/content-boost'}
{'company_name_zoominfo': 'Xeo Marketing', 'website': 'www.xeo.marketing', 'headquarters': '7111 Syntex Dr Fl 3, Mississauga, Ontario, L5N 8C3, Canada', 'SIC Code': '87,874', 'NAICS Code': '54,541', 'revenue': '$5.6M', 'Number of Employees': '<25', 'LinkedIn url': 'http://www.linkedin.com/company/xeo-marketing-and-strategic-consultancy'}
{'company_name_zoominfo': 'Tech Image', 'website': 'www.techimage.com', 'headquarters': '330 N Wabash Ave Ste 1900, Chicago, Illinois, 60611, United States', 'SIC Code': '87,874', 'NAICS Code': '54,541', 'revenue': '$7.4M', 'Number of Employees': '<25', 'LinkedIn url': 'http://www.linkedin.com/company/tech-image'}
{'company_name_zoominfo': 'Expand My Business', 'website': 'www.expandmybiz.com', 'headquarters': '955 N Todd Ave, Azusa, California, 91702, United States', 'SIC Code': '73,738', 'NAICS Code': '56,561', 'revenue': '<$5M', 'Number of Employees': '<25', 'LinkedIn url': '!not-found'}
{'company_name_zoominfo': 'Relequint', 'website': 'www.relequint.com', 'headquarters': '116 W 23rd St Fl 5, New York, New York, 10011, United States', 'SIC Code': '73,731', 'NAICS Code': '54,541', 'revenue': '<$5M', 'Number of Employees': '<25', 'LinkedIn url': 'http://www.linkedin.com/company/relequint'}
{'company_name_zoominfo': 'SkyQuest', 'website': 'www.skyquestcorp.com', 'headquarters': '328 Virginia Ave Ste 134, Nashville, Tennessee, 37216, United States', 'SIC Code': '73,737', 'NAICS Code': '54,541', 'revenue': '<$5M', 'Number of Employees': '<25', 'LinkedIn url': 'http://www.linkedin.com/company/sqinteractive'}
{'company_name_zoominfo': 'Digital Marketry', 'website': 'www.digitalmarketry.com', 'headquarters': 'India', 'SIC Code': '73,737', 'NAICS Code': '81,811', 'revenue': '<$5M', 'Number of Employees': '<25', 'LinkedIn url': 'http://www.linkedin.com/company/digitalmarketry'}
{'company_name_zoominfo': 'Krill Technologies', 'website': 'www.krilltech.com', 'headquarters': '77 Water St, Brooklyn, New York, 11201, United States', 'SIC Code': '87,873', 'NAICS Code': '54,541', 'revenue': '<$5M', 'Number of Employees': '33', 'LinkedIn url': 'http://www.linkedin.com/company/krill-tech'}
{'company_name_zoominfo': 'Kiwi Creative', 'website': 'www.kiwicreative.net', 'headquarters': '22600 Ascoa Ct, Strongsville, Ohio, 44149, United States', 'SIC Code': '87,874', 'NAICS Code': '54,541', 'revenue': '<$5M', 'Number of Employees': '<25', 'LinkedIn url': 'http://www.linkedin.com/company/kiwi-creative-inc'}
{'company_name_zoominfo': '10Fold', 'website': 'www.10fold.com', 'headquarters': '44 Montgomery St Ste 3065, San Francisco, California, 94104, United St...', 'SIC Code': '73,731', 'NAICS Code': '54,541', 'revenue': '$10.3M', 'Number of Employees': '42', 'LinkedIn url': 'http://www.linkedin.com/company/10foldcomms'}
{'company_name_zoominfo': 'DuckMa', 'website': 'www.duckma.com', 'headquarters': '17 Via Naviglio, Brescia, Lombardia, 25086, Italy', 'SIC Code': '73,737', 'NAICS Code': '54,541', 'revenue': '<$5M', 'Number of Employees': '<25', 'LinkedIn url': 'http://www.linkedin.com/company/duckma'}
renewing ip
429
2605:cdc0:30:1e0:7553:d5f7:2521:1
renewing ip
429
2605:6400:10:1362::2
renewing ip
429
2001:bc8:1860:1419::1
{'company_name_zoominfo': 'Technical Associates', 'website': 'www.technicalassociates.com', 'headquarters': '2423 Westgate Dr, Albany, Georgia, 31707, United States', 'SIC Code': '35,359', 'NAICS Code': '33,333', 'revenue': '$41.5M', 'Number of Employees': '168', 'LinkedIn url': 'http://www.linkedin.com/company/technical-associates'}
{'company_name_zoominfo': 'Skydeo', 'website': 'www.skydeo.com', 'headquarters': '401 Congress Ave 1540, Austin, Texas, 78701, United States', 'SIC Code': '73,731', 'NAICS Code': '54,541', 'revenue': '$6M', 'Number of Employees': '<25', 'LinkedIn url': 'http://www.linkedin.com/company/skydeo'}
{'company_name_zoominfo': 'Buzz-Meter', 'website': 'www.buzz-meter.com', 'headquarters': '6715 Hollywood Blvd, Los Angeles, California, 90028, United States', 'SIC Code': '73,731', 'NAICS Code': '54,541', 'revenue': '<$5M', 'Number of Employees': '<25', 'LinkedIn url': 'http://www.linkedin.com/company/buzz-meter'}
{'company_name_zoominfo': 'Oculus Design', 'website': 'www.oculus.co.uk', 'headquarters': '73 London St, Reading, Berkshire, RG1 4QA, United Kingdom', 'SIC Code': '73,731', 'NAICS Code': '54,541', 'revenue': '<$5M', 'Number of Employees': '<25', 'LinkedIn url': 'http://www.linkedin.com/company/oculus-design'}
{'company_name_zoominfo': 'Effective Marketing', 'website': 'www.effectivemarketing-llc.com', 'headquarters': '236 Brown Bear Xing, Acton, Massachusetts, 01718, United States', 'SIC Code': '73,731', 'NAICS Code': '54,541', 'revenue': '<$5M', 'Number of Employees': '<25', 'LinkedIn url': 'http://www.linkedin.com/company/effective-marketing'}
{'company_name_zoominfo': 'Leopard', 'website': 'www.leopardbiz.com', 'headquarters': '550 Reo St Ste 300, Tampa, Florida, 33609, United States', 'SIC Code': '51,513', 'NAICS Code': '42,424', 'revenue': '$10.1M', 'Number of Employees': '47', 'LinkedIn url': 'http://www.linkedin.com/company/leopardbiz'}
{'company_name_zoominfo': 'Equimedia', 'website': 'www.equimedia.co.uk', 'headquarters': 'Swindon Stella Building Windmill Hill Business Park Whitehill Way, Swi...', 'SIC Code': '73,731', 'NAICS Code': '54,541', 'revenue': '$6M', 'Number of Employees': '30', 'LinkedIn url': 'http://www.linkedin.com/company/equipe-media-ltd'}
{'company_name_zoominfo': 'Stein IAS', 'website': 'www.steinias.com', 'headquarters': '432 Park Ave S Fl 16, New York, New York, 10016, United States', 'SIC Code': '73,731', 'NAICS Code': '54,541', 'revenue': '$23.6M', 'Number of Employees': '107', 'LinkedIn url': 'http://www.linkedin.com/company/stein-ias'}
renewing ip
429
2a0b:f4c0:16c:4::1
{'company_name_zoominfo': 'MOI', 'website': 'www.moi-global.com', 'headquarters': '40 Baker St, Weybridge South Ward, Surrey, KT13 8AR, United Kingdom', 'SIC Code': '87,874', 'NAICS Code': '54,541', 'revenue': '$60.1M', 'Number of Employees': '129', 'LinkedIn url': 'http://www.linkedin.com/company/marketing-options-international'}
{'company_name_zoominfo': 'Truth', 'website': 'www.truthinit.com', 'headquarters': '3624 Ocean Ranch Blvd, Oceanside, California, 92056, United States', 'SIC Code': '73,737', 'NAICS Code': '54,541', 'revenue': '$5.2M', 'Number of Employees': '<25', 'LinkedIn url': 'http://www.linkedin.com/company/truth-in-it'}
{'company_name_zoominfo': 'TDA Group', 'website': 'www.tda-group.com', 'headquarters': '175 Bermondsey St, London, Greater London, SE1 3UZ, United Kingdom', 'SIC Code': '73,736', 'NAICS Code': '56,561', 'revenue': '$11.6M', 'Number of Employees': '58', 'LinkedIn url': 'http://www.linkedin.com/company/tda-recruitment-group'}
{'company_name_zoominfo': 'Radius', 'website': 'www.radiuspharm.com', 'headquarters': '22 Boston Wharf Rd Fl 7, Boston, Massachusetts, 02210, United States', 'SIC Code': '28,283', 'NAICS Code': '32,325', 'revenue': '$216.9M', 'Number of Employees': '293', 'LinkedIn url': 'http://www.linkedin.com/company/radius-bank'}
{'company_name_zoominfo': 'iFuel Interactive', 'website': 'www.ifuelinteractive.com', 'headquarters': '276 5th Ave Ste 801, New York, New York, 10001, United States', 'SIC Code': '73,731', 'NAICS Code': '54,541', 'revenue': '<$5M', 'Number of Employees': '<25', 'LinkedIn url': 'http://www.linkedin.com/company/ifuel-interactive'}
{'company_name_zoominfo': 'KEO Marketing', 'website': 'www.keomarketing.com', 'headquarters': '141 E Palm Ln Ste 108, Phoenix, Arizona, 85004, United States', 'SIC Code': '87,874', 'NAICS Code': '54,541', 'revenue': '$5.4M', 'Number of Employees': '<25', 'LinkedIn url': 'http://www.linkedin.com/company/keo-marketing'}
{'company_name_zoominfo': 'Schermer', 'website': 'www.schermer.co', 'headquarters': '12 N 12th St Ste 400, Minneapolis, Minnesota, 55403, United States', 'SIC Code': '73,731', 'NAICS Code': '54,541', 'revenue': '$11.9M', 'Number of Employees': '<25', 'LinkedIn url': 'http://www.linkedin.com/company/schermer-kuehl'}
{'company_name_zoominfo': 'Golden Spiral', 'website': 'www.goldenspiralmarketing.com', 'headquarters': '700 12th Ave S Ste 200, Nashville, Tennessee, 37203, United States', 'SIC Code': '87,874', 'NAICS Code': '54,541', 'revenue': '<$5M', 'Number of Employees': '<25', 'LinkedIn url': 'http://www.linkedin.com/company/golden-spiral-marketing'}
{'company_name_zoominfo': 'Pja Advertising & Marketing', 'website': 'www.agencypja.com', 'headquarters': '12 Arrow St 5, Cambridge, Massachusetts, 02138, United States', 'SIC Code': '87,874', 'NAICS Code': '54,541', 'revenue': '$7.3M', 'Number of Employees': '<25', 'LinkedIn url': 'http://www.linkedin.com/company/pja-advertising---marketing'}
{'company_name_zoominfo': 'Earnest', 'website': 'www.earnest.com', 'headquarters': '303 2nd St Fl 4, San Francisco, California, 94107, United States', 'SIC Code': '62,621', 'NAICS Code': '99,999', 'revenue': '$36.9M', 'Number of Employees': '31', 'LinkedIn url': 'http://www.linkedin.com/company/earnest-inc'}
{'company_name_zoominfo': 'White Rhino', 'website': 'www.whiterhino.com', 'headquarters': '99 Hayden Ave Ste 610, Lexington, Massachusetts, 02421, United States', 'SIC Code': '87,874', 'NAICS Code': '54,541', 'revenue': '<$5M', 'Number of Employees': '<25', 'LinkedIn url': 'http://www.linkedin.com/company/124170'}
{'company_name_zoominfo': 'Fox Agency', 'website': 'fox.agency', 'headquarters': '3-5 Alma Rd, Leeds, Kent, LS6 2AH, United Kingdom', 'SIC Code': '73,731', 'NAICS Code': '54,541', 'revenue': '$5.2M', 'Number of Employees': '<25', 'LinkedIn url': 'http://www.linkedin.com/company/foxagency'}
('Connection aborted.', RemoteDisconnected('Remote end closed connection without response'))
<class 'UnboundLocalError'>
error in http://webcache.googleusercontent.com/search?q=cache%3Ahttps%3A%2F%2Fwww.zoominfo.com%2Fc%2Flewis-purestone%2F413491919
local variable 'page_content' referenced before assignment
https://www.zoominfo.com/c/lewis-purestone/413491919
{'company_name_zoominfo': '!unknown-error', 'website': '!unknown-error', 'headquarters': '!unknown-error', 'SIC Code': '!unknown-error', 'NAICS Code': '!unknown-error', 'revenue': '!unknown-error', 'Number of Employees': '!unknown-error', 'LinkedIn url': '!unknown-error'}
renewing ip
429
2a03:e600:100::77
{'company_name_zoominfo': 'Juicy', 'website': 'www.juicythecow.com', 'headquarters': '!not-found', 'SIC Code': '73,733', 'NAICS Code': '54,541', 'revenue': '$6.2M', 'Number of Employees': '<25', 'LinkedIn url': 'http://www.linkedin.com/company/myjuicy'}
{'company_name_zoominfo': 'Maverick', 'website': 'www.maverick.com', 'headquarters': '331 N Maple Dr Fl 2, Beverly Hills, California, 90210, United States', 'SIC Code': '79,792', 'NAICS Code': '71,711', 'revenue': '$7.1M', 'Number of Employees': '<25', 'LinkedIn url': 'http://www.linkedin.com/company/maverick-tm'}
{'company_name_zoominfo': 'Digital Radish', 'website': 'www.digitalradish.co.uk', 'headquarters': '108 Great Russell St, London, Greater London, WC1B 3NA, United Kingdom', 'SIC Code': '73,731', 'NAICS Code': '54,541', 'revenue': '$5.4M', 'Number of Employees': '25', 'LinkedIn url': 'http://www.linkedin.com/company/digital-radish'}
{'company_name_zoominfo': 'Routes 4 Media', 'website': 'www.routes4media.com', 'headquarters': '42 Upper Berkeley St, London, Essex, W1H 5PW, United Kingdom', 'SIC Code': '73,731', 'NAICS Code': '54,541', 'revenue': '<$5M', 'Number of Employees': '<25', 'LinkedIn url': 'http://www.linkedin.com/company/routes-4-media-ltd'}
{'company_name_zoominfo': 'Schubert B2B', 'website': 'www.schubertb2b.com', 'headquarters': '112 Schubert Dr, Downingtown, Pennsylvania, 19335, United States', 'SIC Code': '73,731', 'NAICS Code': '54,541', 'revenue': '<$5M', 'Number of Employees': '<25', 'LinkedIn url': 'http://www.linkedin.com/company/schubert-communications'}
{'company_name_zoominfo': 'Overground', 'website': 'www.overground.com', 'headquarters': '1713 Cleveland Ave, Charlotte, North Carolina, 28203, United States', 'SIC Code': '73,731', 'NAICS Code': '54,541', 'revenue': '<$5M', 'Number of Employees': '<25', 'LinkedIn url': 'http://www.linkedin.com/company/weareoverground'}
{'company_name_zoominfo': 'Brand Culture', 'website': 'www.brandculture.com', 'headquarters': '2 Embarcadero Ctr Fl 8, San Francisco, California, 94111, United State...', 'SIC Code': '73,733', 'NAICS Code': '54,541', 'revenue': '<$5M', 'Number of Employees': '<25', 'LinkedIn url': 'http://www.linkedin.com/company/brand-culture-company-llc'}
{'company_name_zoominfo': 'JAB Media Solutions Ltd', 'website': 'www.jabmediasolutions.co.uk', 'headquarters': 'The Dock Tobacco Quay Wapping Ln, London, Essex, E1W 2SF, United Kingd...', 'SIC Code': '73,733', 'NAICS Code': '54,541', 'revenue': '$5.1M', 'Number of Employees': '<25', 'LinkedIn url': 'http://www.linkedin.com/company/jab-media-solutions-ltd'}
site-not-indexed

{'company_name_zoominfo': '!not-found', 'website': '!not-found', 'headquarters': '!not-found', 'SIC Code': '!not-found', 'NAICS Code': '!not-found', 'revenue': '!not-found', 'Number of Employees': '!not-found', 'LinkedIn url': '!not-found'}
{'company_name_zoominfo': 'Mower', 'website': 'www.mower.com', 'headquarters': '750 Lexington Ave Fl 9, New York City, New York, 10022, United States', 'SIC Code': '73,731', 'NAICS Code': '54,541', 'revenue': '$64.1M', 'Number of Employees': '170', 'LinkedIn url': 'http://www.linkedin.com/company/eric-mower-associates'}
{'company_name_zoominfo': 'MindTech Services', 'website': 'www.mindtechservices.com', 'headquarters': '3400 Cottage Way Ste G2 1544, Sacramento, California, 95825, United St...', 'SIC Code': '73,737', 'NAICS Code': '54,541', 'revenue': '$10.5M', 'Number of Employees': '32', 'LinkedIn url': 'http://www.linkedin.com/company/mind-tech-services'}
{'company_name_zoominfo': 'Krein', 'website': 'www.krein.it', 'headquarters': '579/b Via Pisana, Florence, Tuscany, 50143, Italy', 'SIC Code': '87,874', 'NAICS Code': '54,541', 'revenue': '<$5M', 'Number of Employees': '<25', 'LinkedIn url': 'http://www.linkedin.com/company/krein'}
{'company_name_zoominfo': 'Humming IMC', 'website': 'www.hummingimc.com', 'headquarters': "Yeoksamdong, Seoul-t'ukpyolsi, Korea, Republic of", 'SIC Code': '73,731', 'NAICS Code': '54,541', 'revenue': '<$5M', 'Number of Employees': '<25', 'LinkedIn url': 'http://www.linkedin.com/company/humming-imc'}
{'company_name_zoominfo': '!not-found', 'website': '!not-found', 'headquarters': '!not-found', 'SIC Code': '!not-found', 'NAICS Code': '!not-found', 'revenue': '!not-found', 'Number of Employees': '!not-found', 'LinkedIn url': '!not-found'}
renewing ip
429
2a03:e600:100::67
{'company_name_zoominfo': 'Ligare Voyages', 'website': 'www.ligarevoyages.com', 'headquarters': 'Japan', 'SIC Code': '47,472', 'NAICS Code': '56,561', 'revenue': '<$5M', 'Number of Employees': '<25', 'LinkedIn url': 'http://www.linkedin.com/company/ligare-voyages-ltd'}
{'company_name_zoominfo': 'Elevation Marketing', 'website': 'www.elevationb2b.com', 'headquarters': '275 E Rivulon Blvd Ste 411, Gilbert, Arizona, 85297, United States', 'SIC Code': '73,731', 'NAICS Code': '54,541', 'revenue': '$6.8M', 'Number of Employees': '27', 'LinkedIn url': 'http://www.linkedin.com/company/elevation-b2b-marketing'}
{'company_name_zoominfo': 'Globe Runner', 'website': 'www.globerunner.com', 'headquarters': '16415 Addison Rd Ste 550, Addison, Texas, 75001, United States', 'SIC Code': '73,737', 'NAICS Code': '54,541', 'revenue': '<$5M', 'Number of Employees': '<25', 'LinkedIn url': 'http://www.linkedin.com/company/globe-runner-seo'}
{'company_name_zoominfo': 'B2B Communications', 'website': 'www.sbtelecoms.co.uk', 'headquarters': 'United Kingdom', 'SIC Code': '73,737', 'NAICS Code': '51,518', 'revenue': '<$5M', 'Number of Employees': '<25', 'LinkedIn url': 'http://www.linkedin.com/company/strictly-business-telecom-ltd'}
{'company_name_zoominfo': 'Pixelo Digital', 'website': 'www.pixelodigital.com', 'headquarters': 'United States', 'SIC Code': '73,731', 'NAICS Code': '54,541', 'revenue': '<$5M', 'Number of Employees': '<25', 'LinkedIn url': 'http://www.linkedin.com/company/pixelodigital'}
{'company_name_zoominfo': '!not-found', 'website': '!not-found', 'headquarters': '!not-found', 'SIC Code': '!not-found', 'NAICS Code': '!not-found', 'revenue': '!not-found', 'Number of Employees': '!not-found', 'LinkedIn url': '!not-found'}
{'company_name_zoominfo': 'Marketo', 'website': 'www.marketo.com', 'headquarters': '901 Mariners Island Blvd Ste 500, San Mateo, California, 94404, United...', 'SIC Code': '73,737', 'NAICS Code': '54,541', 'revenue': '$400M', 'Number of Employees': '838', 'LinkedIn url': 'http://www.linkedin.com/company/marketo'}
{'company_name_zoominfo': 'Merkle', 'website': 'www.merkle.com', 'headquarters': '7001 Columbia Gateway Dr, Columbia, Maryland, 21046, United States', 'SIC Code': '73,731', 'NAICS Code': '54,541', 'revenue': '$1.5B', 'Number of Employees': '14,000', 'LinkedIn url': 'http://www.linkedin.com/company/merkle'}
{'company_name_zoominfo': 'City of Miramar Florida', 'website': 'www.miramarfl.gov', 'headquarters': '2300 Civic Center Pl, Miramar, Florida, 33025, United States', 'SIC Code': '91,911', 'NAICS Code': '92,921', 'revenue': '$54.2M', 'Number of Employees': '707', 'LinkedIn url': 'http://www.linkedin.com/company/452503'}
{'company_name_zoominfo': 'MOI', 'website': 'www.moi-global.com', 'headquarters': '40 Baker St, Weybridge South Ward, Surrey, KT13 8AR, United Kingdom', 'SIC Code': '87,874', 'NAICS Code': '54,541', 'revenue': '$60.1M', 'Number of Employees': '129', 'LinkedIn url': 'http://www.linkedin.com/company/marketing-options-international'}
{'company_name_zoominfo': 'Octopus Group', 'website': 'www.octopusgroup.com', 'headquarters': '33 Holborn, London, Greater London, EC1N 2HT, United Kingdom', 'SIC Code': '67,671', 'NAICS Code': '55,551', 'revenue': '$218.4M', 'Number of Employees': '271', 'LinkedIn url': 'http://www.linkedin.com/company/dragonfly-property-finance'}
renewing ip
429
2620:18c:0:192::135
renewing ip
429
2001:67c:6ec:203:192:42:116:175
renewing ip
429
2001:67c:6ec:203:192:42:116:175
renewing ip
429
2a0b:f4c2:1::1
renewing ip
429
2a0b:f4c2:1::1
renewing ip
429
2001:67c:6ec:203:192:42:116:196
renewing ip
429
2a06:1700:0:12::4
{'company_name_zoominfo': 'Ogilvy', 'website': 'www.ogilvy.com', 'headquarters': '636 11th Ave, New York, New York, 10036, United States', 'SIC Code': '87,874', 'NAICS Code': '54,541', 'revenue': '$1.6B', 'Number of Employees': '7,352', 'LinkedIn url': 'http://www.linkedin.com/company/ogilvy'}
{'company_name_zoominfo': 'ON24', 'website': 'www.on24.com', 'headquarters': '50 Beale St Fl 8, San Francisco, California, 94105, United States', 'SIC Code': '73,737', 'NAICS Code': '54,541', 'revenue': '$202M', 'Number of Employees': '717', 'LinkedIn url': 'http://www.linkedin.com/company/on24'}
{'company_name_zoominfo': 'The Purple Agency', 'website': 'purple.agency', 'headquarters': 'Eni House Basing Vw, Basingstoke, Hampshire, RG21 4YY, United Kingdom', 'SIC Code': '73,731', 'NAICS Code': '54,541', 'revenue': '$23.8M', 'Number of Employees': '107', 'LinkedIn url': 'http://www.linkedin.com/company/the-purple-agency'}
{'company_name_zoominfo': 'Quarry', 'website': 'www.quarrymagazine.com', 'headquarters': '11-15 Buckhurst St, South Melbourne, Victoria, 3205, Australia', 'SIC Code': '27,272', 'NAICS Code': '51,511', 'revenue': '$19.2M', 'Number of Employees': '87', 'LinkedIn url': 'http://www.linkedin.com/company/quarry-magazine'}
