{'company_name_zoominfo': 'Radix Communications', 'website': 'www.radix-communications.com', 'headquarters': 'Jubilee Warehouse Commercial Rd, Penryn, Cornwall, TR10 8AE, United Ki...', 'SIC Code': '48,489', 'NAICS Code': '51,517', 'revenue': '<$5M', 'Number of Employees': '<25', 'LinkedIn url': 'http://www.linkedin.com/company/radix-communications-ltd'}
{'company_name_zoominfo': 'Really B2B', 'website': 'www.reallyb2b.com', 'headquarters': 'Western Rd, Portsmouth, Portsmouth, PO6 3EN, United Kingdom', 'SIC Code': '87,874', 'NAICS Code': '54,541', 'revenue': '$8.7M', 'Number of Employees': '37', 'LinkedIn url': 'http://www.linkedin.com/company/really-b2b'}
{'company_name_zoominfo': 'Red House North America', 'website': 'www.redhouseb2b.com', 'headquarters': '10 Roswell St Ste 200, Alpharetta, Georgia, 30009, United States', 'SIC Code': '87,874', 'NAICS Code': '54,541', 'revenue': '<$5M', 'Number of Employees': '<25', 'LinkedIn url': 'http://www.linkedin.com/company/red-house'}
{'company_name_zoominfo': 'Jefferson Group', 'website': 'www.jefferson-group.com', 'headquarters': '85 Research Dr, Stamford, Connecticut, 06906, United States', 'SIC Code': '65,653', 'NAICS Code': '42,423', 'revenue': '$6.5M', 'Number of Employees': '<25', 'LinkedIn url': 'http://www.linkedin.com/company/jefferson-group-llc'}
{'company_name_zoominfo': 'The Marketing Pod', 'website': 'www.themarketingpod.co.uk', 'headquarters': 'Pound House Ln, Solihull, Warwickshire, B94 5DF, United Kingdom', 'SIC Code': '73,731', 'NAICS Code': '54,541', 'revenue': '$5.1M', 'Number of Employees': '<25', 'LinkedIn url': 'http://www.linkedin.com/company/the-marketing-pod-we-grow-ideas-'}
{'company_name_zoominfo': 'Mx Group', 'website': 'www.themxgroup.com', 'headquarters': '7020 High Grove Blvd, Burr Ridge, Illinois, 60527, United States', 'SIC Code': '87,874', 'NAICS Code': '54,541', 'revenue': '$42.6M', 'Number of Employees': '111', 'LinkedIn url': 'http://www.linkedin.com/company/themxgroup'}
{'company_name_zoominfo': 'The Tele Marketing Co', 'website': 'www.ttmc.co.uk', 'headquarters': '26-27 Regency Sq, Brighton, Cornwall, BN1 2FH, United Kingdom', 'SIC Code': '73,738', 'NAICS Code': '56,561', 'revenue': '$89.4M', 'Number of Employees': '242', 'LinkedIn url': 'http://www.linkedin.com/company/the-telemarketing-company'}
{'company_name_zoominfo': 'Torpedo Group', 'website': 'www.torpedogroup.com', 'headquarters': '12 Melcombe Pl, London, Greater London, NW1 6JJ, United Kingdom', 'SIC Code': '73,731', 'NAICS Code': '54,541', 'revenue': '$8.5M', 'Number of Employees': '35', 'LinkedIn url': 'http://www.linkedin.com/company/torpedo-group-limited'}
{'company_name_zoominfo': 'Transmission', 'website': 'www.transmissionagency.com', 'headquarters': 'Cairo Studios 4 Nile St, London, Essex, N1 7RF, United Kingdom', 'SIC Code': '87,874', 'NAICS Code': '54,541', 'revenue': '$102M', 'Number of Employees': '300', 'LinkedIn url': 'http://www.linkedin.com/company/transmission-b2b'}
{'company_name_zoominfo': 'Twogether', 'website': 'www.wearetwogether.com', 'headquarters': 'Marlow Place Station Rd, Marlow, Buckinghamshire, SL7 1NB, United King...', 'SIC Code': '73,731', 'NAICS Code': '54,541', 'revenue': '<$5M', 'Number of Employees': '<25', 'LinkedIn url': 'http://www.linkedin.com/company/twogether'}
{'company_name_zoominfo': 'BBP', 'website': 'www.bbpsales.com', 'headquarters': '337 Highlandia Dr, Baton Rouge, Louisiana, 70810, United States', 'SIC Code': '50,507', 'NAICS Code': '42,423', 'revenue': '$52.7M', 'Number of Employees': '84', 'LinkedIn url': 'http://www.linkedin.com/company/bbp-sales'}
{'company_name_zoominfo': 'Bcm', 'website': 'www.bcmagency.co.uk', 'headquarters': 'Enterprise House Wrest Park, Silsoe, Bedfordshire, MK45 4HS, United Ki...', 'SIC Code': '73,731', 'NAICS Code': '54,541', 'revenue': '$5M', 'Number of Employees': '<25', 'LinkedIn url': 'http://www.linkedin.com/company/bcmagencyltd'}
{'company_name_zoominfo': 'BIG IDeA', 'website': 'bigidea.one', 'headquarters': 'Ontario, Canada', 'SIC Code': '82,822', 'NAICS Code': '61,611', 'revenue': '<$5M', 'Number of Employees': '<25', 'LinkedIn url': '!not-found'}
renewing ip
429
2605:6400:10:1362::2
renewing ip
429
2605:6400:10:1362::2
renewing ip
429
2001:bc8:1860:1419::1
{'company_name_zoominfo': 'Dun & Bradstreet', 'website': 'www.dnb.com', 'headquarters': '5335 Gate Pkwy, Jacksonville, Florida, 32256, United States', 'SIC Code': '73,737', 'NAICS Code': '54,541', 'revenue': '$2.2B', 'Number of Employees': '6,296', 'LinkedIn url': 'http://www.linkedin.com/company/dun-&-bradstreet'}
{'company_name_zoominfo': 'Expandi Group', 'website': 'www.expandigroup.com', 'headquarters': '38 Craven St, London, Greater London, WC2N 5NG, United Kingdom', 'SIC Code': '87,874', 'NAICS Code': '54,541', 'revenue': '$65.2M', 'Number of Employees': '344', 'LinkedIn url': 'http://www.linkedin.com/company/expandi-group'}
{'company_name_zoominfo': 'Gilroy', 'website': 'www.gilroy-fujitsu.com', 'headquarters': 'Viewpoint Basing Vw, Basingstoke, Hampshire, RG21 4RG, United Kingdom', 'SIC Code': '73,731', 'NAICS Code': '54,541', 'revenue': '$9.6M', 'Number of Employees': '<25', 'LinkedIn url': '!not-found'}
{'company_name_zoominfo': 'iris Worldwide', 'website': 'www.iris-worldwide.com', 'headquarters': '10 Queen Street Pl Fl 3, London, Greater London, EC4R 1BE, United King...', 'SIC Code': '73,731', 'NAICS Code': '54,541', 'revenue': '$221.1M', 'Number of Employees': '920', 'LinkedIn url': 'http://www.linkedin.com/company/iris-international-consulting-llc'}
{'company_name_zoominfo': 'Jabmo', 'website': 'www.jabmo.com', 'headquarters': '18 Rue De Londres, Paris, Ile-de-France, 75009, France', 'SIC Code': '73,737', 'NAICS Code': '51,511', 'revenue': '$5M', 'Number of Employees': '63', 'LinkedIn url': 'http://www.linkedin.com/company/jabmo'}
{'company_name_zoominfo': 'MSQ Partners', 'website': 'www.msqpartners.com', 'headquarters': '90 Tottenham Court Rd, London, Essex, W1T 4TJ, United Kingdom', 'SIC Code': '73,731', 'NAICS Code': '54,541', 'revenue': '$23.2M', 'Number of Employees': '424', 'LinkedIn url': 'http://www.linkedin.com/company/msq-partners'}
{'company_name_zoominfo': 'Revere Agency', 'website': 'www.thisisrevere.com', 'headquarters': 'Alexander House Dedmere Rd, Marlow, Buckinghamshire, SL7 1FX, United K...', 'SIC Code': '73,731', 'NAICS Code': '54,541', 'revenue': '$5.2M', 'Number of Employees': '<25', 'LinkedIn url': 'http://www.linkedin.com/company/this-is-revere'}
renewing ip
429
2620:7:6001::122
{'company_name_zoominfo': 'Selbey Anderson', 'website': 'www.selbeyanderson.com', 'headquarters': '87-88 Turnmill St, London, Greater London, EC1M 5QU, United Kingdom', 'SIC Code': '73,731', 'NAICS Code': '54,541', 'revenue': '$20.1M', 'Number of Employees': '175', 'LinkedIn url': 'http://www.linkedin.com/company/selbey-anderson-ltd'}
{'company_name_zoominfo': 'Skynet Technologies', 'website': 'www.skynettechnologies.com', 'headquarters': '304 S Jones Blvd, Las Vegas, Nevada, 89107, United States', 'SIC Code': '73,737', 'NAICS Code': '54,541', 'revenue': '$15.4M', 'Number of Employees': '38', 'LinkedIn url': 'http://www.linkedin.com/company/skynettechnologies'}
{'company_name_zoominfo': 'Tangent', 'website': 'www.tangent.com', 'headquarters': '191 Airport Blvd, Burlingame, California, 94010, United States', 'SIC Code': '73,737', 'NAICS Code': '51,518', 'revenue': '$6.6M', 'Number of Employees': '30', 'LinkedIn url': 'http://www.linkedin.com/company/tangent-computer'}
{'company_name_zoominfo': 'The Brains', 'website': 'www.thebrainsmarketing.co.uk', 'headquarters': '9 Appold St, London, Greater London, EC2A 2AP, United Kingdom', 'SIC Code': '73,731', 'NAICS Code': '54,541', 'revenue': '$6.1M', 'Number of Employees': '<25', 'LinkedIn url': 'http://www.linkedin.com/company/the-brains-pvt-ltd'}
{'company_name_zoominfo': 'TriComB2B', 'website': 'www.tricomb2b.com', 'headquarters': '109 N Main St Ste 700, Dayton, Ohio, 45402, United States', 'SIC Code': '73,731', 'NAICS Code': '54,541', 'revenue': '<$5M', 'Number of Employees': '26', 'LinkedIn url': 'http://www.linkedin.com/company/tricomb2b'}
{'company_name_zoominfo': 'Turtl', 'website': 'www.turtl.co', 'headquarters': '22 25 Farringdon St, London, Greater London, EC4A 4AB, United Kingdom', 'SIC Code': '73,737', 'NAICS Code': '51,518', 'revenue': '$18.5M', 'Number of Employees': '88', 'LinkedIn url': 'http://www.linkedin.com/company/turtlflipbook'}
{'company_name_zoominfo': 'Two Rivers Marketing', 'website': 'www.tworiversmarketing.com', 'headquarters': '106 E 6th St, Des Moines, Iowa, 50309, United States', 'SIC Code': '87,874', 'NAICS Code': '54,541', 'revenue': '$92.5M', 'Number of Employees': '142', 'LinkedIn url': 'http://www.linkedin.com/company/two-rivers-marketing'}
{'company_name_zoominfo': 'Sinorbis', 'website': 'www.sinorbis.com', 'headquarters': '13-15 Wentworth Ave Ste 202, Sydney, New South Wales, 2000, Australia', 'SIC Code': '73,731', 'NAICS Code': '54,541', 'revenue': '$6.2M', 'Number of Employees': '<25', 'LinkedIn url': 'http://www.linkedin.com/company/sinorbis'}
{'company_name_zoominfo': 'Manta', 'website': 'www.manta.com', 'headquarters': '800 N High St, Columbus, Ohio, 43215, United States', 'SIC Code': '87,873', 'NAICS Code': '54,541', 'revenue': '$16M', 'Number of Employees': '98', 'LinkedIn url': 'http://www.linkedin.com/company/american-imaging-arkansas-'}
{'company_name_zoominfo': 'Bizmark', 'website': 'www.bizmark.org', 'headquarters': '91722 Oregon 104, Warrenton, Oregon, 97146, United States', 'SIC Code': '81,811', 'NAICS Code': '54,541', 'revenue': '<$5M', 'Number of Employees': '<25', 'LinkedIn url': '!not-found'}
{'company_name_zoominfo': 'YOUnion', 'website': 'www.younion.com', 'headquarters': '2780 Enterprise Rd, Reno, Nevada, 89512, United States', 'SIC Code': '55,551', 'NAICS Code': '44,441', 'revenue': '<$5M', 'Number of Employees': '<25', 'LinkedIn url': 'http://www.linkedin.com/company/the-younion'}
{'company_name_zoominfo': 'Torpedo Group', 'website': 'www.torpedogroup.com', 'headquarters': '12 Melcombe Pl, London, Greater London, NW1 6JJ, United Kingdom', 'SIC Code': '73,731', 'NAICS Code': '54,541', 'revenue': '$8.5M', 'Number of Employees': '35', 'LinkedIn url': 'http://www.linkedin.com/company/torpedo-group-limited'}
('Connection aborted.', RemoteDisconnected('Remote end closed connection without response'))
<class 'UnboundLocalError'>
error in http://webcache.googleusercontent.com/search?q=cache%3Ahttps%3A%2F%2Fwww.zoominfo.com%2Fc%2Fantenna-group-inc%2F6704817
local variable 'page_content' referenced before assignment
https://www.zoominfo.com/c/antenna-group-inc/6704817
{'company_name_zoominfo': '!unknown-error', 'website': '!unknown-error', 'headquarters': '!unknown-error', 'SIC Code': '!unknown-error', 'NAICS Code': '!unknown-error', 'revenue': '!unknown-error', 'Number of Employees': '!unknown-error', 'LinkedIn url': '!unknown-error'}
renewing ip
429
2a03:e600:100::77
{'company_name_zoominfo': 'CommScope', 'website': 'www.commscope.com', 'headquarters': '1100 Commscope Pl SE, Hickory, North Carolina, 28602, United States', 'SIC Code': '73,737', 'NAICS Code': '51,517', 'revenue': '$8.9B', 'Number of Employees': '30,000', 'LinkedIn url': 'http://www.linkedin.com/company/commscope'}
{'company_name_zoominfo': 'Content Callout', 'website': 'www.contentcallout.com', 'headquarters': 'Calgary, Alberta, Canada', 'SIC Code': '87,874', 'NAICS Code': '54,541', 'revenue': '$6.1M', 'Number of Employees': '<25', 'LinkedIn url': 'http://www.linkedin.com/company/content-callout'}
{'company_name_zoominfo': 'NET Max', 'website': 'www.netmax-isp.com', 'headquarters': 'Iraq', 'SIC Code': '73,737', 'NAICS Code': '51,517', 'revenue': '<$5M', 'Number of Employees': '<25', 'LinkedIn url': 'http://www.linkedin.com/company/netmax-iraq'}
{'company_name_zoominfo': 'Priority Digital Health', 'website': 'www.prioritydigitalhealth.com', 'headquarters': '1 Royal St, London, Greater London, SE1 7LL, United Kingdom', 'SIC Code': '80,809', 'NAICS Code': '62,621', 'revenue': '<$5M', 'Number of Employees': '<25', 'LinkedIn url': 'http://www.linkedin.com/company/priority-digital-health-ltd'}
{'company_name_zoominfo': 'Rioks', 'website': 'www.rioks.com', 'headquarters': '2220 Meridian Blvd, Minden, Nevada, 89423, United States', 'SIC Code': '87,874', 'NAICS Code': '54,541', 'revenue': '$10.4M', 'Number of Employees': '<25', 'LinkedIn url': 'http://www.linkedin.com/company/rioks-intelligent-marketing-solutions'}
{'company_name_zoominfo': 'Small Biz Triage', 'website': 'www.b2bbandits.com', 'headquarters': '5508 218th St SW, Mountlake Terrace, Washington, 98043, United States', 'SIC Code': '87,874', 'NAICS Code': '54,541', 'revenue': '<$5M', 'Number of Employees': '<25', 'LinkedIn url': 'http://www.linkedin.com/company/small-biz-triage'}
{'company_name_zoominfo': 'Spear', 'website': 'www.spear-inc.net', 'headquarters': '13665 Dulles Technology Dr Ste 120, Herndon, Virginia, 20171, United S...', 'SIC Code': '73,737', 'NAICS Code': '54,541', 'revenue': '$24.3M', 'Number of Employees': '117', 'LinkedIn url': 'http://www.linkedin.com/company/spear-inc-'}
{'company_name_zoominfo': 'Hip B2b', 'website': 'www.hipb2b.com', 'headquarters': '81 Miller Rd Ste 800, Castleton On Hudson, New York, 12033, United Sta...', 'SIC Code': '87,874', 'NAICS Code': '54,541', 'revenue': '<$5M', 'Number of Employees': '<25', 'LinkedIn url': 'http://www.linkedin.com/company/hipb2b'}
{'company_name_zoominfo': 'Lucdigi', 'website': 'www.lucdigi.com', 'headquarters': 'United Kingdom', 'SIC Code': '72,722', 'NAICS Code': '54,541', 'revenue': '<$5M', 'Number of Employees': '<25', 'LinkedIn url': 'http://www.linkedin.com/company/lucdigitalagency'}
{'company_name_zoominfo': 'bol.com', 'website': 'www.bol.com', 'headquarters': '100 Papendorpseweg, Utrecht, Utrecht, 3528 BJ, Netherlands', 'SIC Code': '59,596', 'NAICS Code': '45,454', 'revenue': '$644.4M', 'Number of Employees': '1,938', 'LinkedIn url': 'http://www.linkedin.com/company/11699'}
{'company_name_zoominfo': 'Insivia', 'website': 'www.insivia.com', 'headquarters': '5000 Euclid Ave Ste 102, Cleveland, Ohio, 44103, United States', 'SIC Code': '87,874', 'NAICS Code': '54,541', 'revenue': '<$5M', 'Number of Employees': '<25', 'LinkedIn url': 'http://www.linkedin.com/company/insivia'}
{'company_name_zoominfo': 'Bay Leaf Digital', 'website': 'www.bayleafdigital.com', 'headquarters': '4157 Bedford Rd 100, Bedford, Texas, 76021, United States', 'SIC Code': '73,738', 'NAICS Code': '54,541', 'revenue': '<$5M', 'Number of Employees': '<25', 'LinkedIn url': 'http://www.linkedin.com/company/bay-leaf-digital'}
{'company_name_zoominfo': 'OMNILAB', 'website': 'www.omnilab.de', 'headquarters': '130 Hauptstraße, Markkleeberg, Saxony, 04416, Germany', 'SIC Code': '50,504', 'NAICS Code': '42,423', 'revenue': '$7.4M', 'Number of Employees': '30', 'LinkedIn url': 'http://www.linkedin.com/company/-technolab'}
renewing ip
429
2a03:e600:100::67
{'company_name_zoominfo': 'Sea Grass Marketers', 'website': 'www.seagrassmarketers.com', 'headquarters': '3422 Old Capitol Trl Ste 1827, Wilmington, Delaware, 19808, United Sta...', 'SIC Code': '73,733', 'NAICS Code': '54,541', 'revenue': '<$5M', 'Number of Employees': '<25', 'LinkedIn url': '!not-found'}
{'company_name_zoominfo': 'Lion Asia Thailand', 'website': 'www.lionasia.co.th', 'headquarters': 'Thailand', 'SIC Code': '34,342', 'NAICS Code': '33,332', 'revenue': '$12.4M', 'Number of Employees': '158', 'LinkedIn url': 'http://www.linkedin.com/company/lion-asia-thailand-co-ltd-'}
{'company_name_zoominfo': 'Bright Innovation', 'website': 'www.bright-innovation.com', 'headquarters': '333 E Carson St Ste 527, Pittsburgh, Pennsylvania, 15219, United State...', 'SIC Code': '87,873', 'NAICS Code': '54,541', 'revenue': '<$5M', 'Number of Employees': '<25', 'LinkedIn url': 'http://www.linkedin.com/company/bright-innovation'}
{'company_name_zoominfo': 'Posters', 'website': 'www.postersinc.com', 'headquarters': '214 Maple St, Holyoke, Massachusetts, 01040, United States', 'SIC Code': '51,511', 'NAICS Code': '42,424', 'revenue': '<$5M', 'Number of Employees': '<25', 'LinkedIn url': 'http://www.linkedin.com/company/posters-inc'}
{'company_name_zoominfo': 'Linked Marketing', 'website': 'www.link4leads.com', 'headquarters': '5000 Euclid Ave Ste 102, Cleveland, Ohio, 44103, United States', 'SIC Code': '73,731', 'NAICS Code': '54,541', 'revenue': '<$5M', 'Number of Employees': '<25', 'LinkedIn url': 'https://www.linkedin.com/company/link4leads'}
{'company_name_zoominfo': 'Trevelino/Keller', 'website': 'www.trevelinokeller.com', 'headquarters': '981 Joseph E Lowery Blvd NW Ste 100, Atlanta, Georgia, 30318, United S...', 'SIC Code': '87,874', 'NAICS Code': '54,541', 'revenue': '$10.2M', 'Number of Employees': '<25', 'LinkedIn url': 'http://www.linkedin.com/company/trevelinokeller-communications-group'}
{'company_name_zoominfo': 'Riverbed Marketing', 'website': 'www.riverbedmarketing.com', 'headquarters': '1090 Homer St #300a, Vancouver, British Columbia, V6B 2W9, Canada', 'SIC Code': '87,874', 'NAICS Code': '54,541', 'revenue': '<$5M', 'Number of Employees': '<25', 'LinkedIn url': 'http://www.linkedin.com/company/riverbed-marketing'}
{'company_name_zoominfo': 'SmartSearch Marketing', 'website': 'www.aviddemand.com', 'headquarters': '4450 Arapahoe Ave Ste 100, Boulder, Colorado, 80303, United States', 'SIC Code': '87,874', 'NAICS Code': '54,541', 'revenue': '<$5M', 'Number of Employees': '<25', 'LinkedIn url': 'http://www.linkedin.com/company/149284'}
{'company_name_zoominfo': 'NotAvailable', 'website': 'NotAvailable', 'headquarters': 'NotAvailable', 'SIC Code': 'NotAvailable', 'NAICS Code': 'NotAvailable', 'revenue': 'NotAvailable', 'Number of Employees': 'NotAvailable', 'LinkedIn url': 'NotAvailable'}
{'company_name_zoominfo': 'Black Snow Public Relations', 'website': 'www.blacksnowpublicrelations.co.za', 'headquarters': 'South Africa', 'SIC Code': '87,874', 'NAICS Code': '54,541', 'revenue': '<$5M', 'Number of Employees': '<25', 'LinkedIn url': 'https://www.linkedin.com/company/black-snow-group'}
{'company_name_zoominfo': 'TINGE Magazine', 'website': 'www.tingemagazine.org', 'headquarters': '1114 Polett Walk, Philadelphia, Pennsylvania, 19122, United States', 'SIC Code': '51,519', 'NAICS Code': '42,424', 'revenue': '<$5M', 'Number of Employees': '<25', 'LinkedIn url': '!not-found'}
{'company_name_zoominfo': 'Victorious', 'website': 'www.victoriousincapemay.com', 'headquarters': '33 Perry St, Cape May, New Jersey, 08204, United States', 'SIC Code': '59,594', 'NAICS Code': '44,448', 'revenue': '<$5M', 'Number of Employees': '<25', 'LinkedIn url': '!not-found'}
renewing ip
429
2620:18c:0:192::135
renewing ip
429
2001:67c:6ec:203:192:42:116:175
renewing ip
429
2001:67c:6ec:203:192:42:116:175
renewing ip
429
2a0b:f4c2:1::1
renewing ip
429
2a0b:f4c2:1::1
renewing ip
429
2001:67c:6ec:203:192:42:116:196
renewing ip
429
2a06:1700:0:12::4
{'company_name_zoominfo': 'Razor Rank', 'website': 'www.razorrank.com', 'headquarters': '4800 N Federal Hwy Ste D100, Boca Raton, Florida, 33431, United States', 'SIC Code': '87,874', 'NAICS Code': '54,541', 'revenue': '$6.2M', 'Number of Employees': '25', 'LinkedIn url': 'http://www.linkedin.com/company/razor-rank-llc'}
{'company_name_zoominfo': 'Bop Design', 'website': 'www.bopdesign.com', 'headquarters': '610 W Ash St Ste 706, San Diego, California, 92101, United States', 'SIC Code': '73,737', 'NAICS Code': '54,541', 'revenue': '$13.5M', 'Number of Employees': '<25', 'LinkedIn url': 'http://www.linkedin.com/company/bop-design'}
{'company_name_zoominfo': 'Solid Digital', 'website': 'www.soliddigital.com', 'headquarters': '200 SW Market St 975, Portland, Oregon, 97201, United States', 'SIC Code': '73,737', 'NAICS Code': '54,541', 'revenue': '$6.6M', 'Number of Employees': '<25', 'LinkedIn url': 'http://www.linkedin.com/company/solid_digital'}
{'company_name_zoominfo': 'Tendo Communications', 'website': 'www.tendocom.com', 'headquarters': '535 Mission St Fl 19, San Francisco, California, 94105, United States', 'SIC Code': '48,489', 'NAICS Code': '51,517', 'revenue': '$5.7M', 'Number of Employees': '<25', 'LinkedIn url': 'http://www.linkedin.com/company/tendo-communications'}
{'company_name_zoominfo': 'Sculpt', 'website': 'www.wearesculpt.com', 'headquarters': '201 E Washington St Unit 1002, Iowa City, Iowa, 52240, United States', 'SIC Code': '48,489', 'NAICS Code': '51,517', 'revenue': '<$5M', 'Number of Employees': '<25', 'LinkedIn url': 'http://www.linkedin.com/company/sculpt-llc'}
