{'company_name_zoominfo': 'WideFoc.us', 'website': 'www.widefoc.us', 'headquarters': '1513 Boulder St, Denver, Colorado, 80211, United States', 'SIC Code': '48,489', 'NAICS Code': '51,517', 'revenue': '<$5M', 'Number of Employees': '<25', 'LinkedIn url': 'http://www.linkedin.com/company/widefoc.us'}
{'company_name_zoominfo': 'HIGH VOLTAGE SEO', 'website': 'www.hvseo.co', 'headquarters': '2501w Behrend Dr, Phoenix, Arizona, 85027, United States', 'SIC Code': '87,874', 'NAICS Code': '54,541', 'revenue': '<$5M', 'Number of Employees': '<25', 'LinkedIn url': 'http://www.linkedin.com/company/high-voltage-seo'}
{'company_name_zoominfo': "MacRAE'S", 'website': 'www.macraes.com', 'headquarters': '13972 Maple Cir, Strongsville, Ohio, 44136, United States', 'SIC Code': '73,737', 'NAICS Code': '51,517', 'revenue': '$9.2M', 'Number of Employees': '43', 'LinkedIn url': 'http://www.linkedin.com/company/owen-media-partners'}
{'company_name_zoominfo': 'Whites', 'website': 'www.whites.net', 'headquarters': '4104 Northern Ring Rd, Al Wadi, Riyadh Region, 13313-6671, Saudi Arabi...', 'SIC Code': '73,738', 'NAICS Code': '56,561', 'revenue': '$283M', 'Number of Employees': '1,040', 'LinkedIn url': 'http://www.linkedin.com/company/whites-pharmacy'}
{'company_name_zoominfo': 'GoingClear', 'website': 'www.goingclear.com', 'headquarters': '175 William F Mcclellan Hwy Ste 1, Boston, Massachusetts, 02128, Unite...', 'SIC Code': '73,737', 'NAICS Code': '54,541', 'revenue': '<$5M', 'Number of Employees': '<25', 'LinkedIn url': 'http://www.linkedin.com/company/goingclear-interactive'}
{'company_name_zoominfo': 'Arketi Group', 'website': 'www.arketi.com', 'headquarters': '2801 Buford Hwy NE Ste 450, Atlanta, Georgia, 30329, United States', 'SIC Code': '87,874', 'NAICS Code': '54,541', 'revenue': '$12.5M', 'Number of Employees': '<25', 'LinkedIn url': 'http://www.linkedin.com/company/arketi-group'}
{'company_name_zoominfo': 'DemandLab', 'website': 'www.demandlab.com', 'headquarters': '610 Old York Rd Ste 400, Jenkintown, Pennsylvania, 19046, United State...', 'SIC Code': '87,874', 'NAICS Code': '54,541', 'revenue': '<$5M', 'Number of Employees': '<25', 'LinkedIn url': 'http://www.linkedin.com/company/demandlab'}
{'company_name_zoominfo': 'Speakeasy Creative Group', 'website': 'www.speakeasycreativegroup.com', 'headquarters': '31 Argonne Ave, Long Beach, California, 90803, United States', 'SIC Code': '73,731', 'NAICS Code': '54,541', 'revenue': '<$5M', 'Number of Employees': '<25', 'LinkedIn url': '!not-found'}
{'company_name_zoominfo': 'Salescast', 'website': 'www.salescast.co', 'headquarters': '1730 E Holly Ave Ste 749, El Segundo, California, 90245, United States', 'SIC Code': '73,738', 'NAICS Code': '56,561', 'revenue': '<$5M', 'Number of Employees': '<25', 'LinkedIn url': 'http://www.linkedin.com/company/get-salescast'}
{'company_name_zoominfo': 'Integrated Marketing Services', 'website': 'www.intmarkserv.com', 'headquarters': '4682 Crossroads Park Dr, Liverpool, New York, 13088, United States', 'SIC Code': '73,731', 'NAICS Code': '54,541', 'revenue': '$6.4M', 'Number of Employees': '<25', 'LinkedIn url': 'http://www.linkedin.com/company/integrated-marketing-services-inc-'}
{'company_name_zoominfo': 'SmarkLabs', 'website': 'www.smarklabs.com', 'headquarters': '600 W Jackson Blvd Ste 100, Chicago, Illinois, 60661, United States', 'SIC Code': '87,874', 'NAICS Code': '54,541', 'revenue': '<$5M', 'Number of Employees': '<25', 'LinkedIn url': 'http://www.linkedin.com/company/smarklabs'}
{'company_name_zoominfo': 'Viruni Capital', 'website': 'www.virunicapital.com', 'headquarters': '!not-found', 'SIC Code': '62,628', 'NAICS Code': '52,523', 'revenue': '<$5M', 'Number of Employees': '<25', 'LinkedIn url': '!not-found'}
{'company_name_zoominfo': 'The Smarketers', 'website': 'www.thesmarketers.com', 'headquarters': 'The Platina A1004 Fl 10, Manuu, Telangana, 500032, India', 'SIC Code': '73,738', 'NAICS Code': '56,561', 'revenue': '<$5M', 'Number of Employees': '<25', 'LinkedIn url': 'http://www.linkedin.com/company/the-smarketers'}
renewing ip
429
2605:cdc0:30:1e0:7553:d5f7:2521:1
renewing ip
429
2605:6400:10:1362::2
renewing ip
429
2001:bc8:1860:1419::1
{'company_name_zoominfo': 'Ministry Of Fish', 'website': 'www.ministryoffish.com', 'headquarters': '9a The Close, Winchester, Hampshire, SO23 9LS, United Kingdom', 'SIC Code': '73,731', 'NAICS Code': '54,541', 'revenue': '<$5M', 'Number of Employees': '<25', 'LinkedIn url': 'http://www.linkedin.com/company/831828'}
{'company_name_zoominfo': 'Wyatt International', 'website': 'www.wyattinternational.com', 'headquarters': '86-90 Paul St, London, Greater London, EC2A 4NE, United Kingdom', 'SIC Code': '73,731', 'NAICS Code': '54,541', 'revenue': '<$5M', 'Number of Employees': '<25', 'LinkedIn url': 'http://www.linkedin.com/company/wyatt-international'}
{'company_name_zoominfo': 'Bluetext', 'website': 'www.bluetext.com', 'headquarters': '2121 Wisconsin Ave NW Ste 320, Washington, District of Columbia, 20007...', 'SIC Code': '73,731', 'NAICS Code': '54,541', 'revenue': '$21.1M', 'Number of Employees': '<25', 'LinkedIn url': 'http://www.linkedin.com/company/bluetext'}
{'company_name_zoominfo': 'Millennium Agency', 'website': 'mill.agency', 'headquarters': '500 N Commercial St Ste 502P, Manchester, New Hampshire, 03101, United...', 'SIC Code': '73,731', 'NAICS Code': '54,541', 'revenue': '<$5M', 'Number of Employees': '<25', 'LinkedIn url': 'http://www.linkedin.com/company/millagency'}
{'company_name_zoominfo': 'Idea Grove', 'website': 'www.ideagrove.com', 'headquarters': '16000 Dallas Pkwy Ste 200, Dallas, Texas, 75248, United States', 'SIC Code': '87,874', 'NAICS Code': '54,541', 'revenue': '<$5M', 'Number of Employees': '<25', 'LinkedIn url': 'http://www.linkedin.com/company/idea-grove'}
{'company_name_zoominfo': 'Baunfire', 'website': 'www.baunfire.com', 'headquarters': '75 E Santa Clara St Ste 1425, San Jose, California, 95113, United Stat...', 'SIC Code': '73,733', 'NAICS Code': '54,541', 'revenue': '<$5M', 'Number of Employees': '<25', 'LinkedIn url': 'http://www.linkedin.com/company/baunfire'}
{'company_name_zoominfo': 'GEL Studios', 'website': 'www.gelstudios.co.uk', 'headquarters': '8 Lancaster Pl Unit, Swindon, Swindon, SN3 4UQ, United Kingdom', 'SIC Code': '73,733', 'NAICS Code': '54,541', 'revenue': '<$5M', 'Number of Employees': '<25', 'LinkedIn url': 'http://www.linkedin.com/company/gel-studios'}
renewing ip
429
2620:7:6001::122
{'company_name_zoominfo': 'Anyday', 'website': 'www.anydaycollective.com', 'headquarters': '332 Bleecker St 163, New York, New York, 10014, United States', 'SIC Code': '78,781', 'NAICS Code': '51,512', 'revenue': '<$5M', 'Number of Employees': '<25', 'LinkedIn url': '!not-found'}
{'company_name_zoominfo': 'Borenstein Group', 'website': 'www.borensteingroup.com', 'headquarters': '8230 Leesburg Pike Ste 520, Vienna, Virginia, 22182, United States', 'SIC Code': '73,731', 'NAICS Code': '54,541', 'revenue': '<$5M', 'Number of Employees': '<25', 'LinkedIn url': 'http://www.linkedin.com/company/the-borenstein-group'}
{'company_name_zoominfo': 'Nu Creative', 'website': 'www.nucreativeco.com', 'headquarters': 'United States', 'SIC Code': '73,738', 'NAICS Code': '54,541', 'revenue': '<$5M', 'Number of Employees': '<25', 'LinkedIn url': '!not-found'}
{'company_name_zoominfo': 'Clipatize', 'website': 'www.clipatize.com', 'headquarters': '6 Pilicka, Warsaw, Masovian Voivodeship, 02-629, Poland', 'SIC Code': '73,731', 'NAICS Code': '54,541', 'revenue': '$5.6M', 'Number of Employees': '<25', 'LinkedIn url': 'http://www.linkedin.com/company/clipatize'}
{'company_name_zoominfo': 'Red Fan Communications', 'website': 'www.redfancommunications.com', 'headquarters': '200 E 32nd St, Austin, Texas, 78705, United States', 'SIC Code': '87,874', 'NAICS Code': '54,541', 'revenue': '<$5M', 'Number of Employees': '<25', 'LinkedIn url': 'http://www.linkedin.com/company/red-fan-communications-llc'}
{'company_name_zoominfo': 'Public Relations', 'website': 'www.10to1pr.com', 'headquarters': '7320 E Butherus Dr Ste 205, Scottsdale, Arizona, 85260, United States', 'SIC Code': '87,874', 'NAICS Code': '54,541', 'revenue': '<$5M', 'Number of Employees': '<25', 'LinkedIn url': 'http://www.linkedin.com/company/10-to-1-public-relations'}
{'company_name_zoominfo': 'Berkeley Communications', 'website': 'www.berkcom.com', 'headquarters': '801 Addison St, Berkeley, California, 94710, United States', 'SIC Code': '48,489', 'NAICS Code': '51,517', 'revenue': '$26.3M', 'Number of Employees': '40', 'LinkedIn url': 'http://www.linkedin.com/company/berkeley-communications'}
{'company_name_zoominfo': 'Qream Design Agency', 'website': 'www.theqream.com', 'headquarters': 'Ukraine', 'SIC Code': '73,738', 'NAICS Code': '54,541', 'revenue': '<$5M', 'Number of Employees': '<25', 'LinkedIn url': 'http://www.linkedin.com/company/qreamdesign'}
{'company_name_zoominfo': 'Backroom', 'website': 'www.backroom.io', 'headquarters': '2606 Foster Ave, Baltimore, Maryland, 21224, United States', 'SIC Code': '73,731', 'NAICS Code': '54,541', 'revenue': '<$5M', 'Number of Employees': '<25', 'LinkedIn url': 'http://www.linkedin.com/company/backroom-io'}
{'company_name_zoominfo': 'ReSound GN', 'website': 'www.resound.com', 'headquarters': '7 Lautrupbjerg, Ballerup, Region Hovedstaden, 2750, Denmark', 'SIC Code': '38,384', 'NAICS Code': '33,334', 'revenue': '$2.2B', 'Number of Employees': '7,228', 'LinkedIn url': 'http://www.linkedin.com/company/resound'}
{'company_name_zoominfo': 'Maven Collective Marketing', 'website': 'www.mavencollectivemarketing.com', 'headquarters': '38551 Loggers Ln, Squamish, British Columbia, V8B 0H2, Canada', 'SIC Code': '87,874', 'NAICS Code': '54,541', 'revenue': '<$5M', 'Number of Employees': '<25', 'LinkedIn url': 'http://www.linkedin.com/company/maven-collective-marketing'}
{'company_name_zoominfo': 'Praxis Communications', 'website': 'www.praxisagency.com', 'headquarters': '2600 Philmont Ave Ste 111, Huntingdon Valley, Pennsylvania, 19006, Uni...', 'SIC Code': '48,489', 'NAICS Code': '51,517', 'revenue': '$6.2M', 'Number of Employees': '<25', 'LinkedIn url': 'http://www.linkedin.com/company/praxis-communications'}
{'company_name_zoominfo': 'Rostrum', 'website': 'rostrum.agency', 'headquarters': '8 Rosebery Ave, London, Greater London, EC1R 4TD, United Kingdom', 'SIC Code': '73,737', 'NAICS Code': '51,518', 'revenue': '$14M', 'Number of Employees': '71', 'LinkedIn url': 'http://www.linkedin.com/company/rostrum-communications'}
SOCKSHTTPConnectionPool(host='www.google.com', port=80): Max retries exceeded with url: /sorry/index?continue=http://webcache.googleusercontent.com/search%3Fq%3Dcache%253Ahttps%253A%252F%252Fwww.zoominfo.com%252Fc%252Fthe-scott-partnership-ltd%252F134693088&q=EhAqC_TAAWwABAAAAAAAAAABGJvZjKEGIjAiEovi2l7SnHo2NDGxBKyFMufOidhUM9Pz6hnL9va3f5DFZr06dsa1ejFdiEXo44EyAXI (Caused by NewConnectionError('<urllib3.contrib.socks.SOCKSConnection object at 0x7fb3a02dd9f0>: Failed to establish a new connection: 0x01: General SOCKS server failure'))
<class 'UnboundLocalError'>
error in http://webcache.googleusercontent.com/search?q=cache%3Ahttps%3A%2F%2Fwww.zoominfo.com%2Fc%2Fthe-scott-partnership-ltd%2F134693088
local variable 'page_content' referenced before assignment
https://www.zoominfo.com/c/the-scott-partnership-ltd/134693088
{'company_name_zoominfo': '!unknown-error', 'website': '!unknown-error', 'headquarters': '!unknown-error', 'SIC Code': '!unknown-error', 'NAICS Code': '!unknown-error', 'revenue': '!unknown-error', 'Number of Employees': '!unknown-error', 'LinkedIn url': '!unknown-error'}
renewing ip
429
2a03:e600:100::77
site-not-indexed

{'company_name_zoominfo': '!not-found', 'website': '!not-found', 'headquarters': '!not-found', 'SIC Code': '!not-found', 'NAICS Code': '!not-found', 'revenue': '!not-found', 'Number of Employees': '!not-found', 'LinkedIn url': '!not-found'}
{'company_name_zoominfo': 'BizWorks', 'website': 'www.bizworks.co', 'headquarters': '!not-found', 'SIC Code': '87,874', 'NAICS Code': '54,541', 'revenue': '<$5M', 'Number of Employees': '<25', 'LinkedIn url': 'http://www.linkedin.com/company/bizworks-'}
{'company_name_zoominfo': 'NC Marketing & Advertising 201403123082', 'website': 'ncma.asia', 'headquarters': '!not-found', 'SIC Code': '73,731', 'NAICS Code': '54,541', 'revenue': '<$5M', 'Number of Employees': '<25', 'LinkedIn url': 'http://www.linkedin.com/company/ncma-asia'}
{'company_name_zoominfo': 'HYPE Dhaka', 'website': 'www.hypedhaka.com', 'headquarters': '10 Mirpur Dohs, Dhaka, Dhaka, Bangladesh', 'SIC Code': '73,731', 'NAICS Code': '54,541', 'revenue': '<$5M', 'Number of Employees': '<25', 'LinkedIn url': 'https://www.linkedin.com/company/hypedhaka'}
{'company_name_zoominfo': 'Retina', 'website': 'www.grupporetina.com', 'headquarters': '42 Via Carpignola, Cattolica, Emilia-Romagna, 47841, Italy', 'SIC Code': '80,801', 'NAICS Code': '62,621', 'revenue': '<$5M', 'Number of Employees': '<25', 'LinkedIn url': 'http://www.linkedin.com/company/papalinispa'}
{'company_name_zoominfo': 'The McConnell Group', 'website': 'www.themccgroup.com', 'headquarters': '1901 Research Blvd Ste 502, Rockville, Maryland, 20850, United States', 'SIC Code': '87,873', 'NAICS Code': '54,541', 'revenue': '$14.9M', 'Number of Employees': '56', 'LinkedIn url': 'http://www.linkedin.com/company/the-mcconnell-group-inc'}
{'company_name_zoominfo': 'Spider', 'website': 'www.spiderstaging.com', 'headquarters': '620 SW E Ave 200, Lawton, Oklahoma, 73501, United States', 'SIC Code': '35,353', 'NAICS Code': '33,333', 'revenue': '$26.2M', 'Number of Employees': '55', 'LinkedIn url': 'http://www.linkedin.com/company/3021295'}
{'company_name_zoominfo': 'RedRover', 'website': 'www.redrovercompany.com', 'headquarters': '22 N Front St Ste 300, Memphis, Tennessee, 38103, United States', 'SIC Code': '73,731', 'NAICS Code': '54,541', 'revenue': '<$5M', 'Number of Employees': '<25', 'LinkedIn url': 'http://www.linkedin.com/company/redrover-company'}
{'company_name_zoominfo': 'Event Squad 360', 'website': 'www.eventsquad360.com', 'headquarters': 'Bangladesh', 'SIC Code': '72,729', 'NAICS Code': '81,812', 'revenue': '<$5M', 'Number of Employees': '<25', 'LinkedIn url': 'http://www.linkedin.com/company/eventsquad360'}
{'company_name_zoominfo': 'Cygnus Group', 'website': 'www.thecygnusgroup.com', 'headquarters': '1420 E 7th St Ste 150, Charlotte, North Carolina, 28204, United States', 'SIC Code': '67,672', 'NAICS Code': '52,525', 'revenue': '$13.7M', 'Number of Employees': '47', 'LinkedIn url': 'http://www.linkedin.com/company/cygnus-group-llc'}
{'company_name_zoominfo': 'Borne', 'website': 'www.bornereport.com', 'headquarters': '!not-found', 'SIC Code': '72,722', 'NAICS Code': '54,541', 'revenue': '<$5M', 'Number of Employees': '<25', 'LinkedIn url': 'http://www.linkedin.com/company/borne'}
{'company_name_zoominfo': 'Evoke Solutions', 'website': 'www.evokesolutions.com', 'headquarters': '116 Spadina Ave Ste 202, Toronto, Ontario, M5V 2K6, Canada', 'SIC Code': '73,733', 'NAICS Code': '54,541', 'revenue': '<$5M', 'Number of Employees': '<25', 'LinkedIn url': 'http://www.linkedin.com/company/evoke-solutions'}
{'company_name_zoominfo': 'Kaiku Helsinki', 'website': 'www.kaikuhelsinki.fi', 'headquarters': '11 Lönnrotinkatu, Helsinki, Uusimaa, 00120, Finland', 'SIC Code': '91,919', 'NAICS Code': '92,921', 'revenue': '$5.7M', 'Number of Employees': '<25', 'LinkedIn url': 'http://www.linkedin.com/company/kaiku-helsinki'}
{'company_name_zoominfo': 'Pure Media', 'website': 'www.purenintendo.com', 'headquarters': 'United States', 'SIC Code': '27,271', 'NAICS Code': '51,517', 'revenue': '<$5M', 'Number of Employees': '<25', 'LinkedIn url': 'http://www.linkedin.com/company/pure-nintendo-magazine'}
renewing ip
429
2a03:e600:100::67
{'company_name_zoominfo': 'McCann Enterprise', 'website': 'www.mccannenterprise.com', 'headquarters': '7-11 Herbrand St, London, Greater London, WC1N 1EX, United Kingdom', 'SIC Code': '73,731', 'NAICS Code': '54,541', 'revenue': '$15.3M', 'Number of Employees': '52', 'LinkedIn url': 'http://www.linkedin.com/company/5009185'}
{'company_name_zoominfo': 'Intermedia Total Marketing Solutions', 'website': 'www.intermediatms.com', 'headquarters': 'Fairbairn Bldg 72 Sackville St, Manchester, England, M1 3NJ, United Ki...', 'SIC Code': '87,873', 'NAICS Code': '54,541', 'revenue': '<$5M', 'Number of Employees': '<25', 'LinkedIn url': 'http://www.linkedin.com/company/intermedia-total-marketing-solutions-ltd'}
{'company_name_zoominfo': 'Bellman', 'website': 'www.bellman.co.uk', 'headquarters': 'Churchill Ct Westmoreland Rd, London, Essex, BR1 1DP, United Kingdom', 'SIC Code': '73,731', 'NAICS Code': '54,541', 'revenue': '$13.8M', 'Number of Employees': '34', 'LinkedIn url': 'http://www.linkedin.com/company/bellman-media'}
{'company_name_zoominfo': 'Tensor Solutions', 'website': 'www.tensorsolutions.com', 'headquarters': '2419 W Jefferson St, Joliet, Illinois, 60435, United States', 'SIC Code': '73,738', 'NAICS Code': '56,561', 'revenue': '<$5M', 'Number of Employees': '<25', 'LinkedIn url': '!not-found'}
{'company_name_zoominfo': 'IWebSquare', 'website': 'www.iwebsquare.com', 'headquarters': '303 Wyman St Ste 300, Waltham, Massachusetts, 02451, United States', 'SIC Code': '73,737', 'NAICS Code': '51,518', 'revenue': '$14.1M', 'Number of Employees': '53', 'LinkedIn url': 'http://www.linkedin.com/company/iwebsquare'}
{'company_name_zoominfo': '2x', 'website': '2x.marketing', 'headquarters': '1055 Westlakes Dr Ste 300, Berwyn, Pennsylvania, 19312, United States', 'SIC Code': '87,874', 'NAICS Code': '54,541', 'revenue': '$17.6M', 'Number of Employees': '73', 'LinkedIn url': 'http://www.linkedin.com/company/2xmarketing'}
{'company_name_zoominfo': 'Expand International', 'website': 'www.expandmedia.com', 'headquarters': '400 Long Beach Blvd Ste 1, Stratford, Connecticut, 06615, United State...', 'SIC Code': '73,731', 'NAICS Code': '54,541', 'revenue': '$11.5M', 'Number of Employees': '72', 'LinkedIn url': 'http://www.linkedin.com/company/expand-international'}
{'company_name_zoominfo': 'KeyScouts', 'website': 'www.keyscouts.com', 'headquarters': '2093 Philadelphia Pike 2308, Claymont, Delaware, 19703, United States', 'SIC Code': '73,731', 'NAICS Code': '54,541', 'revenue': '<$5M', 'Number of Employees': '<25', 'LinkedIn url': 'http://www.linkedin.com/company/key-scouts'}
{'company_name_zoominfo': 'Konstruct Digital', 'website': 'www.konstructdigital.com', 'headquarters': '1235 26 Ave SE 213, Calgary, Alberta, T2G 1R7, Canada', 'SIC Code': '17,175', 'NAICS Code': '23,238', 'revenue': '$5.3M', 'Number of Employees': '<25', 'LinkedIn url': 'http://www.linkedin.com/company/konstruct-digital'}
{'company_name_zoominfo': 'Acceleration Partners', 'website': 'www.accelerationpartners.com', 'headquarters': 'PO Box 237, Milton, Massachusetts, 02186, United States', 'SIC Code': '87,874', 'NAICS Code': '54,541', 'revenue': '$9.6M', 'Number of Employees': '126', 'LinkedIn url': 'http://www.linkedin.com/company/acceleration-partners'}
renewing ip
429
2620:18c:0:192::135
renewing ip
429
2001:67c:6ec:203:192:42:116:175
renewing ip
429
2001:67c:6ec:203:192:42:116:175
renewing ip
429
2a0b:f4c2:1::1
renewing ip
429
2a0b:f4c2:1::1
renewing ip
429
2001:67c:6ec:203:192:42:116:196
renewing ip
429
2a06:1700:0:12::4
{'company_name_zoominfo': 'Magnetude Consulting', 'website': 'www.magnetudeconsulting.com', 'headquarters': '13 Highland Cir Unit G, Needham Heights, Massachusetts, 02494, United ...', 'SIC Code': '87,874', 'NAICS Code': '54,541', 'revenue': '<$5M', 'Number of Employees': '<25', 'LinkedIn url': 'http://www.linkedin.com/company/magnetude-consulting'}
{'company_name_zoominfo': 'Regis Team', 'website': 'www.registeam.com', 'headquarters': '!not-found', 'SIC Code': '82,822', 'NAICS Code': '61,611', 'revenue': '<$5M', 'Number of Employees': '<25', 'LinkedIn url': 'http://www.linkedin.com/company/registeam'}
{'company_name_zoominfo': 'Grapevine Marketing Agency', 'website': 'www.grapevine-group.co.uk', 'headquarters': '3d N Mill Bridge Foot, Belper, Derbyshire, DE56 1YD, United Kingdom', 'SIC Code': '87,874', 'NAICS Code': '54,541', 'revenue': '$5.8M', 'Number of Employees': '<25', 'LinkedIn url': 'http://www.linkedin.com/company/grapevine-marketing'}
{'company_name_zoominfo': 'Pulse', 'website': 'www.pulsemovement.com', 'headquarters': '34 13th Ave NE Ste B001, Minneapolis, Minnesota, 55413, United States', 'SIC Code': '86,866', 'NAICS Code': '81,813', 'revenue': '<$5M', 'Number of Employees': '<25', 'LinkedIn url': '!not-found'}
{'company_name_zoominfo': 'InfoGlobalData', 'website': 'www.infoglobaldata.com', 'headquarters': '1752 NW Market St 4523, Seattle, Washington, 98107, United States', 'SIC Code': '73,733', 'NAICS Code': '54,541', 'revenue': '$72.6M', 'Number of Employees': '336', 'LinkedIn url': 'http://www.linkedin.com/company/info-global-data'}
