{'company_name_zoominfo': 'Velocity', 'website': 'www.velocitymsc.com', 'headquarters': '7130 Spring Meadows Dr W, Holland, Ohio, 43528, United States', 'SIC Code': '48,481', 'NAICS Code': '51,517', 'revenue': '$65.4M', 'Number of Employees': '489', 'LinkedIn url': 'http://www.linkedin.com/company/velocity-a-managed-services-company'}
{'company_name_zoominfo': 'Bakelite Synthetics', 'website': 'www.bakelite.com', 'headquarters': '1800 Meidinger Tower, Louisville, Kentucky, 40202, United States', 'SIC Code': '28,282', 'NAICS Code': '32,325', 'revenue': '$53.9M', 'Number of Employees': '80', 'LinkedIn url': 'http://www.linkedin.com/company/bakelite-synthetics'}
{'company_name_zoominfo': 'Struto', 'website': 'www.struto.co.uk', 'headquarters': '169 Tower Bridge Rd, London, Greater London, SE1 3LJ, United Kingdom', 'SIC Code': '73,737', 'NAICS Code': '54,541', 'revenue': '<$5M', 'Number of Employees': '<25', 'LinkedIn url': 'http://www.linkedin.com/company/struto'}
{'company_name_zoominfo': 'Oldcastle BuildingEnvelope', 'website': 'www.obe.com', 'headquarters': '5005 Lbj Fwy Ste 1050, Dallas, Texas, 75244, United States', 'SIC Code': '87,871', 'NAICS Code': '54,541', 'revenue': '$652.4M', 'Number of Employees': '3,447', 'LinkedIn url': 'http://www.linkedin.com/company/oldcastle-buildingenvelope'}
{'company_name_zoominfo': 'MarketSmiths', 'website': 'www.marketsmiths.com', 'headquarters': 'Suites 37 Greenpoint Ave 506-507, Brooklyn, New York, 11222, United St...', 'SIC Code': '73,738', 'NAICS Code': '56,561', 'revenue': '<$5M', 'Number of Employees': '<25', 'LinkedIn url': 'http://www.linkedin.com/company/marketsmiths'}
{'company_name_zoominfo': '!not-found', 'website': '!not-found', 'headquarters': '!not-found', 'SIC Code': '!not-found', 'NAICS Code': '!not-found', 'revenue': '!not-found', 'Number of Employees': '!not-found', 'LinkedIn url': '!not-found'}
{'company_name_zoominfo': 'Risdall Marketing Group', 'website': 'www.risdall.com', 'headquarters': '2685 Long Lake Rd Ste 100, Roseville, Minnesota, 55113, United States', 'SIC Code': '73,731', 'NAICS Code': '54,541', 'revenue': '$20.4M', 'Number of Employees': '<25', 'LinkedIn url': 'http://www.linkedin.com/company/the-lukaszewski-group-division-of-risdall-mckinney-public-relations'}
{'company_name_zoominfo': 'BonFire Marketing & Website', 'website': 'www.bonfirewebco.com', 'headquarters': '1109 18th St, Spirit Lake, Iowa, 51360, United States', 'SIC Code': '73,733', 'NAICS Code': '54,541', 'revenue': '<$5M', 'Number of Employees': '<25', 'LinkedIn url': 'http://www.linkedin.com/company/bonfire-web-co'}
{'company_name_zoominfo': 'Productive Shop', 'website': 'www.productiveshop.com', 'headquarters': '2220 Lake Shore Boulevard West Unit 1509, Toronto, Ontario, M8V 0V1, C...', 'SIC Code': '73,731', 'NAICS Code': '54,541', 'revenue': '<$5M', 'Number of Employees': '<25', 'LinkedIn url': 'http://www.linkedin.com/company/productiveshop'}
{'company_name_zoominfo': 'Goo Apps', 'website': 'www.gooapps.net', 'headquarters': '166 Calle Prados, Gijon, Asturias, 33203, Spain', 'SIC Code': '73,737', 'NAICS Code': '51,518', 'revenue': '<$5M', 'Number of Employees': '<25', 'LinkedIn url': '!not-found'}
{'company_name_zoominfo': 'Ideal Image Marketing', 'website': 'www.idealimagemarketing.com', 'headquarters': '314 S Burrowes St, State College, Pennsylvania, 16801, United States', 'SIC Code': '87,874', 'NAICS Code': '54,541', 'revenue': '<$5M', 'Number of Employees': '<25', 'LinkedIn url': 'http://www.linkedin.com/company/ideal-image-marketing-solutions-llc'}
{'company_name_zoominfo': 'Beeline Now Consulting Services', 'website': 'www.beeline.com.ph', 'headquarters': 'Makati, Metro Manila, Philippines', 'SIC Code': '87,874', 'NAICS Code': '54,541', 'revenue': '<$5M', 'Number of Employees': '<25', 'LinkedIn url': 'http://www.linkedin.com/company/beelineph'}
{'company_name_zoominfo': 'Netsterz', 'website': 'www.netsterz.com', 'headquarters': '6591 China Grove Ct, Alexandria, Virginia, 22310, United States', 'SIC Code': '73,737', 'NAICS Code': '54,541', 'revenue': '<$5M', 'Number of Employees': '<25', 'LinkedIn url': 'http://www.linkedin.com/company/netsterz-infotech-pvt-ltd'}
{'company_name_zoominfo': 'Rose Attractions Sdn', 'website': 'www.roseattractions.com', 'headquarters': 'United States', 'SIC Code': '73,737', 'NAICS Code': '51,518', 'revenue': '<$5M', 'Number of Employees': '<25', 'LinkedIn url': 'http://www.linkedin.com/company/14765759'}
renewing ip
429
2605:6400:10:1362::2
renewing ip
429
2605:6400:10:1362::2
renewing ip
429
2001:bc8:1860:1419::1
{'company_name_zoominfo': 'Radial Path', 'website': 'www.radialpath.com', 'headquarters': '36 Lime St, Newcastle Upon Tyne, Tyne and Wear, NE1 2PQ, United Kingdo...', 'SIC Code': '48,489', 'NAICS Code': '51,517', 'revenue': '<$5M', 'Number of Employees': '<25', 'LinkedIn url': 'http://www.linkedin.com/company/radial-path'}
{'company_name_zoominfo': 'Ampfactor', 'website': 'www.ampfactor.com', 'headquarters': '571 Monon Blvd Ste 200, Carmel, Indiana, 46032, United States', 'SIC Code': '73,737', 'NAICS Code': '54,541', 'revenue': '<$5M', 'Number of Employees': '<25', 'LinkedIn url': 'http://www.linkedin.com/company/ampfactorabm'}
{'company_name_zoominfo': 'NotAvailable', 'website': 'NotAvailable', 'headquarters': 'NotAvailable', 'SIC Code': 'NotAvailable', 'NAICS Code': 'NotAvailable', 'revenue': 'NotAvailable', 'Number of Employees': 'NotAvailable', 'LinkedIn url': 'NotAvailable'}
{'company_name_zoominfo': 'Fuego Systems', 'website': 'www.fuegosys.com', 'headquarters': '24860 Myers Glen Pl, Chantilly, Virginia, 20152, United States', 'SIC Code': '73,731', 'NAICS Code': '54,541', 'revenue': '<$5M', 'Number of Employees': '<25', 'LinkedIn url': 'http://www.linkedin.com/company/fuego-systems'}
{'company_name_zoominfo': 'B2B Sales Arrow', 'website': 'www.b2bsalesarrow.com', 'headquarters': 'Electronics City Phase 1, Bangalore, Karnataka, 560100, India', 'SIC Code': '73,738', 'NAICS Code': '56,561', 'revenue': '$25.2M', 'Number of Employees': '29', 'LinkedIn url': 'http://www.linkedin.com/company/b2b-sales-arrow'}
{'company_name_zoominfo': 'Forward Vision Marketing', 'website': 'www.forwardvision.net', 'headquarters': '5068 W Plano Pkwy Ste 295, Plano, Texas, 75093, United States', 'SIC Code': '87,874', 'NAICS Code': '54,541', 'revenue': '$7.1M', 'Number of Employees': '<25', 'LinkedIn url': 'http://www.linkedin.com/company/forward-vision-llc'}
{'company_name_zoominfo': 'Walkwel Technology Pvt', 'website': 'www.walkweltech.com', 'headquarters': 'plot 50 9th Main Btm 1st Stage, Rv Niketan, Karnataka, 560059, India', 'SIC Code': '73,737', 'NAICS Code': '51,518', 'revenue': '<$5M', 'Number of Employees': '<25', 'LinkedIn url': 'http://www.linkedin.com/company/walkwel-technology'}
{'company_name_zoominfo': 'Thrillax Private', 'website': 'www.thrillax.com', 'headquarters': '!not-found', 'SIC Code': '73,731', 'NAICS Code': '54,541', 'revenue': '<$5M', 'Number of Employees': '<25', 'LinkedIn url': 'http://www.linkedin.com/company/thrillax'}
{'company_name_zoominfo': 'Owen Media', 'website': 'www.owenmedia.com', 'headquarters': '1652 20th Ave Ste 39, Seattle, Washington, 98122, United States', 'SIC Code': '87,874', 'NAICS Code': '54,541', 'revenue': '<$5M', 'Number of Employees': '<25', 'LinkedIn url': 'http://www.linkedin.com/company/owen-media'}
renewing ip
429
2620:7:6001::122
{'company_name_zoominfo': 'Society of Artificial Intelligence in Medicine and HealthCare', 'website': 'www.saimah.org', 'headquarters': '2214 suite 170 Rock Hill Rd, Herndon, Virginia, 20170, United States', 'SIC Code': '86,80', 'NAICS Code': '62,621', 'revenue': '<$5M', 'Number of Employees': '<25', 'LinkedIn url': '!not-found'}
{'company_name_zoominfo': 'Evomax Tecnologia', 'website': 'www.evomax.com.br', 'headquarters': 'Brazil', 'SIC Code': '73,737', 'NAICS Code': '51,518', 'revenue': '<$5M', 'Number of Employees': '25', 'LinkedIn url': 'http://www.linkedin.com/company/evomax-tecnologia'}
{'company_name_zoominfo': '!not-found', 'website': 'Agenix', 'headquarters': '!not-found', 'SIC Code': '!not-found', 'NAICS Code': '!not-found', 'revenue': '!not-found', 'Number of Employees': '!not-found', 'LinkedIn url': '!not-found'}
{'company_name_zoominfo': 'FalkHarrison', 'website': 'www.falkharrison.com', 'headquarters': '1300 Baur Blvd, St. Louis, Missouri, 63132, United States', 'SIC Code': '73,731', 'NAICS Code': '54,541', 'revenue': '<$5M', 'Number of Employees': '<25', 'LinkedIn url': 'http://www.linkedin.com/company/falk-harrison'}
{'company_name_zoominfo': 'Your Media Services', 'website': 'www.yourmediaservices.com', 'headquarters': '10300 49th St N Ste 302, Clearwater, Florida, 33762, United States', 'SIC Code': '73,731', 'NAICS Code': '54,541', 'revenue': '<$5M', 'Number of Employees': '<25', 'LinkedIn url': 'http://www.linkedin.com/company/35489974'}
{'company_name_zoominfo': 'Iron Creative', 'website': 'www.ironcreative.com', 'headquarters': '120 2nd St Fl 3, San Francisco, California, 94105, United States', 'SIC Code': '73,733', 'NAICS Code': '54,541', 'revenue': '<$5M', 'Number of Employees': '<25', 'LinkedIn url': 'http://www.linkedin.com/company/ironcreative'}
{'company_name_zoominfo': 'MODintelechy', 'website': 'www.modintelechy.com', 'headquarters': '4005 Guadalupe St, Austin, Texas, 78751, United States', 'SIC Code': '73,731', 'NAICS Code': '54,541', 'revenue': '<$5M', 'Number of Employees': '<25', 'LinkedIn url': 'http://www.linkedin.com/company/intelechy-group'}
{'company_name_zoominfo': 'Klain', 'website': 'www.klain.ro', 'headquarters': 'nr. 11 Strada Scorțarilor, Cluj Napoca, Cluj County, 400186, Romania', 'SIC Code': '87,874', 'NAICS Code': '54,541', 'revenue': '<$5M', 'Number of Employees': '<25', 'LinkedIn url': 'http://www.linkedin.com/company/klain'}
{'company_name_zoominfo': 'Happy Agencies', 'website': 'www.happyagencies.com', 'headquarters': 'United States', 'SIC Code': '72,729', 'NAICS Code': '54,541', 'revenue': '<$5M', 'Number of Employees': '<25', 'LinkedIn url': 'http://www.linkedin.com/company/happyagencies'}
{'company_name_zoominfo': 'Immediate Future', 'website': 'www.immediatefuture.co.uk', 'headquarters': '17 Union St, London, Essex, KT1 1RP, United Kingdom', 'SIC Code': '73,731', 'NAICS Code': '54,541', 'revenue': '$5.2M', 'Number of Employees': '<25', 'LinkedIn url': 'http://www.linkedin.com/company/immediate-future'}
{'company_name_zoominfo': 'Crue', 'website': 'www.crue.org', 'headquarters': 'Spain', 'SIC Code': '82,822', 'NAICS Code': '61,611', 'revenue': '$15.8M', 'Number of Employees': '41', 'LinkedIn url': 'http://www.linkedin.com/company/crue-universidad'}
{'company_name_zoominfo': '!not-found', 'website': 'BBDO Worldwide', 'headquarters': '!not-found', 'SIC Code': '!not-found', 'NAICS Code': '!not-found', 'revenue': '!not-found', 'Number of Employees': '!not-found', 'LinkedIn url': '!not-found'}
('Connection aborted.', RemoteDisconnected('Remote end closed connection without response'))
<class 'UnboundLocalError'>
error in http://webcache.googleusercontent.com/search?q=cache%3Ahttps%3A%2F%2Fwww.zoominfo.com%2Fc%2Ftourix%2F430328525
local variable 'page_content' referenced before assignment
https://www.zoominfo.com/c/tourix/430328525
{'company_name_zoominfo': '!unknown-error', 'website': '!unknown-error', 'headquarters': '!unknown-error', 'SIC Code': '!unknown-error', 'NAICS Code': '!unknown-error', 'revenue': '!unknown-error', 'Number of Employees': '!unknown-error', 'LinkedIn url': '!unknown-error'}
renewing ip
429
2a03:e600:100::77
{'company_name_zoominfo': 'Celltob.online', 'website': 'www.celltob.in', 'headquarters': 'New Delhi Railway Station Delhi Rd, New Delhi, Nct, 110055, India', 'SIC Code': '61,611', 'NAICS Code': '52,522', 'revenue': '<$5M', 'Number of Employees': '<25', 'LinkedIn url': 'https://www.linkedin.com/company/celltob-inc'}
{'company_name_zoominfo': 'CAE Marketing & Consulting', 'website': 'www.caemarketing.com', 'headquarters': '150 E Palmetto Park Rd Ste 800, Boca Raton, Florida, 33432, United Sta...', 'SIC Code': '87,874', 'NAICS Code': '54,541', 'revenue': '<$5M', 'Number of Employees': '<25', 'LinkedIn url': '!not-found'}
{'company_name_zoominfo': 'Fortune Reuters', 'website': 'www.fortunereuters.com', 'headquarters': '1735 Market St Ste 3750, Philadelphia, Pennsylvania, 19103, United Sta...', 'SIC Code': '73,733', 'NAICS Code': '54,541', 'revenue': '$12.7M', 'Number of Employees': '50', 'LinkedIn url': 'http://www.linkedin.com/company/fortune-reuters'}
{'company_name_zoominfo': 'Web roi', 'website': 'www.webroi.ca', 'headquarters': '420 Bronte St South Ste 102, Milton, Ontario, L9T 0H9, Canada', 'SIC Code': '73,731', 'NAICS Code': '54,541', 'revenue': '$5.7M', 'Number of Employees': '<25', 'LinkedIn url': 'http://www.linkedin.com/company/web-roi--rule-the-web'}
{'company_name_zoominfo': 'Halimark', 'website': 'www.halimark.fr', 'headquarters': 'France', 'SIC Code': '58,581', 'NAICS Code': '72,722', 'revenue': '<$5M', 'Number of Employees': '<25', 'LinkedIn url': 'http://www.linkedin.com/company/halimark'}
{'company_name_zoominfo': 'Sinorbis', 'website': 'www.sinorbis.com', 'headquarters': '13-15 Wentworth Ave Ste 202, Sydney, New South Wales, 2000, Australia', 'SIC Code': '73,731', 'NAICS Code': '54,541', 'revenue': '$6.2M', 'Number of Employees': '<25', 'LinkedIn url': 'http://www.linkedin.com/company/sinorbis'}
{'company_name_zoominfo': 'GoldSand Digital', 'website': 'www.goldsanddigital.com', 'headquarters': '115 Coventry Rd, London, Essex, E2 6GG, United Kingdom', 'SIC Code': '87,874', 'NAICS Code': '54,541', 'revenue': '<$5M', 'Number of Employees': '<25', 'LinkedIn url': 'http://www.linkedin.com/company/goldsand-digital'}
{'company_name_zoominfo': 'Triple B Media', 'website': 'www.tripleb.tv', 'headquarters': '!not-found', 'SIC Code': '48,489', 'NAICS Code': '51,517', 'revenue': '<$5M', 'Number of Employees': '<25', 'LinkedIn url': 'http://www.linkedin.com/company/triple-b-media'}
{'company_name_zoominfo': 'Morey Creative Studios', 'website': 'www.moreycreative.com', 'headquarters': '575 Underhill Blvd Ste 216, Syosset, New York, 11791, United States', 'SIC Code': '73,731', 'NAICS Code': '54,541', 'revenue': '$6.9M', 'Number of Employees': '<25', 'LinkedIn url': 'http://www.linkedin.com/company/moreycreative'}
{'company_name_zoominfo': '!not-found', 'website': 'Vanderweil Engineers', 'headquarters': '!not-found', 'SIC Code': '!not-found', 'NAICS Code': '!not-found', 'revenue': '!not-found', 'Number of Employees': '!not-found', 'LinkedIn url': '!not-found'}
{'company_name_zoominfo': 'BeCreative', 'website': 'www.becreative.ie', 'headquarters': '21 Dawson St, Dublin, Leinster, Ireland', 'SIC Code': '27,272', 'NAICS Code': '51,511', 'revenue': '<$5M', 'Number of Employees': '<25', 'LinkedIn url': 'http://www.linkedin.com/company/becreative-media-group'}
{'company_name_zoominfo': 'The Brandon Agency', 'website': 'www.thebrandonagency.com', 'headquarters': '3023 Church St, Myrtle Beach, South Carolina, 29577, United States', 'SIC Code': '87,874', 'NAICS Code': '54,541', 'revenue': '$31M', 'Number of Employees': '92', 'LinkedIn url': 'http://www.linkedin.com/company/brandon-marketing'}
renewing ip
429
2a03:e600:100::67
{'company_name_zoominfo': 'SEO Samba', 'website': 'www.seosamba.com', 'headquarters': '2140 S Dupont Hwy, Camden, Delaware, 19934, United States', 'SIC Code': '73,731', 'NAICS Code': '54,541', 'revenue': '$6.5M', 'Number of Employees': '31', 'LinkedIn url': 'http://www.linkedin.com/company/seo-samba'}
{'company_name_zoominfo': 'Tempesta Media', 'website': 'www.tempestamedia.com', 'headquarters': '1235 N Clybourn Ave 171, Chicago, Illinois, 60610, United States', 'SIC Code': '48,489', 'NAICS Code': '51,517', 'revenue': '<$5M', 'Number of Employees': '<25', 'LinkedIn url': 'http://www.linkedin.com/company/tempesta-media'}
{'company_name_zoominfo': 'Aqua-Rex', 'website': 'www.aqua-rex.com', 'headquarters': '3301 Spring Mountain Rd Ste 18, Las Vegas, Nevada, 89102, United State...', 'SIC Code': '49,494', 'NAICS Code': '22,221', 'revenue': '<$5M', 'Number of Employees': '<25', 'LinkedIn url': 'http://www.linkedin.com/company/aqua-rex-llc'}
{'company_name_zoominfo': 'Resound Marketing', 'website': 'www.resoundmarketing.com', 'headquarters': '100 Canal Pointe Blvd Ste 110, Princeton, New Jersey, 08540, United St...', 'SIC Code': '87,874', 'NAICS Code': '54,541', 'revenue': '$18M', 'Number of Employees': '48', 'LinkedIn url': 'http://www.linkedin.com/company/resound-marketing'}
{'company_name_zoominfo': 'Brandience', 'website': 'www.brandience.com', 'headquarters': '3251 Riverside Dr, Cincinnati, Ohio, 45226, United States', 'SIC Code': '73,731', 'NAICS Code': '54,541', 'revenue': '$9.5M', 'Number of Employees': '<25', 'LinkedIn url': 'http://www.linkedin.com/company/brandience'}
{'company_name_zoominfo': 'MoreVisibility', 'website': 'www.morevisibility.com', 'headquarters': '975 S Federal Hwy Fl 2, Boca Raton, Florida, 33432, United States', 'SIC Code': '87,874', 'NAICS Code': '54,541', 'revenue': '$11.2M', 'Number of Employees': '37', 'LinkedIn url': 'http://www.linkedin.com/company/morevisibility'}
{'company_name_zoominfo': 'JourneyEngine', 'website': 'www.journeyengine.com', 'headquarters': '1436 S Orange Avenlos Grv, Los Angeles, California, 90019, United Stat...', 'SIC Code': '87,874', 'NAICS Code': '54,541', 'revenue': '<$5M', 'Number of Employees': '<25', 'LinkedIn url': '!not-found'}
{'company_name_zoominfo': 'Zest Digital', 'website': 'www.zestdigital.com', 'headquarters': '1-3 Kings Mdw, Oxford, Oxfordshire, OX2 0DP, United Kingdom', 'SIC Code': '73,731', 'NAICS Code': '54,541', 'revenue': '<$5M', 'Number of Employees': '<25', 'LinkedIn url': 'http://www.linkedin.com/company/zest-digital-limited'}
{'company_name_zoominfo': 'Artbees', 'website': 'www.artbees.net', 'headquarters': '4401 Waldeck St, Grapevine, Texas, 76051, United States', 'SIC Code': '73,731', 'NAICS Code': '54,541', 'revenue': '<$5M', 'Number of Employees': '<25', 'LinkedIn url': 'http://www.linkedin.com/company/1594619'}
{'company_name_zoominfo': 'TANK Worldwide', 'website': 'www.medicationjunction.com', 'headquarters': 'PO Box 210782, West Palm Beach, Florida, 33421, United States', 'SIC Code': '79,799', 'NAICS Code': '71,713', 'revenue': '<$5M', 'Number of Employees': '<25', 'LinkedIn url': '!not-found'}
renewing ip
429
2620:18c:0:192::135
renewing ip
429
2001:67c:6ec:203:192:42:116:175
renewing ip
429
2001:67c:6ec:203:192:42:116:175
renewing ip
429
2a0b:f4c2:1::1
renewing ip
429
2001:67c:6ec:203:192:42:116:196
renewing ip
429
2001:67c:6ec:203:192:42:116:196
{'company_name_zoominfo': 'The Dynamo', 'website': 'www.dynamopr.com', 'headquarters': '200-204 Putney Bridge Rd, London, Greater London, SW15 2NA, United Kin...', 'SIC Code': '61,615', 'NAICS Code': '52,522', 'revenue': '$5.6M', 'Number of Employees': '<25', 'LinkedIn url': 'http://www.linkedin.com/company/dynamo-pr'}
{'company_name_zoominfo': 'Mad Fish Digital', 'website': 'www.madfishdigital.com', 'headquarters': '1305 NW 18th Ave, Portland, Oregon, 97209, United States', 'SIC Code': '87,874', 'NAICS Code': '54,541', 'revenue': '<$5M', 'Number of Employees': '<25', 'LinkedIn url': 'http://www.linkedin.com/company/mad-fish-seo'}
{'company_name_zoominfo': 'Straight North', 'website': 'www.straightnorth.com', 'headquarters': '1001 W 31st St Ste 100, Downers Grove, Illinois, 60515, United States', 'SIC Code': '87,874', 'NAICS Code': '54,541', 'revenue': '$20.1M', 'Number of Employees': '82', 'LinkedIn url': 'http://www.linkedin.com/company/straight-north'}
{'company_name_zoominfo': 'Digital Authority Partners', 'website': 'www.digitalauthority.me', 'headquarters': '222 W Merchandise Mart Plz Ste 1212, Chicago, Illinois, 60654, United ...', 'SIC Code': '87,874', 'NAICS Code': '54,541', 'revenue': '<$5M', 'Number of Employees': '<25', 'LinkedIn url': 'http://www.linkedin.com/company/digital-cafe-llc'}
{'company_name_zoominfo': 'SeedX', 'website': 'www.seedx.us', 'headquarters': '1420 S Figueroa St 204, Los Angeles, California, 90015, United States', 'SIC Code': '87,874', 'NAICS Code': '54,541', 'revenue': '<$5M', 'Number of Employees': '<25', 'LinkedIn url': 'http://www.linkedin.com/company/seedx-inc'}
