{'company_name_zoominfo': 'Rizen', 'website': 'www.gorizen.com', 'headquarters': '323 Sunny Isles Blvd Ste 700, Sunny Isles Beach, Florida, 33160, Unite...', 'SIC Code': '73,731', 'NAICS Code': '54,541', 'revenue': '<$5M', 'Number of Employees': '<25', 'LinkedIn url': 'http://www.linkedin.com/company/rizen-corp'}
{'company_name_zoominfo': 'createIT', 'website': 'www.createit.com', 'headquarters': '16 Wasiutynskiego, Warsaw, Masovian Voivodeship, 00-707, Poland', 'SIC Code': '73,737', 'NAICS Code': '54,541', 'revenue': '$6.7M', 'Number of Employees': '27', 'LinkedIn url': 'http://www.linkedin.com/company/createitcom'}
{'company_name_zoominfo': 'Codedesign', 'website': 'www.codedesign.org', 'headquarters': '61 Mosley St, Manchester, England, M2 3HZ, United Kingdom', 'SIC Code': '73,731', 'NAICS Code': '54,541', 'revenue': '<$5M', 'Number of Employees': '<25', 'LinkedIn url': 'http://www.linkedin.com/company/codedesign.org'}
{'company_name_zoominfo': 'Front Page Advantage', 'website': 'www.frontpageadvantage.com', 'headquarters': 'Basing, Basingstoke, Hampshire, United Kingdom', 'SIC Code': '73,731', 'NAICS Code': '54,541', 'revenue': '$5.7M', 'Number of Employees': '<25', 'LinkedIn url': 'http://www.linkedin.com/company/seo-company---front-page-advantage-ltd'}
{'company_name_zoominfo': 'Prohibition', 'website': 'www.prohibition.net', 'headquarters': '503 Columbus Ave, New York, New York, 10024, United States', 'SIC Code': '72,722', 'NAICS Code': '54,541', 'revenue': '<$5M', 'Number of Employees': '<25', 'LinkedIn url': '!not-found'}
{'company_name_zoominfo': 'Metric Theory', 'website': 'www.metrictheory.com', 'headquarters': '311 California St Ste 200, San Francisco, California, 94104, United St...', 'SIC Code': '73,731', 'NAICS Code': '54,541', 'revenue': '$18M', 'Number of Employees': '104', 'LinkedIn url': 'http://www.linkedin.com/company/metric-theory'}
{'company_name_zoominfo': 'Evosite', 'website': 'www.evosite.com', 'headquarters': '7240 Brittmoore Rd Ste 100, Houston, Texas, 77041, United States', 'SIC Code': '25,252', 'NAICS Code': '33,337', 'revenue': '<$5M', 'Number of Employees': '<25', 'LinkedIn url': 'http://www.linkedin.com/company/evosite-l-l-c-'}
{'company_name_zoominfo': 'VISION UNLTD CREATIVE WORX', 'website': 'www.vucx.de', 'headquarters': '27-29 Neusser St, Cologne, Nordrhein-westfalen, 50670, Germany', 'SIC Code': '73,737', 'NAICS Code': '51,518', 'revenue': '$6M', 'Number of Employees': '<25', 'LinkedIn url': 'http://www.linkedin.com/company/vision-unltd.-creative-worx'}
{'company_name_zoominfo': 'Netinspire', 'website': 'www.netinspire.co.uk', 'headquarters': '160 High Tunstall St, Stoke On Trent, England, ST6 5TT, United Kingdom', 'SIC Code': '73,737', 'NAICS Code': '54,541', 'revenue': '<$5M', 'Number of Employees': '<25', 'LinkedIn url': 'http://www.linkedin.com/company/netinspire-ltd-'}
{'company_name_zoominfo': 'Bubble Design and Marketing', 'website': 'www.bubbledesign.co.uk', 'headquarters': 'Amelia Ct, Retford, Nottinghamshire, DN22 7HJ, United Kingdom', 'SIC Code': '73,731', 'NAICS Code': '54,541', 'revenue': '<$5M', 'Number of Employees': '<25', 'LinkedIn url': 'http://www.linkedin.com/company/bubble-design-&-marketing-ltd'}
{'company_name_zoominfo': 'Cirkle', 'website': 'www.cirkle.com', 'headquarters': '27 London End, Beaconsfield, Buckinghamshire, HP9 2HN, United Kingdom', 'SIC Code': '87,874', 'NAICS Code': '54,541', 'revenue': '$5.3M', 'Number of Employees': '<25', 'LinkedIn url': 'http://www.linkedin.com/company/cirkle'}
{'company_name_zoominfo': '!not-found', 'website': '!not-found', 'headquarters': '!not-found', 'SIC Code': '!not-found', 'NAICS Code': '!not-found', 'revenue': '!not-found', 'Number of Employees': '!not-found', 'LinkedIn url': '!not-found'}
{'company_name_zoominfo': 'Beacon Media + Marketing', 'website': 'www.beaconmm.com', 'headquarters': '1029 W 3rd Ave 650, Anchorage, Alaska, 99501, United States', 'SIC Code': '73,731', 'NAICS Code': '54,541', 'revenue': '<$5M', 'Number of Employees': '<25', 'LinkedIn url': 'http://www.linkedin.com/company/beacon-media-marketing'}
{'company_name_zoominfo': 'VantagePoint Marketing', 'website': 'www.vantagep.com', 'headquarters': '80 Villa Rd, Greenville, South Carolina, 29615, United States', 'SIC Code': '73,87', 'NAICS Code': '54,541', 'revenue': '$5M', 'Number of Employees': '<25', 'LinkedIn url': 'http://www.linkedin.com/company/vantagepoint'}
renewing ip
429
2605:6400:10:1362::2
renewing ip
429
2605:6400:10:1362::2
renewing ip
429
2001:bc8:1860:1419::1
{'company_name_zoominfo': 'Stevens & Tate Marketing', 'website': 'www.stevens-tate.com', 'headquarters': '1900 S Highland Ave Ste 200, Lombard, Illinois, 60148, United States', 'SIC Code': '73,731', 'NAICS Code': '54,541', 'revenue': '$9.2M', 'Number of Employees': '<25', 'LinkedIn url': 'http://www.linkedin.com/company/stevens-and-tate-marketing'}
{'company_name_zoominfo': 'Barokas Public Relations', 'website': 'www.barokas.com', 'headquarters': '1201 3rd Ave Ste 2200, Seattle, Washington, 98101, United States', 'SIC Code': '87,874', 'NAICS Code': '54,541', 'revenue': '$10.5M', 'Number of Employees': '27', 'LinkedIn url': 'http://www.linkedin.com/company/barokas-public-relations'}
{'company_name_zoominfo': 'Résonance', 'website': 'www.resonancevoices.org', 'headquarters': '5149 Decatur St, Omaha, Nebraska, 68104, United States', 'SIC Code': '79,792', 'NAICS Code': '71,711', 'revenue': '<$5M', 'Number of Employees': '<25', 'LinkedIn url': 'http://www.linkedin.com/company/2694270'}
{'company_name_zoominfo': 'Saupe Telemarketing', 'website': 'www.saupe-communication.com', 'headquarters': 'Germany', 'SIC Code': '73,738', 'NAICS Code': '56,561', 'revenue': '<$5M', 'Number of Employees': '<25', 'LinkedIn url': 'http://www.linkedin.com/company/saupe-communication'}
{'company_name_zoominfo': 'Asset Digital', 'website': 'www.asset.digital', 'headquarters': '2 Newman Rd, London, Essex, BR1 1RJ, United Kingdom', 'SIC Code': '73,731', 'NAICS Code': '54,541', 'revenue': '<$5M', 'Number of Employees': '<25', 'LinkedIn url': '!not-found'}
{'company_name_zoominfo': 'RevenueZen', 'website': 'www.revenuezen.com', 'headquarters': '4039 N Mississippi Ave Ste 308, Portland, Oregon, 97227, United States', 'SIC Code': '87,874', 'NAICS Code': '54,541', 'revenue': '<$5M', 'Number of Employees': '<25', 'LinkedIn url': 'http://www.linkedin.com/company/revenuezen'}
{'company_name_zoominfo': 'New Perspectives', 'website': 'www.new-perspectives.net', 'headquarters': '4605 Bethel Creek Dr, Vero Beach, Florida, 32963, United States', 'SIC Code': '87,873', 'NAICS Code': '54,541', 'revenue': '$5.5M', 'Number of Employees': '<25', 'LinkedIn url': '!not-found'}
renewing ip
429
2620:7:6001::122
{'company_name_zoominfo': 'Umg', 'website': 'www.umggaming.com', 'headquarters': '132 W 1st St, Roxana, Illinois, 62084, United States', 'SIC Code': '79,799', 'NAICS Code': '71,713', 'revenue': '<$5M', 'Number of Employees': '<25', 'LinkedIn url': 'http://www.linkedin.com/company/united-media-group'}
{'company_name_zoominfo': 'Smartacre', 'website': 'www.getsmartacre.com', 'headquarters': '559 Main St Ste 150, Bethlehem, Pennsylvania, 18018, United States', 'SIC Code': '87,874', 'NAICS Code': '54,541', 'revenue': '<$5M', 'Number of Employees': '<25', 'LinkedIn url': 'http://www.linkedin.com/company/getsmartacre'}
{'company_name_zoominfo': 'Sales Innovator', 'website': 'www.salesinnovator.com', 'headquarters': '859 S Yellow Stone Hwy Ste 204, Rexburg, Idaho, 83440, United States', 'SIC Code': '73,737', 'NAICS Code': '54,541', 'revenue': '<$5M', 'Number of Employees': '<25', 'LinkedIn url': 'http://www.linkedin.com/company/thesociallift'}
{'company_name_zoominfo': 'Walker Sands', 'website': 'www.walkersands.com', 'headquarters': '55 W Monroe St Ste 3925, Chicago, Illinois, 60603, United States', 'SIC Code': '87,874', 'NAICS Code': '54,541', 'revenue': '$15.6M', 'Number of Employees': '114', 'LinkedIn url': 'http://www.linkedin.com/company/walker-sands-communications'}
{'company_name_zoominfo': 'FATbit Technologies', 'website': 'www.fatbit.com', 'headquarters': 'Jlpl Industrial Area plot 268 Sector, Mohali, Punjab Region, 140306, I...', 'SIC Code': '73,737', 'NAICS Code': '51,518', 'revenue': '$20.5M', 'Number of Employees': '90', 'LinkedIn url': 'http://www.linkedin.com/company/fatbit-technologies'}
{'company_name_zoominfo': 'Brand Visage', 'website': 'www.brandvisage.com', 'headquarters': '120 a, New Delhi, Nct, 110024, India', 'SIC Code': '48,489', 'NAICS Code': '51,517', 'revenue': '$7.8M', 'Number of Employees': '27', 'LinkedIn url': 'http://www.linkedin.com/company/brand-visage-communications'}
{'company_name_zoominfo': 'SeeResponse', 'website': 'www.seeresponse.com', 'headquarters': '11921 Freedom Dr, Reston, Virginia, 20190, United States', 'SIC Code': '87,874', 'NAICS Code': '54,541', 'revenue': '<$5M', 'Number of Employees': '<25', 'LinkedIn url': 'http://www.linkedin.com/company/seeresponse'}
{'company_name_zoominfo': 'Digital Litmus', 'website': 'www.digitallitmus.com', 'headquarters': '86-90 Paul St, London, Greater London, EC2A 4NE, United Kingdom', 'SIC Code': '87,874', 'NAICS Code': '54,541', 'revenue': '<$5M', 'Number of Employees': '<25', 'LinkedIn url': 'http://www.linkedin.com/company/digitallitmus'}
{'company_name_zoominfo': 'TecSense', 'website': 'www.tecsense.com', 'headquarters': '4 Teslastraße, Grambach, Styria, 8074, Austria', 'SIC Code': '87,873', 'NAICS Code': '54,541', 'revenue': '<$5M', 'Number of Employees': '<25', 'LinkedIn url': 'http://www.linkedin.com/company/tecsense-unique-solutions-in-sensor-technology'}
{'company_name_zoominfo': '42dm', 'website': 'www.42dm.net', 'headquarters': '130 W Pleasant Ave 16, Jersey City, New Jersey, 07607, United States', 'SIC Code': '73,731', 'NAICS Code': '54,541', 'revenue': '<$5M', 'Number of Employees': '<25', 'LinkedIn url': 'http://www.linkedin.com/company/42-digital-marketing'}
{'company_name_zoominfo': 'KoMarketing Associates', 'website': 'www.komarketing.com', 'headquarters': '374 Congress St Ste 507, Boston, Massachusetts, 02210, United States', 'SIC Code': '87,874', 'NAICS Code': '54,541', 'revenue': '$8.4M', 'Number of Employees': '<25', 'LinkedIn url': 'http://www.linkedin.com/company/komarketing-associates'}
{'company_name_zoominfo': 'Tango', 'website': 'www.tango.me', 'headquarters': '615 National Ave Ste 100, Mountain View, California, 94043, United Sta...', 'SIC Code': '72,729', 'NAICS Code': '54,541', 'revenue': '$13.9M', 'Number of Employees': '137', 'LinkedIn url': 'http://www.linkedin.com/company/tango-me'}
SOCKSHTTPConnectionPool(host='www.google.com', port=80): Max retries exceeded with url: /sorry/index?continue=http://webcache.googleusercontent.com/search%3Fq%3Dcache%253Ahttps%253A%252F%252Fwww.zoominfo.com%252Fc%252Fspreckley-partners-ltd%252F74662301&q=EhAqC_TAAWwABAAAAAAAAAABGJvZjKEGIjBaKtJgsRkBYT9I5Lt1hKD8mQO7negjC8TD0mIIRxwrBfq2tTNtuGVxuAkd4cLvd48yAXI (Caused by NewConnectionError('<urllib3.contrib.socks.SOCKSConnection object at 0x7f1e360093f0>: Failed to establish a new connection: 0x01: General SOCKS server failure'))
<class 'UnboundLocalError'>
error in http://webcache.googleusercontent.com/search?q=cache%3Ahttps%3A%2F%2Fwww.zoominfo.com%2Fc%2Fspreckley-partners-ltd%2F74662301
local variable 'page_content' referenced before assignment
https://www.zoominfo.com/c/spreckley-partners-ltd/74662301
{'company_name_zoominfo': '!unknown-error', 'website': '!unknown-error', 'headquarters': '!unknown-error', 'SIC Code': '!unknown-error', 'NAICS Code': '!unknown-error', 'revenue': '!unknown-error', 'Number of Employees': '!unknown-error', 'LinkedIn url': '!unknown-error'}
renewing ip
429
2a03:e600:100::77
{'company_name_zoominfo': 'Blue Tree Hotels & Resorts', 'website': 'www.bluetree.com.br', 'headquarters': '505 Rua Monte Conselho, Salvador, Bahia, 40000-000, Brazil', 'SIC Code': '70,701', 'NAICS Code': '72,721', 'revenue': '$33.1M', 'Number of Employees': '170', 'LinkedIn url': 'http://www.linkedin.com/company/blue-tree-hotels'}
{'company_name_zoominfo': 'Growth Accelerators', 'website': 'www.growthacc.com', 'headquarters': 'United States', 'SIC Code': '87,874', 'NAICS Code': '54,541', 'revenue': '<$5M', 'Number of Employees': '<25', 'LinkedIn url': 'http://www.linkedin.com/company/saas-growth-accelerators'}
{'company_name_zoominfo': 'Acadia Lead Management Services', 'website': 'www.acadialms.com', 'headquarters': '130 W 2nd St Ste 1050, Dayton, Ohio, 45402, United States', 'SIC Code': '73,738', 'NAICS Code': '56,561', 'revenue': '$15.6M', 'Number of Employees': '<25', 'LinkedIn url': 'http://www.linkedin.com/company/acadia-lead-management-services'}
{'company_name_zoominfo': 'Oodles Marketing', 'website': 'www.oodlesmarketing.com', 'headquarters': 'Unit No dg-18-017 Tower B Emaar Digital Greens, Gurugram, Haryana, 122...', 'SIC Code': '73,731', 'NAICS Code': '54,541', 'revenue': '$10.7M', 'Number of Employees': '25', 'LinkedIn url': 'http://www.linkedin.com/company/oodlesmarketing'}
{'company_name_zoominfo': 'ViralChilly', 'website': 'www.viralchilly.com', 'headquarters': 'Mahima Trinity Swej Farm 444 New Sanganer Rd, Jaipur, Rajasthan, 30201...', 'SIC Code': '87,874', 'NAICS Code': '54,541', 'revenue': '<$5M', 'Number of Employees': '<25', 'LinkedIn url': 'http://www.linkedin.com/company/viralchilly'}
{'company_name_zoominfo': 'Dataspecc', 'website': 'www.dataspecc.com', 'headquarters': '2055 Limestone Rd, Wilmington, Delaware, 19808, United States', 'SIC Code': '73,731', 'NAICS Code': '54,541', 'revenue': '<$5M', 'Number of Employees': '<25', 'LinkedIn url': 'http://www.linkedin.com/company/dataspecc'}
{'company_name_zoominfo': '!not-found', 'website': '!not-found', 'headquarters': '!not-found', 'SIC Code': '!not-found', 'NAICS Code': '!not-found', 'revenue': '!not-found', 'Number of Employees': '!not-found', 'LinkedIn url': '!not-found'}
{'company_name_zoominfo': 'TopRank Online Marketing', 'website': 'www.toprankmarketing.com', 'headquarters': '10405 6th Ave N Ste 250, Minneapolis, Minnesota, 55441, United States', 'SIC Code': '87,874', 'NAICS Code': '54,541', 'revenue': '$6M', 'Number of Employees': '<25', 'LinkedIn url': 'http://www.linkedin.com/company/toprank-online-marketing'}
{'company_name_zoominfo': 'Whiteoaks International', 'website': 'www.whiteoaks.co.uk', 'headquarters': '24 West St, Farnham, Surrey, GU9 7DR, United Kingdom', 'SIC Code': '87,874', 'NAICS Code': '54,541', 'revenue': '$25.9M', 'Number of Employees': '122', 'LinkedIn url': 'http://www.linkedin.com/company/whiteoaks'}
{'company_name_zoominfo': 'Advanced Metrics', 'website': 'www.advancedmetrics.net', 'headquarters': '320 Highland Dr, Mountville, Pennsylvania, 17554, United States', 'SIC Code': '87,874', 'NAICS Code': '54,541', 'revenue': '<$5M', 'Number of Employees': '<25', 'LinkedIn url': 'http://www.linkedin.com/company/advanced-metrics'}
{'company_name_zoominfo': 'iMark Infotech Pvt', 'website': 'www.imarkinfotech.com', 'headquarters': '11251 Nw Fwy Apt 400, Houston, Texas, 77092, United States', 'SIC Code': '73,737', 'NAICS Code': '51,517', 'revenue': '$23.8M', 'Number of Employees': '127', 'LinkedIn url': 'http://www.linkedin.com/company/imark-infotech'}
renewing ip
429
2a03:e600:100::67
{'company_name_zoominfo': 'Lead Cookie', 'website': 'www.leadcookie.com', 'headquarters': '3472 Research Pkwy Ste 104PMB 454, Colorado Springs, Colorado, 80920, ...', 'SIC Code': '51,514', 'NAICS Code': '42,424', 'revenue': '<$5M', 'Number of Employees': '<25', 'LinkedIn url': 'http://www.linkedin.com/company/lead-cookie'}
{'company_name_zoominfo': '!not-found', 'website': 'mvpGROW', 'headquarters': '!not-found', 'SIC Code': '!not-found', 'NAICS Code': '!not-found', 'revenue': '!not-found', 'Number of Employees': '!not-found', 'LinkedIn url': '!not-found'}
{'company_name_zoominfo': 'Content Collective', 'website': 'www.content-collective.nl', 'headquarters': 'Netherlands', 'SIC Code': '27,272', 'NAICS Code': '51,511', 'revenue': '$16.2M', 'Number of Employees': '85', 'LinkedIn url': 'http://www.linkedin.com/company/content-collective'}
{'company_name_zoominfo': 'Sales Accelerators', 'website': 'www.salesacceler8r.com', 'headquarters': '1576 N 68th Pl, Scottsdale, Arizona, 85257, United States', 'SIC Code': '87,874', 'NAICS Code': '54,541', 'revenue': '<$5M', 'Number of Employees': '<25', 'LinkedIn url': '!not-found'}
{'company_name_zoominfo': 'DEPT®', 'website': 'www.deptagency.com', 'headquarters': '66 Generaal Vetterstraat, Amsterdam, North Holland, Netherlands', 'SIC Code': '73,731', 'NAICS Code': '54,541', 'revenue': '$134.4M', 'Number of Employees': '882', 'LinkedIn url': 'http://www.linkedin.com/company/webfactory-ltd--dublin-ireland'}
{'company_name_zoominfo': 'Anova Consulting Group', 'website': 'www.theanovagroup.com', 'headquarters': '637 Washington St Ste 200, Brookline, Massachusetts, 02446, United Sta...', 'SIC Code': '73,731', 'NAICS Code': '54,541', 'revenue': '$5.7M', 'Number of Employees': '<25', 'LinkedIn url': 'http://www.linkedin.com/company/anova-consulting-group'}
{'company_name_zoominfo': 'CS2 Marketing Agency', 'website': 'www.cs2marketing.com', 'headquarters': '101 N Brand Blvd Fl 11, Glendale, California, 91203, United States', 'SIC Code': '87,874', 'NAICS Code': '54,541', 'revenue': '<$5M', 'Number of Employees': '<25', 'LinkedIn url': 'http://www.linkedin.com/company/cs2-marketing'}
{'company_name_zoominfo': 'Heinz Marketing', 'website': 'www.heinzmarketing.com', 'headquarters': '8201 164th Ave NE 200, Redmond, Washington, 98052, United States', 'SIC Code': '87,874', 'NAICS Code': '54,541', 'revenue': '$8.7M', 'Number of Employees': '25', 'LinkedIn url': 'http://www.linkedin.com/company/heinz-marketing-inc'}
{'company_name_zoominfo': 'Ignitium', 'website': 'www.ignitium.com', 'headquarters': '601 W Riverside Ave Ste 1700, Spokane, Washington, 99201, United State...', 'SIC Code': '87,874', 'NAICS Code': '54,541', 'revenue': '<$5M', 'Number of Employees': '<25', 'LinkedIn url': 'http://www.linkedin.com/company/ignitium'}
{'company_name_zoominfo': 'Intelligent Demand', 'website': 'www.intelligentdemand.com', 'headquarters': '450 Decatur St, Denver, Colorado, 80204, United States', 'SIC Code': '87,874', 'NAICS Code': '54,541', 'revenue': '$15M', 'Number of Employees': '28', 'LinkedIn url': 'http://www.linkedin.com/company/1531831'}
{'company_name_zoominfo': 'Inverta', 'website': 'www.inverta.com', 'headquarters': '3553 W Chester Pike 319, Newtown Square, Pennsylvania, 19073, United S...', 'SIC Code': '87,874', 'NAICS Code': '54,541', 'revenue': '<$5M', 'Number of Employees': '<25', 'LinkedIn url': 'http://www.linkedin.com/company/inverta-group'}
renewing ip
429
2620:18c:0:192::135
renewing ip
429
2001:67c:6ec:203:192:42:116:175
renewing ip
429
2001:67c:6ec:203:192:42:116:175
renewing ip
429
2a0b:f4c2:1::1
renewing ip
429
2a0b:f4c2:1::1
renewing ip
429
2001:67c:6ec:203:192:42:116:196
renewing ip
429
2a06:1700:0:12::4
{'company_name_zoominfo': 'Sojourn Solutions', 'website': 'www.sojournsolutions.com', 'headquarters': '608 E Hickory St Ste 128, Denton, Texas, 76205, United States', 'SIC Code': '87,874', 'NAICS Code': '54,541', 'revenue': '<$5M', 'Number of Employees': '50', 'LinkedIn url': 'http://www.linkedin.com/company/sojourn-technology-solutions-inc'}
