{'company_name_zoominfo': 'Knectiv', 'website': 'www.knectiv.com', 'headquarters': '1 E State St Ste 300, Sharon, Pennsylvania, 16146, United States', 'SIC Code': '36,367', 'NAICS Code': '33,334', 'revenue': '$11.2M', 'Number of Employees': '50', 'LinkedIn url': 'http://www.linkedin.com/company/knectiv'}
{'company_name_zoominfo': 'Feelpixel - UX Design Studio', 'website': 'www.feelpixel.in', 'headquarters': 'India', 'SIC Code': '73,733', 'NAICS Code': '54,541', 'revenue': '<$5M', 'Number of Employees': '<25', 'LinkedIn url': 'http://www.linkedin.com/company/feelpixel'}
{'company_name_zoominfo': 'Grant Marketing', 'website': 'www.grantmarketing.com', 'headquarters': '75 Arlington St Ste 500, Boston, Massachusetts, 02116, United States', 'SIC Code': '73,731', 'NAICS Code': '54,541', 'revenue': '$7.2M', 'Number of Employees': '<25', 'LinkedIn url': 'http://www.linkedin.com/company/310825'}
{'company_name_zoominfo': 'Clear B2B', 'website': 'www.clearb2b.com', 'headquarters': '9 Priory Poulton Ct, Cirencester, Gloucestershire, GL7 5JB, United Kin...', 'SIC Code': '73,731', 'NAICS Code': '54,541', 'revenue': '$5.5M', 'Number of Employees': '<25', 'LinkedIn url': 'http://www.linkedin.com/company/clearb2b'}
{'company_name_zoominfo': 'The Monogram Group', 'website': 'www.monogramgroup.com', 'headquarters': '4001 N Ravenswood Ave Ste 501, Chicago, Illinois, 60613, United States', 'SIC Code': '73,738', 'NAICS Code': '56,561', 'revenue': '$6.1M', 'Number of Employees': '<25', 'LinkedIn url': 'http://www.linkedin.com/company/monogramgroup'}
{'company_name_zoominfo': 'Ayokay', 'website': 'www.ayokay.com', 'headquarters': '2549 E 55th Pl, Indianapolis, Indiana, 46220, United States', 'SIC Code': '87,874', 'NAICS Code': '54,541', 'revenue': '<$5M', 'Number of Employees': '<25', 'LinkedIn url': 'http://www.linkedin.com/company/ayokay'}
{'company_name_zoominfo': 'DUO Comunicación', 'website': 'www.duocomunicacion.com.mx', 'headquarters': 'Mexico, Mexico', 'SIC Code': '82,829', 'NAICS Code': '61,611', 'revenue': '<$5M', 'Number of Employees': '<25', 'LinkedIn url': 'https://www.linkedin.com/company/neubox'}
{'company_name_zoominfo': 'TANK New Media', 'website': 'www.tanknewmedia.com', 'headquarters': '10865 Grandview Dr Ste 2060, Overland Park, Kansas, 66210, United Stat...', 'SIC Code': '48,489', 'NAICS Code': '51,517', 'revenue': '<$5M', 'Number of Employees': '<25', 'LinkedIn url': 'http://www.linkedin.com/company/tank-new-media'}
{'company_name_zoominfo': '!not-found', 'website': '!not-found', 'headquarters': '!not-found', 'SIC Code': '!not-found', 'NAICS Code': '!not-found', 'revenue': '!not-found', 'Number of Employees': '!not-found', 'LinkedIn url': '!not-found'}
{'company_name_zoominfo': 'Flightpath', 'website': 'www.flightpath.com', 'headquarters': '36 W 25th St Fl 8, New York, New York, 10010, United States', 'SIC Code': '87,874', 'NAICS Code': '54,541', 'revenue': '$10.2M', 'Number of Employees': '26', 'LinkedIn url': 'http://www.linkedin.com/company/flightpath'}
{'company_name_zoominfo': 'Reputation Capital Media Services', 'website': 'www.repcapitalmedia.com', 'headquarters': '804 Main St Ste A, Baton Rouge, Louisiana, 70802, United States', 'SIC Code': '87,874', 'NAICS Code': '54,541', 'revenue': '<$5M', 'Number of Employees': '<25', 'LinkedIn url': 'http://www.linkedin.com/company/reputation-capital-media-services'}
{'company_name_zoominfo': 'Taktical Digital', 'website': 'www.taktical.co', 'headquarters': '241 W 37th St Ste 802, New York City, New York, 10018, United States', 'SIC Code': '73,731', 'NAICS Code': '54,541', 'revenue': '$5.8M', 'Number of Employees': '<25', 'LinkedIn url': 'http://www.linkedin.com/company/taktical'}
{'company_name_zoominfo': 'TEXTA', 'website': 'www.texta.dk', 'headquarters': '8 Haslegårdsvej, Aarhus V, Region Midtjylland, 8210, Denmark', 'SIC Code': '67,671', 'NAICS Code': '55,551', 'revenue': '<$5M', 'Number of Employees': '<25', 'LinkedIn url': 'http://www.linkedin.com/company/texta-aps'}
renewing ip
429
2605:cdc0:30:1e0:7553:d5f7:2521:1
renewing ip
429
2605:6400:10:1362::2
renewing ip
429
2001:bc8:1860:1419::1
{'company_name_zoominfo': 'Digital Brand Expressions', 'website': 'www.digitalbrandexpressions.com', 'headquarters': '101 Morgan Ln Ste 203B, Plainsboro, New Jersey, 08536, United States', 'SIC Code': '73,731', 'NAICS Code': '54,541', 'revenue': '<$5M', 'Number of Employees': '<25', 'LinkedIn url': 'http://www.linkedin.com/company/digital-brand-expressions'}
{'company_name_zoominfo': 'Optimum7', 'website': 'www.optimum7.com', 'headquarters': '141 Grand Ave, Coral Gables, Florida, 33133, United States', 'SIC Code': '73,737', 'NAICS Code': '54,541', 'revenue': '$5.7M', 'Number of Employees': '25', 'LinkedIn url': 'http://www.linkedin.com/company/optimum-7'}
{'company_name_zoominfo': 'NewMedia', 'website': 'www.newmediadenver.com', 'headquarters': '1400 16th St Ste 400, Denver, Colorado, 80202, United States', 'SIC Code': '73,737', 'NAICS Code': '54,541', 'revenue': '$9.9M', 'Number of Employees': '80', 'LinkedIn url': 'http://www.linkedin.com/company/newmedia.com'}
{'company_name_zoominfo': 'JavaScript Kicks', 'website': 'www.javascriptkicks.com', 'headquarters': '!not-found', 'SIC Code': '73,737', 'NAICS Code': '54,541', 'revenue': '<$5M', 'Number of Employees': '<25', 'LinkedIn url': '!not-found'}
{'company_name_zoominfo': 'Eyeful Media', 'website': 'www.eyefulmedia.com', 'headquarters': '3055 E Wesley Ave, Denver, Colorado, 80210, United States', 'SIC Code': '87,874', 'NAICS Code': '54,541', 'revenue': '<$5M', 'Number of Employees': '<25', 'LinkedIn url': 'http://www.linkedin.com/company/eyefulmedia'}
{'company_name_zoominfo': 'Alliance Interactive', 'website': 'www.allianceinteractive.com', 'headquarters': '1775 I St NW Ste 1150, Washington, District of Columbia, 20006, United...', 'SIC Code': '73,731', 'NAICS Code': '54,541', 'revenue': '$5.9M', 'Number of Employees': '<25', 'LinkedIn url': 'http://www.linkedin.com/company/alliance-interactive'}
{'company_name_zoominfo': 'Stand and Stretch', 'website': 'www.standandstretch.com', 'headquarters': 'PO Box 333, Midland, Georgia, 31820, United States', 'SIC Code': '73,731', 'NAICS Code': '54,541', 'revenue': '$14.3M', 'Number of Employees': '<25', 'LinkedIn url': 'http://www.linkedin.com/company/stand-and-stretch'}
{'company_name_zoominfo': 'Media Matters Sf', 'website': 'www.mediamattersww.com', 'headquarters': '5 Edna Ct, Kentfield, California, 94904, United States', 'SIC Code': '73,731', 'NAICS Code': '54,541', 'revenue': '<$5M', 'Number of Employees': '<25', 'LinkedIn url': 'http://www.linkedin.com/company/media-matters-sf-la'}
renewing ip
429
2620:7:6001::122
{'company_name_zoominfo': 'DragonSearch', 'website': 'www.dragon360.com', 'headquarters': '8 N Front St Fl 2, Kingston, New York, 12401, United States', 'SIC Code': '87,874', 'NAICS Code': '54,541', 'revenue': '$16.3M', 'Number of Employees': '<25', 'LinkedIn url': 'http://www.linkedin.com/company/dragonsearch'}
{'company_name_zoominfo': 'Spire Agency', 'website': 'www.spireagency.com', 'headquarters': '5040 Addison Cir Ste 5757, Addison, Texas, 75001, United States', 'SIC Code': '65,653', 'NAICS Code': '53,531', 'revenue': '<$5M', 'Number of Employees': '<25', 'LinkedIn url': 'http://www.linkedin.com/company/2362308'}
{'company_name_zoominfo': 'CommCreative', 'website': 'www.commcreative.com', 'headquarters': '75 Fountain St, Framingham, Massachusetts, 01702, United States', 'SIC Code': '73,731', 'NAICS Code': '54,541', 'revenue': '$11.1M', 'Number of Employees': '42', 'LinkedIn url': 'http://www.linkedin.com/company/200939'}
{'company_name_zoominfo': 'BayCreative', 'website': 'www.baycreative.com', 'headquarters': '660 4th St Ste 619, San Francisco, California, 94107, United States', 'SIC Code': '73,731', 'NAICS Code': '54,541', 'revenue': '$5.3M', 'Number of Employees': '<25', 'LinkedIn url': 'http://www.linkedin.com/company/baycreative-inc'}
{'company_name_zoominfo': 'The Frameworks', 'website': 'www.theframeworks.com', 'headquarters': '235 Peachtree St NE, Atlanta, Georgia, 30303, United States', 'SIC Code': '87,874', 'NAICS Code': '54,541', 'revenue': '$11.8M', 'Number of Employees': '47', 'LinkedIn url': 'http://www.linkedin.com/company/theframeworks'}
{'company_name_zoominfo': 'Espresso B2B Marketing', 'website': 'www.espressob2b.com', 'headquarters': '535 Mission St Fl 14, San Francisco, California, 94105, United States', 'SIC Code': '87,874', 'NAICS Code': '54,541', 'revenue': '<$5M', 'Number of Employees': '<25', 'LinkedIn url': 'http://www.linkedin.com/company/1113520'}
{'company_name_zoominfo': 'Sagefrog Marketing Group', 'website': 'www.sagefrog.com', 'headquarters': '62 E Oakland Ave, Doylestown, Pennsylvania, 18901, United States', 'SIC Code': '87,874', 'NAICS Code': '54,541', 'revenue': '$5.4M', 'Number of Employees': '25', 'LinkedIn url': 'http://www.linkedin.com/company/sagefrog'}
{'company_name_zoominfo': 'Eucalypt Media', 'website': 'www.eucalyptmedia.com', 'headquarters': 'PO Box 6773, Scarborough, Maine, 04070, United States', 'SIC Code': '73,731', 'NAICS Code': '54,541', 'revenue': '<$5M', 'Number of Employees': '<25', 'LinkedIn url': 'http://www.linkedin.com/company/eucalypt-media'}
{'company_name_zoominfo': 'Column Five', 'website': 'www.columnfivemedia.com', 'headquarters': '150 Paularino Ave Ste D170, Costa Mesa, California, 92626, United Stat...', 'SIC Code': '87,874', 'NAICS Code': '54,541', 'revenue': '$17M', 'Number of Employees': '43', 'LinkedIn url': 'http://www.linkedin.com/company/column-five-media'}
{'company_name_zoominfo': 'Beacon Digital Marketing', 'website': 'www.beacondigitalmarketing.com', 'headquarters': '234 Main St Unit 1, Beacon, New York, 12508, United States', 'SIC Code': '73,731', 'NAICS Code': '54,541', 'revenue': '$11.9M', 'Number of Employees': '35', 'LinkedIn url': 'http://www.linkedin.com/company/beacon-digital-marketing'}
{'company_name_zoominfo': 'Roman.ua', 'website': 'www.roman.ua', 'headquarters': 'Ukraine', 'SIC Code': '73,736', 'NAICS Code': '54,541', 'revenue': '<$5M', 'Number of Employees': '<25', 'LinkedIn url': 'http://www.linkedin.com/company/creative-webmedia-pvt-ltd-'}
('Connection aborted.', RemoteDisconnected('Remote end closed connection without response'))
<class 'UnboundLocalError'>
error in http://webcache.googleusercontent.com/search?q=cache%3Ahttps%3A%2F%2Fwww.zoominfo.com%2Fc%2Fninjapromo%2F469933341
local variable 'page_content' referenced before assignment
https://www.zoominfo.com/c/ninjapromo/469933341
{'company_name_zoominfo': '!unknown-error', 'website': '!unknown-error', 'headquarters': '!unknown-error', 'SIC Code': '!unknown-error', 'NAICS Code': '!unknown-error', 'revenue': '!unknown-error', 'Number of Employees': '!unknown-error', 'LinkedIn url': '!unknown-error'}
renewing ip
429
2a03:e600:100::77
{'company_name_zoominfo': 'Caffeine Marketing', 'website': 'www.caffeinemarketing.co.uk', 'headquarters': '9 Greyfriars Rd, Reading, Berkshire, RG1 1NU, United Kingdom', 'SIC Code': '87,874', 'NAICS Code': '54,541', 'revenue': '<$5M', 'Number of Employees': '<25', 'LinkedIn url': 'http://www.linkedin.com/company/caffeinemarketing'}
{'company_name_zoominfo': 'Young', 'website': 'www.youngco.com', 'headquarters': '530 S Marengo Ave, Pasadena, California, 91101, United States', 'SIC Code': '73,731', 'NAICS Code': '54,541', 'revenue': '$7.9M', 'Number of Employees': '<25', 'LinkedIn url': 'http://www.linkedin.com/company/youngandcompany'}
{'company_name_zoominfo': 'Rhubarb Studios', 'website': 'www.rhubarbstudios.co', 'headquarters': '633 W 5th St 1400, Los Angeles, California, 90071, United States', 'SIC Code': '52,521', 'NAICS Code': '44,444', 'revenue': '<$5M', 'Number of Employees': '<25', 'LinkedIn url': 'http://www.linkedin.com/company/rhubarb-studios'}
{'company_name_zoominfo': 'Launch Marketing', 'website': 'www.launch-marketing.com', 'headquarters': '4810 Spicewood Springs Rd Ste 250, Austin, Texas, 78759, United States', 'SIC Code': '73,731', 'NAICS Code': '54,541', 'revenue': '$13.8M', 'Number of Employees': '74', 'LinkedIn url': 'http://www.linkedin.com/company/launch-marketing'}
{'company_name_zoominfo': 'BlackWing Creative', 'website': 'www.blackwingcreative.com', 'headquarters': '218 Main St 794, Kirkland, Washington, 98033, United States', 'SIC Code': '73,731', 'NAICS Code': '54,541', 'revenue': '<$5M', 'Number of Employees': '<25', 'LinkedIn url': 'http://www.linkedin.com/company/blackwingcreative'}
{'company_name_zoominfo': 'FVM', 'website': 'www.thinkfvm.com', 'headquarters': '630 W Germantown Pike Ste 400, Plymouth Meeting, Pennsylvania, 19462, ...', 'SIC Code': '73,731', 'NAICS Code': '54,541', 'revenue': '$62.8M', 'Number of Employees': '61', 'LinkedIn url': 'http://www.linkedin.com/company/fvm'}
{'company_name_zoominfo': 'Sköna', 'website': 'www.skona.com', 'headquarters': '499 Carolina St, San Francisco, California, 94107, United States', 'SIC Code': '73,731', 'NAICS Code': '54,541', 'revenue': '<$5M', 'Number of Employees': '<25', 'LinkedIn url': 'http://www.linkedin.com/company/skona'}
{'company_name_zoominfo': 'Proper Expression', 'website': 'www.properexpression.com', 'headquarters': 'United States', 'SIC Code': '87,874', 'NAICS Code': '54,541', 'revenue': '<$5M', 'Number of Employees': '<25', 'LinkedIn url': 'http://www.linkedin.com/company/proper-expression'}
{'company_name_zoominfo': 'Geeky Tech', 'website': 'www.geekytech.co.uk', 'headquarters': '32 London Rd, Guildford, Surrey, GU1 2AB, United Kingdom', 'SIC Code': '73,737', 'NAICS Code': '54,541', 'revenue': '<$5M', 'Number of Employees': '<25', 'LinkedIn url': 'http://www.linkedin.com/company/geeky-tech'}
{'company_name_zoominfo': 'Reel Axis', 'website': 'www.reelaxis.com', 'headquarters': '1902 Wright Pl Ste 200, Carlsbad, California, 92008, United States', 'SIC Code': '87,874', 'NAICS Code': '54,541', 'revenue': '<$5M', 'Number of Employees': '<25', 'LinkedIn url': 'http://www.linkedin.com/company/reelaxis'}
{'company_name_zoominfo': 'Waypost Marketing', 'website': 'www.waypostmarketing.com', 'headquarters': '320 Prado Way, Greenville, South Carolina, 29607, United States', 'SIC Code': '87,874', 'NAICS Code': '54,541', 'revenue': '<$5M', 'Number of Employees': '<25', 'LinkedIn url': 'http://www.linkedin.com/company/waypostmarketing'}
{'company_name_zoominfo': 'Branding Business', 'website': 'www.brandingbusiness.com', 'headquarters': '1 Wrigley Rd, Irvine, California, 92618, United States', 'SIC Code': '73,731', 'NAICS Code': '54,541', 'revenue': '$20.4M', 'Number of Employees': '<25', 'LinkedIn url': 'http://www.linkedin.com/company/27967'}
renewing ip
429
2a03:e600:100::67
{'company_name_zoominfo': 'Markivis Pvt', 'website': 'www.markivis.com', 'headquarters': 'United States', 'SIC Code': '87,874', 'NAICS Code': '54,541', 'revenue': '<$5M', 'Number of Employees': '<25', 'LinkedIn url': 'http://www.linkedin.com/company/markivis'}
{'company_name_zoominfo': 'Symmetri Marketing Group', 'website': 'www.symmetrimarketing.com', 'headquarters': '625 N Michigan Ave Ste 2100, Chicago, Illinois, 60611, United States', 'SIC Code': '73,731', 'NAICS Code': '54,541', 'revenue': '$6.3M', 'Number of Employees': '27', 'LinkedIn url': 'http://www.linkedin.com/company/symmetri-marketing-group'}
{'company_name_zoominfo': 'Pixel IT Technologies', 'website': 'www.pixelconsulting.com.au', 'headquarters': 'Australia', 'SIC Code': '67,672', 'NAICS Code': '52,525', 'revenue': '<$5M', 'Number of Employees': '<25', 'LinkedIn url': 'http://www.linkedin.com/company/pixel-it-technologies-pty-ltd'}
{'company_name_zoominfo': 'Innovaxis', 'website': 'www.innovaxisinc.com', 'headquarters': '3047 N Lincoln Ave Ste 400, Chicago, Illinois, 60657, United States', 'SIC Code': '87,874', 'NAICS Code': '54,541', 'revenue': '$6.7M', 'Number of Employees': '<25', 'LinkedIn url': 'http://www.linkedin.com/company/innovaxis-marketing-consulting'}
{'company_name_zoominfo': 'Market 8 Group', 'website': 'www.market8.net', 'headquarters': '80 SW 8th St Ste 2000, Miami, Florida, 33130, United States', 'SIC Code': '73,731', 'NAICS Code': '54,541', 'revenue': '<$5M', 'Number of Employees': '<25', 'LinkedIn url': 'http://www.linkedin.com/company/market-8'}
{'company_name_zoominfo': 'Fahlgren Mortine', 'website': 'www.fahlgrenmortine.com', 'headquarters': '4030 Easton Sta Ste 300, Columbus, Ohio, 43219, United States', 'SIC Code': '87,874', 'NAICS Code': '54,541', 'revenue': '$21.2M', 'Number of Employees': '158', 'LinkedIn url': 'http://www.linkedin.com/company/fahlgren-mortine'}
{'company_name_zoominfo': 'Sync Innovation', 'website': 'www.sync-innovation.com', 'headquarters': 'Samakee Amphoe Muang, Mueang Nonthaburi, Nonthaburi, 11000, Thailand', 'SIC Code': '35,357', 'NAICS Code': '33,334', 'revenue': '<$5M', 'Number of Employees': '<25', 'LinkedIn url': '!not-found'}
{'company_name_zoominfo': 'Ledger Bennett', 'website': 'www.ledgerbennett.com', 'headquarters': '535 Mission St Fl 14, San Francisco, California, 94105, United States', 'SIC Code': '87,874', 'NAICS Code': '54,541', 'revenue': '$11M', 'Number of Employees': '51', 'LinkedIn url': 'http://www.linkedin.com/company/ledger-bennett-plc'}
{'company_name_zoominfo': 'Penguin Strategies', 'website': 'www.penguinstrategies.com', 'headquarters': '14 Haharoshet St, Ra anana, Central District, Israel', 'SIC Code': '87,874', 'NAICS Code': '54,541', 'revenue': '$10.2M', 'Number of Employees': '<25', 'LinkedIn url': 'http://www.linkedin.com/company/penguin-strategies'}
{'company_name_zoominfo': 'Waterlilly Botanicals', 'website': 'www.waterlilies.com', 'headquarters': '56297 Bingham Rd, Adams, Oregon, 97810, United States', 'SIC Code': '52,525', 'NAICS Code': '44,444', 'revenue': '<$5M', 'Number of Employees': '<25', 'LinkedIn url': '!not-found'}
{'company_name_zoominfo': 'Merton Way', 'website': 'www.mertonway.com', 'headquarters': '168 Ctc Blvd Ste E, Louisville, Colorado, 80027, United States', 'SIC Code': '87,872', 'NAICS Code': '54,541', 'revenue': '<$5M', 'Number of Employees': '<25', 'LinkedIn url': 'http://www.linkedin.com/company/merton-way-inc.'}
renewing ip
429
2620:18c:0:192::135
renewing ip
429
2001:67c:6ec:203:192:42:116:175
renewing ip
429
2001:67c:6ec:203:192:42:116:175
renewing ip
429
2a0b:f4c2:1::1
renewing ip
429
2001:67c:6ec:203:192:42:116:196
renewing ip
429
2001:67c:6ec:203:192:42:116:196
renewing ip
429
2a06:1700:0:12::4
{'company_name_zoominfo': 'Koroberi', 'website': 'www.koroberi.com', 'headquarters': '236 S Boylan Ave Ste 100, Raleigh, North Carolina, 27603, United State...', 'SIC Code': '73,731', 'NAICS Code': '54,541', 'revenue': '<$5M', 'Number of Employees': '<25', 'LinkedIn url': 'http://www.linkedin.com/company/koroberi-inc-'}
{'company_name_zoominfo': 'Seraro', 'website': 'www.seraro.com', 'headquarters': '115 Genevieve Ct, Peachtree City, Georgia, 30269, United States', 'SIC Code': '73,731', 'NAICS Code': '54,541', 'revenue': '$5.8M', 'Number of Employees': '<25', 'LinkedIn url': 'http://www.linkedin.com/company/seraro'}
{'company_name_zoominfo': '!not-found', 'website': 'Stonebrook Landscapes', 'headquarters': '!not-found', 'SIC Code': '!not-found', 'NAICS Code': '!not-found', 'revenue': '!not-found', 'Number of Employees': '!not-found', 'LinkedIn url': '!not-found'}
{'company_name_zoominfo': 'Tomorrow People', 'website': 'www.tomorrow-people.com', 'headquarters': '7 Stratford Pl, London, Essex, W1C 1AY, United Kingdom', 'SIC Code': '87,874', 'NAICS Code': '54,541', 'revenue': '<$5M', 'Number of Employees': '<25', 'LinkedIn url': 'http://www.linkedin.com/company/tomorrow-people_2'}
{'company_name_zoominfo': 'Black and White', 'website': 'www.openaccess.co.za', 'headquarters': 'South Africa', 'SIC Code': '73,737', 'NAICS Code': '54,541', 'revenue': '<$5M', 'Number of Employees': '<25', 'LinkedIn url': '!not-found'}
{'company_name_zoominfo': 'Ascential', 'website': 'www.ascential.com', 'headquarters': '1 Wilder Walk, London, Essex, W1B 5AP, United Kingdom', 'SIC Code': '73,737', 'NAICS Code': '51,518', 'revenue': '$428.1M', 'Number of Employees': '2,545', 'LinkedIn url': 'http://www.linkedin.com/company/ascential-plc'}
{'company_name_zoominfo': 'Effinity', 'website': 'www.effinity.us', 'headquarters': '825 Chicago Ave Ste E2, Evanston, Illinois, 60202, United States', 'SIC Code': '73,733', 'NAICS Code': '54,541', 'revenue': '<$5M', 'Number of Employees': '<25', 'LinkedIn url': 'http://www.linkedin.com/company/effinity'}
