{'company_name_zoominfo': 'Healthwise Services', 'website': 'www.healthwiseus.com', 'headquarters': '4800 E Lincoln Ave, Fowler, California, 93625, United States', 'SIC Code': '49,495', 'NAICS Code': '56,562', 'revenue': '<$5M', 'Number of Employees': '<25', 'LinkedIn url': '!not-found'}
site-not-indexed

{'company_name_zoominfo': '!not-found', 'website': '!not-found', 'headquarters': '!not-found', 'SIC Code': '!not-found', 'NAICS Code': '!not-found', 'revenue': '!not-found', 'Number of Employees': '!not-found', 'LinkedIn url': '!not-found'}
{'company_name_zoominfo': 'ASI Management Companies', 'website': 'www.asicompanies.net', 'headquarters': '11a Hampton Rd, Exeter, New Hampshire, 03833, United States', 'SIC Code': '87,874', 'NAICS Code': '56,561', 'revenue': '<$5M', 'Number of Employees': '<25', 'LinkedIn url': '!not-found'}
{'company_name_zoominfo': 'Gaeta Recycling', 'website': 'www.gaetarecycling.com', 'headquarters': '278 W Railway Ave, Paterson, New Jersey, 07503, United States', 'SIC Code': '49,495', 'NAICS Code': '56,562', 'revenue': '$29.8M', 'Number of Employees': '120', 'LinkedIn url': 'http://www.linkedin.com/company/gaeta-recycling-co-inc'}
{'company_name_zoominfo': 'GEL Recycling', 'website': 'www.gelrecycling.com', 'headquarters': '1200 S Leavitt Ave, Orange City, Florida, 32763, United States', 'SIC Code': '49,50', 'NAICS Code': '42,423', 'revenue': '$12.9M', 'Number of Employees': '49', 'LinkedIn url': '!not-found'}
{'company_name_zoominfo': 'Georgia Petroleum', 'website': 'www.georgiapetroleum.com', 'headquarters': '1620 James P Rodgers Dr, Valdosta, Georgia, 31601, United States', 'SIC Code': '29,291', 'NAICS Code': '32,324', 'revenue': '<$5M', 'Number of Employees': '<25', 'LinkedIn url': 'http://www.linkedin.com/company/georgia-petroleum-inc-'}
{'company_name_zoominfo': 'Watson Excavating', 'website': 'www.watsonexcavating.com', 'headquarters': '3850 Mt Hwy 40 W, Columbia Falls, Montana, 59912, United States', 'SIC Code': '17,179', 'NAICS Code': '23,238', 'revenue': '<$5M', 'Number of Employees': '<25', 'LinkedIn url': '!not-found'}
{'company_name_zoominfo': 'HQ Dumpsters', 'website': 'www.hqdumpsters.com', 'headquarters': '897 S Main St, Plantsville, Connecticut, 06479, United States', 'SIC Code': '49,495', 'NAICS Code': '56,562', 'revenue': '$5.8M', 'Number of Employees': '<25', 'LinkedIn url': 'http://www.linkedin.com/company/hq-dumpsters-&-recycling'}
{'company_name_zoominfo': 'Waste-Not Recycling', 'website': 'www.waste-not.com', 'headquarters': '1065 Poplar St, Johnstown, Colorado, 80534, United States', 'SIC Code': '49,495', 'NAICS Code': '56,562', 'revenue': '$9.6M', 'Number of Employees': '<25', 'LinkedIn url': 'http://www.linkedin.com/company/waste-not-recycling-inc'}
{'company_name_zoominfo': 'Waste Recovery Systems', 'website': 'www.industrialwasterecovery.com', 'headquarters': '4750 Clyde Park Ave SW Ste B, Wyoming, Michigan, 49509, United States', 'SIC Code': '76,769', 'NAICS Code': '56,562', 'revenue': '$8.4M', 'Number of Employees': '35', 'LinkedIn url': 'http://www.linkedin.com/company/waste-recovery-systems-inc-'}
{'company_name_zoominfo': 'Twin Oaks Landfill', 'website': 'www.twinoakslandfill.com', 'headquarters': '2690 Hwy 30, Anderson, Texas, 77830, United States', 'SIC Code': '49,495', 'NAICS Code': '56,562', 'revenue': '<$5M', 'Number of Employees': '<25', 'LinkedIn url': 'http://www.linkedin.com/company/bvswma-inc'}
{'company_name_zoominfo': 'IWT', 'website': 'www.iwttech.com', 'headquarters': '300 Wilson Rd Bldg 800, Griffin, Georgia, 30224, United States', 'SIC Code': '73,737', 'NAICS Code': '54,541', 'revenue': '$8.3M', 'Number of Employees': '40', 'LinkedIn url': 'http://www.linkedin.com/company/impact-workforce-techonology'}
{'company_name_zoominfo': 'TechDisposal', 'website': 'www.yelp.com/biz/techdisposal-com-columbus', 'headquarters': '320 Outerbelt St, Columbus, Ohio, 43213, United States', 'SIC Code': '73,737', 'NAICS Code': '51,518', 'revenue': '<$5M', 'Number of Employees': '<25', 'LinkedIn url': 'http://www.linkedin.com/company/techdisposal'}
{'company_name_zoominfo': 'Tfr Enterprises', 'website': 'www.tfrinc.com', 'headquarters': '601 Leander Dr, Leander, Texas, 78641, United States', 'SIC Code': '73,738', 'NAICS Code': '54,541', 'revenue': '$6.5M', 'Number of Employees': '<25', 'LinkedIn url': '!not-found'}
{'company_name_zoominfo': 'MediWaste Disposal', 'website': 'www.mediwastecorp.com', 'headquarters': '11090 Gateway Blvd E, El Paso, Texas, 79927, United States', 'SIC Code': '42,421', 'NAICS Code': '56,562', 'revenue': '$6.2M', 'Number of Employees': '<25', 'LinkedIn url': 'http://www.linkedin.com/company/mediwastedisposal'}
{'company_name_zoominfo': 'Greenway Recycling Services', 'website': 'www.greenwayrecycles.com', 'headquarters': '2100 S Kilbourn Ave, Chicago, Illinois, 60623, United States', 'SIC Code': '49,495', 'NAICS Code': '56,562', 'revenue': '<$5M', 'Number of Employees': '<25', 'LinkedIn url': '!not-found'}
renewing ip
429
23.154.177.22
renewing ip
429
23.154.177.22
renewing ip
429
185.220.101.33
renewing ip
429
185.220.101.33
renewing ip
429
95.214.52.208
renewing ip
429
2a0b:f4c2:1::1
{'company_name_zoominfo': 'Granger', 'website': 'www.grangernet.com', 'headquarters': '16980 Wood Rd, Lansing, Michigan, 48906, United States', 'SIC Code': '49,495', 'NAICS Code': '56,562', 'revenue': '$19M', 'Number of Employees': '248', 'LinkedIn url': 'http://www.linkedin.com/company/granger'}
{'company_name_zoominfo': 'HSA Golden', 'website': 'www.hsagolden.com', 'headquarters': '11 Lake Gatlin Rd, Orlando, Florida, 32806, United States', 'SIC Code': '89,899', 'NAICS Code': '54,541', 'revenue': '<$5M', 'Number of Employees': '<25', 'LinkedIn url': 'http://www.linkedin.com/company/hsa-golden'}
{'company_name_zoominfo': 'Environmental Logistics', 'website': 'www.environmentallogistics.org', 'headquarters': '140 Monte Ave, Bloomington, California, 92316, United States', 'SIC Code': '42,421', 'NAICS Code': '56,562', 'revenue': '$6.9M', 'Number of Employees': '<25', 'LinkedIn url': 'http://www.linkedin.com/company/environmental-logistics-inc.'}
{'company_name_zoominfo': 'Key Largo Wastewater Treatment District', 'website': 'www.klwtd.com', 'headquarters': '103355 Overseas Hwy, Key Largo, Florida, 33037, United States', 'SIC Code': '49,495', 'NAICS Code': '22,221', 'revenue': '$6.5M', 'Number of Employees': '<25', 'LinkedIn url': 'http://www.linkedin.com/company/key-largo-wastewater-treatment-district'}
{'company_name_zoominfo': 'Rodeo Sanitary District', 'website': 'www.rodeosan.org', 'headquarters': '800 San Pablo Ave, Rodeo, California, 94572, United States', 'SIC Code': '49,495', 'NAICS Code': '22,221', 'revenue': '<$5M', 'Number of Employees': '<25', 'LinkedIn url': 'http://www.linkedin.com/company/rodeo-sanitary-district'}
{'company_name_zoominfo': 'M & M Sanitation', 'website': 'www.mmsanit.com', 'headquarters': '480 Wilson Ave, Newark, New Jersey, 07105, United States', 'SIC Code': '49,495', 'NAICS Code': '56,562', 'revenue': '$5.1M', 'Number of Employees': '<25', 'LinkedIn url': 'http://www.linkedin.com/company/434231'}
{'company_name_zoominfo': 'Jrm Hauling and Recycling Services Ii', 'website': 'www.jrmhauling.com', 'headquarters': '265 Newbury St, Peabody, Massachusetts, 01960, United States', 'SIC Code': '49,495', 'NAICS Code': '56,562', 'revenue': '$32.2M', 'Number of Employees': '126', 'LinkedIn url': 'http://www.linkedin.com/company/jrm-hauling-inc'}
{'company_name_zoominfo': 'Cwpm', 'website': 'www.cwpm.net', 'headquarters': '25 Norton Pl, Plainville, Connecticut, 06062, United States', 'SIC Code': '42,421', 'NAICS Code': '56,562', 'revenue': '$42.6M', 'Number of Employees': '236', 'LinkedIn url': 'http://www.linkedin.com/company/cwpm-llc'}
{'company_name_zoominfo': 'Eagle Remediation and Demolition Services', 'website': 'www.eagleremediation.com', 'headquarters': '3131 E Hwy 199, Springtown, Texas, 76082, United States', 'SIC Code': '49,495', 'NAICS Code': '56,562', 'revenue': '<$5M', 'Number of Employees': '<25', 'LinkedIn url': 'http://www.linkedin.com/company/eagle-remediation-services-inc-'}
{'company_name_zoominfo': 'Effortless Dumpster', 'website': 'www.effortlessdumpster.com', 'headquarters': '3721 Harts Ct, Chamblee, Georgia, 30341, United States', 'SIC Code': '49,495', 'NAICS Code': '56,562', 'revenue': '<$5M', 'Number of Employees': '<25', 'LinkedIn url': '!not-found'}
{'company_name_zoominfo': 'Rad Pros', 'website': 'www.radpros.com', 'headquarters': '14 Inverness Dr East Ste A220, Englewood, Colorado, 80112, United Stat...', 'SIC Code': '72,729', 'NAICS Code': '56,561', 'revenue': '<$5M', 'Number of Employees': '<25', 'LinkedIn url': 'http://www.linkedin.com/company/rad-pros'}
{'company_name_zoominfo': 'ERS International', 'website': 'www.ers-international.com', 'headquarters': '6435 Erin Mills Pkwy, Mississauga, Ontario, L5N 3P3, Canada', 'SIC Code': '49,50', 'NAICS Code': '42,423', 'revenue': '$13.6M', 'Number of Employees': '119', 'LinkedIn url': 'http://www.linkedin.com/company/ers--electronics-recycling-services'}
{'company_name_zoominfo': 'ECO International', 'website': 'www.eco-international.org', 'headquarters': 'Chengdu, Sichuan, China', 'SIC Code': '83,839', 'NAICS Code': '81,813', 'revenue': '$7.1M', 'Number of Employees': '<25', 'LinkedIn url': '!not-found'}
{'company_name_zoominfo': 'New Bedford Waste Services', 'website': 'www.newbedfordwaste.com', 'headquarters': '295 Service Rd, East Sandwich, Massachusetts, 02537, United States', 'SIC Code': '49,495', 'NAICS Code': '56,562', 'revenue': '<$5M', 'Number of Employees': '<25', 'LinkedIn url': '!not-found'}
{'company_name_zoominfo': 'Knight Transfer Services', 'website': 'www.dumpstr.com', 'headquarters': '3251 88th Ave, Zeeland, Michigan, 49464, United States', 'SIC Code': '49,495', 'NAICS Code': '56,562', 'revenue': '$6.9M', 'Number of Employees': '<25', 'LinkedIn url': 'http://www.linkedin.com/company/2278414'}
{'company_name_zoominfo': 'Sunbelt Medical Services', 'website': 'www.sunbeltbiowaste.com', 'headquarters': '637 Charles Perry Ave, Sardis, Georgia, 30456, United States', 'SIC Code': '49,495', 'NAICS Code': '56,562', 'revenue': '<$5M', 'Number of Employees': '<25', 'LinkedIn url': '!not-found'}
{'company_name_zoominfo': '3R', 'website': 'www.3rinc.com', 'headquarters': '1 Arundel Rd, Greenville, South Carolina, 29615, United States', 'SIC Code': '49,495', 'NAICS Code': '22,221', 'revenue': '$5.7M', 'Number of Employees': '<25', 'LinkedIn url': 'http://www.linkedin.com/company/3r-inc'}
{'company_name_zoominfo': 'Rapid Removal', 'website': 'www.rapidremoval.net', 'headquarters': '4105 Burns Rd, Palm Beach Gardens, Florida, 33410, United States', 'SIC Code': '17,179', 'NAICS Code': '23,238', 'revenue': '$9.8M', 'Number of Employees': '27', 'LinkedIn url': 'http://www.linkedin.com/company/rapid-removal-inc.'}
{'company_name_zoominfo': 'Empire Disposal', 'website': 'www.empiredisposal.com', 'headquarters': '5301 Sun Valley Dr, Ft Worth, Texas, United States', 'SIC Code': '49,495', 'NAICS Code': '56,562', 'revenue': '$11M', 'Number of Employees': '36', 'LinkedIn url': 'http://www.linkedin.com/company/empire-disposal'}
{'company_name_zoominfo': 'Lansing Recycling Center', 'website': 'www.lansingrecyclingcenter.com', 'headquarters': '5507 S Cedar St, Lansing, Michigan, 48911, United States', 'SIC Code': '49,495', 'NAICS Code': '56,562', 'revenue': '<$5M', 'Number of Employees': '<25', 'LinkedIn url': 'http://www.linkedin.com/company/recycledepot'}
{'company_name_zoominfo': '374Water', 'website': 'www.374water.com', 'headquarters': '410 Main St Ste 410, Durham, North Carolina, 27701, United States', 'SIC Code': '49,494', 'NAICS Code': '22,221', 'revenue': '<$5M', 'Number of Employees': '<25', 'LinkedIn url': 'http://www.linkedin.com/company/374water'}
{'company_name_zoominfo': "Sonny's Solid Waste Service", 'website': 'www.sonnyssolidwaste.com', 'headquarters': '451 Smith Ave, Sikeston, Missouri, 63801, United States', 'SIC Code': '49,495', 'NAICS Code': '56,562', 'revenue': '$7.1M', 'Number of Employees': '28', 'LinkedIn url': '!not-found'}
{'company_name_zoominfo': 'Pacific Waste Systems', 'website': 'www.pacificwastesystems.com', 'headquarters': '265 Mamis St, Tamuning, Gu, 96913, Guam', 'SIC Code': '42,421', 'NAICS Code': '56,562', 'revenue': '$5.5M', 'Number of Employees': '<25', 'LinkedIn url': '!not-found'}
{'company_name_zoominfo': 'Rivanna Authorities', 'website': 'www.rivanna.org', 'headquarters': '695 Moores Creek Ln, Charlottesville, Virginia, 22902, United States', 'SIC Code': '95,951', 'NAICS Code': '92,924', 'revenue': '$17.1M', 'Number of Employees': '72', 'LinkedIn url': 'http://www.linkedin.com/company/rivanna-water-and-sewer-authority'}
{'company_name_zoominfo': 'NotAvailable', 'website': 'NotAvailable', 'headquarters': 'NotAvailable', 'SIC Code': 'NotAvailable', 'NAICS Code': 'NotAvailable', 'revenue': 'NotAvailable', 'Number of Employees': 'NotAvailable', 'LinkedIn url': 'NotAvailable'}
{'company_name_zoominfo': '!not-found', 'website': 'Big Sky Environmental', 'headquarters': '!not-found', 'SIC Code': '!not-found', 'NAICS Code': '!not-found', 'revenue': '!not-found', 'Number of Employees': '!not-found', 'LinkedIn url': '!not-found'}
renewing ip
429
2620:7:6001::157
{'company_name_zoominfo': 'Fluid Tech', 'website': 'www.fluidtechllc.com', 'headquarters': '146 Industrial Park Rd, Sweetwater, Tennessee, 37874, United States', 'SIC Code': '49,495', 'NAICS Code': '56,562', 'revenue': '<$5M', 'Number of Employees': '<25', 'LinkedIn url': 'http://www.linkedin.com/company/fluid-tech-llc'}
{'company_name_zoominfo': 'Advanced Waste Management Systems', 'website': 'www.awm.net', 'headquarters': '6430 Hixson Pike, Hixson, Tennessee, 37343, United States', 'SIC Code': '89,899', 'NAICS Code': '54,541', 'revenue': '<$5M', 'Number of Employees': '<25', 'LinkedIn url': 'http://www.linkedin.com/company/advanced-waste-mgmt-systs-inc'}
{'company_name_zoominfo': 'Waste Management', 'website': 'www.wm.com', 'headquarters': '800 Capitol St Ste 3000, Houston, Texas, 77002, United States', 'SIC Code': '49,495', 'NAICS Code': '56,561', 'revenue': '$19.4B', 'Number of Employees': '48,500', 'LinkedIn url': 'http://www.linkedin.com/company/waste-management'}
{'company_name_zoominfo': 'Gbb', 'website': 'www.gbbinc.com', 'headquarters': '2010 Corporate Rdg Ste 510, Mclean, Virginia, 22102, United States', 'SIC Code': '95,951', 'NAICS Code': '92,924', 'revenue': '$6.2M', 'Number of Employees': '<25', 'LinkedIn url': 'http://www.linkedin.com/company/gershman-brickner-&-bratton-inc-'}
{'company_name_zoominfo': 'Robbie D Wood', 'website': 'www.robbiedwood.com', 'headquarters': '1051 Old Warrior River Rd, Hueytown, Alabama, 35023, United States', 'SIC Code': '42,421', 'NAICS Code': '56,562', 'revenue': '$26.6M', 'Number of Employees': '134', 'LinkedIn url': 'http://www.linkedin.com/company/robbiedwood'}
{'company_name_zoominfo': 'Bertolotti Disposal', 'website': 'www.bertolottidisposal.com', 'headquarters': 'PO Box 127, Ceres, California, 95307, United States', 'SIC Code': '49,495', 'NAICS Code': '56,562', 'revenue': '$21.1M', 'Number of Employees': '104', 'LinkedIn url': 'http://www.linkedin.com/company/bertolotti-disposal-inc'}
{'company_name_zoominfo': 'Sound Disposal', 'website': 'www.sounddisposalinc.com', 'headquarters': 'PO Box 487, Edmonds, Washington, 98020, United States', 'SIC Code': '49,495', 'NAICS Code': '56,562', 'revenue': '<$5M', 'Number of Employees': '<25', 'LinkedIn url': '!not-found'}
{'company_name_zoominfo': 'Morris County Mua', 'website': 'www.mcmua.com', 'headquarters': '1100 Edwards Rd, Parsippany, New Jersey, 07054, United States', 'SIC Code': '95,951', 'NAICS Code': '92,924', 'revenue': '$18.4M', 'Number of Employees': '30', 'LinkedIn url': '!not-found'}
{'company_name_zoominfo': 'Bulldog Systems', 'website': 'www.bulldogsystemsllc.com', 'headquarters': '907 N Jackson St, Harrisburg, Illinois, 62946, United States', 'SIC Code': '42,421', 'NAICS Code': '56,562', 'revenue': '<$5M', 'Number of Employees': '<25', 'LinkedIn url': 'http://www.linkedin.com/company/bulldog-systems-llc'}
{'company_name_zoominfo': 'Spectrum Water Technology', 'website': 'www.spectrumwater.com', 'headquarters': '6135 Industrial Dr, Geismar, Louisiana, 70734, United States', 'SIC Code': '35,358', 'NAICS Code': '33,333', 'revenue': '$15.4M', 'Number of Employees': '51', 'LinkedIn url': 'http://www.linkedin.com/company/spectrum-water-technology'}
{'company_name_zoominfo': 'Innovative Waste Consulting Services', 'website': 'www.iwcs.biz', 'headquarters': '3720 NW 43rd St Ste 103, Gainesville, Florida, 32606, United States', 'SIC Code': '89,899', 'NAICS Code': '54,541', 'revenue': '<$5M', 'Number of Employees': '<25', 'LinkedIn url': 'http://www.linkedin.com/company/innovative-waste-consulting-services-llc'}
{'company_name_zoominfo': 'OPC Direct', 'website': 'www.omahapaper.com', 'headquarters': '6936 L St, Omaha, Nebraska, 68117, United States', 'SIC Code': '28,284', 'NAICS Code': '32,325', 'revenue': '$6.8M', 'Number of Employees': '25', 'LinkedIn url': 'http://www.linkedin.com/company/omaha-paper-company'}
{'company_name_zoominfo': 'StopWaste', 'website': 'www.stopwaste.org', 'headquarters': '1537 Webster St, Oakland, California, 94612, United States', 'SIC Code': '49,495', 'NAICS Code': '56,562', 'revenue': '$15.1M', 'Number of Employees': '28', 'LinkedIn url': 'http://www.linkedin.com/company/stopwaste.org'}
{'company_name_zoominfo': 'Clym Environmental Services', 'website': 'www.clymenvironmental.com', 'headquarters': '1539 Tilco Dr Ste 123, Frederick, Maryland, 21704, United States', 'SIC Code': '89,899', 'NAICS Code': '54,541', 'revenue': '$12.8M', 'Number of Employees': '27', 'LinkedIn url': 'http://www.linkedin.com/company/clym-environmental-services'}
{'company_name_zoominfo': 'Pro Waste', 'website': 'www.prowastedisposal.com', 'headquarters': '5300 Mcdermott Dr Unit C, Berkeley, Illinois, 60163, United States', 'SIC Code': '49,495', 'NAICS Code': '56,562', 'revenue': '<$5M', 'Number of Employees': '<25', 'LinkedIn url': '!not-found'}
{'company_name_zoominfo': 'Prestige Environmental', 'website': 'www.prestigeenvironmental.ca', 'headquarters': '844 Snyder Rd, Moose Jaw, Saskatchewan, S6H 4Y4, Canada', 'SIC Code': '89,899', 'NAICS Code': '54,541', 'revenue': '<$5M', 'Number of Employees': '<25', 'LinkedIn url': '!not-found'}
{'company_name_zoominfo': 'SLICK Response Services', 'website': 'www.slick-response.com', 'headquarters': '2690 Appelt Dr, Houston, Texas, 77015, United States', 'SIC Code': '42,421', 'NAICS Code': '56,562', 'revenue': '$5.4M', 'Number of Employees': '<25', 'LinkedIn url': 'http://www.linkedin.com/company/slick-response-services-ltd'}
{'company_name_zoominfo': 'Eagle Disposal', 'website': 'www.eagledisposalinc.com', 'headquarters': '21107 Omega Cir, Franksville, Wisconsin, 53126, United States', 'SIC Code': '49,495', 'NAICS Code': '56,562', 'revenue': '$10.2M', 'Number of Employees': '32', 'LinkedIn url': '!not-found'}
{'company_name_zoominfo': 'Immaculate Services', 'website': 'www.immaculate-services.business.site', 'headquarters': '131 Bream St, Palatka, Florida, 32177, United States', 'SIC Code': '89,899', 'NAICS Code': '54,541', 'revenue': '<$5M', 'Number of Employees': '<25', 'LinkedIn url': '!not-found'}
{'company_name_zoominfo': 'OP/TECH USA', 'website': 'www.optechusa.com', 'headquarters': '304 Andrea Dr, Belgrade, Montana, 59714, United States', 'SIC Code': '23,38', 'NAICS Code': '33,333', 'revenue': '$17.6M', 'Number of Employees': '43', 'LinkedIn url': 'http://www.linkedin.com/company/662338'}
{'company_name_zoominfo': 'Universal Fluid Services', 'website': 'www.universalfluids.com', 'headquarters': '2950 N Loop West Ste 130, Houston, Texas, 77092, United States', 'SIC Code': '13,138', 'NAICS Code': '21,213', 'revenue': '<$5M', 'Number of Employees': '<25', 'LinkedIn url': 'http://www.linkedin.com/company/universal-fluid-services-llc'}
{'company_name_zoominfo': 'Waste Control Services', 'website': 'www.wastecontrolservices.com', 'headquarters': '51 Glacier St, Coquitlam, British Columbia, V3K 5Y6, Canada', 'SIC Code': '49,495', 'NAICS Code': '56,562', 'revenue': '$27.6M', 'Number of Employees': '96', 'LinkedIn url': 'http://www.linkedin.com/company/waste-control-services'}
{'company_name_zoominfo': 'Garden State Waste Management', 'website': 'www.gardenstatewastenj.com', 'headquarters': '5 Eastmans Rd Ste 2, Parsippany, New Jersey, 07054, United States', 'SIC Code': '42,421', 'NAICS Code': '56,562', 'revenue': '<$5M', 'Number of Employees': '<25', 'LinkedIn url': 'http://www.linkedin.com/company/garden-state-waste-management'}
renewing ip
429
2001:67c:6ec:203:192:42:116:196
renewing ip
429
2a0b:f4c1:2::244
{'company_name_zoominfo': '!not-found', 'website': 'Ids', 'headquarters': '!not-found', 'SIC Code': '!not-found', 'NAICS Code': '!not-found', 'revenue': '!not-found', 'Number of Employees': '!not-found', 'LinkedIn url': '!not-found'}
{'company_name_zoominfo': 'Universal Solutions International', 'website': 'www.usi-inc.net', 'headquarters': '11827 Canon Blvd Ste 203, Newport News, Virginia, 23606, United States', 'SIC Code': '87,874', 'NAICS Code': '54,541', 'revenue': '$17.2M', 'Number of Employees': '50', 'LinkedIn url': 'http://www.linkedin.com/company/universal-solutions-international-inc.'}
{'company_name_zoominfo': 'Disposal & Recycling', 'website': 'www.365disposalandrecycling.com', 'headquarters': '11153 Tuxford St, Sun Valley, California, 91352, United States', 'SIC Code': '49,495', 'NAICS Code': '56,562', 'revenue': '<$5M', 'Number of Employees': '<25', 'LinkedIn url': '!not-found'}
{'company_name_zoominfo': 'Ancon', 'website': 'www.anconservices.com', 'headquarters': '22707 Wilmington Ave, Carson, California, 90745, United States', 'SIC Code': '47,473', 'NAICS Code': '48,488', 'revenue': '$13.5M', 'Number of Employees': '39', 'LinkedIn url': 'http://www.linkedin.com/company/ancon-industrial-services'}
{'company_name_zoominfo': 'Global Refining Group', 'website': 'www.globalrefininggroup.com', 'headquarters': '618 Main St, Kenbridge, Virginia, 23944, United States', 'SIC Code': '33,334', 'NAICS Code': '33,331', 'revenue': '$6.1M', 'Number of Employees': '25', 'LinkedIn url': 'http://www.linkedin.com/company/global-refining-group'}
{'company_name_zoominfo': 'Evirum', 'website': 'www.evirum.ca', 'headquarters': '200-2250 Blvd Saint-martin Est, Laval, Quebec, H7E 5A4, Canada', 'SIC Code': '49,495', 'NAICS Code': '56,562', 'revenue': '<$5M', 'Number of Employees': '<25', 'LinkedIn url': 'http://www.linkedin.com/company/evirum'}
{'company_name_zoominfo': 'Eberline Services', 'website': 'www.eberlineservices.com', 'headquarters': '8429 Washington Pl NE Ste B, Albuquerque, New Mexico, 87113, United St...', 'SIC Code': '89,899', 'NAICS Code': '54,541', 'revenue': '$11.9M', 'Number of Employees': '35', 'LinkedIn url': 'http://www.linkedin.com/company/eberline-services-richmond-ca'}
{'company_name_zoominfo': 'Recycling', 'website': 'www.gogreendistrict.com', 'headquarters': '3400 S Walnut St, Bloomington, Indiana, 47401, United States', 'SIC Code': '49,495', 'NAICS Code': '22,221', 'revenue': '$7.1M', 'Number of Employees': '27', 'LinkedIn url': 'http://www.linkedin.com/company/monroe-county-solid-waste'}
{'company_name_zoominfo': 'Oil Recovery', 'website': 'www.oilrecoverycorp.com', 'headquarters': '138 Palmer Ave, West Springfield, Massachusetts, 01089, United States', 'SIC Code': '42,421', 'NAICS Code': '56,562', 'revenue': '$5.2M', 'Number of Employees': '<25', 'LinkedIn url': 'http://www.linkedin.com/company/oil-recovery-corporation'}
{'company_name_zoominfo': 'Stand Up Guys Junk Removal', 'website': 'www.standupguys.biz', 'headquarters': '4707 Gandy Blvd Ste 21, Tampa, Florida, 33611, United States', 'SIC Code': '42,421', 'NAICS Code': '56,562', 'revenue': '<$5M', 'Number of Employees': '52', 'LinkedIn url': 'http://www.linkedin.com/company/stand-up-guys-junk-removal'}
{'company_name_zoominfo': 'Dejana Industries', 'website': 'www.dejanaindustries.com', 'headquarters': '165 Cantiague Rock Rd, Westbury, New York, 11590, United States', 'SIC Code': '49,495', 'NAICS Code': '48,488', 'revenue': '$56.8M', 'Number of Employees': '175', 'LinkedIn url': 'http://www.linkedin.com/company/dejana-industries'}
{'company_name_zoominfo': 'Fas Environmental Services', 'website': 'www.fasenvironmental.com', 'headquarters': '1081 Hwy 70 Ste B, Pierre Part, Louisiana, 70339, United States', 'SIC Code': '89,899', 'NAICS Code': '54,541', 'revenue': '<$5M', 'Number of Employees': '<25', 'LinkedIn url': '!not-found'}
{'company_name_zoominfo': 'Red Earth Environmental', 'website': 'www.safered.com', 'headquarters': '2917 Chadwicke Dr, Edmond, Oklahoma, 73013, United States', 'SIC Code': '49,495', 'NAICS Code': '56,562', 'revenue': '<$5M', 'Number of Employees': '<25', 'LinkedIn url': '!not-found'}
{'company_name_zoominfo': 'Legacy Environmental Services', 'website': 'www.legacyenv.com', 'headquarters': '10115 Ravenwood Dr Ste B, Saint John, Indiana, 46373, United States', 'SIC Code': '89,899', 'NAICS Code': '54,541', 'revenue': '<$5M', 'Number of Employees': '<25', 'LinkedIn url': 'http://www.linkedin.com/company/legacy-environmental-services'}
{'company_name_zoominfo': 'MP Environmental Services', 'website': 'www.mpenviro.com', 'headquarters': '3400 Manor St, Bakersfield, California, 93308, United States', 'SIC Code': '49,42', 'NAICS Code': '48,484', 'revenue': '$43.6M', 'Number of Employees': '183', 'LinkedIn url': 'http://www.linkedin.com/company/m-p-environmental-services'}
{'company_name_zoominfo': 'Ecology Services', 'website': 'www.ecologyservices.com', 'headquarters': '9135 Guilford Rd Ste 200, Columbia, Maryland, 21046, United States', 'SIC Code': '49,42', 'NAICS Code': '56,562', 'revenue': '$14.3M', 'Number of Employees': '42', 'LinkedIn url': 'http://www.linkedin.com/company/ecology-health'}
{'company_name_zoominfo': 'D&O Garbage Service', 'website': 'www.dogarbage.com', 'headquarters': '1140 Boone Rd SE, Salem, Oregon, 97306, United States', 'SIC Code': '49,495', 'NAICS Code': '56,562', 'revenue': '$7.7M', 'Number of Employees': '31', 'LinkedIn url': 'http://www.linkedin.com/company/d&o-garbage-service-inc-'}
{'company_name_zoominfo': 'Burrtec Waste Industries, Inc.', 'website': 'www.burrtec.com', 'headquarters': '9820 Cherry Ave, Fontana, California, 92335, United States', 'SIC Code': '42,421', 'NAICS Code': '56,562', 'revenue': '$300.6M', 'Number of Employees': '2,234', 'LinkedIn url': 'http://www.linkedin.com/company/burrtec-waste-industries-inc.'}
{'company_name_zoominfo': 'Cero Cooperative', 'website': 'www.cero.coop', 'headquarters': '1452 Dorchester Ave Ste 4, Dorchester, Massachusetts, 02122, United St...', 'SIC Code': '28,287', 'NAICS Code': '32,325', 'revenue': '<$5M', 'Number of Employees': '<25', 'LinkedIn url': 'http://www.linkedin.com/company/cero-cooperative-inc'}
{'company_name_zoominfo': 'Selrico Services', 'website': 'www.selricoservices.com', 'headquarters': '717 W Ashby Pl, San Antonio, Texas, 78212, United States', 'SIC Code': '73,734', 'NAICS Code': '56,561', 'revenue': '$24.8M', 'Number of Employees': '261', 'LinkedIn url': 'http://www.linkedin.com/company/selrico-service-inc'}
{'company_name_zoominfo': 'Waste Now', 'website': 'www.wastenow.com', 'headquarters': '1228 W Breckinridge St, Louisville, Kentucky, 40210, United States', 'SIC Code': '49,495', 'NAICS Code': '56,562', 'revenue': '<$5M', 'Number of Employees': '<25', 'LinkedIn url': 'http://www.linkedin.com/company/waste-pro-portable-restrooms-&-dumpsters'}
{'company_name_zoominfo': '!not-found', 'website': 'Salinas Valley Chamber of Commerce', 'headquarters': '!not-found', 'SIC Code': '!not-found', 'NAICS Code': '!not-found', 'revenue': '!not-found', 'Number of Employees': '!not-found', 'LinkedIn url': '!not-found'}
{'company_name_zoominfo': 'Strategic Environmental Services', 'website': 'www.strategic-es.com', 'headquarters': '362 Putnam Hill Rd, Sutton, Massachusetts, 01590, United States', 'SIC Code': '17,179', 'NAICS Code': '56,562', 'revenue': '$5.1M', 'Number of Employees': '<25', 'LinkedIn url': 'http://www.linkedin.com/company/jm-environmental-corp.'}
{'company_name_zoominfo': 'Nauset Disposal', 'website': 'www.nausetdisposal.com', 'headquarters': '3 Rayber Rd, Orleans, Massachusetts, 02653, United States', 'SIC Code': '49,495', 'NAICS Code': '56,562', 'revenue': '$5.3M', 'Number of Employees': '<25', 'LinkedIn url': 'http://www.linkedin.com/company/nauset-disposal'}
renewing ip
429
2a0b:f4c2:2::38
renewing ip
429
2620:7:6001::160
{'company_name_zoominfo': 'Clark Environmental', 'website': 'www.clarkenvironmental.com', 'headquarters': '755 Prairie Industrial Pkwy, Mulberry, Florida, 33860, United States', 'SIC Code': '89,899', 'NAICS Code': '54,541', 'revenue': '<$5M', 'Number of Employees': '<25', 'LinkedIn url': 'http://www.linkedin.com/company/clark-environmental'}
{'company_name_zoominfo': 'Advanced Environmental Solutions', 'website': 'www.aesnm.com', 'headquarters': '2318 Roldan Dr, Belen, New Mexico, 87002, United States', 'SIC Code': '49,87', 'NAICS Code': '23,236', 'revenue': '$5.1M', 'Number of Employees': '<25', 'LinkedIn url': 'http://www.linkedin.com/company/haloedsolutions'}
{'company_name_zoominfo': 'Precision Waste Solutions', 'website': 'www.precisionwastesolutions.com', 'headquarters': '8118 Jewella Ave, Shreveport, Louisiana, 71108, United States', 'SIC Code': '49,495', 'NAICS Code': '56,562', 'revenue': '<$5M', 'Number of Employees': '<25', 'LinkedIn url': 'http://www.linkedin.com/company/precision-waste-solutions-llc'}
{'company_name_zoominfo': 'El Paso Disposal', 'website': 'www.elpasodisposal.com', 'headquarters': '5539 El Paso Dr, El Paso, Texas, 79905, United States', 'SIC Code': '42,421', 'NAICS Code': '56,562', 'revenue': '$6M', 'Number of Employees': '<25', 'LinkedIn url': '!not-found'}
{'company_name_zoominfo': 'Reliable Paper Recycling', 'website': 'www.reliablepaperrecycling.com', 'headquarters': '1 Caven Point Ave, Jersey City, New Jersey, 07305, United States', 'SIC Code': '49,495', 'NAICS Code': '56,562', 'revenue': '$26.5M', 'Number of Employees': '100', 'LinkedIn url': 'http://www.linkedin.com/company/reliable-paper-recycling-inc.'}
{'company_name_zoominfo': 'Amazon Web Services', 'website': 'aws.amazon.com', 'headquarters': '410 Terry Ave N, Seattle, Washington, 98109, United States', 'SIC Code': '73,737', 'NAICS Code': '51,518', 'revenue': '$28.6B', 'Number of Employees': '25,384', 'LinkedIn url': 'http://www.linkedin.com/company/amazon-web-services'}
{'company_name_zoominfo': 'Sunbelt Rentals', 'website': 'www.sunbeltrentals.com', 'headquarters': '2341 Deerfield Dr, Fort Mill, South Carolina, 29715, United States', 'SIC Code': '73,735', 'NAICS Code': '53,532', 'revenue': '$7.1B', 'Number of Employees': '15,000', 'LinkedIn url': 'http://www.linkedin.com/company/sunbelt-rentals'}
{'company_name_zoominfo': 'Busch Systems', 'website': 'www.buschsystems.com', 'headquarters': '81 Rawson Ave, Barrie, Ontario, L4N 6E5, Canada', 'SIC Code': '30,308', 'NAICS Code': '32,326', 'revenue': '$16.6M', 'Number of Employees': '64', 'LinkedIn url': 'http://www.linkedin.com/company/busch-systems'}
{'company_name_zoominfo': 'BCEP Solid Waste District', 'website': 'www.bcepsolidwaste.com', 'headquarters': '115 Laconia Rd, Pittsfield, New Hampshire, 03263, United States', 'SIC Code': '49,495', 'NAICS Code': '56,562', 'revenue': '<$5M', 'Number of Employees': '<25', 'LinkedIn url': 'http://www.linkedin.com/company/bcep-solid-waste-district'}
{'company_name_zoominfo': 'Northstar CSD', 'website': 'www.northstarcsd.org', 'headquarters': '900 Northstar Dr, Northstar, California, 96161, United States', 'SIC Code': '70,701', 'NAICS Code': '72,721', 'revenue': '$22.1M', 'Number of Employees': '85', 'LinkedIn url': 'http://www.linkedin.com/company/northstar-community-services-district'}
{'company_name_zoominfo': 'Junk King', 'website': 'www.junk-king.com', 'headquarters': '1485 Bayshore Blvd 225, San Francisco, California, 94124, United State...', 'SIC Code': '42,421', 'NAICS Code': '56,562', 'revenue': '$55M', 'Number of Employees': '86', 'LinkedIn url': 'http://www.linkedin.com/company/junk-king'}
{'company_name_zoominfo': 'American Environmental Landfill', 'website': 'www.aelok.com', 'headquarters': '207 N 177th West Ave, Sand Springs, Oklahoma, 74063, United States', 'SIC Code': '49,495', 'NAICS Code': '56,562', 'revenue': '$10.8M', 'Number of Employees': '51', 'LinkedIn url': 'http://www.linkedin.com/company/american-environmental-landfill'}
{'company_name_zoominfo': 'Lautenbach Recycling', 'website': 'www.lautenbachrecycling.com', 'headquarters': '13084 Ball Rd, Mount Vernon, Washington, 98273, United States', 'SIC Code': '49,495', 'NAICS Code': '56,562', 'revenue': '$17.3M', 'Number of Employees': '66', 'LinkedIn url': 'http://www.linkedin.com/company/lautenbach-recycling'}
{'company_name_zoominfo': 'Eco-Pan', 'website': 'www.eco-pan.com', 'headquarters': '500 E 84th Ave Ste A5, Denver, Colorado, 80229, United States', 'SIC Code': '49,495', 'NAICS Code': '56,562', 'revenue': '$9.1M', 'Number of Employees': '45', 'LinkedIn url': 'http://www.linkedin.com/company/eco-pan-inc-'}
{'company_name_zoominfo': 'Sierra Contracting', 'website': 'www.sierracontracting.net', 'headquarters': '5256 S Mission Rd, Bonsall, California, 92003, United States', 'SIC Code': '17,179', 'NAICS Code': '23,238', 'revenue': '<$5M', 'Number of Employees': '<25', 'LinkedIn url': 'http://www.linkedin.com/company/sierra-contracting-corp'}
{'company_name_zoominfo': 'Cascade Disposal', 'website': 'www.cascadedisposal.com', 'headquarters': '1300 SE Wilson Ave, Bend, Oregon, 97702, United States', 'SIC Code': '49,495', 'NAICS Code': '56,562', 'revenue': '$7.9M', 'Number of Employees': '<25', 'LinkedIn url': '!not-found'}
{'company_name_zoominfo': 'Clinch Mountain Transport', 'website': 'www.clinchmountaintransport.com', 'headquarters': '218 Old Mountain Rd, Thorn Hill, Tennessee, 37881, United States', 'SIC Code': '47,473', 'NAICS Code': '48,484', 'revenue': '$14.7M', 'Number of Employees': '50', 'LinkedIn url': 'http://www.linkedin.com/company/clinch-mountain-transport'}
{'company_name_zoominfo': 'Varner Bros', 'website': 'www.varnerbros.com', 'headquarters': '1808 Roberts Ln, Bakersfield, California, 93308, United States', 'SIC Code': '54,541', 'NAICS Code': '44,445', 'revenue': '<$5M', 'Number of Employees': '<25', 'LinkedIn url': '!not-found'}
{'company_name_zoominfo': 'Pellitteri Waste Systems', 'website': 'www.pellitteri.com', 'headquarters': '7035 Raywood Rd, Madison, Wisconsin, 53713, United States', 'SIC Code': '49,495', 'NAICS Code': '56,562', 'revenue': '$22.9M', 'Number of Employees': '84', 'LinkedIn url': 'http://www.linkedin.com/company/pellitteri-waste-systems'}
{'company_name_zoominfo': 'Wastebuilt', 'website': 'www.wastebuilt.com', 'headquarters': '560 Territorial Dr, Bolingbrook, Illinois, 60440, United States', 'SIC Code': '37,371', 'NAICS Code': '33,336', 'revenue': '$35.2M', 'Number of Employees': '150', 'LinkedIn url': 'http://www.linkedin.com/company/refuse-parts-depot'}
{'company_name_zoominfo': 'Millennium Waste', 'website': 'www.millenniumwasteinc.com', 'headquarters': '3606 78th Ave W, Rock Island, Illinois, 61201, United States', 'SIC Code': '49,495', 'NAICS Code': '56,562', 'revenue': '<$5M', 'Number of Employees': '<25', 'LinkedIn url': 'http://www.linkedin.com/company/millenium-waste-inc'}
{'company_name_zoominfo': 'NotAvailable', 'website': 'NotAvailable', 'headquarters': 'NotAvailable', 'SIC Code': 'NotAvailable', 'NAICS Code': 'NotAvailable', 'revenue': 'NotAvailable', 'Number of Employees': 'NotAvailable', 'LinkedIn url': 'NotAvailable'}
{'company_name_zoominfo': 'Flood Brothers Disposal', 'website': 'www.floodbrothersdisposal.com', 'headquarters': '17 W 609, Oakbrook Terrace, Illinois, 60181, United States', 'SIC Code': '46,461', 'NAICS Code': '56,562', 'revenue': '$24.4M', 'Number of Employees': '87', 'LinkedIn url': 'http://www.linkedin.com/company/flood-brothers-disposal-and-recycling-services'}
{'company_name_zoominfo': 'EcoSafe', 'website': 'ecosafe.green', 'headquarters': '19074 22nd Ave, Surrey, British Columbia, V3Z 3S6, Canada', 'SIC Code': '30,308', 'NAICS Code': '32,326', 'revenue': '<$5M', 'Number of Employees': '<25', 'LinkedIn url': 'http://www.linkedin.com/company/plastics-solutions---ecosafe'}
{'company_name_zoominfo': 'Hainesport Transfer', 'website': 'www.hainesporttransfer.com', 'headquarters': '5900 Sylon Blvd, Hainesport, New Jersey, 08036, United States', 'SIC Code': '49,495', 'NAICS Code': '56,562', 'revenue': '<$5M', 'Number of Employees': '<25', 'LinkedIn url': 'http://www.linkedin.com/company/hainesport-transfer'}
{'company_name_zoominfo': 'Thomas Gray and Associates', 'website': 'www.tgainc.com', 'headquarters': '1205 W Barkley Ave, Orange, California, 92868, United States', 'SIC Code': '42,421', 'NAICS Code': '56,562', 'revenue': '<$5M', 'Number of Employees': '<25', 'LinkedIn url': 'http://www.linkedin.com/company/thomas-gray-as'}
{'company_name_zoominfo': 'Crown Recycling Facility', 'website': 'www.crownrecyclingfacility.net', 'headquarters': '865 Youngs Ave, Riverhead, New York, 11901, United States', 'SIC Code': '49,495', 'NAICS Code': '56,562', 'revenue': '$6.5M', 'Number of Employees': '<25', 'LinkedIn url': 'http://www.linkedin.com/company/crown-recycling-facility'}
renewing ip
429
2a0b:f4c2::16
renewing ip
429
2001:67c:6ec:203:192:42:116:196
renewing ip
429
2a0b:f4c2:1::1
renewing ip
429
2a0b:f4c2:1::1
renewing ip
429
2620:7:6001::185
{'company_name_zoominfo': 'Gill Hauling', 'website': 'www.gillhaulingnebraska.com', 'headquarters': '1364 Hwy 20, Jackson, Nebraska, 68743, United States', 'SIC Code': '42,421', 'NAICS Code': '56,562', 'revenue': '$14.7M', 'Number of Employees': '70', 'LinkedIn url': 'http://www.linkedin.com/company/gill-hauling-inc'}
{'company_name_zoominfo': 'Currency Exchange International', 'website': 'www.ceifx.com', 'headquarters': '6675 Westwood Blvd Ste 300, Orlando, Florida, 32821, United States', 'SIC Code': '61,615', 'NAICS Code': '52,522', 'revenue': '$44.4M', 'Number of Employees': '204', 'LinkedIn url': 'http://www.linkedin.com/company/currency-exchange-international'}
{'company_name_zoominfo': 'Arizona Pacific Pulp and Paper', 'website': 'www.recycle1az.com', 'headquarters': '3209 S 36th St, Phoenix, Arizona, 85040, United States', 'SIC Code': '49,50', 'NAICS Code': '22,221', 'revenue': '$19.1M', 'Number of Employees': '76', 'LinkedIn url': 'http://www.linkedin.com/company/recycle1'}
{'company_name_zoominfo': 'JD2 Environmental', 'website': 'www.jd2env.com', 'headquarters': '800 E Washington St, West Chester, Pennsylvania, 19380, United States', 'SIC Code': '89,899', 'NAICS Code': '54,541', 'revenue': '<$5M', 'Number of Employees': '<25', 'LinkedIn url': 'http://www.linkedin.com/company/jd2-environmental'}
{'company_name_zoominfo': 'CsC Mechanical', 'website': 'www.cscmechanicalinc.com', 'headquarters': '!not-found', 'SIC Code': '17,171', 'NAICS Code': '23,238', 'revenue': '<$5M', 'Number of Employees': '<25', 'LinkedIn url': 'http://www.linkedin.com/company/csc-mechanical-inc'}
{'company_name_zoominfo': 'RethinkWaste', 'website': 'www.rethinkwaste.org', 'headquarters': '610 Elm St Ste 202, San Carlos, California, 94070, United States', 'SIC Code': '49,495', 'NAICS Code': '56,562', 'revenue': '$5.8M', 'Number of Employees': '<25', 'LinkedIn url': 'http://www.linkedin.com/company/south-bayside-waste-management-authority'}
{'company_name_zoominfo': 'G Mello Disposal', 'website': 'www.mellodisposal.com', 'headquarters': '95 Tenney St, Georgetown, Massachusetts, 01833, United States', 'SIC Code': '49,495', 'NAICS Code': '56,562', 'revenue': '$10.8M', 'Number of Employees': '54', 'LinkedIn url': 'http://www.linkedin.com/company/g.-mello-disposal-corp'}
{'company_name_zoominfo': 'Amwaste', 'website': 'www.amwaste.net', 'headquarters': '1400 Porter Rd, Sylvan Springs, Alabama, 35118, United States', 'SIC Code': '49,495', 'NAICS Code': '56,562', 'revenue': '$26.6M', 'Number of Employees': '108', 'LinkedIn url': 'http://www.linkedin.com/company/matter-management'}
