{'company_name_zoominfo': 'Terravox', 'website': 'www.terravox.fr', 'headquarters': 'Paris, Île-de-France, France', 'SIC Code': '51,514', 'NAICS Code': '44,445', 'revenue': '<$5M', 'Number of Employees': '<25', 'LinkedIn url': 'https://www.linkedin.com/company/terravox-france'}
{'company_name_zoominfo': 'TerraLog', 'website': 'www.terralog.hr', 'headquarters': '1 Cehovska Ulica, Varazdin, Varazdinska, 42000, Croatia', 'SIC Code': '37,374', 'NAICS Code': '33,336', 'revenue': '<$5M', 'Number of Employees': '<25', 'LinkedIn url': 'http://www.linkedin.com/company/terralog'}
{'company_name_zoominfo': 'The Cannington Group', 'website': 'www.thecanningtongroup.ca', 'headquarters': '4 4 Fortecon Dr, Stouffville, Ontario, L4A 2G8, Canada', 'SIC Code': '15,152', 'NAICS Code': '23,236', 'revenue': '$6.6M', 'Number of Employees': '<25', 'LinkedIn url': 'http://www.linkedin.com/company/cannington-construction'}
{'company_name_zoominfo': 'Dumpster', 'website': 'www.dumpsterco.com', 'headquarters': '1955 W Commerce Ave, Gilbert, Arizona, 85233, United States', 'SIC Code': '49,495', 'NAICS Code': '56,562', 'revenue': '<$5M', 'Number of Employees': '<25', 'LinkedIn url': '!not-found'}
{'company_name_zoominfo': 'Clubpallets.com', 'website': 'www.clubpallets.com', 'headquarters': '609 SW 8th St Ste 140, Bentonville, Arkansas, 72712, United States', 'SIC Code': '24,244', 'NAICS Code': '32,321', 'revenue': '<$5M', 'Number of Employees': '<25', 'LinkedIn url': 'http://www.linkedin.com/company/clubpallets-com'}
{'company_name_zoominfo': 'Thelin Recycling', 'website': 'www.thelinrecycling.com', 'headquarters': '5225 Thelin St, Fort Worth, Texas, 76115, United States', 'SIC Code': '49,495', 'NAICS Code': '56,562', 'revenue': '$12.4M', 'Number of Employees': '52', 'LinkedIn url': '!not-found'}
{'company_name_zoominfo': 'Thomas Refuse Service', 'website': 'www.thomasrefuse.com', 'headquarters': 'PO Box 3027, Lake Isabella, California, 93240, United States', 'SIC Code': '49,495', 'NAICS Code': '56,562', 'revenue': '<$5M', 'Number of Employees': '<25', 'LinkedIn url': '!not-found'}
{'company_name_zoominfo': 'Paper Tiger Shredding', 'website': 'www.papertigershredding.com', 'headquarters': '4201 Lowell Cir, Lincoln, Nebraska, 68502, United States', 'SIC Code': '49,495', 'NAICS Code': '56,562', 'revenue': '$6.4M', 'Number of Employees': '<25', 'LinkedIn url': 'http://www.linkedin.com/company/tiger-shredding'}
{'company_name_zoominfo': 'On Time Disposal', 'website': 'www.ontimedisposal.net', 'headquarters': 'PO Box 408, Monroe, New York, 10949, United States', 'SIC Code': '49,495', 'NAICS Code': '56,562', 'revenue': '$5M', 'Number of Employees': '<25', 'LinkedIn url': 'http://www.linkedin.com/company/on-time-disposal'}
{'company_name_zoominfo': 'TMC Environmental', 'website': 'www.tmcenviro.com', 'headquarters': '67 Oakwood Rd, Lake Zurich, Illinois, 60047, United States', 'SIC Code': '87,871', 'NAICS Code': '54,541', 'revenue': '<$5M', 'Number of Employees': '<25', 'LinkedIn url': 'http://www.linkedin.com/company/tmc-environmental-inc'}
{'company_name_zoominfo': 'Top Job Janitorial Services', 'website': 'www.topjobinc.com', 'headquarters': '107 Dunbar Ave Ste D, Oldsmar, Florida, 34677, United States', 'SIC Code': '73,734', 'NAICS Code': '56,561', 'revenue': '<$5M', 'Number of Employees': '<25', 'LinkedIn url': 'http://www.linkedin.com/company/topjobinc'}
{'company_name_zoominfo': 'Topco Pallet Recycling', 'website': 'www.topcopallets.ca', 'headquarters': '8-10619 Timberland Rd, Surrey, British Columbia, V3V 3T3, Canada', 'SIC Code': '24,244', 'NAICS Code': '32,321', 'revenue': '<$5M', 'Number of Employees': '<25', 'LinkedIn url': 'http://www.linkedin.com/company/topco-pallet-recycling-ltd'}
{'company_name_zoominfo': 'Tor Can Waste Reduction Management', 'website': 'www.torcanwaste.com', 'headquarters': '6465 Danville Rd, Mississauga, Ontario, L5T 2H7, Canada', 'SIC Code': '42,421', 'NAICS Code': '56,562', 'revenue': '$5.5M', 'Number of Employees': '<25', 'LinkedIn url': '!not-found'}
{'company_name_zoominfo': 'NotAvailable', 'website': 'NotAvailable', 'headquarters': 'NotAvailable', 'SIC Code': 'NotAvailable', 'NAICS Code': 'NotAvailable', 'revenue': 'NotAvailable', 'Number of Employees': 'NotAvailable', 'LinkedIn url': 'NotAvailable'}
{'company_name_zoominfo': 'Town of Kernersville', 'website': 'www.toknc.com', 'headquarters': '134 E Mountain St, Kernersville, North Carolina, 27284, United States', 'SIC Code': '91,911', 'NAICS Code': '92,921', 'revenue': '$32.4M', 'Number of Employees': '126', 'LinkedIn url': 'http://www.linkedin.com/company/town-of-kernersville'}
{'company_name_zoominfo': 'Green Star Pallet', 'website': 'www.greenstarpallet.com', 'headquarters': '60 Franklin St, Westfield, New York, 14787, United States', 'SIC Code': '24,244', 'NAICS Code': '32,321', 'revenue': '$8.7M', 'Number of Employees': '35', 'LinkedIn url': 'http://www.linkedin.com/company/in.js'}
{'company_name_zoominfo': 'Trash Away', 'website': 'www.trashaway.com', 'headquarters': '8390 Terminal Rd Ste D, Lorton, Virginia, 22079, United States', 'SIC Code': '42,421', 'NAICS Code': '56,562', 'revenue': '$28.4M', 'Number of Employees': '43', 'LinkedIn url': 'http://www.linkedin.com/company/trash-away-inc-'}
renewing ip
429
23.154.177.22
renewing ip
429
23.154.177.22
renewing ip
429
185.220.101.33
renewing ip
429
185.220.101.33
renewing ip
429
95.214.52.208
('Connection aborted.', RemoteDisconnected('Remote end closed connection without response'))
local variable 'page' referenced before assignment
{'company_name_zoominfo': '!not-found', 'website': '!not-found', 'headquarters': '!not-found', 'SIC Code': '!not-found', 'NAICS Code': '!not-found', 'revenue': '!not-found', 'Number of Employees': '!not-found', 'LinkedIn url': '!not-found'}
{'company_name_zoominfo': 'Tree Saver Pallets', 'website': 'www.treesaverpallets.com', 'headquarters': '6965 Clay St, Thompson, Ohio, 44086, United States', 'SIC Code': '24,244', 'NAICS Code': '32,321', 'revenue': '<$5M', 'Number of Employees': '<25', 'LinkedIn url': 'http://www.linkedin.com/company/tree-saver-pallets'}
{'company_name_zoominfo': 'Trident Waste & Recycling', 'website': 'www.tridentwastesc.com', 'headquarters': '2701 Rourk St, North Charleston, South Carolina, 29405, United States', 'SIC Code': '49,495', 'NAICS Code': '22,221', 'revenue': '<$5M', 'Number of Employees': '<25', 'LinkedIn url': 'http://www.linkedin.com/company/trident-waste-recycling-llc'}
{'company_name_zoominfo': 'Trilogy MedWaste', 'website': 'www.trilogymedwaste.com', 'headquarters': '8554 Katy Fwy Ste 200, Houston, Texas, 77024, United States', 'SIC Code': '49,495', 'NAICS Code': '56,562', 'revenue': '$12.4M', 'Number of Employees': '151', 'LinkedIn url': 'http://www.linkedin.com/company/trilogy-medwaste'}
{'company_name_zoominfo': 'Trinity Environmental Services', 'website': 'www.trinityenv.com', 'headquarters': '2500 N Fm 1788, Midland, Texas, 79707, United States', 'SIC Code': '49', 'NAICS Code': '22,221', 'revenue': '$17.5M', 'Number of Employees': '32', 'LinkedIn url': 'http://www.linkedin.com/company/trinity-storage-services-l-p-'}
{'company_name_zoominfo': 'Tritz Pallet Inc.', 'website': 'www.tritzpalletinc.com', 'headquarters': '1811 Industrial Road Southwest, Lemars, Iowa, 51031, United States', 'SIC Code': '24,242', 'NAICS Code': '32,321', 'revenue': '$7.7M', 'Number of Employees': '30', 'LinkedIn url': 'http://www.linkedin.com/company/tritz-pallet-inc.'}
{'company_name_zoominfo': 'Triumvirate Environmental', 'website': 'www.triumvirate.com', 'headquarters': '200 Inner Belt Rd, Somerville, Massachusetts, 02143, United States', 'SIC Code': '89,899', 'NAICS Code': '56,562', 'revenue': '$147.2M', 'Number of Employees': '613', 'LinkedIn url': 'http://www.linkedin.com/company/triumvirate-environmental'}
{'company_name_zoominfo': 'Tusaar', 'website': 'www.tusaar.com', 'headquarters': '1376 Miners Dr Ste 101, Lafayette, Colorado, 80026, United States', 'SIC Code': '32,329', 'NAICS Code': '32,327', 'revenue': '<$5M', 'Number of Employees': '<25', 'LinkedIn url': 'http://www.linkedin.com/company/tusaar-corp'}
{'company_name_zoominfo': 'Texas Dumpsters', 'website': 'www.txdumpsters.com', 'headquarters': '9346 Tx-106 Loop, San Antonio, Texas, 78263, United States', 'SIC Code': '49,495', 'NAICS Code': '56,562', 'revenue': '<$5M', 'Number of Employees': '<25', 'LinkedIn url': 'http://www.linkedin.com/company/tx-dumpsters'}
{'company_name_zoominfo': 'Utility Expense Reduction', 'website': 'www.uerus.com', 'headquarters': 'PO Box 443, New York City, New York, 10272, United States', 'SIC Code': '49,492', 'NAICS Code': '22,221', 'revenue': '$6.1M', 'Number of Employees': '<25', 'LinkedIn url': 'http://www.linkedin.com/company/utility-expense-reduction-llc'}
{'company_name_zoominfo': 'Ultimate Specialties', 'website': 'www.ultimatespecialtiesllc.com', 'headquarters': '740637 Po Box, Arvada, Colorado, 80006, United States', 'SIC Code': '35,358', 'NAICS Code': '33,333', 'revenue': '$5.4M', 'Number of Employees': '<25', 'LinkedIn url': '!not-found'}
{'company_name_zoominfo': 'Ucs', 'website': 'www.ucsks.com', 'headquarters': '7513 S Hwy 14, Hutchinson, Kansas, 67501, United States', 'SIC Code': '73,738', 'NAICS Code': '56,561', 'revenue': '<$5M', 'Number of Employees': '<25', 'LinkedIn url': '!not-found'}
{'company_name_zoominfo': '!not-found', 'website': '!not-found', 'headquarters': '!not-found', 'SIC Code': '!not-found', 'NAICS Code': '!not-found', 'revenue': '!not-found', 'Number of Employees': '!not-found', 'LinkedIn url': '!not-found'}
{'company_name_zoominfo': 'Universal Waste Systems', 'website': 'www.uwscompany.com', 'headquarters': '9016 Norwalk Blvd, Santa Fe Springs, California, 90670, United States', 'SIC Code': '49,495', 'NAICS Code': '56,562', 'revenue': '$43.8M', 'Number of Employees': '171', 'LinkedIn url': 'http://www.linkedin.com/company/universalwastesystems'}
{'company_name_zoominfo': 'All Waste Removal', 'website': 'www.allwasteremoval.com', 'headquarters': 'PO Box 297, Hampden, Massachusetts, 01036, United States', 'SIC Code': '49,495', 'NAICS Code': '56,562', 'revenue': '<$5M', 'Number of Employees': '<25', 'LinkedIn url': '!not-found'}
{'company_name_zoominfo': 'Uribe Refuse Services', 'website': 'www.uriberefuse.com', 'headquarters': '4600 N 48th St, Lincoln, Nebraska, 68504, United States', 'SIC Code': '42,421', 'NAICS Code': '56,562', 'revenue': '$19.2M', 'Number of Employees': '65', 'LinkedIn url': 'http://www.linkedin.com/company/uribe-refuse-service'}
{'company_name_zoominfo': 'Veit', 'website': 'www.veitusa.com', 'headquarters': '14000 Veit Pl, Rogers, Minnesota, 55374, United States', 'SIC Code': '65,655', 'NAICS Code': '23,237', 'revenue': '$429.6M', 'Number of Employees': '800', 'LinkedIn url': 'http://www.linkedin.com/company/veit-and-company-inc'}
{'company_name_zoominfo': 'MYCA Material Handling Solutions', 'website': 'www.mycamaterialhandling.com', 'headquarters': '223 E Chatham St Ste 102, Cary, North Carolina, 27511, United States', 'SIC Code': '47,473', 'NAICS Code': '54,541', 'revenue': '$49.4M', 'Number of Employees': '30', 'LinkedIn url': 'http://www.linkedin.com/company/myca-material-handling'}
renewing ip
429
2a03:94e0:243a:dead::1
{'company_name_zoominfo': 'N-Viro', 'website': 'www.marineservicesnz.com', 'headquarters': '12 Kent St, Picton, Marlborough, 7220, New Zealand', 'SIC Code': '73,738', 'NAICS Code': '56,561', 'revenue': '<$5M', 'Number of Employees': '<25', 'LinkedIn url': 'http://www.linkedin.com/company/marine-services-nz-limited'}
{'company_name_zoominfo': 'NotAvailable', 'website': 'NotAvailable', 'headquarters': 'NotAvailable', 'SIC Code': 'NotAvailable', 'NAICS Code': 'NotAvailable', 'revenue': 'NotAvailable', 'Number of Employees': 'NotAvailable', 'LinkedIn url': 'NotAvailable'}
{'company_name_zoominfo': 'Nationwide Green Consultants', 'website': 'www.nationwidegreenconsultants.com', 'headquarters': '11415 Deerfield Dr 8051, Truckee, California, 96162, United States', 'SIC Code': '49,495', 'NAICS Code': '56,562', 'revenue': '<$5M', 'Number of Employees': '<25', 'LinkedIn url': 'http://www.linkedin.com/company/nationwide-green-consultants'}
{'company_name_zoominfo': '!not-found', 'website': 'Denali Water Solutions', 'headquarters': '!not-found', 'SIC Code': '!not-found', 'NAICS Code': '!not-found', 'revenue': '!not-found', 'Number of Employees': '!not-found', 'LinkedIn url': '!not-found'}
{'company_name_zoominfo': 'Neowaste', 'website': 'www.neowaste.com', 'headquarters': '1107 Dowzer Ave, Pell City, Alabama, 35125, United States', 'SIC Code': '49,495', 'NAICS Code': '56,562', 'revenue': '<$5M', 'Number of Employees': '<25', 'LinkedIn url': '!not-found'}
{'company_name_zoominfo': 'Niagara Pallet', 'website': 'www.niagarapallet.ca', 'headquarters': '2906 S Grimsby Rd. 8, Smithville, Ontario, L0R 2A0, Canada', 'SIC Code': '24,244', 'NAICS Code': '32,321', 'revenue': '$5.3M', 'Number of Employees': '<25', 'LinkedIn url': 'http://www.linkedin.com/company/1537078'}
{'company_name_zoominfo': '!not-found', 'website': '!not-found', 'headquarters': '!not-found', 'SIC Code': '!not-found', 'NAICS Code': '!not-found', 'revenue': '!not-found', 'Number of Employees': '!not-found', 'LinkedIn url': '!not-found'}
{'company_name_zoominfo': 'North Wind', 'website': 'www.northwindgrp.com', 'headquarters': '1425 Higham St, Idaho Falls, Idaho, 83402, United States', 'SIC Code': '15,154', 'NAICS Code': '23,238', 'revenue': '$763.8M', 'Number of Employees': '1,200', 'LinkedIn url': 'http://www.linkedin.com/company/portage-co-'}
{'company_name_zoominfo': 'Northland Pallet', 'website': 'www.northlandpallet.com', 'headquarters': '13285 Fenway Blvd N, Hugo, Minnesota, 55038, United States', 'SIC Code': '24,244', 'NAICS Code': '32,321', 'revenue': '$12.4M', 'Number of Employees': '62', 'LinkedIn url': 'http://www.linkedin.com/company/northland-pallet-inc'}
{'company_name_zoominfo': 'National Response Corporation', 'website': 'www.nrcc.com', 'headquarters': 'Building 200 3500 Sunrise Hwy Ste 200, Great River, New York, 11739, U...', 'SIC Code': '83,832', 'NAICS Code': '62,624', 'revenue': '$287.9M', 'Number of Employees': '1,937', 'LinkedIn url': 'http://www.linkedin.com/company/sws-environmental-services'}
{'company_name_zoominfo': 'NotAvailable', 'website': 'NotAvailable', 'headquarters': 'NotAvailable', 'SIC Code': 'NotAvailable', 'NAICS Code': 'NotAvailable', 'revenue': 'NotAvailable', 'Number of Employees': 'NotAvailable', 'LinkedIn url': 'NotAvailable'}
{'company_name_zoominfo': "O'Kane Consultants", 'website': 'www.okc-sk.com', 'headquarters': 'PO Box 997, Butte, Montana, 59703, United States', 'SIC Code': '87,871', 'NAICS Code': '54,541', 'revenue': '$5.2M', 'Number of Employees': '29', 'LinkedIn url': 'http://www.linkedin.com/company/okaneconsultants'}
{'company_name_zoominfo': 'O6 Environmental Services', 'website': 'www.o6env.com', 'headquarters': '6311 Bartmer Industrial Dr, St. Louis, Missouri, 63130, United States', 'SIC Code': '17,179', 'NAICS Code': '56,562', 'revenue': '$6.5M', 'Number of Employees': '<25', 'LinkedIn url': 'http://www.linkedin.com/company/o6-enviromental-services'}
{'company_name_zoominfo': 'HD Supply', 'website': 'www.hdsupply.com', 'headquarters': '3400 Cumberland Blvd SE, Atlanta, Georgia, 30339, United States', 'SIC Code': '50,508', 'NAICS Code': '42,424', 'revenue': '$6.6B', 'Number of Employees': '10,298', 'LinkedIn url': 'http://www.linkedin.com/company/hd-supply'}
{'company_name_zoominfo': 'Georgia State Government', 'website': 'www.yelp.com/biz/georgia-state-government-odum-2', 'headquarters': '400 Blueberry Dr, Odum, Georgia, 31555, United States', 'SIC Code': '91,919', 'NAICS Code': '92,921', 'revenue': '$221.9M', 'Number of Employees': '112', 'LinkedIn url': '!not-found'}
{'company_name_zoominfo': 'The Owl Mag', 'website': 'www.theowlmag.com', 'headquarters': 'Oakland, California, 94610, United States', 'SIC Code': '89,899', 'NAICS Code': '51,512', 'revenue': '<$5M', 'Number of Employees': '<25', 'LinkedIn url': 'http://www.linkedin.com/company/the-owl-mag'}
{'company_name_zoominfo': 'Olcese Construction', 'website': 'www.olceseservices.com', 'headquarters': '125 Industrial Way, Carson City, Nevada, 89706, United States', 'SIC Code': '49,495', 'NAICS Code': '56,562', 'revenue': '<$5M', 'Number of Employees': '<25', 'LinkedIn url': 'http://www.linkedin.com/company/olcese-construction'}
{'company_name_zoominfo': 'Olympic Forest Products', 'website': 'www.olyforest.com', 'headquarters': '600 Stewart St Ste 400, Seattle, Washington, 98101, United States', 'SIC Code': '24,244', 'NAICS Code': '32,321', 'revenue': '$12M', 'Number of Employees': '<25', 'LinkedIn url': 'http://www.linkedin.com/company/3501839'}
{'company_name_zoominfo': 'Omaha Pumping', 'website': 'www.omahapumping.com', 'headquarters': 'PO Box 387, Elkhorn, Nebraska, 68022, United States', 'SIC Code': '76,769', 'NAICS Code': '56,562', 'revenue': '<$5M', 'Number of Employees': '<25', 'LinkedIn url': '!not-found'}
{'company_name_zoominfo': 'Onopa Services', 'website': 'www.onopa.com', 'headquarters': '2210 W 1st St, Sanford, Florida, 32771, United States', 'SIC Code': '87,874', 'NAICS Code': '56,561', 'revenue': '<$5M', 'Number of Employees': '<25', 'LinkedIn url': '!not-found'}
renewing ip
429
2a0b:f4c1:2::247
renewing ip
429
2001:67c:6ec:203:192:42:116:204
renewing ip
429
2a00:1b88:4::2
{'company_name_zoominfo': 'Optimé Supply Chain', 'website': 'www.optimesupplychain.com', 'headquarters': '5250 Old Orchard Rd Ste 300, Skokie, Illinois, 60077, United States', 'SIC Code': '47,473', 'NAICS Code': '54,541', 'revenue': '<$5M', 'Number of Employees': '<25', 'LinkedIn url': '!not-found'}
{'company_name_zoominfo': 'Optimum Waste USA', 'website': 'www.optimumwasteusa.com', 'headquarters': '445 Plasamour Dr NE Ste 1, Atlanta, Georgia, 30324, United States', 'SIC Code': '87,874', 'NAICS Code': '56,561', 'revenue': '$5.1M', 'Number of Employees': '<25', 'LinkedIn url': 'http://www.linkedin.com/company/optimum-waste-solutions-llc'}
{'company_name_zoominfo': 'OSI Environmental', 'website': 'www.osienv.com', 'headquarters': '104 S 15th Ave, Virginia, Minnesota, 55792, United States', 'SIC Code': '49,89', 'NAICS Code': '56,562', 'revenue': '$33.2M', 'Number of Employees': '218', 'LinkedIn url': 'http://www.linkedin.com/company/ori-recovery-inc'}
{'company_name_zoominfo': 'Pack Rat Hauling', 'website': 'www.packrathauling.com', 'headquarters': '16151 Mountain Ridge Ln, Purcellville, Virginia, 20132, United States', 'SIC Code': '42,421', 'NAICS Code': '49,492', 'revenue': '<$5M', 'Number of Employees': '<25', 'LinkedIn url': 'http://www.linkedin.com/company/packrathauling'}
{'company_name_zoominfo': 'Palko', 'website': 'www.palko.com.au', 'headquarters': '17 Industrial Ave, Caloundra, Queensland, 4551, Australia', 'SIC Code': '50,509', 'NAICS Code': '42,423', 'revenue': '$6.1M', 'Number of Employees': '<25', 'LinkedIn url': 'http://www.linkedin.com/company/palko'}
{'company_name_zoominfo': 'Pallet Broker', 'website': 'www.palletbrokerllc.com', 'headquarters': 'PO Box 2043, Sparks, Nevada, 89432, United States', 'SIC Code': '24,244', 'NAICS Code': '32,321', 'revenue': '<$5M', 'Number of Employees': '<25', 'LinkedIn url': 'http://www.linkedin.com/company/pallet-broker-llc'}
{'company_name_zoominfo': 'Pallet Consultants', 'website': 'www.palletconsultants.com', 'headquarters': '810 NW 13th Ave, Pompano Beach, Florida, 33069, United States', 'SIC Code': '24,244', 'NAICS Code': '32,321', 'revenue': '$81.5M', 'Number of Employees': '300', 'LinkedIn url': 'http://www.linkedin.com/company/palletconsultants'}
{'company_name_zoominfo': 'Plasolution', 'website': 'www.plasolution.com', 'headquarters': 'Brazil', 'SIC Code': '73,738', 'NAICS Code': '56,561', 'revenue': '$6.2M', 'Number of Employees': '33', 'LinkedIn url': 'http://www.linkedin.com/company/plasolution'}
{'company_name_zoominfo': 'Pallet Recyclers', 'website': 'www.palletrecyclers.com', 'headquarters': '4200 Upper Mt Vernon Rd, Evansville, Indiana, 47712, United States', 'SIC Code': '24,244', 'NAICS Code': '32,321', 'revenue': '$7.2M', 'Number of Employees': '26', 'LinkedIn url': '!not-found'}
{'company_name_zoominfo': 'Pallet Repair Services', 'website': 'www.palletrepairservices.com', 'headquarters': '1012 W Wintergreen Rd, Hutchins, Texas, 75141, United States', 'SIC Code': '24,244', 'NAICS Code': '32,321', 'revenue': '$113.6M', 'Number of Employees': '223', 'LinkedIn url': 'http://www.linkedin.com/company/pallet-repair-services'}
{'company_name_zoominfo': 'Pallet Service', 'website': 'www.palletservice.com', 'headquarters': '11201 90th Ave N, Maple Grove, Minnesota, 55369, United States', 'SIC Code': '24,244', 'NAICS Code': '32,321', 'revenue': '$26.5M', 'Number of Employees': '130', 'LinkedIn url': 'http://www.linkedin.com/company/pallet-service-corporation'}
{'company_name_zoominfo': 'Pallet Ops', 'website': 'www.pallet-ops.com', 'headquarters': '4847 Blaffer St, Houston, Texas, 77026, United States', 'SIC Code': '24,244', 'NAICS Code': '32,321', 'revenue': '$5.5M', 'Number of Employees': '<25', 'LinkedIn url': 'http://www.linkedin.com/company/pallet-ops-llc'}
{'company_name_zoominfo': 'PalletOne', 'website': 'www.palletone.com', 'headquarters': '6001 Foxtrot Ave, Bartow, Florida, 33830, United States', 'SIC Code': '24,244', 'NAICS Code': '32,321', 'revenue': '$351.3M', 'Number of Employees': '1,202', 'LinkedIn url': 'http://www.linkedin.com/company/palletone-inc'}
{'company_name_zoominfo': 'Paper Tree', 'website': 'www.paper-tree.com', 'headquarters': '1743 Buchanan St, San Francisco, California, 94115, United States', 'SIC Code': '51,511', 'NAICS Code': '42,424', 'revenue': '<$5M', 'Number of Employees': '<25', 'LinkedIn url': '!not-found'}
{'company_name_zoominfo': '!not-found', 'website': '!not-found', 'headquarters': '!not-found', 'SIC Code': '!not-found', 'NAICS Code': '!not-found', 'revenue': '!not-found', 'Number of Employees': '!not-found', 'LinkedIn url': '!not-found'}
{'company_name_zoominfo': 'Paramount Pallet', 'website': 'www.paramountpallet.com', 'headquarters': '1330 Martin Grove Rd, Toronto, Ontario, M9W 4X3, Canada', 'SIC Code': '24,244', 'NAICS Code': '32,321', 'revenue': '$30.4M', 'Number of Employees': '150', 'LinkedIn url': 'http://www.linkedin.com/company/paramount-pallet-inc.'}
{'company_name_zoominfo': 'Paulsautoyards.com', 'website': 'www.paulsautoyards.com', 'headquarters': 'United States', 'SIC Code': '58,581', 'NAICS Code': '72,722', 'revenue': '<$5M', 'Number of Employees': '<25', 'LinkedIn url': '!not-found'}
{'company_name_zoominfo': 'Pawnee Waste', 'website': 'www.pawneewaste.com', 'headquarters': '3003 E Harmony Rd Ste 300, Fort Collins, Colorado, 80528, United State...', 'SIC Code': '42,421', 'NAICS Code': '56,562', 'revenue': '$5.6M', 'Number of Employees': '<25', 'LinkedIn url': 'http://www.linkedin.com/company/pawnee-waste-llc'}
{'company_name_zoominfo': 'PDC and AREA Companies', 'website': 'www.pdclab.com', 'headquarters': '4700 N Sterling Ave, Peoria, Illinois, 61615, United States', 'SIC Code': '49,495', 'NAICS Code': '56,562', 'revenue': '$128.4M', 'Number of Employees': '259', 'LinkedIn url': 'http://www.linkedin.com/company/pdc-laboratories-inc.'}
{'company_name_zoominfo': 'NotAvailable', 'website': 'NotAvailable', 'headquarters': 'NotAvailable', 'SIC Code': 'NotAvailable', 'NAICS Code': 'NotAvailable', 'revenue': 'NotAvailable', 'Number of Employees': 'NotAvailable', 'LinkedIn url': 'NotAvailable'}
renewing ip
429
2a0b:f4c1:2::244
renewing ip
429
2620:18c:0:192::146
renewing ip
429
2a0f:df00:0:255::206
{'company_name_zoominfo': 'PECO Pallet', 'website': 'www.pecopallet.com', 'headquarters': '500 Park Blvd Ste 145, Itasca, Illinois, 60143, United States', 'SIC Code': '24,244', 'NAICS Code': '32,321', 'revenue': '$78.1M', 'Number of Employees': '274', 'LinkedIn url': 'http://www.linkedin.com/company/peco-pallet-inc.'}
{'company_name_zoominfo': 'Penobscot Energy Recovery', 'website': 'www.percme.com', 'headquarters': '29 Industrial Way, Orrington, Maine, 04474, United States', 'SIC Code': '49,491', 'NAICS Code': '22,221', 'revenue': '$10M', 'Number of Employees': '<25', 'LinkedIn url': 'http://www.linkedin.com/company/penobscot-energy-recovery-co'}
{'company_name_zoominfo': 'Peosta Warehousing', 'website': 'www.peostawarehousing.com', 'headquarters': '9843 Kapp Ct, Peosta, Iowa, 52068, United States', 'SIC Code': '42,422', 'NAICS Code': '49,493', 'revenue': '<$5M', 'Number of Employees': '<25', 'LinkedIn url': 'http://www.linkedin.com/company/peosta-warehousing'}
{'company_name_zoominfo': 'Interstate Waste Services', 'website': 'www.interstatewaste.com', 'headquarters': '300 Frank W. Burr Blvd Ste 39, Teaneck, New Jersey, 07666, United Stat...', 'SIC Code': '49,495', 'NAICS Code': '56,562', 'revenue': '$72.8M', 'Number of Employees': '226', 'LinkedIn url': 'http://www.linkedin.com/company/action-environmental-services'}
{'company_name_zoominfo': 'Perfect Circle Recycling', 'website': 'www.perfectcirclerecycling.com', 'headquarters': '1739 Elizabeth Ave NW, Grand Rapids, Michigan, 49504, United States', 'SIC Code': '49,495', 'NAICS Code': '56,562', 'revenue': '<$5M', 'Number of Employees': '<25', 'LinkedIn url': '!not-found'}
{'company_name_zoominfo': 'NotAvailable', 'website': 'NotAvailable', 'headquarters': 'NotAvailable', 'SIC Code': 'NotAvailable', 'NAICS Code': 'NotAvailable', 'revenue': 'NotAvailable', 'Number of Employees': 'NotAvailable', 'LinkedIn url': 'NotAvailable'}
{'company_name_zoominfo': 'NotAvailable', 'website': 'NotAvailable', 'headquarters': 'NotAvailable', 'SIC Code': 'NotAvailable', 'NAICS Code': 'NotAvailable', 'revenue': 'NotAvailable', 'Number of Employees': 'NotAvailable', 'LinkedIn url': 'NotAvailable'}
{'company_name_zoominfo': 'Pollution Control', 'website': 'www.pollutioncontrolinc.com', 'headquarters': '6100 Getty Dr Ste W, North Little Rock, Arkansas, 72117, United States', 'SIC Code': '42,421', 'NAICS Code': '56,562', 'revenue': '<$5M', 'Number of Employees': '<25', 'LinkedIn url': 'http://www.linkedin.com/company/pollution-control-inc'}
{'company_name_zoominfo': 'Portable John', 'website': 'www.portablejohn.com', 'headquarters': '1414 Canal St, Lockport, Illinois, 60441, United States', 'SIC Code': '73,735', 'NAICS Code': '56,562', 'revenue': '<$5M', 'Number of Employees': '<25', 'LinkedIn url': 'http://www.linkedin.com/company/portable-john'}
{'company_name_zoominfo': 'Porter House', 'website': 'www.porterhouseinc.net', 'headquarters': '670 N State St Ste 3, Shelley, Idaho, 83274, United States', 'SIC Code': '82,829', 'NAICS Code': '61,611', 'revenue': '<$5M', 'Number of Employees': '<25', 'LinkedIn url': 'http://www.linkedin.com/company/porter-house-inc-'}
{'company_name_zoominfo': 'Potomac Disposal', 'website': 'www.potomacdisposal.com', 'headquarters': '19050 Woodfield Rd Ste A, Gaithersburg, Maryland, 20879, United States', 'SIC Code': '49,495', 'NAICS Code': '22,221', 'revenue': '$7.3M', 'Number of Employees': '<25', 'LinkedIn url': 'http://www.linkedin.com/company/potomac-disposal-inc'}
{'company_name_zoominfo': 'Power Pallet', 'website': 'www.powerpalletinc.com', 'headquarters': '4715 State Hwy, Amsterdam, New York, 12010, United States', 'SIC Code': '24,244', 'NAICS Code': '32,321', 'revenue': '$25.3M', 'Number of Employees': '129', 'LinkedIn url': 'http://www.linkedin.com/company/power-pallet-inc-'}
{'company_name_zoominfo': 'Precision Waste Services', 'website': 'www.precisionwasteservices.com', 'headquarters': 'PO Box 446, Thomson, Georgia, 30824, United States', 'SIC Code': '49,495', 'NAICS Code': '56,562', 'revenue': '$5.1M', 'Number of Employees': '<25', 'LinkedIn url': 'http://www.linkedin.com/company/precision-waste-services-inc-'}
{'company_name_zoominfo': '!not-found', 'website': '!not-found', 'headquarters': '!not-found', 'SIC Code': '!not-found', 'NAICS Code': '!not-found', 'revenue': '!not-found', 'Number of Employees': '!not-found', 'LinkedIn url': '!not-found'}
{'company_name_zoominfo': 'Prime360', 'website': 'www.prime360training.com', 'headquarters': '875 Court St, Auburn, Maine, 04210, United States', 'SIC Code': '79,799', 'NAICS Code': '71,713', 'revenue': '<$5M', 'Number of Employees': '<25', 'LinkedIn url': '!not-found'}
{'company_name_zoominfo': 'Formula Powell', 'website': 'www.formulapowell.com', 'headquarters': 'PO Box 1328, Grande Prairie, Alberta, T8V 4Z1, Canada', 'SIC Code': '13,138', 'NAICS Code': '21,213', 'revenue': '$99.7M', 'Number of Employees': '138', 'LinkedIn url': 'http://www.linkedin.com/company/formula-powell-l-p-'}
{'company_name_zoominfo': 'Progress Pallet', 'website': 'www.progresspallet.com', 'headquarters': '98 W Grove St, Middleborough, Massachusetts, 02346, United States', 'SIC Code': '24,244', 'NAICS Code': '32,321', 'revenue': '$12.7M', 'Number of Employees': '51', 'LinkedIn url': 'http://www.linkedin.com/company/progress-pallet-inc'}
{'company_name_zoominfo': 'Pro Am', 'website': 'www.proaminc.com', 'headquarters': '22541 Aspan St Ste D, Lake Forest, California, 92630, United States', 'SIC Code': '49,495', 'NAICS Code': '56,562', 'revenue': '$5.5M', 'Number of Employees': '<25', 'LinkedIn url': 'http://www.linkedin.com/company/progressive-amenities-inc'}
renewing ip
429
2001:67c:6ec:203:192:42:116:182
renewing ip
429
2001:67c:6ec:203:192:42:116:179
renewing ip
429
2001:67c:6ec:203:192:42:116:179
renewing ip
429
2620:7:6001::122
renewing ip
429
2a01:6340:2:501::10
{'company_name_zoominfo': '!not-found', 'website': 'Provincial Environmental Services', 'headquarters': '!not-found', 'SIC Code': '!not-found', 'NAICS Code': '!not-found', 'revenue': '!not-found', 'Number of Employees': '!not-found', 'LinkedIn url': '!not-found'}
{'company_name_zoominfo': '!not-found', 'website': 'Nickson Industries', 'headquarters': '!not-found', 'SIC Code': '!not-found', 'NAICS Code': '!not-found', 'revenue': '!not-found', 'Number of Employees': '!not-found', 'LinkedIn url': '!not-found'}
{'company_name_zoominfo': 'NotAvailable', 'website': 'NotAvailable', 'headquarters': 'NotAvailable', 'SIC Code': 'NotAvailable', 'NAICS Code': 'NotAvailable', 'revenue': 'NotAvailable', 'Number of Employees': 'NotAvailable', 'LinkedIn url': 'NotAvailable'}
{'company_name_zoominfo': 'PW Stephens Environmental', 'website': 'www.pwsei.com', 'headquarters': '15201 Pipeline Ln Ste B, Huntington Beach, California, 92649, United S...', 'SIC Code': '17,179', 'NAICS Code': '56,562', 'revenue': '$57.2M', 'Number of Employees': '253', 'LinkedIn url': 'http://www.linkedin.com/company/pw-stephens-environmental-inc.'}
{'company_name_zoominfo': 'Quality Shredding', 'website': 'www.qualityshredding.com', 'headquarters': '1014 Grand Blvd 6, Deer Park, New York, 11729, United States', 'SIC Code': '50,509', 'NAICS Code': '42,423', 'revenue': '$6.1M', 'Number of Employees': '<25', 'LinkedIn url': 'http://www.linkedin.com/company/quality-shredding-corp'}
{'company_name_zoominfo': 'NotAvailable', 'website': 'NotAvailable', 'headquarters': 'NotAvailable', 'SIC Code': 'NotAvailable', 'NAICS Code': 'NotAvailable', 'revenue': 'NotAvailable', 'Number of Employees': 'NotAvailable', 'LinkedIn url': 'NotAvailable'}
{'company_name_zoominfo': 'Quik Pick Waste Disposal', 'website': 'www.quikpick.ca', 'headquarters': '5502 59 Ave, Lloydminster, Alberta, T9V 2H2, Canada', 'SIC Code': '33,49', 'NAICS Code': '33,331', 'revenue': '$8.5M', 'Number of Employees': '39', 'LinkedIn url': '!not-found'}
{'company_name_zoominfo': 'R&R Pallet', 'website': 'www.rrpalletinc.com', 'headquarters': '501 SE Axton St Ste A Bldg 170, Topeka, Kansas, 66619, United States', 'SIC Code': '24,244', 'NAICS Code': '32,321', 'revenue': '$19.9M', 'Number of Employees': '98', 'LinkedIn url': '!not-found'}
{'company_name_zoominfo': 'Rainbow Environmental Services', 'website': 'www.rainbow-environmental.com', 'headquarters': 'PO Box 54863, Cincinnati, Ohio, 45254, United States', 'SIC Code': '17,179', 'NAICS Code': '56,562', 'revenue': '$20.1M', 'Number of Employees': '93', 'LinkedIn url': 'http://www.linkedin.com/company/rainbow-environmental-services'}
{'company_name_zoominfo': 'Raintree', 'website': 'www.raintreewaste.com', 'headquarters': '1207 Thomas Rd, Decatur, Georgia, United States', 'SIC Code': '49,495', 'NAICS Code': '56,562', 'revenue': '<$5M', 'Number of Employees': '<25', 'LinkedIn url': '!not-found'}
{'company_name_zoominfo': 'RCI Environnement', 'website': 'www.yelp.ca/biz/rci-environnement-anjou', 'headquarters': '9501 Boul Ray-lawson, Anjou, Quebec, H1J 1L4, Canada', 'SIC Code': '42,421', 'NAICS Code': '56,562', 'revenue': '$50.1M', 'Number of Employees': '248', 'LinkedIn url': 'http://www.linkedin.com/company/rci-environnement-inc'}
{'company_name_zoominfo': 'Reardon Pallet', 'website': 'www.reardonpallet.com', 'headquarters': '100 Funston Rd, Kansas City, Kansas, 66115, United States', 'SIC Code': '24,244', 'NAICS Code': '32,321', 'revenue': '<$5M', 'Number of Employees': '<25', 'LinkedIn url': 'http://www.linkedin.com/company/reardon-pallet-company-inc.'}
{'company_name_zoominfo': 'Rebel Carbon', 'website': 'www.rebelcarbon.com', 'headquarters': '100 Four Fls Ste 215, Conshohocken, Pennsylvania, 19428, United States', 'SIC Code': '36,362', 'NAICS Code': '33,335', 'revenue': '<$5M', 'Number of Employees': '<25', 'LinkedIn url': '!not-found'}
{'company_name_zoominfo': 'Recovery 1', 'website': 'www.yelp.com/biz/recovery-1-lehi', 'headquarters': '1805 Stewart St, Tacoma, Washington, 98421, United States', 'SIC Code': '49,24', 'NAICS Code': '33,339', 'revenue': '<$5M', 'Number of Employees': '<25', 'LinkedIn url': 'http://www.linkedin.com/company/recovery-1'}
{'company_name_zoominfo': 'Resource Environmental Group Services', 'website': 'www.regs-llc.com', 'headquarters': '7130 Dahlia St, Commerce City, Colorado, 80022, United States', 'SIC Code': '42,421', 'NAICS Code': '56,562', 'revenue': '<$5M', 'Number of Employees': '<25', 'LinkedIn url': '!not-found'}
{'company_name_zoominfo': 'REI Nuclear', 'website': 'www.reinuclear.com', 'headquarters': '1240 Veterans Rd, Columbia, South Carolina, 29209, United States', 'SIC Code': '87,871', 'NAICS Code': '54,541', 'revenue': '$20M', 'Number of Employees': '68', 'LinkedIn url': 'http://www.linkedin.com/company/rei-nuclear-llc'}
{'company_name_zoominfo': 'Relogistics Services', 'website': 'www.relogistics.com', 'headquarters': '12727 Kimberley Ln Ste 200, Houston, Texas, 77024, United States', 'SIC Code': '24,244', 'NAICS Code': '32,321', 'revenue': '$160.4M', 'Number of Employees': '721', 'LinkedIn url': 'http://www.linkedin.com/company/relogistics-services-llc'}
{'company_name_zoominfo': 'RemedX', 'website': 'www.remedx.net', 'headquarters': '910 715 5th Ave SW, Calgary, Alberta, T2P 2X6, Canada', 'SIC Code': '49,495', 'NAICS Code': '56,562', 'revenue': '<$5M', 'Number of Employees': '<25', 'LinkedIn url': 'http://www.linkedin.com/company/818787'}
renewing ip
429
2a07:e03:2a::bcde
renewing ip
429
2a0b:f4c2:2::36
renewing ip
429
2a0b:f4c1:2::251
renewing ip
429
2620:7:6001::179
renewing ip
429
2620:7:6001::179
renewing ip
429
2001:67c:6ec:203:192:42:116:176
renewing ip
429
2001:67c:6ec:203:192:42:116:176
renewing ip
429
2620:7:6001::ffff:c759:e640
renewing ip
429
2620:7:6001::ffff:c759:e640
renewing ip
429
2a0b:f4c1:2::252
renewing ip
429
2620:7:6001::179
renewing ip
429
2620:7:6001::179
renewing ip
429
2a0b:f4c1:2::241
renewing ip
429
2a0b:f4c1:2::241
renewing ip
429
2a0f:df00:0:255::197
renewing ip
429
2a03:94e0:ffff:185:243:218:0:27
{'company_name_zoominfo': 'Remote Group', 'website': 'www.remotegroup.ca', 'headquarters': '7117 -86 St, Grande Prairie, Alberta, T8X 0N9, Canada', 'SIC Code': '49,13', 'NAICS Code': '22,221', 'revenue': '<$5M', 'Number of Employees': '<25', 'LinkedIn url': 'http://www.linkedin.com/company/remote-waste-lp'}
{'company_name_zoominfo': 'RePower South', 'website': 'www.repowersouth.com', 'headquarters': '1551 Louisville St, Montgomery, Alabama, 36104, United States', 'SIC Code': '49,495', 'NAICS Code': '56,562', 'revenue': '$38.4M', 'Number of Employees': '67', 'LinkedIn url': 'http://www.linkedin.com/company/repower-south'}
{'company_name_zoominfo': 'Riteway Vacuum Services', 'website': 'www.ritewayvacuum.com', 'headquarters': '605 15 Ave, Nisku, Alberta, T9E 7M6, Canada', 'SIC Code': '57,572', 'NAICS Code': '44,443', 'revenue': '<$5M', 'Number of Employees': '<25', 'LinkedIn url': '!not-found'}
{'company_name_zoominfo': 'NotAvailable', 'website': 'NotAvailable', 'headquarters': 'NotAvailable', 'SIC Code': 'NotAvailable', 'NAICS Code': 'NotAvailable', 'revenue': 'NotAvailable', 'Number of Employees': 'NotAvailable', 'LinkedIn url': 'NotAvailable'}
{'company_name_zoominfo': 'RMG recycle', 'website': 'www.rmgrecycle.com', 'headquarters': 'Thailand', 'SIC Code': '49,495', 'NAICS Code': '56,562', 'revenue': '<$5M', 'Number of Employees': '<25', 'LinkedIn url': '!not-found'}
