{'company_name_zoominfo': '!not-found', 'website': '!not-found', 'headquarters': '!not-found', 'SIC Code': '!not-found', 'NAICS Code': '!not-found', 'revenue': '!not-found', 'Number of Employees': '!not-found', 'LinkedIn url': '!not-found'}
{'company_name_zoominfo': 'Reliable Tire', 'website': 'www.reliabletiresandiego.com', 'headquarters': '2432 Commercial St, San Diego, California, 92113, United States', 'SIC Code': '75,753', 'NAICS Code': '32,326', 'revenue': '<$5M', 'Number of Employees': '<25', 'LinkedIn url': '!not-found'}
{'company_name_zoominfo': 'Cinco Municipal Utility District 8', 'website': 'www.cincomud8.com', 'headquarters': '9 Greenway Plz Ste 1000, Houston, Texas, 77046, United States', 'SIC Code': '49,494', 'NAICS Code': '22,221', 'revenue': '<$5M', 'Number of Employees': '<25', 'LinkedIn url': '!not-found'}
{'company_name_zoominfo': 'Recycle Systems', 'website': 'www.recyclesys.com', 'headquarters': '12828 Willows Rd NE, Kirkland, Washington, 98034, United States', 'SIC Code': '49,495', 'NAICS Code': '56,562', 'revenue': '<$5M', 'Number of Employees': '<25', 'LinkedIn url': 'http://www.linkedin.com/company/recycle-systems-llc'}
{'company_name_zoominfo': 'Lcswma', 'website': 'www.lcswma.org', 'headquarters': '1299 Harrisburg Pike, Lancaster, Pennsylvania, 17603, United States', 'SIC Code': '49,495', 'NAICS Code': '56,562', 'revenue': '<$5M', 'Number of Employees': '70', 'LinkedIn url': 'http://www.linkedin.com/company/lancaster-county-solid-waste-management-authority'}
{'company_name_zoominfo': 'Ecotech', 'website': 'www.ecotechky.com', 'headquarters': '6108 Sable Mill Ct, Jeffersonville, Indiana, 47130, United States', 'SIC Code': '49,495', 'NAICS Code': '22,221', 'revenue': '$13.8M', 'Number of Employees': '52', 'LinkedIn url': '!not-found'}
{'company_name_zoominfo': '!not-found', 'website': '!not-found', 'headquarters': '!not-found', 'SIC Code': '!not-found', 'NAICS Code': '!not-found', 'revenue': '!not-found', 'Number of Employees': '!not-found', 'LinkedIn url': '!not-found'}
{'company_name_zoominfo': '!not-found', 'website': '!not-found', 'headquarters': '!not-found', 'SIC Code': '!not-found', 'NAICS Code': '!not-found', 'revenue': '!not-found', 'Number of Employees': '!not-found', 'LinkedIn url': '!not-found'}
{'company_name_zoominfo': 'A-1 Disposal', 'website': 'www.a1disposal.com', 'headquarters': '610 W 3410 S, Salt Lake City, Utah, 84119, United States', 'SIC Code': '49,495', 'NAICS Code': '56,562', 'revenue': '$7.8M', 'Number of Employees': '<25', 'LinkedIn url': '!not-found'}
{'company_name_zoominfo': 'WasteX', 'website': 'www.medwastex.com', 'headquarters': '1400 Village Square Blvd Ste 3-307, Tallahassee, Florida, 32312, Unite...', 'SIC Code': '49,495', 'NAICS Code': '56,562', 'revenue': '$7.2M', 'Number of Employees': '<25', 'LinkedIn url': 'http://www.linkedin.com/company/3585379'}
{'company_name_zoominfo': 'Rackleff Enterprises', 'website': 'www.rackleffenterprises.com', 'headquarters': '1965 Randy Lowery Rd, Statesboro, Georgia, 30461, United States', 'SIC Code': '47,478', 'NAICS Code': '48,488', 'revenue': '<$5M', 'Number of Employees': '<25', 'LinkedIn url': 'http://www.linkedin.com/company/rackleff-enterprises-llc'}
{'company_name_zoominfo': 'MarCom', 'website': 'www.marcomllc.net', 'headquarters': '525 Park Ave Ste 2E, Idaho Falls, Idaho, 83402, United States', 'SIC Code': '89,899', 'NAICS Code': '54,541', 'revenue': '$8.5M', 'Number of Employees': '<25', 'LinkedIn url': 'http://www.linkedin.com/company/marcom-llc-'}
{'company_name_zoominfo': 'Quincy Recycle', 'website': 'www.quincyrecycle.com', 'headquarters': '526 S 6th St, Quincy, Illinois, 62301, United States', 'SIC Code': '49,495', 'NAICS Code': '56,562', 'revenue': '$9.3M', 'Number of Employees': '207', 'LinkedIn url': 'http://www.linkedin.com/company/quincy-recycle'}
{'company_name_zoominfo': 'SUEZ North America', 'website': 'www.suez-na.com', 'headquarters': '461 From Rd Ste 400, Paramus, New Jersey, 07652, United States', 'SIC Code': '49,17', 'NAICS Code': '22,221', 'revenue': '$395.8M', 'Number of Employees': '945', 'LinkedIn url': 'http://www.linkedin.com/company/suez-in-north-america'}
{'company_name_zoominfo': 'Unitek Solvent Services', 'website': 'www.uniteksolvent.com', 'headquarters': '91-125 Kaomi Loop, Kapolei, Hawaii, 96707, United States', 'SIC Code': '29,291', 'NAICS Code': '32,324', 'revenue': '$10.1M', 'Number of Employees': '35', 'LinkedIn url': 'http://www.linkedin.com/company/unitek-solvent-svc'}
{'company_name_zoominfo': 'Mazza Recycling Services', 'website': 'www.mazzarecycling.com', 'headquarters': '3230 Shafto Rd, Tinton Falls, New Jersey, 07753, United States', 'SIC Code': '49,495', 'NAICS Code': '56,562', 'revenue': '$26.9M', 'Number of Employees': '97', 'LinkedIn url': 'http://www.linkedin.com/company/mazza-scrap-metal'}
renewing ip
429
23.154.177.22
renewing ip
429
23.154.177.22
renewing ip
429
185.220.101.33
renewing ip
429
185.220.101.33
renewing ip
429
95.214.52.208
('Connection aborted.', RemoteDisconnected('Remote end closed connection without response'))
local variable 'page' referenced before assignment
{'company_name_zoominfo': '!not-found', 'website': '!not-found', 'headquarters': '!not-found', 'SIC Code': '!not-found', 'NAICS Code': '!not-found', 'revenue': '!not-found', 'Number of Employees': '!not-found', 'LinkedIn url': '!not-found'}
{'company_name_zoominfo': 'Taormina', 'website': 'www.taormina-fritzlar.de', 'headquarters': '22 Marktplatz, Fritzlar, Hessen, 34560, Germany', 'SIC Code': '58,581', 'NAICS Code': '72,722', 'revenue': '<$5M', 'Number of Employees': '<25', 'LinkedIn url': '!not-found'}
{'company_name_zoominfo': 'Modern', 'website': 'www.moderncorporation.com', 'headquarters': '4746 Model City Rd, Model City, New York, 14107, United States', 'SIC Code': '49,76', 'NAICS Code': '56,562', 'revenue': '$105.5M', 'Number of Employees': '490', 'LinkedIn url': 'http://www.linkedin.com/company/8821936'}
{'company_name_zoominfo': 'EnviroServices', 'website': 'www.enviroservices.qc.ca', 'headquarters': '589 Saint-jean-bapti Ste St, Terrebonne, Quebec, J6W 4R2, Canada', 'SIC Code': '89,899', 'NAICS Code': '54,541', 'revenue': '<$5M', 'Number of Employees': '<25', 'LinkedIn url': '!not-found'}
{'company_name_zoominfo': 'Potomac Recycling Sales', 'website': 'www.potomacrecycling.com', 'headquarters': '3730 Greentree Ln off of Rte 234, Dumfries, Virginia, 22026, United St...', 'SIC Code': '49,495', 'NAICS Code': '22,221', 'revenue': '<$5M', 'Number of Employees': '<25', 'LinkedIn url': '!not-found'}
{'company_name_zoominfo': 'HHM Facility Management', 'website': 'www.hhmfacilitymanagement.com', 'headquarters': '500 W Main St Ste 305, Branson, Missouri, 65615, United States', 'SIC Code': '87,874', 'NAICS Code': '56,561', 'revenue': '$33.5M', 'Number of Employees': '170', 'LinkedIn url': 'http://www.linkedin.com/company/hhm-facility-management-llc'}
{'company_name_zoominfo': 'Environmental Process Solutions', 'website': 'www.epscharlotte.com', 'headquarters': '7000 Stinson Hartis Rd Ste F, Indian Trail, North Carolina, 28079, Uni...', 'SIC Code': '89,899', 'NAICS Code': '54,541', 'revenue': '<$5M', 'Number of Employees': '<25', 'LinkedIn url': 'http://www.linkedin.com/company/environmental-process-solutions-pllc'}
{'company_name_zoominfo': 'Evergreen Oilfield Solutions', 'website': 'www.evergreenoilfieldsolutions.com', 'headquarters': '42751 Rte 6 At, Wyalusing, Pennsylvania, 18853, United States', 'SIC Code': '13,138', 'NAICS Code': '21,213', 'revenue': '$6.5M', 'Number of Employees': '<25', 'LinkedIn url': '!not-found'}
{'company_name_zoominfo': 'Honey Creek Disposal', 'website': 'www.honeycreekdisposal.com', 'headquarters': '26195 Linwood Rd, Lawrence, Kansas, 66044, United States', 'SIC Code': '49,495', 'NAICS Code': '56,562', 'revenue': '$5.3M', 'Number of Employees': '<25', 'LinkedIn url': 'http://www.linkedin.com/company/honey-creek-disposal-service-inc-'}
{'company_name_zoominfo': 'BCD Electro', 'website': 'www.bcdelectro.com', 'headquarters': '5101 Pulaski St, Dallas, Texas, 75247, United States', 'SIC Code': '49,495', 'NAICS Code': '56,562', 'revenue': '<$5M', 'Number of Employees': '<25', 'LinkedIn url': 'http://www.linkedin.com/company/bcd-electro'}
{'company_name_zoominfo': 'Atlantic Recycling Group', 'website': 'www.scraparg.com', 'headquarters': '15000 Southlawn Ln, Rockville, Maryland, 20850, United States', 'SIC Code': '49,495', 'NAICS Code': '56,562', 'revenue': '$22.6M', 'Number of Employees': '116', 'LinkedIn url': 'http://www.linkedin.com/company/atlantic-recycling-group-llc'}
{'company_name_zoominfo': 'Orlando Dumpster Rentals', 'website': 'www.orlandodumpsterrents.com', 'headquarters': '8550 Old Winter Garden Rd, Orlando, Florida, 32835, United States', 'SIC Code': '49,495', 'NAICS Code': '56,562', 'revenue': '<$5M', 'Number of Employees': '<25', 'LinkedIn url': '!not-found'}
{'company_name_zoominfo': 'William J Lauer', 'website': 'www.cwofny.com', 'headquarters': '3249 Richmond Ter, Staten Island, New York, 10303, United States', 'SIC Code': '49,494', 'NAICS Code': '22,221', 'revenue': '$9.2M', 'Number of Employees': '29', 'LinkedIn url': '!not-found'}
{'company_name_zoominfo': 'All American Waste', 'website': 'www.aawllc.com', 'headquarters': '19 Wheeler St, New Haven, Connecticut, 06512, United States', 'SIC Code': '15,152', 'NAICS Code': '56,562', 'revenue': '$27.4M', 'Number of Employees': '142', 'LinkedIn url': 'http://www.linkedin.com/company/aaw-llc'}
{'company_name_zoominfo': 'Finley Industrial Services', 'website': 'www.finleyindustrial.com', 'headquarters': '30520 Rancho California Rd Ste 107-133, Temecula, California, 92591, U...', 'SIC Code': '87,874', 'NAICS Code': '56,561', 'revenue': '<$5M', 'Number of Employees': '<25', 'LinkedIn url': 'http://www.linkedin.com/company/finley-industrial-services'}
{'company_name_zoominfo': 'Choice MedWaste', 'website': 'www.choicemedwaste.com', 'headquarters': '16 Tyre Ave, Newark, Delaware, 19711, United States', 'SIC Code': '49,495', 'NAICS Code': '56,562', 'revenue': '<$5M', 'Number of Employees': '<25', 'LinkedIn url': '!not-found'}
{'company_name_zoominfo': 'Shred Works.All', 'website': 'www.shredworks.com', 'headquarters': '1601 Bayshore Hwy Ste 211, Burlingame, California, 94010, United State...', 'SIC Code': '50,509', 'NAICS Code': '42,423', 'revenue': '$5.2M', 'Number of Employees': '25', 'LinkedIn url': 'http://www.linkedin.com/company/shred-works-inc-'}
renewing ip
429
2a03:94e0:243a:dead::1
{'company_name_zoominfo': 'J Torres', 'website': 'www.jtccorp.com', 'headquarters': '5810 S Union Ave, Bakersfield, California, 93307, United States', 'SIC Code': '42,421', 'NAICS Code': '56,562', 'revenue': '<$5M', 'Number of Employees': '<25', 'LinkedIn url': '!not-found'}
{'company_name_zoominfo': 'Renu Oil of America', 'website': 'www.gogreenwithrenuoil.com', 'headquarters': '5435 S Valley View Blvd, Las Vegas, Nevada, 89118, United States', 'SIC Code': '49,495', 'NAICS Code': '56,562', 'revenue': '$37.2M', 'Number of Employees': '157', 'LinkedIn url': '!not-found'}
{'company_name_zoominfo': 'Pro Valet Trash', 'website': 'www.provalettrash.com', 'headquarters': '500 E 4th St Ste 363, Austin, Texas, 78701, United States', 'SIC Code': '42,421', 'NAICS Code': '56,562', 'revenue': '<$5M', 'Number of Employees': '<25', 'LinkedIn url': 'http://www.linkedin.com/company/pro-valet-trash'}
{'company_name_zoominfo': 'ECS', 'website': 'www.theecsinc.com', 'headquarters': '35 Journal Square Plz Ste 528, Jersey City, New Jersey, 07306, United ...', 'SIC Code': '73,737', 'NAICS Code': '51,511', 'revenue': '<$5M', 'Number of Employees': '<25', 'LinkedIn url': 'http://www.linkedin.com/company/enterprise-consulting-services-ecs-inc-'}
{'company_name_zoominfo': 'CLEAR Environmental', 'website': 'www.clearenvironmental.org', 'headquarters': 'Canada', 'SIC Code': '89,899', 'NAICS Code': '54,541', 'revenue': '<$5M', 'Number of Employees': '<25', 'LinkedIn url': 'http://www.linkedin.com/company/clear-environmental-consulting'}
{'company_name_zoominfo': 'Amwaste', 'website': 'www.callamwaste.com', 'headquarters': '206 Sandcastle Way, Saint Simons Island, Georgia, 31522, United States', 'SIC Code': '49,495', 'NAICS Code': '56,562', 'revenue': '<$5M', 'Number of Employees': '<25', 'LinkedIn url': '!not-found'}
{'company_name_zoominfo': 'EMS', 'website': 'www.emscrm.com', 'headquarters': '12111 Emmet St, Omaha, Nebraska, 68164, United States', 'SIC Code': '73,738', 'NAICS Code': '56,561', 'revenue': '$14.8M', 'Number of Employees': '68', 'LinkedIn url': 'http://www.linkedin.com/company/ems-inc'}
{'company_name_zoominfo': 'Veolia', 'website': 'www.veolia.com', 'headquarters': '30 Rue Madeleine-vionnet, Aubervilliers, Ile-de-France, 93300, France', 'SIC Code': '49,495', 'NAICS Code': '56,562', 'revenue': '$30.1B', 'Number of Employees': '179,718', 'LinkedIn url': 'http://www.linkedin.com/company/veolia-environnement'}
{'company_name_zoominfo': 'Veransa', 'website': 'www.veransa.com', 'headquarters': '36 Grove St, New Canaan, Connecticut, 06840, United States', 'SIC Code': '73,738', 'NAICS Code': '56,561', 'revenue': '<$5M', 'Number of Employees': '<25', 'LinkedIn url': '!not-found'}
{'company_name_zoominfo': 'Veritas Environmental Consulting', 'website': 'www.veritas-env.com', 'headquarters': '1630 Contra Costa Blvd Ste 210A, Pleasant Hill, California, 94523, Uni...', 'SIC Code': '89,899', 'NAICS Code': '54,541', 'revenue': '<$5M', 'Number of Employees': '<25', 'LinkedIn url': '!not-found'}
{'company_name_zoominfo': 'Vigilant Solutions', 'website': 'www.vigilantsolutions.com', 'headquarters': '1152 Stealth St, Livermore, California, 94551, United States', 'SIC Code': '73,738', 'NAICS Code': '56,561', 'revenue': '$11.9M', 'Number of Employees': '102', 'LinkedIn url': 'http://www.linkedin.com/company/1747412'}
{'company_name_zoominfo': 'Vineyard Engineering & Environmental Services', 'website': 'www.vineyardeng.com', 'headquarters': '17 Salem St, Medford, Massachusetts, 02155, United States', 'SIC Code': '89,899', 'NAICS Code': '54,541', 'revenue': '<$5M', 'Number of Employees': '<25', 'LinkedIn url': 'http://www.linkedin.com/company/vineyard-engineering-&-envirionmental-services-inc.'}
{'company_name_zoominfo': 'Volunteer Disposal', 'website': 'www.volunteerdisposal.com', 'headquarters': '1955 River Rd, Chapel Hill, Tennessee, 37034, United States', 'SIC Code': '49,495', 'NAICS Code': '56,562', 'revenue': '<$5M', 'Number of Employees': '<25', 'LinkedIn url': '!not-found'}
{'company_name_zoominfo': 'VRM Group', 'website': 'www.vrmus.com', 'headquarters': '190 b2 Gulf Fwy 126, League City, Texas, 77573, United States', 'SIC Code': '89,899', 'NAICS Code': '54,541', 'revenue': '<$5M', 'Number of Employees': '<25', 'LinkedIn url': 'http://www.linkedin.com/company/vertex-residual-management.-llc'}
{'company_name_zoominfo': 'Ward Waste Solutions', 'website': 'www.wardwastesolutions.com', 'headquarters': '2042 Town Center Blvd Ste 117, Knoxville, Tennessee, 37922, United Sta...', 'SIC Code': '42,421', 'NAICS Code': '56,562', 'revenue': '<$5M', 'Number of Employees': '<25', 'LinkedIn url': 'http://www.linkedin.com/company/ward-waste-solutions'}
{'company_name_zoominfo': 'Washington River Protection Solutions', 'website': 'www.wrpstoc.com', 'headquarters': '2425 Stevens Center Pl, Richland, Washington, 99354, United States', 'SIC Code': '49,495', 'NAICS Code': '56,562', 'revenue': '$319.1M', 'Number of Employees': '2,167', 'LinkedIn url': 'http://www.linkedin.com/company/washington-river-protection-solutions-wrps-'}
{'company_name_zoominfo': 'Waste Container Services', 'website': 'www.wcsi.ca', 'headquarters': '106 Howden Rd, Scarborough, Ontario, M1R 3E4, Canada', 'SIC Code': '42,421', 'NAICS Code': '56,562', 'revenue': '$6.5M', 'Number of Employees': '<25', 'LinkedIn url': '!not-found'}
{'company_name_zoominfo': 'WRS Inc Real Estate Investments', 'website': 'www.wrsrealestate.com', 'headquarters': '550 Long Point Rd, Mount Pleasant, South Carolina, 29464, United State...', 'SIC Code': '65,653', 'NAICS Code': '53,531', 'revenue': '$7.4M', 'Number of Employees': '<25', 'LinkedIn url': 'http://www.linkedin.com/company/wrs-real-estate-group-inc-'}
renewing ip
429
2a0b:f4c1:2::247
renewing ip
429
2001:67c:6ec:203:192:42:116:204
renewing ip
429
2a00:1b88:4::2
{'company_name_zoominfo': 'Waste Solutions', 'website': 'www.wastesolutioninc.com', 'headquarters': '5565 E Raines Rd, Memphis, Tennessee, 38115, United States', 'SIC Code': '49,495', 'NAICS Code': '56,562', 'revenue': '$6.3M', 'Number of Employees': '<25', 'LinkedIn url': 'http://www.linkedin.com/company/waste-solutions-inc---memphis'}
{'company_name_zoominfo': 'Waste Watchers', 'website': 'www.wastewatchersllc.com', 'headquarters': 'PO Box 6055, Jacksonville, Florida, 32236, United States', 'SIC Code': '49,495', 'NAICS Code': '56,562', 'revenue': '<$5M', 'Number of Employees': '<25', 'LinkedIn url': 'http://www.linkedin.com/company/wastewatchersllc'}
{'company_name_zoominfo': 'Waste Wranglers', 'website': 'www.wastewranglers.com', 'headquarters': '2025 Hope Rd, Amarillo, Texas, 79124, United States', 'SIC Code': '49,495', 'NAICS Code': '56,562', 'revenue': '<$5M', 'Number of Employees': '<25', 'LinkedIn url': '!not-found'}
{'company_name_zoominfo': 'Wasteco', 'website': 'www.wasteco.com', 'headquarters': '161 Bridgeland Ave, Toronto, Ontario, M6A 1Z1, Canada', 'SIC Code': '49,495', 'NAICS Code': '56,562', 'revenue': '$32.3M', 'Number of Employees': '156', 'LinkedIn url': 'http://www.linkedin.com/company/wasteco'}
{'company_name_zoominfo': 'NotAvailable', 'website': 'NotAvailable', 'headquarters': 'NotAvailable', 'SIC Code': 'NotAvailable', 'NAICS Code': 'NotAvailable', 'revenue': 'NotAvailable', 'Number of Employees': 'NotAvailable', 'LinkedIn url': 'NotAvailable'}
{'company_name_zoominfo': 'WeCare', 'website': 'www.wecarecompost.com', 'headquarters': '9289 Bonta Bridge Rd, Jordan, New York, 13080, United States', 'SIC Code': '28,287', 'NAICS Code': '32,325', 'revenue': '$5.8M', 'Number of Employees': '<25', 'LinkedIn url': 'http://www.linkedin.com/company/wecare-organics-llc'}
{'company_name_zoominfo': '!not-found', 'website': 'Rsi', 'headquarters': '!not-found', 'SIC Code': '!not-found', 'NAICS Code': '!not-found', 'revenue': '!not-found', 'Number of Employees': '!not-found', 'LinkedIn url': '!not-found'}
{'company_name_zoominfo': 'Western Valet', 'website': 'www.westernvalet.com', 'headquarters': '1909 S Nyssa Ave, Broken Arrow, Oklahoma, 74012, United States', 'SIC Code': '49,495', 'NAICS Code': '56,562', 'revenue': '<$5M', 'Number of Employees': '<25', 'LinkedIn url': '!not-found'}
{'company_name_zoominfo': 'Westside Transload', 'website': 'www.westsideenvironmental.com', 'headquarters': '5600 Westside Ave, North Bergen, New Jersey, 07047, United States', 'SIC Code': '89,899', 'NAICS Code': '54,541', 'revenue': '<$5M', 'Number of Employees': '<25', 'LinkedIn url': 'http://www.linkedin.com/company/westside-transload-llc'}
{'company_name_zoominfo': 'Whitecap Environmental Services', 'website': 'www.whitecapenvironmental.com', 'headquarters': '1011 57th Ave NE, Calgary, Alberta, T2E 8X9, Canada', 'SIC Code': '42,421', 'NAICS Code': '56,562', 'revenue': '<$5M', 'Number of Employees': '<25', 'LinkedIn url': '!not-found'}
{'company_name_zoominfo': 'Whitecap Waste', 'website': 'www.whitecapwaste.com', 'headquarters': 'West Virginia, 22030, United States', 'SIC Code': '49,495', 'NAICS Code': '56,562', 'revenue': '<$5M', 'Number of Employees': '<25', 'LinkedIn url': '!not-found'}
{'company_name_zoominfo': 'Williams & Sons Services', 'website': 'www.williamsandsonsservices.com', 'headquarters': '411 Williams Rd, Reynoldsville, Pennsylvania, 15851, United States', 'SIC Code': '73,735', 'NAICS Code': '56,562', 'revenue': '<$5M', 'Number of Employees': '<25', 'LinkedIn url': 'http://www.linkedin.com/company/williams-sanitation-services'}
{'company_name_zoominfo': 'Windham Solid Waste Management District', 'website': 'www.windhamsolidwaste.org', 'headquarters': '327 Old Ferry Rd, Brattleboro, Vermont, 05301, United States', 'SIC Code': '49,495', 'NAICS Code': '56,562', 'revenue': '$18M', 'Number of Employees': '188', 'LinkedIn url': '!not-found'}
{'company_name_zoominfo': 'Wise Hospice Options', 'website': 'www.wiseop.com', 'headquarters': '2524 N Broadway, Edmond, Oklahoma, 73034, United States', 'SIC Code': '80,805', 'NAICS Code': '62,623', 'revenue': '$5.4M', 'Number of Employees': '<25', 'LinkedIn url': 'http://www.linkedin.com/company/wisehospiceoptions'}
{'company_name_zoominfo': 'WiSys', 'website': 'www.wisys.com', 'headquarters': '2550 Sandy Plains Rd 320 Ste 225, Marietta, Georgia, 30066, United Sta...', 'SIC Code': '73,737', 'NAICS Code': '54,541', 'revenue': '<$5M', 'Number of Employees': '<25', 'LinkedIn url': 'http://www.linkedin.com/company/wisys-llc'}
{'company_name_zoominfo': "Zan's Refuse Service", 'website': 'www.zansrefuse.com', 'headquarters': 'PO Box 651, Midlothian, Virginia, 23113, United States', 'SIC Code': '49,495', 'NAICS Code': '56,562', 'revenue': '$6.3M', 'Number of Employees': '<25', 'LinkedIn url': "http://www.linkedin.com/company/zan's-refuse-service-inc."}
{'company_name_zoominfo': 'Zanker Landscape Materials', 'website': 'www.zankerlandscapematerials.com', 'headquarters': '705 Los Esteros Rd, San Jose, California, 95134, United States', 'SIC Code': '52,526', 'NAICS Code': '44,444', 'revenue': '<$5M', 'Number of Employees': '<25', 'LinkedIn url': '!not-found'}
{'company_name_zoominfo': '!not-found', 'website': '!not-found', 'headquarters': '!not-found', 'SIC Code': '!not-found', 'NAICS Code': '!not-found', 'revenue': '!not-found', 'Number of Employees': '!not-found', 'LinkedIn url': '!not-found'}
{'company_name_zoominfo': '!not-found', 'website': 'Perrigo Company', 'headquarters': '!not-found', 'SIC Code': '!not-found', 'NAICS Code': '!not-found', 'revenue': '!not-found', 'Number of Employees': '!not-found', 'LinkedIn url': '!not-found'}
{'company_name_zoominfo': 'NotAvailable', 'website': 'NotAvailable', 'headquarters': 'NotAvailable', 'SIC Code': 'NotAvailable', 'NAICS Code': 'NotAvailable', 'revenue': 'NotAvailable', 'Number of Employees': 'NotAvailable', 'LinkedIn url': 'NotAvailable'}
{'company_name_zoominfo': 'Mark Dunning Industries', 'website': 'www.markdunning.com', 'headquarters': '100 Racetrack Rd, Dothan, Alabama, 36303, United States', 'SIC Code': '49,42', 'NAICS Code': '56,562', 'revenue': '$31.5M', 'Number of Employees': '156', 'LinkedIn url': '!not-found'}
{'company_name_zoominfo': 'Waste Management', 'website': 'www.wm.com', 'headquarters': '800 Capitol St Ste 3000, Houston, Texas, 77002, United States', 'SIC Code': '49,495', 'NAICS Code': '56,561', 'revenue': '$19.4B', 'Number of Employees': '48,500', 'LinkedIn url': 'http://www.linkedin.com/company/waste-management'}
renewing ip
429
2620:18c:0:192::146
renewing ip
429
2620:18c:0:192::146
renewing ip
429
2a0f:df00:0:255::206
{'company_name_zoominfo': 'Cactus Environmental', 'website': 'www.cactusenviro.com', 'headquarters': '4960 Singleton Blvd, Dallas, Texas, 75212, United States', 'SIC Code': '42,421', 'NAICS Code': '56,562', 'revenue': '<$5M', 'Number of Employees': '<25', 'LinkedIn url': 'http://www.linkedin.com/company/cactus-environmental-services'}
{'company_name_zoominfo': 'EnviroSource Waste Solutions', 'website': 'www.envirosourcewastesolutions.com', 'headquarters': 'PO Box 3541, Dublin, Ohio, 43016, United States', 'SIC Code': '49,495', 'NAICS Code': '56,562', 'revenue': '<$5M', 'Number of Employees': '<25', 'LinkedIn url': '!not-found'}
{'company_name_zoominfo': 'Titan Environmental Services', 'website': 'www.titanenvironmentalservices.com', 'headquarters': '4943 Austin Park Ave Ste A, Buford, Georgia, 30518, United States', 'SIC Code': '89,899', 'NAICS Code': '54,541', 'revenue': '$6.9M', 'Number of Employees': '<25', 'LinkedIn url': '!not-found'}
{'company_name_zoominfo': 'NotAvailable', 'website': 'NotAvailable', 'headquarters': 'NotAvailable', 'SIC Code': 'NotAvailable', 'NAICS Code': 'NotAvailable', 'revenue': 'NotAvailable', 'Number of Employees': 'NotAvailable', 'LinkedIn url': 'NotAvailable'}
{'company_name_zoominfo': 'Express Chem', 'website': 'www.expresschem.com', 'headquarters': '600 W Woodbine Ave, Kirkwood, Missouri, 63122, United States', 'SIC Code': '42,421', 'NAICS Code': '56,562', 'revenue': '<$5M', 'Number of Employees': '<25', 'LinkedIn url': 'http://www.linkedin.com/company/express-chem'}
{'company_name_zoominfo': 'Tri-State Disposal', 'website': 'www.tri-statedisposal.com', 'headquarters': '13903 S Ashland Ave, Riverdale, Illinois, 60827, United States', 'SIC Code': '49,495', 'NAICS Code': '56,562', 'revenue': '$8.2M', 'Number of Employees': '25', 'LinkedIn url': '!not-found'}
{'company_name_zoominfo': 'Capitol Waste Services', 'website': 'www.capitolwasteservices.com', 'headquarters': '1222 Bennington St E, Boston, Massachusetts, 02128, United States', 'SIC Code': '49,495', 'NAICS Code': '56,562', 'revenue': '$34M', 'Number of Employees': '155', 'LinkedIn url': '!not-found'}
{'company_name_zoominfo': 'NotAvailable', 'website': 'NotAvailable', 'headquarters': 'NotAvailable', 'SIC Code': 'NotAvailable', 'NAICS Code': 'NotAvailable', 'revenue': 'NotAvailable', 'Number of Employees': 'NotAvailable', 'LinkedIn url': 'NotAvailable'}
{'company_name_zoominfo': 'Ross Environmental Services', 'website': 'www.rossenvironmental.com', 'headquarters': '150 Innovation Dr, Elyria, Ohio, 44035, United States', 'SIC Code': '49,495', 'NAICS Code': '56,562', 'revenue': '$106M', 'Number of Employees': '350', 'LinkedIn url': 'http://www.linkedin.com/company/ross-environmental-services'}
{'company_name_zoominfo': 'NEW EARTH WASTE TREATMENT', 'website': 'www.newearthwasteservices.com', 'headquarters': '360 Main St Ste 1900, Winnipeg, Manitoba, R3C 3Z3, Canada', 'SIC Code': '49,495', 'NAICS Code': '56,562', 'revenue': '<$5M', 'Number of Employees': '<25', 'LinkedIn url': 'http://www.linkedin.com/company/new-earth-waste-services'}
{'company_name_zoominfo': 'Armor Environmental Solutions', 'website': 'www.armorenviro.com', 'headquarters': '965 Midland Ave, Yonkers, New York, 10704, United States', 'SIC Code': '15,152', 'NAICS Code': '23,236', 'revenue': '<$5M', 'Number of Employees': '<25', 'LinkedIn url': '!not-found'}
{'company_name_zoominfo': 'Marin Sanitary Service', 'website': 'www.marinsanitaryservice.com', 'headquarters': '1050 Andersen Dr, San Rafael, California, 94901, United States', 'SIC Code': '49,495', 'NAICS Code': '56,562', 'revenue': '$52.8M', 'Number of Employees': '216', 'LinkedIn url': 'http://www.linkedin.com/company/marin-sanitary-service'}
{'company_name_zoominfo': 'Kelleher Environmental', 'website': 'www.kelleherenvironmental.com', 'headquarters': '36 Kappele Ave, Toronto, Ontario, M4N 2Z1, Canada', 'SIC Code': '89,899', 'NAICS Code': '54,541', 'revenue': '<$5M', 'Number of Employees': '<25', 'LinkedIn url': 'http://www.linkedin.com/company/kelleher-environmental'}
{'company_name_zoominfo': 'Instream Environmental', 'website': 'www.instreamenvironmental.com', 'headquarters': 'PO Box 3845, Greenville, South Carolina, 29608, United States', 'SIC Code': '49,495', 'NAICS Code': '56,562', 'revenue': '<$5M', 'Number of Employees': '<25', 'LinkedIn url': 'http://www.linkedin.com/company/instream-environmental-llc'}
{'company_name_zoominfo': 'Homeland Environmental Solutions', 'website': 'www.homelandenviro.com', 'headquarters': '6232 Hwy 72 E, Gurley, Alabama, 35748, United States', 'SIC Code': '89,899', 'NAICS Code': '54,541', 'revenue': '<$5M', 'Number of Employees': '<25', 'LinkedIn url': 'http://www.linkedin.com/company/global-environmental-inc'}
{'company_name_zoominfo': 'Circle J Roll-Offs', 'website': 'www.circlejroll-offsinc.com', 'headquarters': '4040 Northern Blvd, Montgomery, Alabama, 36110, United States', 'SIC Code': '49,495', 'NAICS Code': '56,562', 'revenue': '$5.3M', 'Number of Employees': '<25', 'LinkedIn url': 'http://www.linkedin.com/company/circle-j-roll-offs-inc'}
{'company_name_zoominfo': 'SLM Facilities', 'website': 'www.slmfacilities.com', 'headquarters': '5000 Commerce Dr, Green Lane, Pennsylvania, 18054, United States', 'SIC Code': '87,874', 'NAICS Code': '56,561', 'revenue': '$18.8M', 'Number of Employees': '88', 'LinkedIn url': 'http://www.linkedin.com/company/salliemae'}
{'company_name_zoominfo': 'Greenleaf Compaction', 'website': 'www.greenleafcompaction.com', 'headquarters': '4001 N 3rd St Ste 480, Phoenix, Arizona, 85012, United States', 'SIC Code': '50,508', 'NAICS Code': '42,423', 'revenue': '$51.9M', 'Number of Employees': '261', 'LinkedIn url': '!not-found'}
renewing ip
429
2001:67c:6ec:203:192:42:116:182
renewing ip
429
2001:67c:6ec:203:192:42:116:179
renewing ip
429
2620:7:6001::122
renewing ip
429
2620:7:6001::122
renewing ip
429
2a01:6340:2:501::10
{'company_name_zoominfo': 'Troiano Waste Services', 'website': 'www.troianowaste.com', 'headquarters': '10 Filmike Way, South Portland, Maine, 04106, United States', 'SIC Code': '49,495', 'NAICS Code': '56,562', 'revenue': '$5.5M', 'Number of Employees': '<25', 'LinkedIn url': 'http://www.linkedin.com/company/troiano-waste-services-inc'}
{'company_name_zoominfo': 'Hazardous Waste Experts', 'website': 'www.hazardouswasteexperts.com', 'headquarters': '2693 Research Park Dr Ste 201, Fitchburg, Wisconsin, 53711, United Sta...', 'SIC Code': '42,421', 'NAICS Code': '56,562', 'revenue': '$5M', 'Number of Employees': '<25', 'LinkedIn url': 'http://www.linkedin.com/company/hazardous-waste-experts'}
{'company_name_zoominfo': 'Ankeny Sanitation', 'website': 'www.ankenysanitation.com', 'headquarters': '7002 SE Delaware Ave, Ankeny, Iowa, 50021, United States', 'SIC Code': '49,495', 'NAICS Code': '56,562', 'revenue': '$19.9M', 'Number of Employees': '61', 'LinkedIn url': 'http://www.linkedin.com/company/ankeny-sanitation'}
{'company_name_zoominfo': 'Jeff Daley and Sons Oil Service', 'website': 'www.jeffdaleyandsons.com', 'headquarters': '131 Pine Hill Rd, Pleasant Valley, New York, 12569, United States', 'SIC Code': '59,598', 'NAICS Code': '45,454', 'revenue': '<$5M', 'Number of Employees': '<25', 'LinkedIn url': 'http://www.linkedin.com/company/daley-oil'}
{'company_name_zoominfo': 'Volunteer Landfill', 'website': 'www.volunteerlandfill.com', 'headquarters': '300 Roberta Ln, Oneida, Tennessee, 37841, United States', 'SIC Code': '49,495', 'NAICS Code': '56,562', 'revenue': '$6.1M', 'Number of Employees': '<25', 'LinkedIn url': '!not-found'}
{'company_name_zoominfo': 'Integrity Recycling & Waste Solutions', 'website': 'www.integrityrecycling.net', 'headquarters': '111 Rte 31 Ste 223, Flemington, New Jersey, 08822, United States', 'SIC Code': '49,495', 'NAICS Code': '56,562', 'revenue': '$6.2M', 'Number of Employees': '<25', 'LinkedIn url': 'http://www.linkedin.com/company/integrity-recycling-inc'}
{'company_name_zoominfo': 'Carolina Waste & Recycling', 'website': 'www.carolinawaste.com', 'headquarters': '4285 Pace St, North Charleston, South Carolina, 29405, United States', 'SIC Code': '49,495', 'NAICS Code': '56,562', 'revenue': '$16.1M', 'Number of Employees': '50', 'LinkedIn url': 'http://www.linkedin.com/company/carolina-waste-services-inc'}
{'company_name_zoominfo': 'Cash Environmental Resources', 'website': 'www.cashenvironmentalresources.com', 'headquarters': '2859 Paces Ferry Rd SE Ste 1150, Atlanta, Georgia, 30339, United State...', 'SIC Code': '49,495', 'NAICS Code': '56,562', 'revenue': '<$5M', 'Number of Employees': '<25', 'LinkedIn url': '!not-found'}
{'company_name_zoominfo': '!not-found', 'website': 'Mill City Environmental', 'headquarters': '!not-found', 'SIC Code': '!not-found', 'NAICS Code': '!not-found', 'revenue': '!not-found', 'Number of Employees': '!not-found', 'LinkedIn url': '!not-found'}
{'company_name_zoominfo': 'Winnebago Landfill', 'website': 'www.winnebagolandfill.com', 'headquarters': '8403 Lindenwood Rd, Rockford, Illinois, 61109, United States', 'SIC Code': '49,495', 'NAICS Code': '56,562', 'revenue': '$6.6M', 'Number of Employees': '<25', 'LinkedIn url': 'http://www.linkedin.com/company/winnebago-reclamation-svc'}
{'company_name_zoominfo': 'National Waste Associates', 'website': 'www.nationalwaste.com', 'headquarters': '755 Winding Brook Dr, Glastonbury, Connecticut, 06033, United States', 'SIC Code': '49,495', 'NAICS Code': '56,562', 'revenue': '$8.3M', 'Number of Employees': '26', 'LinkedIn url': 'http://www.linkedin.com/company/national-waste-associates'}
{'company_name_zoominfo': 'WAI', 'website': 'www.wastrenadvantage.com', 'headquarters': '1571 Shyville Rd, Piketon, Ohio, 45661, United States', 'SIC Code': '89,899', 'NAICS Code': '56,562', 'revenue': '$121.5M', 'Number of Employees': '397', 'LinkedIn url': 'http://www.linkedin.com/company/wastren-energx-mission-support-llc'}
{'company_name_zoominfo': 'Wallace Waste Solutions', 'website': 'www.wallacewaste.ie', 'headquarters': 'Ireland, Ireland', 'SIC Code': '49,495', 'NAICS Code': '56,562', 'revenue': '<$5M', 'Number of Employees': '<25', 'LinkedIn url': 'http://www.linkedin.com/company/wallace-waste-solutions'}
{'company_name_zoominfo': 'Mid Valley Disposal', 'website': 'www.midvalleydisposal.com', 'headquarters': '15300 W Jensen Ave, Kerman, California, 93630, United States', 'SIC Code': '49,495', 'NAICS Code': '56,562', 'revenue': '$59M', 'Number of Employees': '242', 'LinkedIn url': 'http://www.linkedin.com/company/mid-valley-disposal'}
{'company_name_zoominfo': 'WRR Environmental Services', 'website': 'www.wrres.com', 'headquarters': '5200 Ryder Rd, Eau Claire, Wisconsin, 54701, United States', 'SIC Code': '89,899', 'NAICS Code': '54,541', 'revenue': '$17.2M', 'Number of Employees': '86', 'LinkedIn url': 'http://www.linkedin.com/company/wrr-environmental-services-co.-inc.'}
{'company_name_zoominfo': "Randy's Sanitation", 'website': 'www.randysenvironmentalservices.com', 'headquarters': '4351 Us Hwy 12 SE, Delano, Minnesota, 55328, United States', 'SIC Code': '49,495', 'NAICS Code': '56,562', 'revenue': '$38.6M', 'Number of Employees': '109', 'LinkedIn url': 'http://www.linkedin.com/company/randys-sanitation-inc'}
renewing ip
429
2a07:e03:2a::bcde
renewing ip
429
2a0b:f4c2:2::36
renewing ip
429
2a0b:f4c1:2::251
renewing ip
429
2620:7:6001::179
renewing ip
429
2620:7:6001::179
renewing ip
429
2001:67c:6ec:203:192:42:116:176
renewing ip
429
2001:67c:6ec:203:192:42:116:176
renewing ip
429
2620:7:6001::ffff:c759:e640
renewing ip
429
2620:7:6001::ffff:c759:e640
renewing ip
429
2a0b:f4c1:2::252
renewing ip
429
2a0b:f4c1:2::252
renewing ip
429
2620:7:6001::179
renewing ip
429
2620:7:6001::179
renewing ip
429
2a0b:f4c1:2::241
renewing ip
429
2a0f:df00:0:255::197
renewing ip
429
2a0f:df00:0:255::197
renewing ip
429
2a03:94e0:ffff:185:243:218:0:27
{'company_name_zoominfo': 'Mountain Environmentals', 'website': 'www.mountainenvironmentals.com', 'headquarters': 'PO Box 3283, Cashiers, North Carolina, 28717, United States', 'SIC Code': '89,899', 'NAICS Code': '54,541', 'revenue': '<$5M', 'Number of Employees': '<25', 'LinkedIn url': 'http://www.linkedin.com/company/mountain-environmental-services-inc-'}
{'company_name_zoominfo': '!not-found', 'website': '!not-found', 'headquarters': '!not-found', 'SIC Code': '!not-found', 'NAICS Code': '!not-found', 'revenue': '!not-found', 'Number of Employees': '!not-found', 'LinkedIn url': '!not-found'}
{'company_name_zoominfo': 'Medical Environmental Technologies', 'website': 'www.met-bio.com', 'headquarters': '1463 Fayette St, El Cajon, California, 92020, United States', 'SIC Code': '49,495', 'NAICS Code': '56,562', 'revenue': '<$5M', 'Number of Employees': '<25', 'LinkedIn url': 'http://www.linkedin.com/company/medical-environmental-technologies-llc'}
{'company_name_zoominfo': 'ABC Disposal Service', 'website': 'www.abcdisposal.net', 'headquarters': '1245 Shawmut Ave, New Bedford, Massachusetts, 02746, United States', 'SIC Code': '49,495', 'NAICS Code': '56,562', 'revenue': '$18.5M', 'Number of Employees': '38', 'LinkedIn url': 'http://www.linkedin.com/company/abc-disposal'}
{'company_name_zoominfo': 'Whitetail Disposal', 'website': 'www.whitetaildisposal.com', 'headquarters': '334 Layfield Rd, Perkiomenville, Pennsylvania, 18074, United States', 'SIC Code': '49,495', 'NAICS Code': '56,562', 'revenue': '$42.4M', 'Number of Employees': '175', 'LinkedIn url': 'http://www.linkedin.com/company/whitetail-disposal-inc-'}
{'company_name_zoominfo': 'Lincoln Waste Solutions', 'website': 'www.lincolnwaste.com', 'headquarters': '7 Waterside Xing Fl 2, Windsor, Connecticut, 06095, United States', 'SIC Code': '49,495', 'NAICS Code': '56,562', 'revenue': '$5.7M', 'Number of Employees': '<25', 'LinkedIn url': 'http://www.linkedin.com/company/lincoln-waste-solutions-llc'}
{'company_name_zoominfo': 'Marborg Industries', 'website': 'www.marborg.com', 'headquarters': 'PO Box 4127, Santa Barbara, California, 93140, United States', 'SIC Code': '49,495', 'NAICS Code': '56,562', 'revenue': '$95.2M', 'Number of Employees': '219', 'LinkedIn url': 'http://www.linkedin.com/company/marborg-industries'}
{'company_name_zoominfo': 'kmG Hauling', 'website': 'www.kmghauling.com', 'headquarters': '650821 Po Box, Potomac Falls, Virginia, 20165, United States', 'SIC Code': '42,421', 'NAICS Code': '56,562', 'revenue': '$18.8M', 'Number of Employees': '74', 'LinkedIn url': 'http://www.linkedin.com/company/kmg-hauling-inc.'}
{'company_name_zoominfo': 'Nisly Brothers', 'website': 'www.nislybrothers.com', 'headquarters': '5212 S Herren Rd, Hutchinson, Kansas, 67501, United States', 'SIC Code': '42,421', 'NAICS Code': '56,562', 'revenue': '$6.2M', 'Number of Employees': '<25', 'LinkedIn url': 'http://www.linkedin.com/company/nisly-brothers-trash-svc'}
{'company_name_zoominfo': 'The Junkluggers', 'website': 'www.junkluggers.com', 'headquarters': '12086 University City Blvd, Harrisburg, North Carolina, 28075, United ...', 'SIC Code': '49,495', 'NAICS Code': '56,562', 'revenue': '$13M', 'Number of Employees': '62', 'LinkedIn url': 'http://www.linkedin.com/company/the-junkluggers'}
{'company_name_zoominfo': '!not-found', 'website': 'Solterra Recycling Solutions', 'headquarters': '!not-found', 'SIC Code': '!not-found', 'NAICS Code': '!not-found', 'revenue': '!not-found', 'Number of Employees': '!not-found', 'LinkedIn url': '!not-found'}
{'company_name_zoominfo': 'Pinnacle Waste', 'website': 'www.pinnaclewastellc.com', 'headquarters': '2111 S Main St, Goldston, North Carolina, 27252, United States', 'SIC Code': '49,495', 'NAICS Code': '56,562', 'revenue': '<$5M', 'Number of Employees': '<25', 'LinkedIn url': '!not-found'}
{'company_name_zoominfo': 'Wasatch Energy Sales', 'website': 'www.wasatchenergysales.com', 'headquarters': '3692 W 500 S, Salt Lake City, Utah, 84104, United States', 'SIC Code': '49,491', 'NAICS Code': '22,221', 'revenue': '<$5M', 'Number of Employees': '<25', 'LinkedIn url': '!not-found'}
{'company_name_zoominfo': 'NotAvailable', 'website': 'NotAvailable', 'headquarters': 'NotAvailable', 'SIC Code': 'NotAvailable', 'NAICS Code': 'NotAvailable', 'revenue': 'NotAvailable', 'Number of Employees': 'NotAvailable', 'LinkedIn url': 'NotAvailable'}
{'company_name_zoominfo': 'Elk Environmental Services', 'website': 'www.elkenv.com', 'headquarters': '225 Warren Street Byp, Reading, Pennsylvania, 19601, United States', 'SIC Code': '47,473', 'NAICS Code': '48,488', 'revenue': '$8M', 'Number of Employees': '47', 'LinkedIn url': 'http://www.linkedin.com/company/elk-environmental-services'}
{'company_name_zoominfo': 'Olympic Compactor Rentals', 'website': 'www.compactorrentals.com', 'headquarters': '13107 Dessau Rd 700, Austin, Texas, 78754, United States', 'SIC Code': '73,735', 'NAICS Code': '53,532', 'revenue': '<$5M', 'Number of Employees': '<25', 'LinkedIn url': 'http://www.linkedin.com/company/olympic-compactor-rental-group'}
{'company_name_zoominfo': 'AB Environmental', 'website': 'www.abenvironmental.com', 'headquarters': '1599 Ocean Ave, Bohemia, New York, 11716, United States', 'SIC Code': '49,495', 'NAICS Code': '56,562', 'revenue': '$10.3M', 'Number of Employees': '31', 'LinkedIn url': 'http://www.linkedin.com/company/2661174'}
