{'company_name_zoominfo': 'PBP Industrial Services', 'website': 'www.pbpindustrial.com', 'headquarters': '100 Kilometer 60, Cabo Rojo, Puerto Rico, 00623, United States', 'SIC Code': '42,421', 'NAICS Code': '56,562', 'revenue': '$5.2M', 'Number of Employees': '<25', 'LinkedIn url': 'http://www.linkedin.com/company/10645841'}
{'company_name_zoominfo': 'Aspen Waste Systems', 'website': 'www.aspenwaste.com', 'headquarters': '2951 Weeks Ave SE, Minneapolis, Minnesota, 55414, United States', 'SIC Code': '42,421', 'NAICS Code': '56,562', 'revenue': '$57M', 'Number of Employees': '235', 'LinkedIn url': 'http://www.linkedin.com/company/aspen-waste-systems'}
{'company_name_zoominfo': 'Osage Landfill', 'website': 'www.osagelandfill.com', 'headquarters': '83 County Road 2712, Bartlesville, Oklahoma, 74003, United States', 'SIC Code': '49,495', 'NAICS Code': '56,562', 'revenue': '<$5M', 'Number of Employees': '<25', 'LinkedIn url': '!not-found'}
{'company_name_zoominfo': 'FRG Waste Resources', 'website': 'www.frgwaste.com', 'headquarters': 'PO Box 10858, Napa, California, 94581, United States', 'SIC Code': '49,495', 'NAICS Code': '56,562', 'revenue': '<$5M', 'Number of Employees': '<25', 'LinkedIn url': 'http://www.linkedin.com/company/frg-waste-resources-inc'}
{'company_name_zoominfo': 'Common Ground Compost', 'website': 'www.commongroundcompost.com', 'headquarters': '34 3rd Ave 173, Ny, New York, 10003, United States', 'SIC Code': '28,287', 'NAICS Code': '32,325', 'revenue': '<$5M', 'Number of Employees': '<25', 'LinkedIn url': '!not-found'}
{'company_name_zoominfo': 'Disposall', 'website': 'www.disposallinc.com', 'headquarters': '3941 Bryn Mawr St, Orlando, Florida, 32808, United States', 'SIC Code': '49,495', 'NAICS Code': '56,562', 'revenue': '$19.6M', 'Number of Employees': '60', 'LinkedIn url': 'http://www.linkedin.com/company/disposall'}
{'company_name_zoominfo': 'One Stop Environmental', 'website': 'www.onestopenv.com', 'headquarters': '4800 Division Ave, Birmingham, Alabama, 35222, United States', 'SIC Code': '49,495', 'NAICS Code': '56,562', 'revenue': '$16.6M', 'Number of Employees': '37', 'LinkedIn url': 'http://www.linkedin.com/company/one-stop-environmental'}
site-not-indexed

{'company_name_zoominfo': '!not-found', 'website': '!not-found', 'headquarters': '!not-found', 'SIC Code': '!not-found', 'NAICS Code': '!not-found', 'revenue': '!not-found', 'Number of Employees': '!not-found', 'LinkedIn url': '!not-found'}
{'company_name_zoominfo': 'Environmental Enterprises', 'website': 'www.eeienv.com', 'headquarters': '10163 Cincinnati Dayton Rd, Cincinnati, Ohio, 45241, United States', 'SIC Code': '49,495', 'NAICS Code': '56,562', 'revenue': '$24.9M', 'Number of Employees': '101', 'LinkedIn url': 'http://www.linkedin.com/company/environmental-enterprises-inc.'}
{'company_name_zoominfo': 'Mason County Garbage', 'website': 'www.masoncountygarbage.com', 'headquarters': '81 E Wilburs Way, Shelton, Washington, 98584, United States', 'SIC Code': '42,421', 'NAICS Code': '56,562', 'revenue': '<$5M', 'Number of Employees': '<25', 'LinkedIn url': '!not-found'}
{'company_name_zoominfo': 'Magnaflow', 'website': 'www.magnaflow.com', 'headquarters': '1901 Corporate Centre Dr, Oceanside, California, 92056, United States', 'SIC Code': '37,371', 'NAICS Code': '33,336', 'revenue': '$74.5M', 'Number of Employees': '122', 'LinkedIn url': 'http://www.linkedin.com/company/275716'}
{'company_name_zoominfo': 'Phoenix Pollution Control & Environmental Services', 'website': 'www.phoenixpollution.com', 'headquarters': '7111 Decker Dr, Baytown, Texas, 77520, United States', 'SIC Code': '49,495', 'NAICS Code': '56,562', 'revenue': '$5.2M', 'Number of Employees': '<25', 'LinkedIn url': 'http://www.linkedin.com/company/phoenix-pollution-control-&-environmental-services-inc.'}
{'company_name_zoominfo': 'Hine Environmental Services', 'website': 'www.hineenvironmental.com', 'headquarters': '4327 Hwy 27 S, Sulphur, Louisiana, 70665, United States', 'SIC Code': '89,899', 'NAICS Code': '54,541', 'revenue': '<$5M', 'Number of Employees': '<25', 'LinkedIn url': '!not-found'}
{'company_name_zoominfo': 'NotAvailable', 'website': 'NotAvailable', 'headquarters': 'NotAvailable', 'SIC Code': 'NotAvailable', 'NAICS Code': 'NotAvailable', 'revenue': 'NotAvailable', 'Number of Employees': 'NotAvailable', 'LinkedIn url': 'NotAvailable'}
{'company_name_zoominfo': 'American Recycling Mgmt', 'website': 'www.americanrecyclingmgmt.com', 'headquarters': '172-33 Douglas Ave, Jamaica, New York, 11433, United States', 'SIC Code': '49,495', 'NAICS Code': '56,562', 'revenue': '$8M', 'Number of Employees': '30', 'LinkedIn url': '!not-found'}
{'company_name_zoominfo': 'Advanced Vacuum Services', 'website': 'www.advancedvacuum.com', 'headquarters': '5174 W Base Rd, Greensburg, Indiana, 47240, United States', 'SIC Code': '57,572', 'NAICS Code': '44,443', 'revenue': '$5.5M', 'Number of Employees': '<25', 'LinkedIn url': 'http://www.linkedin.com/company/advanced-vacuum-service'}
renewing ip
429
192.42.116.200
renewing ip
429
23.154.177.22
renewing ip
429
185.220.101.33
renewing ip
429
185.220.101.33
renewing ip
429
95.214.52.208
renewing ip
429
2a0b:f4c2:1::1
{'company_name_zoominfo': 'Cooper Disposal', 'website': 'www.cooperdisposal.com', 'headquarters': '2889 E 37th St, Cleveland, Ohio, 44115, United States', 'SIC Code': '49,495', 'NAICS Code': '56,562', 'revenue': '<$5M', 'Number of Employees': '<25', 'LinkedIn url': 'http://www.linkedin.com/company/cooper-remodeling-inc'}
{'company_name_zoominfo': 'Plainfield Municipal Utilities Authority', 'website': 'www.pmua.info', 'headquarters': '127 Roosevelt Ave, Plainfield, New Jersey, 07060, United States', 'SIC Code': '49,495', 'NAICS Code': '56,562', 'revenue': '$26.5M', 'Number of Employees': '109', 'LinkedIn url': 'http://www.linkedin.com/company/city-of-plainfield'}
{'company_name_zoominfo': 'Bestrans', 'website': 'www.bestransinc.com', 'headquarters': '19 Davidson Ln, New Castle, Delaware, 19720, United States', 'SIC Code': '42,421', 'NAICS Code': '56,562', 'revenue': '$6.3M', 'Number of Employees': '51', 'LinkedIn url': '!not-found'}
{'company_name_zoominfo': 'Zanker Recycling', 'website': 'www.zankerrecycling.com', 'headquarters': '705 Los Esteros Rd, San Jose, California, 95134, United States', 'SIC Code': '49,495', 'NAICS Code': '56,562', 'revenue': '$18.8M', 'Number of Employees': '71', 'LinkedIn url': 'http://www.linkedin.com/company/zanker-road-resource-mgt'}
{'company_name_zoominfo': 'Bfi', 'website': 'www.bfionline.com', 'headquarters': '133 Rahway Ave, Elizabeth, New Jersey, 07202, United States', 'SIC Code': '50,502', 'NAICS Code': '42,423', 'revenue': '$9.9M', 'Number of Employees': '120', 'LinkedIn url': 'http://www.linkedin.com/company/bfi'}
{'company_name_zoominfo': 'Walker Industries', 'website': 'www.walkerind.com', 'headquarters': '2800 Thorold Townline Rd, Niagara Falls, Ontario, L2E 6S4, Canada', 'SIC Code': '17,179', 'NAICS Code': '23,237', 'revenue': '$202.9M', 'Number of Employees': '318', 'LinkedIn url': 'http://www.linkedin.com/company/norjohn-limited'}
{'company_name_zoominfo': '!not-found', 'website': 'The Heritage Group', 'headquarters': '!not-found', 'SIC Code': '!not-found', 'NAICS Code': '!not-found', 'revenue': '!not-found', 'Number of Employees': '!not-found', 'LinkedIn url': '!not-found'}
{'company_name_zoominfo': 'Rig Masters', 'website': 'www.rigmastersinc.com', 'headquarters': '6601 Hwy 565, Monterey, Louisiana, 71354, United States', 'SIC Code': '13,138', 'NAICS Code': '23,237', 'revenue': '$9.2M', 'Number of Employees': '33', 'LinkedIn url': 'http://www.linkedin.com/company/rig-masters-inc'}
{'company_name_zoominfo': 'SET Environmental Inc.', 'website': 'www.setenv.com', 'headquarters': '450 Sumac Rd, Wheeling, Illinois, 60090, United States', 'SIC Code': '49,42', 'NAICS Code': '56,562', 'revenue': '$425.3M', 'Number of Employees': '466', 'LinkedIn url': 'http://www.linkedin.com/company/set-environmental-inc.'}
{'company_name_zoominfo': 'NATIONAL SALVAGE AND SERVICE', 'website': 'www.nssccorp.com', 'headquarters': '6755 S Old State Road 37, Bloomington, Indiana, 47401, United States', 'SIC Code': '50,508', 'NAICS Code': '42,423', 'revenue': '$69.7M', 'Number of Employees': '295', 'LinkedIn url': 'http://www.linkedin.com/company/1841513'}
{'company_name_zoominfo': 'JG Environmental', 'website': 'www.jgenvironmental.net', 'headquarters': '776 Flory Mill Rd, Lancaster, Pennsylvania, 17601, United States', 'SIC Code': '42,421', 'NAICS Code': '56,562', 'revenue': '<$5M', 'Number of Employees': '<25', 'LinkedIn url': 'http://www.linkedin.com/company/j-g-environmental'}
{'company_name_zoominfo': 'A2Z Group', 'website': 'www.a2zgroup.in', 'headquarters': 'India', 'SIC Code': '32,329', 'NAICS Code': '32,327', 'revenue': '$5.5M', 'Number of Employees': '27', 'LinkedIn url': '!not-found'}
{'company_name_zoominfo': 'ECC/Quantum Murray', 'website': 'www.ecc-qm.com', 'headquarters': '14 Mill St S, Port Hope, Ontario, L1A 2S6, Canada', 'SIC Code': '87,874', 'NAICS Code': '56,561', 'revenue': '<$5M', 'Number of Employees': '<25', 'LinkedIn url': '!not-found'}
{'company_name_zoominfo': 'Moros', 'website': 'www.moros.com', 'headquarters': 'Zaragoza, Spain', 'SIC Code': '35,355', 'NAICS Code': '33,333', 'revenue': '$6.1M', 'Number of Employees': '<25', 'LinkedIn url': '!not-found'}
{'company_name_zoominfo': 'Bay Disposal', 'website': 'www.baydisposal.com', 'headquarters': '2224 Springfield Ave, Norfolk, Virginia, 23523, United States', 'SIC Code': '49,495', 'NAICS Code': '56,562', 'revenue': '$26.2M', 'Number of Employees': '81', 'LinkedIn url': 'http://www.linkedin.com/company/bay-disposal'}
{'company_name_zoominfo': 'Scrapwire and Cable', 'website': 'www.scrapwireandcable.com', 'headquarters': '5702 Industry Ln Ste A1, Frederick, Maryland, 21704, United States', 'SIC Code': '48,484', 'NAICS Code': '51,515', 'revenue': '<$5M', 'Number of Employees': '<25', 'LinkedIn url': 'http://www.linkedin.com/company/scrapwire-and-cable'}
{'company_name_zoominfo': 'Moore Disposal', 'website': 'www.moorewaste.com', 'headquarters': 'PO Box 35129, Dallas, Texas, 75235, United States', 'SIC Code': '42,421', 'NAICS Code': '56,562', 'revenue': '$8.3M', 'Number of Employees': '25', 'LinkedIn url': 'http://www.linkedin.com/company/moore-disposal-corp-'}
{'company_name_zoominfo': 'Ozone Waste Solutions', 'website': 'www.ozonewastesolutions.com', 'headquarters': '4215 Tudor Ln, Greensboro, North Carolina, 27410, United States', 'SIC Code': '49,495', 'NAICS Code': '56,562', 'revenue': '$5.6M', 'Number of Employees': '<25', 'LinkedIn url': 'http://www.linkedin.com/company/ozone-waste-solutions'}
{'company_name_zoominfo': 'Waste Solutions Consulting', 'website': 'www.wastesc.com', 'headquarters': '3016 Blue Sky Loop, Jeffersonville, Indiana, 47130, United States', 'SIC Code': '89,899', 'NAICS Code': '54,541', 'revenue': '<$5M', 'Number of Employees': '<25', 'LinkedIn url': 'http://www.linkedin.com/company/waste-solutions-consulting-llp'}
{'company_name_zoominfo': 'ABC Disposal Systems', 'website': 'www.abcdisposalsystems.com', 'headquarters': 'PO Box 86, Hiawatha, Iowa, 52233, United States', 'SIC Code': '42,421', 'NAICS Code': '56,562', 'revenue': '<$5M', 'Number of Employees': '<25', 'LinkedIn url': '!not-found'}
{'company_name_zoominfo': 'Earthpro Services', 'website': 'www.earthproservices.com', 'headquarters': 'Abuja Ln D-line, Port Harcourt, Rivers, Nigeria', 'SIC Code': '49,495', 'NAICS Code': '56,562', 'revenue': '<$5M', 'Number of Employees': '<25', 'LinkedIn url': 'http://www.linkedin.com/company/earthpro-unique-integrated-ltd'}
{'company_name_zoominfo': 'United Enviro Systems', 'website': 'www.unitedenvirosystems.com', 'headquarters': 'PO Box 524, Chester, New Jersey, 07930, United States', 'SIC Code': '42,421', 'NAICS Code': '56,562', 'revenue': '<$5M', 'Number of Employees': '<25', 'LinkedIn url': 'http://www.linkedin.com/company/united-enviro-systems-inc'}
{'company_name_zoominfo': 'NotAvailable', 'website': 'NotAvailable', 'headquarters': 'NotAvailable', 'SIC Code': 'NotAvailable', 'NAICS Code': 'NotAvailable', 'revenue': 'NotAvailable', 'Number of Employees': 'NotAvailable', 'LinkedIn url': 'NotAvailable'}
{'company_name_zoominfo': 'Mid-Atlantic Waste Systems', 'website': 'www.mawaste.com', 'headquarters': '10641 Cordova Rd, Easton, Maryland, 21601, United States', 'SIC Code': '35,50', 'NAICS Code': '42,423', 'revenue': '$27.5M', 'Number of Employees': '79', 'LinkedIn url': 'http://www.linkedin.com/company/thc-enterprises'}
{'company_name_zoominfo': 'US Liquids of Louisiana', 'website': 'www.uslla.com', 'headquarters': '11079 Triangle Shell Rd, Jennings, Louisiana, 70546, United States', 'SIC Code': '13,138', 'NAICS Code': '51,518', 'revenue': '<$5M', 'Number of Employees': '<25', 'LinkedIn url': 'http://www.linkedin.com/company/us-liquids-inc-'}
{'company_name_zoominfo': 'Wyoming Disposal', 'website': 'www.wyodisposal.com', 'headquarters': '475 Road 128a, Cheyenne, Wyoming, 82007, United States', 'SIC Code': '49,495', 'NAICS Code': '56,562', 'revenue': '$12.8M', 'Number of Employees': '51', 'LinkedIn url': '!not-found'}
{'company_name_zoominfo': 'CCS-Industrial Services', 'website': 'www.ccs-pneco.com', 'headquarters': '1121 Columbia Blvd, Longview, Washington, 98632, United States', 'SIC Code': '49,495', 'NAICS Code': '22,221', 'revenue': '$43M', 'Number of Employees': '213', 'LinkedIn url': 'http://www.linkedin.com/company/pnecorpdbaccs'}
renewing ip
429
2620:7:6001::157
{'company_name_zoominfo': 'Advanced Cleanup Technologies', 'website': 'www.advancedcleanup.com', 'headquarters': '110 Main St Ste 103, Port Washington, New York, 11050, United States', 'SIC Code': '42,421', 'NAICS Code': '56,562', 'revenue': '$6.2M', 'Number of Employees': '34', 'LinkedIn url': '!not-found'}
{'company_name_zoominfo': 'National Doorstep Pickup', 'website': 'www.nationaldoorsteppickup.com', 'headquarters': '7028 W Waters Ave 104, Tampa, Florida, 33634, United States', 'SIC Code': '49,495', 'NAICS Code': '56,562', 'revenue': '<$5M', 'Number of Employees': '<25', 'LinkedIn url': 'http://www.linkedin.com/company/national-doorstep-pickup-valet-trash-&-recycling-waste-removal-experts'}
{'company_name_zoominfo': 'RES Water', 'website': 'www.reswater.com', 'headquarters': '1119 Old State Rte 119, Mount Pleasant, Pennsylvania, 15666, United St...', 'SIC Code': '49,495', 'NAICS Code': '22,221', 'revenue': '$15.9M', 'Number of Employees': '67', 'LinkedIn url': 'http://www.linkedin.com/company/reserve-environmental-services'}
{'company_name_zoominfo': 'Biagini Waste Reduction Systems', 'website': 'www.bwrs.com', 'headquarters': '1151 Hensley St, Richmond, California, 94801, United States', 'SIC Code': '49,495', 'NAICS Code': '56,562', 'revenue': '<$5M', 'Number of Employees': '<25', 'LinkedIn url': 'http://www.linkedin.com/company/biagini-waste-reduction-systems'}
{'company_name_zoominfo': 'San-I-Pak', 'website': 'www.sanipak.com', 'headquarters': '23535 S Bird Rd, Tracy, California, 95304, United States', 'SIC Code': '34,344', 'NAICS Code': '33,332', 'revenue': '$6.6M', 'Number of Employees': '<25', 'LinkedIn url': 'http://www.linkedin.com/company/san-i-pak'}
{'company_name_zoominfo': 'USA Waste Management', 'website': 'www.usawastemanagement.com', 'headquarters': '15 Brant Ave Ste 6, Clark, New Jersey, 07066, United States', 'SIC Code': '49,495', 'NAICS Code': '56,562', 'revenue': '<$5M', 'Number of Employees': '<25', 'LinkedIn url': 'http://www.linkedin.com/company/usa-waste-management'}
{'company_name_zoominfo': 'SES Environmental', 'website': 'www.sesenvironmental.com', 'headquarters': '11285 Elkins Rd Ste L1, Roswell, Georgia, 30076, United States', 'SIC Code': '89,899', 'NAICS Code': '54,541', 'revenue': '<$5M', 'Number of Employees': '<25', 'LinkedIn url': '!not-found'}
{'company_name_zoominfo': 'Athens Services', 'website': 'www.athensservices.com', 'headquarters': '14048 Valley Blvd, City of Industry, California, 91746, United States', 'SIC Code': '42,421', 'NAICS Code': '56,562', 'revenue': '$393.9M', 'Number of Employees': '1,300', 'LinkedIn url': 'http://www.linkedin.com/company/575490'}
{'company_name_zoominfo': 'Updike Industries', 'website': 'www.updikeindustries.com', 'headquarters': 'PO Box 1745, Culpeper, Virginia, 22701, United States', 'SIC Code': '42,421', 'NAICS Code': '56,562', 'revenue': '<$5M', 'Number of Employees': '<25', 'LinkedIn url': 'http://www.linkedin.com/company/updike-industries'}
{'company_name_zoominfo': 'Maple Reinders', 'website': 'www.maple.ca', 'headquarters': '2660 Argentia Rd, Mississauga, Ontario, L5N 5V4, Canada', 'SIC Code': '15,152', 'NAICS Code': '23,236', 'revenue': '$236.9M', 'Number of Employees': '377', 'LinkedIn url': 'http://www.linkedin.com/company/maple-reinders-constructors-ltd-'}
{'company_name_zoominfo': 'Westmark Group', 'website': 'www.westmarkgroup.net', 'headquarters': '7145 S Buffalo Dr Ste C105, Las Vegas, Nevada, 89113, United States', 'SIC Code': '89,899', 'NAICS Code': '54,541', 'revenue': '<$5M', 'Number of Employees': '<25', 'LinkedIn url': 'http://www.linkedin.com/company/the-westmark-group'}
{'company_name_zoominfo': 'Commercial Disposal', 'website': 'www.commercialdisposal.com', 'headquarters': '782 Smyrna Hill Dr SE, Smyrna, Georgia, 30082, United States', 'SIC Code': '49,495', 'NAICS Code': '56,562', 'revenue': '$5.1M', 'Number of Employees': '<25', 'LinkedIn url': 'http://www.linkedin.com/company/commercial-disposal'}
{'company_name_zoominfo': 'King Hauling', 'website': 'www.kinghaulingllc.com', 'headquarters': '10979 Reed Hartman Hwy Ste 310, Cincinnati, Ohio, 45242, United States', 'SIC Code': '42,421', 'NAICS Code': '48,484', 'revenue': '<$5M', 'Number of Employees': '<25', 'LinkedIn url': 'http://www.linkedin.com/company/the-king-group-of-companies'}
{'company_name_zoominfo': 'concorddisposal.com', 'website': 'www.concorddisposal.com', 'headquarters': '!not-found', 'SIC Code': '49,495', 'NAICS Code': '56,562', 'revenue': '<$5M', 'Number of Employees': '<25', 'LinkedIn url': '!not-found'}
{'company_name_zoominfo': 'EnviroSolve', 'website': 'www.envirosolve.com', 'headquarters': '30343 Canwood St Ste 208B, Agoura Hills, California, 91301, United Sta...', 'SIC Code': '89,899', 'NAICS Code': '54,541', 'revenue': '$5.6M', 'Number of Employees': '<25', 'LinkedIn url': 'http://www.linkedin.com/company/envirosolve-corporation'}
{'company_name_zoominfo': 'Environmental Restoration', 'website': 'www.erllc.com', 'headquarters': '1666 Fabick Dr, St. Louis, Missouri, 63026, United States', 'SIC Code': '17,179', 'NAICS Code': '56,562', 'revenue': '$100M', 'Number of Employees': '491', 'LinkedIn url': 'http://www.linkedin.com/company/environmental-restoration-llc'}
{'company_name_zoominfo': 'Patriot Environmental Services', 'website': 'www.patriotenvironmental.com', 'headquarters': '508 E E St Unit A, Wilmington, California, 90744, United States', 'SIC Code': '49,495', 'NAICS Code': '56,562', 'revenue': '$74.2M', 'Number of Employees': '319', 'LinkedIn url': 'http://www.linkedin.com/company/patriot-environmental-services'}
{'company_name_zoominfo': 'Microtech Contracting', 'website': 'www.microtechenvironmentalservices.com', 'headquarters': '38 Kean St Unit C, West Babylon, New York, 11704, United States', 'SIC Code': '17,179', 'NAICS Code': '56,562', 'revenue': '<$5M', 'Number of Employees': '<25', 'LinkedIn url': 'http://www.linkedin.com/company/microtech-contracting-corp'}
{'company_name_zoominfo': 'Waste Industries', 'website': 'www.waste-industries.com', 'headquarters': '800 E Grand St, Elizabeth, New Jersey, 07201, United States', 'SIC Code': '49,495', 'NAICS Code': '56,562', 'revenue': '<$5M', 'Number of Employees': '<25', 'LinkedIn url': '!not-found'}
{'company_name_zoominfo': 'Gaeta Interior Demolition', 'website': 'www.greenenvironyc.com', 'headquarters': '25 Van St, Staten Island, New York, 10310, United States', 'SIC Code': '49,495', 'NAICS Code': '56,562', 'revenue': '$15.1M', 'Number of Employees': '67', 'LinkedIn url': 'http://www.linkedin.com/company/gaeta-interior-demolition-inc'}
{'company_name_zoominfo': 'NotAvailable', 'website': 'NotAvailable', 'headquarters': 'NotAvailable', 'SIC Code': 'NotAvailable', 'NAICS Code': 'NotAvailable', 'revenue': 'NotAvailable', 'Number of Employees': 'NotAvailable', 'LinkedIn url': 'NotAvailable'}
{'company_name_zoominfo': 'Iwc', 'website': 'www.iwcsolutions.com', 'headquarters': '500 N Central 105, Plano, Texas, 75074, United States', 'SIC Code': '73,737', 'NAICS Code': '54,541', 'revenue': '<$5M', 'Number of Employees': '<25', 'LinkedIn url': 'http://www.linkedin.com/company/iwc-inc-'}
{'company_name_zoominfo': 'Dunagin Transport', 'website': 'www.dunagintransport.com', 'headquarters': '10179 S Access Rd, Merkel, Texas, 79536, United States', 'SIC Code': '42,421', 'NAICS Code': '33,336', 'revenue': '$14M', 'Number of Employees': '65', 'LinkedIn url': 'http://www.linkedin.com/company/dunagin-transport-company'}
{'company_name_zoominfo': 'Cart Right Recycling', 'website': 'www.cartright.net', 'headquarters': '5863 S Warner Ave, Fremont, Michigan, 49412, United States', 'SIC Code': '49,495', 'NAICS Code': '56,562', 'revenue': '<$5M', 'Number of Employees': '<25', 'LinkedIn url': '!not-found'}
renewing ip
429
2001:67c:6ec:203:192:42:116:196
renewing ip
429
2a0b:f4c1:2::244
{'company_name_zoominfo': 'EMC Oil', 'website': 'www.emcoilcorp.com', 'headquarters': '8470 NW 68th St, Miami, Florida, 33166, United States', 'SIC Code': '49,495', 'NAICS Code': '56,562', 'revenue': '<$5M', 'Number of Employees': '<25', 'LinkedIn url': '!not-found'}
{'company_name_zoominfo': 'Red Carpet Landfill', 'website': 'www.redcarpetlandfill.com', 'headquarters': 'PO Box 169, Meno, Oklahoma, 73760, United States', 'SIC Code': '49,495', 'NAICS Code': '56,562', 'revenue': '<$5M', 'Number of Employees': '<25', 'LinkedIn url': '!not-found'}
{'company_name_zoominfo': 'A J Blosenski', 'website': 'www.ajblosenski.com', 'headquarters': 'PO Box 392, Elverson, Pennsylvania, 19520, United States', 'SIC Code': '49,495', 'NAICS Code': '56,562', 'revenue': '$36.1M', 'Number of Employees': '121', 'LinkedIn url': 'http://www.linkedin.com/company/a-j-blosenski-inc'}
{'company_name_zoominfo': 'South Central Solid Waste Authority', 'website': 'www.scswa.net', 'headquarters': '2865 W Amador Ave, Las Cruces, New Mexico, 88005, United States', 'SIC Code': '95,951', 'NAICS Code': '92,924', 'revenue': '$8.9M', 'Number of Employees': '32', 'LinkedIn url': '!not-found'}
{'company_name_zoominfo': 'Marquette County Solid Waste Management Authority', 'website': 'www.mcswma.com', 'headquarters': '600 County Road Np, Marquette, Michigan, 49855, United States', 'SIC Code': '49,495', 'NAICS Code': '56,562', 'revenue': '$20.7M', 'Number of Employees': '96', 'LinkedIn url': '!not-found'}
{'company_name_zoominfo': 'Sutta Properties', 'website': 'www.suttapropertiesllc.com', 'headquarters': '287 Main St, Hope, Rhode Island, 02831, United States', 'SIC Code': '65,653', 'NAICS Code': '53,531', 'revenue': '<$5M', 'Number of Employees': '<25', 'LinkedIn url': '!not-found'}
{'company_name_zoominfo': 'Abilene Environmental Landfill', 'website': 'www.aelandfill.com', 'headquarters': '1984 Fm 3034, Abilene, Texas, 79601, United States', 'SIC Code': '49,495', 'NAICS Code': '56,562', 'revenue': '<$5M', 'Number of Employees': '<25', 'LinkedIn url': '!not-found'}
{'company_name_zoominfo': 'Amberwick', 'website': 'www.amberwickcorp.com', 'headquarters': '2304 W 16th St, Long Beach, California, 90813, United States', 'SIC Code': '42,421', 'NAICS Code': '56,562', 'revenue': '<$5M', 'Number of Employees': '<25', 'LinkedIn url': 'http://www.linkedin.com/company/amberwick'}
{'company_name_zoominfo': 'General Environmental Management', 'website': 'www.gem-mobile.com', 'headquarters': '1196 E Willow St, Signal Hill, California, 90755, United States', 'SIC Code': '38,382', 'NAICS Code': '33,334', 'revenue': '$9.4M', 'Number of Employees': '31', 'LinkedIn url': 'http://www.linkedin.com/company/gem-mobile-treatment-services'}
{'company_name_zoominfo': 'Gainsborough Waste', 'website': 'www.gainsboroughwaste.com', 'headquarters': '950 Mccarty St, Houston, Texas, 77029, United States', 'SIC Code': '49,73', 'NAICS Code': '56,561', 'revenue': '$25.2M', 'Number of Employees': '73', 'LinkedIn url': 'http://www.linkedin.com/company/gainsborough-waste'}
{'company_name_zoominfo': '!not-found', 'website': 'Ion247', 'headquarters': '!not-found', 'SIC Code': '!not-found', 'NAICS Code': '!not-found', 'revenue': '!not-found', 'Number of Employees': '!not-found', 'LinkedIn url': '!not-found'}
{'company_name_zoominfo': 'GreenServ', 'website': 'www.greenservinc.com', 'headquarters': 'PO Box 3148, Oxford, Mississippi, 38655, United States', 'SIC Code': '49,495', 'NAICS Code': '56,562', 'revenue': '<$5M', 'Number of Employees': '<25', 'LinkedIn url': 'http://www.linkedin.com/company/greenserv-inc-'}
{'company_name_zoominfo': 'Greer Enterprises', 'website': 'www.greerllc.com', 'headquarters': '17401 Commerce Park Blvd Ste 103, Tampa, Florida, 33647, United States', 'SIC Code': '49,495', 'NAICS Code': '56,562', 'revenue': '<$5M', 'Number of Employees': '<25', 'LinkedIn url': 'http://www.linkedin.com/company/greer-enterprises'}
{'company_name_zoominfo': 'Emerald Services', 'website': 'www.emeraldrenews.com', 'headquarters': '6851 E Marginal Way S, Seattle, Washington, 98108, United States', 'SIC Code': '49,58', 'NAICS Code': '22,221', 'revenue': '$12.9M', 'Number of Employees': '32', 'LinkedIn url': 'http://www.linkedin.com/company/emerald-appraisal'}
{'company_name_zoominfo': 'Emergency Response & Training Solutions', 'website': 'www.ertsonline.com', 'headquarters': '11231 Phillips Industrial Blvd E Ste 300, Jacksonville, Florida, 32256...', 'SIC Code': '49,495', 'NAICS Code': '56,562', 'revenue': '$5.4M', 'Number of Employees': '<25', 'LinkedIn url': 'http://www.linkedin.com/company/emergency-response-&-training-solutions'}
{'company_name_zoominfo': '!not-found', 'website': 'Emterra Group', 'headquarters': '!not-found', 'SIC Code': '!not-found', 'NAICS Code': '!not-found', 'revenue': '!not-found', 'Number of Employees': '!not-found', 'LinkedIn url': '!not-found'}
{'company_name_zoominfo': 'Energy Dynamics', 'website': 'www.energydynamics.biz', 'headquarters': '139 Chewonki Neck Rd, Wiscasset, Maine, 04578, United States', 'SIC Code': '35,351', 'NAICS Code': '33,333', 'revenue': '<$5M', 'Number of Employees': '<25', 'LinkedIn url': 'http://www.linkedin.com/company/energy-dynamics-llc'}
{'company_name_zoominfo': 'NUKEM', 'website': 'www.nukem.co.uk', 'headquarters': 'Kelburn Ct Daten Risley Park, Warrington, Milton Keynes, WA3 6TW, Unit...', 'SIC Code': '73,737', 'NAICS Code': '54,541', 'revenue': '$454.4M', 'Number of Employees': '1,961', 'LinkedIn url': '!not-found'}
{'company_name_zoominfo': 'Enpro Industries', 'website': 'www.enproindustries.com', 'headquarters': '5605 Carnegie Blvd Ste 500, Charlotte, North Carolina, 28209, United S...', 'SIC Code': '35,351', 'NAICS Code': '33,333', 'revenue': '$1.2B', 'Number of Employees': '4,400', 'LinkedIn url': 'http://www.linkedin.com/company/enpro-industries-inc-'}
{'company_name_zoominfo': 'Entegra Energy', 'website': 'www.entegraenergy.com', 'headquarters': 'PO Box 1087, Bridgeport, West Virginia, 26330, United States', 'SIC Code': '13,138', 'NAICS Code': '23,238', 'revenue': '$18M', 'Number of Employees': '75', 'LinkedIn url': 'http://www.linkedin.com/company/integrawv'}
site-not-indexed

{'company_name_zoominfo': '!not-found', 'website': '!not-found', 'headquarters': '!not-found', 'SIC Code': '!not-found', 'NAICS Code': '!not-found', 'revenue': '!not-found', 'Number of Employees': '!not-found', 'LinkedIn url': '!not-found'}
{'company_name_zoominfo': 'NotAvailable', 'website': 'NotAvailable', 'headquarters': 'NotAvailable', 'SIC Code': 'NotAvailable', 'NAICS Code': 'NotAvailable', 'revenue': 'NotAvailable', 'Number of Employees': 'NotAvailable', 'LinkedIn url': 'NotAvailable'}
{'company_name_zoominfo': 'EnterpriseDB', 'website': 'www.enterprisedb.com', 'headquarters': '34 Crosby Dr Ste 201, Bedford, Massachusetts, 01730, United States', 'SIC Code': '73,737', 'NAICS Code': '54,541', 'revenue': '$178.5M', 'Number of Employees': '850', 'LinkedIn url': 'http://www.linkedin.com/company/enterprisedb'}
{'company_name_zoominfo': 'Environmental Holdings Group', 'website': 'www.ehgllc.com', 'headquarters': '150 Satellite Blvd NE Ste D, Suwanee, Georgia, 30024, United States', 'SIC Code': '89,899', 'NAICS Code': '54,541', 'revenue': '$25.8M', 'Number of Employees': '68', 'LinkedIn url': 'http://www.linkedin.com/company/environmental-holdings-group'}
{'company_name_zoominfo': 'Environmental Products & Technologies', 'website': 'www.eptcorp.com', 'headquarters': '4216 S Mooney Blvd Ste 131, Visalia, California, 93277, United States', 'SIC Code': '89,899', 'NAICS Code': '54,541', 'revenue': '$6.1M', 'Number of Employees': '<25', 'LinkedIn url': '!not-found'}
{'company_name_zoominfo': 'Environmental Standards', 'website': 'www.envstd.com', 'headquarters': '1140 Valley Forge Rd, Valley Forge, Pennsylvania, 19482, United States', 'SIC Code': '73,737', 'NAICS Code': '54,541', 'revenue': '$21.3M', 'Number of Employees': '97', 'LinkedIn url': 'http://www.linkedin.com/company/environmentalstandardsinc'}
renewing ip
429
2a0b:f4c2:2::38
renewing ip
429
2620:7:6001::160
{'company_name_zoominfo': 'Environmental Technologies Group', 'website': 'www.etgroupinc.com', 'headquarters': '1103 S Perkins Rd, Stillwater, Oklahoma, 74074, United States', 'SIC Code': '89,899', 'NAICS Code': '54,541', 'revenue': '$6.5M', 'Number of Employees': '<25', 'LinkedIn url': 'http://www.linkedin.com/company/environmental-technologies-group-inc.'}
{'company_name_zoominfo': 'Corys General Contracting', 'website': 'www.corysgeneralcontracting.com', 'headquarters': '707 E Canal St, Troy, Ohio, 45373, United States', 'SIC Code': '17,179', 'NAICS Code': '23,238', 'revenue': '<$5M', 'Number of Employees': '<25', 'LinkedIn url': '!not-found'}
{'company_name_zoominfo': '!not-found', 'website': 'Plano Independent School District', 'headquarters': '!not-found', 'SIC Code': '!not-found', 'NAICS Code': '!not-found', 'revenue': '!not-found', 'Number of Employees': '!not-found', 'LinkedIn url': '!not-found'}
{'company_name_zoominfo': 'EnviroServe', 'website': 'www.enviroserve.com', 'headquarters': '4600 Brookpark Rd, Cleveland, Ohio, 44134, United States', 'SIC Code': '42,421', 'NAICS Code': '56,562', 'revenue': '$76.8M', 'Number of Employees': '357', 'LinkedIn url': 'http://www.linkedin.com/company/enviroserve-j-v-'}
{'company_name_zoominfo': 'Enviro Tec Hvac', 'website': 'www.ethvac.com', 'headquarters': '20565 Valley Blvd, Walnut, California, 91789, United States', 'SIC Code': '17,171', 'NAICS Code': '23,238', 'revenue': '<$5M', 'Number of Employees': '<25', 'LinkedIn url': '!not-found'}
{'company_name_zoominfo': 'Envolve Energy Services', 'website': 'www.envolveenergy.com', 'headquarters': 'Energy Services 2017 1x0 Ab-40, Grovedale, Alberta, T0H 1X0, Canada', 'SIC Code': '49,491', 'NAICS Code': '22,221', 'revenue': '$5.9M', 'Number of Employees': '<25', 'LinkedIn url': '!not-found'}
{'company_name_zoominfo': 'e-Pallet', 'website': 'www.epalletinc.com', 'headquarters': '14701 Detroit Ave Ste 610, Lakewood, Ohio, 44107, United States', 'SIC Code': '24,244', 'NAICS Code': '32,321', 'revenue': '$9.4M', 'Number of Employees': '37', 'LinkedIn url': '!not-found'}
{'company_name_zoominfo': 'eq detroit', 'website': 'www.eqonline.com', 'headquarters': '101 S Capitol Blvd Ste 1000, Boise, Idaho, 83702, United States', 'SIC Code': '73,738', 'NAICS Code': '56,561', 'revenue': '<$5M', 'Number of Employees': '<25', 'LinkedIn url': '!not-found'}
{'company_name_zoominfo': 'Metalloy', 'website': 'www.metalloyinc.com', 'headquarters': '5800 Heiser St, Houston, Texas, 77087, United States', 'SIC Code': '33,335', 'NAICS Code': '33,331', 'revenue': '<$5M', 'Number of Employees': '<25', 'LinkedIn url': 'http://www.linkedin.com/company/metaloy'}
{'company_name_zoominfo': 'Eugene Pallet Enterprises', 'website': 'www.eugenepalletenterprises.com', 'headquarters': '30050 Beacon Dr W, Junction City, Oregon, 97448, United States', 'SIC Code': '24,244', 'NAICS Code': '32,321', 'revenue': '<$5M', 'Number of Employees': '<25', 'LinkedIn url': '!not-found'}
{'company_name_zoominfo': 'HEPACO', 'website': 'www.hepaco.com', 'headquarters': '9335 Harris Corners Pkwy Ste 220, Charlotte, North Carolina, 28269, Un...', 'SIC Code': '49,495', 'NAICS Code': '56,562', 'revenue': '$132.9M', 'Number of Employees': '562', 'LinkedIn url': 'http://www.linkedin.com/company/hepaco-inc.'}
{'company_name_zoominfo': 'Evergreen Waste Services', 'website': 'www.evergreenws.com', 'headquarters': '619 Lambson Ln, New Castle, Delaware, 19720, United States', 'SIC Code': '49,495', 'NAICS Code': '56,562', 'revenue': '$14.2M', 'Number of Employees': '72', 'LinkedIn url': 'http://www.linkedin.com/company/evergreen-waste-management'}
{'company_name_zoominfo': 'EZshred', 'website': 'www.ezshred.com', 'headquarters': 'PO Box 8, Chesterland, Ohio, 44026, United States', 'SIC Code': '42,422', 'NAICS Code': '49,493', 'revenue': '<$5M', 'Number of Employees': '<25', 'LinkedIn url': '!not-found'}
{'company_name_zoominfo': 'F&F Multiprint', 'website': 'www.ffmultiprint.com', 'headquarters': '414 4th St Ste E, Woodland, California, 95695, United States', 'SIC Code': '27,275', 'NAICS Code': '32,323', 'revenue': '<$5M', 'Number of Employees': '<25', 'LinkedIn url': 'http://www.linkedin.com/company/f-&-f-multiprint'}
{'company_name_zoominfo': 'Coffee Zone', 'website': 'www.coffeezonemp.com', 'headquarters': '328 S Atlantic Blvd Ste 107, Monterey Park, California, 91754, United ...', 'SIC Code': '54,549', 'NAICS Code': '44,445', 'revenue': '<$5M', 'Number of Employees': '<25', 'LinkedIn url': '!not-found'}
{'company_name_zoominfo': 'Fern', 'website': 'www.fernflavors.com', 'headquarters': '1419 East Blvd Ste A, Charlotte, North Carolina, 28203, United States', 'SIC Code': '58,581', 'NAICS Code': '72,722', 'revenue': '<$5M', 'Number of Employees': '<25', 'LinkedIn url': '!not-found'}
{'company_name_zoominfo': 'Walker Windows', 'website': 'www.walkerwindows.com', 'headquarters': '2200 S Dupont Dr, Anaheim, California, 92806, United States', 'SIC Code': '50,503', 'NAICS Code': '42,423', 'revenue': '$15M', 'Number of Employees': '49', 'LinkedIn url': 'http://www.linkedin.com/company/walker-windows'}
{'company_name_zoominfo': 'NotAvailable', 'website': 'NotAvailable', 'headquarters': 'NotAvailable', 'SIC Code': 'NotAvailable', 'NAICS Code': 'NotAvailable', 'revenue': 'NotAvailable', 'Number of Employees': 'NotAvailable', 'LinkedIn url': 'NotAvailable'}
{'company_name_zoominfo': 'Finish Line Productions', 'website': 'www.finishlineproduction.com', 'headquarters': '475 Tinkers Trl, Boulder Creek, California, 95006, United States', 'SIC Code': '73,738', 'NAICS Code': '71,711', 'revenue': '<$5M', 'Number of Employees': '<25', 'LinkedIn url': '!not-found'}
{'company_name_zoominfo': 'Cogent Waste', 'website': 'www.cogentwaste.com', 'headquarters': '860 Humboldt St, Brooklyn, New York, 11222, United States', 'SIC Code': '49,495', 'NAICS Code': '22,221', 'revenue': '$15.1M', 'Number of Employees': '31', 'LinkedIn url': 'http://www.linkedin.com/company/five-star-carting-inc'}
{'company_name_zoominfo': 'NotAvailable', 'website': 'NotAvailable', 'headquarters': 'NotAvailable', 'SIC Code': 'NotAvailable', 'NAICS Code': 'NotAvailable', 'revenue': 'NotAvailable', 'Number of Employees': 'NotAvailable', 'LinkedIn url': 'NotAvailable'}
{'company_name_zoominfo': 'Foodprint Group', 'website': 'www.foodprintgroup.com', 'headquarters': '68 3rd St, Brooklyn, New York, 11231, United States', 'SIC Code': '89,899', 'NAICS Code': '54,541', 'revenue': '<$5M', 'Number of Employees': '<25', 'LinkedIn url': 'http://www.linkedin.com/company/foodprint-group'}
site-not-indexed

{'company_name_zoominfo': '!not-found', 'website': '!not-found', 'headquarters': '!not-found', 'SIC Code': '!not-found', 'NAICS Code': '!not-found', 'revenue': '!not-found', 'Number of Employees': '!not-found', 'LinkedIn url': '!not-found'}
{'company_name_zoominfo': 'Franks Pallet Service', 'website': 'www.frankspallets.com', 'headquarters': '6201 Pulaski Hwy Ste 2, Baltimore, Maryland, 21205, United States', 'SIC Code': '24,244', 'NAICS Code': '32,321', 'revenue': '<$5M', 'Number of Employees': '<25', 'LinkedIn url': '!not-found'}
{'company_name_zoominfo': 'Fremouw Environmental Services', 'website': 'www.fremouwenvironmental.com', 'headquarters': '6940 Tremont Rd, Dixon, California, 95620, United States', 'SIC Code': '42,421', 'NAICS Code': '56,562', 'revenue': '$12.5M', 'Number of Employees': '47', 'LinkedIn url': 'http://www.linkedin.com/company/fremouw-environmental-services-inc-'}
{'company_name_zoominfo': 'Auto Pallets-Boxes', 'website': 'www.apallets.com', 'headquarters': '28000 Southfield Rd Fl 2, Lathrup Village, Michigan, 48076, United Sta...', 'SIC Code': '24,244', 'NAICS Code': '32,321', 'revenue': '$7.7M', 'Number of Employees': '<25', 'LinkedIn url': 'http://www.linkedin.com/company/auto-pallets-boxes-inc'}
{'company_name_zoominfo': 'GMA Pallet Recycling', 'website': 'www.gmapallets.com', 'headquarters': '4850 Felspar St, Jurupa Valley, California, 92509, United States', 'SIC Code': '24,244', 'NAICS Code': '32,321', 'revenue': '<$5M', 'Number of Employees': '<25', 'LinkedIn url': 'http://www.linkedin.com/company/gma-pallet-recycling-corp'}
{'company_name_zoominfo': 'Galaxy Transfer Systems', 'website': 'www.yelp.com/biz/galaxy-transfer-manassas', 'headquarters': '9650 Hawkins Dr, Manassas, Virginia, 20109, United States', 'SIC Code': '15', 'NAICS Code': '22,221', 'revenue': '$6.2M', 'Number of Employees': '29', 'LinkedIn url': 'http://www.linkedin.com/company/1511903'}
{'company_name_zoominfo': 'Gandy Printers', 'website': 'www.gandyprinters.com', 'headquarters': '1800 S Monroe St, Tallahassee, Florida, 32301, United States', 'SIC Code': '27,275', 'NAICS Code': '32,323', 'revenue': '$5M', 'Number of Employees': '<25', 'LinkedIn url': 'http://www.linkedin.com/company/gandy-printers'}
renewing ip
429
2a0b:f4c2::16
renewing ip
429
2001:67c:6ec:203:192:42:116:196
renewing ip
429
2a0b:f4c2:1::1
renewing ip
429
2a0b:f4c2:1::1
renewing ip
429
2620:7:6001::185
{'company_name_zoominfo': 'Garbage Pal', 'website': 'www.mygarbagepal.com', 'headquarters': '424 Mills Gap Rd, Arden, North Carolina, 28704, United States', 'SIC Code': '49,495', 'NAICS Code': '56,562', 'revenue': '<$5M', 'Number of Employees': '<25', 'LinkedIn url': '!not-found'}
{'company_name_zoominfo': '!not-found', 'website': '!not-found', 'headquarters': '!not-found', 'SIC Code': '!not-found', 'NAICS Code': '!not-found', 'revenue': '!not-found', 'Number of Employees': '!not-found', 'LinkedIn url': '!not-found'}
