{'company_name_zoominfo': 'GenAgain Technologies', 'website': 'www.genagain.com', 'headquarters': '2285 Sweetwater Industrial Blvd, Lithia Springs, Georgia, 30122, Unite...', 'SIC Code': '20,207', 'NAICS Code': '31,311', 'revenue': '$7.1M', 'Number of Employees': '29', 'LinkedIn url': 'http://www.linkedin.com/company/1870288'}
{'company_name_zoominfo': 'General Pallets', 'website': 'www.generalpallets.com', 'headquarters': '611 S 4th St, Fort Smith, Arkansas, 72901, United States', 'SIC Code': '24,244', 'NAICS Code': '32,321', 'revenue': '<$5M', 'Number of Employees': '<25', 'LinkedIn url': 'http://www.linkedin.com/company/general-pallets-inc-'}
{'company_name_zoominfo': 'NotAvailable', 'website': 'NotAvailable', 'headquarters': 'NotAvailable', 'SIC Code': 'NotAvailable', 'NAICS Code': 'NotAvailable', 'revenue': 'NotAvailable', 'Number of Employees': 'NotAvailable', 'LinkedIn url': 'NotAvailable'}
{'company_name_zoominfo': 'George B Wittmer Associates', 'website': 'www.wittmer-agricycle.com', 'headquarters': '500 Palmer St, Green Cove Springs, Florida, 32043, United States', 'SIC Code': '28,287', 'NAICS Code': '32,325', 'revenue': '$6.9M', 'Number of Employees': '33', 'LinkedIn url': '!not-found'}
{'company_name_zoominfo': 'Gilton Solid Waste Mgmt', 'website': 'www.gilton.com', 'headquarters': '755 S Yosemite Ave, Oakdale, California, 95361, United States', 'SIC Code': '49,495', 'NAICS Code': '56,562', 'revenue': '$17M', 'Number of Employees': '55', 'LinkedIn url': 'http://www.linkedin.com/company/gilton-solid-waste-management'}
{'company_name_zoominfo': 'Primal Fyre', 'website': 'www.primalfyre.com', 'headquarters': '3252 57th Ave SW, Seattle, Washington, 98116, United States', 'SIC Code': '17,174', 'NAICS Code': '23,238', 'revenue': '<$5M', 'Number of Employees': '<25', 'LinkedIn url': '!not-found'}
{'company_name_zoominfo': 'Global Pallet Solutions', 'website': 'www.globalpalletsolutionsllc.com', 'headquarters': '355 N Beach St, Fort Worth, Texas, 76111, United States', 'SIC Code': '24,244', 'NAICS Code': '32,321', 'revenue': '<$5M', 'Number of Employees': '<25', 'LinkedIn url': 'http://www.linkedin.com/company/global-pallet-solutions'}
{'company_name_zoominfo': 'NotAvailable', 'website': 'NotAvailable', 'headquarters': 'NotAvailable', 'SIC Code': 'NotAvailable', 'NAICS Code': 'NotAvailable', 'revenue': 'NotAvailable', 'Number of Employees': 'NotAvailable', 'LinkedIn url': 'NotAvailable'}
{'company_name_zoominfo': 'NotAvailable', 'website': 'NotAvailable', 'headquarters': 'NotAvailable', 'SIC Code': 'NotAvailable', 'NAICS Code': 'NotAvailable', 'revenue': 'NotAvailable', 'Number of Employees': 'NotAvailable', 'LinkedIn url': 'NotAvailable'}
{'company_name_zoominfo': 'Gold Trail Recycling', 'website': 'goldtrail.sfobc.com', 'headquarters': '694 Sollows Cres, 100 Mile House, British Columbia, V0K 2E0, Canada', 'SIC Code': '49,495', 'NAICS Code': '56,562', 'revenue': '<$5M', 'Number of Employees': '<25', 'LinkedIn url': '!not-found'}
{'company_name_zoominfo': 'Gorgo Group (“Gorgo”)', 'website': 'www.gorgogroup.com', 'headquarters': '646 S Delsea Dr, Vineland, New Jersey, 08360, United States', 'SIC Code': '42,421', 'NAICS Code': '48,484', 'revenue': '$23.7M', 'Number of Employees': '200', 'LinkedIn url': 'http://www.linkedin.com/company/gorgo-group'}
{'company_name_zoominfo': 'Granville Pallet', 'website': 'www.granvillepallet.com', 'headquarters': '3566 Us Hwy 15, Oxford, North Carolina, 27565, United States', 'SIC Code': '24,244', 'NAICS Code': '32,321', 'revenue': '$11.9M', 'Number of Employees': '44', 'LinkedIn url': 'http://www.linkedin.com/company/granville-pallet-company-inc'}
{'company_name_zoominfo': 'Great American Disposal', 'website': 'www.yelp.com/biz/great-american-disposal-co-negaunee', 'headquarters': '2300 Deerfield Ave E, Suamico, Wisconsin, 54173, United States', 'SIC Code': '49,495', 'NAICS Code': '56,562', 'revenue': '$33.4M', 'Number of Employees': '134', 'LinkedIn url': 'http://www.linkedin.com/company/great-american-disposal'}
{'company_name_zoominfo': 'Green City Solutions', 'website': 'www.greencitysolutions.com', 'headquarters': '590 Tahoe Keys Blvd, South Lake Tahoe, California, 96150, United State...', 'SIC Code': '87,874', 'NAICS Code': '54,541', 'revenue': '$6.9M', 'Number of Employees': '<25', 'LinkedIn url': 'http://www.linkedin.com/company/greencitysolutions'}
{'company_name_zoominfo': 'Green Life Waste Solutions', 'website': 'www.greenlifewaste.com', 'headquarters': '673 Gilmer St, Burlington, North Carolina, 27217, United States', 'SIC Code': '49,495', 'NAICS Code': '56,562', 'revenue': '<$5M', 'Number of Employees': '<25', 'LinkedIn url': 'http://www.linkedin.com/company/green-life-waste-solutions'}
{'company_name_zoominfo': 'Green Line Armor', 'website': 'www.greenlinearmor.com', 'headquarters': 'PO Box 5066, Quincy, Illinois, 62305, United States', 'SIC Code': '24,244', 'NAICS Code': '32,321', 'revenue': '<$5M', 'Number of Employees': '<25', 'LinkedIn url': 'http://www.linkedin.com/company/green-line-armor'}
{'company_name_zoominfo': 'Green Remedies Waste And Recycling', 'website': 'www.greenremedieswaste.com', 'headquarters': 'PO Box 1599, Elon, North Carolina, 27244, United States', 'SIC Code': '49,495', 'NAICS Code': '56,562', 'revenue': '<$5M', 'Number of Employees': '<25', 'LinkedIn url': 'http://www.linkedin.com/company/green-remedies-waste-&-recycling-inc-'}
{'company_name_zoominfo': 'Greenteam', 'website': 'www.greenteam.com', 'headquarters': '1333 Oakland Rd, San Jose, California, 95112, United States', 'SIC Code': '49,495', 'NAICS Code': '22,221', 'revenue': '<$5M', 'Number of Employees': '<25', 'LinkedIn url': '!not-found'}
renewing ip
429
192.42.116.200
renewing ip
429
23.154.177.22
renewing ip
429
185.220.101.33
renewing ip
429
185.220.101.33
renewing ip
429
95.214.52.208
('Connection aborted.', RemoteDisconnected('Remote end closed connection without response'))
local variable 'page' referenced before assignment
{'company_name_zoominfo': '!not-found', 'website': '!not-found', 'headquarters': '!not-found', 'SIC Code': '!not-found', 'NAICS Code': '!not-found', 'revenue': '!not-found', 'Number of Employees': '!not-found', 'LinkedIn url': '!not-found'}
{'company_name_zoominfo': 'GreenScene AgriTek', 'website': 'www.gsabedding.com', 'headquarters': '40874 Yale Rd, Chilliwack, British Columbia, V2R 4J2, Canada', 'SIC Code': '79,799', 'NAICS Code': '71,713', 'revenue': '<$5M', 'Number of Employees': '<25', 'LinkedIn url': 'http://www.linkedin.com/company/greenscene-agritek-inc.'}
{'company_name_zoominfo': 'GreenScience Technologies', 'website': 'www.greenscience.ca', 'headquarters': '127 4243c Dundas St West, Toronto, Ontario, M8X 1Y3, Canada', 'SIC Code': '28,287', 'NAICS Code': '32,325', 'revenue': '<$5M', 'Number of Employees': '<25', 'LinkedIn url': 'http://www.linkedin.com/company/greenscience-technologies-inc-'}
{'company_name_zoominfo': 'GreenStar', 'website': 'www.greenstardumpsterrental.com', 'headquarters': '1001 Massachusetts Ave # O2, Cambridge, Massachusetts, 02138, United S...', 'SIC Code': '49,495', 'NAICS Code': '56,562', 'revenue': '<$5M', 'Number of Employees': '<25', 'LinkedIn url': '!not-found'}
{'company_name_zoominfo': 'Greenway Products and Services, LLC', 'website': 'www.greenwaypsllc.com', 'headquarters': '5 Wheeling Rd, Dayton, New Jersey, 08810, United States', 'SIC Code': '24,244', 'NAICS Code': '32,321', 'revenue': '$28.1M', 'Number of Employees': '146', 'LinkedIn url': 'http://www.linkedin.com/company/greenwaypsllc'}
{'company_name_zoominfo': 'Groupe Bouffard', 'website': 'www.groupebouffard.com', 'headquarters': '75 Rue Savard Rd, Matane, Quebec, G4W 3M9, Canada', 'SIC Code': '50,509', 'NAICS Code': '42,423', 'revenue': '$5.7M', 'Number of Employees': '<25', 'LinkedIn url': 'http://www.linkedin.com/company/groupe-bouffard'}
{'company_name_zoominfo': 'NotAvailable', 'website': 'NotAvailable', 'headquarters': 'NotAvailable', 'SIC Code': 'NotAvailable', 'NAICS Code': 'NotAvailable', 'revenue': 'NotAvailable', 'Number of Employees': 'NotAvailable', 'LinkedIn url': 'NotAvailable'}
{'company_name_zoominfo': 'NotAvailable', 'website': 'NotAvailable', 'headquarters': 'NotAvailable', 'SIC Code': 'NotAvailable', 'NAICS Code': 'NotAvailable', 'revenue': 'NotAvailable', 'Number of Employees': 'NotAvailable', 'LinkedIn url': 'NotAvailable'}
{'company_name_zoominfo': 'H2chem', 'website': 'www.h2chem.com', 'headquarters': '102 Georgesville Rd, Columbus, Ohio, 43228, United States', 'SIC Code': '47,473', 'NAICS Code': '48,484', 'revenue': '<$5M', 'Number of Employees': '<25', 'LinkedIn url': '!not-found'}
{'company_name_zoominfo': 'H2O Services', 'website': 'www.h2oservicesinc.com', 'headquarters': '13 Violet Rd, Bayville, New York, 11709, United States', 'SIC Code': '50,507', 'NAICS Code': '42,423', 'revenue': '<$5M', 'Number of Employees': '<25', 'LinkedIn url': '!not-found'}
{'company_name_zoominfo': 'Hastings Manufacturing', 'website': 'www.hastingsmfg.net', 'headquarters': '800 Biltmore Dr, Fenton, Missouri, 63026, United States', 'SIC Code': '35,355', 'NAICS Code': '33,333', 'revenue': '$5.4M', 'Number of Employees': '28', 'LinkedIn url': '!not-found'}
{'company_name_zoominfo': 'Healthcare Medical Waste Services', 'website': 'www.hcmws.com', 'headquarters': '455 E Pikes Peak Ave Ste 102, Colorado Springs, Colorado, 80903, Unite...', 'SIC Code': '49,495', 'NAICS Code': '56,562', 'revenue': '<$5M', 'Number of Employees': '<25', 'LinkedIn url': 'http://www.linkedin.com/company/healthcare-medical-waste-services-llc'}
{'company_name_zoominfo': 'Heritage Pallets', 'website': 'www.heritagepallets.com', 'headquarters': 'PO Box 276, White, Georgia, 30184, United States', 'SIC Code': '24,244', 'NAICS Code': '32,321', 'revenue': '$6.9M', 'Number of Employees': '26', 'LinkedIn url': 'http://www.linkedin.com/company/heritage-pallets-inc'}
{'company_name_zoominfo': 'HES Med Waste', 'website': 'www.hesmedwaste.com', 'headquarters': '8496 NW 61st St, Miami, Florida, 33166, United States', 'SIC Code': '49,495', 'NAICS Code': '56,562', 'revenue': '<$5M', 'Number of Employees': '<25', 'LinkedIn url': 'http://www.linkedin.com/company/healthcare-waste-services'}
{'company_name_zoominfo': 'Go Potty', 'website': 'www.gopottyllc.com', 'headquarters': '147 Shattles Loop, Brooklyn, Mississippi, 39425, United States', 'SIC Code': '73,738', 'NAICS Code': '56,561', 'revenue': '<$5M', 'Number of Employees': '<25', 'LinkedIn url': '!not-found'}
{'company_name_zoominfo': 'High Tide Properties', 'website': 'www.hightideprop.com', 'headquarters': '4550 Kearny Villa Rd Ste 223, San Diego, California, 92123, United Sta...', 'SIC Code': '65,653', 'NAICS Code': '53,531', 'revenue': '<$5M', 'Number of Employees': '<25', 'LinkedIn url': 'http://www.linkedin.com/company/high-tide-properties-llc'}
{'company_name_zoominfo': 'NGL Energy Partners LP', 'website': 'www.nglenergypartners.com', 'headquarters': '6120 S Yale Ave Ste 805, Tulsa, Oklahoma, 74136, United States', 'SIC Code': '28,286', 'NAICS Code': '32,325', 'revenue': '$7.9B', 'Number of Employees': '842', 'LinkedIn url': 'http://www.linkedin.com/company/ngl-group'}
{'company_name_zoominfo': 'Hilltop Enterprises', 'website': 'www.hilltopenterprises.com', 'headquarters': '1157 Phoenixville Pike Ste 102, West Chester, Pennsylvania, 19380, Uni...', 'SIC Code': '49,495', 'NAICS Code': '56,562', 'revenue': '<$5M', 'Number of Employees': '38', 'LinkedIn url': 'http://www.linkedin.com/company/hilltop-enterprizes'}
{'company_name_zoominfo': 'Horizon Waste Service', 'website': 'www.horizonwasteservice.com', 'headquarters': '700 Brook Rd, Conshohocken, Pennsylvania, 19428, United States', 'SIC Code': '49,495', 'NAICS Code': '56,562', 'revenue': '<$5M', 'Number of Employees': '<25', 'LinkedIn url': 'http://www.linkedin.com/company/horizon-waste-svc'}
{'company_name_zoominfo': '!not-found', 'website': '!not-found', 'headquarters': '!not-found', 'SIC Code': '!not-found', 'NAICS Code': '!not-found', 'revenue': '!not-found', 'Number of Employees': '!not-found', 'LinkedIn url': '!not-found'}
{'company_name_zoominfo': 'NotAvailable', 'website': 'NotAvailable', 'headquarters': 'NotAvailable', 'SIC Code': 'NotAvailable', 'NAICS Code': 'NotAvailable', 'revenue': 'NotAvailable', 'Number of Employees': 'NotAvailable', 'LinkedIn url': 'NotAvailable'}
renewing ip
429
2a03:94e0:243a:dead::1
{'company_name_zoominfo': '48forty Solutions', 'website': 'www.48forty.com', 'headquarters': '3650 Mansell Rd Ste 100, Alpharetta, Georgia, 30022, United States', 'SIC Code': '24,244', 'NAICS Code': '32,321', 'revenue': '$651.8M', 'Number of Employees': '2,426', 'LinkedIn url': 'http://www.linkedin.com/company/28132964'}
{'company_name_zoominfo': 'NotAvailable', 'website': 'NotAvailable', 'headquarters': 'NotAvailable', 'SIC Code': 'NotAvailable', 'NAICS Code': 'NotAvailable', 'revenue': 'NotAvailable', 'Number of Employees': 'NotAvailable', 'LinkedIn url': 'NotAvailable'}
{'company_name_zoominfo': '5280 Community Waste Solutions', 'website': 'www.cws5280.com', 'headquarters': '4622 E Whimbrel Dr, Littleton, Colorado, 80126, United States', 'SIC Code': '49,495', 'NAICS Code': '56,562', 'revenue': '<$5M', 'Number of Employees': '<25', 'LinkedIn url': '!not-found'}
{'company_name_zoominfo': 'NotAvailable', 'website': 'NotAvailable', 'headquarters': 'NotAvailable', 'SIC Code': 'NotAvailable', 'NAICS Code': 'NotAvailable', 'revenue': 'NotAvailable', 'Number of Employees': 'NotAvailable', 'LinkedIn url': 'NotAvailable'}
{'company_name_zoominfo': 'A Sani-Can Service', 'website': 'www.asanican.com', 'headquarters': '8151 Webbs Rd, Denver, North Carolina, 28037, United States', 'SIC Code': '73,735', 'NAICS Code': '56,562', 'revenue': '$6M', 'Number of Employees': '<25', 'LinkedIn url': 'http://www.linkedin.com/company/a-sani-can-service-inc-'}
{'company_name_zoominfo': 'A&T Pallets', 'website': 'www.atpallets.com', 'headquarters': '1512 Date St, Montebello, California, 90640, United States', 'SIC Code': '24,244', 'NAICS Code': '32,321', 'revenue': '<$5M', 'Number of Employees': '<25', 'LinkedIn url': '!not-found'}
{'company_name_zoominfo': 'NotAvailable', 'website': 'NotAvailable', 'headquarters': 'NotAvailable', 'SIC Code': 'NotAvailable', 'NAICS Code': 'NotAvailable', 'revenue': 'NotAvailable', 'Number of Employees': 'NotAvailable', 'LinkedIn url': 'NotAvailable'}
{'company_name_zoominfo': 'A1 Valet Trash', 'website': 'www.a1valettrash.com', 'headquarters': '3343 Peachtree Rd NE Ste 180-200, Atlanta, Georgia, 30326, United Stat...', 'SIC Code': '42,421', 'NAICS Code': '56,562', 'revenue': '<$5M', 'Number of Employees': '<25', 'LinkedIn url': 'http://www.linkedin.com/company/a1-valet-trash'}
{'company_name_zoominfo': 'NotAvailable', 'website': 'NotAvailable', 'headquarters': 'NotAvailable', 'SIC Code': 'NotAvailable', 'NAICS Code': 'NotAvailable', 'revenue': 'NotAvailable', 'Number of Employees': 'NotAvailable', 'LinkedIn url': 'NotAvailable'}
{'company_name_zoominfo': "Aaron's Pallets", 'website': 'www.aaronspallets.com', 'headquarters': '8504 E Adamo Dr Ste 120, Tampa, Florida, 33619, United States', 'SIC Code': '24,244', 'NAICS Code': '32,321', 'revenue': '<$5M', 'Number of Employees': '<25', 'LinkedIn url': '!not-found'}
{'company_name_zoominfo': 'Abatement Professionals', 'website': 'www.lakesideap.com', 'headquarters': '590 County Rd Ste 2, Westbrook, Maine, 04092, United States', 'SIC Code': '17,179', 'NAICS Code': '56,562', 'revenue': '<$5M', 'Number of Employees': '<25', 'LinkedIn url': 'http://www.linkedin.com/company/abatement-professionals-corp'}
{'company_name_zoominfo': 'Absolute Waste Services', 'website': 'www.absolutewaste.com', 'headquarters': '906 Lincoln Ave, Robstown, Texas, 78380, United States', 'SIC Code': '49,495', 'NAICS Code': '56,562', 'revenue': '<$5M', 'Number of Employees': '<25', 'LinkedIn url': 'http://www.linkedin.com/company/absolute-waste-solutions'}
{'company_name_zoominfo': 'NotAvailable', 'website': 'NotAvailable', 'headquarters': 'NotAvailable', 'SIC Code': 'NotAvailable', 'NAICS Code': 'NotAvailable', 'revenue': 'NotAvailable', 'Number of Employees': 'NotAvailable', 'LinkedIn url': 'NotAvailable'}
{'company_name_zoominfo': 'Accuworx', 'website': 'www.accuworx.ca', 'headquarters': '220 Superior Blvd, Mississauga, Ontario, L5T 2L2, Canada', 'SIC Code': '49,495', 'NAICS Code': '56,562', 'revenue': '$12.2M', 'Number of Employees': '39', 'LinkedIn url': 'http://www.linkedin.com/company/accuworx-inc-'}
{'company_name_zoominfo': 'Ace Grease Service', 'website': 'www.acegrease.com', 'headquarters': '657 N Scott Ave, Belton, Missouri, 64012, United States', 'SIC Code': '20,207', 'NAICS Code': '31,311', 'revenue': '$5.1M', 'Number of Employees': '<25', 'LinkedIn url': 'http://www.linkedin.com/company/ace-grease-service-inc-'}
{'company_name_zoominfo': 'Acierno', 'website': 'www.aciernocompany.com', 'headquarters': '436 Lincoln St, Denver, Colorado, 80203, United States', 'SIC Code': '57,571', 'NAICS Code': '44,442', 'revenue': '$5.4M', 'Number of Employees': '<25', 'LinkedIn url': 'http://www.linkedin.com/company/acierno-&-company'}
{'company_name_zoominfo': 'Action Compaction Services', 'website': 'www.actioncompactionservices.com', 'headquarters': '4300 S 17th Ave, Phoenix, Arizona, 85041, United States', 'SIC Code': '76,769', 'NAICS Code': '81,811', 'revenue': '<$5M', 'Number of Employees': '<25', 'LinkedIn url': '!not-found'}
{'company_name_zoominfo': 'Admirable Cleaning Solutions', 'website': 'www.admirablecleaningsolutions.com', 'headquarters': '103 W Powell Blvd 3074, Gresham, Oregon, 97030, United States', 'SIC Code': '73,734', 'NAICS Code': '56,561', 'revenue': '<$5M', 'Number of Employees': '<25', 'LinkedIn url': 'http://www.linkedin.com/company/admirable-cleaning-solutions-llc'}
{'company_name_zoominfo': 'Advantage Environmental', 'website': 'www.advantage-env.com', 'headquarters': 'PO Box 303, Monmouth Beach, New Jersey, 07750, United States', 'SIC Code': '42,421', 'NAICS Code': '56,562', 'revenue': '<$5M', 'Number of Employees': '<25', 'LinkedIn url': 'http://www.linkedin.com/company/advantage-environmental-corp'}
{'company_name_zoominfo': 'Advantage Waste Disposal', 'website': 'www.advantagewastedisposal.net', 'headquarters': '2500 W Bruton Rd, Balch Springs, Texas, 75180, United States', 'SIC Code': '49,495', 'NAICS Code': '56,562', 'revenue': '<$5M', 'Number of Employees': '<25', 'LinkedIn url': 'http://www.linkedin.com/company/advantage-waste-disposal-llc'}
{'company_name_zoominfo': 'Advantage Waste Systems', 'website': 'www.advantagewastesystems.com', 'headquarters': '233 Airport Industrial Dr, Clayton, North Carolina, 27520, United Stat...', 'SIC Code': '49,495', 'NAICS Code': '56,562', 'revenue': '$18.5M', 'Number of Employees': '73', 'LinkedIn url': 'http://www.linkedin.com/company/advantage-waste-systems'}
{'company_name_zoominfo': 'Aerion', 'website': 'www.aerion.com', 'headquarters': '104 Sugarland Dr, Broussard, Louisiana, 70518, United States', 'SIC Code': '65,653', 'NAICS Code': '99,999', 'revenue': '$39.2M', 'Number of Employees': '68', 'LinkedIn url': 'http://www.linkedin.com/company/2152995'}
renewing ip
429
2a0b:f4c1:2::247
renewing ip
429
2001:67c:6ec:203:192:42:116:204
renewing ip
429
2a00:1b88:4::2
{'company_name_zoominfo': '!not-found', 'website': 'Agile Transformation', 'headquarters': '!not-found', 'SIC Code': '!not-found', 'NAICS Code': '!not-found', 'revenue': '!not-found', 'Number of Employees': '!not-found', 'LinkedIn url': '!not-found'}
{'company_name_zoominfo': 'Alabama Dumpster Service', 'website': 'www.alabamadumpster.com', 'headquarters': '1761 Hunter Loop Rd, Montgomery, Alabama, 36108, United States', 'SIC Code': '49,495', 'NAICS Code': '56,562', 'revenue': '$6.5M', 'Number of Employees': '26', 'LinkedIn url': 'http://www.linkedin.com/company/alabama-dumpster-service-llc'}
{'company_name_zoominfo': 'All American Waste', 'website': 'www.allamericanwastenm.com', 'headquarters': 'PO Box 45627, Rio Rancho, New Mexico, 87174, United States', 'SIC Code': '49,495', 'NAICS Code': '56,562', 'revenue': '<$5M', 'Number of Employees': '<25', 'LinkedIn url': '!not-found'}
{'company_name_zoominfo': 'All Pallet Recycling', 'website': 'www.allpalletrecycling.com', 'headquarters': '28 Britton Dr, Bloomfield, Connecticut, 06002, United States', 'SIC Code': '24,244', 'NAICS Code': '32,321', 'revenue': '<$5M', 'Number of Employees': '<25', 'LinkedIn url': 'http://www.linkedin.com/company/all-pallet-recycling-llc'}
{'company_name_zoominfo': 'All Pro Water Flow', 'website': 'www.allprowaterflow.com', 'headquarters': '204 The Village Dr, Nancy, Kentucky, 42544, United States', 'SIC Code': '49,494', 'NAICS Code': '22,221', 'revenue': '<$5M', 'Number of Employees': '<25', 'LinkedIn url': 'http://www.linkedin.com/company/all-pro-water-flow'}
{'company_name_zoominfo': 'Allegheny Recycled Products', 'website': 'www.arpallet.com', 'headquarters': '4201 Grand Ave, Pittsburgh, Pennsylvania, 15225, United States', 'SIC Code': '24,244', 'NAICS Code': '32,321', 'revenue': '$6.3M', 'Number of Employees': '<25', 'LinkedIn url': '!not-found'}
{'company_name_zoominfo': 'Amerex Corporation', 'website': 'www.amerexco.com', 'headquarters': '12460 Saint Andrews Dr Ste B, Oklahoma City, Oklahoma, 73120, United S...', 'SIC Code': '13,131', 'NAICS Code': '21,211', 'revenue': '<$5M', 'Number of Employees': '<25', 'LinkedIn url': '!not-found'}
{'company_name_zoominfo': 'American Allwaste', 'website': 'www.allwastecorp.com', 'headquarters': '950 Mccarty St Bldg A, Houston, Texas, 77029, United States', 'SIC Code': '49,495', 'NAICS Code': '56,562', 'revenue': '$7M', 'Number of Employees': '<25', 'LinkedIn url': '!not-found'}
{'company_name_zoominfo': 'American Environmental Group', 'website': 'www.aegl.net', 'headquarters': '7047 E Greenway Pkwy Ste 250, Scottsdale, Arizona, 85254, United State...', 'SIC Code': '89,899', 'NAICS Code': '54,541', 'revenue': '$17.4M', 'Number of Employees': '33', 'LinkedIn url': 'http://www.linkedin.com/company/american-environmental-group-ltd-'}
{'company_name_zoominfo': '!not-found', 'website': 'APM Shipping Services', 'headquarters': '!not-found', 'SIC Code': '!not-found', 'NAICS Code': '!not-found', 'revenue': '!not-found', 'Number of Employees': '!not-found', 'LinkedIn url': '!not-found'}
{'company_name_zoominfo': 'AWMS Water Solutions', 'website': 'www.americanwaterllc.com', 'headquarters': '1732 State Rt. 169, Niles, Ohio, 44446, United States', 'SIC Code': '49,495', 'NAICS Code': '56,562', 'revenue': '<$5M', 'Number of Employees': '<25', 'LinkedIn url': '!not-found'}
{'company_name_zoominfo': 'AMR US', 'website': 'www.amr-us.com', 'headquarters': '11821 Parklawn Dr Ste 204, Rockville, Maryland, 20852, United States', 'SIC Code': '73,734', 'NAICS Code': '56,561', 'revenue': '$6.2M', 'Number of Employees': '<25', 'LinkedIn url': 'http://www.linkedin.com/company/amr-u-s-inc-'}
{'company_name_zoominfo': 'Anderson Rubbish Disposal', 'website': 'www.andersonrubbishdisposal.com', 'headquarters': '4590 Industrial St, Simi Valley, California, 93063, United States', 'SIC Code': '49,495', 'NAICS Code': '56,562', 'revenue': '<$5M', 'Number of Employees': '<25', 'LinkedIn url': 'http://www.linkedin.com/company/anderson-rubbish'}
{'company_name_zoominfo': 'AO Compactors', 'website': 'www.aocompactors.com', 'headquarters': '16007 W Bellfort Ave, Sugar Land, Texas, 77498, United States', 'SIC Code': '49,495', 'NAICS Code': '56,562', 'revenue': '<$5M', 'Number of Employees': '<25', 'LinkedIn url': 'http://www.linkedin.com/company/aocompactors'}
{'company_name_zoominfo': 'Aperam', 'website': 'www.aperam.com', 'headquarters': "24-26 Boulevard D'avranches, Luxembourg City, 1160, Luxembourg", 'SIC Code': '33,339', 'NAICS Code': '33,332', 'revenue': '$6.5B', 'Number of Employees': '9,500', 'LinkedIn url': 'http://www.linkedin.com/company/aperam'}
{'company_name_zoominfo': 'Apex Environmental Services', 'website': 'www.apexservices.ca', 'headquarters': '293 Saunders Rd, Barrie, Ontario, L4N 9A3, Canada', 'SIC Code': '42,421', 'NAICS Code': '56,562', 'revenue': '<$5M', 'Number of Employees': '<25', 'LinkedIn url': 'http://www.linkedin.com/company/apex-environmental-services-inc-'}
{'company_name_zoominfo': 'APM Shipping Services', 'website': 'www.apmshippingservices.com', 'headquarters': '131 W Industry Ct, Deer Park, New York, 11729, United States', 'SIC Code': '51,511', 'NAICS Code': '42,424', 'revenue': '$5.1M', 'Number of Employees': '<25', 'LinkedIn url': 'http://www.linkedin.com/company/apm-shipping-services-llc'}
{'company_name_zoominfo': 'Ash Pallet Management', 'website': 'www.ashpallet.com', 'headquarters': '61 Mcmillen Rd, Antioch, Illinois, 60002, United States', 'SIC Code': '24,244', 'NAICS Code': '32,321', 'revenue': '<$5M', 'Number of Employees': '<25', 'LinkedIn url': 'http://www.linkedin.com/company/ash-pallet-management-inc-'}
{'company_name_zoominfo': 'NotAvailable', 'website': 'NotAvailable', 'headquarters': 'NotAvailable', 'SIC Code': 'NotAvailable', 'NAICS Code': 'NotAvailable', 'revenue': 'NotAvailable', 'Number of Employees': 'NotAvailable', 'LinkedIn url': 'NotAvailable'}
{'company_name_zoominfo': 'Athabasca Regional Waste Management Services Commission', 'website': 'www.athabascaregionalwaste.com', 'headquarters': '5520 56 St, Athabasca, Alberta, T9S 2A2, Canada', 'SIC Code': '49,495', 'NAICS Code': '56,562', 'revenue': '<$5M', 'Number of Employees': '<25', 'LinkedIn url': 'http://www.linkedin.com/company/lesserslaveriver'}
{'company_name_zoominfo': 'NotAvailable', 'website': 'NotAvailable', 'headquarters': 'NotAvailable', 'SIC Code': 'NotAvailable', 'NAICS Code': 'NotAvailable', 'revenue': 'NotAvailable', 'Number of Employees': 'NotAvailable', 'LinkedIn url': 'NotAvailable'}
renewing ip
429
2a0b:f4c1:2::244
renewing ip
429
2620:18c:0:192::146
renewing ip
429
2a0f:df00:0:255::206
{'company_name_zoominfo': 'ATM Recycling', 'website': 'www.atmrecycling.org', 'headquarters': '2620 Kirby Cir NE, Palm Bay, Florida, 32905, United States', 'SIC Code': '49,495', 'NAICS Code': '56,562', 'revenue': '<$5M', 'Number of Employees': '36', 'LinkedIn url': 'http://www.linkedin.com/company/atm-recycling'}
{'company_name_zoominfo': 'Atur Trafik Sdn Bhd', 'website': 'www.aturtrafik.com.my', 'headquarters': 'Malaysia', 'SIC Code': '87,871', 'NAICS Code': '54,541', 'revenue': '<$5M', 'Number of Employees': '<25', 'LinkedIn url': 'http://www.linkedin.com/company/atur-trafik-sdn-bhd-'}
{'company_name_zoominfo': 'Automated Machine Systems', 'website': 'www.automatedmachinesystems.com', 'headquarters': '6651 Pine Ridge Ct SW, Jenison, Michigan, 49428, United States', 'SIC Code': '24,244', 'NAICS Code': '32,321', 'revenue': '$7.4M', 'Number of Employees': '26', 'LinkedIn url': 'http://www.linkedin.com/company/automated-machine-systems'}
{'company_name_zoominfo': 'Avanti', 'website': 'www.avantiplc.com', 'headquarters': '20 Black Friars Ln, London, Greater London, EC4V 6EB, United Kingdom', 'SIC Code': '67,671', 'NAICS Code': '51,517', 'revenue': '$56.6M', 'Number of Employees': '280', 'LinkedIn url': 'http://www.linkedin.com/company/avantiplc'}
{'company_name_zoominfo': 'AVIS Global Group', 'website': 'avis.center', 'headquarters': '!not-found', 'SIC Code': '59,594', 'NAICS Code': '45,453', 'revenue': '<$5M', 'Number of Employees': '<25', 'LinkedIn url': '!not-found'}
{'company_name_zoominfo': 'AYD Waste Services', 'website': 'www.aydwaste.com', 'headquarters': '12211 Rte 290 E, Manor, Texas, 78653, United States', 'SIC Code': '49,495', 'NAICS Code': '56,562', 'revenue': '$7.2M', 'Number of Employees': '<25', 'LinkedIn url': 'http://www.linkedin.com/company/ayd-waste-services-inc-'}
{'company_name_zoominfo': 'B-P Trucking', 'website': 'www.bptrucking.com', 'headquarters': '65 Nickerson Rd Ste 47, Ashland, Massachusetts, 01721, United States', 'SIC Code': '42,421', 'NAICS Code': '56,562', 'revenue': '$111M', 'Number of Employees': '259', 'LinkedIn url': 'http://www.linkedin.com/company/wenn'}
{'company_name_zoominfo': 'Reserved Magazine', 'website': 'www.reservedmagazine.com', 'headquarters': '8818 Sunset Blvd, West Hollywood, California, 90069, United States', 'SIC Code': '51,519', 'NAICS Code': '42,424', 'revenue': '<$5M', 'Number of Employees': '<25', 'LinkedIn url': 'https://www.linkedin.com/company/reserved_magazine'}
{'company_name_zoominfo': '!not-found', 'website': 'BANTgo', 'headquarters': '!not-found', 'SIC Code': '!not-found', 'NAICS Code': '!not-found', 'revenue': '!not-found', 'Number of Employees': '!not-found', 'LinkedIn url': '!not-found'}
{'company_name_zoominfo': 'BCC Waste Solutions', 'website': 'www.bccwastesolutions.com', 'headquarters': '13040 Underwood Rd, Summerdale, Alabama, 36580, United States', 'SIC Code': '49,495', 'NAICS Code': '56,562', 'revenue': '$8.8M', 'Number of Employees': '31', 'LinkedIn url': '!not-found'}
{'company_name_zoominfo': 'Buckeye Diamond Logistics, Inc.', 'website': 'www.bdlsupply.com', 'headquarters': '15 Sprague Road South, South Charleston, Ohio, 45368, United States', 'SIC Code': '24,244', 'NAICS Code': '32,321', 'revenue': '$40.9M', 'Number of Employees': '116', 'LinkedIn url': 'http://www.linkedin.com/company/bdl-supply'}
{'company_name_zoominfo': 'Beartooth Environmental', 'website': 'www.beartoothenvironmental.com', 'headquarters': '5635 Silver Saddle Dr, Shepherd, Montana, 59079, United States', 'SIC Code': '42,421', 'NAICS Code': '56,562', 'revenue': '<$5M', 'Number of Employees': '<25', 'LinkedIn url': 'http://www.linkedin.com/company/beartooth-environmental-inc'}
{'company_name_zoominfo': 'Beaver Municipal Solutions', 'website': 'www.beavermunicipal.com', 'headquarters': 'PO Box 322, Ryley, Alberta, T0B 4A0, Canada', 'SIC Code': '91,912', 'NAICS Code': '92,921', 'revenue': '$16M', 'Number of Employees': '37', 'LinkedIn url': 'http://www.linkedin.com/company/beaver-regional-waste-mgt'}
{'company_name_zoominfo': '!not-found', 'website': '!not-found', 'headquarters': '!not-found', 'SIC Code': '!not-found', 'NAICS Code': '!not-found', 'revenue': '!not-found', 'Number of Employees': '!not-found', 'LinkedIn url': '!not-found'}
{'company_name_zoominfo': 'Bee Green Recycling & Supply', 'website': 'beegreen.green', 'headquarters': '725 Julie Ann Way, Oakland, California, 94621, United States', 'SIC Code': '52,526', 'NAICS Code': '44,444', 'revenue': '$7.9M', 'Number of Employees': '<25', 'LinkedIn url': 'http://www.linkedin.com/company/269814'}
{'company_name_zoominfo': 'Beichner Waste Services', 'website': 'www.beichnerwaste.com', 'headquarters': '5786 Rte 380, Sinclairville, New York, 14782, United States', 'SIC Code': '49,495', 'NAICS Code': '56,562', 'revenue': '<$5M', 'Number of Employees': '<25', 'LinkedIn url': 'http://www.linkedin.com/company/beichner-waste-services'}
{'company_name_zoominfo': 'Blue', 'website': 'www.blue-inc.co.za', 'headquarters': 'South Africa', 'SIC Code': '78,781', 'NAICS Code': '51,512', 'revenue': '$5.5M', 'Number of Employees': '<25', 'LinkedIn url': '!not-found'}
renewing ip
429
2001:67c:6ec:203:192:42:116:179
renewing ip
429
2001:67c:6ec:203:192:42:116:179
renewing ip
429
2620:7:6001::122
renewing ip
429
2620:7:6001::122
renewing ip
429
2a01:6340:2:501::10
{'company_name_zoominfo': 'Berea Metals & Recycling', 'website': 'www.bereametals.com', 'headquarters': '5201 W.164th St, Brook Park, Ohio, 44142, United States', 'SIC Code': '50,509', 'NAICS Code': '42,423', 'revenue': '<$5M', 'Number of Employees': '<25', 'LinkedIn url': '!not-found'}
{'company_name_zoominfo': 'Berry Industrial Group', 'website': 'www.berryindustrial.com', 'headquarters': '30 Main St, Nyack, New York, 10960, United States', 'SIC Code': '24,244', 'NAICS Code': '32,321', 'revenue': '<$5M', 'Number of Employees': '<25', 'LinkedIn url': 'http://www.linkedin.com/company/berry-industrial-group-inc-'}
{'company_name_zoominfo': 'Besco Electrical', 'website': 'www.bescoelectrical.com', 'headquarters': '9835 Northcross Center Ct Ste B, Huntersville, North Carolina, 28078, ...', 'SIC Code': '17,173', 'NAICS Code': '23,238', 'revenue': '<$5M', 'Number of Employees': '<25', 'LinkedIn url': '!not-found'}
{'company_name_zoominfo': 'Bestway Carting', 'website': 'www.bestwaycarting.com', 'headquarters': '49-60 Annandale Ln, Little Neck, New York, 11362, United States', 'SIC Code': '42,421', 'NAICS Code': '56,562', 'revenue': '$7.9M', 'Number of Employees': '31', 'LinkedIn url': '!not-found'}
{'company_name_zoominfo': 'Bfi', 'website': 'www.bfionline.com', 'headquarters': '133 Rahway Ave, Elizabeth, New Jersey, 07202, United States', 'SIC Code': '50,502', 'NAICS Code': '42,423', 'revenue': '$9.9M', 'Number of Employees': '120', 'LinkedIn url': 'http://www.linkedin.com/company/bfi'}
{'company_name_zoominfo': 'Bio-MED', 'website': 'www.getbiomed.com', 'headquarters': '256 Executive Dr, Troy, Michigan, 48083, United States', 'SIC Code': '49,495', 'NAICS Code': '56,562', 'revenue': '$6.2M', 'Number of Employees': '47', 'LinkedIn url': 'http://www.linkedin.com/company/bio-med-medical-waste-transporters'}
{'company_name_zoominfo': 'BIOFerm Energy Systems', 'website': 'www.biofermenergy.com', 'headquarters': '440 Science Dr Ste 300, Madison, Wisconsin, 53711, United States', 'SIC Code': '49,491', 'NAICS Code': '22,221', 'revenue': '$5.2M', 'Number of Employees': '<25', 'LinkedIn url': 'http://www.linkedin.com/company/bioferm-energy-systems-viessmann-group'}
{'company_name_zoominfo': 'Bioforcetech', 'website': 'www.bioforcetech.com', 'headquarters': '938 Linden Ave, South San Francisco, California, 94080, United States', 'SIC Code': '49,491', 'NAICS Code': '22,221', 'revenue': '<$5M', 'Number of Employees': '<25', 'LinkedIn url': 'http://www.linkedin.com/company/bioforcetech-corporation'}
{'company_name_zoominfo': 'Biosan Disposal', 'website': 'www.biosandisposal.com', 'headquarters': '155 Great Arrow Ave, Buffalo, New York, 14207, United States', 'SIC Code': '49,495', 'NAICS Code': '56,562', 'revenue': '<$5M', 'Number of Employees': '<25', 'LinkedIn url': 'http://www.linkedin.com/company/biosan-disposal-llc'}
{'company_name_zoominfo': 'Birdsall', 'website': 'www.birdsallgarden.com', 'headquarters': '2870 S Broadway St, Englewood, Colorado, 80113, United States', 'SIC Code': '52,525', 'NAICS Code': '44,444', 'revenue': '<$5M', 'Number of Employees': '<25', 'LinkedIn url': 'http://www.linkedin.com/company/birdsall-&-co-'}
{'company_name_zoominfo': 'Birdsong Enterprises', 'website': 'www.yelp.com/biz/birdsongs-towing-and-recovery-heber-springs', 'headquarters': '1049 Heber Springs Rd S, Heber Springs, Arkansas, 72543, United States', 'SIC Code': '73,738', 'NAICS Code': '56,561', 'revenue': '<$5M', 'Number of Employees': '<25', 'LinkedIn url': '!not-found'}
{'company_name_zoominfo': 'BM Metals', 'website': 'www.bmmetals.co.uk', 'headquarters': '5c Siemens Pl, Glasgow, Glasgow, G21 2BN, United Kingdom', 'SIC Code': '50,509', 'NAICS Code': '42,423', 'revenue': '<$5M', 'Number of Employees': '<25', 'LinkedIn url': 'http://www.linkedin.com/company/bm-metals'}
{'company_name_zoominfo': "Bo's Pallets", 'website': 'www.bospallets.com', 'headquarters': '2427 Hwy 140 NW, Adairsville, Georgia, 30103, United States', 'SIC Code': '24,244', 'NAICS Code': '32,321', 'revenue': '$16.3M', 'Number of Employees': '82', 'LinkedIn url': '!not-found'}
{'company_name_zoominfo': 'Boyas Excavating', 'website': 'www.boyasrecycling.com', 'headquarters': '11311 Rockside Rd, Cleveland, Ohio, 44125, United States', 'SIC Code': '49,495', 'NAICS Code': '56,562', 'revenue': '$12.7M', 'Number of Employees': '<25', 'LinkedIn url': 'http://www.linkedin.com/company/boyas-excavating-inc'}
{'company_name_zoominfo': 'Bunting Disposal', 'website': 'www.buntingdisposal.com', 'headquarters': '200203 Po Box, Evans, Colorado, 80620, United States', 'SIC Code': '42,421', 'NAICS Code': '56,562', 'revenue': '$8.3M', 'Number of Employees': '30', 'LinkedIn url': 'http://www.linkedin.com/company/bunting-disposal-inc'}
{'company_name_zoominfo': 'C&K Industrial Services', 'website': 'www.ckindustrial.com', 'headquarters': '5617 E Schaaf Rd, Independence, Ohio, 44131, United States', 'SIC Code': '17,179', 'NAICS Code': '56,562', 'revenue': '$131.5M', 'Number of Employees': '225', 'LinkedIn url': 'http://www.linkedin.com/company/deep-south-industrial-services-inc'}
renewing ip
429
2a0b:f4c2:2::36
renewing ip
429
2a0b:f4c2:2::36
renewing ip
429
2a0b:f4c1:2::251
renewing ip
429
2620:7:6001::179
renewing ip
429
2620:7:6001::179
renewing ip
429
2001:67c:6ec:203:192:42:116:176
renewing ip
429
2001:67c:6ec:203:192:42:116:176
renewing ip
429
2620:7:6001::ffff:c759:e640
renewing ip
429
2620:7:6001::ffff:c759:e640
renewing ip
429
2a0b:f4c1:2::252
renewing ip
429
2a0b:f4c1:2::252
renewing ip
429
2620:7:6001::179
renewing ip
429
2620:7:6001::179
renewing ip
429
2a0b:f4c1:2::241
renewing ip
429
2a0f:df00:0:255::197
renewing ip
429
2a0f:df00:0:255::197
{'company_name_zoominfo': '!not-found', 'website': 'C Martin Trucking', 'headquarters': '!not-found', 'SIC Code': '!not-found', 'NAICS Code': '!not-found', 'revenue': '!not-found', 'Number of Employees': '!not-found', 'LinkedIn url': '!not-found'}
{'company_name_zoominfo': 'Cal West Environmental', 'website': 'www.calwestenvironmental.com', 'headquarters': '2386 1st St, La Verne, California, 91750, United States', 'SIC Code': '49', 'NAICS Code': '22,221', 'revenue': '$5.3M', 'Number of Employees': '26', 'LinkedIn url': 'http://www.linkedin.com/company/cal-west-environmental-services-inc-'}
{'company_name_zoominfo': 'CALco Pallet', 'website': 'www.calcopallets.com', 'headquarters': '11600 Sterling Pkwy, Richmond, Illinois, 60071, United States', 'SIC Code': '24,244', 'NAICS Code': '32,321', 'revenue': '$26.6M', 'Number of Employees': '134', 'LinkedIn url': 'http://www.linkedin.com/company/calcopallets'}
{'company_name_zoominfo': 'California Environmental', 'website': 'www.californiaenvironmentalco.com', 'headquarters': 'PO Box 82188, San Diego, California, 92138, United States', 'SIC Code': '42,421', 'NAICS Code': '56,562', 'revenue': '<$5M', 'Number of Employees': '<25', 'LinkedIn url': '!not-found'}
{'company_name_zoominfo': 'California Pallets', 'website': 'www.californiapallets.com', 'headquarters': '2300 Cordelia Rd, Fairfield, California, 94534, United States', 'SIC Code': '24,244', 'NAICS Code': '32,321', 'revenue': '<$5M', 'Number of Employees': '<25', 'LinkedIn url': '!not-found'}
{'company_name_zoominfo': 'Calmet', 'website': 'www.calmet.com', 'headquarters': '717 N Union St 100, Wilmington, Delaware, 19805, United States', 'SIC Code': '89,899', 'NAICS Code': '56,562', 'revenue': '$22.8M', 'Number of Employees': '73', 'LinkedIn url': 'http://www.linkedin.com/company/calmet-services-inc'}
{'company_name_zoominfo': 'Camille Fontaine', 'website': 'camillefontaine.online', 'headquarters': '!not-found', 'SIC Code': '72,722', 'NAICS Code': '54,541', 'revenue': '<$5M', 'Number of Employees': '<25', 'LinkedIn url': '!not-found'}
{'company_name_zoominfo': 'Can Monkey', 'website': 'www.canmonkey.com', 'headquarters': '8361 E Evans Rd Ste 112, Scottsdale, Arizona, 85260, United States', 'SIC Code': '49,495', 'NAICS Code': '56,562', 'revenue': '<$5M', 'Number of Employees': '<25', 'LinkedIn url': '!not-found'}
{'company_name_zoominfo': 'Canadian Industrial Hemp', 'website': 'www.cihcorp.com', 'headquarters': '33 Robert Czinner, Toronto, Ontario, M3B 1J1, Canada', 'SIC Code': '28,282', 'NAICS Code': '32,325', 'revenue': '<$5M', 'Number of Employees': '<25', 'LinkedIn url': '!not-found'}
