{'company_name_zoominfo': 'Laniel', 'website': 'www.union-tel.com', 'headquarters': '108 Woodbine Downs Blvd Unit 4, Toronto, Ontario, M9W 5S6, Canada', 'SIC Code': '52,526', 'NAICS Code': '44,444', 'revenue': '$104.2M', 'Number of Employees': '424', 'LinkedIn url': 'http://www.linkedin.com/company/ecuanros-ecuadorian-new-roses-s-a-'}
{'company_name_zoominfo': 'Captex Commercial Properties', 'website': 'www.captex.com', 'headquarters': '13279 Pond Springs Rd 1, Austin, Texas, 78729, United States', 'SIC Code': '65,653', 'NAICS Code': '53,531', 'revenue': '<$5M', 'Number of Employees': '<25', 'LinkedIn url': 'http://www.linkedin.com/company/captex-development'}
{'company_name_zoominfo': 'Climate Resolve', 'website': 'www.climateresolve.org', 'headquarters': '525 S Hewitt St, Los Angeles, California, 90013, United States', 'SIC Code': '83,839', 'NAICS Code': '81,813', 'revenue': '<$5M', 'Number of Employees': '<25', 'LinkedIn url': 'http://www.linkedin.com/company/climate-resolve'}
{'company_name_zoominfo': 'NotAvailable', 'website': 'NotAvailable', 'headquarters': 'NotAvailable', 'SIC Code': 'NotAvailable', 'NAICS Code': 'NotAvailable', 'revenue': 'NotAvailable', 'Number of Employees': 'NotAvailable', 'LinkedIn url': 'NotAvailable'}
{'company_name_zoominfo': 'Carolina Containers', 'website': 'www.ccbwaste.com', 'headquarters': '299 Carolina Park Dr, Okatie, South Carolina, 29909, United States', 'SIC Code': '51,511', 'NAICS Code': '42,424', 'revenue': '<$5M', 'Number of Employees': '<25', 'LinkedIn url': '!not-found'}
{'company_name_zoominfo': 'Carolina Recycling and Consulting', 'website': 'www.carolinarecyclingandconsulting.com', 'headquarters': '1022 Rippling Brook Ct, Fort Mill, South Carolina, 29707, United State...', 'SIC Code': '49,495', 'NAICS Code': '56,562', 'revenue': '<$5M', 'Number of Employees': '<25', 'LinkedIn url': '!not-found'}
{'company_name_zoominfo': 'Carpenter Design', 'website': 'www.carpenterpallet.com', 'headquarters': '330 Broyhill Rd, Rutherfordton, North Carolina, 28139, United States', 'SIC Code': '24,249', 'NAICS Code': '32,321', 'revenue': '$28.4M', 'Number of Employees': '144', 'LinkedIn url': '!not-found'}
{'company_name_zoominfo': 'Catalina Isles', 'website': 'www.catalinaskylark.com', 'headquarters': '870 New Hampton Way, Merritt Island, Florida, 32953, United States', 'SIC Code': '86,864', 'NAICS Code': '81,813', 'revenue': '<$5M', 'Number of Employees': '<25', 'LinkedIn url': 'http://www.linkedin.com/company/my-island-designs'}
{'company_name_zoominfo': 'Centec Engineering', 'website': 'www.centec-engineering.com', 'headquarters': '3757 Robert C Byrd Dr, Beckley, West Virginia, 25801, United States', 'SIC Code': '87,871', 'NAICS Code': '54,541', 'revenue': '<$5M', 'Number of Employees': '<25', 'LinkedIn url': '!not-found'}
{'company_name_zoominfo': 'Charity Recycling Service', 'website': 'www.charityrecyclingservice.com', 'headquarters': '20423 State Road 7 F6-473, Boca Raton, Florida, 33498, United States', 'SIC Code': '49,495', 'NAICS Code': '56,562', 'revenue': '<$5M', 'Number of Employees': '<25', 'LinkedIn url': 'http://www.linkedin.com/company/charity-recycling'}
{'company_name_zoominfo': 'NotAvailable', 'website': 'NotAvailable', 'headquarters': 'NotAvailable', 'SIC Code': 'NotAvailable', 'NAICS Code': 'NotAvailable', 'revenue': 'NotAvailable', 'Number of Employees': 'NotAvailable', 'LinkedIn url': 'NotAvailable'}
{'company_name_zoominfo': '!not-found', 'website': '!not-found', 'headquarters': '!not-found', 'SIC Code': '!not-found', 'NAICS Code': '!not-found', 'revenue': '!not-found', 'Number of Employees': '!not-found', 'LinkedIn url': '!not-found'}
{'company_name_zoominfo': 'Chemtron', 'website': 'www.chemtron.com', 'headquarters': '35850 Schneider Ct, Avon, Ohio, 44011, United States', 'SIC Code': '76,769', 'NAICS Code': '56,562', 'revenue': '$30.2M', 'Number of Employees': '68', 'LinkedIn url': 'http://www.linkedin.com/company/chemtron-corporation'}
{'company_name_zoominfo': '!not-found', 'website': 'Covanta', 'headquarters': '!not-found', 'SIC Code': '!not-found', 'NAICS Code': '!not-found', 'revenue': '!not-found', 'Number of Employees': '!not-found', 'LinkedIn url': '!not-found'}
{'company_name_zoominfo': 'Citiwaste', 'website': 'www.citiwaste.com', 'headquarters': '893 Shepherd Ave, Brooklyn, New York, 11208, United States', 'SIC Code': '49,495', 'NAICS Code': '56,562', 'revenue': '<$5M', 'Number of Employees': '<25', 'LinkedIn url': 'http://www.linkedin.com/company/citiwaste-llc'}
{'company_name_zoominfo': 'Claystone Waste', 'website': 'www.claystonewaste.com', 'headquarters': 'PO Box 322, Ryley, Alberta, T0B 4A0, Canada', 'SIC Code': '49,495', 'NAICS Code': '56,562', 'revenue': '<$5M', 'Number of Employees': '<25', 'LinkedIn url': 'http://www.linkedin.com/company/beaver-regional-waste-mgt'}
{'company_name_zoominfo': 'Clean Fuels Associates', 'website': 'www.cleanfuelsassociates.com', 'headquarters': '7666 Baltimore Annapolis Blvd, Glen Burnie, Maryland, 21060, United St...', 'SIC Code': '28,286', 'NAICS Code': '32,325', 'revenue': '$9.4M', 'Number of Employees': '<25', 'LinkedIn url': 'http://www.linkedin.com/company/clean-fuels-associates-inc.'}
renewing ip
429
192.42.116.200
renewing ip
429
23.154.177.22
renewing ip
429
185.220.101.33
renewing ip
429
185.220.101.33
renewing ip
429
95.214.52.208
('Connection aborted.', RemoteDisconnected('Remote end closed connection without response'))
local variable 'page' referenced before assignment
{'company_name_zoominfo': '!not-found', 'website': '!not-found', 'headquarters': '!not-found', 'SIC Code': '!not-found', 'NAICS Code': '!not-found', 'revenue': '!not-found', 'Number of Employees': '!not-found', 'LinkedIn url': '!not-found'}
{'company_name_zoominfo': 'CLEAR Environmental', 'website': 'www.clearenvironmental.org', 'headquarters': 'Canada', 'SIC Code': '89,899', 'NAICS Code': '54,541', 'revenue': '<$5M', 'Number of Employees': '<25', 'LinkedIn url': 'http://www.linkedin.com/company/clear-environmental-consulting'}
{'company_name_zoominfo': 'Clearbrook', 'website': 'www.clearbrook.org', 'headquarters': '1835 W Central Rd, Arlington Heights, Illinois, 60005, United States', 'SIC Code': '83,832', 'NAICS Code': '62,624', 'revenue': '$58.9M', 'Number of Employees': '900', 'LinkedIn url': 'http://www.linkedin.com/company/clearbrook-global-advisors-llc'}
{'company_name_zoominfo': 'Clinton County', 'website': 'www.clintoncountypa.com', 'headquarters': '2 Piper Lock Haven Pennsylvania Way Ste 300, Lock Haven, Pennsylvania,...', 'SIC Code': '91,919', 'NAICS Code': '92,921', 'revenue': '$55.3M', 'Number of Employees': '326', 'LinkedIn url': 'http://www.linkedin.com/company/clinton-county'}
{'company_name_zoominfo': 'Competitive Pallet', 'website': 'www.competitivepallet.com', 'headquarters': '1502 Production Rd, Jeffersonville, Indiana, 47130, United States', 'SIC Code': '24,244', 'NAICS Code': '32,321', 'revenue': '<$5M', 'Number of Employees': '<25', 'LinkedIn url': '!not-found'}
{'company_name_zoominfo': 'Complete Disposal', 'website': 'www.yelp.com/biz/complete-disposal-aurora', 'headquarters': '714 Ventura St, Aurora, Colorado, 80011, United States', 'SIC Code': '49,495', 'NAICS Code': '56,562', 'revenue': '$7.2M', 'Number of Employees': '30', 'LinkedIn url': '!not-found'}
{'company_name_zoominfo': 'Complete Mailing Service', 'website': 'www.completemail.com', 'headquarters': '108 Dubois St, Santa Cruz, California, 95060, United States', 'SIC Code': '73,733', 'NAICS Code': '54,541', 'revenue': '<$5M', 'Number of Employees': '<25', 'LinkedIn url': 'http://www.linkedin.com/company/complete-mailing-services'}
{'company_name_zoominfo': 'Compostwheels', 'website': 'www.compostwheels.com', 'headquarters': '3794 Poplar Dr, Clarkston, Georgia, 30021, United States', 'SIC Code': '28,287', 'NAICS Code': '32,325', 'revenue': '<$5M', 'Number of Employees': '<25', 'LinkedIn url': '!not-found'}
{'company_name_zoominfo': 'JK Environmental Services', 'website': 'www.comstockenvironmental.com', 'headquarters': '806 Fayette St, Conshohocken, Pennsylvania, 19428, United States', 'SIC Code': '49,87', 'NAICS Code': '22,221', 'revenue': '$6.8M', 'Number of Employees': '<25', 'LinkedIn url': 'http://www.linkedin.com/company/jk-environmental-services-llc'}
{'company_name_zoominfo': 'Concord Blue', 'website': 'www.concordblueenergy.com', 'headquarters': '12424 Wilshire Blvd Ste 660, Los Angeles, California, 90025, United St...', 'SIC Code': '51,519', 'NAICS Code': '42,424', 'revenue': '<$5M', 'Number of Employees': '<25', 'LinkedIn url': 'http://www.linkedin.com/company/concord-blue-energy-inc-'}
{'company_name_zoominfo': 'Confident Engineering India Pvt', 'website': 'www.confidentengineering.com', 'headquarters': '678/1 Kurchi Village Madukarai Rd, Coimbatore Industrial Estate, Tamil...', 'SIC Code': '87,871', 'NAICS Code': '54,541', 'revenue': '<$5M', 'Number of Employees': '<25', 'LinkedIn url': '!not-found'}
{'company_name_zoominfo': 'NotAvailable', 'website': 'NotAvailable', 'headquarters': 'NotAvailable', 'SIC Code': 'NotAvailable', 'NAICS Code': 'NotAvailable', 'revenue': 'NotAvailable', 'Number of Employees': 'NotAvailable', 'LinkedIn url': 'NotAvailable'}
{'company_name_zoominfo': 'Container Management Group', 'website': 'www.containermanagementgroup.com', 'headquarters': '840 W Grove Ave, Orange, California, 92865, United States', 'SIC Code': '51,511', 'NAICS Code': '42,424', 'revenue': '$5.3M', 'Number of Employees': '<25', 'LinkedIn url': 'http://www.linkedin.com/company/can-do-services'}
{'company_name_zoominfo': 'Contract Environmental Services', 'website': 'www.contractenv.com', 'headquarters': '925 S Broadway Ste 251, Cortez, Colorado, 81321, United States', 'SIC Code': '49,495', 'NAICS Code': '56,562', 'revenue': '$8.2M', 'Number of Employees': '28', 'LinkedIn url': 'http://www.linkedin.com/company/contract-environmental-service'}
{'company_name_zoominfo': 'NotAvailable', 'website': 'NotAvailable', 'headquarters': 'NotAvailable', 'SIC Code': 'NotAvailable', 'NAICS Code': 'NotAvailable', 'revenue': 'NotAvailable', 'Number of Employees': 'NotAvailable', 'LinkedIn url': 'NotAvailable'}
{'company_name_zoominfo': 'NotAvailable', 'website': 'NotAvailable', 'headquarters': 'NotAvailable', 'SIC Code': 'NotAvailable', 'NAICS Code': 'NotAvailable', 'revenue': 'NotAvailable', 'Number of Employees': 'NotAvailable', 'LinkedIn url': 'NotAvailable'}
{'company_name_zoominfo': 'Country Waste Systems', 'website': 'www.yelp.com/biz/country-waste-systems-deniliquin-2', 'headquarters': '447 Ochtertyre St, Deniliquin, New South Wales, 2710, Australia', 'SIC Code': '42,421', 'NAICS Code': '56,562', 'revenue': '<$5M', 'Number of Employees': '<25', 'LinkedIn url': '!not-found'}
{'company_name_zoominfo': 'Get Creative', 'website': 'www.getcreative.pl', 'headquarters': 'Poland', 'SIC Code': '73,733', 'NAICS Code': '54,541', 'revenue': '<$5M', 'Number of Employees': '<25', 'LinkedIn url': '!not-found'}
{'company_name_zoominfo': '!not-found', 'website': '!not-found', 'headquarters': '!not-found', 'SIC Code': '!not-found', 'NAICS Code': '!not-found', 'revenue': '!not-found', 'Number of Employees': '!not-found', 'LinkedIn url': '!not-found'}
{'company_name_zoominfo': 'Crystal Body Revision', 'website': 'www.crystalbodyrevision.com', 'headquarters': '5634 S 85th Cir Ste 102, Omaha, Nebraska, 68127, United States', 'SIC Code': '72,729', 'NAICS Code': '81,812', 'revenue': '<$5M', 'Number of Employees': '<25', 'LinkedIn url': 'http://www.linkedin.com/company/crystal-body-revision-massage-and-ozone-therapy'}
renewing ip
429
2a03:94e0:243a:dead::1
{'company_name_zoominfo': 'CS2', 'website': 'www.cs2inc.com', 'headquarters': '1301 Regents Park Dr Ste 100, Houston, Texas, 77058, United States', 'SIC Code': '89,899', 'NAICS Code': '54,541', 'revenue': '<$5M', 'Number of Employees': '<25', 'LinkedIn url': 'http://www.linkedin.com/company/compliance-strategies-&-solutions-inc.'}
{'company_name_zoominfo': 'Cogent Waste', 'website': 'www.mycurbside.com', 'headquarters': 'United States', 'SIC Code': '42,421', 'NAICS Code': '56,562', 'revenue': '<$5M', 'Number of Employees': '<25', 'LinkedIn url': '!not-found'}
{'company_name_zoominfo': 'Badger Custom Pallet', 'website': 'www.badgercustompallet.com', 'headquarters': '450 Quality Ct, Fall River, Wisconsin, 53932, United States', 'SIC Code': '24,244', 'NAICS Code': '32,321', 'revenue': '$5.9M', 'Number of Employees': '38', 'LinkedIn url': 'http://www.linkedin.com/company/badger-custom-pallet'}
{'company_name_zoominfo': 'Cwpr', 'website': 'www.cwpr.org', 'headquarters': '200 Granville St 312, Vancouver, British Columbia, V6C 1S4, Canada', 'SIC Code': '95,951', 'NAICS Code': '92,924', 'revenue': '<$5M', 'Number of Employees': '<25', 'LinkedIn url': '!not-found'}
{'company_name_zoominfo': 'DIM Way', 'website': 'www.dimway5400.com', 'headquarters': '2323 E 8th St, North Little Rock, Arkansas, 72114, United States', 'SIC Code': '24,244', 'NAICS Code': '32,321', 'revenue': '<$5M', 'Number of Employees': '<25', 'LinkedIn url': '!not-found'}
{'company_name_zoominfo': '!not-found', 'website': '!not-found', 'headquarters': '!not-found', 'SIC Code': '!not-found', 'NAICS Code': '!not-found', 'revenue': '!not-found', 'Number of Employees': '!not-found', 'LinkedIn url': '!not-found'}
{'company_name_zoominfo': 'DC Trash of Illinois', 'website': 'www.dctrashillinois.com', 'headquarters': '8 S Hartness Pl, Cortland, Illinois, 60112, United States', 'SIC Code': '49,495', 'NAICS Code': '56,562', 'revenue': '<$5M', 'Number of Employees': '<25', 'LinkedIn url': '!not-found'}
{'company_name_zoominfo': 'DealerShop', 'website': 'www.dealershopusa.com', 'headquarters': '35980 Woodward Ave Ste 210, Bloomfield Hills, Michigan, 48304, United ...', 'SIC Code': '50,501', 'NAICS Code': '42,423', 'revenue': '<$5M', 'Number of Employees': '<25', 'LinkedIn url': 'http://www.linkedin.com/company/dealershopusa'}
{'company_name_zoominfo': 'Delta Sanitation', 'website': 'www.deltadisposal.org', 'headquarters': '1500 3rd Ave N, Escanaba, Michigan, 49829, United States', 'SIC Code': '49,495', 'NAICS Code': '56,562', 'revenue': '<$5M', 'Number of Employees': '<25', 'LinkedIn url': '!not-found'}
{'company_name_zoominfo': 'Delta Solid Waste Management', 'website': 'www.deltawasteservices.com', 'headquarters': '3217 Frontage Rd, Seagoville, Texas, 75159, United States', 'SIC Code': '49,495', 'NAICS Code': '56,562', 'revenue': '<$5M', 'Number of Employees': '<25', 'LinkedIn url': 'http://www.linkedin.com/company/delta-solid-waste-management-llc'}
{'company_name_zoominfo': '!not-found', 'website': '!not-found', 'headquarters': '!not-found', 'SIC Code': '!not-found', 'NAICS Code': '!not-found', 'revenue': '!not-found', 'Number of Employees': '!not-found', 'LinkedIn url': '!not-found'}
{'company_name_zoominfo': 'Digital Office Systems', 'website': 'www.dosks.com', 'headquarters': '530 S Hydraulic St, Wichita, Kansas, 67211, United States', 'SIC Code': '81,811', 'NAICS Code': '45,453', 'revenue': '$6.8M', 'Number of Employees': '<25', 'LinkedIn url': 'http://www.linkedin.com/company/digital-office-systems-inc-'}
{'company_name_zoominfo': '!not-found', 'website': 'GFL Environmental', 'headquarters': '!not-found', 'SIC Code': '!not-found', 'NAICS Code': '!not-found', 'revenue': '!not-found', 'Number of Employees': '!not-found', 'LinkedIn url': '!not-found'}
{'company_name_zoominfo': 'Discount Pallet', 'website': 'www.discountpallet.com', 'headquarters': '4580 Airwest Dr SE, Grand Rapids, Michigan, 49512, United States', 'SIC Code': '47,473', 'NAICS Code': '48,488', 'revenue': '<$5M', 'Number of Employees': '<25', 'LinkedIn url': 'http://www.linkedin.com/company/discount-pallet'}
{'company_name_zoominfo': 'Discount Waste', 'website': 'www.discountwaste.com', 'headquarters': '3595 Engineering Dr, Norcross, Georgia, 30092, United States', 'SIC Code': '49,495', 'NAICS Code': '56,562', 'revenue': '$32.9M', 'Number of Employees': '82', 'LinkedIn url': 'http://www.linkedin.com/company/discount-waste-inc-'}
{'company_name_zoominfo': '!not-found', 'website': 'Diversified Technologies', 'headquarters': '!not-found', 'SIC Code': '!not-found', 'NAICS Code': '!not-found', 'revenue': '!not-found', 'Number of Employees': '!not-found', 'LinkedIn url': '!not-found'}
{'company_name_zoominfo': 'Dominion Engineering', 'website': 'www.domeng.com', 'headquarters': '12100 Sunrise Valley Dr, Reston, Virginia, 20191, United States', 'SIC Code': '87,871', 'NAICS Code': '54,541', 'revenue': '<$5M', 'Number of Employees': '33', 'LinkedIn url': '!not-found'}
{'company_name_zoominfo': 'DoodyCalls', 'website': 'www.doodycalls.com', 'headquarters': '114 4th St SE Ste A, Charlottesville, Virginia, 22902, United States', 'SIC Code': '72,729', 'NAICS Code': '56,561', 'revenue': '<$5M', 'Number of Employees': '<25', 'LinkedIn url': 'http://www.linkedin.com/company/doodycalls'}
renewing ip
429
2a0b:f4c1:2::247
renewing ip
429
2001:67c:6ec:203:192:42:116:204
renewing ip
429
2a00:1b88:4::2
{'company_name_zoominfo': 'Douglas W Jones', 'website': 'www.bethelmaineexcavation.com', 'headquarters': '684 W Bethel Rd, Bethel, Maine, 04217, United States', 'SIC Code': '17,179', 'NAICS Code': '23,238', 'revenue': '<$5M', 'Number of Employees': '<25', 'LinkedIn url': '!not-found'}
{'company_name_zoominfo': 'Drilling Solutions', 'website': 'www.drillingsolutionsltd.com', 'headquarters': '1280 Westheimer Ste 1200, Houston, Texas, 77042, United States', 'SIC Code': '35,353', 'NAICS Code': '33,333', 'revenue': '$10.8M', 'Number of Employees': '34', 'LinkedIn url': 'http://www.linkedin.com/company/drilling-solutions-limited'}
{'company_name_zoominfo': 'Dumpster Services', 'website': 'www.911dumpsters.com', 'headquarters': '!not-found', 'SIC Code': '49,495', 'NAICS Code': '22,221', 'revenue': '<$5M', 'Number of Employees': '<25', 'LinkedIn url': '!not-found'}
{'company_name_zoominfo': 'NotAvailable', 'website': 'NotAvailable', 'headquarters': 'NotAvailable', 'SIC Code': 'NotAvailable', 'NAICS Code': 'NotAvailable', 'revenue': 'NotAvailable', 'Number of Employees': 'NotAvailable', 'LinkedIn url': 'NotAvailable'}
{'company_name_zoominfo': 'Dumpster Rental Richmond', 'website': 'www.dumpsterrentalrichmond.net', 'headquarters': '1501 Winder St, Richmond, Virginia, 23173, United States', 'SIC Code': '49,495', 'NAICS Code': '56,562', 'revenue': '<$5M', 'Number of Employees': '<25', 'LinkedIn url': '!not-found'}
{'company_name_zoominfo': 'Dumpster Rental Nashville', 'website': 'www.yelp.com/biz/jux2-dumpster-rental-nashville-nashville', 'headquarters': '6339 Charlotte Pike 508, Nashville, Tennessee, 37209, United States', 'SIC Code': '49,495', 'NAICS Code': '56,562', 'revenue': '<$5M', 'Number of Employees': '<25', 'LinkedIn url': '!not-found'}
{'company_name_zoominfo': 'NotAvailable', 'website': 'NotAvailable', 'headquarters': 'NotAvailable', 'SIC Code': 'NotAvailable', 'NAICS Code': 'NotAvailable', 'revenue': 'NotAvailable', 'Number of Employees': 'NotAvailable', 'LinkedIn url': 'NotAvailable'}
{'company_name_zoominfo': 'University of Waterloo', 'website': 'www.uweilab.ca', 'headquarters': 'Canada', 'SIC Code': '87,871', 'NAICS Code': '54,541', 'revenue': '<$5M', 'Number of Employees': '29', 'LinkedIn url': 'https://www.linkedin.com/company/uwaterloo'}
{'company_name_zoominfo': 'EOMS Recycling', 'website': 'www.eomsrecycling.com', 'headquarters': 'PO Box 3608, Brockton, Massachusetts, 02304, United States', 'SIC Code': '49,495', 'NAICS Code': '56,562', 'revenue': '$7.7M', 'Number of Employees': '28', 'LinkedIn url': '!not-found'}
{'company_name_zoominfo': 'Earth & Environment', 'website': 'www.earthandenvironment.org', 'headquarters': '!not-found', 'SIC Code': '10,108', 'NAICS Code': '21,213', 'revenue': '<$5M', 'Number of Employees': '<25', 'LinkedIn url': '!not-found'}
{'company_name_zoominfo': 'EarthLink', 'website': 'www.earthlink.net', 'headquarters': '980 Hammond Dr NE Ste 400, Atlanta, Georgia, 30328, United States', 'SIC Code': '48,489', 'NAICS Code': '54,541', 'revenue': '$794.9M', 'Number of Employees': '2,046', 'LinkedIn url': 'http://www.linkedin.com/company/earthlink-internet'}
{'company_name_zoominfo': 'East Penn Sanitation', 'website': 'www.eastpennsanitation.com', 'headquarters': '4687 Hanoverville Rd Ste C, Bethlehem, Pennsylvania, 18020, United Sta...', 'SIC Code': '49,495', 'NAICS Code': '56,562', 'revenue': '$7.5M', 'Number of Employees': '<25', 'LinkedIn url': 'http://www.linkedin.com/company/east-penn-sanitation-inc'}
{'company_name_zoominfo': 'NotAvailable', 'website': 'NotAvailable', 'headquarters': 'NotAvailable', 'SIC Code': 'NotAvailable', 'NAICS Code': 'NotAvailable', 'revenue': 'NotAvailable', 'Number of Employees': 'NotAvailable', 'LinkedIn url': 'NotAvailable'}
{'company_name_zoominfo': '!not-found', 'website': '!not-found', 'headquarters': '!not-found', 'SIC Code': '!not-found', 'NAICS Code': '!not-found', 'revenue': '!not-found', 'Number of Employees': '!not-found', 'LinkedIn url': '!not-found'}
{'company_name_zoominfo': "Bennett's Custom Fiberglass", 'website': 'www.bennettsfiberglass.com', 'headquarters': '5962 S 350 W, Murray, Utah, 84107, United States', 'SIC Code': '32,329', 'NAICS Code': '32,327', 'revenue': '<$5M', 'Number of Employees': '<25', 'LinkedIn url': '!not-found'}
{'company_name_zoominfo': 'EcoSouth Services', 'website': 'www.ecosouthservices.net', 'headquarters': '909-a Plantation Blvd, Fairhope, Alabama, 36532, United States', 'SIC Code': '49,65', 'NAICS Code': '53,531', 'revenue': '$9.7M', 'Number of Employees': '30', 'LinkedIn url': 'http://www.linkedin.com/company/ecosouth-services'}
{'company_name_zoominfo': 'Eco Vida Comprehensive Waste Management', 'website': 'www.ecovidawaste.com', 'headquarters': '4275 Executive Sq Ste 200, La Jolla, California, 92037, United States', 'SIC Code': '49,495', 'NAICS Code': '56,562', 'revenue': '<$5M', 'Number of Employees': '<25', 'LinkedIn url': 'http://www.linkedin.com/company/ecovida-waste'}
{'company_name_zoominfo': 'Essex County Utilities Authority', 'website': 'www.ecuanj.com', 'headquarters': '60 Nelson Pl Fl 6, Newark, New Jersey, 07102, United States', 'SIC Code': '95,951', 'NAICS Code': '92,924', 'revenue': '<$5M', 'Number of Employees': '<25', 'LinkedIn url': 'https://www.linkedin.com/company/essex-county-utilities-auth'}
{'company_name_zoominfo': 'Edmunds Waste Removal', 'website': 'www.edmundswasteremoval.com', 'headquarters': '8507 Mckenney Hwy, Mc Kenney, Virginia, 23872, United States', 'SIC Code': '73,735', 'NAICS Code': '56,562', 'revenue': '<$5M', 'Number of Employees': '<25', 'LinkedIn url': 'http://www.linkedin.com/company/edmunds-waste-removal-inc'}
{'company_name_zoominfo': 'Edtoba', 'website': 'www.edtoba.com', 'headquarters': '149 Lafayette Ave Apt 2A, Brooklyn, New York, 11238, United States', 'SIC Code': '73,738', 'NAICS Code': '54,541', 'revenue': '<$5M', 'Number of Employees': '<25', 'LinkedIn url': 'http://www.linkedin.com/company/edtoba'}
{'company_name_zoominfo': 'Energy 1', 'website': 'www.energy-1.net', 'headquarters': '2042 Stadium Dr Ste 2, Bozeman, Montana, 59715, United States', 'SIC Code': '87,874', 'NAICS Code': '54,541', 'revenue': '$12.4M', 'Number of Employees': '74', 'LinkedIn url': 'http://www.linkedin.com/company/energy-1-llc'}
{'company_name_zoominfo': '!not-found', 'website': 'VLS Environmental Solutions', 'headquarters': '!not-found', 'SIC Code': '!not-found', 'NAICS Code': '!not-found', 'revenue': '!not-found', 'Number of Employees': '!not-found', 'LinkedIn url': '!not-found'}
{'company_name_zoominfo': 'Elytus', 'website': 'www.elytus.com', 'headquarters': '601 S High St, Columbus, Ohio, 43215, United States', 'SIC Code': '89,899', 'NAICS Code': '54,541', 'revenue': '$6.9M', 'Number of Employees': '<25', 'LinkedIn url': 'http://www.linkedin.com/company/elytus-ltd-'}
renewing ip
429
2a0b:f4c1:2::244
renewing ip
429
2620:18c:0:192::146
renewing ip
429
2a0f:df00:0:255::206
{'company_name_zoominfo': 'Virginia Peninsulas Public Service Authority', 'website': 'www.vppsa.org', 'headquarters': '475 Mclaws Cir Ste 3B, Williamsburg, Virginia, 23185, United States', 'SIC Code': '95,951', 'NAICS Code': '92,924', 'revenue': '<$5M', 'Number of Employees': '<25', 'LinkedIn url': '!not-found'}
{'company_name_zoominfo': 'Oneida Herkimer Solid Waste Authority', 'website': 'www.ohswa.org', 'headquarters': '80 Leland Ave, Utica, New York, 13502, United States', 'SIC Code': '49,495', 'NAICS Code': '56,562', 'revenue': '$8.5M', 'Number of Employees': '<25', 'LinkedIn url': 'http://www.linkedin.com/company/oneida-herkimer-solid-waste'}
site-not-indexed

{'company_name_zoominfo': '!not-found', 'website': '!not-found', 'headquarters': '!not-found', 'SIC Code': '!not-found', 'NAICS Code': '!not-found', 'revenue': '!not-found', 'Number of Employees': '!not-found', 'LinkedIn url': '!not-found'}
{'company_name_zoominfo': 'SBC Waste Solutions', 'website': 'www.sbcwastesolutions.com', 'headquarters': '2401 Gardner Rd Ste 300, Broadview, Illinois, 60155, United States', 'SIC Code': '49,495', 'NAICS Code': '22,221', 'revenue': '$6.1M', 'Number of Employees': '<25', 'LinkedIn url': 'http://www.linkedin.com/company/sbc-waste-solutions'}
{'company_name_zoominfo': 'Waste Cost Solutions', 'website': 'www.wastecostsolutions.com', 'headquarters': '131 NW 43rd St, Boca Raton, Florida, 33431, United States', 'SIC Code': '49,495', 'NAICS Code': '56,562', 'revenue': '$7.6M', 'Number of Employees': '25', 'LinkedIn url': 'http://www.linkedin.com/company/waste-cost-solutions'}
{'company_name_zoominfo': 'Universal Environmental Consulting', 'website': 'www.uecny.com', 'headquarters': '900 Merchants Concourse Ste 214, Westbury, New York, 11590, United Sta...', 'SIC Code': '89,899', 'NAICS Code': '54,541', 'revenue': '<$5M', 'Number of Employees': '<25', 'LinkedIn url': 'http://www.linkedin.com/company/2365335'}
{'company_name_zoominfo': 'Waste Neutral', 'website': 'www.wasteneutral.com', 'headquarters': '2901 Waterview Ave, Baltimore, Maryland, 21230, United States', 'SIC Code': '28,287', 'NAICS Code': '32,325', 'revenue': '<$5M', 'Number of Employees': '<25', 'LinkedIn url': '!not-found'}
{'company_name_zoominfo': 'Suburban Disposal', 'website': 'www.suburbandisposal.com', 'headquarters': '22 Turner Dr, Spencerport, New York, 14559, United States', 'SIC Code': '49,495', 'NAICS Code': '56,562', 'revenue': '$47.9M', 'Number of Employees': '345', 'LinkedIn url': 'http://www.linkedin.com/company/suburban-disposal'}
{'company_name_zoominfo': 'Dahl & DAHL', 'website': 'www.dahldisposalservice.com', 'headquarters': 'PO Box 357, Toledo, Oregon, 97391, United States', 'SIC Code': '49,495', 'NAICS Code': '56,562', 'revenue': '$10.9M', 'Number of Employees': '27', 'LinkedIn url': 'http://www.linkedin.com/company/dahl-&-dahl'}
{'company_name_zoominfo': 'Sunrise Sanitation Services', 'website': 'www.sunrisesanitation.com', 'headquarters': 'PO Box 675, Oakland, Maryland, 21550, United States', 'SIC Code': '89,899', 'NAICS Code': '56,562', 'revenue': '<$5M', 'Number of Employees': '<25', 'LinkedIn url': 'http://www.linkedin.com/company/sunrise-sanitation-services'}
{'company_name_zoominfo': 'Big "O" Refuse', 'website': 'www.bigorefuse.com', 'headquarters': '229 Dayton Rd NE, Newark, Ohio, 43055, United States', 'SIC Code': '42,421', 'NAICS Code': '56,562', 'revenue': '$8M', 'Number of Employees': '<25', 'LinkedIn url': 'http://www.linkedin.com/company/big-o-refuse-inc'}
{'company_name_zoominfo': 'My Dumpster Guy', 'website': 'www.mydumpsterguy.com', 'headquarters': '709 Main St, Grandview, Missouri, 64030, United States', 'SIC Code': '42,421', 'NAICS Code': '56,562', 'revenue': '<$5M', 'Number of Employees': '<25', 'LinkedIn url': '!not-found'}
{'company_name_zoominfo': 'Russell Reid', 'website': 'www.russellreid.com', 'headquarters': '200 Smith St, Keasbey, New Jersey, 08832, United States', 'SIC Code': '49,76', 'NAICS Code': '56,562', 'revenue': '$33.1M', 'Number of Employees': '94', 'LinkedIn url': 'http://www.linkedin.com/company/mr.-john-russell-reid'}
{'company_name_zoominfo': 'Refuse Specialists', 'website': 'www.refusespecialists.com', 'headquarters': '400 W Ventura Blvd Ste 105, Camarillo, California, 93010, United State...', 'SIC Code': '49,495', 'NAICS Code': '56,562', 'revenue': '$17.4M', 'Number of Employees': '59', 'LinkedIn url': 'http://www.linkedin.com/company/refuse-specialists'}
{'company_name_zoominfo': 'Dinverno Group', 'website': 'www.dinvernogroup.com', 'headquarters': '400 Monroe Ste 260B, Detroit, Michigan, 48226, United States', 'SIC Code': '15,152', 'NAICS Code': '23,236', 'revenue': '<$5M', 'Number of Employees': '<25', 'LinkedIn url': 'http://www.linkedin.com/company/dinverno-group-llc'}
{'company_name_zoominfo': 'Local Waste Services', 'website': 'www.localwasteservices.com', 'headquarters': '1300 S Columbus Airport Rd, Columbus, Ohio, 43207, United States', 'SIC Code': '49,495', 'NAICS Code': '56,562', 'revenue': '$37.4M', 'Number of Employees': '128', 'LinkedIn url': 'http://www.linkedin.com/company/local-waste-services-ltd-'}
{'company_name_zoominfo': '!not-found', 'website': 'Sprint Waste Services', 'headquarters': '!not-found', 'SIC Code': '!not-found', 'NAICS Code': '!not-found', 'revenue': '!not-found', 'Number of Employees': '!not-found', 'LinkedIn url': '!not-found'}
renewing ip
429
2001:67c:6ec:203:192:42:116:179
renewing ip
429
2001:67c:6ec:203:192:42:116:179
renewing ip
429
2001:67c:6ec:203:192:42:116:179
renewing ip
429
2620:7:6001::122
renewing ip
429
2a01:6340:2:501::10
{'company_name_zoominfo': 'Crystal Clean', 'website': 'www.crystalcleanvero.com', 'headquarters': '1443 20th St Ste B, Vero Beach, Florida, 32960, United States', 'SIC Code': '73,734', 'NAICS Code': '56,561', 'revenue': '<$5M', 'Number of Employees': '<25', 'LinkedIn url': '!not-found'}
{'company_name_zoominfo': 'Monument Waste Services', 'website': 'www.monumentwaste.com', 'headquarters': '2295 S Hwy 191, Moab, Utah, 84532, United States', 'SIC Code': '42,421', 'NAICS Code': '56,562', 'revenue': '$7.5M', 'Number of Employees': '26', 'LinkedIn url': '!not-found'}
{'company_name_zoominfo': 'Special Waste Disposal', 'website': 'www.swdi.com', 'headquarters': '3130 Excelsior Blvd, Minneapolis, Minnesota, 55416, United States', 'SIC Code': '49,495', 'NAICS Code': '22,221', 'revenue': '<$5M', 'Number of Employees': '<25', 'LinkedIn url': 'https://www.linkedin.com/company/special-waste-disposal-inc'}
{'company_name_zoominfo': 'Northern Recycling & Waste Services', 'website': 'www.northernrecycling.biz', 'headquarters': '920 American Way, Paradise, California, 95969, United States', 'SIC Code': '49,495', 'NAICS Code': '56,562', 'revenue': '$15.7M', 'Number of Employees': '62', 'LinkedIn url': 'http://www.linkedin.com/company/northern-recycling-&-waste-services-llc'}
{'company_name_zoominfo': 'Waste Control Recycling', 'website': 'www.wastecontrolrecycling.com', 'headquarters': '1150 3rd Ave, Longview, Washington, 98632, United States', 'SIC Code': '49,495', 'NAICS Code': '22,221', 'revenue': '$8.7M', 'Number of Employees': '<25', 'LinkedIn url': 'http://www.linkedin.com/company/waste-control-inc'}
{'company_name_zoominfo': 'Money-Media', 'website': 'www.money-media.com', 'headquarters': '330 Hudson St Fl 7, New York, New York, 10013, United States', 'SIC Code': '89,899', 'NAICS Code': '52,523', 'revenue': '$51M', 'Number of Employees': '102', 'LinkedIn url': 'http://www.linkedin.com/company/money-media'}
{'company_name_zoominfo': "Park's Garbage Service", 'website': 'www.parksgarbage.com', 'headquarters': '11763 Shirley Ayr Rd, Mount Union, Pennsylvania, 17066, United States', 'SIC Code': '42,421', 'NAICS Code': '56,562', 'revenue': '$8.3M', 'Number of Employees': '<25', 'LinkedIn url': '!not-found'}
{'company_name_zoominfo': 'Garbage', 'website': 'www.garbage.com', 'headquarters': '160 Main St, Lyons, Nebraska, 68038, United States', 'SIC Code': '79,792', 'NAICS Code': '71,713', 'revenue': '$5.2M', 'Number of Employees': '<25', 'LinkedIn url': '!not-found'}
{'company_name_zoominfo': 'Great Waste', 'website': 'www.greatwaste.net', 'headquarters': '6701 Main St 237, Miami Lakes, Florida, 33014, United States', 'SIC Code': '49,495', 'NAICS Code': '56,562', 'revenue': '$7M', 'Number of Employees': '<25', 'LinkedIn url': 'http://www.linkedin.com/company/great-waste-&-recycling-service-llc'}
{'company_name_zoominfo': 'Northern Tier Solid Waste Authority', 'website': 'www.ntswa.org', 'headquarters': '108 Steam Hollow Rd, Troy, Pennsylvania, 16947, United States', 'SIC Code': '49,495', 'NAICS Code': '56,562', 'revenue': '<$5M', 'Number of Employees': '<25', 'LinkedIn url': 'http://www.linkedin.com/company/northern-tier-solid-waste-auth'}
{'company_name_zoominfo': 'Stutzman Refuse Disposal', 'website': 'www.stutzmanrefuse.com', 'headquarters': '315 W Blanchard Ave, South Hutchinson, Kansas, 67505, United States', 'SIC Code': '42,421', 'NAICS Code': '56,562', 'revenue': '$7.4M', 'Number of Employees': '31', 'LinkedIn url': 'http://www.linkedin.com/company/stutzman-refuse-disposal-inc'}
{'company_name_zoominfo': 'Modern', 'website': 'www.moderncorporation.com', 'headquarters': '4746 Model City Rd, Model City, New York, 14107, United States', 'SIC Code': '49,76', 'NAICS Code': '56,562', 'revenue': '$105.5M', 'Number of Employees': '490', 'LinkedIn url': 'http://www.linkedin.com/company/8821936'}
{'company_name_zoominfo': '!not-found', 'website': '!not-found', 'headquarters': '!not-found', 'SIC Code': '!not-found', 'NAICS Code': '!not-found', 'revenue': '!not-found', 'Number of Employees': '!not-found', 'LinkedIn url': '!not-found'}
{'company_name_zoominfo': 'LRS', 'website': 'www.lrsrecycles.com', 'headquarters': '6132 Oakton St, Morton Grove, Illinois, 60053, United States', 'SIC Code': '49,495', 'NAICS Code': '56,562', 'revenue': '$164.2M', 'Number of Employees': '433', 'LinkedIn url': 'http://www.linkedin.com/company/3041219'}
{'company_name_zoominfo': '!not-found', 'website': '!not-found', 'headquarters': '!not-found', 'SIC Code': '!not-found', 'NAICS Code': '!not-found', 'revenue': '!not-found', 'Number of Employees': '!not-found', 'LinkedIn url': '!not-found'}
{'company_name_zoominfo': 'Opdenaker', 'website': 'www.opdenaker.com', 'headquarters': '8 Elm Ave, Aston, Pennsylvania, 19014, United States', 'SIC Code': '49,495', 'NAICS Code': '56,562', 'revenue': '$9.7M', 'Number of Employees': '38', 'LinkedIn url': 'http://www.linkedin.com/company/rt-opdenaker-sons-inc-trash-recycling-services'}
renewing ip
429
2a07:e03:2a::bcde
renewing ip
429
2a0b:f4c2:2::36
renewing ip
429
2a0b:f4c1:2::251
renewing ip
429
2a0b:f4c1:2::251
renewing ip
429
2620:7:6001::179
renewing ip
429
2001:67c:6ec:203:192:42:116:176
renewing ip
429
2001:67c:6ec:203:192:42:116:176
renewing ip
429
2620:7:6001::ffff:c759:e640
renewing ip
429
2620:7:6001::ffff:c759:e640
renewing ip
429
2a0b:f4c1:2::252
renewing ip
429
2a0b:f4c1:2::252
renewing ip
429
2620:7:6001::179
renewing ip
429
2001:67c:6ec:203:192:42:116:184
renewing ip
429
2a0b:f4c1:2::241
renewing ip
429
2a0f:df00:0:255::197
renewing ip
429
2a0f:df00:0:255::197
{'company_name_zoominfo': 'Priority Waste', 'website': 'www.prioritywaste.com', 'headquarters': '3900 Christopher St, Hamtramck, Michigan, 48211, United States', 'SIC Code': '42,421', 'NAICS Code': '56,562', 'revenue': '$5.8M', 'Number of Employees': '<25', 'LinkedIn url': 'http://www.linkedin.com/company/priority-waste-llc'}
{'company_name_zoominfo': 'JET Polymer Recycling', 'website': 'www.jetpolymer.com', 'headquarters': '4811 Gault Ave N, Fort Payne, Alabama, 35967, United States', 'SIC Code': '49,495', 'NAICS Code': '22,221', 'revenue': '$31.3M', 'Number of Employees': '86', 'LinkedIn url': 'http://www.linkedin.com/company/tupelo-recycling'}
{'company_name_zoominfo': 'Waste Management', 'website': 'www.wm.com', 'headquarters': '800 Capitol St Ste 3000, Houston, Texas, 77002, United States', 'SIC Code': '49,495', 'NAICS Code': '56,561', 'revenue': '$19.4B', 'Number of Employees': '48,500', 'LinkedIn url': 'http://www.linkedin.com/company/waste-management'}
{'company_name_zoominfo': 'New England MedWaste Management', 'website': 'www.nemedwaste.com', 'headquarters': '30 Log Bridge Rd Ste 108, Middleton, Massachusetts, 01949, United Stat...', 'SIC Code': '49,495', 'NAICS Code': '56,562', 'revenue': '<$5M', 'Number of Employees': '<25', 'LinkedIn url': '!not-found'}
{'company_name_zoominfo': 'Southern Waste Systems', 'website': 'www.southernwastesystems.com', 'headquarters': '!not-found', 'SIC Code': '42,421', 'NAICS Code': '56,562', 'revenue': '$40.3M', 'Number of Employees': '157', 'LinkedIn url': 'http://www.linkedin.com/company/4548361'}
{'company_name_zoominfo': 'Tumblr', 'website': 'www.tumblr.com', 'headquarters': '12 E 49th St 11TH Fl, New York, New York, 10017, United States', 'SIC Code': '27,274', 'NAICS Code': '51,518', 'revenue': '$24.3M', 'Number of Employees': '57', 'LinkedIn url': 'http://www.linkedin.com/company/tumblr'}
{'company_name_zoominfo': 'Berks Transfer', 'website': 'www.berkstransfer.com', 'headquarters': '59 Willow Creek Rd, Reading, Pennsylvania, 19605, United States', 'SIC Code': '49,495', 'NAICS Code': '56,562', 'revenue': '<$5M', 'Number of Employees': '<25', 'LinkedIn url': 'http://www.linkedin.com/company/reading-transfer-inc'}
{'company_name_zoominfo': 'Ecoserv', 'website': 'www.ecoserv.net', 'headquarters': '9525 Us Hwy 167, Abbeville, Louisiana, 70510, United States', 'SIC Code': '17,179', 'NAICS Code': '56,562', 'revenue': '$72M', 'Number of Employees': '178', 'LinkedIn url': 'http://www.linkedin.com/company/ecoserv-llc'}
{'company_name_zoominfo': 'K-VAC Environmental Services', 'website': 'www.kvacenv.com', 'headquarters': 'PO Box 1505, Rancho Cucamonga, California, 91729, United States', 'SIC Code': '42,421', 'NAICS Code': '56,562', 'revenue': '$16.3M', 'Number of Employees': '55', 'LinkedIn url': 'http://www.linkedin.com/company/k-vac-environmental-services-inc-'}
{'company_name_zoominfo': 'Environmental Remedies', 'website': 'www.envremedies.com', 'headquarters': '452 Sawtell Ave, Atlanta, Georgia, 30315, United States', 'SIC Code': '49,495', 'NAICS Code': '56,562', 'revenue': '<$5M', 'Number of Employees': '65', 'LinkedIn url': 'http://www.linkedin.com/company/2680611'}
{'company_name_zoominfo': 'NotAvailable', 'website': 'NotAvailable', 'headquarters': 'NotAvailable', 'SIC Code': 'NotAvailable', 'NAICS Code': 'NotAvailable', 'revenue': 'NotAvailable', 'Number of Employees': 'NotAvailable', 'LinkedIn url': 'NotAvailable'}
{'company_name_zoominfo': 'Donato Marangi', 'website': 'www.marangiwaste.com', 'headquarters': 'PO Box 495, Valley Cottage, New York, 10989, United States', 'SIC Code': '42,421', 'NAICS Code': '56,562', 'revenue': '$14.4M', 'Number of Employees': '49', 'LinkedIn url': 'http://www.linkedin.com/company/2824727'}
{'company_name_zoominfo': 'Nation Waste', 'website': 'www.nationwaste.us', 'headquarters': '12006 Proctor Street 6671 Southwest Fwy Ste 500, Houston, Texas, 77038...', 'SIC Code': '49,495', 'NAICS Code': '56,562', 'revenue': '$9.7M', 'Number of Employees': '<25', 'LinkedIn url': 'http://www.linkedin.com/company/nation-waste-inc-'}
