{'company_name_zoominfo': 'Municipal District Services', 'website': 'www.mdswater.com', 'headquarters': '406 W Grand Pkwy S Ste 260, Katy, Texas, 77494, United States', 'SIC Code': '49,494', 'NAICS Code': '22,221', 'revenue': '$40.8M', 'Number of Employees': '159', 'LinkedIn url': 'http://www.linkedin.com/company/municipal-district-services-llc'}
{'company_name_zoominfo': 'Aloha Waste Systems', 'website': 'www.alohawasteofhonolulu.com', 'headquarters': '91-265 Hanua St, Kapolei, Hawaii, 96707, United States', 'SIC Code': '42,421', 'NAICS Code': '56,562', 'revenue': '<$5M', 'Number of Employees': '<25', 'LinkedIn url': 'http://www.linkedin.com/company/aloha-waste-systems-inc'}
{'company_name_zoominfo': 'Goode Companies', 'website': 'www.goodecompanies.com', 'headquarters': '6305 Ivy Ln Ste 720, Greenbelt, Maryland, 20770, United States', 'SIC Code': '49,495', 'NAICS Code': '56,562', 'revenue': '$66.4M', 'Number of Employees': '333', 'LinkedIn url': 'http://www.linkedin.com/company/goode-enterprises-inc'}
{'company_name_zoominfo': 'Colorado Medical Waste', 'website': 'www.coloradomedicalwaste.com', 'headquarters': '3131 Oakland St, Aurora, Colorado, 80010, United States', 'SIC Code': '49,495', 'NAICS Code': '56,562', 'revenue': '<$5M', 'Number of Employees': '<25', 'LinkedIn url': 'http://www.linkedin.com/company/colorado-medical-waste-inc-'}
{'company_name_zoominfo': 'Avangard Innovative', 'website': 'www.avaicg.com', 'headquarters': '11906 Brittmoore Park Dr Ste A, Houston, Texas, 77041, United States', 'SIC Code': '89,899', 'NAICS Code': '54,541', 'revenue': '$28M', 'Number of Employees': '<25', 'LinkedIn url': 'http://www.linkedin.com/company/1115345'}
{'company_name_zoominfo': 'Arizona Pacific Pulp and Paper', 'website': 'www.recycle1az.com', 'headquarters': '3209 S 36th St, Phoenix, Arizona, 85040, United States', 'SIC Code': '49,50', 'NAICS Code': '22,221', 'revenue': '$19.1M', 'Number of Employees': '76', 'LinkedIn url': 'http://www.linkedin.com/company/recycle1'}
{'company_name_zoominfo': 'Boston Mountain Solid Waste', 'website': 'www.bostonmountain.org', 'headquarters': '11398 Bond Rd, Prairie Grove, Arkansas, 72753, United States', 'SIC Code': '49,495', 'NAICS Code': '56,562', 'revenue': '<$5M', 'Number of Employees': '<25', 'LinkedIn url': 'http://www.linkedin.com/company/boston-mountain-solid-waste'}
{'company_name_zoominfo': 'Best Way Disposal', 'website': 'www.bestway-disposal.com', 'headquarters': '2314 Miller Rd, Kalamazoo, Michigan, 49001, United States', 'SIC Code': '49,73', 'NAICS Code': '54,541', 'revenue': '$57.9M', 'Number of Employees': '185', 'LinkedIn url': 'http://www.linkedin.com/company/best-way-disposal'}
{'company_name_zoominfo': 'California Waste Solutions', 'website': 'www.calwaste.com', 'headquarters': '1820 10th St, Oakland, California, 94607, United States', 'SIC Code': '49,495', 'NAICS Code': '56,562', 'revenue': '$14.9M', 'Number of Employees': '66', 'LinkedIn url': 'http://www.linkedin.com/company/california-solutions'}
{'company_name_zoominfo': 'Hamilton Alliance', 'website': 'www.hamiltonalliance.com', 'headquarters': '1601 Belvedere Rd Ste 217S, West Palm Beach, Florida, 33406, United St...', 'SIC Code': '49,495', 'NAICS Code': '56,562', 'revenue': '$5.2M', 'Number of Employees': '<25', 'LinkedIn url': 'http://www.linkedin.com/company/hamilton-alliance'}
{'company_name_zoominfo': '!not-found', 'website': 'Homewood Disposal Service', 'headquarters': '!not-found', 'SIC Code': '!not-found', 'NAICS Code': '!not-found', 'revenue': '!not-found', 'Number of Employees': '!not-found', 'LinkedIn url': '!not-found'}
{'company_name_zoominfo': 'Trash Force', 'website': 'www.trashforce.org', 'headquarters': 'PO Box 1041, New Albany, Indiana, 47151, United States', 'SIC Code': '42,421', 'NAICS Code': '56,562', 'revenue': '<$5M', 'Number of Employees': '<25', 'LinkedIn url': '!not-found'}
{'company_name_zoominfo': 'Syracuse Haulers Waste Removal', 'website': 'www.syracusehaulers.com', 'headquarters': '6223 Thompson Rd Ste 1000, Syracuse, New York, 13206, United States', 'SIC Code': '49,495', 'NAICS Code': '56,562', 'revenue': '$19.2M', 'Number of Employees': '83', 'LinkedIn url': 'http://www.linkedin.com/company/syracuse-haulers'}
{'company_name_zoominfo': 'Milpitas Sanitation', 'website': 'www.milpitassanitation.com', 'headquarters': '1080 Walsh Ave, Santa Clara, California, 95050, United States', 'SIC Code': '49,495', 'NAICS Code': '56,562', 'revenue': '$5.7M', 'Number of Employees': '<25', 'LinkedIn url': '!not-found'}
{'company_name_zoominfo': 'Captain Hook - Austin', 'website': 'www.captainhookaustin.com', 'headquarters': '7300 Daffan Ln, Austin, Texas, 78724, United States', 'SIC Code': '49,495', 'NAICS Code': '56,562', 'revenue': '<$5M', 'Number of Employees': '<25', 'LinkedIn url': 'http://www.linkedin.com/company/captain-hook-austin'}
renewing ip
429
23.154.177.22
renewing ip
429
23.154.177.22
renewing ip
429
185.220.101.33
renewing ip
429
185.220.101.33
renewing ip
429
95.214.52.208
('Connection aborted.', RemoteDisconnected('Remote end closed connection without response'))
local variable 'page' referenced before assignment
{'company_name_zoominfo': '!not-found', 'website': '!not-found', 'headquarters': '!not-found', 'SIC Code': '!not-found', 'NAICS Code': '!not-found', 'revenue': '!not-found', 'Number of Employees': '!not-found', 'LinkedIn url': '!not-found'}
{'company_name_zoominfo': 'Waste Management', 'website': 'www.wm.com', 'headquarters': '800 Capitol St Ste 3000, Houston, Texas, 77002, United States', 'SIC Code': '49,495', 'NAICS Code': '56,561', 'revenue': '$19.4B', 'Number of Employees': '48,500', 'LinkedIn url': 'http://www.linkedin.com/company/waste-management'}
{'company_name_zoominfo': 'Allied Resource Recovery', 'website': 'www.alliedresourcerecovery.com', 'headquarters': '1909 S 80th St, Milwaukee, Wisconsin, 53219, United States', 'SIC Code': '49,495', 'NAICS Code': '56,562', 'revenue': '$7.2M', 'Number of Employees': '<25', 'LinkedIn url': 'http://www.linkedin.com/company/allied-resource-recovery'}
{'company_name_zoominfo': 'Jamaica Ash & Rubbish Removal', 'website': 'www.jamaicaash.com', 'headquarters': '172 School St, Westbury, New York, 11590, United States', 'SIC Code': '49,495', 'NAICS Code': '56,562', 'revenue': '$12.5M', 'Number of Employees': '37', 'LinkedIn url': '!not-found'}
{'company_name_zoominfo': 'PSI Idaho Falls', 'website': 'www.psiidahofalls.com', 'headquarters': '6769 W Overland Dr, Idaho Falls, Idaho, 83402, United States', 'SIC Code': '49,495', 'NAICS Code': '56,562', 'revenue': '<$5M', 'Number of Employees': '<25', 'LinkedIn url': 'http://www.linkedin.com/company/psi-waste-systems'}
{'company_name_zoominfo': 'Salt River Extraction', 'website': 'www.sretransport.com', 'headquarters': '3230 E Broadway Rd Ste C160, Phoenix, Arizona, 85040, United States', 'SIC Code': '49,42', 'NAICS Code': '56,562', 'revenue': '$7.8M', 'Number of Employees': '29', 'LinkedIn url': 'http://www.linkedin.com/company/sre-transportation'}
{'company_name_zoominfo': 'Frades Disposal', 'website': 'www.fradesdisposal.com', 'headquarters': '781 Church St, New Bedford, Massachusetts, 02745, United States', 'SIC Code': '49,495', 'NAICS Code': '56,562', 'revenue': '$6.2M', 'Number of Employees': '<25', 'LinkedIn url': 'http://www.linkedin.com/company/frades-disposal-inc'}
site-not-indexed

{'company_name_zoominfo': '!not-found', 'website': '!not-found', 'headquarters': '!not-found', 'SIC Code': '!not-found', 'NAICS Code': '!not-found', 'revenue': '!not-found', 'Number of Employees': '!not-found', 'LinkedIn url': '!not-found'}
{'company_name_zoominfo': 'Reddy Equipment', 'website': 'www.reddyequip.com', 'headquarters': '34194 Aurora Rd 226, Solon, Ohio, 44139, United States', 'SIC Code': '50,504', 'NAICS Code': '42,423', 'revenue': '<$5M', 'Number of Employees': '<25', 'LinkedIn url': 'http://www.linkedin.com/company/reddy-equipment-inc'}
{'company_name_zoominfo': 'Aevitas', 'website': 'www.aevitas.ca', 'headquarters': '75 Wanless Ct, Ayr, Ontario, N0B 1E0, Canada', 'SIC Code': '49,495', 'NAICS Code': '56,562', 'revenue': '$47.5M', 'Number of Employees': '104', 'LinkedIn url': 'http://www.linkedin.com/company/3540806'}
{'company_name_zoominfo': 'WJRD Radio', 'website': 'www.wjrdradio.com', 'headquarters': '5455 Jug Factory Rd, Tuscaloosa, Alabama, 35405, United States', 'SIC Code': '48,483', 'NAICS Code': '51,515', 'revenue': '<$5M', 'Number of Employees': '<25', 'LinkedIn url': '!not-found'}
{'company_name_zoominfo': 'Philotechnics', 'website': 'www.philotechnics.com', 'headquarters': '7945 Dunbrook Rd Ste H, San Diego, California, 92126, United States', 'SIC Code': '87,874', 'NAICS Code': '56,561', 'revenue': '$23.5M', 'Number of Employees': '32', 'LinkedIn url': 'http://www.linkedin.com/company/philotechnics-ltd-'}
{'company_name_zoominfo': 'Kahut Waste Services', 'website': 'www.kahutwasteservices.com', 'headquarters': 'PO Box 550, Canby, Oregon, 97013, United States', 'SIC Code': '42,421', 'NAICS Code': '56,562', 'revenue': '$6.6M', 'Number of Employees': '<25', 'LinkedIn url': 'http://www.linkedin.com/company/kahut-waste-services'}
{'company_name_zoominfo': 'P3 Waste Consulting', 'website': 'www.p3wc.com', 'headquarters': '3589-3 N Shiloh Dr 44, Fayetteville, Arkansas, 72703, United States', 'SIC Code': '89,899', 'NAICS Code': '54,541', 'revenue': '$6.6M', 'Number of Employees': '<25', 'LinkedIn url': '!not-found'}
{'company_name_zoominfo': 'Blue Diamond Disposal', 'website': 'www.bluediamonddisposal.com', 'headquarters': 'PO Box 267, Succasunna, New Jersey, 07876, United States', 'SIC Code': '42,421', 'NAICS Code': '56,562', 'revenue': '$23.4M', 'Number of Employees': '105', 'LinkedIn url': 'http://www.linkedin.com/company/blue-diamond-disposal'}
{'company_name_zoominfo': 'Hall Weapon Systems', 'website': 'www.hws-usa.com', 'headquarters': '2415 2nd Ave, Kearney, Nebraska, 68847, United States', 'SIC Code': '34,348', 'NAICS Code': '33,332', 'revenue': '<$5M', 'Number of Employees': '<25', 'LinkedIn url': '!not-found'}
{'company_name_zoominfo': 'OC Vacuum', 'website': 'www.oc-vac.com', 'headquarters': '5900 Cherry Ave, Long Beach, California, 90805, United States', 'SIC Code': '42,421', 'NAICS Code': '56,562', 'revenue': '$6.6M', 'Number of Employees': '26', 'LinkedIn url': 'http://www.linkedin.com/company/o.c.-vacuum-inc.'}
renewing ip
429
2a03:94e0:243a:dead::1
{'company_name_zoominfo': 'Progressive Environmental', 'website': 'www.progressiveenviro.com', 'headquarters': 'PO Box 1667, Mentor, Ohio, 44061, United States', 'SIC Code': '35,358', 'NAICS Code': '33,333', 'revenue': '<$5M', 'Number of Employees': '<25', 'LinkedIn url': '!not-found'}
{'company_name_zoominfo': 'C Stoddard and Sons', 'website': 'www.stoddardoil.com', 'headquarters': '3456 12th St, Wayland, Michigan, 49348, United States', 'SIC Code': '42,421', 'NAICS Code': '56,562', 'revenue': '$5.6M', 'Number of Employees': '<25', 'LinkedIn url': '!not-found'}
{'company_name_zoominfo': 'Geocycle', 'website': 'www.geocycle.com', 'headquarters': 'Yelsway Ln, Hamps Valley Ward, Staffordshire, ST10 3EQ, United Kingdom', 'SIC Code': '49,495', 'NAICS Code': '56,562', 'revenue': '$298.7M', 'Number of Employees': '2,052', 'LinkedIn url': 'http://www.linkedin.com/company/eurofuels-spa'}
{'company_name_zoominfo': 'NotAvailable', 'website': 'NotAvailable', 'headquarters': 'NotAvailable', 'SIC Code': 'NotAvailable', 'NAICS Code': 'NotAvailable', 'revenue': 'NotAvailable', 'Number of Employees': 'NotAvailable', 'LinkedIn url': 'NotAvailable'}
{'company_name_zoominfo': 'Waste Control', 'website': 'www.wastecontrolinc.com', 'headquarters': 'PO Box 12139, Costa Mesa, California, 92627, United States', 'SIC Code': '49,495', 'NAICS Code': '56,562', 'revenue': '$5.8M', 'Number of Employees': '<25', 'LinkedIn url': 'http://www.linkedin.com/company/wastecontrolinc.com'}
{'company_name_zoominfo': 'LRS', 'website': 'www.lrsrecycles.com', 'headquarters': '6132 Oakton St, Morton Grove, Illinois, 60053, United States', 'SIC Code': '49,495', 'NAICS Code': '56,562', 'revenue': '$164.2M', 'Number of Employees': '433', 'LinkedIn url': 'http://www.linkedin.com/company/3041219'}
{'company_name_zoominfo': 'Cali Carting', 'website': 'www.calicarting.com', 'headquarters': '450 Bergen Ave, Kearny, New Jersey, 07032, United States', 'SIC Code': '49,495', 'NAICS Code': '56,562', 'revenue': '$19.3M', 'Number of Employees': '80', 'LinkedIn url': 'http://www.linkedin.com/company/cali-carting-inc.'}
{'company_name_zoominfo': 'Eco Partners', 'website': 'www.myecopartners.com', 'headquarters': 'PO Box 281, Petersburg, Michigan, 49270, United States', 'SIC Code': '49,495', 'NAICS Code': '56,562', 'revenue': '<$5M', 'Number of Employees': '<25', 'LinkedIn url': 'http://www.linkedin.com/company/eco-partners-llc'}
{'company_name_zoominfo': 'Energy Answers', 'website': 'www.energyanswers.com', 'headquarters': '79 N Pearl St Ste 400, Albany, New York, 12207, United States', 'SIC Code': '49,495', 'NAICS Code': '56,562', 'revenue': '<$5M', 'Number of Employees': '<25', 'LinkedIn url': 'http://www.linkedin.com/company/energy-answers-international'}
{'company_name_zoominfo': '!not-found', 'website': 'HEPACO', 'headquarters': '!not-found', 'SIC Code': '!not-found', 'NAICS Code': '!not-found', 'revenue': '!not-found', 'Number of Employees': '!not-found', 'LinkedIn url': '!not-found'}
{'company_name_zoominfo': 'The PRI Group', 'website': 'www.theprigroup.com', 'headquarters': '600 Thomas Dr, Bensenville, Illinois, 60106, United States', 'SIC Code': '49,495', 'NAICS Code': '56,562', 'revenue': '$5.9M', 'Number of Employees': '26', 'LinkedIn url': 'http://www.linkedin.com/company/pri-group-llc'}
{'company_name_zoominfo': "Good's Store", 'website': 'www.goodsdisposalservice.com', 'headquarters': '4361 Oregon Pike, Ephrata, Pennsylvania, 17522, United States', 'SIC Code': '49,495', 'NAICS Code': '56,562', 'revenue': '$27.6M', 'Number of Employees': '101', 'LinkedIn url': 'http://www.linkedin.com/company/goods-disposal-service'}
{'company_name_zoominfo': 'Solid Waste Services', 'website': 'www.newswscentraltransferstation.com', 'headquarters': 'Germany', 'SIC Code': '49,495', 'NAICS Code': '56,562', 'revenue': '<$5M', 'Number of Employees': '<25', 'LinkedIn url': '!not-found'}
{'company_name_zoominfo': 'American Trash Management', 'website': 'www.trashmanage.com', 'headquarters': '1900 Powell St Ste 220, Emeryville, California, 94608, United States', 'SIC Code': '49,495', 'NAICS Code': '23,238', 'revenue': '$6.2M', 'Number of Employees': '25', 'LinkedIn url': 'http://www.linkedin.com/company/atm-american-trash-management'}
{'company_name_zoominfo': 'First Star Recycling', 'website': 'www.firststarrecycling.com', 'headquarters': '10330 I St Ste 100, Omaha, Nebraska, 68127, United States', 'SIC Code': '49,495', 'NAICS Code': '56,562', 'revenue': '$24.5M', 'Number of Employees': '92', 'LinkedIn url': 'http://www.linkedin.com/company/first-star-recycling'}
{'company_name_zoominfo': 'NotAvailable', 'website': 'NotAvailable', 'headquarters': 'NotAvailable', 'SIC Code': 'NotAvailable', 'NAICS Code': 'NotAvailable', 'revenue': 'NotAvailable', 'Number of Employees': 'NotAvailable', 'LinkedIn url': 'NotAvailable'}
{'company_name_zoominfo': 'Waste Management', 'website': 'www.wm.com', 'headquarters': '800 Capitol St Ste 3000, Houston, Texas, 77002, United States', 'SIC Code': '49,495', 'NAICS Code': '56,561', 'revenue': '$19.4B', 'Number of Employees': '48,500', 'LinkedIn url': 'http://www.linkedin.com/company/waste-management'}
{'company_name_zoominfo': 'Aemerge RedPak', 'website': 'www.aemergeredpak.com', 'headquarters': '9600 E Ave, Hesperia, California, 92345, United States', 'SIC Code': '49,495', 'NAICS Code': '56,562', 'revenue': '$7.3M', 'Number of Employees': '25', 'LinkedIn url': '!not-found'}
{'company_name_zoominfo': 'Wheelabrator Technologies U.K.', 'website': 'www.wtienergy.co.uk', 'headquarters': 'Stranglands Ln, Pontefract, West Yorkshire, WF11 8SQ, United Kingdom', 'SIC Code': '49,495', 'NAICS Code': '56,562', 'revenue': '$14M', 'Number of Employees': '182', 'LinkedIn url': 'http://www.linkedin.com/company/wti-uk-ltd'}
{'company_name_zoominfo': 'Potomac Environmental', 'website': 'www.potomacenv.com', 'headquarters': '241 Garrisonville Rd Ste 201, Stafford, Virginia, 22554, United States', 'SIC Code': '42,421', 'NAICS Code': '56,562', 'revenue': '$5.5M', 'Number of Employees': '25', 'LinkedIn url': 'http://www.linkedin.com/company/potomac-environmental-inc.'}
{'company_name_zoominfo': 'Knight Waste Services', 'website': 'www.knightwaste.com', 'headquarters': '4901 Parker Henderson Rd, Fort Worth, Texas, 76119, United States', 'SIC Code': '49,495', 'NAICS Code': '56,562', 'revenue': '$8.2M', 'Number of Employees': '<25', 'LinkedIn url': 'http://www.linkedin.com/company/knight-waste-services-ltd'}
renewing ip
429
2a0b:f4c1:2::247
renewing ip
429
2001:67c:6ec:203:192:42:116:204
renewing ip
429
2a00:1b88:4::2
{'company_name_zoominfo': 'Synergy Waste Management', 'website': 'www.synergywastegroup.com', 'headquarters': '4 Mount Royal Ave Ste 140, Marlborough, Massachusetts, 01752, United S...', 'SIC Code': '49,495', 'NAICS Code': '56,562', 'revenue': '<$5M', 'Number of Employees': '<25', 'LinkedIn url': '!not-found'}
{'company_name_zoominfo': 'Dorado Services', 'website': 'www.doradosi.com', 'headquarters': '195 W Seminole Blvd, Sanford, Florida, 32771, United States', 'SIC Code': '49,495', 'NAICS Code': '56,562', 'revenue': '$17.3M', 'Number of Employees': '81', 'LinkedIn url': 'http://www.linkedin.com/company/dorado-services'}
{'company_name_zoominfo': 'Stranco', 'website': 'www.stranco.net', 'headquarters': '70459 Hwy 59 Ste B, Abita Springs, Louisiana, 70420, United States', 'SIC Code': '49,42', 'NAICS Code': '22,221', 'revenue': '$16M', 'Number of Employees': '40', 'LinkedIn url': 'http://www.linkedin.com/company/stranco-inc-'}
{'company_name_zoominfo': 'Methvin Sanitation', 'website': 'www.methvinsanitation.com', 'headquarters': '340 W Industrial Park Rd, Harrison, Arkansas, 72601, United States', 'SIC Code': '49,495', 'NAICS Code': '56,562', 'revenue': '$10.3M', 'Number of Employees': '33', 'LinkedIn url': '!not-found'}
{'company_name_zoominfo': 'Northern Environmental', 'website': 'www.northernenv.com', 'headquarters': '2661 N Pearl St 145, Tacoma, Washington, 98407, United States', 'SIC Code': '89,899', 'NAICS Code': '54,541', 'revenue': '<$5M', 'Number of Employees': '<25', 'LinkedIn url': '!not-found'}
{'company_name_zoominfo': 'AMS Med Waste', 'website': 'www.amsmedwaste.com', 'headquarters': '3 Walter Ct, Lake in the Hills, Illinois, 60156, United States', 'SIC Code': '49,495', 'NAICS Code': '56,562', 'revenue': '<$5M', 'Number of Employees': '<25', 'LinkedIn url': '!not-found'}
{'company_name_zoominfo': 'Grand Sanitation Service', 'website': 'www.grandsanitation.com', 'headquarters': 'PO Box 359, Scotch Plains, New Jersey, 07076, United States', 'SIC Code': '49,495', 'NAICS Code': '56,562', 'revenue': '<$5M', 'Number of Employees': '<25', 'LinkedIn url': 'http://www.linkedin.com/company/grand-sanitation'}
{'company_name_zoominfo': '!not-found', 'website': 'Empire Waste Services', 'headquarters': '!not-found', 'SIC Code': '!not-found', 'NAICS Code': '!not-found', 'revenue': '!not-found', 'Number of Employees': '!not-found', 'LinkedIn url': '!not-found'}
{'company_name_zoominfo': 'A&D Environmental', 'website': 'www.adenviro.com', 'headquarters': 'PO Box 484, High Point, North Carolina, 27261, United States', 'SIC Code': '49,495', 'NAICS Code': '56,562', 'revenue': '$30.7M', 'Number of Employees': '120', 'LinkedIn url': 'http://www.linkedin.com/company/carolina-environmental-assoc'}
{'company_name_zoominfo': 'Days Cove Reclamation', 'website': 'www.dayscove.com', 'headquarters': '6425 Days Cove Rd, White Marsh, Maryland, 21162, United States', 'SIC Code': '49,495', 'NAICS Code': '23,237', 'revenue': '<$5M', 'Number of Employees': '<25', 'LinkedIn url': 'http://www.linkedin.com/company/days-cove-reclamation-co'}
{'company_name_zoominfo': 'Environmental Office Solutions', 'website': 'www.eosusa.com', 'headquarters': '130 Prestige Park Rd, East Hartford, Connecticut, 06108, United States', 'SIC Code': '89,899', 'NAICS Code': '54,541', 'revenue': '$14.1M', 'Number of Employees': '54', 'LinkedIn url': 'http://www.linkedin.com/company/environmental-office-solutions'}
{'company_name_zoominfo': 'Southern Oregon Sanitation', 'website': 'www.sosanitation.com', 'headquarters': '42 Ball Rd, Eagle Point, Oregon, 97524, United States', 'SIC Code': '49,495', 'NAICS Code': '56,562', 'revenue': '$13.5M', 'Number of Employees': '58', 'LinkedIn url': 'http://www.linkedin.com/company/southern-oregon-sanitation-inc'}
{'company_name_zoominfo': 'Trashbusters Disposal & Recycling', 'website': 'www.trashbusterstexas.com', 'headquarters': '37 Yorkshire Rd, Bedford, Texas, 76021, United States', 'SIC Code': '49,495', 'NAICS Code': '56,562', 'revenue': '<$5M', 'Number of Employees': '<25', 'LinkedIn url': 'http://www.linkedin.com/company/trashbusterstexas'}
{'company_name_zoominfo': 'Premier Waste Group', 'website': 'www.premierwastegroup.com', 'headquarters': 'PO Box 851, Annapolis, Maryland, 21404, United States', 'SIC Code': '49,495', 'NAICS Code': '56,562', 'revenue': '<$5M', 'Number of Employees': '<25', 'LinkedIn url': 'http://www.linkedin.com/company/premier-waste-group'}
{'company_name_zoominfo': 'WasteStrategies Again', 'website': 'www.wastestrategies.com', 'headquarters': '130 Admiral Cochrane Dr Fl 2, Annapolis, Maryland, 21401, United State...', 'SIC Code': '89,899', 'NAICS Code': '54,541', 'revenue': '$5.9M', 'Number of Employees': '<25', 'LinkedIn url': 'http://www.linkedin.com/company/wastestrategies'}
{'company_name_zoominfo': 'Advanced Waste Solutions Management', 'website': 'www.awsmrecycling.com', 'headquarters': '231 E Alessandro Blvd A421, Riverside, California, 92508, United State...', 'SIC Code': '49,495', 'NAICS Code': '56,562', 'revenue': '<$5M', 'Number of Employees': '<25', 'LinkedIn url': '!not-found'}
{'company_name_zoominfo': 'RM Jones', 'website': 'www.rmjonesenviro.com', 'headquarters': '321 Main St Ste 12, Farmington, Connecticut, 06032, United States', 'SIC Code': '42,421', 'NAICS Code': '56,562', 'revenue': '$32.3M', 'Number of Employees': '157', 'LinkedIn url': '!not-found'}
{'company_name_zoominfo': 'Superior Equipment', 'website': 'www.superiorequipco.com', 'headquarters': '600 Tower Rd, American Canyon, California, 94503, United States', 'SIC Code': '50,504', 'NAICS Code': '42,423', 'revenue': '$5.3M', 'Number of Employees': '<25', 'LinkedIn url': 'http://www.linkedin.com/company/superior-equipment-co-'}
{'company_name_zoominfo': 'Vision Environmental', 'website': 'www.visionenv.net', 'headquarters': '57 4th St Unit B, Somerville, New Jersey, 08876, United States', 'SIC Code': '42,421', 'NAICS Code': '56,562', 'revenue': '<$5M', 'Number of Employees': '<25', 'LinkedIn url': 'http://www.linkedin.com/company/vision-environmental'}
renewing ip
429
2a0b:f4c1:2::244
renewing ip
429
2620:18c:0:192::146
renewing ip
429
2a0f:df00:0:255::206
{'company_name_zoominfo': 'Impact Environmental', 'website': 'www.impactenvironmental.com', 'headquarters': '170 Keyland Ct, Bohemia, New York, 11716, United States', 'SIC Code': '89,899', 'NAICS Code': '54,541', 'revenue': '$22M', 'Number of Employees': '87', 'LinkedIn url': 'http://www.linkedin.com/company/impact-environmental'}
{'company_name_zoominfo': 'Polar Bear Water Treatment', 'website': 'www.polarbearwatertreatment.com', 'headquarters': '715 E Grand Ave, Laramie, Wyoming, 82070, United States', 'SIC Code': '49,494', 'NAICS Code': '22,221', 'revenue': '<$5M', 'Number of Employees': '<25', 'LinkedIn url': '!not-found'}
{'company_name_zoominfo': 'Starlite Waste', 'website': 'www.starlitewaste.com', 'headquarters': '11225 Mulberry Ave, Fontana, California, 92337, United States', 'SIC Code': '42,421', 'NAICS Code': '56,562', 'revenue': '<$5M', 'Number of Employees': '<25', 'LinkedIn url': 'http://www.linkedin.com/company/starlite-reclamation'}
{'company_name_zoominfo': 'Community Waste Disposal', 'website': 'www.communitywastedisposal.com', 'headquarters': '2010 California Crossing Rd, Dallas, Texas, 75220, United States', 'SIC Code': '49,495', 'NAICS Code': '56,562', 'revenue': '$32.1M', 'Number of Employees': '234', 'LinkedIn url': 'http://www.linkedin.com/company/community-waste-disposal'}
{'company_name_zoominfo': 'ebiqc.com/en', 'website': 'www.ebiqc.com/en', 'headquarters': '670 Montcalm St, Berthierville, Quebec, J0K 1A0, Canada', 'SIC Code': '42,49', 'NAICS Code': '22,221', 'revenue': '<$5M', 'Number of Employees': '<25', 'LinkedIn url': '!not-found'}
{'company_name_zoominfo': 'CARDS Transportation', 'website': 'www.cardsrecycling.com', 'headquarters': '4208 Johnson Rd, Springdale, Arkansas, 72762, United States', 'SIC Code': '49,495', 'NAICS Code': '56,562', 'revenue': '$5.3M', 'Number of Employees': '<25', 'LinkedIn url': '!not-found'}
{'company_name_zoominfo': 'The Mercer Group', 'website': 'www.mercergroupinc.com', 'headquarters': '15 Cambridge Pl, Ocean Pines, Maryland, 21811, United States', 'SIC Code': '73,736', 'NAICS Code': '56,562', 'revenue': '<$5M', 'Number of Employees': '<25', 'LinkedIn url': 'http://www.linkedin.com/company/the-mercer-group'}
{'company_name_zoominfo': 'Rogue Waste Recovery & Environmental', 'website': 'www.rogue-enviro.net', 'headquarters': 'PO Box 258, Conroe, Texas, 77305, United States', 'SIC Code': '42,421', 'NAICS Code': '56,562', 'revenue': '<$5M', 'Number of Employees': '<25', 'LinkedIn url': 'http://www.linkedin.com/company/rogue-waste-recovery-&-environ'}
{'company_name_zoominfo': 'Southeastern Associates', 'website': 'www.southeasternassociatesinc.com', 'headquarters': 'PO Box 20511, Tuscaloosa, Alabama, 35402, United States', 'SIC Code': '52,525', 'NAICS Code': '42,423', 'revenue': '<$5M', 'Number of Employees': '<25', 'LinkedIn url': 'http://www.linkedin.com/company/southeastern-associates-incorporated'}
{'company_name_zoominfo': 'Chamness Technology', 'website': 'www.chamnesstechnology.com', 'headquarters': '2255 Little Wall Lake Rd, Blairsburg, Iowa, 50034, United States', 'SIC Code': '28,287', 'NAICS Code': '32,325', 'revenue': '$17M', 'Number of Employees': '26', 'LinkedIn url': 'http://www.linkedin.com/company/greenru'}
{'company_name_zoominfo': 'United Pumping Service', 'website': 'www.unitedpumping.com', 'headquarters': '14000 E Valley Blvd, City of Industry, California, 91746, United State...', 'SIC Code': '42,421', 'NAICS Code': '56,562', 'revenue': '$20M', 'Number of Employees': '87', 'LinkedIn url': '!not-found'}
{'company_name_zoominfo': 'Ram Waste Systems', 'website': 'www.ramwastesystems.com', 'headquarters': '5704 Bueno Dr, Fort Collins, Colorado, 80525, United States', 'SIC Code': '42,421', 'NAICS Code': '56,562', 'revenue': '$12.1M', 'Number of Employees': '52', 'LinkedIn url': 'http://www.linkedin.com/company/economy-waste'}
{'company_name_zoominfo': 'KBI Recycling', 'website': 'www.kbirecycling.com', 'headquarters': '125 E Commercial St Ste A, Anaheim, California, 92801, United States', 'SIC Code': '49,495', 'NAICS Code': '22,221', 'revenue': '$18.7M', 'Number of Employees': '43', 'LinkedIn url': 'http://www.linkedin.com/company/kinsbursky-brothers-inc-'}
{'company_name_zoominfo': 'Clearwater Environmental Services', 'website': 'www.clearwaterenv.com', 'headquarters': '28395 SW Boberg Rd, Wilsonville, Oregon, 97070, United States', 'SIC Code': '89,899', 'NAICS Code': '54,541', 'revenue': '<$5M', 'Number of Employees': '<25', 'LinkedIn url': '!not-found'}
{'company_name_zoominfo': 'Backyard Energy Services', 'website': 'www.backyardenviro.com', 'headquarters': '1601 Nw Expy Ste 1450, Oklahoma City, Oklahoma, 73118, United States', 'SIC Code': '13,138', 'NAICS Code': '21,213', 'revenue': '$7.5M', 'Number of Employees': '<25', 'LinkedIn url': '!not-found'}
{'company_name_zoominfo': 'Moore Disposal', 'website': 'www.moorewaste.com', 'headquarters': 'PO Box 35129, Dallas, Texas, 75235, United States', 'SIC Code': '42,421', 'NAICS Code': '56,562', 'revenue': '$8.3M', 'Number of Employees': '25', 'LinkedIn url': 'http://www.linkedin.com/company/moore-disposal-corp-'}
renewing ip
429
2001:67c:6ec:203:192:42:116:179
renewing ip
429
2001:67c:6ec:203:192:42:116:179
renewing ip
429
2620:7:6001::122
renewing ip
429
2620:7:6001::122
renewing ip
429
2a01:6340:2:501::10
{'company_name_zoominfo': 'STC Industrial Contracting', 'website': 'www.stcindustrial.ca', 'headquarters': '40 214 Joseph Okemasis Dr, Saskatoon, Saskatchewan, S7N 1B1, Canada', 'SIC Code': '15,154', 'NAICS Code': '23,236', 'revenue': '<$5M', 'Number of Employees': '<25', 'LinkedIn url': 'http://www.linkedin.com/company/stc-industrial-contracting-lp'}
{'company_name_zoominfo': 'Envirosafe Services of Ohio', 'website': 'www.envirosafeservices.com', 'headquarters': '876 Otter Creek Rd, Oregon, Ohio, 43616, United States', 'SIC Code': '49,495', 'NAICS Code': '56,562', 'revenue': '$5.1M', 'Number of Employees': '<25', 'LinkedIn url': 'http://www.linkedin.com/company/envirosafe-services-of-ohio'}
{'company_name_zoominfo': '!not-found', 'website': 'Fisher International', 'headquarters': '!not-found', 'SIC Code': '!not-found', 'NAICS Code': '!not-found', 'revenue': '!not-found', 'Number of Employees': '!not-found', 'LinkedIn url': '!not-found'}
{'company_name_zoominfo': 'Clear Blue Environmental', 'website': 'www.clearblueenv.com', 'headquarters': '1185 N Van Horne Way, Anaheim, California, 92806, United States', 'SIC Code': '42,421', 'NAICS Code': '56,562', 'revenue': '$5.5M', 'Number of Employees': '<25', 'LinkedIn url': 'http://www.linkedin.com/company/clear-blue-environmental'}
{'company_name_zoominfo': 'US Waste Industries', 'website': 'www.uswonline.com', 'headquarters': '4420 Jefferies Hwy, Walterboro, South Carolina, 29488, United States', 'SIC Code': '42,421', 'NAICS Code': '56,562', 'revenue': '$13.9M', 'Number of Employees': '39', 'LinkedIn url': 'http://www.linkedin.com/company/uswasteindustries'}
{'company_name_zoominfo': 'Drug & Laboratory Disposal', 'website': 'www.dld-inc.com', 'headquarters': '331 Broad St, Plainwell, Michigan, 49080, United States', 'SIC Code': '49,495', 'NAICS Code': '56,562', 'revenue': '$14.3M', 'Number of Employees': '56', 'LinkedIn url': 'http://www.linkedin.com/company/drug-&-laboratory-disposal-inc-'}
{'company_name_zoominfo': 'Westside Waste Management', 'website': 'www.westsidewaste.com', 'headquarters': '274 E Cedar St, Taft, California, 93268, United States', 'SIC Code': '42,421', 'NAICS Code': '56,562', 'revenue': '$5M', 'Number of Employees': '<25', 'LinkedIn url': 'http://www.linkedin.com/company/westside-waste-management-co.-inc.'}
{'company_name_zoominfo': 'Interstate Waste Services', 'website': 'www.interstatewaste.com', 'headquarters': '300 Frank W. Burr Blvd Ste 39, Teaneck, New Jersey, 07666, United Stat...', 'SIC Code': '49,495', 'NAICS Code': '56,562', 'revenue': '$72.8M', 'Number of Employees': '226', 'LinkedIn url': 'http://www.linkedin.com/company/action-environmental-services'}
{'company_name_zoominfo': 'Adenus Group', 'website': 'www.hawkms.com', 'headquarters': '!not-found', 'SIC Code': '73,738', 'NAICS Code': '56,561', 'revenue': '$6.3M', 'Number of Employees': '<25', 'LinkedIn url': '!not-found'}
{'company_name_zoominfo': 'Southland Waste Systems', 'website': 'www.yelp.com/biz/southland-waste-systems-of-georgia-kathleen', 'headquarters': '3473 Harris Rd, Waycross, Georgia, 31503, United States', 'SIC Code': '42,421', 'NAICS Code': '56,562', 'revenue': '<$5M', 'Number of Employees': '<25', 'LinkedIn url': '!not-found'}
{'company_name_zoominfo': 'Evergreen Sanitation', 'website': 'www.evergreensepticservices.com', 'headquarters': '2910 Old Hartford Rd # Evergsi083n5, Lake Stevens, Washington, 98258, ...', 'SIC Code': '76,769', 'NAICS Code': '56,562', 'revenue': '$5.5M', 'Number of Employees': '<25', 'LinkedIn url': '!not-found'}
{'company_name_zoominfo': 'GF Industries', 'website': 'www.gfindustries.net', 'headquarters': '122 N Harbor Blvd Ste 201, Fullerton, California, 92832, United States', 'SIC Code': '32,329', 'NAICS Code': '32,327', 'revenue': '$6.2M', 'Number of Employees': '<25', 'LinkedIn url': 'http://www.linkedin.com/company/g-f-industries-inc'}
{'company_name_zoominfo': 'Turlock Scavenger', 'website': 'www.turlockscavengercompany.com', 'headquarters': '1020 S Walnut Rd, Turlock, California, 95380, United States', 'SIC Code': '49,495', 'NAICS Code': '56,562', 'revenue': '$7.6M', 'Number of Employees': '<25', 'LinkedIn url': 'http://www.linkedin.com/company/turlock-scavenger-company'}
{'company_name_zoominfo': 'Lorco Petroleum Services', 'website': 'www.lorcopetroleum.com', 'headquarters': '450 S Front St Fl 2, Elizabeth, New Jersey, 07202, United States', 'SIC Code': '51,517', 'NAICS Code': '42,424', 'revenue': '$22.1M', 'Number of Employees': '112', 'LinkedIn url': 'http://www.linkedin.com/company/lorco-manufacturing-l-l-c-'}
{'company_name_zoominfo': 'Midwest', 'website': 'www.mwcompanies.com', 'headquarters': '270 N State St, Hampshire, Illinois, 60140, United States', 'SIC Code': '49,495', 'NAICS Code': '56,562', 'revenue': '$6.6M', 'Number of Employees': '<25', 'LinkedIn url': 'http://www.linkedin.com/company/midwest-companies'}
{'company_name_zoominfo': 'Resource Recovery', 'website': 'www.resourcerecovery.us', 'headquarters': '56 Riverside Dr, Thompson, Connecticut, 06277, United States', 'SIC Code': '49,495', 'NAICS Code': '56,562', 'revenue': '<$5M', 'Number of Employees': '<25', 'LinkedIn url': '!not-found'}
renewing ip
429
2a07:e03:2a::bcde
renewing ip
429
2a0b:f4c2:2::36
renewing ip
429
2a0b:f4c1:2::251
renewing ip
429
2a0b:f4c1:2::251
renewing ip
429
2620:7:6001::179
renewing ip
429
2001:67c:6ec:203:192:42:116:176
renewing ip
429
2001:67c:6ec:203:192:42:116:176
renewing ip
429
2620:7:6001::ffff:c759:e640
renewing ip
429
2620:7:6001::ffff:c759:e640
renewing ip
429
2a0b:f4c1:2::252
renewing ip
429
2a0b:f4c1:2::252
renewing ip
429
2620:7:6001::179
renewing ip
429
2620:7:6001::179
renewing ip
429
2a0b:f4c1:2::241
renewing ip
429
2a0f:df00:0:255::197
renewing ip
429
2a0f:df00:0:255::197
{'company_name_zoominfo': 'Complete Resource Management', 'website': 'www.completeresourcemanagement.com', 'headquarters': '1891 Loughrey St, Liberty, Missouri, 64068, United States', 'SIC Code': '87,874', 'NAICS Code': '56,561', 'revenue': '$7M', 'Number of Employees': '<25', 'LinkedIn url': 'http://www.linkedin.com/company/complete-resource-management'}
{'company_name_zoominfo': 'Blue Bear Waste Services', 'website': 'www.bluebearwaste.com', 'headquarters': '6130 Huron St, Denver, Colorado, 80221, United States', 'SIC Code': '49,495', 'NAICS Code': '56,562', 'revenue': '<$5M', 'Number of Employees': '<25', 'LinkedIn url': 'http://www.linkedin.com/company/blue-bear-waste-services'}
{'company_name_zoominfo': 'TriEco', 'website': 'www.trieco.net', 'headquarters': '7710 Springvale Dr Ste 201, Louisville, Kentucky, 40241, United States', 'SIC Code': '87,874', 'NAICS Code': '56,561', 'revenue': '<$5M', 'Number of Employees': '<25', 'LinkedIn url': 'http://www.linkedin.com/company/trieco-llc'}
{'company_name_zoominfo': 'Urban Impact Recycling', 'website': 'www.urbanimpact.com', 'headquarters': '5 Capilano Way, New Westminster, British Columbia, V3L 5G3, Canada', 'SIC Code': '49,50', 'NAICS Code': '42,423', 'revenue': '$30.4M', 'Number of Employees': '94', 'LinkedIn url': 'http://www.linkedin.com/company/urban-impact-marketing-inc-'}
{'company_name_zoominfo': 'Society for Social Work and Research', 'website': 'www.sswr.org', 'headquarters': '11240 Waples Mill Rd Ste 200, Fairfax, Virginia, 22030, United States', 'SIC Code': '86,862', 'NAICS Code': '81,813', 'revenue': '<$5M', 'Number of Employees': '42', 'LinkedIn url': '!not-found'}
{'company_name_zoominfo': 'Pinard Waste Systems', 'website': 'www.pinardwaste.com', 'headquarters': 'PO Box 5048, Manchester, New Hampshire, 03108, United States', 'SIC Code': '49,495', 'NAICS Code': '56,562', 'revenue': '$18.7M', 'Number of Employees': '71', 'LinkedIn url': 'http://www.linkedin.com/company/pinard-waste-systems-co-inc-'}
{'company_name_zoominfo': 'Michael Brothers Hauling', 'website': 'www.michaelbrothershauling.com', 'headquarters': '901 Horning Rd, Pittsburgh, Pennsylvania, 15236, United States', 'SIC Code': '49,495', 'NAICS Code': '56,562', 'revenue': '<$5M', 'Number of Employees': '<25', 'LinkedIn url': 'http://www.linkedin.com/company/michael-brothers-hauling-inc'}
{'company_name_zoominfo': 'Circular Recycling', 'website': 'www.circularrecyclingfl.com', 'headquarters': '2740 SW Martin Downs Blvd, Palm City, Florida, 34990, United States', 'SIC Code': '49,495', 'NAICS Code': '56,562', 'revenue': '<$5M', 'Number of Employees': '<25', 'LinkedIn url': '!not-found'}
{'company_name_zoominfo': 'Sharps MD', 'website': 'www.sharpsmd.net', 'headquarters': '1127 Seminole St, Clearwater, Florida, 33755, United States', 'SIC Code': '73,737', 'NAICS Code': '51,517', 'revenue': '$6.1M', 'Number of Employees': '<25', 'LinkedIn url': '!not-found'}
{'company_name_zoominfo': "Richard's Disposal", 'website': 'www.richardsdisposal.com', 'headquarters': '11600 Old Gentilly Rd, New Orleans, Louisiana, 70129, United States', 'SIC Code': '49,495', 'NAICS Code': '56,562', 'revenue': '$28.4M', 'Number of Employees': '118', 'LinkedIn url': 'http://www.linkedin.com/company/richardson-waste-inc'}
{'company_name_zoominfo': 'A Clean Environment', 'website': 'www.acleanenvironment.net', 'headquarters': '2071 Cimmaron Rd 2801 S 25th West Ave, Wilson, Oklahoma, 73463, United...', 'SIC Code': '49,495', 'NAICS Code': '56,562', 'revenue': '<$5M', 'Number of Employees': '<25', 'LinkedIn url': '!not-found'}
{'company_name_zoominfo': 'Superior Waste', 'website': 'www.superiorwaste.com.au', 'headquarters': 'PO Box 1028, Braeside, Victoria, 3195, Australia', 'SIC Code': '49,495', 'NAICS Code': '56,562', 'revenue': '$5.8M', 'Number of Employees': '26', 'LinkedIn url': 'http://www.linkedin.com/company/superior-waste'}
{'company_name_zoominfo': 'American Enviro', 'website': 'www.amesusa.com', 'headquarters': '201 Circle Suit, Alpharetta, Georgia, 30005, United States', 'SIC Code': '51,516', 'NAICS Code': '42,424', 'revenue': '<$5M', 'Number of Employees': '<25', 'LinkedIn url': '!not-found'}
{'company_name_zoominfo': 'Bergen County Utilities Authority', 'website': 'www.bcua.org', 'headquarters': '9 PO Box little, Little Ferry, New Jersey, 07643, United States', 'SIC Code': '49,495', 'NAICS Code': '22,221', 'revenue': '$9.9M', 'Number of Employees': '43', 'LinkedIn url': 'http://www.linkedin.com/company/bergen-county-utilities-authority'}
{'company_name_zoominfo': 'Houston Dumpsters', 'website': 'www.houstondumpsterrental.net', 'headquarters': '1302 Waugh Dr, Houston, Texas, 77019, United States', 'SIC Code': '49,495', 'NAICS Code': '56,562', 'revenue': '<$5M', 'Number of Employees': '<25', 'LinkedIn url': '!not-found'}
{'company_name_zoominfo': 'Huanding USA Metal', 'website': 'www.huandingusa.com', 'headquarters': '2129 S China Pl, Chicago, Illinois, 60616, United States', 'SIC Code': '50,509', 'NAICS Code': '42,423', 'revenue': '<$5M', 'Number of Employees': '<25', 'LinkedIn url': '!not-found'}
{'company_name_zoominfo': 'Hudgins Disposal', 'website': 'www.hudginsdisposal.com', 'headquarters': '2510 Hart St, Nashville, Tennessee, 37207, United States', 'SIC Code': '49,495', 'NAICS Code': '56,562', 'revenue': '<$5M', 'Number of Employees': '<25', 'LinkedIn url': 'http://www.linkedin.com/company/hudgins-disposal-inc'}
{'company_name_zoominfo': 'NotAvailable', 'website': 'NotAvailable', 'headquarters': 'NotAvailable', 'SIC Code': 'NotAvailable', 'NAICS Code': 'NotAvailable', 'revenue': 'NotAvailable', 'Number of Employees': 'NotAvailable', 'LinkedIn url': 'NotAvailable'}
{'company_name_zoominfo': 'HYDROVAC Industrial Services', 'website': 'www.yelp.com/biz/hydro-vac-decatur', 'headquarters': '755 Clolinger Rd, Jackson, Alabama, 36545, United States', 'SIC Code': '49,495', 'NAICS Code': '56,562', 'revenue': '$5.7M', 'Number of Employees': '26', 'LinkedIn url': '!not-found'}
{'company_name_zoominfo': 'HZMTCORP Environmental', 'website': 'www.hzmtcorp.com', 'headquarters': '24 Ave, Surrey, British Columbia, V4A 2H9, Canada', 'SIC Code': '49,495', 'NAICS Code': '22,221', 'revenue': '<$5M', 'Number of Employees': '<25', 'LinkedIn url': '!not-found'}
