{'company_name_zoominfo': 'IDR Environmental Services', 'website': 'www.idrenvironmental.com', 'headquarters': '100 S Irwindale Ave, Azusa, California, 91702, United States', 'SIC Code': '42,421', 'NAICS Code': '56,562', 'revenue': '<$5M', 'Number of Employees': '<25', 'LinkedIn url': 'http://www.linkedin.com/company/idr-environmental-services'}
{'company_name_zoominfo': 'Industrial Pallet', 'website': 'www.industrialpallet.com', 'headquarters': '27 Chaplin Rd, Eastford, Connecticut, 06242, United States', 'SIC Code': '24,244', 'NAICS Code': '32,321', 'revenue': '$7.8M', 'Number of Employees': '38', 'LinkedIn url': 'http://www.linkedin.com/company/industrial-pallet-llc'}
{'company_name_zoominfo': 'Liquid Industrial Waste Service', 'website': 'www.liws.net', 'headquarters': '11325 E Lakewood Blvd, Holland, Michigan, 49424, United States', 'SIC Code': '42,421', 'NAICS Code': '56,562', 'revenue': '<$5M', 'Number of Employees': '<25', 'LinkedIn url': '!not-found'}
{'company_name_zoominfo': 'Integrated Waste Solutions', 'website': 'www.iws.com', 'headquarters': '1246 W Chester Pike Ste 310, West Chester, Pennsylvania, 19382, United...', 'SIC Code': '49,495', 'NAICS Code': '56,562', 'revenue': '<$5M', 'Number of Employees': '<25', 'LinkedIn url': 'http://www.linkedin.com/company/integrated-waste-solutions-inc'}
{'company_name_zoominfo': 'Integrated Waste Solutions Group', 'website': 'www.iwsgusa.com', 'headquarters': '5300 Powerline Rd Ste 207, Fort Lauderdale, Florida, 33309, United Sta...', 'SIC Code': '89,899', 'NAICS Code': '54,541', 'revenue': '<$5M', 'Number of Employees': '<25', 'LinkedIn url': '!not-found'}
{'company_name_zoominfo': 'Waste Control Specialists', 'website': 'www.interimstoragepartners.com', 'headquarters': '1155 F St NW Ste 800, Washington, District of Columbia, 20004, United ...', 'SIC Code': '49,495', 'NAICS Code': '22,221', 'revenue': '<$5M', 'Number of Employees': '27', 'LinkedIn url': 'http://www.linkedin.com/company/ispnuclear'}
{'company_name_zoominfo': 'Invisible Waste Services', 'website': 'www.invisiblewasteservices.com', 'headquarters': '11334 Boggy Creek Rd Ste 127, Orlando, Florida, 32824, United States', 'SIC Code': '49,495', 'NAICS Code': '56,562', 'revenue': '<$5M', 'Number of Employees': '<25', 'LinkedIn url': 'http://www.linkedin.com/company/invisible-waste-services-llc'}
{'company_name_zoominfo': 'Industrie de palettes Standard ( IPS', 'website': 'www.palettesstandard.com', 'headquarters': '2400 De Lierre Rue, Laval, Quebec, H7G 4Y4, Canada', 'SIC Code': '24,244', 'NAICS Code': '32,321', 'revenue': '$5.3M', 'Number of Employees': '<25', 'LinkedIn url': 'http://www.linkedin.com/company/industrie-de-palettes-standard-ips-inc'}
{'company_name_zoominfo': 'ITNOLAP Pallet & Crating', 'website': 'www.itnolap.com', 'headquarters': '1142 Haley Rd, Murfreesboro, Tennessee, 37129, United States', 'SIC Code': '24,244', 'NAICS Code': '32,321', 'revenue': '$6.8M', 'Number of Employees': '<25', 'LinkedIn url': '!not-found'}
{'company_name_zoominfo': 'J&J Services', 'website': 'www.jandjservices.com', 'headquarters': '1235 Fesslers Ln, Nashville, Tennessee, 37210, United States', 'SIC Code': '49,495', 'NAICS Code': '22,221', 'revenue': '$10M', 'Number of Employees': '29', 'LinkedIn url': 'http://www.linkedin.com/company/j-&-j-services-inc-'}
{'company_name_zoominfo': 'J&R Pallet Recycling', 'website': 'www.jandrpallet.com', 'headquarters': '60 Ferndale Dr N, Barrie, Ontario, L4N 9V4, Canada', 'SIC Code': '24,244', 'NAICS Code': '32,321', 'revenue': '<$5M', 'Number of Employees': '<25', 'LinkedIn url': '!not-found'}
{'company_name_zoominfo': 'NotAvailable', 'website': 'NotAvailable', 'headquarters': 'NotAvailable', 'SIC Code': 'NotAvailable', 'NAICS Code': 'NotAvailable', 'revenue': 'NotAvailable', 'Number of Employees': 'NotAvailable', 'LinkedIn url': 'NotAvailable'}
{'company_name_zoominfo': 'JS Fesmire Hauling', 'website': 'www.fesmirehauling.com', 'headquarters': '707 Wright Dr, Maple Glen, Pennsylvania, 19002, United States', 'SIC Code': '47,473', 'NAICS Code': '48,484', 'revenue': '$5.6M', 'Number of Employees': '<25', 'LinkedIn url': '!not-found'}
{'company_name_zoominfo': 'Topfit', 'website': 'www.topfitonline.com', 'headquarters': '2940 Clearview Ave, Medford, Oregon, 97501, United States', 'SIC Code': '79,799', 'NAICS Code': '71,713', 'revenue': '<$5M', 'Number of Employees': '<25', 'LinkedIn url': '!not-found'}
{'company_name_zoominfo': 'Jadco Container', 'website': 'www.jadcocontainer.com', 'headquarters': 'PO Box 5007, Burlington, North Carolina, 27216, United States', 'SIC Code': '51,511', 'NAICS Code': '42,424', 'revenue': '<$5M', 'Number of Employees': '<25', 'LinkedIn url': '!not-found'}
{'company_name_zoominfo': "JB's Disposal", 'website': 'www.jbsdisposal.com', 'headquarters': '1803 W Fountain Dr, Bloomington, Indiana, 47404, United States', 'SIC Code': '49,495', 'NAICS Code': '56,562', 'revenue': '<$5M', 'Number of Employees': '<25', 'LinkedIn url': '!not-found'}
renewing ip
429
192.42.116.200
renewing ip
429
23.154.177.22
renewing ip
429
185.220.101.33
renewing ip
429
185.220.101.33
renewing ip
429
95.214.52.208
('Connection aborted.', RemoteDisconnected('Remote end closed connection without response'))
local variable 'page' referenced before assignment
{'company_name_zoominfo': '!not-found', 'website': '!not-found', 'headquarters': '!not-found', 'SIC Code': '!not-found', 'NAICS Code': '!not-found', 'revenue': '!not-found', 'Number of Employees': '!not-found', 'LinkedIn url': '!not-found'}
{'company_name_zoominfo': 'NotAvailable', 'website': 'NotAvailable', 'headquarters': 'NotAvailable', 'SIC Code': 'NotAvailable', 'NAICS Code': 'NotAvailable', 'revenue': 'NotAvailable', 'Number of Employees': 'NotAvailable', 'LinkedIn url': 'NotAvailable'}
{'company_name_zoominfo': "JJ's Waste & Recycling", 'website': 'www.jjswaste.com', 'headquarters': '3905 El Rey Rd, Orlando, Florida, 32808, United States', 'SIC Code': '49,495', 'NAICS Code': '56,562', 'revenue': '$281.6M', 'Number of Employees': '925', 'LinkedIn url': 'http://www.linkedin.com/company/jj-s-waste-recycling'}
{'company_name_zoominfo': 'JNS Cleaning', 'website': 'www.jnscleaning.com', 'headquarters': '455 E Eisenhower Pkwy Ste 70, Ann Arbor, Michigan, 48108, United State...', 'SIC Code': '73,734', 'NAICS Code': '56,561', 'revenue': '$7.8M', 'Number of Employees': '25', 'LinkedIn url': 'http://www.linkedin.com/company/jns-cleaning'}
{'company_name_zoominfo': 'Johnson County Refuse', 'website': 'www.johnsoncountyrefuse.com', 'headquarters': '970 238th St NE, North Liberty, Iowa, 52317, United States', 'SIC Code': '42,421', 'NAICS Code': '56,562', 'revenue': '$6.7M', 'Number of Employees': '<25', 'LinkedIn url': 'http://www.linkedin.com/company/johnson-county-refuse-inc'}
{'company_name_zoominfo': 'Jordan Waste', 'website': 'www.jordanwaste.com', 'headquarters': 'PO Box 985, Marion, South Carolina, 29571, United States', 'SIC Code': '49,495', 'NAICS Code': '56,562', 'revenue': '<$5M', 'Number of Employees': '<25', 'LinkedIn url': 'http://www.linkedin.com/company/enation-worldwide'}
{'company_name_zoominfo': '!not-found', 'website': 'Greater Cleveland RTA', 'headquarters': '!not-found', 'SIC Code': '!not-found', 'NAICS Code': '!not-found', 'revenue': '!not-found', 'Number of Employees': '!not-found', 'LinkedIn url': '!not-found'}
{'company_name_zoominfo': 'Monarch K-9 Waste Removal', 'website': 'www.monarchk9.com', 'headquarters': 'PO Box 460794, Papillion, Nebraska, 68046, United States', 'SIC Code': '42,421', 'NAICS Code': '56,562', 'revenue': '<$5M', 'Number of Employees': '<25', 'LinkedIn url': '!not-found'}
{'company_name_zoominfo': 'Keep Northern Illinois Beautiful', 'website': 'www.knib.org', 'headquarters': '4665 Hydraulic Rd, Rockford, Illinois, 61109, United States', 'SIC Code': '86,864', 'NAICS Code': '81,813', 'revenue': '<$5M', 'Number of Employees': '<25', 'LinkedIn url': 'http://www.linkedin.com/company/keep-northern-illinois-beautiful'}
{'company_name_zoominfo': 'Keystone Containment Contractors', 'website': 'www.keystonecontainment.com', 'headquarters': '250 Bilmar Dr, Pittsburgh, Pennsylvania, 15205, United States', 'SIC Code': '17,174', 'NAICS Code': '23,238', 'revenue': '$8.9M', 'Number of Employees': '<25', 'LinkedIn url': 'http://www.linkedin.com/company/keystone-containment-contractors-llc'}
{'company_name_zoominfo': 'Kirk Ventures I', 'website': 'www.kirkfamilycompanies.com', 'headquarters': '1800 Industrial Dr, Findlay, Ohio, 45840, United States', 'SIC Code': '73,738', 'NAICS Code': '56,561', 'revenue': '<$5M', 'Number of Employees': '<25', 'LinkedIn url': '!not-found'}
{'company_name_zoominfo': 'Kleen-Environmental', 'website': 'www.kleen-environmental.com', 'headquarters': '1902 Priest Dr, Houston, Texas, 77093, United States', 'SIC Code': '89,899', 'NAICS Code': '54,541', 'revenue': '<$5M', 'Number of Employees': '<25', 'LinkedIn url': '!not-found'}
{'company_name_zoominfo': 'NotAvailable', 'website': 'NotAvailable', 'headquarters': 'NotAvailable', 'SIC Code': 'NotAvailable', 'NAICS Code': 'NotAvailable', 'revenue': 'NotAvailable', 'Number of Employees': 'NotAvailable', 'LinkedIn url': 'NotAvailable'}
{'company_name_zoominfo': 'Knudsen Beverage Consulting', 'website': 'www.knudsenbeverageconsulting.com', 'headquarters': '183 Cedar Rd, Evergreen, Colorado, 80439, United States', 'SIC Code': '87,874', 'NAICS Code': '54,541', 'revenue': '<$5M', 'Number of Employees': '<25', 'LinkedIn url': 'http://www.linkedin.com/company/knudsen-beverage-consulting-co-'}
{'company_name_zoominfo': 'Labrie Enviroquip Group', 'website': 'www.labriegroup.com', 'headquarters': '175-b Rte Marie-victorin, Levis, Quebec, G7A 2T3, Canada', 'SIC Code': '35,353', 'NAICS Code': '33,333', 'revenue': '$46.1M', 'Number of Employees': '197', 'LinkedIn url': 'http://www.linkedin.com/company/pendpac-inc.'}
{'company_name_zoominfo': 'Leichhardt Industrials', 'website': 'www.leic.com.au', 'headquarters': '435 Roberts Rd Fl 1 Ste A7, Subiaco, Western Australia, 6008, Australi...', 'SIC Code': '78,784', 'NAICS Code': '53,532', 'revenue': '<$5M', 'Number of Employees': '<25', 'LinkedIn url': 'http://www.linkedin.com/company/leichhardt'}
{'company_name_zoominfo': 'Lake Country Disposal', 'website': 'www.lakecountrydisposal.com', 'headquarters': '9316 N 107th St, Milwaukee, Wisconsin, 53224, United States', 'SIC Code': '49,495', 'NAICS Code': '56,562', 'revenue': '<$5M', 'Number of Employees': '<25', 'LinkedIn url': 'http://www.linkedin.com/company/lake-country-disposal'}
{'company_name_zoominfo': 'Lake Country', 'website': 'www.lakecountrycorp.com', 'headquarters': '721 River Knoll Dr, Mayville, Wisconsin, 53050, United States', 'SIC Code': '51,516', 'NAICS Code': '42,424', 'revenue': '$21.5M', 'Number of Employees': '52', 'LinkedIn url': 'http://www.linkedin.com/company/lake-country-corp'}
{'company_name_zoominfo': 'Lam Site Services', 'website': 'www.lamsiteservices.com', 'headquarters': '215 Leo Ave Ste 20, San Jose, California, 95112, United States', 'SIC Code': '73,735', 'NAICS Code': '56,562', 'revenue': '<$5M', 'Number of Employees': '<25', 'LinkedIn url': '!not-found'}
{'company_name_zoominfo': 'NotAvailable', 'website': 'NotAvailable', 'headquarters': 'NotAvailable', 'SIC Code': 'NotAvailable', 'NAICS Code': 'NotAvailable', 'revenue': 'NotAvailable', 'Number of Employees': 'NotAvailable', 'LinkedIn url': 'NotAvailable'}
renewing ip
429
2a03:94e0:243a:dead::1
{'company_name_zoominfo': '!not-found', 'website': 'C&S Wholesale Grocers', 'headquarters': '!not-found', 'SIC Code': '!not-found', 'NAICS Code': '!not-found', 'revenue': '!not-found', 'Number of Employees': '!not-found', 'LinkedIn url': '!not-found'}
{'company_name_zoominfo': 'NotAvailable', 'website': 'NotAvailable', 'headquarters': 'NotAvailable', 'SIC Code': 'NotAvailable', 'NAICS Code': 'NotAvailable', 'revenue': 'NotAvailable', 'Number of Employees': 'NotAvailable', 'LinkedIn url': 'NotAvailable'}
{'company_name_zoominfo': 'NotAvailable', 'website': 'NotAvailable', 'headquarters': 'NotAvailable', 'SIC Code': 'NotAvailable', 'NAICS Code': 'NotAvailable', 'revenue': 'NotAvailable', 'Number of Employees': 'NotAvailable', 'LinkedIn url': 'NotAvailable'}
{'company_name_zoominfo': 'LePage & Sons', 'website': 'www.lepageandsons.com', 'headquarters': '23602 University Ave NW, Bethel, Minnesota, 55005, United States', 'SIC Code': '49,495', 'NAICS Code': '56,562', 'revenue': '$6M', 'Number of Employees': '<25', 'LinkedIn url': '!not-found'}
{'company_name_zoominfo': 'Link International', 'website': 'www.linkinternationalinc.com', 'headquarters': '3200 E Guasti Rd 116, Ontario, California, 91761, United States', 'SIC Code': '49,495', 'NAICS Code': '22,221', 'revenue': '<$5M', 'Number of Employees': '<25', 'LinkedIn url': '!not-found'}
{'company_name_zoominfo': 'Liquid Waste Removal', 'website': 'www.liquidwasteremoval.com', 'headquarters': '500 S Polk St Ste 100, Greenwood, Indiana, 46143, United States', 'SIC Code': '49,495', 'NAICS Code': '22,221', 'revenue': '$5.6M', 'Number of Employees': '<25', 'LinkedIn url': 'http://www.linkedin.com/company/liquid-waste-removal'}
{'company_name_zoominfo': 'Lisa Williams & Associates', 'website': 'www.lisawilliamsassociates.com', 'headquarters': 'PO Box 529, Clinton, Washington, 98236, United States', 'SIC Code': '87,874', 'NAICS Code': '54,541', 'revenue': '$7.8M', 'Number of Employees': '<25', 'LinkedIn url': 'http://www.linkedin.com/company/lisa-williams-&-associates-llc'}
{'company_name_zoominfo': 'Local Environmental Agriculture Project', 'website': 'www.leapforlocalfood.org', 'headquarters': 'PO Box 3249, Roanoke, Virginia, 24015, United States', 'SIC Code': '96,964', 'NAICS Code': '92,926', 'revenue': '<$5M', 'Number of Employees': '<25', 'LinkedIn url': 'http://www.linkedin.com/company/local-environmental-agriculture-project-incorporated'}
{'company_name_zoominfo': 'Logistical Solutions', 'website': 'www.losonow.com', 'headquarters': '4780 W Ann Rd Ste 5-237, Las Vegas, Nevada, 89031, United States', 'SIC Code': '42,421', 'NAICS Code': '56,562', 'revenue': '$5.5M', 'Number of Employees': '<25', 'LinkedIn url': 'http://www.linkedin.com/company/logistical-solutions-llc'}
{'company_name_zoominfo': 'NotAvailable', 'website': 'NotAvailable', 'headquarters': 'NotAvailable', 'SIC Code': 'NotAvailable', 'NAICS Code': 'NotAvailable', 'revenue': 'NotAvailable', 'Number of Employees': 'NotAvailable', 'LinkedIn url': 'NotAvailable'}
{'company_name_zoominfo': 'Lower Valley Water District', 'website': 'www.lvwd.org', 'headquarters': '1557 Fm Rd 1110, Clint, Texas, 79836, United States', 'SIC Code': '49,494', 'NAICS Code': '22,221', 'revenue': '$27.8M', 'Number of Employees': '<25', 'LinkedIn url': 'http://www.linkedin.com/company/lower-valley-water-district'}
{'company_name_zoominfo': 'NotAvailable', 'website': 'NotAvailable', 'headquarters': 'NotAvailable', 'SIC Code': 'NotAvailable', 'NAICS Code': 'NotAvailable', 'revenue': 'NotAvailable', 'Number of Employees': 'NotAvailable', 'LinkedIn url': 'NotAvailable'}
{'company_name_zoominfo': 'M&B Environmental', 'website': 'www.mbenv.net', 'headquarters': '744 Harleysville Pike, Harleysville, Pennsylvania, 19438, United State...', 'SIC Code': '89,899', 'NAICS Code': '54,541', 'revenue': '$7.3M', 'Number of Employees': '25', 'LinkedIn url': 'http://www.linkedin.com/company/m-&-b-environmental-inc.'}
{'company_name_zoominfo': 'NotAvailable', 'website': 'NotAvailable', 'headquarters': 'NotAvailable', 'SIC Code': 'NotAvailable', 'NAICS Code': 'NotAvailable', 'revenue': 'NotAvailable', 'Number of Employees': 'NotAvailable', 'LinkedIn url': 'NotAvailable'}
{'company_name_zoominfo': 'NotAvailable', 'website': 'NotAvailable', 'headquarters': 'NotAvailable', 'SIC Code': 'NotAvailable', 'NAICS Code': 'NotAvailable', 'revenue': 'NotAvailable', 'Number of Employees': 'NotAvailable', 'LinkedIn url': 'NotAvailable'}
{'company_name_zoominfo': 'Malsparo', 'website': 'www.malsparo.com', 'headquarters': '12235 Forsythe Dr, Austin, Texas, 78759, United States', 'SIC Code': '49,495', 'NAICS Code': '56,562', 'revenue': '<$5M', 'Number of Employees': '<25', 'LinkedIn url': '!not-found'}
{'company_name_zoominfo': '!not-found', 'website': 'Ship Audit Pros', 'headquarters': '!not-found', 'SIC Code': '!not-found', 'NAICS Code': '!not-found', 'revenue': '!not-found', 'Number of Employees': '!not-found', 'LinkedIn url': '!not-found'}
{'company_name_zoominfo': 'Maviro', 'website': 'www.maviro.com', 'headquarters': '1102 Howard Dr, Deer Park, Texas, 77536, United States', 'SIC Code': '17,179', 'NAICS Code': '56,562', 'revenue': '$61M', 'Number of Employees': '332', 'LinkedIn url': 'http://www.linkedin.com/company/vistec-industrial-services'}
{'company_name_zoominfo': 'McVac Environmental', 'website': 'www.mcvacenvironmental.com', 'headquarters': '481 Grand Ave, New Haven, Connecticut, 06513, United States', 'SIC Code': '49,495', 'NAICS Code': '56,562', 'revenue': '$10.9M', 'Number of Employees': '52', 'LinkedIn url': 'http://www.linkedin.com/company/mcvac-environmental-inc'}
{'company_name_zoominfo': 'MedClean', 'website': 'www.medclean.com', 'headquarters': '4601 W Addison St, Chicago, Illinois, 60641, United States', 'SIC Code': '72,721', 'NAICS Code': '81,812', 'revenue': '$12.9M', 'Number of Employees': '38', 'LinkedIn url': 'http://www.linkedin.com/company/medclean'}
{'company_name_zoominfo': 'MedServe', 'website': 'www.med-serve.org', 'headquarters': '6565 W Loop South Ste 400, Bellaire, Texas, 77401, United States', 'SIC Code': '80,809', 'NAICS Code': '62,621', 'revenue': '<$5M', 'Number of Employees': '<25', 'LinkedIn url': 'http://www.linkedin.com/company/medserve-inc.'}
{'company_name_zoominfo': 'Mega-Tech Services', 'website': 'www.mega-techservices.biz', 'headquarters': '11118 Manorview Dr, Mechanicsville, Virginia, 23116, United States', 'SIC Code': '87,871', 'NAICS Code': '54,541', 'revenue': '<$5M', 'Number of Employees': '<25', 'LinkedIn url': 'http://www.linkedin.com/company/mega-tech-services-llc'}
{'company_name_zoominfo': 'DeltaMontrose Electric Association', 'website': 'www.dmea.com', 'headquarters': '21191 H 75 Rd Ste 101, Delta, Colorado, 81416, United States', 'SIC Code': '49,491', 'NAICS Code': '22,221', 'revenue': '$69.9M', 'Number of Employees': '119', 'LinkedIn url': 'http://www.linkedin.com/company/elevatefiber'}
{'company_name_zoominfo': 'Metro Waste Authority', 'website': 'www.mwatoday.com', 'headquarters': '300 E Locust St Ste 100, Des Moines, Iowa, 50309, United States', 'SIC Code': '49,495', 'NAICS Code': '56,562', 'revenue': '$21.5M', 'Number of Employees': '75', 'LinkedIn url': 'http://www.linkedin.com/company/metro-waste-authority'}
renewing ip
429
2a0b:f4c1:2::247
renewing ip
429
2001:67c:6ec:203:192:42:116:204
renewing ip
429
2a00:1b88:4::2
{'company_name_zoominfo': 'Michigan Pallet', 'website': 'www.mipallet.com', 'headquarters': '1100 Packard Hwy, Charlotte, Michigan, 48813, United States', 'SIC Code': '24,244', 'NAICS Code': '81,812', 'revenue': '$19.9M', 'Number of Employees': '96', 'LinkedIn url': 'http://www.linkedin.com/company/michigan-pallet-recycling-inc'}
{'company_name_zoominfo': 'Midwest BioEnergy', 'website': 'www.midwestbioenergy.com', 'headquarters': '107 E Main St, Morrison, Illinois, 61270, United States', 'SIC Code': '87,873', 'NAICS Code': '11,111', 'revenue': '<$5M', 'Number of Employees': '<25', 'LinkedIn url': 'http://www.linkedin.com/company/midwest-bioenergy'}
{'company_name_zoominfo': 'Midwest Waste', 'website': 'www.midwestwaste.net', 'headquarters': '716 Skyline Dr, Marion, Illinois, 62959, United States', 'SIC Code': '49,495', 'NAICS Code': '56,562', 'revenue': '<$5M', 'Number of Employees': '<25', 'LinkedIn url': '!not-found'}
site-not-indexed

{'company_name_zoominfo': '!not-found', 'website': '!not-found', 'headquarters': '!not-found', 'SIC Code': '!not-found', 'NAICS Code': '!not-found', 'revenue': '!not-found', 'Number of Employees': '!not-found', 'LinkedIn url': '!not-found'}
{'company_name_zoominfo': 'NotAvailable', 'website': 'NotAvailable', 'headquarters': 'NotAvailable', 'SIC Code': 'NotAvailable', 'NAICS Code': 'NotAvailable', 'revenue': 'NotAvailable', 'Number of Employees': 'NotAvailable', 'LinkedIn url': 'NotAvailable'}
{'company_name_zoominfo': 'McNeely & Lincoln Associates', 'website': 'www.mnlinc.com', 'headquarters': '37741 Pembroke Ave, Livonia, Michigan, 48152, United States', 'SIC Code': '87,871', 'NAICS Code': '54,541', 'revenue': '<$5M', 'Number of Employees': '<25', 'LinkedIn url': '!not-found'}
{'company_name_zoominfo': 'Mody Pumps', 'website': 'www.modypump.com', 'headquarters': '2166 Zeus Ct, Bakersfield, California, 93308, United States', 'SIC Code': '35,356', 'NAICS Code': '33,333', 'revenue': '$5M', 'Number of Employees': '25', 'LinkedIn url': 'http://www.linkedin.com/company/mody-pumps-europe-'}
{'company_name_zoominfo': 'Momentum Recycling', 'website': 'www.momentumrecycling.com', 'headquarters': '11331 Dillon Rd, Broomfield, Colorado, 80020, United States', 'SIC Code': '49,495', 'NAICS Code': '56,562', 'revenue': '$5.7M', 'Number of Employees': '<25', 'LinkedIn url': 'http://www.linkedin.com/company/momentum-recycling'}
{'company_name_zoominfo': 'Mayoor Patel DDS', 'website': 'www.mpateldds.com', 'headquarters': '200 Ashford Ctr N Ste 195, Atlanta, Georgia, 30338, United States', 'SIC Code': '80,802', 'NAICS Code': '62,621', 'revenue': '<$5M', 'Number of Employees': '<25', 'LinkedIn url': '!not-found'}
{'company_name_zoominfo': 'OC Clean A Can', 'website': 'www.occleanacan.com', 'headquarters': '5000 Birch St Ste 3000, Newport Beach, California, 92660, United State...', 'SIC Code': '76,769', 'NAICS Code': '56,561', 'revenue': '$5.1M', 'Number of Employees': '<25', 'LinkedIn url': '!not-found'}
{'company_name_zoominfo': 'MSA Business Technology', 'website': 'www.msadigital.com', 'headquarters': '410 Spring St, Chattanooga, Tennessee, 37405, United States', 'SIC Code': '50,504', 'NAICS Code': '42,423', 'revenue': '$39.4M', 'Number of Employees': '62', 'LinkedIn url': 'http://www.linkedin.com/company/msa_2'}
{'company_name_zoominfo': 'MSW Recycler', 'website': 'www.mswrecycler.com', 'headquarters': '345 Highway 9 South Ste 388, Manalapan, New Jersey, 07726, United Stat...', 'SIC Code': '28,281', 'NAICS Code': '32,325', 'revenue': '<$5M', 'Number of Employees': '<25', 'LinkedIn url': '!not-found'}
{'company_name_zoominfo': 'Derby City Environmental', 'website': 'www.grasslandsh2o.com', 'headquarters': '3356 Kramer Ln, Louisville, Kentucky, 40216, United States', 'SIC Code': '49,495', 'NAICS Code': '22,221', 'revenue': '<$5M', 'Number of Employees': '<25', 'LinkedIn url': 'http://www.linkedin.com/company/music-city-processing'}
{'company_name_zoominfo': 'Sharp Environmental', 'website': 'www.sharp-environmental.com', 'headquarters': '10543 100 St, Fort St. John, British Columbia, V0C 1A0, Canada', 'SIC Code': '89,899', 'NAICS Code': '54,541', 'revenue': '<$5M', 'Number of Employees': '<25', 'LinkedIn url': 'http://www.linkedin.com/company/muskeg-environmental-consulting-ltd-dba-sharp-environmental-2000-ltd-'}
{'company_name_zoominfo': 'MidWest Iron & Metal', 'website': 'www.mwmetals.com', 'headquarters': '461 Homestead Ave, Dayton, Ohio, 45417, United States', 'SIC Code': '50,509', 'NAICS Code': '42,423', 'revenue': '<$5M', 'Number of Employees': '<25', 'LinkedIn url': 'http://www.linkedin.com/company/midwest-iron-and-metal'}
{'company_name_zoominfo': 'MWS', 'website': 'www.mws.ltd.uk', 'headquarters': 'Meer End Interchange Business Est Unit 6, Birstall Wanlip Ward, Englan...', 'SIC Code': '73,737', 'NAICS Code': '51,518', 'revenue': '$5.9M', 'Number of Employees': '<25', 'LinkedIn url': 'http://www.linkedin.com/company/mws-ltd'}
{'company_name_zoominfo': 'Caravan Facilities Management', 'website': 'www.caravanfm.com', 'headquarters': '1400 Weiss St, Saginaw, Michigan, 48602, United States', 'SIC Code': '73,734', 'NAICS Code': '56,561', 'revenue': '$390.6M', 'Number of Employees': '2,251', 'LinkedIn url': 'http://www.linkedin.com/company/caravan-facilities-management-llc'}
{'company_name_zoominfo': 'Budget Dumpster', 'website': 'www.budgetdumpster.com', 'headquarters': '830 Canterbury Rd, Westlake, Ohio, 44145, United States', 'SIC Code': '73,735', 'NAICS Code': '56,562', 'revenue': '$68.3M', 'Number of Employees': '160', 'LinkedIn url': 'http://www.linkedin.com/company/2552139'}
{'company_name_zoominfo': 'NotAvailable', 'website': 'NotAvailable', 'headquarters': 'NotAvailable', 'SIC Code': 'NotAvailable', 'NAICS Code': 'NotAvailable', 'revenue': 'NotAvailable', 'Number of Employees': 'NotAvailable', 'LinkedIn url': 'NotAvailable'}
{'company_name_zoominfo': 'Bob Drayton', 'website': 'www.mrbobs.com', 'headquarters': '2293 N Firelane Rd, Vincentown, New Jersey, 08088, United States', 'SIC Code': '73,735', 'NAICS Code': '56,562', 'revenue': '$9.4M', 'Number of Employees': '38', 'LinkedIn url': 'http://www.linkedin.com/company/bob-drayton-inc'}
{'company_name_zoominfo': 'Industrial Ecosystems', 'website': 'www.industrialecosystems.com', 'headquarters': '49 Road 3150, Aztec, New Mexico, 87410, United States', 'SIC Code': '42,421', 'NAICS Code': '56,562', 'revenue': '$5.9M', 'Number of Employees': '<25', 'LinkedIn url': 'http://www.linkedin.com/company/industrial-ecosystems'}
{'company_name_zoominfo': 'Central Ohio Oil', 'website': 'www.centralohiooil.com', 'headquarters': '809 Marion Rd, Columbus, Ohio, 43207, United States', 'SIC Code': '42,421', 'NAICS Code': '56,562', 'revenue': '<$5M', 'Number of Employees': '<25', 'LinkedIn url': 'http://www.linkedin.com/company/central-ohio-oil-inc'}
renewing ip
429
2a0b:f4c1:2::244
renewing ip
429
2620:18c:0:192::146
renewing ip
429
2a0f:df00:0:255::206
{'company_name_zoominfo': 'Goldie Associates', 'website': 'www.goldieassociates.com', 'headquarters': '210 W North 2nd St, Seneca, South Carolina, 29678, United States', 'SIC Code': '87,871', 'NAICS Code': '54,541', 'revenue': '$6.7M', 'Number of Employees': '<25', 'LinkedIn url': 'http://www.linkedin.com/company/goldie-&-associates'}
{'company_name_zoominfo': 'HM Environmental Services', 'website': 'www.hmenvironmental.com', 'headquarters': '42826 Walnut St, Clinton Township, Michigan, 48036, United States', 'SIC Code': '42,421', 'NAICS Code': '56,562', 'revenue': '$7.9M', 'Number of Employees': '25', 'LinkedIn url': 'http://www.linkedin.com/company/804576'}
{'company_name_zoominfo': 'Grove Scientific & Engineering', 'website': 'www.grovescientific.com', 'headquarters': '6140 Edgewater Dr Ste F, Orlando, Florida, 32810, United States', 'SIC Code': '89,899', 'NAICS Code': '54,541', 'revenue': '$18M', 'Number of Employees': '80', 'LinkedIn url': 'http://www.linkedin.com/company/grovescientific&engineering'}
{'company_name_zoominfo': 'Hanna Paper Recycling', 'website': 'www.hannapaper.com', 'headquarters': '718 N Colony Rd Ste 2, Wallingford, Connecticut, 06492, United States', 'SIC Code': '50,509', 'NAICS Code': '42,423', 'revenue': '$8.8M', 'Number of Employees': '32', 'LinkedIn url': '!not-found'}
{'company_name_zoominfo': '!not-found', 'website': 'Olympic Valley Public Service District', 'headquarters': '!not-found', 'SIC Code': '!not-found', 'NAICS Code': '!not-found', 'revenue': '!not-found', 'Number of Employees': '!not-found', 'LinkedIn url': '!not-found'}
{'company_name_zoominfo': 'Payne Companies', 'website': 'www.payneco.net', 'headquarters': '135 Mayfair Rd, Hattiesburg, Mississippi, 39402, United States', 'SIC Code': '65,651', 'NAICS Code': '53,531', 'revenue': '$5.1M', 'Number of Employees': '<25', 'LinkedIn url': '!not-found'}
{'company_name_zoominfo': 'Reterro', 'website': 'www.reterro.com', 'headquarters': '7901 Stoneridge Dr 320, Pleasanton, California, 94588, United States', 'SIC Code': '49,495', 'NAICS Code': '56,562', 'revenue': '$9.3M', 'Number of Employees': '28', 'LinkedIn url': 'http://www.linkedin.com/company/reterro-inc-'}
{'company_name_zoominfo': 'Construction Waste', 'website': 'www.callcw.com', 'headquarters': '2105 Enterprise Park Pl, Indianapolis, Indiana, 46218, United States', 'SIC Code': '49,495', 'NAICS Code': '56,562', 'revenue': '$7.6M', 'Number of Employees': '<25', 'LinkedIn url': '!not-found'}
{'company_name_zoominfo': 'GemChem', 'website': 'www.gemchemsolutions.com', 'headquarters': '53 N Cedar St, Lititz, Pennsylvania, 17543, United States', 'SIC Code': '42,421', 'NAICS Code': '56,562', 'revenue': '<$5M', 'Number of Employees': '<25', 'LinkedIn url': 'http://www.linkedin.com/company/gemchem-inc-'}
{'company_name_zoominfo': 'Walters Recycling & Refuse', 'website': 'www.waltersrecycling.com', 'headquarters': '2830 101st Ave NE, Blaine, Minnesota, 55449, United States', 'SIC Code': '49,495', 'NAICS Code': '56,562', 'revenue': '$25.5M', 'Number of Employees': '101', 'LinkedIn url': 'http://www.linkedin.com/company/walters-recycling-and-refuse'}
{'company_name_zoominfo': 'Terra Residential Services', 'website': 'www.terraresidential.com', 'headquarters': '9977 W Sam Houston Pkwy N Ste 160, Houston, Texas, 77064, United State...', 'SIC Code': '87,874', 'NAICS Code': '56,561', 'revenue': '$5.3M', 'Number of Employees': '<25', 'LinkedIn url': 'http://www.linkedin.com/company/terra-residential-services-inc'}
{'company_name_zoominfo': 'Specialty Processing', 'website': 'www.specialtyprocessing.com', 'headquarters': '9948 Rittman Rd, Wadsworth, Ohio, 44281, United States', 'SIC Code': '49,495', 'NAICS Code': '56,562', 'revenue': '<$5M', 'Number of Employees': '<25', 'LinkedIn url': 'http://www.linkedin.com/company/specialty-processing-llc'}
{'company_name_zoominfo': 'Lamp Recyclers', 'website': 'www.recyclewithlri.com', 'headquarters': '3055 Holmgren Way, Green Bay, Wisconsin, 54304, United States', 'SIC Code': '49,495', 'NAICS Code': '56,562', 'revenue': '<$5M', 'Number of Employees': '<25', 'LinkedIn url': 'http://www.linkedin.com/company/lamp-recyclers-inc-'}
{'company_name_zoominfo': 'Waste Industries', 'website': 'www.waste-industries.com', 'headquarters': '800 E Grand St, Elizabeth, New Jersey, 07201, United States', 'SIC Code': '49,495', 'NAICS Code': '56,562', 'revenue': '<$5M', 'Number of Employees': '<25', 'LinkedIn url': '!not-found'}
{'company_name_zoominfo': 'ICE Services', 'website': 'www.iceservices.net', 'headquarters': '2606 C St Ste 6A, Anchorage, Alaska, 99503, United States', 'SIC Code': '87,874', 'NAICS Code': '72,722', 'revenue': '$79.1M', 'Number of Employees': '377', 'LinkedIn url': 'http://www.linkedin.com/company/ice-services-inc.'}
{'company_name_zoominfo': 'Hill Services', 'website': 'www.hillishere.com', 'headquarters': '4940 Covington Way, Memphis, Tennessee, 38128, United States', 'SIC Code': '49,495', 'NAICS Code': '56,562', 'revenue': '$95.5M', 'Number of Employees': '92', 'LinkedIn url': 'http://www.linkedin.com/company/4684369'}
renewing ip
429
2001:67c:6ec:203:192:42:116:179
renewing ip
429
2001:67c:6ec:203:192:42:116:179
renewing ip
429
2620:7:6001::122
renewing ip
429
2620:7:6001::122
renewing ip
429
2a01:6340:2:501::10
{'company_name_zoominfo': 'One Call Clean Out', 'website': 'www.onecallcleanout.com', 'headquarters': '6979 Tuscany Dr, Macungie, Pennsylvania, 18062, United States', 'SIC Code': '49,495', 'NAICS Code': '56,562', 'revenue': '<$5M', 'Number of Employees': '<25', 'LinkedIn url': 'http://www.linkedin.com/company/5-county-clean-out'}
{'company_name_zoominfo': '!not-found', 'website': 'Valicor', 'headquarters': '!not-found', 'SIC Code': '!not-found', 'NAICS Code': '!not-found', 'revenue': '!not-found', 'Number of Employees': '!not-found', 'LinkedIn url': '!not-found'}
{'company_name_zoominfo': 'Environmental Services of North America', 'website': 'www.esnainc.com', 'headquarters': '10455 Ford Rd, Dearborn, Michigan, 48126, United States', 'SIC Code': '89,899', 'NAICS Code': '54,541', 'revenue': '<$5M', 'Number of Employees': '<25', 'LinkedIn url': '!not-found'}
{'company_name_zoominfo': 'The Scoop Pet Waste Management', 'website': 'www.thescooppwm.com', 'headquarters': '5308 Sandstone St Ste 6-201, Carmichael, California, 95608, United Sta...', 'SIC Code': '49,495', 'NAICS Code': '56,562', 'revenue': '<$5M', 'Number of Employees': '<25', 'LinkedIn url': '!not-found'}
{'company_name_zoominfo': 'Nssi/recovery Services', 'website': 'www.nssihouston.com', 'headquarters': '5711 Etheridge St, Houston, Texas, 77087, United States', 'SIC Code': '42,421', 'NAICS Code': '56,562', 'revenue': '$11.5M', 'Number of Employees': '40', 'LinkedIn url': 'http://www.linkedin.com/company/nssi'}
{'company_name_zoominfo': 'Veteran Waste Solutions', 'website': 'www.vetwasteok.com', 'headquarters': '2424 E Hwy 66, El Reno, Oklahoma, 73036, United States', 'SIC Code': '49,495', 'NAICS Code': '56,562', 'revenue': '<$5M', 'Number of Employees': '<25', 'LinkedIn url': 'http://www.linkedin.com/company/veteran-waste-solutions-inc'}
{'company_name_zoominfo': 'Rhino Removal', 'website': 'www.rhinoremoval.com', 'headquarters': '3575 Lone Star Cir Ste 303, Fort Worth, Texas, 76177, United States', 'SIC Code': '49,495', 'NAICS Code': '56,562', 'revenue': '<$5M', 'Number of Employees': '<25', 'LinkedIn url': '!not-found'}
{'company_name_zoominfo': 'Resource Management', 'website': 'www.rmirecycles.com', 'headquarters': '1171 Nh Rte 175, Holderness, New Hampshire, 03245, United States', 'SIC Code': '28,287', 'NAICS Code': '32,325', 'revenue': '$6.1M', 'Number of Employees': '<25', 'LinkedIn url': 'http://www.linkedin.com/company/1764386'}
{'company_name_zoominfo': 'Emispec', 'website': 'www.emispec.ca', 'headquarters': '2750 Rue Einstein Bureau 314, Quebec, Quebec, G1P 4R1, Canada', 'SIC Code': '89,899', 'NAICS Code': '54,541', 'revenue': '<$5M', 'Number of Employees': '<25', 'LinkedIn url': 'http://www.linkedin.com/company/emispec-1994-inc-'}
{'company_name_zoominfo': 'Inter-Rail Systems', 'website': 'www.yelp.com/biz/inter-rail-systems-cape-girardeau', 'headquarters': 'Cape Girardeau, Missouri, 63702, United States', 'SIC Code': '42,421', 'NAICS Code': '56,562', 'revenue': '$8M', 'Number of Employees': '40', 'LinkedIn url': 'http://www.linkedin.com/company/3219648'}
{'company_name_zoominfo': 'Dumpsters R Us', 'website': 'www.dumpstersrusinc.com', 'headquarters': '58 Lowell Junction Rd, Andover, Massachusetts, 01810, United States', 'SIC Code': '48,49', 'NAICS Code': '56,562', 'revenue': '<$5M', 'Number of Employees': '<25', 'LinkedIn url': 'http://www.linkedin.com/company/dumpsters-r-us-inc'}
{'company_name_zoominfo': 'Siemens Water Technologies', 'website': 'www.yelp.com/biz/siemens-water-technologies-conroe', 'headquarters': '131 Deerfield Meadow Dr, Conroe, Texas, 77384, United States', 'SIC Code': '49,494', 'NAICS Code': '22,221', 'revenue': '$167.7M', 'Number of Employees': '356', 'LinkedIn url': '!not-found'}
{'company_name_zoominfo': '!not-found', 'website': 'Rumpke', 'headquarters': '!not-found', 'SIC Code': '!not-found', 'NAICS Code': '!not-found', 'revenue': '!not-found', 'Number of Employees': '!not-found', 'LinkedIn url': '!not-found'}
{'company_name_zoominfo': 'NotAvailable', 'website': 'NotAvailable', 'headquarters': 'NotAvailable', 'SIC Code': 'NotAvailable', 'NAICS Code': 'NotAvailable', 'revenue': 'NotAvailable', 'Number of Employees': 'NotAvailable', 'LinkedIn url': 'NotAvailable'}
{'company_name_zoominfo': 'PSC', 'website': 'www.proservicescorp.com', 'headquarters': '700 S Clinton Ave, Trenton, New Jersey, 08611, United States', 'SIC Code': '17,179', 'NAICS Code': '56,562', 'revenue': '$832M', 'Number of Employees': '4,310', 'LinkedIn url': 'http://www.linkedin.com/company/psc-proservices-corporation-'}
{'company_name_zoominfo': 'HERR', 'website': 'www.herrteam.com', 'headquarters': '303 S Maultsby St, Whiteville, North Carolina, 28472, United States', 'SIC Code': '42,421', 'NAICS Code': '56,562', 'revenue': '$11.9M', 'Number of Employees': '36', 'LinkedIn url': 'http://www.linkedin.com/company/herr-inc'}
{'company_name_zoominfo': 'Weavers Sanitation Service', 'website': 'www.weaverssanitation.com', 'headquarters': '349 E Graceville Rd, Breezewood, Pennsylvania, 15533, United States', 'SIC Code': '49,495', 'NAICS Code': '56,562', 'revenue': '$6.9M', 'Number of Employees': '<25', 'LinkedIn url': '!not-found'}
renewing ip
429
2a07:e03:2a::bcde
renewing ip
429
2a0b:f4c2:2::36
renewing ip
429
2a0b:f4c1:2::251
renewing ip
429
2a0b:f4c1:2::251
renewing ip
429
2620:7:6001::179
renewing ip
429
2620:7:6001::179
renewing ip
429
2001:67c:6ec:203:192:42:116:176
renewing ip
429
2001:67c:6ec:203:192:42:116:176
renewing ip
429
2620:7:6001::ffff:c759:e640
renewing ip
429
2a0b:f4c1:2::252
renewing ip
429
2a0b:f4c1:2::252
renewing ip
429
2620:7:6001::179
renewing ip
429
2620:7:6001::179
renewing ip
429
2a0b:f4c1:2::241
renewing ip
429
2a0f:df00:0:255::197
renewing ip
429
2a0f:df00:0:255::197
renewing ip
429
2a03:94e0:ffff:185:243:218:0:27
{'company_name_zoominfo': 'First Alliance Logistics Management', 'website': 'www.falm.com', 'headquarters': '207 Regency Executive Park Dr Ste 140, Charlotte, North Carolina, 2821...', 'SIC Code': '24,244', 'NAICS Code': '32,321', 'revenue': '$9M', 'Number of Employees': '<25', 'LinkedIn url': 'http://www.linkedin.com/company/first-alliance-logisitics-management'}
{'company_name_zoominfo': 'Greenfield Environmental Trust Group', 'website': 'www.greenfieldenvironmental.com', 'headquarters': '44 Shattuck Rd, Watertown, Massachusetts, 02472, United States', 'SIC Code': '65,653', 'NAICS Code': '53,531', 'revenue': '<$5M', 'Number of Employees': '<25', 'LinkedIn url': 'http://www.linkedin.com/company/1047405'}
{'company_name_zoominfo': 'Resourceful Environmental Services', 'website': 'www.resdisposal.com', 'headquarters': '1041 County Road 549, Ripley, Mississippi, 38663, United States', 'SIC Code': '89,899', 'NAICS Code': '54,541', 'revenue': '$9.1M', 'Number of Employees': '29', 'LinkedIn url': '!not-found'}
{'company_name_zoominfo': 'CWD', 'website': 'www.cwdltd.co.uk', 'headquarters': 'unit 1 Showell Rd, Wolverhampton, West Midlands, WV10 9LN, United King...', 'SIC Code': '34,344', 'NAICS Code': '33,332', 'revenue': '$16.3M', 'Number of Employees': '65', 'LinkedIn url': '!not-found'}
{'company_name_zoominfo': 'Greenline Environmental Solutions', 'website': 'www.greenlinees.com', 'headquarters': '1122 E 10th Pl, Gary, Indiana, 46402, United States', 'SIC Code': '42,421', 'NAICS Code': '56,562', 'revenue': '<$5M', 'Number of Employees': '<25', 'LinkedIn url': 'http://www.linkedin.com/company/greenline-environmental-solutions'}
{'company_name_zoominfo': 'NotAvailable', 'website': 'NotAvailable', 'headquarters': 'NotAvailable', 'SIC Code': 'NotAvailable', 'NAICS Code': 'NotAvailable', 'revenue': 'NotAvailable', 'Number of Employees': 'NotAvailable', 'LinkedIn url': 'NotAvailable'}
{'company_name_zoominfo': 'Collective Resource', 'website': 'www.collectiveresource.us', 'headquarters': '838 Brown Ave, Evanston, Illinois, 60202, United States', 'SIC Code': '28,287', 'NAICS Code': '32,325', 'revenue': '$14.2M', 'Number of Employees': '49', 'LinkedIn url': '!not-found'}
{'company_name_zoominfo': 'Norcal Waste Systems Hay Road Landfill', 'website': 'www.norcalwastesystemshayroadlandfill.com', 'headquarters': '6426 Hay Rd, Vacaville, California, 95687, United States', 'SIC Code': '49,495', 'NAICS Code': '22,221', 'revenue': '<$5M', 'Number of Employees': '<25', 'LinkedIn url': '!not-found'}
{'company_name_zoominfo': '!not-found', 'website': 'Environmental Protection Services', 'headquarters': '!not-found', 'SIC Code': '!not-found', 'NAICS Code': '!not-found', 'revenue': '!not-found', 'Number of Employees': '!not-found', 'LinkedIn url': '!not-found'}
