{'company_name_zoominfo': 'Summit Transport & Environmental', 'website': 'www.ste-wv.com', 'headquarters': '15 Garton Plz, Weston, West Virginia, 26452, United States', 'SIC Code': '42,421', 'NAICS Code': '56,562', 'revenue': '$19.3M', 'Number of Employees': '68', 'LinkedIn url': 'http://www.linkedin.com/company/summit-transport-&-environmental-st&e-'}
{'company_name_zoominfo': 'Westbank Sanitation', 'website': 'www.westbanksanitation.com', 'headquarters': '1600 Berger Ln, Jackson, Wyoming, 83002, United States', 'SIC Code': '49,495', 'NAICS Code': '56,562', 'revenue': '<$5M', 'Number of Employees': '<25', 'LinkedIn url': '!not-found'}
{'company_name_zoominfo': 'Giddings Hawkins Maintenance Service', 'website': 'www.giddingshawkins.com', 'headquarters': '2112 S 56th St, Milwaukee, Wisconsin, 53219, United States', 'SIC Code': '73,734', 'NAICS Code': '56,561', 'revenue': '<$5M', 'Number of Employees': '<25', 'LinkedIn url': 'http://www.linkedin.com/company/hawkins-maintenance'}
{'company_name_zoominfo': 'H2O Environmental', 'website': 'www.envcleanup.com', 'headquarters': '6679 Supply Way, Boise, Idaho, 83716, United States', 'SIC Code': '42,421', 'NAICS Code': '56,562', 'revenue': '$24.3M', 'Number of Employees': '84', 'LinkedIn url': 'http://www.linkedin.com/company/h2o-environmental-inc'}
{'company_name_zoominfo': 'Sorbilite', 'website': 'www.sorbilite.com', 'headquarters': '812 c Plum Ave, Hampton, Virginia, 23661, United States', 'SIC Code': '89,899', 'NAICS Code': '54,541', 'revenue': '<$5M', 'Number of Employees': '<25', 'LinkedIn url': 'http://www.linkedin.com/company/sorbilite-inc-'}
{'company_name_zoominfo': 'American Disposal Systems', 'website': 'www.americandisposalsystems.com', 'headquarters': '4575 Torresdale Ave Ste 1A, Philadelphia, Pennsylvania, 19124, United ...', 'SIC Code': '49,495', 'NAICS Code': '56,562', 'revenue': '<$5M', 'Number of Employees': '<25', 'LinkedIn url': 'http://www.linkedin.com/company/american-disposal-systems-inc'}
{'company_name_zoominfo': 'NotAvailable', 'website': 'NotAvailable', 'headquarters': 'NotAvailable', 'SIC Code': 'NotAvailable', 'NAICS Code': 'NotAvailable', 'revenue': 'NotAvailable', 'Number of Employees': 'NotAvailable', 'LinkedIn url': 'NotAvailable'}
{'company_name_zoominfo': 'Clayton Environmental', 'website': 'www.clayton-env.com', 'headquarters': '3004 Jackson St Ste F, Alexandria, Louisiana, 71301, United States', 'SIC Code': '89,899', 'NAICS Code': '54,541', 'revenue': '<$5M', 'Number of Employees': '<25', 'LinkedIn url': '!not-found'}
{'company_name_zoominfo': '!not-found', 'website': '!not-found', 'headquarters': '!not-found', 'SIC Code': '!not-found', 'NAICS Code': '!not-found', 'revenue': '!not-found', 'Number of Employees': '!not-found', 'LinkedIn url': '!not-found'}
{'company_name_zoominfo': 'KP Ventures', 'website': 'www.kpventures.com', 'headquarters': '5 Pine Street Ext Unit 2B, Nashua, New Hampshire, 03060, United States', 'SIC Code': '67,679', 'NAICS Code': '52,523', 'revenue': '<$5M', 'Number of Employees': '<25', 'LinkedIn url': 'http://www.linkedin.com/company/4363848'}
{'company_name_zoominfo': 'Compactor Management', 'website': 'www.compactormc.com', 'headquarters': '2150 Prune Ave, Fremont, California, 94539, United States', 'SIC Code': '34,344', 'NAICS Code': '33,332', 'revenue': '<$5M', 'Number of Employees': '<25', 'LinkedIn url': 'http://www.linkedin.com/company/lucio-family-enterprises-inc-'}
{'company_name_zoominfo': 'Lakeshore Recycling & Disposal', 'website': 'www.lakeshorerecycle.com', 'headquarters': '139 N Whittaker St, New Buffalo, Michigan, 49117, United States', 'SIC Code': '49,495', 'NAICS Code': '56,562', 'revenue': '<$5M', 'Number of Employees': '<25', 'LinkedIn url': 'http://www.linkedin.com/company/lakeshore-rolloff-and-demolition-inc'}
{'company_name_zoominfo': 'William-Thomas Group', 'website': 'www.william-thomasgroup.com', 'headquarters': '3700 Struble Rd, Cincinnati, Ohio, 45251, United States', 'SIC Code': '49,495', 'NAICS Code': '56,562', 'revenue': '$7.2M', 'Number of Employees': '<25', 'LinkedIn url': 'http://www.linkedin.com/company/william-thomas-group-inc-'}
{'company_name_zoominfo': 'A & J Environmental Pallets', 'website': 'www.aandjpallets.com', 'headquarters': '1210 Rawson Ave, South Milwaukee, Wisconsin, 53172, United States', 'SIC Code': '24,244', 'NAICS Code': '32,321', 'revenue': '<$5M', 'Number of Employees': '<25', 'LinkedIn url': '!not-found'}
{'company_name_zoominfo': 'A & A Sanitation and Self Storage', 'website': 'www.aasanitationandselfstorage.com', 'headquarters': '2115 Catalpa Loop Rd, Richmond, Kentucky, 40475, United States', 'SIC Code': '76,769', 'NAICS Code': '56,562', 'revenue': '<$5M', 'Number of Employees': '<25', 'LinkedIn url': '!not-found'}
{'company_name_zoominfo': 'Alternative Waste', 'website': 'www.alternativewastellc.com', 'headquarters': '10700 Wakeman Ct, Manassas, Virginia, 20110, United States', 'SIC Code': '49,495', 'NAICS Code': '56,562', 'revenue': '<$5M', 'Number of Employees': '<25', 'LinkedIn url': '!not-found'}
renewing ip
429
192.42.116.200
renewing ip
429
23.154.177.22
renewing ip
429
185.220.101.33
renewing ip
429
185.220.101.33
renewing ip
429
95.214.52.208
('Connection aborted.', RemoteDisconnected('Remote end closed connection without response'))
local variable 'page' referenced before assignment
{'company_name_zoominfo': '!not-found', 'website': '!not-found', 'headquarters': '!not-found', 'SIC Code': '!not-found', 'NAICS Code': '!not-found', 'revenue': '!not-found', 'Number of Employees': '!not-found', 'LinkedIn url': '!not-found'}
{'company_name_zoominfo': "Angelone's Disposal & Recycling", 'website': 'www.angelonesdisposal.com', 'headquarters': 'PO Box 5782, Hillsborough, New Jersey, 08844, United States', 'SIC Code': '49,495', 'NAICS Code': '56,562', 'revenue': '<$5M', 'Number of Employees': '<25', 'LinkedIn url': '!not-found'}
{'company_name_zoominfo': 'Arizona Waste Recovery', 'website': 'www.azwasterecovery.com', 'headquarters': '5323 W Campo Bello Dr, Glendale, Arizona, 85308, United States', 'SIC Code': '42,421', 'NAICS Code': '56,562', 'revenue': '<$5M', 'Number of Employees': '<25', 'LinkedIn url': '!not-found'}
{'company_name_zoominfo': 'Arrow Electronics', 'website': 'www.arrow.com', 'headquarters': '9201 E Dry Creek Rd, Centennial, Colorado, 80112, United States', 'SIC Code': '50,509', 'NAICS Code': '44,443', 'revenue': '$5.9B', 'Number of Employees': '20,700', 'LinkedIn url': 'http://www.linkedin.com/company/arrow-ecs-na'}
{'company_name_zoominfo': 'ATG USA', 'website': 'www.atgusa.com', 'headquarters': '3201 Hwy 161, North Little Rock, Arkansas, 72117, United States', 'SIC Code': '73,738', 'NAICS Code': '51,518', 'revenue': '$31.5M', 'Number of Employees': '150', 'LinkedIn url': 'http://www.linkedin.com/company/atg-usa'}
{'company_name_zoominfo': 'Environmental Partners Group', 'website': 'www.envpartners.com', 'headquarters': '1900 Crown Colony Dr Ste 402, Quincy, Massachusetts, 02169, United Sta...', 'SIC Code': '87,871', 'NAICS Code': '54,541', 'revenue': '$16.6M', 'Number of Employees': '35', 'LinkedIn url': 'http://www.linkedin.com/company/environmental-partners-group-inc'}
{'company_name_zoominfo': 'City Greens', 'website': 'www.citygreens.in', 'headquarters': 'Bangalore, Karnataka, India', 'SIC Code': '01,018', 'NAICS Code': '11,111', 'revenue': '<$5M', 'Number of Employees': '<25', 'LinkedIn url': 'http://www.linkedin.com/company/citygreens'}
{'company_name_zoominfo': 'City of Clearwater, FL', 'website': 'www.myclearwater.com', 'headquarters': '600 Cleveland St, Clearwater, Florida, 33756, United States', 'SIC Code': '91,911', 'NAICS Code': '92,921', 'revenue': '$375.7M', 'Number of Employees': '1,280', 'LinkedIn url': 'http://www.linkedin.com/company/city-of-clearwater'}
{'company_name_zoominfo': 'Coastal Recycling Services', 'website': 'www.coastalrecyclingservices.com', 'headquarters': '11011 Blasius Rd, Jacksonville, Florida, 32226, United States', 'SIC Code': '49,495', 'NAICS Code': '56,562', 'revenue': '$5.1M', 'Number of Employees': '<25', 'LinkedIn url': '!not-found'}
{'company_name_zoominfo': 'Cox Disposal', 'website': 'www.coxdisposal.com', 'headquarters': '2699 Hickory Tree Rd, Bluff City, Tennessee, 37618, United States', 'SIC Code': '49,495', 'NAICS Code': '56,562', 'revenue': '<$5M', 'Number of Employees': '<25', 'LinkedIn url': '!not-found'}
{'company_name_zoominfo': 'Eastern Waste Systems', 'website': 'www.easternwaste.com', 'headquarters': '1660 NW 19th Ave, Pompano Beach, Florida, 33069, United States', 'SIC Code': '42,421', 'NAICS Code': '56,562', 'revenue': '$24.6M', 'Number of Employees': '112', 'LinkedIn url': '!not-found'}
{'company_name_zoominfo': 'E2s', 'website': 'www.e2s.com', 'headquarters': '4702 N Sam Houston Pkwy W Ste 300 B, Houston, Texas, 77086, United Sta...', 'SIC Code': '36,366', 'NAICS Code': '33,334', 'revenue': '$18.4M', 'Number of Employees': '51', 'LinkedIn url': 'http://www.linkedin.com/company/e2s-consultancy'}
{'company_name_zoominfo': 'Envirosafe', 'website': 'www.envirosafeipm.com', 'headquarters': '1704 Porter St SW, Wyoming, Michigan, 49519, United States', 'SIC Code': '73,734', 'NAICS Code': '56,561', 'revenue': '<$5M', 'Number of Employees': '<25', 'LinkedIn url': '!not-found'}
{'company_name_zoominfo': 'NotAvailable', 'website': 'NotAvailable', 'headquarters': 'NotAvailable', 'SIC Code': 'NotAvailable', 'NAICS Code': 'NotAvailable', 'revenue': 'NotAvailable', 'Number of Employees': 'NotAvailable', 'LinkedIn url': 'NotAvailable'}
{'company_name_zoominfo': 'EnviroGroup', 'website': 'www.envirogroup.com.au', 'headquarters': '4 Dairy Dr, Coburg North, Victoria, 3058, Australia', 'SIC Code': '49,76', 'NAICS Code': '22,221', 'revenue': '$5.3M', 'Number of Employees': '<25', 'LinkedIn url': 'http://www.linkedin.com/company/envirogroup'}
{'company_name_zoominfo': 'Landscape Pros', 'website': 'www.landscapepros.org', 'headquarters': '11711 Knights Griffin Rd, Thonotosassa, Florida, 33592, United States', 'SIC Code': '78,781', 'NAICS Code': '54,541', 'revenue': '<$5M', 'Number of Employees': '<25', 'LinkedIn url': '!not-found'}
{'company_name_zoominfo': 'EnviroSolutions', 'website': 'www.envirosolutionsinc.net', 'headquarters': '38115 Abruzzi Dr, Westland, Michigan, 48185, United States', 'SIC Code': '89,899', 'NAICS Code': '54,541', 'revenue': '$15.7M', 'Number of Employees': '33', 'LinkedIn url': 'http://www.linkedin.com/company/envirosolutions-inc'}
{'company_name_zoominfo': 'Five Star Waste & Recycling', 'website': 'www.fivestarwasteandrecycling.com', 'headquarters': '6061 Van Hise Dr, Dallas, Texas, 75212, United States', 'SIC Code': '49,495', 'NAICS Code': '56,562', 'revenue': '<$5M', 'Number of Employees': '<25', 'LinkedIn url': '!not-found'}
{'company_name_zoominfo': 'Nviro', 'website': 'www.nviro.co.uk', 'headquarters': '9 Acorn Business Park Northarbour Rd, Portsmouth, Portsmouth, PO6 3TH,...', 'SIC Code': '73,734', 'NAICS Code': '56,561', 'revenue': '$101.2M', 'Number of Employees': '425', 'LinkedIn url': 'http://www.linkedin.com/company/2572854'}
renewing ip
429
2a03:94e0:243a:dead::1
{'company_name_zoominfo': 'Fred Weber', 'website': 'www.fredweberinc.com', 'headquarters': '2320 Creve Coeur Mill Rd, Maryland Heights, Missouri, 63043, United St...', 'SIC Code': '16,161', 'NAICS Code': '23,237', 'revenue': '$300M', 'Number of Employees': '175', 'LinkedIn url': 'http://www.linkedin.com/company/fred-weber-inc-'}
{'company_name_zoominfo': 'Friedman Recycling', 'website': 'www.yelp.com/biz/friedman-recycling-company-of-el-paso-el-paso', 'headquarters': '3640 W Lincoln St, Phoenix, Arizona, 85009, United States', 'SIC Code': '49,495', 'NAICS Code': '56,562', 'revenue': '$26.6M', 'Number of Employees': '64', 'LinkedIn url': 'http://www.linkedin.com/company/friedman-recycling-company'}
{'company_name_zoominfo': 'GenTech', 'website': 'www.gentechsolution.com', 'headquarters': '41 Box St Ste 305, Brooklyn, New York, 11222, United States', 'SIC Code': '73,737', 'NAICS Code': '54,541', 'revenue': '$5.8M', 'Number of Employees': '<25', 'LinkedIn url': '!not-found'}
{'company_name_zoominfo': 'NotAvailable', 'website': 'NotAvailable', 'headquarters': 'NotAvailable', 'SIC Code': 'NotAvailable', 'NAICS Code': 'NotAvailable', 'revenue': 'NotAvailable', 'Number of Employees': 'NotAvailable', 'LinkedIn url': 'NotAvailable'}
{'company_name_zoominfo': 'NotAvailable', 'website': 'NotAvailable', 'headquarters': 'NotAvailable', 'SIC Code': 'NotAvailable', 'NAICS Code': 'NotAvailable', 'revenue': 'NotAvailable', 'Number of Employees': 'NotAvailable', 'LinkedIn url': 'NotAvailable'}
{'company_name_zoominfo': 'Global Water Resources', 'website': 'www.gwresources.com', 'headquarters': '21410 N 19th Ave Ste 220, Phoenix, Arizona, 85027, United States', 'SIC Code': '67,671', 'NAICS Code': '22,221', 'revenue': '$42.7M', 'Number of Employees': '86', 'LinkedIn url': 'http://www.linkedin.com/company/global-impetus'}
{'company_name_zoominfo': 'Cavitation Technologies', 'website': 'www.ctinanotech.com', 'headquarters': '10019 Canoga Ave, Chatsworth, California, 91311, United States', 'SIC Code': '35,358', 'NAICS Code': '33,332', 'revenue': '<$5M', 'Number of Employees': '<25', 'LinkedIn url': 'http://www.linkedin.com/company/cavitation-technologies-inc'}
{'company_name_zoominfo': 'University of Northern Iowa', 'website': 'www.uni.edu', 'headquarters': '1222 W 27th St, Cedar Falls, Iowa, 50614, United States', 'SIC Code': '82,822', 'NAICS Code': '61,611', 'revenue': '$190.3M', 'Number of Employees': '2,067', 'LinkedIn url': 'http://www.linkedin.com/company/university-of-northern-iowa'}
{'company_name_zoominfo': 'NotAvailable', 'website': 'NotAvailable', 'headquarters': 'NotAvailable', 'SIC Code': 'NotAvailable', 'NAICS Code': 'NotAvailable', 'revenue': 'NotAvailable', 'Number of Employees': 'NotAvailable', 'LinkedIn url': 'NotAvailable'}
{'company_name_zoominfo': 'Latham Home Sanitation', 'website': 'www.lathamhomesanitation.com', 'headquarters': '7756 Hampton Pl Ste B, Loganville, Georgia, 30052, United States', 'SIC Code': '49,495', 'NAICS Code': '56,562', 'revenue': '$8M', 'Number of Employees': '31', 'LinkedIn url': '!not-found'}
{'company_name_zoominfo': 'Love Pallet', 'website': 'www.lovepallet.com', 'headquarters': '460 Mundet Pl, Hillside, New Jersey, 07205, United States', 'SIC Code': '24,244', 'NAICS Code': '32,321', 'revenue': '<$5M', 'Number of Employees': '<25', 'LinkedIn url': 'http://www.linkedin.com/company/love-pallet'}
{'company_name_zoominfo': "Howard's Disposal", 'website': 'www.howardsdisposal.com', 'headquarters': '2822 N County Road 330e, Mattoon, Illinois, 61938, United States', 'SIC Code': '49,495', 'NAICS Code': '56,562', 'revenue': '<$5M', 'Number of Employees': '<25', 'LinkedIn url': '!not-found'}
{'company_name_zoominfo': 'Jenik Art', 'website': 'www.jenikart.com', 'headquarters': '!not-found', 'SIC Code': '59,599', 'NAICS Code': '45,453', 'revenue': '<$5M', 'Number of Employees': '<25', 'LinkedIn url': '!not-found'}
{'company_name_zoominfo': 'Micromed Group', 'website': 'www.micromedgroup.com', 'headquarters': '406 Travis Ln Ste 46, Waukesha, Wisconsin, 53189, United States', 'SIC Code': '38,384', 'NAICS Code': '33,334', 'revenue': '$13.8M', 'Number of Employees': '34', 'LinkedIn url': 'http://www.linkedin.com/company/33288228'}
{'company_name_zoominfo': 'Borough of Middletown', 'website': 'www.middletownborough.com', 'headquarters': '60 W Emaus St, Middletown, Pennsylvania, 17057, United States', 'SIC Code': '91,911', 'NAICS Code': '92,921', 'revenue': '<$5M', 'Number of Employees': '<25', 'LinkedIn url': 'http://www.linkedin.com/company/borough-of-middletown'}
{'company_name_zoominfo': 'NotAvailable', 'website': 'NotAvailable', 'headquarters': 'NotAvailable', 'SIC Code': 'NotAvailable', 'NAICS Code': 'NotAvailable', 'revenue': 'NotAvailable', 'Number of Employees': 'NotAvailable', 'LinkedIn url': 'NotAvailable'}
{'company_name_zoominfo': 'National Hospitality Services', 'website': 'www.nhshotels.com', 'headquarters': '1635 43rd St S Ste 305, Fargo, North Dakota, 58103, United States', 'SIC Code': '70,701', 'NAICS Code': '72,721', 'revenue': '$13M', 'Number of Employees': '38', 'LinkedIn url': 'http://www.linkedin.com/company/national-hospitality-services-llc'}
{'company_name_zoominfo': 'Nationwide Recovery Systems', 'website': 'www.nationwiderecoverysystems.com', 'headquarters': '501 Shelley Dr Ste 300, Tyler, Texas, 75701, United States', 'SIC Code': '73,732', 'NAICS Code': '56,561', 'revenue': '$17.5M', 'Number of Employees': '198', 'LinkedIn url': 'http://www.linkedin.com/company/nationwide-recovery-systems'}
{'company_name_zoominfo': 'Norris Environmental Solutions', 'website': 'www.norrisenvsol.com', 'headquarters': '778 23 Rd, Grand Junction, Colorado, 81505, United States', 'SIC Code': '89,899', 'NAICS Code': '54,541', 'revenue': '<$5M', 'Number of Employees': '<25', 'LinkedIn url': 'http://www.linkedin.com/company/norris-environmental'}
{'company_name_zoominfo': 'NotAvailable', 'website': 'NotAvailable', 'headquarters': 'NotAvailable', 'SIC Code': 'NotAvailable', 'NAICS Code': 'NotAvailable', 'revenue': 'NotAvailable', 'Number of Employees': 'NotAvailable', 'LinkedIn url': 'NotAvailable'}
{'company_name_zoominfo': 'Orwak AB', 'website': 'www.orwak.com', 'headquarters': '4 Svetsaregatan, Sävsjö, S-576 33, Sweden', 'SIC Code': '35,355', 'NAICS Code': '33,333', 'revenue': '<$5M', 'Number of Employees': '<25', 'LinkedIn url': 'http://www.linkedin.com/company/orwak-ab'}
{'company_name_zoominfo': 'Pallet Recycle', 'website': 'www.palletrecycle.net', 'headquarters': '2424 Lasso Ln, Lakeland, Florida, 33801, United States', 'SIC Code': '24,244', 'NAICS Code': '32,321', 'revenue': '$5.7M', 'Number of Employees': '<25', 'LinkedIn url': 'http://www.linkedin.com/company/pallet-recycle'}
{'company_name_zoominfo': 'Par 3 Landscaping & Irrigation', 'website': 'www.par3landscaping.com', 'headquarters': '9210 Cherokee St, Youngstown, Florida, 32466, United States', 'SIC Code': '78,781', 'NAICS Code': '54,541', 'revenue': '<$5M', 'Number of Employees': '<25', 'LinkedIn url': '!not-found'}
renewing ip
429
2a0b:f4c1:2::247
renewing ip
429
2001:67c:6ec:203:192:42:116:204
renewing ip
429
2a00:1b88:4::2
{'company_name_zoominfo': 'Park Terrace Companies', 'website': 'www.parkterracecompanies.com', 'headquarters': 'Numerous Locations, Valdosta, Georgia, 31602, United States', 'SIC Code': '70,703', 'NAICS Code': '72,721', 'revenue': '<$5M', 'Number of Employees': '<25', 'LinkedIn url': '!not-found'}
{'company_name_zoominfo': 'Prairie Disposal', 'website': 'www.prairiedisposal.com', 'headquarters': '65029 Hwy 43 43, Grande Prairie, Alberta, T8W 5E7, Canada', 'SIC Code': '49,495', 'NAICS Code': '56,562', 'revenue': '$6.9M', 'Number of Employees': '<25', 'LinkedIn url': '!not-found'}
{'company_name_zoominfo': 'Right Away Disposal', 'website': 'www.rightawaydisposal.com', 'headquarters': '3755 S Royal Palm Rd, Apache Junction, Arizona, 85119, United States', 'SIC Code': '49,495', 'NAICS Code': '56,562', 'revenue': '$20.9M', 'Number of Employees': '89', 'LinkedIn url': 'http://www.linkedin.com/company/right-away-disposal'}
{'company_name_zoominfo': 'Rocky Mtn Disposal', 'website': 'www.rockymtndisposal.com', 'headquarters': 'PO Box 1431, Colorado Springs, Colorado, 80901, United States', 'SIC Code': '49,495', 'NAICS Code': '56,562', 'revenue': '$5.3M', 'Number of Employees': '<25', 'LinkedIn url': 'http://www.linkedin.com/company/rocky-mtn-disposal'}
{'company_name_zoominfo': "Roy's Recycling Service", 'website': 'www.roysrecyclingservice.com', 'headquarters': '46 Morton St, Framingham, Massachusetts, 01702, United States', 'SIC Code': '49,495', 'NAICS Code': '56,562', 'revenue': '<$5M', 'Number of Employees': '<25', 'LinkedIn url': '!not-found'}
{'company_name_zoominfo': 'Sani-Tech West', 'website': 'www.sani-techwest.com', 'headquarters': '1020 Flynn Rd, Camarillo, California, 93012, United States', 'SIC Code': '50,507', 'NAICS Code': '42,423', 'revenue': '$18.5M', 'Number of Employees': '83', 'LinkedIn url': 'http://www.linkedin.com/company/sani-tech-west'}
{'company_name_zoominfo': 'Sovereign Wealth Fund Institute', 'website': 'www.swfinstitute.org', 'headquarters': '2300 W Sahara Ave Ste 800, Las Vegas, Nevada, 89102, United States', 'SIC Code': '67,672', 'NAICS Code': '52,525', 'revenue': '$5.8M', 'Number of Employees': '124', 'LinkedIn url': 'http://www.linkedin.com/company/sovereign-wealth-fund-institute-inc-'}
{'company_name_zoominfo': 'NotAvailable', 'website': 'NotAvailable', 'headquarters': 'NotAvailable', 'SIC Code': 'NotAvailable', 'NAICS Code': 'NotAvailable', 'revenue': 'NotAvailable', 'Number of Employees': 'NotAvailable', 'LinkedIn url': 'NotAvailable'}
{'company_name_zoominfo': 'DS Smith', 'website': 'www.dssmith.com', 'headquarters': "350 Euston Road Regent's Pl Fl 7, London, Greater London, NW1 3AX, Uni...", 'SIC Code': '26,265', 'NAICS Code': '42,423', 'revenue': '$7.9B', 'Number of Employees': '30,000', 'LinkedIn url': 'http://www.linkedin.com/company/ds-smith'}
{'company_name_zoominfo': 'Sturgeon Services International', 'website': 'www.sturgeonservices.com', 'headquarters': '3511 Gilmore Ave, Bakersfield, California, 93308, United States', 'SIC Code': '17,179', 'NAICS Code': '23,237', 'revenue': '$54.1M', 'Number of Employees': '71', 'LinkedIn url': 'http://www.linkedin.com/company/sturgeon-and-son'}
{'company_name_zoominfo': 'Superior Sanitation', 'website': 'www.superiorsanitationllc.com', 'headquarters': '212 E Madison Ave, Athens, Tennessee, 37303, United States', 'SIC Code': '49,495', 'NAICS Code': '56,562', 'revenue': '<$5M', 'Number of Employees': '<25', 'LinkedIn url': '!not-found'}
{'company_name_zoominfo': 'Superior Services', 'website': 'www.superiorservices.us', 'headquarters': 'PO Box 982, Hendersonville, North Carolina, 28793, United States', 'SIC Code': '65,654', 'NAICS Code': '54,541', 'revenue': '<$5M', 'Number of Employees': '<25', 'LinkedIn url': '!not-found'}
{'company_name_zoominfo': 'SRS Swiss Recycling Services', 'website': 'www.srsrecycling.ch', 'headquarters': '24 Kiesstrasse, Allschwil, Basel-Landschaft, 4123, Switzerland', 'SIC Code': '49,495', 'NAICS Code': '56,562', 'revenue': '$35.5M', 'Number of Employees': '134', 'LinkedIn url': 'http://www.linkedin.com/company/srs-swiss-recycling-services'}
{'company_name_zoominfo': 'TERIS', 'website': 'www.teris.com', 'headquarters': '11333 N Scottsdale Rd Ste 294, Scottsdale, Arizona, 85254, United Stat...', 'SIC Code': '72,729', 'NAICS Code': '56,561', 'revenue': '$27.3M', 'Number of Employees': '128', 'LinkedIn url': 'http://www.linkedin.com/company/teris-llc'}
{'company_name_zoominfo': 'TECOTEC Group', 'website': 'www.tecotec.com.vn', 'headquarters': 'ct3a Mễ Trì Thượng Nam từ Liêm, Hanoi, 100000, Viet Nam', 'SIC Code': '51,511', 'NAICS Code': '45,453', 'revenue': '$10M', 'Number of Employees': '43', 'LinkedIn url': 'http://www.linkedin.com/company/tecotec-group'}
{'company_name_zoominfo': '!not-found', 'website': '!not-found', 'headquarters': '!not-found', 'SIC Code': '!not-found', 'NAICS Code': '!not-found', 'revenue': '!not-found', 'Number of Employees': '!not-found', 'LinkedIn url': '!not-found'}
{'company_name_zoominfo': 'Tri County Pallet', 'website': 'www.tricountypallet.net', 'headquarters': '890 Flora Ave, Akron, Ohio, 44314, United States', 'SIC Code': '24,244', 'NAICS Code': '32,321', 'revenue': '$12.4M', 'Number of Employees': '42', 'LinkedIn url': 'http://www.linkedin.com/company/tri-county-pallet'}
{'company_name_zoominfo': 'Triad Waste', 'website': 'www.triadwaste.com', 'headquarters': '274 Cumnock Rd, Sanford, North Carolina, 27330, United States', 'SIC Code': '49,495', 'NAICS Code': '56,562', 'revenue': '<$5M', 'Number of Employees': '<25', 'LinkedIn url': '!not-found'}
{'company_name_zoominfo': 'Roberts Disposal Services', 'website': 'www.rdsiok.com', 'headquarters': 'PO Box 2167, Edmond, Oklahoma, 73083, United States', 'SIC Code': '49,495', 'NAICS Code': '56,562', 'revenue': '$5.4M', 'Number of Employees': '<25', 'LinkedIn url': '!not-found'}
{'company_name_zoominfo': 'Rock County Fence And Deck', 'website': 'www.rockcountyfenceanddeck.com', 'headquarters': '3245 S Riverside Dr, Beloit, Wisconsin, 53511, United States', 'SIC Code': '17,179', 'NAICS Code': '23,238', 'revenue': '<$5M', 'Number of Employees': '<25', 'LinkedIn url': '!not-found'}
{'company_name_zoominfo': '!not-found', 'website': 'Rock Leaf Water Environmental', 'headquarters': '!not-found', 'SIC Code': '!not-found', 'NAICS Code': '!not-found', 'revenue': '!not-found', 'Number of Employees': '!not-found', 'LinkedIn url': '!not-found'}
renewing ip
429
2a0b:f4c1:2::244
renewing ip
429
2620:18c:0:192::146
renewing ip
429
2a0f:df00:0:255::206
{'company_name_zoominfo': 'Rock Oil Refining', 'website': 'www.rockoilrefining.com', 'headquarters': '216175 State Hwy 97, Stratford, Wisconsin, 54484, United States', 'SIC Code': '29,291', 'NAICS Code': '32,324', 'revenue': '<$5M', 'Number of Employees': '<25', 'LinkedIn url': '!not-found'}
{'company_name_zoominfo': 'Rockland Green', 'website': 'www.rocklandrecycles.com', 'headquarters': '420 Torne Valley Rd, Hillburn, New York, 10931, United States', 'SIC Code': '49,495', 'NAICS Code': '56,562', 'revenue': '$5.6M', 'Number of Employees': '<25', 'LinkedIn url': '!not-found'}
{'company_name_zoominfo': 'NotAvailable', 'website': 'NotAvailable', 'headquarters': 'NotAvailable', 'SIC Code': 'NotAvailable', 'NAICS Code': 'NotAvailable', 'revenue': 'NotAvailable', 'Number of Employees': 'NotAvailable', 'LinkedIn url': 'NotAvailable'}
{'company_name_zoominfo': 'Roseridge Waste Management Services Commission', 'website': 'www.roseridge.ab.ca', 'headquarters': '55515 Range Road 251, Morinville, Alberta, T8R 0N9, Canada', 'SIC Code': '49,495', 'NAICS Code': '56,562', 'revenue': '$5M', 'Number of Employees': '<25', 'LinkedIn url': 'http://www.linkedin.com/company/roseridge'}
{'company_name_zoominfo': 'Rust Release', 'website': 'www.rustrelease.com', 'headquarters': '6637 N Talman Ave, Chicago, Illinois, 60645, United States', 'SIC Code': '28,289', 'NAICS Code': '32,325', 'revenue': '<$5M', 'Number of Employees': '<25', 'LinkedIn url': 'https://www.linkedin.com/company/rust-release-the-industrial-safe-rust-remover'}
{'company_name_zoominfo': 'Safespill Systems', 'website': 'www.safespill.com', 'headquarters': '6138 S Loop E, Houston, Texas, 77087, United States', 'SIC Code': '35,49', 'NAICS Code': '56,562', 'revenue': '<$5M', 'Number of Employees': '<25', 'LinkedIn url': 'http://www.linkedin.com/company/safespill-systems-llc'}
{'company_name_zoominfo': 'Salt River Landfill', 'website': 'www.saltriverlandfill.com', 'headquarters': '4660 N Beeline Hwy, Scottsdale, Arizona, 85256, United States', 'SIC Code': '49,495', 'NAICS Code': '56,562', 'revenue': '$5M', 'Number of Employees': '<25', 'LinkedIn url': 'http://www.linkedin.com/company/salt-river-landfill'}
{'company_name_zoominfo': 'Salva Terra', 'website': 'www.salvaterraholdings.com', 'headquarters': '1600 W Harvard Ave, Englewood, Colorado, 80110, United States', 'SIC Code': '72,722', 'NAICS Code': '54,541', 'revenue': '<$5M', 'Number of Employees': '<25', 'LinkedIn url': '!not-found'}
{'company_name_zoominfo': "Scott's Disposal Service", 'website': 'www.trashservicesmaine.com', 'headquarters': '23 Vista Dr, Windham, Maine, 04062, United States', 'SIC Code': '49,495', 'NAICS Code': '56,562', 'revenue': '<$5M', 'Number of Employees': '<25', 'LinkedIn url': '!not-found'}
{'company_name_zoominfo': '!not-found', 'website': 'Progressive Waste Solutions', 'headquarters': '!not-found', 'SIC Code': '!not-found', 'NAICS Code': '!not-found', 'revenue': '!not-found', 'Number of Employees': '!not-found', 'LinkedIn url': '!not-found'}
{'company_name_zoominfo': 'Secure Destruction', 'website': 'www.securedestruction.net', 'headquarters': '2102 Triana Blvd, Huntsville, Alabama, 35805, United States', 'SIC Code': '47,473', 'NAICS Code': '49,493', 'revenue': '$5.5M', 'Number of Employees': '<25', 'LinkedIn url': 'http://www.linkedin.com/company/2543998'}
{'company_name_zoominfo': 'Select Materials', 'website': 'www.bulkdeliverylandscapingmaterials.com', 'headquarters': '17269 County Road 12, Fort Lupton, Colorado, 80621, United States', 'SIC Code': '28,287', 'NAICS Code': '32,325', 'revenue': '<$5M', 'Number of Employees': '<25', 'LinkedIn url': '!not-found'}
{'company_name_zoominfo': 'Seneca Meadows', 'website': 'www.senecameadows.com', 'headquarters': '1786 Salcman Rd, Waterloo, New York, 13165, United States', 'SIC Code': '49,495', 'NAICS Code': '56,562', 'revenue': '$17.9M', 'Number of Employees': '29', 'LinkedIn url': 'http://www.linkedin.com/company/seneca-meadows-inc'}
{'company_name_zoominfo': 'Shank Pallet Recyclers', 'website': 'www.shankpallet.com', 'headquarters': '8642 Molly Pitcher Hwy, Greencastle, Pennsylvania, 17225, United State...', 'SIC Code': '24,244', 'NAICS Code': '32,321', 'revenue': '$6M', 'Number of Employees': '26', 'LinkedIn url': 'http://www.linkedin.com/company/shank-pallet-recyclers'}
{'company_name_zoominfo': 'Sharps Compliance', 'website': 'www.sharpsinc.com', 'headquarters': '9220 Kirby Dr Ste 500, Houston, Texas, 77054, United States', 'SIC Code': '49,495', 'NAICS Code': '56,562', 'revenue': '$69.1M', 'Number of Employees': '190', 'LinkedIn url': 'http://www.linkedin.com/company/sharps-compliance-inc.'}
{'company_name_zoominfo': 'Shoreline Sanitation', 'website': 'www.shorelinesanitationri.com', 'headquarters': 'PO Box 2355, Westerly, Rhode Island, 02891, United States', 'SIC Code': '73,735', 'NAICS Code': '56,562', 'revenue': '<$5M', 'Number of Employees': '<25', 'LinkedIn url': '!not-found'}
{'company_name_zoominfo': 'SIA SOLUTIONS', 'website': 'www.siasolutions.com', 'headquarters': '15115 Park Row Ste 125, Houston, Texas, 77084, United States', 'SIC Code': '89,899', 'NAICS Code': '54,541', 'revenue': '$15.2M', 'Number of Employees': '49', 'LinkedIn url': 'http://www.linkedin.com/company/sia-solutions-llc'}
{'company_name_zoominfo': 'SILICA', 'website': 'www.silica.com', 'headquarters': '392 Bernstrasse, Dietikon, Zurich, 8953, Switzerland', 'SIC Code': '36,367', 'NAICS Code': '33,334', 'revenue': '$127.5M', 'Number of Employees': '637', 'LinkedIn url': 'http://www.linkedin.com/company/1958767'}
renewing ip
429
2001:67c:6ec:203:192:42:116:179
renewing ip
429
2001:67c:6ec:203:192:42:116:179
renewing ip
429
2620:7:6001::122
renewing ip
429
2620:7:6001::122
renewing ip
429
2a01:6340:2:501::10
{'company_name_zoominfo': 'Silver City Processing', 'website': 'www.silvercityprocessing.com', 'headquarters': '4505 Andrews St, North Las Vegas, Nevada, 89081, United States', 'SIC Code': '42,421', 'NAICS Code': '56,562', 'revenue': '<$5M', 'Number of Employees': '<25', 'LinkedIn url': '!not-found'}
{'company_name_zoominfo': 'Simonex', 'website': 'www.simonex.com', 'headquarters': '1115 Industrial Blvd, Granby, Quebec, J2J 2B8, Canada', 'SIC Code': '82,829', 'NAICS Code': '61,611', 'revenue': '<$5M', 'Number of Employees': '<25', 'LinkedIn url': 'http://www.linkedin.com/company/simonex-inc'}
{'company_name_zoominfo': 'Simply Waste', 'website': 'www.simplywaste.com', 'headquarters': '159 Saint Matthews Ave Ste 8, Louisville, Kentucky, 40207, United Stat...', 'SIC Code': '49,495', 'NAICS Code': '56,562', 'revenue': '<$5M', 'Number of Employees': '<25', 'LinkedIn url': 'http://www.linkedin.com/company/simply-waste'}
site-not-indexed

{'company_name_zoominfo': '!not-found', 'website': '!not-found', 'headquarters': '!not-found', 'SIC Code': '!not-found', 'NAICS Code': '!not-found', 'revenue': '!not-found', 'Number of Employees': '!not-found', 'LinkedIn url': '!not-found'}
{'company_name_zoominfo': 'Slusarski Materials', 'website': 'www.slusarski.com', 'headquarters': '119 Greenly St, Adrian, Michigan, 49221, United States', 'SIC Code': '17,179', 'NAICS Code': '23,238', 'revenue': '$8.6M', 'Number of Employees': '26', 'LinkedIn url': 'http://www.linkedin.com/company/slusarski-excavating-&-paving'}
{'company_name_zoominfo': 'Smart Energy Renewable Solutions', 'website': 'www.sersllc.com', 'headquarters': '3 College Ave Ste 3, Frederick, Maryland, 21701, United States', 'SIC Code': '89,899', 'NAICS Code': '54,541', 'revenue': '<$5M', 'Number of Employees': '<25', 'LinkedIn url': '!not-found'}
{'company_name_zoominfo': 'Smash My Trash', 'website': 'www.smashmytrash.com', 'headquarters': '17437 Carey Rd Ste 164, Westfield, Indiana, 46074, United States', 'SIC Code': '42,421', 'NAICS Code': '56,562', 'revenue': '$9.1M', 'Number of Employees': '28', 'LinkedIn url': 'http://www.linkedin.com/company/smash-my-trash'}
{'company_name_zoominfo': 'Smetco', 'website': 'www.smetco.com', 'headquarters': '14633 Ottaway Rd NE Ste 200, Wilsonville, Oregon, 97070, United States', 'SIC Code': '24,244', 'NAICS Code': '32,321', 'revenue': '$5.4M', 'Number of Employees': '<25', 'LinkedIn url': 'http://www.linkedin.com/company/smetco-inc'}
{'company_name_zoominfo': 'Smith Gardner', 'website': 'www.smithgardnerinc.com', 'headquarters': '615 Willard Pl, Raleigh, North Carolina, 27603, United States', 'SIC Code': '89,899', 'NAICS Code': '54,541', 'revenue': '$6.7M', 'Number of Employees': '<25', 'LinkedIn url': 'http://www.linkedin.com/company/smith-gardner-inc-'}
{'company_name_zoominfo': 'Solid Resources', 'website': 'www.solidsing.com', 'headquarters': '39 Woodlands Close Megawoodlands 02-35, Singapore, 737856, Singapore', 'SIC Code': '35,356', 'NAICS Code': '33,333', 'revenue': '<$5M', 'Number of Employees': '<25', 'LinkedIn url': 'http://www.linkedin.com/company/solid-resources-pte-ltd'}
{'company_name_zoominfo': 'Somax Bioenergy', 'website': 'www.somaxbioenergy.com', 'headquarters': '501 S Main St, Spring City, Pennsylvania, 19475, United States', 'SIC Code': '28,287', 'NAICS Code': '32,325', 'revenue': '$5.4M', 'Number of Employees': '<25', 'LinkedIn url': '!not-found'}
{'company_name_zoominfo': 'SOR', 'website': 'www.sorinc.com', 'headquarters': '14685 W 105th St, Lenexa, Kansas, 66215, United States', 'SIC Code': '38,382', 'NAICS Code': '33,335', 'revenue': '$36.3M', 'Number of Employees': '177', 'LinkedIn url': 'http://www.linkedin.com/company/sor-inc'}
{'company_name_zoominfo': 'Southeast Pallet Recycling', 'website': 'www.southeastpallet.com', 'headquarters': '2350 Millers Ln, Louisville, Kentucky, 40216, United States', 'SIC Code': '24,244', 'NAICS Code': '32,321', 'revenue': '<$5M', 'Number of Employees': '<25', 'LinkedIn url': 'http://www.linkedin.com/company/southeast-pallet-inc'}
{'company_name_zoominfo': 'Southern Plating', 'website': 'www.southernplating.com', 'headquarters': '565 Industrial Rd, Savannah, Tennessee, 38372, United States', 'SIC Code': '34,347', 'NAICS Code': '33,332', 'revenue': '<$5M', 'Number of Employees': '<25', 'LinkedIn url': 'http://www.linkedin.com/company/southern-plating-inc'}
{'company_name_zoominfo': 'Special Waste Disposal', 'website': 'www.swdi.com', 'headquarters': '3130 Excelsior Blvd, Minneapolis, Minnesota, 55416, United States', 'SIC Code': '49,495', 'NAICS Code': '22,221', 'revenue': '<$5M', 'Number of Employees': '<25', 'LinkedIn url': 'https://www.linkedin.com/company/special-waste-disposal-inc'}
{'company_name_zoominfo': 'Warehouse Services', 'website': 'www.warehouseservices.com', 'headquarters': '58 S Burty Rd, Piedmont, South Carolina, 29673, United States', 'SIC Code': '42,421', 'NAICS Code': '48,488', 'revenue': '$1.3B', 'Number of Employees': '4,000', 'LinkedIn url': 'http://www.linkedin.com/company/warehouse-services-inc-'}
{'company_name_zoominfo': 'Stone Environmental', 'website': 'www.stone-env.com', 'headquarters': '535 Stone Cutters Way Ste 301, Montpelier, Vermont, 05602, United Stat...', 'SIC Code': '89,899', 'NAICS Code': '54,541', 'revenue': '$37.9M', 'Number of Employees': '67', 'LinkedIn url': 'http://www.linkedin.com/company/stone-environmental'}
renewing ip
429
2a07:e03:2a::bcde
renewing ip
429
2a0b:f4c2:2::36
renewing ip
429
2a0b:f4c1:2::251
renewing ip
429
2a0b:f4c1:2::251
renewing ip
429
2620:7:6001::179
renewing ip
429
2001:67c:6ec:203:192:42:116:176
renewing ip
429
2001:67c:6ec:203:192:42:116:176
renewing ip
429
2620:7:6001::ffff:c759:e640
renewing ip
429
2620:7:6001::ffff:c759:e640
renewing ip
429
2a0b:f4c1:2::252
renewing ip
429
2a0b:f4c1:2::252
renewing ip
429
2620:7:6001::179
renewing ip
429
2620:7:6001::179
renewing ip
429
2a0b:f4c1:2::241
renewing ip
429
2a0f:df00:0:255::197
renewing ip
429
2a0f:df00:0:255::197
{'company_name_zoominfo': 'FV Recycling', 'website': 'www.fvrecycling.com', 'headquarters': '6555 Hwy 98 Ste D, Hattiesburg, Mississippi, 39402, United States', 'SIC Code': '49,495', 'NAICS Code': '56,562', 'revenue': '$9.7M', 'Number of Employees': '31', 'LinkedIn url': 'http://www.linkedin.com/company/fv-recycling'}
{'company_name_zoominfo': 'Sunrise Sanitation Services', 'website': 'www.sunrisesanitation.com', 'headquarters': 'PO Box 675, Oakland, Maryland, 21550, United States', 'SIC Code': '89,899', 'NAICS Code': '56,562', 'revenue': '<$5M', 'Number of Employees': '<25', 'LinkedIn url': 'http://www.linkedin.com/company/sunrise-sanitation-services'}
{'company_name_zoominfo': 'Superior Disposal', 'website': 'www.superiordisposal.com', 'headquarters': '2120 San, San Marcos, Texas, 78667, United States', 'SIC Code': '49,495', 'NAICS Code': '56,562', 'revenue': '<$5M', 'Number of Employees': '<25', 'LinkedIn url': '!not-found'}
site-not-indexed

{'company_name_zoominfo': '!not-found', 'website': '!not-found', 'headquarters': '!not-found', 'SIC Code': '!not-found', 'NAICS Code': '!not-found', 'revenue': '!not-found', 'Number of Employees': '!not-found', 'LinkedIn url': '!not-found'}
{'company_name_zoominfo': 'Sustainable Management', 'website': 'www.sustainablemgt.com', 'headquarters': '2401 Medbury Ct, Louisville, Kentucky, 40242, United States', 'SIC Code': '49,495', 'NAICS Code': '56,562', 'revenue': '<$5M', 'Number of Employees': '<25', 'LinkedIn url': 'http://www.linkedin.com/company/460520'}
{'company_name_zoominfo': 'Tasler', 'website': 'www.tasler.com', 'headquarters': '1804 Tasler Dr, Webster City, Iowa, 50595, United States', 'SIC Code': '24,244', 'NAICS Code': '32,321', 'revenue': '$15.4M', 'Number of Employees': '73', 'LinkedIn url': 'http://www.linkedin.com/company/tasler-inc'}
{'company_name_zoominfo': 'Taurus Projects', 'website': 'www.taurusprojects.ca', 'headquarters': '11401 85 Ave, Fort Saskatchewan, Alberta, T8L 0A9, Canada', 'SIC Code': '15,154', 'NAICS Code': '23,236', 'revenue': '<$5M', 'Number of Employees': '<25', 'LinkedIn url': 'http://www.linkedin.com/company/taurus-projects-group-inc-'}
{'company_name_zoominfo': 'Taylor Made Pallets', 'website': 'www.taylormadepallets.com', 'headquarters': '9033 I-10 Frontage Rd, Converse, Texas, 78109, United States', 'SIC Code': '24,244', 'NAICS Code': '32,321', 'revenue': '<$5M', 'Number of Employees': '<25', 'LinkedIn url': '!not-found'}
{'company_name_zoominfo': 'NotAvailable', 'website': 'NotAvailable', 'headquarters': 'NotAvailable', 'SIC Code': 'NotAvailable', 'NAICS Code': 'NotAvailable', 'revenue': 'NotAvailable', 'Number of Employees': 'NotAvailable', 'LinkedIn url': 'NotAvailable'}
{'company_name_zoominfo': 'Technical Industries', 'website': 'www.technicalindustriesinc.com', 'headquarters': '336 Pinewoods Rd, Torrington, Connecticut, 06790, United States', 'SIC Code': '30,308', 'NAICS Code': '32,326', 'revenue': '$8.4M', 'Number of Employees': '32', 'LinkedIn url': '!not-found'}
